[WARN] OCR not available
2025-11-01 01:13:30,162 - faiss.loader - INFO - Loading faiss with AVX512 support.
2025-11-01 01:13:30,162 - faiss.loader - INFO - Could not load library with AVX512 support due to:
ModuleNotFoundError("No module named 'faiss.swigfaiss_avx512'")
2025-11-01 01:13:30,162 - faiss.loader - INFO - Loading faiss with AVX2 support.
2025-11-01 01:13:30,173 - faiss.loader - INFO - Successfully loaded faiss with AVX2 support.
2025-11-01 01:13:30,178 - am_common - INFO - Loading config: config\batch_full.yaml
2025-11-01 01:13:30,193 - am_common - INFO - Config loaded successfully
2025-11-01 01:13:30,200 - quality_tracker - INFO - Quality tracker initialized: C:\scripts\1repo\data\quality
2025-11-01 01:13:30,200 - __main__ - INFO - ============================================================
2025-11-01 01:13:30,200 - __main__ - INFO--- Logging error ---
Traceback (most recent call last):
  File "C:\Users\Dimon\AppData\Local\Programs\Python\Python313\Lib\logging\__init__.py", line 1154, in emit
    stream.write(msg + self.terminator)
    ~~~~~~~~~~~~^^^^^^^^^^^^^^^^^^^^^^^
  File "C:\Users\Dimon\AppData\Local\Programs\Python\Python313\Lib\site-packages\colorama\ansitowin32.py", line 47, in write
    self.__convertor.write(text)
    ~~~~~~~~~~~~~~~~~~~~~~^^^^^^
  File "C:\Users\Dimon\AppData\Local\Programs\Python\Python313\Lib\site-packages\colorama\ansitowin32.py", line 177, in write
    self.write_and_convert(text)
    ~~~~~~~~~~~~~~~~~~~~~~^^^^^^
  File "C:\Users\Dimon\AppData\Local\Programs\Python\Python313\Lib\site-packages\colorama\ansitowin32.py", line 205, in write_and_convert
    self.write_plain_text(text, cursor, len(text))
    ~~~~~~~~~~~~~~~~~~~~~^^^^^^^^^^^^^^^^^^^^^^^^^
  File "C:\Users\Dimon\AppData\Local\Programs\Python\Python313\Lib\site-packages\colorama\ansitowin32.py", line 210, in write_plain_text
    self.wrapped.write(text[start:end])
    ~~~~~~~~~~~~~~~~~~^^^^^^^^^^^^^^^^^
  File "C:\Users\Dimon\AppData\Local\Programs\Python\Python313\Lib\encodings\cp1251.py", line 19, in encode
    return codecs.charmap_encode(input,self.errors,encoding_table)[0]
           ~~~~~~~~~~~~~~~~~~~~~^^^^^^^^^^^^^^^^^^^^^^^^^^^^^^^^^^
UnicodeEncodeError: 'charmap' codec can't encode character '\U0001f680' in position 5: character maps to <undefined>
Call stack:
  File "C:\scripts\1repo\run_mvp.py", line 680, in <module>
    main()
  File "C:\scripts\1repo\run_mvp.py", line 605, in main
    orchestrator = PipelineOrchestrator(
  File "C:\scripts\1repo\run_mvp.py", line 136, in __init__
    log_section(logger, f"\U0001f680 {PRODUCT_NAME} {VERSION}", "INFO")
  File "C:\scripts\1repo\am_logging.py", line 588, in log_section
    log_func(f"  {title}")
Message: '  \U0001f680 archivist magika 2.0.0'
Arguments: ()
2025-11-01 01:13:30,202 - __main__ - INFO - ============================================================
2025-11-01 01:13:30,202 - __main__ - INFO - Quality check: enabled
2025-11-01 01:13:30,202 - __main__ - INFO - Validation: enabled
2025-11-01 01:13:30,202 - __main__ - INFO - Dry run: no
2025-11-01 01:13:30,202 - __main__ - INFO - Starting: run_single_pipeline
2025-11-01 01:13:30,202 - __main__ - INFO - Processing: baza-znanij-safe®-russia.pdf
2025-11-01 01:13:30,202 - __main__ - INFO--- Logging error ---
Traceback (most recent call last):
  File "C:\Users\Dimon\AppData\Local\Programs\Python\Python313\Lib\logging\__init__.py", line 1154, in emit
    stream.write(msg + self.terminator)
    ~~~~~~~~~~~~^^^^^^^^^^^^^^^^^^^^^^^
  File "C:\Users\Dimon\AppData\Local\Programs\Python\Python313\Lib\site-packages\colorama\ansitowin32.py", line 47, in write
    self.__convertor.write(text)
    ~~~~~~~~~~~~~~~~~~~~~~^^^^^^
  File "C:\Users\Dimon\AppData\Local\Programs\Python\Python313\Lib\site-packages\colorama\ansitowin32.py", line 177, in write
    self.write_and_convert(text)
    ~~~~~~~~~~~~~~~~~~~~~~^^^^^^
  File "C:\Users\Dimon\AppData\Local\Programs\Python\Python313\Lib\site-packages\colorama\ansitowin32.py", line 205, in write_and_convert
    self.write_plain_text(text, cursor, len(text))
    ~~~~~~~~~~~~~~~~~~~~~^^^^^^^^^^^^^^^^^^^^^^^^^
  File "C:\Users\Dimon\AppData\Local\Programs\Python\Python313\Lib\site-packages\colorama\ansitowin32.py", line 210, in write_plain_text
    self.wrapped.write(text[start:end])
    ~~~~~~~~~~~~~~~~~~^^^^^^^^^^^^^^^^^
  File "C:\Users\Dimon\AppData\Local\Programs\Python\Python313\Lib\encodings\cp1251.py", line 19, in encode
    return codecs.charmap_encode(input,self.errors,encoding_table)[0]
           ~~~~~~~~~~~~~~~~~~~~~^^^^^^^^^^^^^^^^^^^^^^^^^^^^^^^^^^
UnicodeEncodeError: 'charmap' codec can't encode character '\u2192' in position 24: character maps to <undefined>
Call stack:
  File "C:\scripts\1repo\run_mvp.py", line 680, in <module>
    main()
  File "C:\scripts\1repo\run_mvp.py", line 652, in main
    results = orchestrator.run_single(
  File "C:\scripts\1repo\run_mvp.py", line 196, in run_single
    logger.info(f"Pipeline: {start_stage} \u2192 {end_stage}")
Message: 'Pipeline: structural \u2192 embed'
Arguments: ()
2025-11-01 01:13:30,203 - __main__ - INFO--- Logging error ---
Traceback (most recent call last):
  File "C:\Users\Dimon\AppData\Local\Programs\Python\Python313\Lib\logging\__init__.py", line 1154, in emit
    stream.write(msg + self.terminator)
    ~~~~~~~~~~~~^^^^^^^^^^^^^^^^^^^^^^^
  File "C:\Users\Dimon\AppData\Local\Programs\Python\Python313\Lib\site-packages\colorama\ansitowin32.py", line 47, in write
    self.__convertor.write(text)
    ~~~~~~~~~~~~~~~~~~~~~~^^^^^^
  File "C:\Users\Dimon\AppData\Local\Programs\Python\Python313\Lib\site-packages\colorama\ansitowin32.py", line 177, in write
    self.write_and_convert(text)
    ~~~~~~~~~~~~~~~~~~~~~~^^^^^^
  File "C:\Users\Dimon\AppData\Local\Programs\Python\Python313\Lib\site-packages\colorama\ansitowin32.py", line 205, in write_and_convert
    self.write_plain_text(text, cursor, len(text))
    ~~~~~~~~~~~~~~~~~~~~~^^^^^^^^^^^^^^^^^^^^^^^^^
  File "C:\Users\Dimon\AppData\Local\Programs\Python\Python313\Lib\site-packages\colorama\ansitowin32.py", line 210, in write_plain_text
    self.wrapped.write(text[start:end])
    ~~~~~~~~~~~~~~~~~~^^^^^^^^^^^^^^^^^
  File "C:\Users\Dimon\AppData\Local\Programs\Python\Python313\Lib\encodings\cp1251.py", line 19, in encode
    return codecs.charmap_encode(input,self.errors,encoding_table)[0]
           ~~~~~~~~~~~~~~~~~~~~~^^^^^^^^^^^^^^^^^^^^^^^^^^^^^^^^^^
UnicodeEncodeError: 'charmap' codec can't encode character '\u2192' in position 22: character maps to <undefined>
Call stack:
  File "C:\scripts\1repo\run_mvp.py", line 680, in <module>
    main()
  File "C:\scripts\1repo\run_mvp.py", line 652, in main
    results = orchestrator.run_single(
  File "C:\scripts\1repo\run_mvp.py", line 209, in run_single
    logger.info(f"Stages: {' \u2192 '.join(stages)}")
Message: 'Stages: structural \u2192 structure_detect \u2192 summarize \u2192 extended \u2192 finalize \u2192 chunk \u2192 embed'
Arguments: ()
2025-11-01 01:13:30,204 - __main__ - INFO - ============================================================
2025-11-01 01:13:30,204 - __main__ - INFO--- Logging error ---
Traceback (most recent call last):
  File "C:\Users\Dimon\AppData\Local\Programs\Python\Python313\Lib\logging\__init__.py", line 1154, in emit
    stream.write(msg + self.terminator)
    ~~~~~~~~~~~~^^^^^^^^^^^^^^^^^^^^^^^
  File "C:\Users\Dimon\AppData\Local\Programs\Python\Python313\Lib\site-packages\colorama\ansitowin32.py", line 47, in write
    self.__convertor.write(text)
    ~~~~~~~~~~~~~~~~~~~~~~^^^^^^
  File "C:\Users\Dimon\AppData\Local\Programs\Python\Python313\Lib\site-packages\colorama\ansitowin32.py", line 177, in write
    self.write_and_convert(text)
    ~~~~~~~~~~~~~~~~~~~~~~^^^^^^
  File "C:\Users\Dimon\AppData\Local\Programs\Python\Python313\Lib\site-packages\colorama\ansitowin32.py", line 205, in write_and_convert
    self.write_plain_text(text, cursor, len(text))
    ~~~~~~~~~~~~~~~~~~~~~^^^^^^^^^^^^^^^^^^^^^^^^^
  File "C:\Users\Dimon\AppData\Local\Programs\Python\Python313\Lib\site-packages\colorama\ansitowin32.py", line 210, in write_plain_text
    self.wrapped.write(text[start:end])
    ~~~~~~~~~~~~~~~~~~^^^^^^^^^^^^^^^^^
  File "C:\Users\Dimon\AppData\Local\Programs\Python\Python313\Lib\encodings\cp1251.py", line 19, in encode
    return codecs.charmap_encode(input,self.errors,encoding_table)[0]
           ~~~~~~~~~~~~~~~~~~~~~^^^^^^^^^^^^^^^^^^^^^^^^^^^^^^^^^^
UnicodeEncodeError: 'charmap' codec can't encode character '\U0001f4c4' in position 5: character maps to <undefined>
Call stack:
  File "C:\scripts\1repo\run_mvp.py", line 680, in <module>
    main()
  File "C:\scripts\1repo\run_mvp.py", line 652, in main
    results = orchestrator.run_single(
  File "C:\scripts\1repo\run_mvp.py", line 222, in run_single
    log_stage(logger, stage, "Starting")
  File "C:\scripts\1repo\am_logging.py", line 613, in log_stage
    log_section(logger, f"{emoji} {action}: {stage.upper()}", "INFO")
  File "C:\scripts\1repo\am_logging.py", line 588, in log_section
    log_func(f"  {title}")
Message: '  \U0001f4c4 Starting: STRUCTURAL'
Arguments: ()
2025-11-01 01:13:30,204 - __main__ - INFO - ============================================================
2025-11-01 01:13:30,204 - am_common - INFO - Loading config: config\batch_full.yaml
2025-11-01 01:13:30,218 - am_common - INFO - Config loaded successfully
2025-11-01 01:13:30,219 - am_structural_robust - INFO - Text extractor chain: ['pdfminer', 'pdfplumber', 'pypdf2']
2025-11-01 01:13:30,219 - am_structural_robust - INFO - Table extractor chain: ['pdfplumber']
2025-11-01 01:13:30,219 - am_structural_robust - INFO - Processing: baza-znanij-safe®-russia.pdf
2025-11-01 01:13:30,251 - am_structural_robust - INFO - PDF: Áàçà çíàíèé SAFe® Russia
2025-11-01 01:13:30,272 - am_structural_robust - INFO - Total pages: 86
2025-11-01 01:13:36,655 - am_structural_robust - INFO -   Processed 50/86 pages
2025-11-01 01:13:40,310 - am_structural_robust - INFO - Extraction complete: 86 success, 0 failed
2025-11-01 01:13:40,310 - am_structural_robust - INFO -   Methods used: {'pdfminer': 86}
2025-11-01 01:13:40,310 - am_structural_robust - INFO -   OCR used: 0 pages
2025-11-01 01:13:40,310 - am_structural_robust - INFO -   Tables found: 0
2025-11-01 01:13:40,317 - am_common - INFO - Saving dataset: C:\scripts\1repo\data\datasets\structural\baza-znanij-safe®-russia.dataset.jsonl (86 cards)
2025-11-01 01:13:40,319 - am_common - INFO - Saved: 86 cards to baza-znanij-safe®-russia.dataset.jsonl (163.08 KB)
2025-11-01 01:13:40,319 - am_structural_robust - INFO - Dataset saved: 163.08 KB
2025-11-01 01:13:40,319 - quality_tracker - INFO - Starting: track_quality
2025-11-01 01:13:40,320 - quality_tracker - INFO - structural metrics:
2025-11-01 01:13:40,320 - quality_tracker - INFO -   total_pages: 86
2025-11-01 01:13:40,320 - quality_tracker - INFO -   success_pages: 86
2025-11-01 01:13:40,320 - quality_tracker - INFO -   failed_pages: 0
2025-11-01 01:13:40,320 - quality_tracker - INFO -   success_ratio: 1.0000
2025-11-01 01:13:40,320 - quality_tracker - INFO -   empty_pages: 0
2025-11-01 01:13:40,320 - quality_tracker - INFO -   avg_page_length: 1180.1395
2025-11-01 01:13:40,320 - quality_tracker - INFO -   extraction_methods: {'pdfminer': 86}
2025-11-01 01:13:40,320 - quality_tracker - INFO -   ocr_used: 0
2025-11-01 01:13:40,320 - quality_tracker - INFO -   tables_found: 0
2025-11-01 01:13:40,320 - quality_tracker - INFO--- Logging error ---
Traceback (most recent call last):
  File "C:\Users\Dimon\AppData\Local\Programs\Python\Python313\Lib\logging\__init__.py", line 1154, in emit
    stream.write(msg + self.terminator)
    ~~~~~~~~~~~~^^^^^^^^^^^^^^^^^^^^^^^
  File "C:\Users\Dimon\AppData\Local\Programs\Python\Python313\Lib\site-packages\colorama\ansitowin32.py", line 47, in write
    self.__convertor.write(text)
    ~~~~~~~~~~~~~~~~~~~~~~^^^^^^
  File "C:\Users\Dimon\AppData\Local\Programs\Python\Python313\Lib\site-packages\colorama\ansitowin32.py", line 177, in write
    self.write_and_convert(text)
    ~~~~~~~~~~~~~~~~~~~~~~^^^^^^
  File "C:\Users\Dimon\AppData\Local\Programs\Python\Python313\Lib\site-packages\colorama\ansitowin32.py", line 205, in write_and_convert
    self.write_plain_text(text, cursor, len(text))
    ~~~~~~~~~~~~~~~~~~~~~^^^^^^^^^^^^^^^^^^^^^^^^^
  File "C:\Users\Dimon\AppData\Local\Programs\Python\Python313\Lib\site-packages\colorama\ansitowin32.py", line 210, in write_plain_text
    self.wrapped.write(text[start:end])
    ~~~~~~~~~~~~~~~~~~^^^^^^^^^^^^^^^^^
  File "C:\Users\Dimon\AppData\Local\Programs\Python\Python313\Lib\encodings\cp1251.py", line 19, in encode
    return codecs.charmap_encode(input,self.errors,encoding_table)[0]
           ~~~~~~~~~~~~~~~~~~~~~^^^^^^^^^^^^^^^^^^^^^^^^^^^^^^^^^^
UnicodeEncodeError: 'charmap' codec can't encode character '\u2713' in position 3: character maps to <undefined>
Call stack:
  File "C:\scripts\1repo\run_mvp.py", line 680, in <module>
    main()
  File "C:\scripts\1repo\run_mvp.py", line 652, in main
    results = orchestrator.run_single(
  File "C:\scripts\1repo\run_mvp.py", line 226, in run_single
    stage_result = self._run_stage(stage, current_input)
  File "C:\scripts\1repo\run_mvp.py", line 409, in _run_stage
    return processor.process_pdf(input_path, output_dir)
  File "C:\scripts\1repo\am_structural_robust.py", line 569, in process_pdf
    self.quality_tracker.track('structural', pdf_path.name, metrics)
  File "C:\scripts\1repo\quality_tracker.py", line 171, in track
    logger.info(f"\u2713 Quality thresholds passed for {stage}")
Message: '\u2713 Quality thresholds passed for structural'
Arguments: ()
2025-11-01 01:13:40,322 - quality_tracker - INFO - Completed: track_quality (0.00s)
2025-11-01 01:13:40,322 - am_structural_robust - INFO - [OK] Saved: baza-znanij-safe®-russia.dataset.jsonl
2025-11-01 01:13:40,322 - validate - INFO - Validating structural: baza-znanij-safe®-russia.dataset.jsonl
2025-11-01 01:13:40,322 - am_common - INFO - Loading dataset: C:\scripts\1repo\data\datasets\structural\baza-znanij-safe®-russia.dataset.jsonl
2025-11-01 01:13:40,331 - am_common - INFO - Loaded: 86 cards from baza-znanij-safe®-russia.dataset.jsonl
2025-11-01 01:13:40,332 - validate - INFO - [OK] VALID - baza-znanij-safe®-russia.dataset.jsonl
2025-11-01 01:13:40,332 - __main__ - INFO - ============================================================
2025-11-01 01:13:40,332 - __main__ - INFO--- Logging error ---
Traceback (most recent call last):
  File "C:\Users\Dimon\AppData\Local\Programs\Python\Python313\Lib\logging\__init__.py", line 1154, in emit
    stream.write(msg + self.terminator)
    ~~~~~~~~~~~~^^^^^^^^^^^^^^^^^^^^^^^
  File "C:\Users\Dimon\AppData\Local\Programs\Python\Python313\Lib\site-packages\colorama\ansitowin32.py", line 47, in write
    self.__convertor.write(text)
    ~~~~~~~~~~~~~~~~~~~~~~^^^^^^
  File "C:\Users\Dimon\AppData\Local\Programs\Python\Python313\Lib\site-packages\colorama\ansitowin32.py", line 177, in write
    self.write_and_convert(text)
    ~~~~~~~~~~~~~~~~~~~~~~^^^^^^
  File "C:\Users\Dimon\AppData\Local\Programs\Python\Python313\Lib\site-packages\colorama\ansitowin32.py", line 205, in write_and_convert
    self.write_plain_text(text, cursor, len(text))
    ~~~~~~~~~~~~~~~~~~~~~^^^^^^^^^^^^^^^^^^^^^^^^^
  File "C:\Users\Dimon\AppData\Local\Programs\Python\Python313\Lib\site-packages\colorama\ansitowin32.py", line 210, in write_plain_text
    self.wrapped.write(text[start:end])
    ~~~~~~~~~~~~~~~~~~^^^^^^^^^^^^^^^^^
  File "C:\Users\Dimon\AppData\Local\Programs\Python\Python313\Lib\encodings\cp1251.py", line 19, in encode
    return codecs.charmap_encode(input,self.errors,encoding_table)[0]
           ~~~~~~~~~~~~~~~~~~~~~^^^^^^^^^^^^^^^^^^^^^^^^^^^^^^^^^^
UnicodeEncodeError: 'charmap' codec can't encode character '\U0001f4c4' in position 5: character maps to <undefined>
Call stack:
  File "C:\scripts\1repo\run_mvp.py", line 680, in <module>
    main()
  File "C:\scripts\1repo\run_mvp.py", line 652, in main
    results = orchestrator.run_single(
  File "C:\scripts\1repo\run_mvp.py", line 253, in run_single
    log_stage(logger, stage, "Completed")
  File "C:\scripts\1repo\am_logging.py", line 613, in log_stage
    log_section(logger, f"{emoji} {action}: {stage.upper()}", "INFO")
  File "C:\scripts\1repo\am_logging.py", line 588, in log_section
    log_func(f"  {title}")
Message: '  \U0001f4c4 Completed: STRUCTURAL'
Arguments: ()
2025-11-01 01:13:40,333 - __main__ - INFO - ============================================================
2025-11-01 01:13:40,333 - __main__ - INFO - ============================================================
2025-11-01 01:13:40,333 - __main__ - INFO--- Logging error ---
Traceback (most recent call last):
  File "C:\Users\Dimon\AppData\Local\Programs\Python\Python313\Lib\logging\__init__.py", line 1154, in emit
    stream.write(msg + self.terminator)
    ~~~~~~~~~~~~^^^^^^^^^^^^^^^^^^^^^^^
  File "C:\Users\Dimon\AppData\Local\Programs\Python\Python313\Lib\site-packages\colorama\ansitowin32.py", line 47, in write
    self.__convertor.write(text)
    ~~~~~~~~~~~~~~~~~~~~~~^^^^^^
  File "C:\Users\Dimon\AppData\Local\Programs\Python\Python313\Lib\site-packages\colorama\ansitowin32.py", line 177, in write
    self.write_and_convert(text)
    ~~~~~~~~~~~~~~~~~~~~~~^^^^^^
  File "C:\Users\Dimon\AppData\Local\Programs\Python\Python313\Lib\site-packages\colorama\ansitowin32.py", line 205, in write_and_convert
    self.write_plain_text(text, cursor, len(text))
    ~~~~~~~~~~~~~~~~~~~~~^^^^^^^^^^^^^^^^^^^^^^^^^
  File "C:\Users\Dimon\AppData\Local\Programs\Python\Python313\Lib\site-packages\colorama\ansitowin32.py", line 210, in write_plain_text
    self.wrapped.write(text[start:end])
    ~~~~~~~~~~~~~~~~~~^^^^^^^^^^^^^^^^^
  File "C:\Users\Dimon\AppData\Local\Programs\Python\Python313\Lib\encodings\cp1251.py", line 19, in encode
    return codecs.charmap_encode(input,self.errors,encoding_table)[0]
           ~~~~~~~~~~~~~~~~~~~~~^^^^^^^^^^^^^^^^^^^^^^^^^^^^^^^^^^
UnicodeEncodeError: 'charmap' codec can't encode character '\U0001f4d6' in position 5: character maps to <undefined>
Call stack:
  File "C:\scripts\1repo\run_mvp.py", line 680, in <module>
    main()
  File "C:\scripts\1repo\run_mvp.py", line 652, in main
    results = orchestrator.run_single(
  File "C:\scripts\1repo\run_mvp.py", line 222, in run_single
    log_stage(logger, stage, "Starting")
  File "C:\scripts\1repo\am_logging.py", line 613, in log_stage
    log_section(logger, f"{emoji} {action}: {stage.upper()}", "INFO")
  File "C:\scripts\1repo\am_logging.py", line 588, in log_section
    log_func(f"  {title}")
Message: '  \U0001f4d6 Starting: STRUCTURE_DETECT'
Arguments: ()
2025-11-01 01:13:40,333 - __main__ - INFO - ============================================================
2025-11-01 01:13:40,333 - am_common - INFO - Loading config: config\batch_full.yaml
2025-11-01 01:13:40,348 - am_common - INFO - Config loaded successfully
2025-11-01 01:13:40,349 - am_structure_detect - INFO - Processing: baza-znanij-safe®-russia.dataset.jsonl
2025-11-01 01:13:40,349 - am_common - INFO - Loading dataset: C:\scripts\1repo\data\datasets\structural\baza-znanij-safe®-russia.dataset.jsonl
2025-11-01 01:13:40,350 - am_common - INFO - Loaded: 86 cards from baza-znanij-safe®-russia.dataset.jsonl
2025-11-01 01:13:40,351 - am_structure_detect - INFO - TOC found: pages 1-9
2025-11-01 01:13:40,351 - am_structure_detect - INFO - Detected 0 chapters
2025-11-01 01:13:40,352 - am_structure_detect - INFO - Detected 0 sections
2025-11-01 01:13:40,352 - am_common - INFO - Saving dataset: C:\scripts\1repo\data\datasets\structured\baza-znanij-safe®-russia.dataset.jsonl (86 cards)
2025-11-01 01:13:40,354 - am_common - INFO - Saved: 86 cards to baza-znanij-safe®-russia.dataset.jsonl (170.56 KB)
2025-11-01 01:13:40,354 - quality_tracker - INFO - Starting: track_quality
2025-11-01 01:13:40,354 - quality_tracker - INFO - structure_detect metrics:
2025-11-01 01:13:40,354 - quality_tracker - INFO -   total_pages: 86
2025-11-01 01:13:40,354 - quality_tracker - INFO -   chapters_detected: 0
2025-11-01 01:13:40,354 - quality_tracker - INFO -   sections_detected: 0
2025-11-01 01:13:40,354 - quality_tracker - INFO -   pages_with_structure: 0
2025-11-01 01:13:40,354 - quality_tracker - INFO -   structure_coverage: 0.0000
2025-11-01 01:13:40,354 - quality_tracker - INFO -   avg_chapter_length: 0
2025-11-01 01:13:40,354 - quality_tracker - INFO--- Logging error ---
Traceback (most recent call last):
  File "C:\Users\Dimon\AppData\Local\Programs\Python\Python313\Lib\logging\__init__.py", line 1154, in emit
    stream.write(msg + self.terminator)
    ~~~~~~~~~~~~^^^^^^^^^^^^^^^^^^^^^^^
  File "C:\Users\Dimon\AppData\Local\Programs\Python\Python313\Lib\site-packages\colorama\ansitowin32.py", line 47, in write
    self.__convertor.write(text)
    ~~~~~~~~~~~~~~~~~~~~~~^^^^^^
  File "C:\Users\Dimon\AppData\Local\Programs\Python\Python313\Lib\site-packages\colorama\ansitowin32.py", line 177, in write
    self.write_and_convert(text)
    ~~~~~~~~~~~~~~~~~~~~~~^^^^^^
  File "C:\Users\Dimon\AppData\Local\Programs\Python\Python313\Lib\site-packages\colorama\ansitowin32.py", line 205, in write_and_convert
    self.write_plain_text(text, cursor, len(text))
    ~~~~~~~~~~~~~~~~~~~~~^^^^^^^^^^^^^^^^^^^^^^^^^
  File "C:\Users\Dimon\AppData\Local\Programs\Python\Python313\Lib\site-packages\colorama\ansitowin32.py", line 210, in write_plain_text
    self.wrapped.write(text[start:end])
    ~~~~~~~~~~~~~~~~~~^^^^^^^^^^^^^^^^^
  File "C:\Users\Dimon\AppData\Local\Programs\Python\Python313\Lib\encodings\cp1251.py", line 19, in encode
    return codecs.charmap_encode(input,self.errors,encoding_table)[0]
           ~~~~~~~~~~~~~~~~~~~~~^^^^^^^^^^^^^^^^^^^^^^^^^^^^^^^^^^
UnicodeEncodeError: 'charmap' codec can't encode character '\u2713' in position 3: character maps to <undefined>
Call stack:
  File "C:\scripts\1repo\run_mvp.py", line 680, in <module>
    main()
  File "C:\scripts\1repo\run_mvp.py", line 652, in main
    results = orchestrator.run_single(
  File "C:\scripts\1repo\run_mvp.py", line 226, in run_single
    stage_result = self._run_stage(stage, current_input)
  File "C:\scripts\1repo\run_mvp.py", line 419, in _run_stage
    return processor.process_dataset(input_path, output_dir)
  File "C:\scripts\1repo\am_structure_detect.py", line 309, in process_dataset
    self.quality_tracker.track('structure_detect', input_path.name, metrics)
  File "C:\scripts\1repo\quality_tracker.py", line 171, in track
    logger.info(f"\u2713 Quality thresholds passed for {stage}")
Message: '\u2713 Quality thresholds passed for structure_detect'
Arguments: ()
2025-11-01 01:13:40,355 - quality_tracker - INFO - Completed: track_quality (0.00s)
2025-11-01 01:13:40,355 - am_structure_detect - INFO - Saved: baza-znanij-safe®-russia.dataset.jsonl
2025-11-01 01:13:40,355 - __main__ - ERROR - Validation failed: Unknown stage: structure_detect
2025-11-01 01:13:40,355 - __main__ - WARNING - Validation issues: 1 errors
2025-11-01 01:13:40,355 - __main__ - INFO - ============================================================
2025-11-01 01:13:40,356 - __main__ - INFO--- Logging error ---
Traceback (most recent call last):
  File "C:\Users\Dimon\AppData\Local\Programs\Python\Python313\Lib\logging\__init__.py", line 1154, in emit
    stream.write(msg + self.terminator)
    ~~~~~~~~~~~~^^^^^^^^^^^^^^^^^^^^^^^
  File "C:\Users\Dimon\AppData\Local\Programs\Python\Python313\Lib\site-packages\colorama\ansitowin32.py", line 47, in write
    self.__convertor.write(text)
    ~~~~~~~~~~~~~~~~~~~~~~^^^^^^
  File "C:\Users\Dimon\AppData\Local\Programs\Python\Python313\Lib\site-packages\colorama\ansitowin32.py", line 177, in write
    self.write_and_convert(text)
    ~~~~~~~~~~~~~~~~~~~~~~^^^^^^
  File "C:\Users\Dimon\AppData\Local\Programs\Python\Python313\Lib\site-packages\colorama\ansitowin32.py", line 205, in write_and_convert
    self.write_plain_text(text, cursor, len(text))
    ~~~~~~~~~~~~~~~~~~~~~^^^^^^^^^^^^^^^^^^^^^^^^^
  File "C:\Users\Dimon\AppData\Local\Programs\Python\Python313\Lib\site-packages\colorama\ansitowin32.py", line 210, in write_plain_text
    self.wrapped.write(text[start:end])
    ~~~~~~~~~~~~~~~~~~^^^^^^^^^^^^^^^^^
  File "C:\Users\Dimon\AppData\Local\Programs\Python\Python313\Lib\encodings\cp1251.py", line 19, in encode
    return codecs.charmap_encode(input,self.errors,encoding_table)[0]
           ~~~~~~~~~~~~~~~~~~~~~^^^^^^^^^^^^^^^^^^^^^^^^^^^^^^^^^^
UnicodeEncodeError: 'charmap' codec can't encode character '\U0001f4d6' in position 5: character maps to <undefined>
Call stack:
  File "C:\scripts\1repo\run_mvp.py", line 680, in <module>
    main()
  File "C:\scripts\1repo\run_mvp.py", line 652, in main
    results = orchestrator.run_single(
  File "C:\scripts\1repo\run_mvp.py", line 253, in run_single
    log_stage(logger, stage, "Completed")
  File "C:\scripts\1repo\am_logging.py", line 613, in log_stage
    log_section(logger, f"{emoji} {action}: {stage.upper()}", "INFO")
  File "C:\scripts\1repo\am_logging.py", line 588, in log_section
    log_func(f"  {title}")
Message: '  \U0001f4d6 Completed: STRUCTURE_DETECT'
Arguments: ()
2025-11-01 01:13:40,356 - __main__ - INFO - ============================================================
2025-11-01 01:13:40,356 - __main__ - INFO - ============================================================
2025-11-01 01:13:40,356 - __main__ - INFO--- Logging error ---
Traceback (most recent call last):
  File "C:\Users\Dimon\AppData\Local\Programs\Python\Python313\Lib\logging\__init__.py", line 1154, in emit
    stream.write(msg + self.terminator)
    ~~~~~~~~~~~~^^^^^^^^^^^^^^^^^^^^^^^
  File "C:\Users\Dimon\AppData\Local\Programs\Python\Python313\Lib\site-packages\colorama\ansitowin32.py", line 47, in write
    self.__convertor.write(text)
    ~~~~~~~~~~~~~~~~~~~~~~^^^^^^
  File "C:\Users\Dimon\AppData\Local\Programs\Python\Python313\Lib\site-packages\colorama\ansitowin32.py", line 177, in write
    self.write_and_convert(text)
    ~~~~~~~~~~~~~~~~~~~~~~^^^^^^
  File "C:\Users\Dimon\AppData\Local\Programs\Python\Python313\Lib\site-packages\colorama\ansitowin32.py", line 205, in write_and_convert
    self.write_plain_text(text, cursor, len(text))
    ~~~~~~~~~~~~~~~~~~~~~^^^^^^^^^^^^^^^^^^^^^^^^^
  File "C:\Users\Dimon\AppData\Local\Programs\Python\Python313\Lib\site-packages\colorama\ansitowin32.py", line 210, in write_plain_text
    self.wrapped.write(text[start:end])
    ~~~~~~~~~~~~~~~~~~^^^^^^^^^^^^^^^^^
  File "C:\Users\Dimon\AppData\Local\Programs\Python\Python313\Lib\encodings\cp1251.py", line 19, in encode
    return codecs.charmap_encode(input,self.errors,encoding_table)[0]
           ~~~~~~~~~~~~~~~~~~~~~^^^^^^^^^^^^^^^^^^^^^^^^^^^^^^^^^^
UnicodeEncodeError: 'charmap' codec can't encode character '\U0001f4dd' in position 5: character maps to <undefined>
Call stack:
  File "C:\scripts\1repo\run_mvp.py", line 680, in <module>
    main()
  File "C:\scripts\1repo\run_mvp.py", line 652, in main
    results = orchestrator.run_single(
  File "C:\scripts\1repo\run_mvp.py", line 222, in run_single
    log_stage(logger, stage, "Starting")
  File "C:\scripts\1repo\am_logging.py", line 613, in log_stage
    log_section(logger, f"{emoji} {action}: {stage.upper()}", "INFO")
  File "C:\scripts\1repo\am_logging.py", line 588, in log_section
    log_func(f"  {title}")
Message: '  \U0001f4dd Starting: SUMMARIZE'
Arguments: ()
2025-11-01 01:13:40,357 - __main__ - INFO - ============================================================
2025-11-01 01:13:40,357 - am_common - INFO - Loading config: config\batch_full.yaml
2025-11-01 01:13:40,371 - am_common - INFO - Config loaded successfully
2025-11-01 01:13:40,371 - am_summarize - INFO - Processing: baza-znanij-safe®-russia.dataset.jsonl
2025-11-01 01:13:40,371 - am_common - INFO - Loading dataset: C:\scripts\1repo\data\datasets\structured\baza-znanij-safe®-russia.dataset.jsonl
2025-11-01 01:13:40,380 - am_common - INFO - Loaded: 86 cards from baza-znanij-safe®-russia.dataset.jsonl
2025-11-01 01:13:40,409 - am_summarize - INFO - Summarized 86 pages, skipped 0
2025-11-01 01:13:40,409 - am_common - INFO - Saving dataset: C:\scripts\1repo\data\datasets\summarized\baza-znanij-safe®-russia.dataset.jsonl (86 cards)
2025-11-01 01:13:40,411 - am_common - INFO - Saved: 86 cards to baza-znanij-safe®-russia.dataset.jsonl (292.92 KB)
2025-11-01 01:13:40,412 - quality_tracker - INFO - Starting: track_quality
2025-11-01 01:13:40,412 - quality_tracker - INFO - summarize metrics:
2025-11-01 01:13:40,412 - quality_tracker - INFO -   total_pages: 86
2025-11-01 01:13:40,412 - quality_tracker - INFO -   summarized_pages: 86
2025-11-01 01:13:40,412 - quality_tracker - INFO -   skipped_pages: 0
2025-11-01 01:13:40,412 - quality_tracker - INFO -   summary_coverage: 1.0000
2025-11-01 01:13:40,412 - quality_tracker - INFO -   avg_l1_length: 256.8488
2025-11-01 01:13:40,412 - quality_tracker - INFO -   avg_l2_length: 658.6047
2025-11-01 01:13:40,412 - quality_tracker - INFO -   avg_compression_ratio: 4.6500
2025-11-01 01:13:40,412 - quality_tracker - INFO--- Logging error ---
Traceback (most recent call last):
  File "C:\Users\Dimon\AppData\Local\Programs\Python\Python313\Lib\logging\__init__.py", line 1154, in emit
    stream.write(msg + self.terminator)
    ~~~~~~~~~~~~^^^^^^^^^^^^^^^^^^^^^^^
  File "C:\Users\Dimon\AppData\Local\Programs\Python\Python313\Lib\site-packages\colorama\ansitowin32.py", line 47, in write
    self.__convertor.write(text)
    ~~~~~~~~~~~~~~~~~~~~~~^^^^^^
  File "C:\Users\Dimon\AppData\Local\Programs\Python\Python313\Lib\site-packages\colorama\ansitowin32.py", line 177, in write
    self.write_and_convert(text)
    ~~~~~~~~~~~~~~~~~~~~~~^^^^^^
  File "C:\Users\Dimon\AppData\Local\Programs\Python\Python313\Lib\site-packages\colorama\ansitowin32.py", line 205, in write_and_convert
    self.write_plain_text(text, cursor, len(text))
    ~~~~~~~~~~~~~~~~~~~~~^^^^^^^^^^^^^^^^^^^^^^^^^
  File "C:\Users\Dimon\AppData\Local\Programs\Python\Python313\Lib\site-packages\colorama\ansitowin32.py", line 210, in write_plain_text
    self.wrapped.write(text[start:end])
    ~~~~~~~~~~~~~~~~~~^^^^^^^^^^^^^^^^^
  File "C:\Users\Dimon\AppData\Local\Programs\Python\Python313\Lib\encodings\cp1251.py", line 19, in encode
    return codecs.charmap_encode(input,self.errors,encoding_table)[0]
           ~~~~~~~~~~~~~~~~~~~~~^^^^^^^^^^^^^^^^^^^^^^^^^^^^^^^^^^
UnicodeEncodeError: 'charmap' codec can't encode character '\u2713' in position 3: character maps to <undefined>
Call stack:
  File "C:\scripts\1repo\run_mvp.py", line 680, in <module>
    main()
  File "C:\scripts\1repo\run_mvp.py", line 652, in main
    results = orchestrator.run_single(
  File "C:\scripts\1repo\run_mvp.py", line 226, in run_single
    stage_result = self._run_stage(stage, current_input)
  File "C:\scripts\1repo\run_mvp.py", line 419, in _run_stage
    return processor.process_dataset(input_path, output_dir)
  File "C:\scripts\1repo\am_summarize.py", line 281, in process_dataset
    self.quality_tracker.track('summarize', input_path.name, metrics)
  File "C:\scripts\1repo\quality_tracker.py", line 171, in track
    logger.info(f"\u2713 Quality thresholds passed for {stage}")
Message: '\u2713 Quality thresholds passed for summarize'
Arguments: ()
2025-11-01 01:13:40,413 - quality_tracker - INFO - Completed: track_quality (0.00s)
2025-11-01 01:13:40,413 - am_summarize - INFO - Saved: baza-znanij-safe®-russia.dataset.jsonl
2025-11-01 01:13:40,413 - __main__ - ERROR - Validation failed: Unknown stage: summarize
2025-11-01 01:13:40,413 - __main__ - WARNING - Validation issues: 1 errors
2025-11-01 01:13:40,413 - __main__ - INFO - ============================================================
2025-11-01 01:13:40,413 - __main__ - INFO--- Logging error ---
Traceback (most recent call last):
  File "C:\Users\Dimon\AppData\Local\Programs\Python\Python313\Lib\logging\__init__.py", line 1154, in emit
    stream.write(msg + self.terminator)
    ~~~~~~~~~~~~^^^^^^^^^^^^^^^^^^^^^^^
  File "C:\Users\Dimon\AppData\Local\Programs\Python\Python313\Lib\site-packages\colorama\ansitowin32.py", line 47, in write
    self.__convertor.write(text)
    ~~~~~~~~~~~~~~~~~~~~~~^^^^^^
  File "C:\Users\Dimon\AppData\Local\Programs\Python\Python313\Lib\site-packages\colorama\ansitowin32.py", line 177, in write
    self.write_and_convert(text)
    ~~~~~~~~~~~~~~~~~~~~~~^^^^^^
  File "C:\Users\Dimon\AppData\Local\Programs\Python\Python313\Lib\site-packages\colorama\ansitowin32.py", line 205, in write_and_convert
    self.write_plain_text(text, cursor, len(text))
    ~~~~~~~~~~~~~~~~~~~~~^^^^^^^^^^^^^^^^^^^^^^^^^
  File "C:\Users\Dimon\AppData\Local\Programs\Python\Python313\Lib\site-packages\colorama\ansitowin32.py", line 210, in write_plain_text
    self.wrapped.write(text[start:end])
    ~~~~~~~~~~~~~~~~~~^^^^^^^^^^^^^^^^^
  File "C:\Users\Dimon\AppData\Local\Programs\Python\Python313\Lib\encodings\cp1251.py", line 19, in encode
    return codecs.charmap_encode(input,self.errors,encoding_table)[0]
           ~~~~~~~~~~~~~~~~~~~~~^^^^^^^^^^^^^^^^^^^^^^^^^^^^^^^^^^
UnicodeEncodeError: 'charmap' codec can't encode character '\U0001f4dd' in position 5: character maps to <undefined>
Call stack:
  File "C:\scripts\1repo\run_mvp.py", line 680, in <module>
    main()
  File "C:\scripts\1repo\run_mvp.py", line 652, in main
    results = orchestrator.run_single(
  File "C:\scripts\1repo\run_mvp.py", line 253, in run_single
    log_stage(logger, stage, "Completed")
  File "C:\scripts\1repo\am_logging.py", line 613, in log_stage
    log_section(logger, f"{emoji} {action}: {stage.upper()}", "INFO")
  File "C:\scripts\1repo\am_logging.py", line 588, in log_section
    log_func(f"  {title}")
Message: '  \U0001f4dd Completed: SUMMARIZE'
Arguments: ()
2025-11-01 01:13:40,414 - __main__ - INFO - ============================================================
2025-11-01 01:13:40,414 - __main__ - INFO - ============================================================
2025-11-01 01:13:40,414 - __main__ - INFO--- Logging error ---
Traceback (most recent call last):
  File "C:\Users\Dimon\AppData\Local\Programs\Python\Python313\Lib\logging\__init__.py", line 1154, in emit
    stream.write(msg + self.terminator)
    ~~~~~~~~~~~~^^^^^^^^^^^^^^^^^^^^^^^
  File "C:\Users\Dimon\AppData\Local\Programs\Python\Python313\Lib\site-packages\colorama\ansitowin32.py", line 47, in write
    self.__convertor.write(text)
    ~~~~~~~~~~~~~~~~~~~~~~^^^^^^
  File "C:\Users\Dimon\AppData\Local\Programs\Python\Python313\Lib\site-packages\colorama\ansitowin32.py", line 177, in write
    self.write_and_convert(text)
    ~~~~~~~~~~~~~~~~~~~~~~^^^^^^
  File "C:\Users\Dimon\AppData\Local\Programs\Python\Python313\Lib\site-packages\colorama\ansitowin32.py", line 205, in write_and_convert
    self.write_plain_text(text, cursor, len(text))
    ~~~~~~~~~~~~~~~~~~~~~^^^^^^^^^^^^^^^^^^^^^^^^^
  File "C:\Users\Dimon\AppData\Local\Programs\Python\Python313\Lib\site-packages\colorama\ansitowin32.py", line 210, in write_plain_text
    self.wrapped.write(text[start:end])
    ~~~~~~~~~~~~~~~~~~^^^^^^^^^^^^^^^^^
  File "C:\Users\Dimon\AppData\Local\Programs\Python\Python313\Lib\encodings\cp1251.py", line 19, in encode
    return codecs.charmap_encode(input,self.errors,encoding_table)[0]
           ~~~~~~~~~~~~~~~~~~~~~^^^^^^^^^^^^^^^^^^^^^^^^^^^^^^^^^^
UnicodeEncodeError: 'charmap' codec can't encode character '\U0001f916' in position 5: character maps to <undefined>
Call stack:
  File "C:\scripts\1repo\run_mvp.py", line 680, in <module>
    main()
  File "C:\scripts\1repo\run_mvp.py", line 652, in main
    results = orchestrator.run_single(
  File "C:\scripts\1repo\run_mvp.py", line 222, in run_single
    log_stage(logger, stage, "Starting")
  File "C:\scripts\1repo\am_logging.py", line 613, in log_stage
    log_section(logger, f"{emoji} {action}: {stage.upper()}", "INFO")
  File "C:\scripts\1repo\am_logging.py", line 588, in log_section
    log_func(f"  {title}")
Message: '  \U0001f916 Starting: EXTENDED'
Arguments: ()
2025-11-01 01:13:40,415 - __main__ - INFO - ============================================================
2025-11-01 01:13:40,415 - am_common - INFO - Loading config: config\batch_full.yaml
2025-11-01 01:13:40,429 - am_common - INFO - Config loaded successfully
2025-11-01 01:13:40,454 - am_extended - INFO - Ollama available, using model: llama3.2:3b
2025-11-01 01:13:40,454 - am_extended - INFO - Processing: baza-znanij-safe®-russia.dataset.jsonl
2025-11-01 01:13:40,454 - am_common - INFO - Loading dataset: C:\scripts\1repo\data\datasets\summarized\baza-znanij-safe®-russia.dataset.jsonl
2025-11-01 01:13:40,464 - am_common - INFO - Loaded: 86 cards from baza-znanij-safe®-russia.dataset.jsonl
2025-11-01 01:13:40,465 - am_extended - INFO - Marked 0 duplicate pages
2025-11-01 01:13:40,470 - am_extended - INFO - Found 3 continuity gaps
2025-11-01 01:13:40,470 - am_extended - INFO - Extracting extended fields (this may take a while)...
2025-11-01 01:13:40,500 - am_extended - ERROR - Ollama API error: 404
2025-11-01 01:13:40,530 - am_extended - ERROR - Ollama API error: 404
2025-11-01 01:13:40,547 - am_extended - ERROR - Ollama API error: 404
2025-11-01 01:13:40,549 - am_extended - ERROR - Ollama API error: 404
2025-11-01 01:13:40,577 - am_extended - ERROR - Ollama API error: 404
2025-11-01 01:13:40,592 - am_extended - ERROR - Ollama API error: 404
2025-11-01 01:13:40,608 - am_extended - ERROR - Ollama API error: 404
2025-11-01 01:13:40,623 - am_extended - ERROR - Ollama API error: 404
2025-11-01 01:13:40,654 - am_extended - ERROR - Ollama API error: 404
2025-11-01 01:13:40,669 - am_extended - ERROR - Ollama API error: 404
2025-11-01 01:13:40,670 - am_extended - INFO -   Processed 10/86 pages
2025-11-01 01:13:40,685 - am_extended - ERROR - Ollama API error: 404
2025-11-01 01:13:40,717 - am_extended - ERROR - Ollama API error: 404
2025-11-01 01:13:40,719 - am_extended - ERROR - Ollama API error: 404
2025-11-01 01:13:40,747 - am_extended - ERROR - Ollama API error: 404
2025-11-01 01:13:40,779 - am_extended - ERROR - Ollama API error: 404
2025-11-01 01:13:40,794 - am_extended - ERROR - Ollama API error: 404
2025-11-01 01:13:40,810 - am_extended - ERROR - Ollama API error: 404
2025-11-01 01:13:40,841 - am_extended - ERROR - Ollama API error: 404
2025-11-01 01:13:40,872 - am_extended - ERROR - Ollama API error: 404
2025-11-01 01:13:40,902 - am_extended - ERROR - Ollama API error: 404
2025-11-01 01:13:40,902 - am_extended - INFO -   Processed 20/86 pages
2025-11-01 01:13:40,933 - am_extended - ERROR - Ollama API error: 404
2025-11-01 01:13:40,964 - am_extended - ERROR - Ollama API error: 404
2025-11-01 01:13:40,996 - am_extended - ERROR - Ollama API error: 404
2025-11-01 01:13:41,026 - am_extended - ERROR - Ollama API error: 404
2025-11-01 01:13:41,057 - am_extended - ERROR - Ollama API error: 404
2025-11-01 01:13:41,088 - am_extended - ERROR - Ollama API error: 404
2025-11-01 01:13:41,104 - am_extended - ERROR - Ollama API error: 404
2025-11-01 01:13:41,120 - am_extended - ERROR - Ollama API error: 404
2025-11-01 01:13:41,152 - am_extended - ERROR - Ollama API error: 404
2025-11-01 01:13:41,167 - am_extended - ERROR - Ollama API error: 404
2025-11-01 01:13:41,167 - am_extended - INFO -   Processed 30/86 pages
2025-11-01 01:13:41,183 - am_extended - ERROR - Ollama API error: 404
2025-11-01 01:13:41,198 - am_extended - ERROR - Ollama API error: 404
2025-11-01 01:13:41,229 - am_extended - ERROR - Ollama API error: 404
2025-11-01 01:13:41,244 - am_extended - ERROR - Ollama API error: 404
2025-11-01 01:13:41,260 - am_extended - ERROR - Ollama API error: 404
2025-11-01 01:13:41,276 - am_extended - ERROR - Ollama API error: 404
2025-11-01 01:13:41,307 - am_extended - ERROR - Ollama API error: 404
2025-11-01 01:13:41,323 - am_extended - ERROR - Ollama API error: 404
2025-11-01 01:13:41,339 - am_extended - ERROR - Ollama API error: 404
2025-11-01 01:13:41,354 - am_extended - ERROR - Ollama API error: 404
2025-11-01 01:13:41,354 - am_extended - INFO -   Processed 40/86 pages
2025-11-01 01:13:41,385 - am_extended - ERROR - Ollama API error: 404
2025-11-01 01:13:41,401 - am_extended - ERROR - Ollama API error: 404
2025-11-01 01:13:41,415 - am_extended - ERROR - Ollama API error: 404
2025-11-01 01:13:41,447 - am_extended - ERROR - Ollama API error: 404
2025-11-01 01:13:41,478 - am_extended - ERROR - Ollama API error: 404
2025-11-01 01:13:41,494 - am_extended - ERROR - Ollama API error: 404
2025-11-01 01:13:41,525 - am_extended - ERROR - Ollama API error: 404
2025-11-01 01:13:41,556 - am_extended - ERROR - Ollama API error: 404
2025-11-01 01:13:41,572 - am_extended - ERROR - Ollama API error: 404
2025-11-01 01:13:41,602 - am_extended - ERROR - Ollama API error: 404
2025-11-01 01:13:41,602 - am_extended - INFO -   Processed 50/86 pages
2025-11-01 01:13:41,633 - am_extended - ERROR - Ollama API error: 404
2025-11-01 01:13:41,649 - am_extended - ERROR - Ollama API error: 404
2025-11-01 01:13:41,679 - am_extended - ERROR - Ollama API error: 404
2025-11-01 01:13:41,710 - am_extended - ERROR - Ollama API error: 404
2025-11-01 01:13:41,741 - am_extended - ERROR - Ollama API error: 404
2025-11-01 01:13:41,757 - am_extended - ERROR - Ollama API error: 404
2025-11-01 01:13:41,772 - am_extended - ERROR - Ollama API error: 404
2025-11-01 01:13:41,803 - am_extended - ERROR - Ollama API error: 404
2025-11-01 01:13:41,818 - am_extended - ERROR - Ollama API error: 404
2025-11-01 01:13:41,849 - am_extended - ERROR - Ollama API error: 404
2025-11-01 01:13:41,849 - am_extended - INFO -   Processed 60/86 pages
2025-11-01 01:13:41,880 - am_extended - ERROR - Ollama API error: 404
2025-11-01 01:13:41,911 - am_extended - ERROR - Ollama API error: 404
2025-11-01 01:13:41,943 - am_extended - ERROR - Ollama API error: 404
2025-11-01 01:13:41,974 - am_extended - ERROR - Ollama API error: 404
2025-11-01 01:13:42,005 - am_extended - ERROR - Ollama API error: 404
2025-11-01 01:13:42,036 - am_extended - ERROR - Ollama API error: 404
2025-11-01 01:13:42,067 - am_extended - ERROR - Ollama API error: 404
2025-11-01 01:13:42,098 - am_extended - ERROR - Ollama API error: 404
2025-11-01 01:13:42,114 - am_extended - ERROR - Ollama API error: 404
2025-11-01 01:13:42,116 - am_extended - ERROR - Ollama API error: 404
2025-11-01 01:13:42,117 - am_extended - INFO -   Processed 70/86 pages
2025-11-01 01:13:42,129 - am_extended - ERROR - Ollama API error: 404
2025-11-01 01:13:42,144 - am_extended - ERROR - Ollama API error: 404
2025-11-01 01:13:42,176 - am_extended - ERROR - Ollama API error: 404
2025-11-01 01:13:42,206 - am_extended - ERROR - Ollama API error: 404
2025-11-01 01:13:42,222 - am_extended - ERROR - Ollama API error: 404
2025-11-01 01:13:42,238 - am_extended - ERROR - Ollama API error: 404
2025-11-01 01:13:42,270 - am_extended - ERROR - Ollama API error: 404
2025-11-01 01:13:42,300 - am_extended - ERROR - Ollama API error: 404
2025-11-01 01:13:42,331 - am_extended - ERROR - Ollama API error: 404
2025-11-01 01:13:42,348 - am_extended - ERROR - Ollama API error: 404
2025-11-01 01:13:42,348 - am_extended - INFO -   Processed 80/86 pages
2025-11-01 01:13:42,363 - am_extended - ERROR - Ollama API error: 404
2025-11-01 01:13:42,393 - am_extended - ERROR - Ollama API error: 404
2025-11-01 01:13:42,424 - am_extended - ERROR - Ollama API error: 404
2025-11-01 01:13:42,456 - am_extended - ERROR - Ollama API error: 404
2025-11-01 01:13:42,472 - am_extended - ERROR - Ollama API error: 404
2025-11-01 01:13:42,486 - am_extended - ERROR - Ollama API error: 404
2025-11-01 01:13:42,487 - am_extended - INFO - Extracted extended fields for 86 pages
2025-11-01 01:13:42,487 - am_common - INFO - Saving dataset: C:\scripts\1repo\data\datasets\extended\baza-znanij-safe®-russia.dataset.jsonl (86 cards)
2025-11-01 01:13:42,489 - am_common - INFO - Saved: 86 cards to baza-znanij-safe®-russia.dataset.jsonl (325.17 KB)
2025-11-01 01:13:42,490 - quality_tracker - INFO - Starting: track_quality
2025-11-01 01:13:42,490 - quality_tracker - INFO - extended metrics:
2025-11-01 01:13:42,490 - quality_tracker - INFO -   total_cards: 86
2025-11-01 01:13:42,490 - quality_tracker - INFO -   duplicates_found: 0
2025-11-01 01:13:42,490 - quality_tracker - INFO -   duplicate_ratio: 0.0000
2025-11-01 01:13:42,490 - quality_tracker - INFO -   continuity_gaps: 3
2025-11-01 01:13:42,490 - quality_tracker - INFO -   continuity_gap_ratio: 0.0353
2025-11-01 01:13:42,490 - quality_tracker - INFO -   avg_overlap: 0.1830
2025-11-01 01:13:42,490 - quality_tracker - INFO -   extended_fields_extracted: 86
2025-11-01 01:13:42,490 - quality_tracker - INFO -   extraction_coverage: 1.0000
2025-11-01 01:13:42,490 - quality_tracker - INFO -   lm_extraction_count: 0
2025-11-01 01:13:42,490 - quality_tracker - INFO -   lm_extraction_ratio: 0.0000
2025-11-01 01:13:42,490 - quality_tracker - INFO--- Logging error ---
Traceback (most recent call last):
  File "C:\Users\Dimon\AppData\Local\Programs\Python\Python313\Lib\logging\__init__.py", line 1154, in emit
    stream.write(msg + self.terminator)
    ~~~~~~~~~~~~^^^^^^^^^^^^^^^^^^^^^^^
  File "C:\Users\Dimon\AppData\Local\Programs\Python\Python313\Lib\site-packages\colorama\ansitowin32.py", line 47, in write
    self.__convertor.write(text)
    ~~~~~~~~~~~~~~~~~~~~~~^^^^^^
  File "C:\Users\Dimon\AppData\Local\Programs\Python\Python313\Lib\site-packages\colorama\ansitowin32.py", line 177, in write
    self.write_and_convert(text)
    ~~~~~~~~~~~~~~~~~~~~~~^^^^^^
  File "C:\Users\Dimon\AppData\Local\Programs\Python\Python313\Lib\site-packages\colorama\ansitowin32.py", line 205, in write_and_convert
    self.write_plain_text(text, cursor, len(text))
    ~~~~~~~~~~~~~~~~~~~~~^^^^^^^^^^^^^^^^^^^^^^^^^
  File "C:\Users\Dimon\AppData\Local\Programs\Python\Python313\Lib\site-packages\colorama\ansitowin32.py", line 210, in write_plain_text
    self.wrapped.write(text[start:end])
    ~~~~~~~~~~~~~~~~~~^^^^^^^^^^^^^^^^^
  File "C:\Users\Dimon\AppData\Local\Programs\Python\Python313\Lib\encodings\cp1251.py", line 19, in encode
    return codecs.charmap_encode(input,self.errors,encoding_table)[0]
           ~~~~~~~~~~~~~~~~~~~~~^^^^^^^^^^^^^^^^^^^^^^^^^^^^^^^^^^
UnicodeEncodeError: 'charmap' codec can't encode character '\u2713' in position 3: character maps to <undefined>
Call stack:
  File "C:\scripts\1repo\run_mvp.py", line 680, in <module>
    main()
  File "C:\scripts\1repo\run_mvp.py", line 652, in main
    results = orchestrator.run_single(
  File "C:\scripts\1repo\run_mvp.py", line 226, in run_single
    stage_result = self._run_stage(stage, current_input)
  File "C:\scripts\1repo\run_mvp.py", line 419, in _run_stage
    return processor.process_dataset(input_path, output_dir)
  File "C:\scripts\1repo\am_extended.py", line 612, in process_dataset
    self.quality_tracker.track('extended', input_path.name, metrics)
  File "C:\scripts\1repo\quality_tracker.py", line 171, in track
    logger.info(f"\u2713 Quality thresholds passed for {stage}")
Message: '\u2713 Quality thresholds passed for extended'
Arguments: ()
2025-11-01 01:13:42,491 - quality_tracker - INFO - Completed: track_quality (0.00s)
2025-11-01 01:13:42,491 - am_extended - INFO - Saved: baza-znanij-safe®-russia.dataset.jsonl
2025-11-01 01:13:42,492 - validate - INFO - Validating extended: baza-znanij-safe®-russia.dataset.jsonl
2025-11-01 01:13:42,492 - am_common - INFO - Loading dataset: C:\scripts\1repo\data\datasets\extended\baza-znanij-safe®-russia.dataset.jsonl
2025-11-01 01:13:42,501 - am_common - INFO - Loaded: 86 cards from baza-znanij-safe®-russia.dataset.jsonl
2025-11-01 01:13:42,502 - validate - WARNING - [X] INVALID - baza-znanij-safe®-russia.dataset.jsonl (2 errors)
2025-11-01 01:13:42,502 - __main__ - WARNING - Validation issues: 2 errors, 86 warnings
2025-11-01 01:13:42,502 - __main__ - WARNING - Validation issues: 2 errors
2025-11-01 01:13:42,502 - __main__ - INFO - ============================================================
2025-11-01 01:13:42,502 - __main__ - INFO--- Logging error ---
Traceback (most recent call last):
  File "C:\Users\Dimon\AppData\Local\Programs\Python\Python313\Lib\logging\__init__.py", line 1154, in emit
    stream.write(msg + self.terminator)
    ~~~~~~~~~~~~^^^^^^^^^^^^^^^^^^^^^^^
  File "C:\Users\Dimon\AppData\Local\Programs\Python\Python313\Lib\site-packages\colorama\ansitowin32.py", line 47, in write
    self.__convertor.write(text)
    ~~~~~~~~~~~~~~~~~~~~~~^^^^^^
  File "C:\Users\Dimon\AppData\Local\Programs\Python\Python313\Lib\site-packages\colorama\ansitowin32.py", line 177, in write
    self.write_and_convert(text)
    ~~~~~~~~~~~~~~~~~~~~~~^^^^^^
  File "C:\Users\Dimon\AppData\Local\Programs\Python\Python313\Lib\site-packages\colorama\ansitowin32.py", line 205, in write_and_convert
    self.write_plain_text(text, cursor, len(text))
    ~~~~~~~~~~~~~~~~~~~~~^^^^^^^^^^^^^^^^^^^^^^^^^
  File "C:\Users\Dimon\AppData\Local\Programs\Python\Python313\Lib\site-packages\colorama\ansitowin32.py", line 210, in write_plain_text
    self.wrapped.write(text[start:end])
    ~~~~~~~~~~~~~~~~~~^^^^^^^^^^^^^^^^^
  File "C:\Users\Dimon\AppData\Local\Programs\Python\Python313\Lib\encodings\cp1251.py", line 19, in encode
    return codecs.charmap_encode(input,self.errors,encoding_table)[0]
           ~~~~~~~~~~~~~~~~~~~~~^^^^^^^^^^^^^^^^^^^^^^^^^^^^^^^^^^
UnicodeEncodeError: 'charmap' codec can't encode character '\U0001f916' in position 5: character maps to <undefined>
Call stack:
  File "C:\scripts\1repo\run_mvp.py", line 680, in <module>
    main()
  File "C:\scripts\1repo\run_mvp.py", line 652, in main
    results = orchestrator.run_single(
  File "C:\scripts\1repo\run_mvp.py", line 253, in run_single
    log_stage(logger, stage, "Completed")
  File "C:\scripts\1repo\am_logging.py", line 613, in log_stage
    log_section(logger, f"{emoji} {action}: {stage.upper()}", "INFO")
  File "C:\scripts\1repo\am_logging.py", line 588, in log_section
    log_func(f"  {title}")
Message: '  \U0001f916 Completed: EXTENDED'
Arguments: ()
2025-11-01 01:13:42,503 - __main__ - INFO - ============================================================
2025-11-01 01:13:42,503 - __main__ - INFO - ============================================================
2025-11-01 01:13:42,503 - __main__ - INFO--- Logging error ---
Traceback (most recent call last):
  File "C:\Users\Dimon\AppData\Local\Programs\Python\Python313\Lib\logging\__init__.py", line 1154, in emit
    stream.write(msg + self.terminator)
    ~~~~~~~~~~~~^^^^^^^^^^^^^^^^^^^^^^^
  File "C:\Users\Dimon\AppData\Local\Programs\Python\Python313\Lib\site-packages\colorama\ansitowin32.py", line 47, in write
    self.__convertor.write(text)
    ~~~~~~~~~~~~~~~~~~~~~~^^^^^^
  File "C:\Users\Dimon\AppData\Local\Programs\Python\Python313\Lib\site-packages\colorama\ansitowin32.py", line 177, in write
    self.write_and_convert(text)
    ~~~~~~~~~~~~~~~~~~~~~~^^^^^^
  File "C:\Users\Dimon\AppData\Local\Programs\Python\Python313\Lib\site-packages\colorama\ansitowin32.py", line 205, in write_and_convert
    self.write_plain_text(text, cursor, len(text))
    ~~~~~~~~~~~~~~~~~~~~~^^^^^^^^^^^^^^^^^^^^^^^^^
  File "C:\Users\Dimon\AppData\Local\Programs\Python\Python313\Lib\site-packages\colorama\ansitowin32.py", line 210, in write_plain_text
    self.wrapped.write(text[start:end])
    ~~~~~~~~~~~~~~~~~~^^^^^^^^^^^^^^^^^
  File "C:\Users\Dimon\AppData\Local\Programs\Python\Python313\Lib\encodings\cp1251.py", line 19, in encode
    return codecs.charmap_encode(input,self.errors,encoding_table)[0]
           ~~~~~~~~~~~~~~~~~~~~~^^^^^^^^^^^^^^^^^^^^^^^^^^^^^^^^^^
UnicodeEncodeError: 'charmap' codec can't encode character '\u2705' in position 5: character maps to <undefined>
Call stack:
  File "C:\scripts\1repo\run_mvp.py", line 680, in <module>
    main()
  File "C:\scripts\1repo\run_mvp.py", line 652, in main
    results = orchestrator.run_single(
  File "C:\scripts\1repo\run_mvp.py", line 222, in run_single
    log_stage(logger, stage, "Starting")
  File "C:\scripts\1repo\am_logging.py", line 613, in log_stage
    log_section(logger, f"{emoji} {action}: {stage.upper()}", "INFO")
  File "C:\scripts\1repo\am_logging.py", line 588, in log_section
    log_func(f"  {title}")
Message: '  \u2705 Starting: FINALIZE'
Arguments: ()
2025-11-01 01:13:42,503 - __main__ - INFO - ============================================================
2025-11-01 01:13:42,503 - am_common - INFO - Loading config: config\batch_full.yaml
2025-11-01 01:13:42,518 - am_common - INFO - Config loaded successfully
2025-11-01 01:13:42,518 - am_finalize - INFO - Processing: baza-znanij-safe®-russia.dataset.jsonl
2025-11-01 01:13:42,518 - am_common - INFO - Loading dataset: C:\scripts\1repo\data\datasets\extended\baza-znanij-safe®-russia.dataset.jsonl
2025-11-01 01:13:42,520 - am_common - INFO - Loaded: 86 cards from baza-znanij-safe®-russia.dataset.jsonl
2025-11-01 01:13:42,520 - am_common - INFO - Saving dataset: C:\scripts\1repo\data\datasets\final\baza-znanij-safe®-russia.dataset.jsonl (86 cards)
2025-11-01 01:13:42,522 - am_common - INFO - Saved: 86 cards to baza-znanij-safe®-russia.dataset.jsonl (318.05 KB)
2025-11-01 01:13:42,523 - quality_tracker - INFO - Starting: track_quality
2025-11-01 01:13:42,523 - quality_tracker - INFO - finalize metrics:
2025-11-01 01:13:42,523 - quality_tracker - INFO -   total_cards: 86
2025-11-01 01:13:42,523 - quality_tracker - INFO -   validation_errors: 0
2025-11-01 01:13:42,523 - quality_tracker - INFO -   validation_warnings: 2
2025-11-01 01:13:42,523 - quality_tracker - INFO -   avg_completeness: 0.3980
2025-11-01 01:13:42,523 - quality_tracker - INFO -   cards_with_structure: 0
2025-11-01 01:13:42,523 - quality_tracker - INFO -   structure_coverage: 0.0000
2025-11-01 01:13:42,523 - quality_tracker - INFO -   cards_with_summaries: 86
2025-11-01 01:13:42,523 - quality_tracker - INFO -   summary_coverage: 1.0000
2025-11-01 01:13:42,523 - quality_tracker - INFO--- Logging error ---
Traceback (most recent call last):
  File "C:\Users\Dimon\AppData\Local\Programs\Python\Python313\Lib\logging\__init__.py", line 1154, in emit
    stream.write(msg + self.terminator)
    ~~~~~~~~~~~~^^^^^^^^^^^^^^^^^^^^^^^
  File "C:\Users\Dimon\AppData\Local\Programs\Python\Python313\Lib\site-packages\colorama\ansitowin32.py", line 47, in write
    self.__convertor.write(text)
    ~~~~~~~~~~~~~~~~~~~~~~^^^^^^
  File "C:\Users\Dimon\AppData\Local\Programs\Python\Python313\Lib\site-packages\colorama\ansitowin32.py", line 177, in write
    self.write_and_convert(text)
    ~~~~~~~~~~~~~~~~~~~~~~^^^^^^
  File "C:\Users\Dimon\AppData\Local\Programs\Python\Python313\Lib\site-packages\colorama\ansitowin32.py", line 205, in write_and_convert
    self.write_plain_text(text, cursor, len(text))
    ~~~~~~~~~~~~~~~~~~~~~^^^^^^^^^^^^^^^^^^^^^^^^^
  File "C:\Users\Dimon\AppData\Local\Programs\Python\Python313\Lib\site-packages\colorama\ansitowin32.py", line 210, in write_plain_text
    self.wrapped.write(text[start:end])
    ~~~~~~~~~~~~~~~~~~^^^^^^^^^^^^^^^^^
  File "C:\Users\Dimon\AppData\Local\Programs\Python\Python313\Lib\encodings\cp1251.py", line 19, in encode
    return codecs.charmap_encode(input,self.errors,encoding_table)[0]
           ~~~~~~~~~~~~~~~~~~~~~^^^^^^^^^^^^^^^^^^^^^^^^^^^^^^^^^^
UnicodeEncodeError: 'charmap' codec can't encode character '\u2713' in position 3: character maps to <undefined>
Call stack:
  File "C:\scripts\1repo\run_mvp.py", line 680, in <module>
    main()
  File "C:\scripts\1repo\run_mvp.py", line 652, in main
    results = orchestrator.run_single(
  File "C:\scripts\1repo\run_mvp.py", line 226, in run_single
    stage_result = self._run_stage(stage, current_input)
  File "C:\scripts\1repo\run_mvp.py", line 419, in _run_stage
    return processor.process_dataset(input_path, output_dir)
  File "C:\scripts\1repo\am_finalize.py", line 278, in process_dataset
    self.quality_tracker.track('finalize', input_path.name, metrics)
  File "C:\scripts\1repo\quality_tracker.py", line 171, in track
    logger.info(f"\u2713 Quality thresholds passed for {stage}")
Message: '\u2713 Quality thresholds passed for finalize'
Arguments: ()
2025-11-01 01:13:42,524 - quality_tracker - INFO - Completed: track_quality (0.00s)
2025-11-01 01:13:42,524 - am_finalize - INFO - Saved: baza-znanij-safe®-russia.dataset.jsonl
2025-11-01 01:13:42,524 - __main__ - ERROR - Validation failed: Unknown stage: finalize
2025-11-01 01:13:42,524 - __main__ - WARNING - Validation issues: 1 errors
2025-11-01 01:13:42,524 - __main__ - INFO - ============================================================
2025-11-01 01:13:42,525 - __main__ - INFO--- Logging error ---
Traceback (most recent call last):
  File "C:\Users\Dimon\AppData\Local\Programs\Python\Python313\Lib\logging\__init__.py", line 1154, in emit
    stream.write(msg + self.terminator)
    ~~~~~~~~~~~~^^^^^^^^^^^^^^^^^^^^^^^
  File "C:\Users\Dimon\AppData\Local\Programs\Python\Python313\Lib\site-packages\colorama\ansitowin32.py", line 47, in write
    self.__convertor.write(text)
    ~~~~~~~~~~~~~~~~~~~~~~^^^^^^
  File "C:\Users\Dimon\AppData\Local\Programs\Python\Python313\Lib\site-packages\colorama\ansitowin32.py", line 177, in write
    self.write_and_convert(text)
    ~~~~~~~~~~~~~~~~~~~~~~^^^^^^
  File "C:\Users\Dimon\AppData\Local\Programs\Python\Python313\Lib\site-packages\colorama\ansitowin32.py", line 205, in write_and_convert
    self.write_plain_text(text, cursor, len(text))
    ~~~~~~~~~~~~~~~~~~~~~^^^^^^^^^^^^^^^^^^^^^^^^^
  File "C:\Users\Dimon\AppData\Local\Programs\Python\Python313\Lib\site-packages\colorama\ansitowin32.py", line 210, in write_plain_text
    self.wrapped.write(text[start:end])
    ~~~~~~~~~~~~~~~~~~^^^^^^^^^^^^^^^^^
  File "C:\Users\Dimon\AppData\Local\Programs\Python\Python313\Lib\encodings\cp1251.py", line 19, in encode
    return codecs.charmap_encode(input,self.errors,encoding_table)[0]
           ~~~~~~~~~~~~~~~~~~~~~^^^^^^^^^^^^^^^^^^^^^^^^^^^^^^^^^^
UnicodeEncodeError: 'charmap' codec can't encode character '\u2705' in position 5: character maps to <undefined>
Call stack:
  File "C:\scripts\1repo\run_mvp.py", line 680, in <module>
    main()
  File "C:\scripts\1repo\run_mvp.py", line 652, in main
    results = orchestrator.run_single(
  File "C:\scripts\1repo\run_mvp.py", line 253, in run_single
    log_stage(logger, stage, "Completed")
  File "C:\scripts\1repo\am_logging.py", line 613, in log_stage
    log_section(logger, f"{emoji} {action}: {stage.upper()}", "INFO")
  File "C:\scripts\1repo\am_logging.py", line 588, in log_section
    log_func(f"  {title}")
Message: '  \u2705 Completed: FINALIZE'
Arguments: ()
2025-11-01 01:13:42,525 - __main__ - INFO - ============================================================
2025-11-01 01:13:42,525 - __main__ - INFO - ============================================================
2025-11-01 01:13:42,525 - __main__ - INFO--- Logging error ---
Traceback (most recent call last):
  File "C:\Users\Dimon\AppData\Local\Programs\Python\Python313\Lib\logging\__init__.py", line 1154, in emit
    stream.write(msg + self.terminator)
    ~~~~~~~~~~~~^^^^^^^^^^^^^^^^^^^^^^^
  File "C:\Users\Dimon\AppData\Local\Programs\Python\Python313\Lib\site-packages\colorama\ansitowin32.py", line 47, in write
    self.__convertor.write(text)
    ~~~~~~~~~~~~~~~~~~~~~~^^^^^^
  File "C:\Users\Dimon\AppData\Local\Programs\Python\Python313\Lib\site-packages\colorama\ansitowin32.py", line 177, in write
    self.write_and_convert(text)
    ~~~~~~~~~~~~~~~~~~~~~~^^^^^^
  File "C:\Users\Dimon\AppData\Local\Programs\Python\Python313\Lib\site-packages\colorama\ansitowin32.py", line 205, in write_and_convert
    self.write_plain_text(text, cursor, len(text))
    ~~~~~~~~~~~~~~~~~~~~~^^^^^^^^^^^^^^^^^^^^^^^^^
  File "C:\Users\Dimon\AppData\Local\Programs\Python\Python313\Lib\site-packages\colorama\ansitowin32.py", line 210, in write_plain_text
    self.wrapped.write(text[start:end])
    ~~~~~~~~~~~~~~~~~~^^^^^^^^^^^^^^^^^
  File "C:\Users\Dimon\AppData\Local\Programs\Python\Python313\Lib\encodings\cp1251.py", line 19, in encode
    return codecs.charmap_encode(input,self.errors,encoding_table)[0]
           ~~~~~~~~~~~~~~~~~~~~~^^^^^^^^^^^^^^^^^^^^^^^^^^^^^^^^^^
UnicodeEncodeError: 'charmap' codec can't encode character '\U0001f9e9' in position 5: character maps to <undefined>
Call stack:
  File "C:\scripts\1repo\run_mvp.py", line 680, in <module>
    main()
  File "C:\scripts\1repo\run_mvp.py", line 652, in main
    results = orchestrator.run_single(
  File "C:\scripts\1repo\run_mvp.py", line 222, in run_single
    log_stage(logger, stage, "Starting")
  File "C:\scripts\1repo\am_logging.py", line 613, in log_stage
    log_section(logger, f"{emoji} {action}: {stage.upper()}", "INFO")
  File "C:\scripts\1repo\am_logging.py", line 588, in log_section
    log_func(f"  {title}")
Message: '  \U0001f9e9 Starting: CHUNK'
Arguments: ()
2025-11-01 01:13:42,526 - __main__ - INFO - ============================================================
2025-11-01 01:13:42,526 - am_common - INFO - Loading config: config\batch_full.yaml
2025-11-01 01:13:42,540 - am_common - INFO - Config loaded successfully
2025-11-01 01:13:42,617 - am_chunk - INFO - Processing: baza-znanij-safe®-russia.dataset.jsonl
2025-11-01 01:13:42,618 - am_common - INFO - Loading dataset: C:\scripts\1repo\data\datasets\final\baza-znanij-safe®-russia.dataset.jsonl
2025-11-01 01:13:42,627 - am_common - INFO - Loaded: 86 cards from baza-znanij-safe®-russia.dataset.jsonl
2025-11-01 01:13:42,659 - am_chunk - INFO - Created 97 chunks from 86 pages
2025-11-01 01:13:42,661 - quality_tracker - INFO - Starting: track_quality
2025-11-01 01:13:42,662 - quality_tracker - INFO - chunk metrics:
2025-11-01 01:13:42,662 - quality_tracker - INFO -   total_chunks: 97
2025-11-01 01:13:42,662 - quality_tracker - INFO -   chunks_per_page: 1.1279
2025-11-01 01:13:42,662 - quality_tracker - INFO -   avg_chunk_tokens: 354.2268
2025-11-01 01:13:42,662 - quality_tracker - INFO -   min_chunk_tokens: 115
2025-11-01 01:13:42,662 - quality_tracker - INFO -   max_chunk_tokens: 524
2025-11-01 01:13:42,662 - quality_tracker - INFO -   token_distribution: {'0-100': 0, '100-300': 37, '300-512': 54, '512+': 6}
2025-11-01 01:13:42,662 - quality_tracker - INFO -   context_completeness: 1.0000
2025-11-01 01:13:42,662 - quality_tracker - INFO--- Logging error ---
Traceback (most recent call last):
  File "C:\Users\Dimon\AppData\Local\Programs\Python\Python313\Lib\logging\__init__.py", line 1154, in emit
    stream.write(msg + self.terminator)
    ~~~~~~~~~~~~^^^^^^^^^^^^^^^^^^^^^^^
  File "C:\Users\Dimon\AppData\Local\Programs\Python\Python313\Lib\site-packages\colorama\ansitowin32.py", line 47, in write
    self.__convertor.write(text)
    ~~~~~~~~~~~~~~~~~~~~~~^^^^^^
  File "C:\Users\Dimon\AppData\Local\Programs\Python\Python313\Lib\site-packages\colorama\ansitowin32.py", line 177, in write
    self.write_and_convert(text)
    ~~~~~~~~~~~~~~~~~~~~~~^^^^^^
  File "C:\Users\Dimon\AppData\Local\Programs\Python\Python313\Lib\site-packages\colorama\ansitowin32.py", line 205, in write_and_convert
    self.write_plain_text(text, cursor, len(text))
    ~~~~~~~~~~~~~~~~~~~~~^^^^^^^^^^^^^^^^^^^^^^^^^
  File "C:\Users\Dimon\AppData\Local\Programs\Python\Python313\Lib\site-packages\colorama\ansitowin32.py", line 210, in write_plain_text
    self.wrapped.write(text[start:end])
    ~~~~~~~~~~~~~~~~~~^^^^^^^^^^^^^^^^^
  File "C:\Users\Dimon\AppData\Local\Programs\Python\Python313\Lib\encodings\cp1251.py", line 19, in encode
    return codecs.charmap_encode(input,self.errors,encoding_table)[0]
           ~~~~~~~~~~~~~~~~~~~~~^^^^^^^^^^^^^^^^^^^^^^^^^^^^^^^^^^
UnicodeEncodeError: 'charmap' codec can't encode character '\u2713' in position 3: character maps to <undefined>
Call stack:
  File "C:\scripts\1repo\run_mvp.py", line 680, in <module>
    main()
  File "C:\scripts\1repo\run_mvp.py", line 652, in main
    results = orchestrator.run_single(
  File "C:\scripts\1repo\run_mvp.py", line 226, in run_single
    stage_result = self._run_stage(stage, current_input)
  File "C:\scripts\1repo\run_mvp.py", line 419, in _run_stage
    return processor.process_dataset(input_path, output_dir)
  File "C:\scripts\1repo\am_chunk.py", line 309, in process_dataset
    self.quality_tracker.track('chunk', input_path.name, metrics)
  File "C:\scripts\1repo\quality_tracker.py", line 171, in track
    logger.info(f"\u2713 Quality thresholds passed for {stage}")
Message: '\u2713 Quality thresholds passed for chunk'
Arguments: ()
2025-11-01 01:13:42,663 - quality_tracker - INFO - Completed: track_quality (0.00s)
2025-11-01 01:13:42,663 - am_chunk - INFO - Saved: baza-znanij-safe®-russia.dataset.chunks.jsonl
2025-11-01 01:13:42,664 - __main__ - ERROR - Validation failed: Unknown stage: chunk
2025-11-01 01:13:42,664 - __main__ - WARNING - Validation issues: 1 errors
2025-11-01 01:13:42,664 - __main__ - INFO - ============================================================
2025-11-01 01:13:42,664 - __main__ - INFO--- Logging error ---
Traceback (most recent call last):
  File "C:\Users\Dimon\AppData\Local\Programs\Python\Python313\Lib\logging\__init__.py", line 1154, in emit
    stream.write(msg + self.terminator)
    ~~~~~~~~~~~~^^^^^^^^^^^^^^^^^^^^^^^
  File "C:\Users\Dimon\AppData\Local\Programs\Python\Python313\Lib\site-packages\colorama\ansitowin32.py", line 47, in write
    self.__convertor.write(text)
    ~~~~~~~~~~~~~~~~~~~~~~^^^^^^
  File "C:\Users\Dimon\AppData\Local\Programs\Python\Python313\Lib\site-packages\colorama\ansitowin32.py", line 177, in write
    self.write_and_convert(text)
    ~~~~~~~~~~~~~~~~~~~~~~^^^^^^
  File "C:\Users\Dimon\AppData\Local\Programs\Python\Python313\Lib\site-packages\colorama\ansitowin32.py", line 205, in write_and_convert
    self.write_plain_text(text, cursor, len(text))
    ~~~~~~~~~~~~~~~~~~~~~^^^^^^^^^^^^^^^^^^^^^^^^^
  File "C:\Users\Dimon\AppData\Local\Programs\Python\Python313\Lib\site-packages\colorama\ansitowin32.py", line 210, in write_plain_text
    self.wrapped.write(text[start:end])
    ~~~~~~~~~~~~~~~~~~^^^^^^^^^^^^^^^^^
  File "C:\Users\Dimon\AppData\Local\Programs\Python\Python313\Lib\encodings\cp1251.py", line 19, in encode
    return codecs.charmap_encode(input,self.errors,encoding_table)[0]
           ~~~~~~~~~~~~~~~~~~~~~^^^^^^^^^^^^^^^^^^^^^^^^^^^^^^^^^^
UnicodeEncodeError: 'charmap' codec can't encode character '\U0001f9e9' in position 5: character maps to <undefined>
Call stack:
  File "C:\scripts\1repo\run_mvp.py", line 680, in <module>
    main()
  File "C:\scripts\1repo\run_mvp.py", line 652, in main
    results = orchestrator.run_single(
  File "C:\scripts\1repo\run_mvp.py", line 253, in run_single
    log_stage(logger, stage, "Completed")
  File "C:\scripts\1repo\am_logging.py", line 613, in log_stage
    log_section(logger, f"{emoji} {action}: {stage.upper()}", "INFO")
  File "C:\scripts\1repo\am_logging.py", line 588, in log_section
    log_func(f"  {title}")
Message: '  \U0001f9e9 Completed: CHUNK'
Arguments: ()
2025-11-01 01:13:42,664 - __main__ - INFO - ============================================================
2025-11-01 01:13:42,664 - __main__ - INFO - ============================================================
2025-11-01 01:13:42,664 - __main__ - INFO--- Logging error ---
Traceback (most recent call last):
  File "C:\Users\Dimon\AppData\Local\Programs\Python\Python313\Lib\logging\__init__.py", line 1154, in emit
    stream.write(msg + self.terminator)
    ~~~~~~~~~~~~^^^^^^^^^^^^^^^^^^^^^^^
  File "C:\Users\Dimon\AppData\Local\Programs\Python\Python313\Lib\site-packages\colorama\ansitowin32.py", line 47, in write
    self.__convertor.write(text)
    ~~~~~~~~~~~~~~~~~~~~~~^^^^^^
  File "C:\Users\Dimon\AppData\Local\Programs\Python\Python313\Lib\site-packages\colorama\ansitowin32.py", line 177, in write
    self.write_and_convert(text)
    ~~~~~~~~~~~~~~~~~~~~~~^^^^^^
  File "C:\Users\Dimon\AppData\Local\Programs\Python\Python313\Lib\site-packages\colorama\ansitowin32.py", line 205, in write_and_convert
    self.write_plain_text(text, cursor, len(text))
    ~~~~~~~~~~~~~~~~~~~~~^^^^^^^^^^^^^^^^^^^^^^^^^
  File "C:\Users\Dimon\AppData\Local\Programs\Python\Python313\Lib\site-packages\colorama\ansitowin32.py", line 210, in write_plain_text
    self.wrapped.write(text[start:end])
    ~~~~~~~~~~~~~~~~~~^^^^^^^^^^^^^^^^^
  File "C:\Users\Dimon\AppData\Local\Programs\Python\Python313\Lib\encodings\cp1251.py", line 19, in encode
    return codecs.charmap_encode(input,self.errors,encoding_table)[0]
           ~~~~~~~~~~~~~~~~~~~~~^^^^^^^^^^^^^^^^^^^^^^^^^^^^^^^^^^
UnicodeEncodeError: 'charmap' codec can't encode character '\U0001f522' in position 5: character maps to <undefined>
Call stack:
  File "C:\scripts\1repo\run_mvp.py", line 680, in <module>
    main()
  File "C:\scripts\1repo\run_mvp.py", line 652, in main
    results = orchestrator.run_single(
  File "C:\scripts\1repo\run_mvp.py", line 222, in run_single
    log_stage(logger, stage, "Starting")
  File "C:\scripts\1repo\am_logging.py", line 613, in log_stage
    log_section(logger, f"{emoji} {action}: {stage.upper()}", "INFO")
  File "C:\scripts\1repo\am_logging.py", line 588, in log_section
    log_func(f"  {title}")
Message: '  \U0001f522 Starting: EMBED'
Arguments: ()
2025-11-01 01:13:42,665 - __main__ - INFO - ============================================================
2025-11-01 01:13:42,665 - am_common - INFO - Loading config: config\batch_full.yaml
2025-11-01 01:13:42,681 - am_common - INFO - Config loaded successfully
2025-11-01 01:13:42,682 - am_embed - INFO - [sentence-transformers] Loading model: all-MiniLM-L6-v2
2025-11-01 01:13:42,682 - sentence_transformers.SentenceTransformer - INFO - Use pytorch device_name: cpu
2025-11-01 01:13:42,682 - sentence_transformers.SentenceTransformer - INFO - Load pretrained SentenceTransformer: all-MiniLM-L6-v2
2025-11-01 01:13:46,571 - am_embed - INFO - [sentence-transformers] Embedding dimension: 384
2025-11-01 01:13:46,571 - am_embed - INFO - Processing: baza-znanij-safe®-russia.dataset.chunks.jsonl
2025-11-01 01:13:46,582 - am_embed - INFO - Loaded 97 chunks
2025-11-01 01:13:46,582 - am_embed - INFO - Encoding 97 chunks in 4 batches
2025-11-01 01:13:47,516 - am_embed - INFO - Encoded 97 embeddings, 0 failures
2025-11-01 01:13:47,516 - am_embed - INFO - Building FAISS index: flat, metric=cosine
2025-11-01 01:13:47,516 - am_embed - INFO - Vectors: 97, Dimension: 384
2025-11-01 01:13:47,516 - am_embed - INFO - FAISS index built: 97 vectors
2025-11-01 01:13:47,517 - __main__ - ERROR - Stage failed: [WinError 2] Íå óäàåòñÿ íàéòè óêàçàííûé ôàéë: 'C:\\scripts\\1repo\\data\\indexes\\faiss\\baza-znanij-safe®-russia.dataset.faiss'
2025-11-01 01:13:47,517 - __main__ - ERROR - Error details:
Traceback (most recent call last):
  File "C:\scripts\1repo\run_mvp.py", line 226, in run_single
    stage_result = self._run_stage(stage, current_input)
  File "C:\scripts\1repo\run_mvp.py", line 428, in _run_stage
    return processor.process_chunks(input_path, output_dir=None)
           ~~~~~~~~~~~~~~~~~~~~~~~~^^^^^^^^^^^^^^^^^^^^^^^^^^^^^
  File "C:\scripts\1repo\am_embed.py", line 413, in process_chunks
    self.index_builder.save_index(index, index_path)
    ~~~~~~~~~~~~~~~~~~~~~~~~~~~~~^^^^^^^^^^^^^^^^^^^
  File "C:\scripts\1repo\am_embed.py", line 331, in save_index
    index_size = path.stat().st_size
                 ~~~~~~~~~^^
  File "C:\Users\Dimon\AppData\Local\Programs\Python\Python313\Lib\pathlib\_local.py", line 515, in stat
    return os.stat(self, follow_symlinks=follow_symlinks)
           ~~~~~~~^^^^^^^^^^^^^^^^^^^^^^^^^^^^^^^^^^^^^^^
FileNotFoundError: [WinError 2] Íå óäàåòñÿ íàéòè óêàçàííûé ôàéë: 'C:\\scripts\\1repo\\data\\indexes\\faiss\\baza-znanij-safe®-russia.dataset.faiss'
2025-11-01 01:13:47,528 - __main__ - WARNING - Non-critical stage failed, attempting to continue
2025-11-01 01:13:47,528 - __main__ - INFO - Pipeline status: partial
2025-11-01 01:13:47,528 - __main__ - INFO - Completed: run_single_pipeline (17.33s)
2025-11-01 01:13:47,528 - __main__ - INFO - ============================================================
2025-11-01 01:13:47,528 - __main__ - INFO--- Logging error ---
Traceback (most recent call last):
  File "C:\Users\Dimon\AppData\Local\Programs\Python\Python313\Lib\logging\__init__.py", line 1154, in emit
    stream.write(msg + self.terminator)
    ~~~~~~~~~~~~^^^^^^^^^^^^^^^^^^^^^^^
  File "C:\Users\Dimon\AppData\Local\Programs\Python\Python313\Lib\site-packages\colorama\ansitowin32.py", line 47, in write
    self.__convertor.write(text)
    ~~~~~~~~~~~~~~~~~~~~~~^^^^^^
  File "C:\Users\Dimon\AppData\Local\Programs\Python\Python313\Lib\site-packages\colorama\ansitowin32.py", line 177, in write
    self.write_and_convert(text)
    ~~~~~~~~~~~~~~~~~~~~~~^^^^^^
  File "C:\Users\Dimon\AppData\Local\Programs\Python\Python313\Lib\site-packages\colorama\ansitowin32.py", line 205, in write_and_convert
    self.write_plain_text(text, cursor, len(text))
    ~~~~~~~~~~~~~~~~~~~~~^^^^^^^^^^^^^^^^^^^^^^^^^
  File "C:\Users\Dimon\AppData\Local\Programs\Python\Python313\Lib\site-packages\colorama\ansitowin32.py", line 210, in write_plain_text
    self.wrapped.write(text[start:end])
    ~~~~~~~~~~~~~~~~~~^^^^^^^^^^^^^^^^^
  File "C:\Users\Dimon\AppData\Local\Programs\Python\Python313\Lib\encodings\cp1251.py", line 19, in encode
    return codecs.charmap_encode(input,self.errors,encoding_table)[0]
           ~~~~~~~~~~~~~~~~~~~~~^^^^^^^^^^^^^^^^^^^^^^^^^^^^^^^^^^
UnicodeEncodeError: 'charmap' codec can't encode character '\U0001f4ca' in position 5: character maps to <undefined>
Call stack:
  File "C:\scripts\1repo\run_mvp.py", line 680, in <module>
    main()
  File "C:\scripts\1repo\run_mvp.py", line 660, in main
    orchestrator.generate_reports()
  File "C:\scripts\1repo\run_mvp.py", line 502, in generate_reports
    log_section(logger, "\U0001f4ca FINAL REPORTS", "INFO")
  File "C:\scripts\1repo\am_logging.py", line 588, in log_section
    log_func(f"  {title}")
Message: '  \U0001f4ca FINAL REPORTS'
Arguments: ()
2025-11-01 01:13:47,529 - __main__ - INFO - ============================================================
2025-11-01 01:13:47,529 - __main__ - INFO - ============================================================
2025-11-01 01:13:47,529 - __main__ - INFO -   Performance Summary
2025-11-01 01:13:47,529 - __main__ - INFO - ============================================================
2025-11-01 01:13:47,529 - __main__ - INFO - 
run_single_pipeline:
2025-11-01 01:13:47,529 - __main__ - INFO -   Count: 1
2025-11-01 01:13:47,529 - __main__ - INFO -   Total: 17.33s
2025-11-01 01:13:47,529 - __main__ - INFO -   Avg: 17.33s
2025-11-01 01:13:47,529 - __main__ - INFO -   Min: 17.33s
2025-11-01 01:13:47,529 - __main__ - INFO -   Max: 17.33s
2025-11-01 01:13:47,529 - __main__ - INFO - 
track_quality:
2025-11-01 01:13:47,529 - __main__ - INFO -   Count: 6
2025-11-01 01:13:47,529 - __main__ - INFO -   Total: 0.01s
2025-11-01 01:13:47,529 - __main__ - INFO -   Avg: 0.00s
2025-11-01 01:13:47,529 - __main__ - INFO -   Min: 0.00s
2025-11-01 01:13:47,529 - __main__ - INFO -   Max: 0.00s
2025-11-01 01:13:47,529 - __main__ - INFO - No errors or warnings recorded
2025-11-01 01:13:47,529 - __main__ - INFO - 
2025-11-01 01:13:47,529 - quality_tracker - INFO - Starting: generate_quality_report
2025-11-01 01:13:47,531 - quality_tracker - INFO - Quality report saved: C:\scripts\1repo\data\quality\quality_report_20251101_011347.json
2025-11-01 01:13:47,532 - quality_tracker - INFO - Completed: generate_quality_report (0.00s)
2025-11-01 01:13:47,532 - quality_tracker - INFO - ============================================================
2025-11-01 01:13:47,532 - quality_tracker - INFO -   QUALITY REPORT
2025-11-01 01:13:47,532 - quality_tracker - INFO - ============================================================
2025-11-01 01:13:47,532 - quality_tracker - INFO - Generated: 2025-10-31T22:13:47Z
2025-11-01 01:13:47,532 - quality_tracker - INFO - Version: 2.0.0

2025-11-01 01:13:47,532 - quality_tracker - INFO - ------------------------------------------------------------
2025-11-01 01:13:47,532 - quality_tracker - INFO -   Stage: STRUCTURAL
2025-11-01 01:13:47,532 - quality_tracker - INFO - ------------------------------------------------------------
2025-11-01 01:13:47,532 - quality_tracker - INFO - Summary:
2025-11-01 01:13:47,532 - quality_tracker - INFO -   total_runs: 1
2025-11-01 01:13:47,532 - quality_tracker - INFO -   passed_threshold: 1
2025-11-01 01:13:47,532 - quality_tracker - INFO -   failed_threshold: 0
2025-11-01 01:13:47,532 - quality_tracker - INFO -   pass_rate: 100.0%
2025-11-01 01:13:47,532 - quality_tracker - INFO - 
Recent trend (last 1 runs):
2025-11-01 01:13:47,532 - quality_tracker - INFO -   Pass rate: 100.0%
2025-11-01 01:13:47,532 - quality_tracker - INFO - 
2025-11-01 01:13:47,532 - quality_tracker - INFO - ------------------------------------------------------------
2025-11-01 01:13:47,532 - quality_tracker - INFO -   Stage: STRUCTURE_DETECT
2025-11-01 01:13:47,532 - quality_tracker - INFO - ------------------------------------------------------------
2025-11-01 01:13:47,532 - quality_tracker - INFO - Summary:
2025-11-01 01:13:47,533 - quality_tracker - INFO -   total_runs: 1
2025-11-01 01:13:47,533 - quality_tracker - INFO -   passed_threshold: 1
2025-11-01 01:13:47,533 - quality_tracker - INFO -   failed_threshold: 0
2025-11-01 01:13:47,533 - quality_tracker - INFO -   pass_rate: 100.0%
2025-11-01 01:13:47,533 - quality_tracker - INFO - 
Recent trend (last 1 runs):
2025-11-01 01:13:47,533 - quality_tracker - INFO -   Pass rate: 100.0%
2025-11-01 01:13:47,533 - quality_tracker - INFO - 
2025-11-01 01:13:47,533 - quality_tracker - INFO - ------------------------------------------------------------
2025-11-01 01:13:47,533 - quality_tracker - INFO -   Stage: SUMMARIZE
2025-11-01 01:13:47,533 - quality_tracker - INFO - ------------------------------------------------------------
2025-11-01 01:13:47,533 - quality_tracker - INFO - Summary:
2025-11-01 01:13:47,533 - quality_tracker - INFO -   total_runs: 1
2025-11-01 01:13:47,533 - quality_tracker - INFO -   passed_threshold: 1
2025-11-01 01:13:47,533 - quality_tracker - INFO -   failed_threshold: 0
2025-11-01 01:13:47,533 - quality_tracker - INFO -   pass_rate: 100.0%
2025-11-01 01:13:47,533 - quality_tracker - INFO - 
Recent trend (last 1 runs):
2025-11-01 01:13:47,533 - quality_tracker - INFO -   Pass rate: 100.0%
2025-11-01 01:13:47,533 - quality_tracker - INFO - 
2025-11-01 01:13:47,533 - quality_tracker - INFO - ------------------------------------------------------------
2025-11-01 01:13:47,533 - quality_tracker - INFO -   Stage: EXTENDED
2025-11-01 01:13:47,533 - quality_tracker - INFO - ------------------------------------------------------------
2025-11-01 01:13:47,533 - quality_tracker - INFO - Summary:
2025-11-01 01:13:47,533 - quality_tracker - INFO -   total_runs: 1
2025-11-01 01:13:47,534 - quality_tracker - INFO -   passed_threshold: 1
2025-11-01 01:13:47,534 - quality_tracker - INFO -   failed_threshold: 0
2025-11-01 01:13:47,534 - quality_tracker - INFO -   pass_rate: 100.0%
2025-11-01 01:13:47,534 - quality_tracker - INFO - 
Recent trend (last 1 runs):
2025-11-01 01:13:47,534 - quality_tracker - INFO -   Pass rate: 100.0%
2025-11-01 01:13:47,534 - quality_tracker - INFO - 
2025-11-01 01:13:47,534 - quality_tracker - INFO - ------------------------------------------------------------
2025-11-01 01:13:47,534 - quality_tracker - INFO -   Stage: FINALIZE
2025-11-01 01:13:47,534 - quality_tracker - INFO - ------------------------------------------------------------
2025-11-01 01:13:47,534 - quality_tracker - INFO - Summary:
2025-11-01 01:13:47,534 - quality_tracker - INFO -   total_runs: 1
2025-11-01 01:13:47,534 - quality_tracker - INFO -   passed_threshold: 1
2025-11-01 01:13:47,534 - quality_tracker - INFO -   failed_threshold: 0
2025-11-01 01:13:47,534 - quality_tracker - INFO -   pass_rate: 100.0%
2025-11-01 01:13:47,534 - quality_tracker - INFO - 
Recent trend (last 1 runs):
2025-11-01 01:13:47,534 - quality_tracker - INFO -   Pass rate: 100.0%
2025-11-01 01:13:47,534 - quality_tracker - INFO - 
2025-11-01 01:13:47,534 - quality_tracker - INFO - ------------------------------------------------------------
2025-11-01 01:13:47,534 - quality_tracker - INFO -   Stage: CHUNK
2025-11-01 01:13:47,534 - quality_tracker - INFO - ------------------------------------------------------------
2025-11-01 01:13:47,534 - quality_tracker - INFO - Summary:
2025-11-01 01:13:47,534 - quality_tracker - INFO -   total_runs: 1
2025-11-01 01:13:47,534 - quality_tracker - INFO -   passed_threshold: 1
2025-11-01 01:13:47,534 - quality_tracker - INFO -   failed_threshold: 0
2025-11-01 01:13:47,534 - quality_tracker - INFO -   pass_rate: 100.0%
2025-11-01 01:13:47,535 - quality_tracker - INFO - 
Recent trend (last 1 runs):
2025-11-01 01:13:47,535 - quality_tracker - INFO -   Pass rate: 100.0%
2025-11-01 01:13:47,535 - quality_tracker - INFO - 
2025-11-01 01:13:47,535 - quality_tracker - INFO - ------------------------------------------------------------
2025-11-01 01:13:47,535 - quality_tracker - INFO -   PERFORMANCE SUMMARY
2025-11-01 01:13:47,535 - quality_tracker - INFO - ------------------------------------------------------------
2025-11-01 01:13:47,535 - quality_tracker - INFO - track_quality:
2025-11-01 01:13:47,535 - quality_tracker - INFO -   Count: 6, Avg: 0.00s
2025-11-01 01:13:47,535 - quality_tracker - INFO - run_single_pipeline:
2025-11-01 01:13:47,535 - quality_tracker - INFO -   Count: 1, Avg: 17.33s
2025-11-01 01:13:47,535 - __main__ - INFO - 
2025-11-01 01:13:47,535 - validate - INFO - ============================================================
2025-11-01 01:13:47,535 - validate - INFO -   Validation Summary
2025-11-01 01:13:47,535 - validate - INFO - ============================================================
2025-11-01 01:13:47,535 - validate - INFO - Overall Results:
2025-11-01 01:13:47,535 - validate - INFO -   total_datasets: 2
2025-11-01 01:13:47,535 - validate - INFO -   valid_datasets: 1
2025-11-01 01:13:47,535 - validate - INFO -   invalid_datasets: 1
2025-11-01 01:13:47,535 - validate - INFO -   total_errors: 2
2025-11-01 01:13:47,535 - validate - INFO -   total_warnings: 86
2025-11-01 01:13:47,535 - validate - INFO -   success_rate: 0.5000
2025-11-01 01:13:47,535 - validate - INFO -   timestamp: 2025-10-31T22:13:47.535482
2025-11-01 01:13:47,535 - validate - INFO - 
Per-dataset results:
2025-11-01 01:13:47,536 - validate - INFO--- Logging error ---
Traceback (most recent call last):
  File "C:\Users\Dimon\AppData\Local\Programs\Python\Python313\Lib\logging\__init__.py", line 1154, in emit
    stream.write(msg + self.terminator)
    ~~~~~~~~~~~~^^^^^^^^^^^^^^^^^^^^^^^
  File "C:\Users\Dimon\AppData\Local\Programs\Python\Python313\Lib\site-packages\colorama\ansitowin32.py", line 47, in write
    self.__convertor.write(text)
    ~~~~~~~~~~~~~~~~~~~~~~^^^^^^
  File "C:\Users\Dimon\AppData\Local\Programs\Python\Python313\Lib\site-packages\colorama\ansitowin32.py", line 177, in write
    self.write_and_convert(text)
    ~~~~~~~~~~~~~~~~~~~~~~^^^^^^
  File "C:\Users\Dimon\AppData\Local\Programs\Python\Python313\Lib\site-packages\colorama\ansitowin32.py", line 205, in write_and_convert
    self.write_plain_text(text, cursor, len(text))
    ~~~~~~~~~~~~~~~~~~~~~^^^^^^^^^^^^^^^^^^^^^^^^^
  File "C:\Users\Dimon\AppData\Local\Programs\Python\Python313\Lib\site-packages\colorama\ansitowin32.py", line 210, in write_plain_text
    self.wrapped.write(text[start:end])
    ~~~~~~~~~~~~~~~~~~^^^^^^^^^^^^^^^^^
  File "C:\Users\Dimon\AppData\Local\Programs\Python\Python313\Lib\encodings\cp1251.py", line 19, in encode
    return codecs.charmap_encode(input,self.errors,encoding_table)[0]
           ~~~~~~~~~~~~~~~~~~~~~^^^^^^^^^^^^^^^^^^^^^^^^^^^^^^^^^^
UnicodeEncodeError: 'charmap' codec can't encode character '\u2705' in position 5: character maps to <undefined>
Call stack:
  File "C:\scripts\1repo\run_mvp.py", line 680, in <module>
    main()
  File "C:\scripts\1repo\run_mvp.py", line 660, in main
    orchestrator.generate_reports()
  File "C:\scripts\1repo\run_mvp.py", line 522, in generate_reports
    self.validator.print_summary()
  File "C:\scripts\1repo\validate.py", line 784, in print_summary
    self.report.print_summary()
  File "C:\scripts\1repo\validate.py", line 644, in print_summary
    logger.info(f"  {status} - {dataset} (errors: {errors}, warnings: {warnings})")
Message: '  \u2705 VALID - baza-znanij-safe®-russia.dataset.jsonl (errors: 0, warnings: 0)'
Arguments: ()
2025-11-01 01:13:47,537 - validate - INFO--- Logging error ---
Traceback (most recent call last):
  File "C:\Users\Dimon\AppData\Local\Programs\Python\Python313\Lib\logging\__init__.py", line 1154, in emit
    stream.write(msg + self.terminator)
    ~~~~~~~~~~~~^^^^^^^^^^^^^^^^^^^^^^^
  File "C:\Users\Dimon\AppData\Local\Programs\Python\Python313\Lib\site-packages\colorama\ansitowin32.py", line 47, in write
    self.__convertor.write(text)
    ~~~~~~~~~~~~~~~~~~~~~~^^^^^^
  File "C:\Users\Dimon\AppData\Local\Programs\Python\Python313\Lib\site-packages\colorama\ansitowin32.py", line 177, in write
    self.write_and_convert(text)
    ~~~~~~~~~~~~~~~~~~~~~~^^^^^^
  File "C:\Users\Dimon\AppData\Local\Programs\Python\Python313\Lib\site-packages\colorama\ansitowin32.py", line 205, in write_and_convert
    self.write_plain_text(text, cursor, len(text))
    ~~~~~~~~~~~~~~~~~~~~~^^^^^^^^^^^^^^^^^^^^^^^^^
  File "C:\Users\Dimon\AppData\Local\Programs\Python\Python313\Lib\site-packages\colorama\ansitowin32.py", line 210, in write_plain_text
    self.wrapped.write(text[start:end])
    ~~~~~~~~~~~~~~~~~~^^^^^^^^^^^^^^^^^
  File "C:\Users\Dimon\AppData\Local\Programs\Python\Python313\Lib\encodings\cp1251.py", line 19, in encode
    return codecs.charmap_encode(input,self.errors,encoding_table)[0]
           ~~~~~~~~~~~~~~~~~~~~~^^^^^^^^^^^^^^^^^^^^^^^^^^^^^^^^^^
UnicodeEncodeError: 'charmap' codec can't encode character '\u274c' in position 5: character maps to <undefined>
Call stack:
  File "C:\scripts\1repo\run_mvp.py", line 680, in <module>
    main()
  File "C:\scripts\1repo\run_mvp.py", line 660, in main
    orchestrator.generate_reports()
  File "C:\scripts\1repo\run_mvp.py", line 522, in generate_reports
    self.validator.print_summary()
  File "C:\scripts\1repo\validate.py", line 784, in print_summary
    self.report.print_summary()
  File "C:\scripts\1repo\validate.py", line 644, in print_summary
    logger.info(f"  {status} - {dataset} (errors: {errors}, warnings: {warnings})")
Message: '  \u274c INVALID - baza-znanij-safe®-russia.dataset.jsonl (errors: 2, warnings: 86)'
Arguments: ()
