[WARN] OCR not available
2025-11-01 01:13:51,501 - faiss.loader - INFO - Loading faiss with AVX512 support.
2025-11-01 01:13:51,501 - faiss.loader - INFO - Could not load library with AVX512 support due to:
ModuleNotFoundError("No module named 'faiss.swigfaiss_avx512'")
2025-11-01 01:13:51,501 - faiss.loader - INFO - Loading faiss with AVX2 support.
2025-11-01 01:13:51,511 - faiss.loader - INFO - Successfully loaded faiss with AVX2 support.
2025-11-01 01:13:51,516 - am_common - INFO - Loading config: config\batch_full.yaml
2025-11-01 01:13:51,531 - am_common - INFO - Config loaded successfully
2025-11-01 01:13:51,538 - quality_tracker - INFO - Quality tracker initialized: C:\scripts\1repo\data\quality
2025-11-01 01:13:51,538 - __main__ - INFO - ============================================================
2025-11-01 01:13:51,538 - __main__ - INFO--- Logging error ---
Traceback (most recent call last):
  File "C:\Users\Dimon\AppData\Local\Programs\Python\Python313\Lib\logging\__init__.py", line 1154, in emit
    stream.write(msg + self.terminator)
    ~~~~~~~~~~~~^^^^^^^^^^^^^^^^^^^^^^^
  File "C:\Users\Dimon\AppData\Local\Programs\Python\Python313\Lib\site-packages\colorama\ansitowin32.py", line 47, in write
    self.__convertor.write(text)
    ~~~~~~~~~~~~~~~~~~~~~~^^^^^^
  File "C:\Users\Dimon\AppData\Local\Programs\Python\Python313\Lib\site-packages\colorama\ansitowin32.py", line 177, in write
    self.write_and_convert(text)
    ~~~~~~~~~~~~~~~~~~~~~~^^^^^^
  File "C:\Users\Dimon\AppData\Local\Programs\Python\Python313\Lib\site-packages\colorama\ansitowin32.py", line 205, in write_and_convert
    self.write_plain_text(text, cursor, len(text))
    ~~~~~~~~~~~~~~~~~~~~~^^^^^^^^^^^^^^^^^^^^^^^^^
  File "C:\Users\Dimon\AppData\Local\Programs\Python\Python313\Lib\site-packages\colorama\ansitowin32.py", line 210, in write_plain_text
    self.wrapped.write(text[start:end])
    ~~~~~~~~~~~~~~~~~~^^^^^^^^^^^^^^^^^
  File "C:\Users\Dimon\AppData\Local\Programs\Python\Python313\Lib\encodings\cp1251.py", line 19, in encode
    return codecs.charmap_encode(input,self.errors,encoding_table)[0]
           ~~~~~~~~~~~~~~~~~~~~~^^^^^^^^^^^^^^^^^^^^^^^^^^^^^^^^^^
UnicodeEncodeError: 'charmap' codec can't encode character '\U0001f680' in position 5: character maps to <undefined>
Call stack:
  File "C:\scripts\1repo\run_mvp.py", line 680, in <module>
    main()
  File "C:\scripts\1repo\run_mvp.py", line 605, in main
    orchestrator = PipelineOrchestrator(
  File "C:\scripts\1repo\run_mvp.py", line 136, in __init__
    log_section(logger, f"\U0001f680 {PRODUCT_NAME} {VERSION}", "INFO")
  File "C:\scripts\1repo\am_logging.py", line 588, in log_section
    log_func(f"  {title}")
Message: '  \U0001f680 archivist magika 2.0.0'
Arguments: ()
2025-11-01 01:13:51,540 - __main__ - INFO - ============================================================
2025-11-01 01:13:51,540 - __main__ - INFO - Quality check: enabled
2025-11-01 01:13:51,540 - __main__ - INFO - Validation: enabled
2025-11-01 01:13:51,540 - __main__ - INFO - Dry run: no
2025-11-01 01:13:51,540 - __main__ - INFO - Starting: run_single_pipeline
2025-11-01 01:13:51,540 - __main__ - INFO - Processing: Continuous_Discovery_Habits_-_Teresa_Torres.pdf
2025-11-01 01:13:51,540 - __main__ - INFO--- Logging error ---
Traceback (most recent call last):
  File "C:\Users\Dimon\AppData\Local\Programs\Python\Python313\Lib\logging\__init__.py", line 1154, in emit
    stream.write(msg + self.terminator)
    ~~~~~~~~~~~~^^^^^^^^^^^^^^^^^^^^^^^
  File "C:\Users\Dimon\AppData\Local\Programs\Python\Python313\Lib\site-packages\colorama\ansitowin32.py", line 47, in write
    self.__convertor.write(text)
    ~~~~~~~~~~~~~~~~~~~~~~^^^^^^
  File "C:\Users\Dimon\AppData\Local\Programs\Python\Python313\Lib\site-packages\colorama\ansitowin32.py", line 177, in write
    self.write_and_convert(text)
    ~~~~~~~~~~~~~~~~~~~~~~^^^^^^
  File "C:\Users\Dimon\AppData\Local\Programs\Python\Python313\Lib\site-packages\colorama\ansitowin32.py", line 205, in write_and_convert
    self.write_plain_text(text, cursor, len(text))
    ~~~~~~~~~~~~~~~~~~~~~^^^^^^^^^^^^^^^^^^^^^^^^^
  File "C:\Users\Dimon\AppData\Local\Programs\Python\Python313\Lib\site-packages\colorama\ansitowin32.py", line 210, in write_plain_text
    self.wrapped.write(text[start:end])
    ~~~~~~~~~~~~~~~~~~^^^^^^^^^^^^^^^^^
  File "C:\Users\Dimon\AppData\Local\Programs\Python\Python313\Lib\encodings\cp1251.py", line 19, in encode
    return codecs.charmap_encode(input,self.errors,encoding_table)[0]
           ~~~~~~~~~~~~~~~~~~~~~^^^^^^^^^^^^^^^^^^^^^^^^^^^^^^^^^^
UnicodeEncodeError: 'charmap' codec can't encode character '\u2192' in position 24: character maps to <undefined>
Call stack:
  File "C:\scripts\1repo\run_mvp.py", line 680, in <module>
    main()
  File "C:\scripts\1repo\run_mvp.py", line 652, in main
    results = orchestrator.run_single(
  File "C:\scripts\1repo\run_mvp.py", line 196, in run_single
    logger.info(f"Pipeline: {start_stage} \u2192 {end_stage}")
Message: 'Pipeline: structural \u2192 embed'
Arguments: ()
2025-11-01 01:13:51,541 - __main__ - INFO--- Logging error ---
Traceback (most recent call last):
  File "C:\Users\Dimon\AppData\Local\Programs\Python\Python313\Lib\logging\__init__.py", line 1154, in emit
    stream.write(msg + self.terminator)
    ~~~~~~~~~~~~^^^^^^^^^^^^^^^^^^^^^^^
  File "C:\Users\Dimon\AppData\Local\Programs\Python\Python313\Lib\site-packages\colorama\ansitowin32.py", line 47, in write
    self.__convertor.write(text)
    ~~~~~~~~~~~~~~~~~~~~~~^^^^^^
  File "C:\Users\Dimon\AppData\Local\Programs\Python\Python313\Lib\site-packages\colorama\ansitowin32.py", line 177, in write
    self.write_and_convert(text)
    ~~~~~~~~~~~~~~~~~~~~~~^^^^^^
  File "C:\Users\Dimon\AppData\Local\Programs\Python\Python313\Lib\site-packages\colorama\ansitowin32.py", line 205, in write_and_convert
    self.write_plain_text(text, cursor, len(text))
    ~~~~~~~~~~~~~~~~~~~~~^^^^^^^^^^^^^^^^^^^^^^^^^
  File "C:\Users\Dimon\AppData\Local\Programs\Python\Python313\Lib\site-packages\colorama\ansitowin32.py", line 210, in write_plain_text
    self.wrapped.write(text[start:end])
    ~~~~~~~~~~~~~~~~~~^^^^^^^^^^^^^^^^^
  File "C:\Users\Dimon\AppData\Local\Programs\Python\Python313\Lib\encodings\cp1251.py", line 19, in encode
    return codecs.charmap_encode(input,self.errors,encoding_table)[0]
           ~~~~~~~~~~~~~~~~~~~~~^^^^^^^^^^^^^^^^^^^^^^^^^^^^^^^^^^
UnicodeEncodeError: 'charmap' codec can't encode character '\u2192' in position 22: character maps to <undefined>
Call stack:
  File "C:\scripts\1repo\run_mvp.py", line 680, in <module>
    main()
  File "C:\scripts\1repo\run_mvp.py", line 652, in main
    results = orchestrator.run_single(
  File "C:\scripts\1repo\run_mvp.py", line 209, in run_single
    logger.info(f"Stages: {' \u2192 '.join(stages)}")
Message: 'Stages: structural \u2192 structure_detect \u2192 summarize \u2192 extended \u2192 finalize \u2192 chunk \u2192 embed'
Arguments: ()
2025-11-01 01:13:51,541 - __main__ - INFO - ============================================================
2025-11-01 01:13:51,541 - __main__ - INFO--- Logging error ---
Traceback (most recent call last):
  File "C:\Users\Dimon\AppData\Local\Programs\Python\Python313\Lib\logging\__init__.py", line 1154, in emit
    stream.write(msg + self.terminator)
    ~~~~~~~~~~~~^^^^^^^^^^^^^^^^^^^^^^^
  File "C:\Users\Dimon\AppData\Local\Programs\Python\Python313\Lib\site-packages\colorama\ansitowin32.py", line 47, in write
    self.__convertor.write(text)
    ~~~~~~~~~~~~~~~~~~~~~~^^^^^^
  File "C:\Users\Dimon\AppData\Local\Programs\Python\Python313\Lib\site-packages\colorama\ansitowin32.py", line 177, in write
    self.write_and_convert(text)
    ~~~~~~~~~~~~~~~~~~~~~~^^^^^^
  File "C:\Users\Dimon\AppData\Local\Programs\Python\Python313\Lib\site-packages\colorama\ansitowin32.py", line 205, in write_and_convert
    self.write_plain_text(text, cursor, len(text))
    ~~~~~~~~~~~~~~~~~~~~~^^^^^^^^^^^^^^^^^^^^^^^^^
  File "C:\Users\Dimon\AppData\Local\Programs\Python\Python313\Lib\site-packages\colorama\ansitowin32.py", line 210, in write_plain_text
    self.wrapped.write(text[start:end])
    ~~~~~~~~~~~~~~~~~~^^^^^^^^^^^^^^^^^
  File "C:\Users\Dimon\AppData\Local\Programs\Python\Python313\Lib\encodings\cp1251.py", line 19, in encode
    return codecs.charmap_encode(input,self.errors,encoding_table)[0]
           ~~~~~~~~~~~~~~~~~~~~~^^^^^^^^^^^^^^^^^^^^^^^^^^^^^^^^^^
UnicodeEncodeError: 'charmap' codec can't encode character '\U0001f4c4' in position 5: character maps to <undefined>
Call stack:
  File "C:\scripts\1repo\run_mvp.py", line 680, in <module>
    main()
  File "C:\scripts\1repo\run_mvp.py", line 652, in main
    results = orchestrator.run_single(
  File "C:\scripts\1repo\run_mvp.py", line 222, in run_single
    log_stage(logger, stage, "Starting")
  File "C:\scripts\1repo\am_logging.py", line 613, in log_stage
    log_section(logger, f"{emoji} {action}: {stage.upper()}", "INFO")
  File "C:\scripts\1repo\am_logging.py", line 588, in log_section
    log_func(f"  {title}")
Message: '  \U0001f4c4 Starting: STRUCTURAL'
Arguments: ()
2025-11-01 01:13:51,542 - __main__ - INFO - ============================================================
2025-11-01 01:13:51,542 - am_common - INFO - Loading config: config\batch_full.yaml
2025-11-01 01:13:51,556 - am_common - INFO - Config loaded successfully
2025-11-01 01:13:51,557 - am_structural_robust - INFO - Text extractor chain: ['pdfminer', 'pdfplumber', 'pypdf2']
2025-11-01 01:13:51,557 - am_structural_robust - INFO - Table extractor chain: ['pdfplumber']
2025-11-01 01:13:51,557 - am_structural_robust - INFO - Processing: Continuous_Discovery_Habits_-_Teresa_Torres.pdf
2025-11-01 01:13:51,610 - am_structural_robust - INFO - PDF: Continuous Discovery Habits: Discover Products that Create Customer Value and Business Value
2025-11-01 01:13:51,649 - am_structural_robust - INFO - Total pages: 201
2025-11-01 01:13:51,736 - am_structural_robust - ERROR - [X] Page 0: All extractors failed
2025-11-01 01:13:51,861 - am_structural_robust - ERROR - [X] Page 1: All extractors failed
2025-11-01 01:13:58,223 - am_structural_robust - INFO -   Processed 50/201 pages
2025-11-01 01:14:04,668 - am_structural_robust - ERROR - [X] Page 96: All extractors failed
2025-11-01 01:14:05,052 - am_structural_robust - INFO -   Processed 100/201 pages
2025-11-01 01:14:12,165 - am_structural_robust - INFO -   Processed 150/201 pages
2025-11-01 01:14:19,262 - am_structural_robust - ERROR - [X] Page 199: All extractors failed
2025-11-01 01:14:19,299 - am_structural_robust - INFO -   Processed 200/201 pages
2025-11-01 01:14:19,428 - am_structural_robust - INFO - Extraction complete: 201 success, 0 failed
2025-11-01 01:14:19,428 - am_structural_robust - INFO -   Methods used: {'pypdf2': 3, 'pdfminer': 194}
2025-11-01 01:14:19,428 - am_structural_robust - INFO -   OCR used: 0 pages
2025-11-01 01:14:19,428 - am_structural_robust - INFO -   Tables found: 0
2025-11-01 01:14:19,430 - am_common - INFO - Saving dataset: C:\scripts\1repo\data\datasets\structural\continuous_discovery_habits_-_teresa_torres.dataset.jsonl (201 cards)
2025-11-01 01:14:19,433 - am_common - INFO - Saved: 201 cards to continuous_discovery_habits_-_teresa_torres.dataset.jsonl (415.64 KB)
2025-11-01 01:14:19,433 - am_structural_robust - INFO - Dataset saved: 415.64 KB
2025-11-01 01:14:19,434 - quality_tracker - INFO - Starting: track_quality
2025-11-01 01:14:19,434 - quality_tracker - INFO - structural metrics:
2025-11-01 01:14:19,434 - quality_tracker - INFO -   total_pages: 201
2025-11-01 01:14:19,434 - quality_tracker - INFO -   success_pages: 201
2025-11-01 01:14:19,434 - quality_tracker - INFO -   failed_pages: 0
2025-11-01 01:14:19,434 - quality_tracker - INFO -   success_ratio: 1.0000
2025-11-01 01:14:19,434 - quality_tracker - INFO -   empty_pages: 8
2025-11-01 01:14:19,434 - quality_tracker - INFO -   avg_page_length: 1858.7363
2025-11-01 01:14:19,434 - quality_tracker - INFO -   extraction_methods: {'pypdf2': 3, 'pdfminer': 194}
2025-11-01 01:14:19,434 - quality_tracker - INFO -   ocr_used: 0
2025-11-01 01:14:19,434 - quality_tracker - INFO -   tables_found: 0
2025-11-01 01:14:19,434 - quality_tracker - INFO--- Logging error ---
Traceback (most recent call last):
  File "C:\Users\Dimon\AppData\Local\Programs\Python\Python313\Lib\logging\__init__.py", line 1154, in emit
    stream.write(msg + self.terminator)
    ~~~~~~~~~~~~^^^^^^^^^^^^^^^^^^^^^^^
  File "C:\Users\Dimon\AppData\Local\Programs\Python\Python313\Lib\site-packages\colorama\ansitowin32.py", line 47, in write
    self.__convertor.write(text)
    ~~~~~~~~~~~~~~~~~~~~~~^^^^^^
  File "C:\Users\Dimon\AppData\Local\Programs\Python\Python313\Lib\site-packages\colorama\ansitowin32.py", line 177, in write
    self.write_and_convert(text)
    ~~~~~~~~~~~~~~~~~~~~~~^^^^^^
  File "C:\Users\Dimon\AppData\Local\Programs\Python\Python313\Lib\site-packages\colorama\ansitowin32.py", line 205, in write_and_convert
    self.write_plain_text(text, cursor, len(text))
    ~~~~~~~~~~~~~~~~~~~~~^^^^^^^^^^^^^^^^^^^^^^^^^
  File "C:\Users\Dimon\AppData\Local\Programs\Python\Python313\Lib\site-packages\colorama\ansitowin32.py", line 210, in write_plain_text
    self.wrapped.write(text[start:end])
    ~~~~~~~~~~~~~~~~~~^^^^^^^^^^^^^^^^^
  File "C:\Users\Dimon\AppData\Local\Programs\Python\Python313\Lib\encodings\cp1251.py", line 19, in encode
    return codecs.charmap_encode(input,self.errors,encoding_table)[0]
           ~~~~~~~~~~~~~~~~~~~~~^^^^^^^^^^^^^^^^^^^^^^^^^^^^^^^^^^
UnicodeEncodeError: 'charmap' codec can't encode character '\u2713' in position 3: character maps to <undefined>
Call stack:
  File "C:\scripts\1repo\run_mvp.py", line 680, in <module>
    main()
  File "C:\scripts\1repo\run_mvp.py", line 652, in main
    results = orchestrator.run_single(
  File "C:\scripts\1repo\run_mvp.py", line 226, in run_single
    stage_result = self._run_stage(stage, current_input)
  File "C:\scripts\1repo\run_mvp.py", line 409, in _run_stage
    return processor.process_pdf(input_path, output_dir)
  File "C:\scripts\1repo\am_structural_robust.py", line 569, in process_pdf
    self.quality_tracker.track('structural', pdf_path.name, metrics)
  File "C:\scripts\1repo\quality_tracker.py", line 171, in track
    logger.info(f"\u2713 Quality thresholds passed for {stage}")
Message: '\u2713 Quality thresholds passed for structural'
Arguments: ()
2025-11-01 01:14:19,436 - quality_tracker - INFO - Completed: track_quality (0.00s)
2025-11-01 01:14:19,436 - am_structural_robust - INFO - [OK] Saved: continuous_discovery_habits_-_teresa_torres.dataset.jsonl
2025-11-01 01:14:19,436 - validate - INFO - Validating structural: continuous_discovery_habits_-_teresa_torres.dataset.jsonl
2025-11-01 01:14:19,436 - am_common - INFO - Loading dataset: C:\scripts\1repo\data\datasets\structural\continuous_discovery_habits_-_teresa_torres.dataset.jsonl
2025-11-01 01:14:19,456 - am_common - INFO - Loaded: 201 cards from continuous_discovery_habits_-_teresa_torres.dataset.jsonl
2025-11-01 01:14:19,457 - validate - INFO - [OK] VALID - continuous_discovery_habits_-_teresa_torres.dataset.jsonl
2025-11-01 01:14:19,457 - __main__ - INFO - ============================================================
2025-11-01 01:14:19,457 - __main__ - INFO--- Logging error ---
Traceback (most recent call last):
  File "C:\Users\Dimon\AppData\Local\Programs\Python\Python313\Lib\logging\__init__.py", line 1154, in emit
    stream.write(msg + self.terminator)
    ~~~~~~~~~~~~^^^^^^^^^^^^^^^^^^^^^^^
  File "C:\Users\Dimon\AppData\Local\Programs\Python\Python313\Lib\site-packages\colorama\ansitowin32.py", line 47, in write
    self.__convertor.write(text)
    ~~~~~~~~~~~~~~~~~~~~~~^^^^^^
  File "C:\Users\Dimon\AppData\Local\Programs\Python\Python313\Lib\site-packages\colorama\ansitowin32.py", line 177, in write
    self.write_and_convert(text)
    ~~~~~~~~~~~~~~~~~~~~~~^^^^^^
  File "C:\Users\Dimon\AppData\Local\Programs\Python\Python313\Lib\site-packages\colorama\ansitowin32.py", line 205, in write_and_convert
    self.write_plain_text(text, cursor, len(text))
    ~~~~~~~~~~~~~~~~~~~~~^^^^^^^^^^^^^^^^^^^^^^^^^
  File "C:\Users\Dimon\AppData\Local\Programs\Python\Python313\Lib\site-packages\colorama\ansitowin32.py", line 210, in write_plain_text
    self.wrapped.write(text[start:end])
    ~~~~~~~~~~~~~~~~~~^^^^^^^^^^^^^^^^^
  File "C:\Users\Dimon\AppData\Local\Programs\Python\Python313\Lib\encodings\cp1251.py", line 19, in encode
    return codecs.charmap_encode(input,self.errors,encoding_table)[0]
           ~~~~~~~~~~~~~~~~~~~~~^^^^^^^^^^^^^^^^^^^^^^^^^^^^^^^^^^
UnicodeEncodeError: 'charmap' codec can't encode character '\U0001f4c4' in position 5: character maps to <undefined>
Call stack:
  File "C:\scripts\1repo\run_mvp.py", line 680, in <module>
    main()
  File "C:\scripts\1repo\run_mvp.py", line 652, in main
    results = orchestrator.run_single(
  File "C:\scripts\1repo\run_mvp.py", line 253, in run_single
    log_stage(logger, stage, "Completed")
  File "C:\scripts\1repo\am_logging.py", line 613, in log_stage
    log_section(logger, f"{emoji} {action}: {stage.upper()}", "INFO")
  File "C:\scripts\1repo\am_logging.py", line 588, in log_section
    log_func(f"  {title}")
Message: '  \U0001f4c4 Completed: STRUCTURAL'
Arguments: ()
2025-11-01 01:14:19,457 - __main__ - INFO - ============================================================
2025-11-01 01:14:19,457 - __main__ - INFO - ============================================================
2025-11-01 01:14:19,458 - __main__ - INFO--- Logging error ---
Traceback (most recent call last):
  File "C:\Users\Dimon\AppData\Local\Programs\Python\Python313\Lib\logging\__init__.py", line 1154, in emit
    stream.write(msg + self.terminator)
    ~~~~~~~~~~~~^^^^^^^^^^^^^^^^^^^^^^^
  File "C:\Users\Dimon\AppData\Local\Programs\Python\Python313\Lib\site-packages\colorama\ansitowin32.py", line 47, in write
    self.__convertor.write(text)
    ~~~~~~~~~~~~~~~~~~~~~~^^^^^^
  File "C:\Users\Dimon\AppData\Local\Programs\Python\Python313\Lib\site-packages\colorama\ansitowin32.py", line 177, in write
    self.write_and_convert(text)
    ~~~~~~~~~~~~~~~~~~~~~~^^^^^^
  File "C:\Users\Dimon\AppData\Local\Programs\Python\Python313\Lib\site-packages\colorama\ansitowin32.py", line 205, in write_and_convert
    self.write_plain_text(text, cursor, len(text))
    ~~~~~~~~~~~~~~~~~~~~~^^^^^^^^^^^^^^^^^^^^^^^^^
  File "C:\Users\Dimon\AppData\Local\Programs\Python\Python313\Lib\site-packages\colorama\ansitowin32.py", line 210, in write_plain_text
    self.wrapped.write(text[start:end])
    ~~~~~~~~~~~~~~~~~~^^^^^^^^^^^^^^^^^
  File "C:\Users\Dimon\AppData\Local\Programs\Python\Python313\Lib\encodings\cp1251.py", line 19, in encode
    return codecs.charmap_encode(input,self.errors,encoding_table)[0]
           ~~~~~~~~~~~~~~~~~~~~~^^^^^^^^^^^^^^^^^^^^^^^^^^^^^^^^^^
UnicodeEncodeError: 'charmap' codec can't encode character '\U0001f4d6' in position 5: character maps to <undefined>
Call stack:
  File "C:\scripts\1repo\run_mvp.py", line 680, in <module>
    main()
  File "C:\scripts\1repo\run_mvp.py", line 652, in main
    results = orchestrator.run_single(
  File "C:\scripts\1repo\run_mvp.py", line 222, in run_single
    log_stage(logger, stage, "Starting")
  File "C:\scripts\1repo\am_logging.py", line 613, in log_stage
    log_section(logger, f"{emoji} {action}: {stage.upper()}", "INFO")
  File "C:\scripts\1repo\am_logging.py", line 588, in log_section
    log_func(f"  {title}")
Message: '  \U0001f4d6 Starting: STRUCTURE_DETECT'
Arguments: ()
2025-11-01 01:14:19,458 - __main__ - INFO - ============================================================
2025-11-01 01:14:19,458 - am_common - INFO - Loading config: config\batch_full.yaml
2025-11-01 01:14:19,473 - am_common - INFO - Config loaded successfully
2025-11-01 01:14:19,474 - am_structure_detect - INFO - Processing: continuous_discovery_habits_-_teresa_torres.dataset.jsonl
2025-11-01 01:14:19,474 - am_common - INFO - Loading dataset: C:\scripts\1repo\data\datasets\structural\continuous_discovery_habits_-_teresa_torres.dataset.jsonl
2025-11-01 01:14:19,476 - am_common - INFO - Loaded: 201 cards from continuous_discovery_habits_-_teresa_torres.dataset.jsonl
2025-11-01 01:14:19,477 - am_structure_detect - INFO - TOC found: pages 5-5
2025-11-01 01:14:19,477 - am_structure_detect - INFO - Detected 1 chapters
2025-11-01 01:14:19,478 - am_structure_detect - INFO - Detected 0 sections
2025-11-01 01:14:19,479 - am_common - INFO - Saving dataset: C:\scripts\1repo\data\datasets\structured\continuous_discovery_habits_-_teresa_torres.dataset.jsonl (201 cards)
2025-11-01 01:14:19,482 - am_common - INFO - Saved: 201 cards to continuous_discovery_habits_-_teresa_torres.dataset.jsonl (435.22 KB)
2025-11-01 01:14:19,482 - quality_tracker - INFO - Starting: track_quality
2025-11-01 01:14:19,482 - quality_tracker - INFO - structure_detect metrics:
2025-11-01 01:14:19,483 - quality_tracker - INFO -   total_pages: 201
2025-11-01 01:14:19,483 - quality_tracker - INFO -   chapters_detected: 1
2025-11-01 01:14:19,483 - quality_tracker - INFO -   sections_detected: 0
2025-11-01 01:14:19,483 - quality_tracker - INFO -   pages_with_structure: 30
2025-11-01 01:14:19,483 - quality_tracker - INFO -   structure_coverage: 0.1493
2025-11-01 01:14:19,483 - quality_tracker - INFO -   avg_chapter_length: 201.0000
2025-11-01 01:14:19,483 - quality_tracker - INFO--- Logging error ---
Traceback (most recent call last):
  File "C:\Users\Dimon\AppData\Local\Programs\Python\Python313\Lib\logging\__init__.py", line 1154, in emit
    stream.write(msg + self.terminator)
    ~~~~~~~~~~~~^^^^^^^^^^^^^^^^^^^^^^^
  File "C:\Users\Dimon\AppData\Local\Programs\Python\Python313\Lib\site-packages\colorama\ansitowin32.py", line 47, in write
    self.__convertor.write(text)
    ~~~~~~~~~~~~~~~~~~~~~~^^^^^^
  File "C:\Users\Dimon\AppData\Local\Programs\Python\Python313\Lib\site-packages\colorama\ansitowin32.py", line 177, in write
    self.write_and_convert(text)
    ~~~~~~~~~~~~~~~~~~~~~~^^^^^^
  File "C:\Users\Dimon\AppData\Local\Programs\Python\Python313\Lib\site-packages\colorama\ansitowin32.py", line 205, in write_and_convert
    self.write_plain_text(text, cursor, len(text))
    ~~~~~~~~~~~~~~~~~~~~~^^^^^^^^^^^^^^^^^^^^^^^^^
  File "C:\Users\Dimon\AppData\Local\Programs\Python\Python313\Lib\site-packages\colorama\ansitowin32.py", line 210, in write_plain_text
    self.wrapped.write(text[start:end])
    ~~~~~~~~~~~~~~~~~~^^^^^^^^^^^^^^^^^
  File "C:\Users\Dimon\AppData\Local\Programs\Python\Python313\Lib\encodings\cp1251.py", line 19, in encode
    return codecs.charmap_encode(input,self.errors,encoding_table)[0]
           ~~~~~~~~~~~~~~~~~~~~~^^^^^^^^^^^^^^^^^^^^^^^^^^^^^^^^^^
UnicodeEncodeError: 'charmap' codec can't encode character '\u2713' in position 3: character maps to <undefined>
Call stack:
  File "C:\scripts\1repo\run_mvp.py", line 680, in <module>
    main()
  File "C:\scripts\1repo\run_mvp.py", line 652, in main
    results = orchestrator.run_single(
  File "C:\scripts\1repo\run_mvp.py", line 226, in run_single
    stage_result = self._run_stage(stage, current_input)
  File "C:\scripts\1repo\run_mvp.py", line 419, in _run_stage
    return processor.process_dataset(input_path, output_dir)
  File "C:\scripts\1repo\am_structure_detect.py", line 309, in process_dataset
    self.quality_tracker.track('structure_detect', input_path.name, metrics)
  File "C:\scripts\1repo\quality_tracker.py", line 171, in track
    logger.info(f"\u2713 Quality thresholds passed for {stage}")
Message: '\u2713 Quality thresholds passed for structure_detect'
Arguments: ()
2025-11-01 01:14:19,484 - quality_tracker - INFO - Completed: track_quality (0.00s)
2025-11-01 01:14:19,484 - am_structure_detect - INFO - Saved: continuous_discovery_habits_-_teresa_torres.dataset.jsonl
2025-11-01 01:14:19,484 - __main__ - ERROR - Validation failed: Unknown stage: structure_detect
2025-11-01 01:14:19,484 - __main__ - WARNING - Validation issues: 1 errors
2025-11-01 01:14:19,484 - __main__ - INFO - ============================================================
2025-11-01 01:14:19,484 - __main__ - INFO--- Logging error ---
Traceback (most recent call last):
  File "C:\Users\Dimon\AppData\Local\Programs\Python\Python313\Lib\logging\__init__.py", line 1154, in emit
    stream.write(msg + self.terminator)
    ~~~~~~~~~~~~^^^^^^^^^^^^^^^^^^^^^^^
  File "C:\Users\Dimon\AppData\Local\Programs\Python\Python313\Lib\site-packages\colorama\ansitowin32.py", line 47, in write
    self.__convertor.write(text)
    ~~~~~~~~~~~~~~~~~~~~~~^^^^^^
  File "C:\Users\Dimon\AppData\Local\Programs\Python\Python313\Lib\site-packages\colorama\ansitowin32.py", line 177, in write
    self.write_and_convert(text)
    ~~~~~~~~~~~~~~~~~~~~~~^^^^^^
  File "C:\Users\Dimon\AppData\Local\Programs\Python\Python313\Lib\site-packages\colorama\ansitowin32.py", line 205, in write_and_convert
    self.write_plain_text(text, cursor, len(text))
    ~~~~~~~~~~~~~~~~~~~~~^^^^^^^^^^^^^^^^^^^^^^^^^
  File "C:\Users\Dimon\AppData\Local\Programs\Python\Python313\Lib\site-packages\colorama\ansitowin32.py", line 210, in write_plain_text
    self.wrapped.write(text[start:end])
    ~~~~~~~~~~~~~~~~~~^^^^^^^^^^^^^^^^^
  File "C:\Users\Dimon\AppData\Local\Programs\Python\Python313\Lib\encodings\cp1251.py", line 19, in encode
    return codecs.charmap_encode(input,self.errors,encoding_table)[0]
           ~~~~~~~~~~~~~~~~~~~~~^^^^^^^^^^^^^^^^^^^^^^^^^^^^^^^^^^
UnicodeEncodeError: 'charmap' codec can't encode character '\U0001f4d6' in position 5: character maps to <undefined>
Call stack:
  File "C:\scripts\1repo\run_mvp.py", line 680, in <module>
    main()
  File "C:\scripts\1repo\run_mvp.py", line 652, in main
    results = orchestrator.run_single(
  File "C:\scripts\1repo\run_mvp.py", line 253, in run_single
    log_stage(logger, stage, "Completed")
  File "C:\scripts\1repo\am_logging.py", line 613, in log_stage
    log_section(logger, f"{emoji} {action}: {stage.upper()}", "INFO")
  File "C:\scripts\1repo\am_logging.py", line 588, in log_section
    log_func(f"  {title}")
Message: '  \U0001f4d6 Completed: STRUCTURE_DETECT'
Arguments: ()
2025-11-01 01:14:19,485 - __main__ - INFO - ============================================================
2025-11-01 01:14:19,485 - __main__ - INFO - ============================================================
2025-11-01 01:14:19,485 - __main__ - INFO--- Logging error ---
Traceback (most recent call last):
  File "C:\Users\Dimon\AppData\Local\Programs\Python\Python313\Lib\logging\__init__.py", line 1154, in emit
    stream.write(msg + self.terminator)
    ~~~~~~~~~~~~^^^^^^^^^^^^^^^^^^^^^^^
  File "C:\Users\Dimon\AppData\Local\Programs\Python\Python313\Lib\site-packages\colorama\ansitowin32.py", line 47, in write
    self.__convertor.write(text)
    ~~~~~~~~~~~~~~~~~~~~~~^^^^^^
  File "C:\Users\Dimon\AppData\Local\Programs\Python\Python313\Lib\site-packages\colorama\ansitowin32.py", line 177, in write
    self.write_and_convert(text)
    ~~~~~~~~~~~~~~~~~~~~~~^^^^^^
  File "C:\Users\Dimon\AppData\Local\Programs\Python\Python313\Lib\site-packages\colorama\ansitowin32.py", line 205, in write_and_convert
    self.write_plain_text(text, cursor, len(text))
    ~~~~~~~~~~~~~~~~~~~~~^^^^^^^^^^^^^^^^^^^^^^^^^
  File "C:\Users\Dimon\AppData\Local\Programs\Python\Python313\Lib\site-packages\colorama\ansitowin32.py", line 210, in write_plain_text
    self.wrapped.write(text[start:end])
    ~~~~~~~~~~~~~~~~~~^^^^^^^^^^^^^^^^^
  File "C:\Users\Dimon\AppData\Local\Programs\Python\Python313\Lib\encodings\cp1251.py", line 19, in encode
    return codecs.charmap_encode(input,self.errors,encoding_table)[0]
           ~~~~~~~~~~~~~~~~~~~~~^^^^^^^^^^^^^^^^^^^^^^^^^^^^^^^^^^
UnicodeEncodeError: 'charmap' codec can't encode character '\U0001f4dd' in position 5: character maps to <undefined>
Call stack:
  File "C:\scripts\1repo\run_mvp.py", line 680, in <module>
    main()
  File "C:\scripts\1repo\run_mvp.py", line 652, in main
    results = orchestrator.run_single(
  File "C:\scripts\1repo\run_mvp.py", line 222, in run_single
    log_stage(logger, stage, "Starting")
  File "C:\scripts\1repo\am_logging.py", line 613, in log_stage
    log_section(logger, f"{emoji} {action}: {stage.upper()}", "INFO")
  File "C:\scripts\1repo\am_logging.py", line 588, in log_section
    log_func(f"  {title}")
Message: '  \U0001f4dd Starting: SUMMARIZE'
Arguments: ()
2025-11-01 01:14:19,485 - __main__ - INFO - ============================================================
2025-11-01 01:14:19,485 - am_common - INFO - Loading config: config\batch_full.yaml
2025-11-01 01:14:19,500 - am_common - INFO - Config loaded successfully
2025-11-01 01:14:19,500 - am_summarize - INFO - Processing: continuous_discovery_habits_-_teresa_torres.dataset.jsonl
2025-11-01 01:14:19,500 - am_common - INFO - Loading dataset: C:\scripts\1repo\data\datasets\structured\continuous_discovery_habits_-_teresa_torres.dataset.jsonl
2025-11-01 01:14:19,511 - am_common - INFO - Loaded: 201 cards from continuous_discovery_habits_-_teresa_torres.dataset.jsonl
2025-11-01 01:14:19,635 - am_summarize - INFO - Summarized 193 pages, skipped 8
2025-11-01 01:14:19,636 - am_common - INFO - Saving dataset: C:\scripts\1repo\data\datasets\summarized\continuous_discovery_habits_-_teresa_torres.dataset.jsonl (201 cards)
2025-11-01 01:14:19,640 - am_common - INFO - Saved: 201 cards to continuous_discovery_habits_-_teresa_torres.dataset.jsonl (584.58 KB)
2025-11-01 01:14:19,640 - quality_tracker - INFO - Starting: track_quality
2025-11-01 01:14:19,641 - quality_tracker - INFO - summarize metrics:
2025-11-01 01:14:19,641 - quality_tracker - INFO -   total_pages: 201
2025-11-01 01:14:19,641 - quality_tracker - INFO -   summarized_pages: 193
2025-11-01 01:14:19,641 - quality_tracker - INFO -   skipped_pages: 8
2025-11-01 01:14:19,641 - quality_tracker - INFO -   summary_coverage: 0.9602
2025-11-01 01:14:19,641 - quality_tracker - INFO -   avg_l1_length: 222.4611
2025-11-01 01:14:19,641 - quality_tracker - INFO -   avg_l2_length: 518.5648
2025-11-01 01:14:19,641 - quality_tracker - INFO -   avg_compression_ratio: 9.2800
2025-11-01 01:14:19,641 - quality_tracker - INFO--- Logging error ---
Traceback (most recent call last):
  File "C:\Users\Dimon\AppData\Local\Programs\Python\Python313\Lib\logging\__init__.py", line 1154, in emit
    stream.write(msg + self.terminator)
    ~~~~~~~~~~~~^^^^^^^^^^^^^^^^^^^^^^^
  File "C:\Users\Dimon\AppData\Local\Programs\Python\Python313\Lib\site-packages\colorama\ansitowin32.py", line 47, in write
    self.__convertor.write(text)
    ~~~~~~~~~~~~~~~~~~~~~~^^^^^^
  File "C:\Users\Dimon\AppData\Local\Programs\Python\Python313\Lib\site-packages\colorama\ansitowin32.py", line 177, in write
    self.write_and_convert(text)
    ~~~~~~~~~~~~~~~~~~~~~~^^^^^^
  File "C:\Users\Dimon\AppData\Local\Programs\Python\Python313\Lib\site-packages\colorama\ansitowin32.py", line 205, in write_and_convert
    self.write_plain_text(text, cursor, len(text))
    ~~~~~~~~~~~~~~~~~~~~~^^^^^^^^^^^^^^^^^^^^^^^^^
  File "C:\Users\Dimon\AppData\Local\Programs\Python\Python313\Lib\site-packages\colorama\ansitowin32.py", line 210, in write_plain_text
    self.wrapped.write(text[start:end])
    ~~~~~~~~~~~~~~~~~~^^^^^^^^^^^^^^^^^
  File "C:\Users\Dimon\AppData\Local\Programs\Python\Python313\Lib\encodings\cp1251.py", line 19, in encode
    return codecs.charmap_encode(input,self.errors,encoding_table)[0]
           ~~~~~~~~~~~~~~~~~~~~~^^^^^^^^^^^^^^^^^^^^^^^^^^^^^^^^^^
UnicodeEncodeError: 'charmap' codec can't encode character '\u2713' in position 3: character maps to <undefined>
Call stack:
  File "C:\scripts\1repo\run_mvp.py", line 680, in <module>
    main()
  File "C:\scripts\1repo\run_mvp.py", line 652, in main
    results = orchestrator.run_single(
  File "C:\scripts\1repo\run_mvp.py", line 226, in run_single
    stage_result = self._run_stage(stage, current_input)
  File "C:\scripts\1repo\run_mvp.py", line 419, in _run_stage
    return processor.process_dataset(input_path, output_dir)
  File "C:\scripts\1repo\am_summarize.py", line 281, in process_dataset
    self.quality_tracker.track('summarize', input_path.name, metrics)
  File "C:\scripts\1repo\quality_tracker.py", line 171, in track
    logger.info(f"\u2713 Quality thresholds passed for {stage}")
Message: '\u2713 Quality thresholds passed for summarize'
Arguments: ()
2025-11-01 01:14:19,642 - quality_tracker - INFO - Completed: track_quality (0.00s)
2025-11-01 01:14:19,642 - am_summarize - INFO - Saved: continuous_discovery_habits_-_teresa_torres.dataset.jsonl
2025-11-01 01:14:19,642 - __main__ - ERROR - Validation failed: Unknown stage: summarize
2025-11-01 01:14:19,642 - __main__ - WARNING - Validation issues: 1 errors
2025-11-01 01:14:19,642 - __main__ - INFO - ============================================================
2025-11-01 01:14:19,642 - __main__ - INFO--- Logging error ---
Traceback (most recent call last):
  File "C:\Users\Dimon\AppData\Local\Programs\Python\Python313\Lib\logging\__init__.py", line 1154, in emit
    stream.write(msg + self.terminator)
    ~~~~~~~~~~~~^^^^^^^^^^^^^^^^^^^^^^^
  File "C:\Users\Dimon\AppData\Local\Programs\Python\Python313\Lib\site-packages\colorama\ansitowin32.py", line 47, in write
    self.__convertor.write(text)
    ~~~~~~~~~~~~~~~~~~~~~~^^^^^^
  File "C:\Users\Dimon\AppData\Local\Programs\Python\Python313\Lib\site-packages\colorama\ansitowin32.py", line 177, in write
    self.write_and_convert(text)
    ~~~~~~~~~~~~~~~~~~~~~~^^^^^^
  File "C:\Users\Dimon\AppData\Local\Programs\Python\Python313\Lib\site-packages\colorama\ansitowin32.py", line 205, in write_and_convert
    self.write_plain_text(text, cursor, len(text))
    ~~~~~~~~~~~~~~~~~~~~~^^^^^^^^^^^^^^^^^^^^^^^^^
  File "C:\Users\Dimon\AppData\Local\Programs\Python\Python313\Lib\site-packages\colorama\ansitowin32.py", line 210, in write_plain_text
    self.wrapped.write(text[start:end])
    ~~~~~~~~~~~~~~~~~~^^^^^^^^^^^^^^^^^
  File "C:\Users\Dimon\AppData\Local\Programs\Python\Python313\Lib\encodings\cp1251.py", line 19, in encode
    return codecs.charmap_encode(input,self.errors,encoding_table)[0]
           ~~~~~~~~~~~~~~~~~~~~~^^^^^^^^^^^^^^^^^^^^^^^^^^^^^^^^^^
UnicodeEncodeError: 'charmap' codec can't encode character '\U0001f4dd' in position 5: character maps to <undefined>
Call stack:
  File "C:\scripts\1repo\run_mvp.py", line 680, in <module>
    main()
  File "C:\scripts\1repo\run_mvp.py", line 652, in main
    results = orchestrator.run_single(
  File "C:\scripts\1repo\run_mvp.py", line 253, in run_single
    log_stage(logger, stage, "Completed")
  File "C:\scripts\1repo\am_logging.py", line 613, in log_stage
    log_section(logger, f"{emoji} {action}: {stage.upper()}", "INFO")
  File "C:\scripts\1repo\am_logging.py", line 588, in log_section
    log_func(f"  {title}")
Message: '  \U0001f4dd Completed: SUMMARIZE'
Arguments: ()
2025-11-01 01:14:19,643 - __main__ - INFO - ============================================================
2025-11-01 01:14:19,643 - __main__ - INFO - ============================================================
2025-11-01 01:14:19,643 - __main__ - INFO--- Logging error ---
Traceback (most recent call last):
  File "C:\Users\Dimon\AppData\Local\Programs\Python\Python313\Lib\logging\__init__.py", line 1154, in emit
    stream.write(msg + self.terminator)
    ~~~~~~~~~~~~^^^^^^^^^^^^^^^^^^^^^^^
  File "C:\Users\Dimon\AppData\Local\Programs\Python\Python313\Lib\site-packages\colorama\ansitowin32.py", line 47, in write
    self.__convertor.write(text)
    ~~~~~~~~~~~~~~~~~~~~~~^^^^^^
  File "C:\Users\Dimon\AppData\Local\Programs\Python\Python313\Lib\site-packages\colorama\ansitowin32.py", line 177, in write
    self.write_and_convert(text)
    ~~~~~~~~~~~~~~~~~~~~~~^^^^^^
  File "C:\Users\Dimon\AppData\Local\Programs\Python\Python313\Lib\site-packages\colorama\ansitowin32.py", line 205, in write_and_convert
    self.write_plain_text(text, cursor, len(text))
    ~~~~~~~~~~~~~~~~~~~~~^^^^^^^^^^^^^^^^^^^^^^^^^
  File "C:\Users\Dimon\AppData\Local\Programs\Python\Python313\Lib\site-packages\colorama\ansitowin32.py", line 210, in write_plain_text
    self.wrapped.write(text[start:end])
    ~~~~~~~~~~~~~~~~~~^^^^^^^^^^^^^^^^^
  File "C:\Users\Dimon\AppData\Local\Programs\Python\Python313\Lib\encodings\cp1251.py", line 19, in encode
    return codecs.charmap_encode(input,self.errors,encoding_table)[0]
           ~~~~~~~~~~~~~~~~~~~~~^^^^^^^^^^^^^^^^^^^^^^^^^^^^^^^^^^
UnicodeEncodeError: 'charmap' codec can't encode character '\U0001f916' in position 5: character maps to <undefined>
Call stack:
  File "C:\scripts\1repo\run_mvp.py", line 680, in <module>
    main()
  File "C:\scripts\1repo\run_mvp.py", line 652, in main
    results = orchestrator.run_single(
  File "C:\scripts\1repo\run_mvp.py", line 222, in run_single
    log_stage(logger, stage, "Starting")
  File "C:\scripts\1repo\am_logging.py", line 613, in log_stage
    log_section(logger, f"{emoji} {action}: {stage.upper()}", "INFO")
  File "C:\scripts\1repo\am_logging.py", line 588, in log_section
    log_func(f"  {title}")
Message: '  \U0001f916 Starting: EXTENDED'
Arguments: ()
2025-11-01 01:14:19,644 - __main__ - INFO - ============================================================
2025-11-01 01:14:19,644 - am_common - INFO - Loading config: config\batch_full.yaml
2025-11-01 01:14:19,658 - am_common - INFO - Config loaded successfully
2025-11-01 01:14:19,683 - am_extended - INFO - Ollama available, using model: llama3.2:3b
2025-11-01 01:14:19,683 - am_extended - INFO - Processing: continuous_discovery_habits_-_teresa_torres.dataset.jsonl
2025-11-01 01:14:19,684 - am_common - INFO - Loading dataset: C:\scripts\1repo\data\datasets\summarized\continuous_discovery_habits_-_teresa_torres.dataset.jsonl
2025-11-01 01:14:19,697 - am_common - INFO - Loaded: 201 cards from continuous_discovery_habits_-_teresa_torres.dataset.jsonl
2025-11-01 01:14:19,702 - am_extended - INFO - Marked 0 duplicate pages
2025-11-01 01:14:19,724 - am_extended - INFO - Found 39 continuity gaps
2025-11-01 01:14:19,724 - am_extended - INFO - Extracting extended fields (this may take a while)...
2025-11-01 01:14:19,745 - am_extended - ERROR - Ollama API error: 404
2025-11-01 01:14:19,775 - am_extended - ERROR - Ollama API error: 404
2025-11-01 01:14:19,806 - am_extended - ERROR - Ollama API error: 404
2025-11-01 01:14:19,837 - am_extended - ERROR - Ollama API error: 404
2025-11-01 01:14:19,868 - am_extended - ERROR - Ollama API error: 404
2025-11-01 01:14:19,899 - am_extended - ERROR - Ollama API error: 404
2025-11-01 01:14:19,914 - am_extended - ERROR - Ollama API error: 404
2025-11-01 01:14:19,914 - am_extended - INFO -   Processed 10/201 pages
2025-11-01 01:14:19,946 - am_extended - ERROR - Ollama API error: 404
2025-11-01 01:14:19,976 - am_extended - ERROR - Ollama API error: 404
2025-11-01 01:14:19,992 - am_extended - ERROR - Ollama API error: 404
2025-11-01 01:14:19,995 - am_extended - ERROR - Ollama API error: 404
2025-11-01 01:14:20,024 - am_extended - ERROR - Ollama API error: 404
2025-11-01 01:14:20,040 - am_extended - ERROR - Ollama API error: 404
2025-11-01 01:14:20,069 - am_extended - ERROR - Ollama API error: 404
2025-11-01 01:14:20,101 - am_extended - ERROR - Ollama API error: 404
2025-11-01 01:14:20,132 - am_extended - ERROR - Ollama API error: 404
2025-11-01 01:14:20,132 - am_extended - INFO -   Processed 20/201 pages
2025-11-01 01:14:20,148 - am_extended - ERROR - Ollama API error: 404
2025-11-01 01:14:20,179 - am_extended - ERROR - Ollama API error: 404
2025-11-01 01:14:20,210 - am_extended - ERROR - Ollama API error: 404
2025-11-01 01:14:20,241 - am_extended - ERROR - Ollama API error: 404
2025-11-01 01:14:20,257 - am_extended - ERROR - Ollama API error: 404
2025-11-01 01:14:20,272 - am_extended - ERROR - Ollama API error: 404
2025-11-01 01:14:20,303 - am_extended - ERROR - Ollama API error: 404
2025-11-01 01:14:20,335 - am_extended - ERROR - Ollama API error: 404
2025-11-01 01:14:20,351 - am_extended - ERROR - Ollama API error: 404
2025-11-01 01:14:20,382 - am_extended - ERROR - Ollama API error: 404
2025-11-01 01:14:20,382 - am_extended - INFO -   Processed 30/201 pages
2025-11-01 01:14:20,413 - am_extended - ERROR - Ollama API error: 404
2025-11-01 01:14:20,444 - am_extended - ERROR - Ollama API error: 404
2025-11-01 01:14:20,476 - am_extended - ERROR - Ollama API error: 404
2025-11-01 01:14:20,506 - am_extended - ERROR - Ollama API error: 404
2025-11-01 01:14:20,537 - am_extended - ERROR - Ollama API error: 404
2025-11-01 01:14:20,552 - am_extended - ERROR - Ollama API error: 404
2025-11-01 01:14:20,568 - am_extended - ERROR - Ollama API error: 404
2025-11-01 01:14:20,599 - am_extended - ERROR - Ollama API error: 404
2025-11-01 01:14:20,629 - am_extended - ERROR - Ollama API error: 404
2025-11-01 01:14:20,660 - am_extended - ERROR - Ollama API error: 404
2025-11-01 01:14:20,660 - am_extended - INFO -   Processed 40/201 pages
2025-11-01 01:14:20,690 - am_extended - ERROR - Ollama API error: 404
2025-11-01 01:14:20,721 - am_extended - ERROR - Ollama API error: 404
2025-11-01 01:14:20,752 - am_extended - ERROR - Ollama API error: 404
2025-11-01 01:14:20,782 - am_extended - ERROR - Ollama API error: 404
2025-11-01 01:14:20,797 - am_extended - ERROR - Ollama API error: 404
2025-11-01 01:14:20,828 - am_extended - ERROR - Ollama API error: 404
2025-11-01 01:14:20,859 - am_extended - ERROR - Ollama API error: 404
2025-11-01 01:14:20,890 - am_extended - ERROR - Ollama API error: 404
2025-11-01 01:14:20,921 - am_extended - ERROR - Ollama API error: 404
2025-11-01 01:14:20,952 - am_extended - ERROR - Ollama API error: 404
2025-11-01 01:14:20,952 - am_extended - INFO -   Processed 50/201 pages
2025-11-01 01:14:20,983 - am_extended - ERROR - Ollama API error: 404
2025-11-01 01:14:21,015 - am_extended - ERROR - Ollama API error: 404
2025-11-01 01:14:21,045 - am_extended - ERROR - Ollama API error: 404
2025-11-01 01:14:21,076 - am_extended - ERROR - Ollama API error: 404
2025-11-01 01:14:21,106 - am_extended - ERROR - Ollama API error: 404
2025-11-01 01:14:21,137 - am_extended - ERROR - Ollama API error: 404
2025-11-01 01:14:21,152 - am_extended - ERROR - Ollama API error: 404
2025-11-01 01:14:21,183 - am_extended - ERROR - Ollama API error: 404
2025-11-01 01:14:21,214 - am_extended - ERROR - Ollama API error: 404
2025-11-01 01:14:21,214 - am_extended - INFO -   Processed 60/201 pages
2025-11-01 01:14:21,244 - am_extended - ERROR - Ollama API error: 404
2025-11-01 01:14:21,276 - am_extended - ERROR - Ollama API error: 404
2025-11-01 01:14:21,307 - am_extended - ERROR - Ollama API error: 404
2025-11-01 01:14:21,339 - am_extended - ERROR - Ollama API error: 404
2025-11-01 01:14:21,371 - am_extended - ERROR - Ollama API error: 404
2025-11-01 01:14:21,400 - am_extended - ERROR - Ollama API error: 404
2025-11-01 01:14:21,431 - am_extended - ERROR - Ollama API error: 404
2025-11-01 01:14:21,446 - am_extended - ERROR - Ollama API error: 404
2025-11-01 01:14:21,477 - am_extended - ERROR - Ollama API error: 404
2025-11-01 01:14:21,508 - am_extended - ERROR - Ollama API error: 404
2025-11-01 01:14:21,509 - am_extended - INFO -   Processed 70/201 pages
2025-11-01 01:14:21,539 - am_extended - ERROR - Ollama API error: 404
2025-11-01 01:14:21,555 - am_extended - ERROR - Ollama API error: 404
2025-11-01 01:14:21,586 - am_extended - ERROR - Ollama API error: 404
2025-11-01 01:14:21,602 - am_extended - ERROR - Ollama API error: 404
2025-11-01 01:14:21,631 - am_extended - ERROR - Ollama API error: 404
2025-11-01 01:14:21,661 - am_extended - ERROR - Ollama API error: 404
2025-11-01 01:14:21,693 - am_extended - ERROR - Ollama API error: 404
2025-11-01 01:14:21,709 - am_extended - ERROR - Ollama API error: 404
2025-11-01 01:14:21,739 - am_extended - ERROR - Ollama API error: 404
2025-11-01 01:14:21,754 - am_extended - ERROR - Ollama API error: 404
2025-11-01 01:14:21,754 - am_extended - INFO -   Processed 80/201 pages
2025-11-01 01:14:21,785 - am_extended - ERROR - Ollama API error: 404
2025-11-01 01:14:21,816 - am_extended - ERROR - Ollama API error: 404
2025-11-01 01:14:21,847 - am_extended - ERROR - Ollama API error: 404
2025-11-01 01:14:21,878 - am_extended - ERROR - Ollama API error: 404
2025-11-01 01:14:21,909 - am_extended - ERROR - Ollama API error: 404
2025-11-01 01:14:21,940 - am_extended - ERROR - Ollama API error: 404
2025-11-01 01:14:21,972 - am_extended - ERROR - Ollama API error: 404
2025-11-01 01:14:22,002 - am_extended - ERROR - Ollama API error: 404
2025-11-01 01:14:22,018 - am_extended - ERROR - Ollama API error: 404
2025-11-01 01:14:22,049 - am_extended - ERROR - Ollama API error: 404
2025-11-01 01:14:22,049 - am_extended - INFO -   Processed 90/201 pages
2025-11-01 01:14:22,080 - am_extended - ERROR - Ollama API error: 404
2025-11-01 01:14:22,112 - am_extended - ERROR - Ollama API error: 404
2025-11-01 01:14:22,142 - am_extended - ERROR - Ollama API error: 404
2025-11-01 01:14:22,173 - am_extended - ERROR - Ollama API error: 404
2025-11-01 01:14:22,205 - am_extended - ERROR - Ollama API error: 404
2025-11-01 01:14:22,236 - am_extended - ERROR - Ollama API error: 404
2025-11-01 01:14:22,267 - am_extended - ERROR - Ollama API error: 404
2025-11-01 01:14:22,297 - am_extended - ERROR - Ollama API error: 404
2025-11-01 01:14:22,328 - am_extended - ERROR - Ollama API error: 404
2025-11-01 01:14:22,328 - am_extended - INFO -   Processed 100/201 pages
2025-11-01 01:14:22,359 - am_extended - ERROR - Ollama API error: 404
2025-11-01 01:14:22,391 - am_extended - ERROR - Ollama API error: 404
2025-11-01 01:14:22,421 - am_extended - ERROR - Ollama API error: 404
2025-11-01 01:14:22,452 - am_extended - ERROR - Ollama API error: 404
2025-11-01 01:14:22,468 - am_extended - ERROR - Ollama API error: 404
2025-11-01 01:14:22,498 - am_extended - ERROR - Ollama API error: 404
2025-11-01 01:14:22,529 - am_extended - ERROR - Ollama API error: 404
2025-11-01 01:14:22,560 - am_extended - ERROR - Ollama API error: 404
2025-11-01 01:14:22,575 - am_extended - ERROR - Ollama API error: 404
2025-11-01 01:14:22,606 - am_extended - ERROR - Ollama API error: 404
2025-11-01 01:14:22,606 - am_extended - INFO -   Processed 110/201 pages
2025-11-01 01:14:22,637 - am_extended - ERROR - Ollama API error: 404
2025-11-01 01:14:22,667 - am_extended - ERROR - Ollama API error: 404
2025-11-01 01:14:22,698 - am_extended - ERROR - Ollama API error: 404
2025-11-01 01:14:22,728 - am_extended - ERROR - Ollama API error: 404
2025-11-01 01:14:22,760 - am_extended - ERROR - Ollama API error: 404
2025-11-01 01:14:22,790 - am_extended - ERROR - Ollama API error: 404
2025-11-01 01:14:22,821 - am_extended - ERROR - Ollama API error: 404
2025-11-01 01:14:22,837 - am_extended - ERROR - Ollama API error: 404
2025-11-01 01:14:22,852 - am_extended - ERROR - Ollama API error: 404
2025-11-01 01:14:22,882 - am_extended - ERROR - Ollama API error: 404
2025-11-01 01:14:22,882 - am_extended - INFO -   Processed 120/201 pages
2025-11-01 01:14:22,912 - am_extended - ERROR - Ollama API error: 404
2025-11-01 01:14:22,944 - am_extended - ERROR - Ollama API error: 404
2025-11-01 01:14:22,959 - am_extended - ERROR - Ollama API error: 404
2025-11-01 01:14:22,990 - am_extended - ERROR - Ollama API error: 404
2025-11-01 01:14:23,021 - am_extended - ERROR - Ollama API error: 404
2025-11-01 01:14:23,053 - am_extended - ERROR - Ollama API error: 404
2025-11-01 01:14:23,068 - am_extended - ERROR - Ollama API error: 404
2025-11-01 01:14:23,099 - am_extended - ERROR - Ollama API error: 404
2025-11-01 01:14:23,130 - am_extended - ERROR - Ollama API error: 404
2025-11-01 01:14:23,161 - am_extended - ERROR - Ollama API error: 404
2025-11-01 01:14:23,161 - am_extended - INFO -   Processed 130/201 pages
2025-11-01 01:14:23,177 - am_extended - ERROR - Ollama API error: 404
2025-11-01 01:14:23,208 - am_extended - ERROR - Ollama API error: 404
2025-11-01 01:14:23,238 - am_extended - ERROR - Ollama API error: 404
2025-11-01 01:14:23,269 - am_extended - ERROR - Ollama API error: 404
2025-11-01 01:14:23,300 - am_extended - ERROR - Ollama API error: 404
2025-11-01 01:14:23,315 - am_extended - ERROR - Ollama API error: 404
2025-11-01 01:14:23,330 - am_extended - ERROR - Ollama API error: 404
2025-11-01 01:14:23,361 - am_extended - ERROR - Ollama API error: 404
2025-11-01 01:14:23,391 - am_extended - ERROR - Ollama API error: 404
2025-11-01 01:14:23,407 - am_extended - ERROR - Ollama API error: 404
2025-11-01 01:14:23,407 - am_extended - INFO -   Processed 140/201 pages
2025-11-01 01:14:23,422 - am_extended - ERROR - Ollama API error: 404
2025-11-01 01:14:23,453 - am_extended - ERROR - Ollama API error: 404
2025-11-01 01:14:23,484 - am_extended - ERROR - Ollama API error: 404
2025-11-01 01:14:23,500 - am_extended - ERROR - Ollama API error: 404
2025-11-01 01:14:23,530 - am_extended - ERROR - Ollama API error: 404
2025-11-01 01:14:23,546 - am_extended - ERROR - Ollama API error: 404
2025-11-01 01:14:23,561 - am_extended - ERROR - Ollama API error: 404
2025-11-01 01:14:23,592 - am_extended - ERROR - Ollama API error: 404
2025-11-01 01:14:23,623 - am_extended - ERROR - Ollama API error: 404
2025-11-01 01:14:23,639 - am_extended - ERROR - Ollama API error: 404
2025-11-01 01:14:23,639 - am_extended - INFO -   Processed 150/201 pages
2025-11-01 01:14:23,653 - am_extended - ERROR - Ollama API error: 404
2025-11-01 01:14:23,685 - am_extended - ERROR - Ollama API error: 404
2025-11-01 01:14:23,716 - am_extended - ERROR - Ollama API error: 404
2025-11-01 01:14:23,747 - am_extended - ERROR - Ollama API error: 404
2025-11-01 01:14:23,778 - am_extended - ERROR - Ollama API error: 404
2025-11-01 01:14:23,809 - am_extended - ERROR - Ollama API error: 404
2025-11-01 01:14:23,841 - am_extended - ERROR - Ollama API error: 404
2025-11-01 01:14:23,856 - am_extended - ERROR - Ollama API error: 404
2025-11-01 01:14:23,872 - am_extended - ERROR - Ollama API error: 404
2025-11-01 01:14:23,902 - am_extended - ERROR - Ollama API error: 404
2025-11-01 01:14:23,902 - am_extended - INFO -   Processed 160/201 pages
2025-11-01 01:14:23,933 - am_extended - ERROR - Ollama API error: 404
2025-11-01 01:14:23,964 - am_extended - ERROR - Ollama API error: 404
2025-11-01 01:14:23,980 - am_extended - ERROR - Ollama API error: 404
2025-11-01 01:14:23,995 - am_extended - ERROR - Ollama API error: 404
2025-11-01 01:14:24,026 - am_extended - ERROR - Ollama API error: 404
2025-11-01 01:14:24,057 - am_extended - ERROR - Ollama API error: 404
2025-11-01 01:14:24,088 - am_extended - ERROR - Ollama API error: 404
2025-11-01 01:14:24,119 - am_extended - ERROR - Ollama API error: 404
2025-11-01 01:14:24,150 - am_extended - ERROR - Ollama API error: 404
2025-11-01 01:14:24,181 - am_extended - ERROR - Ollama API error: 404
2025-11-01 01:14:24,181 - am_extended - INFO -   Processed 170/201 pages
2025-11-01 01:14:24,213 - am_extended - ERROR - Ollama API error: 404
2025-11-01 01:14:24,244 - am_extended - ERROR - Ollama API error: 404
2025-11-01 01:14:24,260 - am_extended - ERROR - Ollama API error: 404
2025-11-01 01:14:24,290 - am_extended - ERROR - Ollama API error: 404
2025-11-01 01:14:24,321 - am_extended - ERROR - Ollama API error: 404
2025-11-01 01:14:24,337 - am_extended - ERROR - Ollama API error: 404
2025-11-01 01:14:24,352 - am_extended - ERROR - Ollama API error: 404
2025-11-01 01:14:24,368 - am_extended - ERROR - Ollama API error: 404
2025-11-01 01:14:24,384 - am_extended - ERROR - Ollama API error: 404
2025-11-01 01:14:24,399 - am_extended - ERROR - Ollama API error: 404
2025-11-01 01:14:24,399 - am_extended - INFO -   Processed 180/201 pages
2025-11-01 01:14:24,432 - am_extended - ERROR - Ollama API error: 404
2025-11-01 01:14:24,463 - am_extended - ERROR - Ollama API error: 404
2025-11-01 01:14:24,478 - am_extended - ERROR - Ollama API error: 404
2025-11-01 01:14:24,508 - am_extended - ERROR - Ollama API error: 404
2025-11-01 01:14:24,538 - am_extended - ERROR - Ollama API error: 404
2025-11-01 01:14:24,570 - am_extended - ERROR - Ollama API error: 404
2025-11-01 01:14:24,601 - am_extended - ERROR - Ollama API error: 404
2025-11-01 01:14:24,632 - am_extended - ERROR - Ollama API error: 404
2025-11-01 01:14:24,664 - am_extended - ERROR - Ollama API error: 404
2025-11-01 01:14:24,664 - am_extended - INFO -   Processed 190/201 pages
2025-11-01 01:14:24,694 - am_extended - ERROR - Ollama API error: 404
2025-11-01 01:14:24,709 - am_extended - ERROR - Ollama API error: 404
2025-11-01 01:14:24,724 - am_extended - ERROR - Ollama API error: 404
2025-11-01 01:14:24,755 - am_extended - ERROR - Ollama API error: 404
2025-11-01 01:14:24,786 - am_extended - ERROR - Ollama API error: 404
2025-11-01 01:14:24,816 - am_extended - ERROR - Ollama API error: 404
2025-11-01 01:14:24,848 - am_extended - ERROR - Ollama API error: 404
2025-11-01 01:14:24,879 - am_extended - ERROR - Ollama API error: 404
2025-11-01 01:14:24,910 - am_extended - ERROR - Ollama API error: 404
2025-11-01 01:14:24,910 - am_extended - INFO - Extracted extended fields for 192 pages
2025-11-01 01:14:24,910 - am_common - INFO - Saving dataset: C:\scripts\1repo\data\datasets\extended\continuous_discovery_habits_-_teresa_torres.dataset.jsonl (201 cards)
2025-11-01 01:14:24,915 - am_common - INFO - Saved: 201 cards to continuous_discovery_habits_-_teresa_torres.dataset.jsonl (655.12 KB)
2025-11-01 01:14:24,915 - quality_tracker - INFO - Starting: track_quality
2025-11-01 01:14:24,916 - quality_tracker - INFO - extended metrics:
2025-11-01 01:14:24,916 - quality_tracker - INFO -   total_cards: 201
2025-11-01 01:14:24,916 - quality_tracker - INFO -   duplicates_found: 0
2025-11-01 01:14:24,916 - quality_tracker - INFO -   duplicate_ratio: 0.0000
2025-11-01 01:14:24,916 - quality_tracker - INFO -   continuity_gaps: 39
2025-11-01 01:14:24,916 - quality_tracker - INFO -   continuity_gap_ratio: 0.1950
2025-11-01 01:14:24,916 - quality_tracker - INFO -   avg_overlap: 0.1370
2025-11-01 01:14:24,916 - quality_tracker - INFO -   extended_fields_extracted: 192
2025-11-01 01:14:24,916 - quality_tracker - INFO -   extraction_coverage: 0.9552
2025-11-01 01:14:24,916 - quality_tracker - INFO -   lm_extraction_count: 0
2025-11-01 01:14:24,916 - quality_tracker - INFO -   lm_extraction_ratio: 0.0000
2025-11-01 01:14:24,916 - quality_tracker - INFO--- Logging error ---
Traceback (most recent call last):
  File "C:\Users\Dimon\AppData\Local\Programs\Python\Python313\Lib\logging\__init__.py", line 1154, in emit
    stream.write(msg + self.terminator)
    ~~~~~~~~~~~~^^^^^^^^^^^^^^^^^^^^^^^
  File "C:\Users\Dimon\AppData\Local\Programs\Python\Python313\Lib\site-packages\colorama\ansitowin32.py", line 47, in write
    self.__convertor.write(text)
    ~~~~~~~~~~~~~~~~~~~~~~^^^^^^
  File "C:\Users\Dimon\AppData\Local\Programs\Python\Python313\Lib\site-packages\colorama\ansitowin32.py", line 177, in write
    self.write_and_convert(text)
    ~~~~~~~~~~~~~~~~~~~~~~^^^^^^
  File "C:\Users\Dimon\AppData\Local\Programs\Python\Python313\Lib\site-packages\colorama\ansitowin32.py", line 205, in write_and_convert
    self.write_plain_text(text, cursor, len(text))
    ~~~~~~~~~~~~~~~~~~~~~^^^^^^^^^^^^^^^^^^^^^^^^^
  File "C:\Users\Dimon\AppData\Local\Programs\Python\Python313\Lib\site-packages\colorama\ansitowin32.py", line 210, in write_plain_text
    self.wrapped.write(text[start:end])
    ~~~~~~~~~~~~~~~~~~^^^^^^^^^^^^^^^^^
  File "C:\Users\Dimon\AppData\Local\Programs\Python\Python313\Lib\encodings\cp1251.py", line 19, in encode
    return codecs.charmap_encode(input,self.errors,encoding_table)[0]
           ~~~~~~~~~~~~~~~~~~~~~^^^^^^^^^^^^^^^^^^^^^^^^^^^^^^^^^^
UnicodeEncodeError: 'charmap' codec can't encode character '\u2713' in position 3: character maps to <undefined>
Call stack:
  File "C:\scripts\1repo\run_mvp.py", line 680, in <module>
    main()
  File "C:\scripts\1repo\run_mvp.py", line 652, in main
    results = orchestrator.run_single(
  File "C:\scripts\1repo\run_mvp.py", line 226, in run_single
    stage_result = self._run_stage(stage, current_input)
  File "C:\scripts\1repo\run_mvp.py", line 419, in _run_stage
    return processor.process_dataset(input_path, output_dir)
  File "C:\scripts\1repo\am_extended.py", line 612, in process_dataset
    self.quality_tracker.track('extended', input_path.name, metrics)
  File "C:\scripts\1repo\quality_tracker.py", line 171, in track
    logger.info(f"\u2713 Quality thresholds passed for {stage}")
Message: '\u2713 Quality thresholds passed for extended'
Arguments: ()
2025-11-01 01:14:24,917 - quality_tracker - INFO - Completed: track_quality (0.00s)
2025-11-01 01:14:24,917 - am_extended - INFO - Saved: continuous_discovery_habits_-_teresa_torres.dataset.jsonl
2025-11-01 01:14:24,917 - validate - INFO - Validating extended: continuous_discovery_habits_-_teresa_torres.dataset.jsonl
2025-11-01 01:14:24,917 - am_common - INFO - Loading dataset: C:\scripts\1repo\data\datasets\extended\continuous_discovery_habits_-_teresa_torres.dataset.jsonl
2025-11-01 01:14:24,930 - am_common - INFO - Loaded: 201 cards from continuous_discovery_habits_-_teresa_torres.dataset.jsonl
2025-11-01 01:14:24,931 - validate - WARNING - [X] INVALID - continuous_discovery_habits_-_teresa_torres.dataset.jsonl (2 errors)
2025-11-01 01:14:24,931 - __main__ - WARNING - Validation issues: 2 errors, 192 warnings
2025-11-01 01:14:24,931 - __main__ - WARNING - Validation issues: 2 errors
2025-11-01 01:14:24,931 - __main__ - INFO - ============================================================
2025-11-01 01:14:24,931 - __main__ - INFO--- Logging error ---
Traceback (most recent call last):
  File "C:\Users\Dimon\AppData\Local\Programs\Python\Python313\Lib\logging\__init__.py", line 1154, in emit
    stream.write(msg + self.terminator)
    ~~~~~~~~~~~~^^^^^^^^^^^^^^^^^^^^^^^
  File "C:\Users\Dimon\AppData\Local\Programs\Python\Python313\Lib\site-packages\colorama\ansitowin32.py", line 47, in write
    self.__convertor.write(text)
    ~~~~~~~~~~~~~~~~~~~~~~^^^^^^
  File "C:\Users\Dimon\AppData\Local\Programs\Python\Python313\Lib\site-packages\colorama\ansitowin32.py", line 177, in write
    self.write_and_convert(text)
    ~~~~~~~~~~~~~~~~~~~~~~^^^^^^
  File "C:\Users\Dimon\AppData\Local\Programs\Python\Python313\Lib\site-packages\colorama\ansitowin32.py", line 205, in write_and_convert
    self.write_plain_text(text, cursor, len(text))
    ~~~~~~~~~~~~~~~~~~~~~^^^^^^^^^^^^^^^^^^^^^^^^^
  File "C:\Users\Dimon\AppData\Local\Programs\Python\Python313\Lib\site-packages\colorama\ansitowin32.py", line 210, in write_plain_text
    self.wrapped.write(text[start:end])
    ~~~~~~~~~~~~~~~~~~^^^^^^^^^^^^^^^^^
  File "C:\Users\Dimon\AppData\Local\Programs\Python\Python313\Lib\encodings\cp1251.py", line 19, in encode
    return codecs.charmap_encode(input,self.errors,encoding_table)[0]
           ~~~~~~~~~~~~~~~~~~~~~^^^^^^^^^^^^^^^^^^^^^^^^^^^^^^^^^^
UnicodeEncodeError: 'charmap' codec can't encode character '\U0001f916' in position 5: character maps to <undefined>
Call stack:
  File "C:\scripts\1repo\run_mvp.py", line 680, in <module>
    main()
  File "C:\scripts\1repo\run_mvp.py", line 652, in main
    results = orchestrator.run_single(
  File "C:\scripts\1repo\run_mvp.py", line 253, in run_single
    log_stage(logger, stage, "Completed")
  File "C:\scripts\1repo\am_logging.py", line 613, in log_stage
    log_section(logger, f"{emoji} {action}: {stage.upper()}", "INFO")
  File "C:\scripts\1repo\am_logging.py", line 588, in log_section
    log_func(f"  {title}")
Message: '  \U0001f916 Completed: EXTENDED'
Arguments: ()
2025-11-01 01:14:24,932 - __main__ - INFO - ============================================================
2025-11-01 01:14:24,932 - __main__ - INFO - ============================================================
2025-11-01 01:14:24,932 - __main__ - INFO--- Logging error ---
Traceback (most recent call last):
  File "C:\Users\Dimon\AppData\Local\Programs\Python\Python313\Lib\logging\__init__.py", line 1154, in emit
    stream.write(msg + self.terminator)
    ~~~~~~~~~~~~^^^^^^^^^^^^^^^^^^^^^^^
  File "C:\Users\Dimon\AppData\Local\Programs\Python\Python313\Lib\site-packages\colorama\ansitowin32.py", line 47, in write
    self.__convertor.write(text)
    ~~~~~~~~~~~~~~~~~~~~~~^^^^^^
  File "C:\Users\Dimon\AppData\Local\Programs\Python\Python313\Lib\site-packages\colorama\ansitowin32.py", line 177, in write
    self.write_and_convert(text)
    ~~~~~~~~~~~~~~~~~~~~~~^^^^^^
  File "C:\Users\Dimon\AppData\Local\Programs\Python\Python313\Lib\site-packages\colorama\ansitowin32.py", line 205, in write_and_convert
    self.write_plain_text(text, cursor, len(text))
    ~~~~~~~~~~~~~~~~~~~~~^^^^^^^^^^^^^^^^^^^^^^^^^
  File "C:\Users\Dimon\AppData\Local\Programs\Python\Python313\Lib\site-packages\colorama\ansitowin32.py", line 210, in write_plain_text
    self.wrapped.write(text[start:end])
    ~~~~~~~~~~~~~~~~~~^^^^^^^^^^^^^^^^^
  File "C:\Users\Dimon\AppData\Local\Programs\Python\Python313\Lib\encodings\cp1251.py", line 19, in encode
    return codecs.charmap_encode(input,self.errors,encoding_table)[0]
           ~~~~~~~~~~~~~~~~~~~~~^^^^^^^^^^^^^^^^^^^^^^^^^^^^^^^^^^
UnicodeEncodeError: 'charmap' codec can't encode character '\u2705' in position 5: character maps to <undefined>
Call stack:
  File "C:\scripts\1repo\run_mvp.py", line 680, in <module>
    main()
  File "C:\scripts\1repo\run_mvp.py", line 652, in main
    results = orchestrator.run_single(
  File "C:\scripts\1repo\run_mvp.py", line 222, in run_single
    log_stage(logger, stage, "Starting")
  File "C:\scripts\1repo\am_logging.py", line 613, in log_stage
    log_section(logger, f"{emoji} {action}: {stage.upper()}", "INFO")
  File "C:\scripts\1repo\am_logging.py", line 588, in log_section
    log_func(f"  {title}")
Message: '  \u2705 Starting: FINALIZE'
Arguments: ()
2025-11-01 01:14:24,932 - __main__ - INFO - ============================================================
2025-11-01 01:14:24,933 - am_common - INFO - Loading config: config\batch_full.yaml
2025-11-01 01:14:24,947 - am_common - INFO - Config loaded successfully
2025-11-01 01:14:24,947 - am_finalize - INFO - Processing: continuous_discovery_habits_-_teresa_torres.dataset.jsonl
2025-11-01 01:14:24,947 - am_common - INFO - Loading dataset: C:\scripts\1repo\data\datasets\extended\continuous_discovery_habits_-_teresa_torres.dataset.jsonl
2025-11-01 01:14:24,952 - am_common - INFO - Loaded: 201 cards from continuous_discovery_habits_-_teresa_torres.dataset.jsonl
2025-11-01 01:14:24,953 - am_common - INFO - Saving dataset: C:\scripts\1repo\data\datasets\final\continuous_discovery_habits_-_teresa_torres.dataset.jsonl (201 cards)
2025-11-01 01:14:24,957 - am_common - INFO - Saved: 201 cards to continuous_discovery_habits_-_teresa_torres.dataset.jsonl (637.62 KB)
2025-11-01 01:14:24,957 - quality_tracker - INFO - Starting: track_quality
2025-11-01 01:14:24,958 - quality_tracker - INFO - finalize metrics:
2025-11-01 01:14:24,958 - quality_tracker - INFO -   total_cards: 201
2025-11-01 01:14:24,958 - quality_tracker - INFO -   validation_errors: 0
2025-11-01 01:14:24,958 - quality_tracker - INFO -   validation_warnings: 26
2025-11-01 01:14:24,958 - quality_tracker - INFO -   avg_completeness: 0.4210
2025-11-01 01:14:24,958 - quality_tracker - INFO -   cards_with_structure: 30
2025-11-01 01:14:24,958 - quality_tracker - INFO -   structure_coverage: 0.1493
2025-11-01 01:14:24,958 - quality_tracker - INFO -   cards_with_summaries: 193
2025-11-01 01:14:24,958 - quality_tracker - INFO -   summary_coverage: 0.9602
2025-11-01 01:14:24,958 - quality_tracker - INFO--- Logging error ---
Traceback (most recent call last):
  File "C:\Users\Dimon\AppData\Local\Programs\Python\Python313\Lib\logging\__init__.py", line 1154, in emit
    stream.write(msg + self.terminator)
    ~~~~~~~~~~~~^^^^^^^^^^^^^^^^^^^^^^^
  File "C:\Users\Dimon\AppData\Local\Programs\Python\Python313\Lib\site-packages\colorama\ansitowin32.py", line 47, in write
    self.__convertor.write(text)
    ~~~~~~~~~~~~~~~~~~~~~~^^^^^^
  File "C:\Users\Dimon\AppData\Local\Programs\Python\Python313\Lib\site-packages\colorama\ansitowin32.py", line 177, in write
    self.write_and_convert(text)
    ~~~~~~~~~~~~~~~~~~~~~~^^^^^^
  File "C:\Users\Dimon\AppData\Local\Programs\Python\Python313\Lib\site-packages\colorama\ansitowin32.py", line 205, in write_and_convert
    self.write_plain_text(text, cursor, len(text))
    ~~~~~~~~~~~~~~~~~~~~~^^^^^^^^^^^^^^^^^^^^^^^^^
  File "C:\Users\Dimon\AppData\Local\Programs\Python\Python313\Lib\site-packages\colorama\ansitowin32.py", line 210, in write_plain_text
    self.wrapped.write(text[start:end])
    ~~~~~~~~~~~~~~~~~~^^^^^^^^^^^^^^^^^
  File "C:\Users\Dimon\AppData\Local\Programs\Python\Python313\Lib\encodings\cp1251.py", line 19, in encode
    return codecs.charmap_encode(input,self.errors,encoding_table)[0]
           ~~~~~~~~~~~~~~~~~~~~~^^^^^^^^^^^^^^^^^^^^^^^^^^^^^^^^^^
UnicodeEncodeError: 'charmap' codec can't encode character '\u2713' in position 3: character maps to <undefined>
Call stack:
  File "C:\scripts\1repo\run_mvp.py", line 680, in <module>
    main()
  File "C:\scripts\1repo\run_mvp.py", line 652, in main
    results = orchestrator.run_single(
  File "C:\scripts\1repo\run_mvp.py", line 226, in run_single
    stage_result = self._run_stage(stage, current_input)
  File "C:\scripts\1repo\run_mvp.py", line 419, in _run_stage
    return processor.process_dataset(input_path, output_dir)
  File "C:\scripts\1repo\am_finalize.py", line 278, in process_dataset
    self.quality_tracker.track('finalize', input_path.name, metrics)
  File "C:\scripts\1repo\quality_tracker.py", line 171, in track
    logger.info(f"\u2713 Quality thresholds passed for {stage}")
Message: '\u2713 Quality thresholds passed for finalize'
Arguments: ()
2025-11-01 01:14:24,959 - quality_tracker - INFO - Completed: track_quality (0.00s)
2025-11-01 01:14:24,959 - am_finalize - INFO - Saved: continuous_discovery_habits_-_teresa_torres.dataset.jsonl
2025-11-01 01:14:24,959 - __main__ - ERROR - Validation failed: Unknown stage: finalize
2025-11-01 01:14:24,959 - __main__ - WARNING - Validation issues: 1 errors
2025-11-01 01:14:24,959 - __main__ - INFO - ============================================================
2025-11-01 01:14:24,959 - __main__ - INFO--- Logging error ---
Traceback (most recent call last):
  File "C:\Users\Dimon\AppData\Local\Programs\Python\Python313\Lib\logging\__init__.py", line 1154, in emit
    stream.write(msg + self.terminator)
    ~~~~~~~~~~~~^^^^^^^^^^^^^^^^^^^^^^^
  File "C:\Users\Dimon\AppData\Local\Programs\Python\Python313\Lib\site-packages\colorama\ansitowin32.py", line 47, in write
    self.__convertor.write(text)
    ~~~~~~~~~~~~~~~~~~~~~~^^^^^^
  File "C:\Users\Dimon\AppData\Local\Programs\Python\Python313\Lib\site-packages\colorama\ansitowin32.py", line 177, in write
    self.write_and_convert(text)
    ~~~~~~~~~~~~~~~~~~~~~~^^^^^^
  File "C:\Users\Dimon\AppData\Local\Programs\Python\Python313\Lib\site-packages\colorama\ansitowin32.py", line 205, in write_and_convert
    self.write_plain_text(text, cursor, len(text))
    ~~~~~~~~~~~~~~~~~~~~~^^^^^^^^^^^^^^^^^^^^^^^^^
  File "C:\Users\Dimon\AppData\Local\Programs\Python\Python313\Lib\site-packages\colorama\ansitowin32.py", line 210, in write_plain_text
    self.wrapped.write(text[start:end])
    ~~~~~~~~~~~~~~~~~~^^^^^^^^^^^^^^^^^
  File "C:\Users\Dimon\AppData\Local\Programs\Python\Python313\Lib\encodings\cp1251.py", line 19, in encode
    return codecs.charmap_encode(input,self.errors,encoding_table)[0]
           ~~~~~~~~~~~~~~~~~~~~~^^^^^^^^^^^^^^^^^^^^^^^^^^^^^^^^^^
UnicodeEncodeError: 'charmap' codec can't encode character '\u2705' in position 5: character maps to <undefined>
Call stack:
  File "C:\scripts\1repo\run_mvp.py", line 680, in <module>
    main()
  File "C:\scripts\1repo\run_mvp.py", line 652, in main
    results = orchestrator.run_single(
  File "C:\scripts\1repo\run_mvp.py", line 253, in run_single
    log_stage(logger, stage, "Completed")
  File "C:\scripts\1repo\am_logging.py", line 613, in log_stage
    log_section(logger, f"{emoji} {action}: {stage.upper()}", "INFO")
  File "C:\scripts\1repo\am_logging.py", line 588, in log_section
    log_func(f"  {title}")
Message: '  \u2705 Completed: FINALIZE'
Arguments: ()
2025-11-01 01:14:24,960 - __main__ - INFO - ============================================================
2025-11-01 01:14:24,960 - __main__ - INFO - ============================================================
2025-11-01 01:14:24,960 - __main__ - INFO--- Logging error ---
Traceback (most recent call last):
  File "C:\Users\Dimon\AppData\Local\Programs\Python\Python313\Lib\logging\__init__.py", line 1154, in emit
    stream.write(msg + self.terminator)
    ~~~~~~~~~~~~^^^^^^^^^^^^^^^^^^^^^^^
  File "C:\Users\Dimon\AppData\Local\Programs\Python\Python313\Lib\site-packages\colorama\ansitowin32.py", line 47, in write
    self.__convertor.write(text)
    ~~~~~~~~~~~~~~~~~~~~~~^^^^^^
  File "C:\Users\Dimon\AppData\Local\Programs\Python\Python313\Lib\site-packages\colorama\ansitowin32.py", line 177, in write
    self.write_and_convert(text)
    ~~~~~~~~~~~~~~~~~~~~~~^^^^^^
  File "C:\Users\Dimon\AppData\Local\Programs\Python\Python313\Lib\site-packages\colorama\ansitowin32.py", line 205, in write_and_convert
    self.write_plain_text(text, cursor, len(text))
    ~~~~~~~~~~~~~~~~~~~~~^^^^^^^^^^^^^^^^^^^^^^^^^
  File "C:\Users\Dimon\AppData\Local\Programs\Python\Python313\Lib\site-packages\colorama\ansitowin32.py", line 210, in write_plain_text
    self.wrapped.write(text[start:end])
    ~~~~~~~~~~~~~~~~~~^^^^^^^^^^^^^^^^^
  File "C:\Users\Dimon\AppData\Local\Programs\Python\Python313\Lib\encodings\cp1251.py", line 19, in encode
    return codecs.charmap_encode(input,self.errors,encoding_table)[0]
           ~~~~~~~~~~~~~~~~~~~~~^^^^^^^^^^^^^^^^^^^^^^^^^^^^^^^^^^
UnicodeEncodeError: 'charmap' codec can't encode character '\U0001f9e9' in position 5: character maps to <undefined>
Call stack:
  File "C:\scripts\1repo\run_mvp.py", line 680, in <module>
    main()
  File "C:\scripts\1repo\run_mvp.py", line 652, in main
    results = orchestrator.run_single(
  File "C:\scripts\1repo\run_mvp.py", line 222, in run_single
    log_stage(logger, stage, "Starting")
  File "C:\scripts\1repo\am_logging.py", line 613, in log_stage
    log_section(logger, f"{emoji} {action}: {stage.upper()}", "INFO")
  File "C:\scripts\1repo\am_logging.py", line 588, in log_section
    log_func(f"  {title}")
Message: '  \U0001f9e9 Starting: CHUNK'
Arguments: ()
2025-11-01 01:14:24,961 - __main__ - INFO - ============================================================
2025-11-01 01:14:24,961 - am_common - INFO - Loading config: config\batch_full.yaml
2025-11-01 01:14:24,975 - am_common - INFO - Config loaded successfully
2025-11-01 01:14:25,051 - am_chunk - INFO - Processing: continuous_discovery_habits_-_teresa_torres.dataset.jsonl
2025-11-01 01:14:25,051 - am_common - INFO - Loading dataset: C:\scripts\1repo\data\datasets\final\continuous_discovery_habits_-_teresa_torres.dataset.jsonl
2025-11-01 01:14:25,065 - am_common - INFO - Loaded: 201 cards from continuous_discovery_habits_-_teresa_torres.dataset.jsonl
2025-11-01 01:14:25,147 - am_chunk - INFO - Created 229 chunks from 201 pages
2025-11-01 01:14:25,152 - quality_tracker - INFO - Starting: track_quality
2025-11-01 01:14:25,153 - quality_tracker - INFO - chunk metrics:
2025-11-01 01:14:25,153 - quality_tracker - INFO -   total_chunks: 229
2025-11-01 01:14:25,153 - quality_tracker - INFO -   chunks_per_page: 1.1393
2025-11-01 01:14:25,153 - quality_tracker - INFO -   avg_chunk_tokens: 366.5677
2025-11-01 01:14:25,153 - quality_tracker - INFO -   min_chunk_tokens: 115
2025-11-01 01:14:25,153 - quality_tracker - INFO -   max_chunk_tokens: 522
2025-11-01 01:14:25,153 - quality_tracker - INFO -   token_distribution: {'0-100': 0, '100-300': 72, '300-512': 156, '512+': 1}
2025-11-01 01:14:25,153 - quality_tracker - INFO -   context_completeness: 1.0000
2025-11-01 01:14:25,153 - quality_tracker - INFO--- Logging error ---
Traceback (most recent call last):
  File "C:\Users\Dimon\AppData\Local\Programs\Python\Python313\Lib\logging\__init__.py", line 1154, in emit
    stream.write(msg + self.terminator)
    ~~~~~~~~~~~~^^^^^^^^^^^^^^^^^^^^^^^
  File "C:\Users\Dimon\AppData\Local\Programs\Python\Python313\Lib\site-packages\colorama\ansitowin32.py", line 47, in write
    self.__convertor.write(text)
    ~~~~~~~~~~~~~~~~~~~~~~^^^^^^
  File "C:\Users\Dimon\AppData\Local\Programs\Python\Python313\Lib\site-packages\colorama\ansitowin32.py", line 177, in write
    self.write_and_convert(text)
    ~~~~~~~~~~~~~~~~~~~~~~^^^^^^
  File "C:\Users\Dimon\AppData\Local\Programs\Python\Python313\Lib\site-packages\colorama\ansitowin32.py", line 205, in write_and_convert
    self.write_plain_text(text, cursor, len(text))
    ~~~~~~~~~~~~~~~~~~~~~^^^^^^^^^^^^^^^^^^^^^^^^^
  File "C:\Users\Dimon\AppData\Local\Programs\Python\Python313\Lib\site-packages\colorama\ansitowin32.py", line 210, in write_plain_text
    self.wrapped.write(text[start:end])
    ~~~~~~~~~~~~~~~~~~^^^^^^^^^^^^^^^^^
  File "C:\Users\Dimon\AppData\Local\Programs\Python\Python313\Lib\encodings\cp1251.py", line 19, in encode
    return codecs.charmap_encode(input,self.errors,encoding_table)[0]
           ~~~~~~~~~~~~~~~~~~~~~^^^^^^^^^^^^^^^^^^^^^^^^^^^^^^^^^^
UnicodeEncodeError: 'charmap' codec can't encode character '\u2713' in position 3: character maps to <undefined>
Call stack:
  File "C:\scripts\1repo\run_mvp.py", line 680, in <module>
    main()
  File "C:\scripts\1repo\run_mvp.py", line 652, in main
    results = orchestrator.run_single(
  File "C:\scripts\1repo\run_mvp.py", line 226, in run_single
    stage_result = self._run_stage(stage, current_input)
  File "C:\scripts\1repo\run_mvp.py", line 419, in _run_stage
    return processor.process_dataset(input_path, output_dir)
  File "C:\scripts\1repo\am_chunk.py", line 309, in process_dataset
    self.quality_tracker.track('chunk', input_path.name, metrics)
  File "C:\scripts\1repo\quality_tracker.py", line 171, in track
    logger.info(f"\u2713 Quality thresholds passed for {stage}")
Message: '\u2713 Quality thresholds passed for chunk'
Arguments: ()
2025-11-01 01:14:25,154 - quality_tracker - INFO - Completed: track_quality (0.00s)
2025-11-01 01:14:25,154 - am_chunk - INFO - Saved: continuous_discovery_habits_-_teresa_torres.dataset.chunks.jsonl
2025-11-01 01:14:25,155 - __main__ - ERROR - Validation failed: Unknown stage: chunk
2025-11-01 01:14:25,155 - __main__ - WARNING - Validation issues: 1 errors
2025-11-01 01:14:25,155 - __main__ - INFO - ============================================================
2025-11-01 01:14:25,155 - __main__ - INFO--- Logging error ---
Traceback (most recent call last):
  File "C:\Users\Dimon\AppData\Local\Programs\Python\Python313\Lib\logging\__init__.py", line 1154, in emit
    stream.write(msg + self.terminator)
    ~~~~~~~~~~~~^^^^^^^^^^^^^^^^^^^^^^^
  File "C:\Users\Dimon\AppData\Local\Programs\Python\Python313\Lib\site-packages\colorama\ansitowin32.py", line 47, in write
    self.__convertor.write(text)
    ~~~~~~~~~~~~~~~~~~~~~~^^^^^^
  File "C:\Users\Dimon\AppData\Local\Programs\Python\Python313\Lib\site-packages\colorama\ansitowin32.py", line 177, in write
    self.write_and_convert(text)
    ~~~~~~~~~~~~~~~~~~~~~~^^^^^^
  File "C:\Users\Dimon\AppData\Local\Programs\Python\Python313\Lib\site-packages\colorama\ansitowin32.py", line 205, in write_and_convert
    self.write_plain_text(text, cursor, len(text))
    ~~~~~~~~~~~~~~~~~~~~~^^^^^^^^^^^^^^^^^^^^^^^^^
  File "C:\Users\Dimon\AppData\Local\Programs\Python\Python313\Lib\site-packages\colorama\ansitowin32.py", line 210, in write_plain_text
    self.wrapped.write(text[start:end])
    ~~~~~~~~~~~~~~~~~~^^^^^^^^^^^^^^^^^
  File "C:\Users\Dimon\AppData\Local\Programs\Python\Python313\Lib\encodings\cp1251.py", line 19, in encode
    return codecs.charmap_encode(input,self.errors,encoding_table)[0]
           ~~~~~~~~~~~~~~~~~~~~~^^^^^^^^^^^^^^^^^^^^^^^^^^^^^^^^^^
UnicodeEncodeError: 'charmap' codec can't encode character '\U0001f9e9' in position 5: character maps to <undefined>
Call stack:
  File "C:\scripts\1repo\run_mvp.py", line 680, in <module>
    main()
  File "C:\scripts\1repo\run_mvp.py", line 652, in main
    results = orchestrator.run_single(
  File "C:\scripts\1repo\run_mvp.py", line 253, in run_single
    log_stage(logger, stage, "Completed")
  File "C:\scripts\1repo\am_logging.py", line 613, in log_stage
    log_section(logger, f"{emoji} {action}: {stage.upper()}", "INFO")
  File "C:\scripts\1repo\am_logging.py", line 588, in log_section
    log_func(f"  {title}")
Message: '  \U0001f9e9 Completed: CHUNK'
Arguments: ()
2025-11-01 01:14:25,155 - __main__ - INFO - ============================================================
2025-11-01 01:14:25,155 - __main__ - INFO - ============================================================
2025-11-01 01:14:25,155 - __main__ - INFO--- Logging error ---
Traceback (most recent call last):
  File "C:\Users\Dimon\AppData\Local\Programs\Python\Python313\Lib\logging\__init__.py", line 1154, in emit
    stream.write(msg + self.terminator)
    ~~~~~~~~~~~~^^^^^^^^^^^^^^^^^^^^^^^
  File "C:\Users\Dimon\AppData\Local\Programs\Python\Python313\Lib\site-packages\colorama\ansitowin32.py", line 47, in write
    self.__convertor.write(text)
    ~~~~~~~~~~~~~~~~~~~~~~^^^^^^
  File "C:\Users\Dimon\AppData\Local\Programs\Python\Python313\Lib\site-packages\colorama\ansitowin32.py", line 177, in write
    self.write_and_convert(text)
    ~~~~~~~~~~~~~~~~~~~~~~^^^^^^
  File "C:\Users\Dimon\AppData\Local\Programs\Python\Python313\Lib\site-packages\colorama\ansitowin32.py", line 205, in write_and_convert
    self.write_plain_text(text, cursor, len(text))
    ~~~~~~~~~~~~~~~~~~~~~^^^^^^^^^^^^^^^^^^^^^^^^^
  File "C:\Users\Dimon\AppData\Local\Programs\Python\Python313\Lib\site-packages\colorama\ansitowin32.py", line 210, in write_plain_text
    self.wrapped.write(text[start:end])
    ~~~~~~~~~~~~~~~~~~^^^^^^^^^^^^^^^^^
  File "C:\Users\Dimon\AppData\Local\Programs\Python\Python313\Lib\encodings\cp1251.py", line 19, in encode
    return codecs.charmap_encode(input,self.errors,encoding_table)[0]
           ~~~~~~~~~~~~~~~~~~~~~^^^^^^^^^^^^^^^^^^^^^^^^^^^^^^^^^^
UnicodeEncodeError: 'charmap' codec can't encode character '\U0001f522' in position 5: character maps to <undefined>
Call stack:
  File "C:\scripts\1repo\run_mvp.py", line 680, in <module>
    main()
  File "C:\scripts\1repo\run_mvp.py", line 652, in main
    results = orchestrator.run_single(
  File "C:\scripts\1repo\run_mvp.py", line 222, in run_single
    log_stage(logger, stage, "Starting")
  File "C:\scripts\1repo\am_logging.py", line 613, in log_stage
    log_section(logger, f"{emoji} {action}: {stage.upper()}", "INFO")
  File "C:\scripts\1repo\am_logging.py", line 588, in log_section
    log_func(f"  {title}")
Message: '  \U0001f522 Starting: EMBED'
Arguments: ()
2025-11-01 01:14:25,156 - __main__ - INFO - ============================================================
2025-11-01 01:14:25,156 - am_common - INFO - Loading config: config\batch_full.yaml
2025-11-01 01:14:25,170 - am_common - INFO - Config loaded successfully
2025-11-01 01:14:25,170 - am_embed - INFO - [sentence-transformers] Loading model: all-MiniLM-L6-v2
2025-11-01 01:14:25,171 - sentence_transformers.SentenceTransformer - INFO - Use pytorch device_name: cpu
2025-11-01 01:14:25,171 - sentence_transformers.SentenceTransformer - INFO - Load pretrained SentenceTransformer: all-MiniLM-L6-v2
2025-11-01 01:14:28,959 - am_embed - INFO - [sentence-transformers] Embedding dimension: 384
2025-11-01 01:14:28,959 - am_embed - INFO - Processing: continuous_discovery_habits_-_teresa_torres.dataset.chunks.jsonl
2025-11-01 01:14:28,973 - am_embed - INFO - Loaded 229 chunks
2025-11-01 01:14:28,973 - am_embed - INFO - Encoding 229 chunks in 8 batches
2025-11-01 01:14:31,131 - am_embed - INFO - Encoded 229 embeddings, 0 failures
2025-11-01 01:14:31,131 - am_embed - INFO - Building FAISS index: flat, metric=cosine
2025-11-01 01:14:31,131 - am_embed - INFO - Vectors: 229, Dimension: 384
2025-11-01 01:14:31,132 - am_embed - INFO - FAISS index built: 229 vectors
2025-11-01 01:14:31,133 - am_embed - INFO - Saved FAISS index: continuous_discovery_habits_-_teresa_torres.dataset.faiss (343.54 KB)
2025-11-01 01:14:31,135 - am_embed - INFO - Saved metadata: continuous_discovery_habits_-_teresa_torres.dataset.pkl (454.30 KB)
2025-11-01 01:14:31,135 - quality_tracker - INFO - Starting: track_quality
2025-11-01 01:14:31,136 - quality_tracker - INFO - embed metrics:
2025-11-01 01:14:31,136 - quality_tracker - INFO -   total_vectors: 229
2025-11-01 01:14:31,136 - quality_tracker - INFO -   embedding_dim: 384
2025-11-01 01:14:31,136 - quality_tracker - INFO -   embedding_failures: 0
2025-11-01 01:14:31,136 - quality_tracker - INFO -   failure_rate: 0.0000
2025-11-01 01:14:31,136 - quality_tracker - INFO -   avg_norm: 1.0000
2025-11-01 01:14:31,136 - quality_tracker - INFO -   min_norm: 1.0000
2025-11-01 01:14:31,136 - quality_tracker - INFO -   max_norm: 1.0000
2025-11-01 01:14:31,136 - quality_tracker - INFO--- Logging error ---
Traceback (most recent call last):
  File "C:\Users\Dimon\AppData\Local\Programs\Python\Python313\Lib\logging\__init__.py", line 1154, in emit
    stream.write(msg + self.terminator)
    ~~~~~~~~~~~~^^^^^^^^^^^^^^^^^^^^^^^
  File "C:\Users\Dimon\AppData\Local\Programs\Python\Python313\Lib\site-packages\colorama\ansitowin32.py", line 47, in write
    self.__convertor.write(text)
    ~~~~~~~~~~~~~~~~~~~~~~^^^^^^
  File "C:\Users\Dimon\AppData\Local\Programs\Python\Python313\Lib\site-packages\colorama\ansitowin32.py", line 177, in write
    self.write_and_convert(text)
    ~~~~~~~~~~~~~~~~~~~~~~^^^^^^
  File "C:\Users\Dimon\AppData\Local\Programs\Python\Python313\Lib\site-packages\colorama\ansitowin32.py", line 205, in write_and_convert
    self.write_plain_text(text, cursor, len(text))
    ~~~~~~~~~~~~~~~~~~~~~^^^^^^^^^^^^^^^^^^^^^^^^^
  File "C:\Users\Dimon\AppData\Local\Programs\Python\Python313\Lib\site-packages\colorama\ansitowin32.py", line 210, in write_plain_text
    self.wrapped.write(text[start:end])
    ~~~~~~~~~~~~~~~~~~^^^^^^^^^^^^^^^^^
  File "C:\Users\Dimon\AppData\Local\Programs\Python\Python313\Lib\encodings\cp1251.py", line 19, in encode
    return codecs.charmap_encode(input,self.errors,encoding_table)[0]
           ~~~~~~~~~~~~~~~~~~~~~^^^^^^^^^^^^^^^^^^^^^^^^^^^^^^^^^^
UnicodeEncodeError: 'charmap' codec can't encode character '\u2713' in position 3: character maps to <undefined>
Call stack:
  File "C:\scripts\1repo\run_mvp.py", line 680, in <module>
    main()
  File "C:\scripts\1repo\run_mvp.py", line 652, in main
    results = orchestrator.run_single(
  File "C:\scripts\1repo\run_mvp.py", line 226, in run_single
    stage_result = self._run_stage(stage, current_input)
  File "C:\scripts\1repo\run_mvp.py", line 428, in _run_stage
    return processor.process_chunks(input_path, output_dir=None)
  File "C:\scripts\1repo\am_embed.py", line 426, in process_chunks
    self.quality_tracker.track('embed', chunks_path.name, metrics)
  File "C:\scripts\1repo\quality_tracker.py", line 171, in track
    logger.info(f"\u2713 Quality thresholds passed for {stage}")
Message: '\u2713 Quality thresholds passed for embed'
Arguments: ()
2025-11-01 01:14:31,137 - quality_tracker - INFO - Completed: track_quality (0.00s)
2025-11-01 01:14:31,137 - am_embed - INFO - Saved: continuous_discovery_habits_-_teresa_torres.dataset.faiss, continuous_discovery_habits_-_teresa_torres.dataset.pkl
2025-11-01 01:14:31,138 - __main__ - INFO - ============================================================
2025-11-01 01:14:31,138 - __main__ - INFO--- Logging error ---
Traceback (most recent call last):
  File "C:\Users\Dimon\AppData\Local\Programs\Python\Python313\Lib\logging\__init__.py", line 1154, in emit
    stream.write(msg + self.terminator)
    ~~~~~~~~~~~~^^^^^^^^^^^^^^^^^^^^^^^
  File "C:\Users\Dimon\AppData\Local\Programs\Python\Python313\Lib\site-packages\colorama\ansitowin32.py", line 47, in write
    self.__convertor.write(text)
    ~~~~~~~~~~~~~~~~~~~~~~^^^^^^
  File "C:\Users\Dimon\AppData\Local\Programs\Python\Python313\Lib\site-packages\colorama\ansitowin32.py", line 177, in write
    self.write_and_convert(text)
    ~~~~~~~~~~~~~~~~~~~~~~^^^^^^
  File "C:\Users\Dimon\AppData\Local\Programs\Python\Python313\Lib\site-packages\colorama\ansitowin32.py", line 205, in write_and_convert
    self.write_plain_text(text, cursor, len(text))
    ~~~~~~~~~~~~~~~~~~~~~^^^^^^^^^^^^^^^^^^^^^^^^^
  File "C:\Users\Dimon\AppData\Local\Programs\Python\Python313\Lib\site-packages\colorama\ansitowin32.py", line 210, in write_plain_text
    self.wrapped.write(text[start:end])
    ~~~~~~~~~~~~~~~~~~^^^^^^^^^^^^^^^^^
  File "C:\Users\Dimon\AppData\Local\Programs\Python\Python313\Lib\encodings\cp1251.py", line 19, in encode
    return codecs.charmap_encode(input,self.errors,encoding_table)[0]
           ~~~~~~~~~~~~~~~~~~~~~^^^^^^^^^^^^^^^^^^^^^^^^^^^^^^^^^^
UnicodeEncodeError: 'charmap' codec can't encode character '\U0001f522' in position 5: character maps to <undefined>
Call stack:
  File "C:\scripts\1repo\run_mvp.py", line 680, in <module>
    main()
  File "C:\scripts\1repo\run_mvp.py", line 652, in main
    results = orchestrator.run_single(
  File "C:\scripts\1repo\run_mvp.py", line 253, in run_single
    log_stage(logger, stage, "Completed")
  File "C:\scripts\1repo\am_logging.py", line 613, in log_stage
    log_section(logger, f"{emoji} {action}: {stage.upper()}", "INFO")
  File "C:\scripts\1repo\am_logging.py", line 588, in log_section
    log_func(f"  {title}")
Message: '  \U0001f522 Completed: EMBED'
Arguments: ()
2025-11-01 01:14:31,138 - __main__ - INFO - ============================================================
2025-11-01 01:14:31,138 - __main__ - INFO - Pipeline status: completed
2025-11-01 01:14:31,138 - __main__ - INFO - Completed: run_single_pipeline (39.60s)
2025-11-01 01:14:31,139 - __main__ - INFO - ============================================================
2025-11-01 01:14:31,139 - __main__ - INFO--- Logging error ---
Traceback (most recent call last):
  File "C:\Users\Dimon\AppData\Local\Programs\Python\Python313\Lib\logging\__init__.py", line 1154, in emit
    stream.write(msg + self.terminator)
    ~~~~~~~~~~~~^^^^^^^^^^^^^^^^^^^^^^^
  File "C:\Users\Dimon\AppData\Local\Programs\Python\Python313\Lib\site-packages\colorama\ansitowin32.py", line 47, in write
    self.__convertor.write(text)
    ~~~~~~~~~~~~~~~~~~~~~~^^^^^^
  File "C:\Users\Dimon\AppData\Local\Programs\Python\Python313\Lib\site-packages\colorama\ansitowin32.py", line 177, in write
    self.write_and_convert(text)
    ~~~~~~~~~~~~~~~~~~~~~~^^^^^^
  File "C:\Users\Dimon\AppData\Local\Programs\Python\Python313\Lib\site-packages\colorama\ansitowin32.py", line 205, in write_and_convert
    self.write_plain_text(text, cursor, len(text))
    ~~~~~~~~~~~~~~~~~~~~~^^^^^^^^^^^^^^^^^^^^^^^^^
  File "C:\Users\Dimon\AppData\Local\Programs\Python\Python313\Lib\site-packages\colorama\ansitowin32.py", line 210, in write_plain_text
    self.wrapped.write(text[start:end])
    ~~~~~~~~~~~~~~~~~~^^^^^^^^^^^^^^^^^
  File "C:\Users\Dimon\AppData\Local\Programs\Python\Python313\Lib\encodings\cp1251.py", line 19, in encode
    return codecs.charmap_encode(input,self.errors,encoding_table)[0]
           ~~~~~~~~~~~~~~~~~~~~~^^^^^^^^^^^^^^^^^^^^^^^^^^^^^^^^^^
UnicodeEncodeError: 'charmap' codec can't encode character '\U0001f4ca' in position 5: character maps to <undefined>
Call stack:
  File "C:\scripts\1repo\run_mvp.py", line 680, in <module>
    main()
  File "C:\scripts\1repo\run_mvp.py", line 660, in main
    orchestrator.generate_reports()
  File "C:\scripts\1repo\run_mvp.py", line 502, in generate_reports
    log_section(logger, "\U0001f4ca FINAL REPORTS", "INFO")
  File "C:\scripts\1repo\am_logging.py", line 588, in log_section
    log_func(f"  {title}")
Message: '  \U0001f4ca FINAL REPORTS'
Arguments: ()
2025-11-01 01:14:31,139 - __main__ - INFO - ============================================================
2025-11-01 01:14:31,139 - __main__ - INFO - ============================================================
2025-11-01 01:14:31,139 - __main__ - INFO -   Performance Summary
2025-11-01 01:14:31,139 - __main__ - INFO - ============================================================
2025-11-01 01:14:31,139 - __main__ - INFO - 
run_single_pipeline:
2025-11-01 01:14:31,139 - __main__ - INFO -   Count: 1
2025-11-01 01:14:31,139 - __main__ - INFO -   Total: 39.60s
2025-11-01 01:14:31,139 - __main__ - INFO -   Avg: 39.60s
2025-11-01 01:14:31,139 - __main__ - INFO -   Min: 39.60s
2025-11-01 01:14:31,139 - __main__ - INFO -   Max: 39.60s
2025-11-01 01:14:31,140 - __main__ - INFO - 
track_quality:
2025-11-01 01:14:31,140 - __main__ - INFO -   Count: 7
2025-11-01 01:14:31,140 - __main__ - INFO -   Total: 0.01s
2025-11-01 01:14:31,140 - __main__ - INFO -   Avg: 0.00s
2025-11-01 01:14:31,140 - __main__ - INFO -   Min: 0.00s
2025-11-01 01:14:31,140 - __main__ - INFO -   Max: 0.00s
2025-11-01 01:14:31,140 - __main__ - INFO - No errors or warnings recorded
2025-11-01 01:14:31,140 - __main__ - INFO - 
2025-11-01 01:14:31,140 - quality_tracker - INFO - Starting: generate_quality_report
2025-11-01 01:14:31,141 - quality_tracker - INFO - Quality report saved: C:\scripts\1repo\data\quality\quality_report_20251101_011431.json
2025-11-01 01:14:31,142 - quality_tracker - INFO - Completed: generate_quality_report (0.00s)
2025-11-01 01:14:31,142 - quality_tracker - INFO - ============================================================
2025-11-01 01:14:31,142 - quality_tracker - INFO -   QUALITY REPORT
2025-11-01 01:14:31,142 - quality_tracker - INFO - ============================================================
2025-11-01 01:14:31,142 - quality_tracker - INFO - Generated: 2025-10-31T22:14:31Z
2025-11-01 01:14:31,142 - quality_tracker - INFO - Version: 2.0.0

2025-11-01 01:14:31,142 - quality_tracker - INFO - ------------------------------------------------------------
2025-11-01 01:14:31,142 - quality_tracker - INFO -   Stage: STRUCTURAL
2025-11-01 01:14:31,142 - quality_tracker - INFO - ------------------------------------------------------------
2025-11-01 01:14:31,142 - quality_tracker - INFO - Summary:
2025-11-01 01:14:31,142 - quality_tracker - INFO -   total_runs: 1
2025-11-01 01:14:31,142 - quality_tracker - INFO -   passed_threshold: 1
2025-11-01 01:14:31,143 - quality_tracker - INFO -   failed_threshold: 0
2025-11-01 01:14:31,143 - quality_tracker - INFO -   pass_rate: 100.0%
2025-11-01 01:14:31,143 - quality_tracker - INFO - 
Recent trend (last 1 runs):
2025-11-01 01:14:31,143 - quality_tracker - INFO -   Pass rate: 100.0%
2025-11-01 01:14:31,143 - quality_tracker - INFO - 
2025-11-01 01:14:31,143 - quality_tracker - INFO - ------------------------------------------------------------
2025-11-01 01:14:31,143 - quality_tracker - INFO -   Stage: STRUCTURE_DETECT
2025-11-01 01:14:31,143 - quality_tracker - INFO - ------------------------------------------------------------
2025-11-01 01:14:31,143 - quality_tracker - INFO - Summary:
2025-11-01 01:14:31,143 - quality_tracker - INFO -   total_runs: 1
2025-11-01 01:14:31,143 - quality_tracker - INFO -   passed_threshold: 1
2025-11-01 01:14:31,143 - quality_tracker - INFO -   failed_threshold: 0
2025-11-01 01:14:31,143 - quality_tracker - INFO -   pass_rate: 100.0%
2025-11-01 01:14:31,143 - quality_tracker - INFO - 
Recent trend (last 1 runs):
2025-11-01 01:14:31,143 - quality_tracker - INFO -   Pass rate: 100.0%
2025-11-01 01:14:31,143 - quality_tracker - INFO - 
2025-11-01 01:14:31,143 - quality_tracker - INFO - ------------------------------------------------------------
2025-11-01 01:14:31,143 - quality_tracker - INFO -   Stage: SUMMARIZE
2025-11-01 01:14:31,143 - quality_tracker - INFO - ------------------------------------------------------------
2025-11-01 01:14:31,143 - quality_tracker - INFO - Summary:
2025-11-01 01:14:31,143 - quality_tracker - INFO -   total_runs: 1
2025-11-01 01:14:31,143 - quality_tracker - INFO -   passed_threshold: 1
2025-11-01 01:14:31,143 - quality_tracker - INFO -   failed_threshold: 0
2025-11-01 01:14:31,144 - quality_tracker - INFO -   pass_rate: 100.0%
2025-11-01 01:14:31,144 - quality_tracker - INFO - 
Recent trend (last 1 runs):
2025-11-01 01:14:31,144 - quality_tracker - INFO -   Pass rate: 100.0%
2025-11-01 01:14:31,144 - quality_tracker - INFO - 
2025-11-01 01:14:31,144 - quality_tracker - INFO - ------------------------------------------------------------
2025-11-01 01:14:31,144 - quality_tracker - INFO -   Stage: EXTENDED
2025-11-01 01:14:31,144 - quality_tracker - INFO - ------------------------------------------------------------
2025-11-01 01:14:31,144 - quality_tracker - INFO - Summary:
2025-11-01 01:14:31,144 - quality_tracker - INFO -   total_runs: 1
2025-11-01 01:14:31,144 - quality_tracker - INFO -   passed_threshold: 1
2025-11-01 01:14:31,144 - quality_tracker - INFO -   failed_threshold: 0
2025-11-01 01:14:31,144 - quality_tracker - INFO -   pass_rate: 100.0%
2025-11-01 01:14:31,144 - quality_tracker - INFO - 
Recent trend (last 1 runs):
2025-11-01 01:14:31,144 - quality_tracker - INFO -   Pass rate: 100.0%
2025-11-01 01:14:31,144 - quality_tracker - INFO - 
2025-11-01 01:14:31,144 - quality_tracker - INFO - ------------------------------------------------------------
2025-11-01 01:14:31,144 - quality_tracker - INFO -   Stage: FINALIZE
2025-11-01 01:14:31,144 - quality_tracker - INFO - ------------------------------------------------------------
2025-11-01 01:14:31,144 - quality_tracker - INFO - Summary:
2025-11-01 01:14:31,144 - quality_tracker - INFO -   total_runs: 1
2025-11-01 01:14:31,144 - quality_tracker - INFO -   passed_threshold: 1
2025-11-01 01:14:31,144 - quality_tracker - INFO -   failed_threshold: 0
2025-11-01 01:14:31,144 - quality_tracker - INFO -   pass_rate: 100.0%
2025-11-01 01:14:31,144 - quality_tracker - INFO - 
Recent trend (last 1 runs):
2025-11-01 01:14:31,144 - quality_tracker - INFO -   Pass rate: 100.0%
2025-11-01 01:14:31,145 - quality_tracker - INFO - 
2025-11-01 01:14:31,145 - quality_tracker - INFO - ------------------------------------------------------------
2025-11-01 01:14:31,145 - quality_tracker - INFO -   Stage: CHUNK
2025-11-01 01:14:31,145 - quality_tracker - INFO - ------------------------------------------------------------
2025-11-01 01:14:31,145 - quality_tracker - INFO - Summary:
2025-11-01 01:14:31,145 - quality_tracker - INFO -   total_runs: 1
2025-11-01 01:14:31,145 - quality_tracker - INFO -   passed_threshold: 1
2025-11-01 01:14:31,145 - quality_tracker - INFO -   failed_threshold: 0
2025-11-01 01:14:31,145 - quality_tracker - INFO -   pass_rate: 100.0%
2025-11-01 01:14:31,145 - quality_tracker - INFO - 
Recent trend (last 1 runs):
2025-11-01 01:14:31,145 - quality_tracker - INFO -   Pass rate: 100.0%
2025-11-01 01:14:31,145 - quality_tracker - INFO - 
2025-11-01 01:14:31,145 - quality_tracker - INFO - ------------------------------------------------------------
2025-11-01 01:14:31,145 - quality_tracker - INFO -   Stage: EMBED
2025-11-01 01:14:31,145 - quality_tracker - INFO - ------------------------------------------------------------
2025-11-01 01:14:31,145 - quality_tracker - INFO - Summary:
2025-11-01 01:14:31,145 - quality_tracker - INFO -   total_runs: 1
2025-11-01 01:14:31,145 - quality_tracker - INFO -   passed_threshold: 1
2025-11-01 01:14:31,145 - quality_tracker - INFO -   failed_threshold: 0
2025-11-01 01:14:31,145 - quality_tracker - INFO -   pass_rate: 100.0%
2025-11-01 01:14:31,145 - quality_tracker - INFO - 
Recent trend (last 1 runs):
2025-11-01 01:14:31,145 - quality_tracker - INFO -   Pass rate: 100.0%
2025-11-01 01:14:31,145 - quality_tracker - INFO - 
2025-11-01 01:14:31,145 - quality_tracker - INFO - ------------------------------------------------------------
2025-11-01 01:14:31,145 - quality_tracker - INFO -   PERFORMANCE SUMMARY
2025-11-01 01:14:31,146 - quality_tracker - INFO - ------------------------------------------------------------
2025-11-01 01:14:31,146 - quality_tracker - INFO - track_quality:
2025-11-01 01:14:31,146 - quality_tracker - INFO -   Count: 7, Avg: 0.00s
2025-11-01 01:14:31,146 - quality_tracker - INFO - run_single_pipeline:
2025-11-01 01:14:31,146 - quality_tracker - INFO -   Count: 1, Avg: 39.60s
2025-11-01 01:14:31,146 - __main__ - INFO - 
2025-11-01 01:14:31,146 - validate - INFO - ============================================================
2025-11-01 01:14:31,146 - validate - INFO -   Validation Summary
2025-11-01 01:14:31,146 - validate - INFO - ============================================================
2025-11-01 01:14:31,146 - validate - INFO - Overall Results:
2025-11-01 01:14:31,146 - validate - INFO -   total_datasets: 2
2025-11-01 01:14:31,146 - validate - INFO -   valid_datasets: 1
2025-11-01 01:14:31,146 - validate - INFO -   invalid_datasets: 1
2025-11-01 01:14:31,146 - validate - INFO -   total_errors: 2
2025-11-01 01:14:31,146 - validate - INFO -   total_warnings: 196
2025-11-01 01:14:31,146 - validate - INFO -   success_rate: 0.5000
2025-11-01 01:14:31,146 - validate - INFO -   timestamp: 2025-10-31T22:14:31.146291
2025-11-01 01:14:31,146 - validate - INFO - 
Per-dataset results:
2025-11-01 01:14:31,146 - validate - INFO--- Logging error ---
Traceback (most recent call last):
  File "C:\Users\Dimon\AppData\Local\Programs\Python\Python313\Lib\logging\__init__.py", line 1154, in emit
    stream.write(msg + self.terminator)
    ~~~~~~~~~~~~^^^^^^^^^^^^^^^^^^^^^^^
  File "C:\Users\Dimon\AppData\Local\Programs\Python\Python313\Lib\site-packages\colorama\ansitowin32.py", line 47, in write
    self.__convertor.write(text)
    ~~~~~~~~~~~~~~~~~~~~~~^^^^^^
  File "C:\Users\Dimon\AppData\Local\Programs\Python\Python313\Lib\site-packages\colorama\ansitowin32.py", line 177, in write
    self.write_and_convert(text)
    ~~~~~~~~~~~~~~~~~~~~~~^^^^^^
  File "C:\Users\Dimon\AppData\Local\Programs\Python\Python313\Lib\site-packages\colorama\ansitowin32.py", line 205, in write_and_convert
    self.write_plain_text(text, cursor, len(text))
    ~~~~~~~~~~~~~~~~~~~~~^^^^^^^^^^^^^^^^^^^^^^^^^
  File "C:\Users\Dimon\AppData\Local\Programs\Python\Python313\Lib\site-packages\colorama\ansitowin32.py", line 210, in write_plain_text
    self.wrapped.write(text[start:end])
    ~~~~~~~~~~~~~~~~~~^^^^^^^^^^^^^^^^^
  File "C:\Users\Dimon\AppData\Local\Programs\Python\Python313\Lib\encodings\cp1251.py", line 19, in encode
    return codecs.charmap_encode(input,self.errors,encoding_table)[0]
           ~~~~~~~~~~~~~~~~~~~~~^^^^^^^^^^^^^^^^^^^^^^^^^^^^^^^^^^
UnicodeEncodeError: 'charmap' codec can't encode character '\u2705' in position 5: character maps to <undefined>
Call stack:
  File "C:\scripts\1repo\run_mvp.py", line 680, in <module>
    main()
  File "C:\scripts\1repo\run_mvp.py", line 660, in main
    orchestrator.generate_reports()
  File "C:\scripts\1repo\run_mvp.py", line 522, in generate_reports
    self.validator.print_summary()
  File "C:\scripts\1repo\validate.py", line 784, in print_summary
    self.report.print_summary()
  File "C:\scripts\1repo\validate.py", line 644, in print_summary
    logger.info(f"  {status} - {dataset} (errors: {errors}, warnings: {warnings})")
Message: '  \u2705 VALID - continuous_discovery_habits_-_teresa_torres.dataset.jsonl (errors: 0, warnings: 4)'
Arguments: ()
2025-11-01 01:14:31,147 - validate - INFO--- Logging error ---
Traceback (most recent call last):
  File "C:\Users\Dimon\AppData\Local\Programs\Python\Python313\Lib\logging\__init__.py", line 1154, in emit
    stream.write(msg + self.terminator)
    ~~~~~~~~~~~~^^^^^^^^^^^^^^^^^^^^^^^
  File "C:\Users\Dimon\AppData\Local\Programs\Python\Python313\Lib\site-packages\colorama\ansitowin32.py", line 47, in write
    self.__convertor.write(text)
    ~~~~~~~~~~~~~~~~~~~~~~^^^^^^
  File "C:\Users\Dimon\AppData\Local\Programs\Python\Python313\Lib\site-packages\colorama\ansitowin32.py", line 177, in write
    self.write_and_convert(text)
    ~~~~~~~~~~~~~~~~~~~~~~^^^^^^
  File "C:\Users\Dimon\AppData\Local\Programs\Python\Python313\Lib\site-packages\colorama\ansitowin32.py", line 205, in write_and_convert
    self.write_plain_text(text, cursor, len(text))
    ~~~~~~~~~~~~~~~~~~~~~^^^^^^^^^^^^^^^^^^^^^^^^^
  File "C:\Users\Dimon\AppData\Local\Programs\Python\Python313\Lib\site-packages\colorama\ansitowin32.py", line 210, in write_plain_text
    self.wrapped.write(text[start:end])
    ~~~~~~~~~~~~~~~~~~^^^^^^^^^^^^^^^^^
  File "C:\Users\Dimon\AppData\Local\Programs\Python\Python313\Lib\encodings\cp1251.py", line 19, in encode
    return codecs.charmap_encode(input,self.errors,encoding_table)[0]
           ~~~~~~~~~~~~~~~~~~~~~^^^^^^^^^^^^^^^^^^^^^^^^^^^^^^^^^^
UnicodeEncodeError: 'charmap' codec can't encode character '\u274c' in position 5: character maps to <undefined>
Call stack:
  File "C:\scripts\1repo\run_mvp.py", line 680, in <module>
    main()
  File "C:\scripts\1repo\run_mvp.py", line 660, in main
    orchestrator.generate_reports()
  File "C:\scripts\1repo\run_mvp.py", line 522, in generate_reports
    self.validator.print_summary()
  File "C:\scripts\1repo\validate.py", line 784, in print_summary
    self.report.print_summary()
  File "C:\scripts\1repo\validate.py", line 644, in print_summary
    logger.info(f"  {status} - {dataset} (errors: {errors}, warnings: {warnings})")
Message: '  \u274c INVALID - continuous_discovery_habits_-_teresa_torres.dataset.jsonl (errors: 2, warnings: 192)'
Arguments: ()
2025-11-01 01:14:31,148 - __main__ - INFO - ============================================================
2025-11-01 01:14:31,148 - __main__ - INFO--- Logging error ---
Traceback (most recent call last):
  File "C:\Users\Dimon\AppData\Local\Programs\Python\Python313\Lib\logging\__init__.py", line 1154, in emit
    stream.write(msg + self.terminator)
    ~~~~~~~~~~~~^^^^^^^^^^^^^^^^^^^^^^^
  File "C:\Users\Dimon\AppData\Local\Programs\Python\Python313\Lib\site-packages\colorama\ansitowin32.py", line 47, in write
    self.__convertor.write(text)
    ~~~~~~~~~~~~~~~~~~~~~~^^^^^^
  File "C:\Users\Dimon\AppData\Local\Programs\Python\Python313\Lib\site-packages\colorama\ansitowin32.py", line 177, in write
    self.write_and_convert(text)
    ~~~~~~~~~~~~~~~~~~~~~~^^^^^^
  File "C:\Users\Dimon\AppData\Local\Programs\Python\Python313\Lib\site-packages\colorama\ansitowin32.py", line 205, in write_and_convert
    self.write_plain_text(text, cursor, len(text))
    ~~~~~~~~~~~~~~~~~~~~~^^^^^^^^^^^^^^^^^^^^^^^^^
  File "C:\Users\Dimon\AppData\Local\Programs\Python\Python313\Lib\site-packages\colorama\ansitowin32.py", line 210, in write_plain_text
    self.wrapped.write(text[start:end])
    ~~~~~~~~~~~~~~~~~~^^^^^^^^^^^^^^^^^
  File "C:\Users\Dimon\AppData\Local\Programs\Python\Python313\Lib\encodings\cp1251.py", line 19, in encode
    return codecs.charmap_encode(input,self.errors,encoding_table)[0]
           ~~~~~~~~~~~~~~~~~~~~~^^^^^^^^^^^^^^^^^^^^^^^^^^^^^^^^^^
UnicodeEncodeError: 'charmap' codec can't encode character '\u2705' in position 5: character maps to <undefined>
Call stack:
  File "C:\scripts\1repo\run_mvp.py", line 680, in <module>
    main()
  File "C:\scripts\1repo\run_mvp.py", line 667, in main
    log_section(logger, "\u2705 PIPELINE COMPLETED SUCCESSFULLY", "INFO")
  File "C:\scripts\1repo\am_logging.py", line 588, in log_section
    log_func(f"  {title}")
Message: '  \u2705 PIPELINE COMPLETED SUCCESSFULLY'
Arguments: ()
2025-11-01 01:14:31,149 - __main__ - INFO - ============================================================
