[WARN] OCR not available
2025-11-01 01:17:06,853 - faiss.loader - INFO - Loading faiss with AVX512 support.
2025-11-01 01:17:06,853 - faiss.loader - INFO - Could not load library with AVX512 support due to:
ModuleNotFoundError("No module named 'faiss.swigfaiss_avx512'")
2025-11-01 01:17:06,853 - faiss.loader - INFO - Loading faiss with AVX2 support.
2025-11-01 01:17:06,864 - faiss.loader - INFO - Successfully loaded faiss with AVX2 support.
2025-11-01 01:17:06,869 - am_common - INFO - Loading config: config\batch_full.yaml
2025-11-01 01:17:06,883 - am_common - INFO - Config loaded successfully
2025-11-01 01:17:06,884 - quality_tracker - INFO - Quality tracker initialized: C:\scripts\1repo\data\quality
2025-11-01 01:17:06,884 - __main__ - INFO - ============================================================
2025-11-01 01:17:06,884 - __main__ - INFO--- Logging error ---
Traceback (most recent call last):
  File "C:\Users\Dimon\AppData\Local\Programs\Python\Python313\Lib\logging\__init__.py", line 1154, in emit
    stream.write(msg + self.terminator)
    ~~~~~~~~~~~~^^^^^^^^^^^^^^^^^^^^^^^
  File "C:\Users\Dimon\AppData\Local\Programs\Python\Python313\Lib\site-packages\colorama\ansitowin32.py", line 47, in write
    self.__convertor.write(text)
    ~~~~~~~~~~~~~~~~~~~~~~^^^^^^
  File "C:\Users\Dimon\AppData\Local\Programs\Python\Python313\Lib\site-packages\colorama\ansitowin32.py", line 177, in write
    self.write_and_convert(text)
    ~~~~~~~~~~~~~~~~~~~~~~^^^^^^
  File "C:\Users\Dimon\AppData\Local\Programs\Python\Python313\Lib\site-packages\colorama\ansitowin32.py", line 205, in write_and_convert
    self.write_plain_text(text, cursor, len(text))
    ~~~~~~~~~~~~~~~~~~~~~^^^^^^^^^^^^^^^^^^^^^^^^^
  File "C:\Users\Dimon\AppData\Local\Programs\Python\Python313\Lib\site-packages\colorama\ansitowin32.py", line 210, in write_plain_text
    self.wrapped.write(text[start:end])
    ~~~~~~~~~~~~~~~~~~^^^^^^^^^^^^^^^^^
  File "C:\Users\Dimon\AppData\Local\Programs\Python\Python313\Lib\encodings\cp1251.py", line 19, in encode
    return codecs.charmap_encode(input,self.errors,encoding_table)[0]
           ~~~~~~~~~~~~~~~~~~~~~^^^^^^^^^^^^^^^^^^^^^^^^^^^^^^^^^^
UnicodeEncodeError: 'charmap' codec can't encode character '\U0001f680' in position 5: character maps to <undefined>
Call stack:
  File "C:\scripts\1repo\run_mvp.py", line 680, in <module>
    main()
  File "C:\scripts\1repo\run_mvp.py", line 605, in main
    orchestrator = PipelineOrchestrator(
  File "C:\scripts\1repo\run_mvp.py", line 136, in __init__
    log_section(logger, f"\U0001f680 {PRODUCT_NAME} {VERSION}", "INFO")
  File "C:\scripts\1repo\am_logging.py", line 588, in log_section
    log_func(f"  {title}")
Message: '  \U0001f680 archivist magika 2.0.0'
Arguments: ()
2025-11-01 01:17:06,886 - __main__ - INFO - ============================================================
2025-11-01 01:17:06,886 - __main__ - INFO - Quality check: enabled
2025-11-01 01:17:06,886 - __main__ - INFO - Validation: enabled
2025-11-01 01:17:06,886 - __main__ - INFO - Dry run: no
2025-11-01 01:17:06,886 - __main__ - INFO - Starting: run_single_pipeline
2025-11-01 01:17:06,886 - __main__ - INFO - Processing: Data-Science-for-Business.pdf
2025-11-01 01:17:06,886 - __main__ - INFO--- Logging error ---
Traceback (most recent call last):
  File "C:\Users\Dimon\AppData\Local\Programs\Python\Python313\Lib\logging\__init__.py", line 1154, in emit
    stream.write(msg + self.terminator)
    ~~~~~~~~~~~~^^^^^^^^^^^^^^^^^^^^^^^
  File "C:\Users\Dimon\AppData\Local\Programs\Python\Python313\Lib\site-packages\colorama\ansitowin32.py", line 47, in write
    self.__convertor.write(text)
    ~~~~~~~~~~~~~~~~~~~~~~^^^^^^
  File "C:\Users\Dimon\AppData\Local\Programs\Python\Python313\Lib\site-packages\colorama\ansitowin32.py", line 177, in write
    self.write_and_convert(text)
    ~~~~~~~~~~~~~~~~~~~~~~^^^^^^
  File "C:\Users\Dimon\AppData\Local\Programs\Python\Python313\Lib\site-packages\colorama\ansitowin32.py", line 205, in write_and_convert
    self.write_plain_text(text, cursor, len(text))
    ~~~~~~~~~~~~~~~~~~~~~^^^^^^^^^^^^^^^^^^^^^^^^^
  File "C:\Users\Dimon\AppData\Local\Programs\Python\Python313\Lib\site-packages\colorama\ansitowin32.py", line 210, in write_plain_text
    self.wrapped.write(text[start:end])
    ~~~~~~~~~~~~~~~~~~^^^^^^^^^^^^^^^^^
  File "C:\Users\Dimon\AppData\Local\Programs\Python\Python313\Lib\encodings\cp1251.py", line 19, in encode
    return codecs.charmap_encode(input,self.errors,encoding_table)[0]
           ~~~~~~~~~~~~~~~~~~~~~^^^^^^^^^^^^^^^^^^^^^^^^^^^^^^^^^^
UnicodeEncodeError: 'charmap' codec can't encode character '\u2192' in position 24: character maps to <undefined>
Call stack:
  File "C:\scripts\1repo\run_mvp.py", line 680, in <module>
    main()
  File "C:\scripts\1repo\run_mvp.py", line 652, in main
    results = orchestrator.run_single(
  File "C:\scripts\1repo\run_mvp.py", line 196, in run_single
    logger.info(f"Pipeline: {start_stage} \u2192 {end_stage}")
Message: 'Pipeline: structural \u2192 embed'
Arguments: ()
2025-11-01 01:17:06,887 - __main__ - INFO--- Logging error ---
Traceback (most recent call last):
  File "C:\Users\Dimon\AppData\Local\Programs\Python\Python313\Lib\logging\__init__.py", line 1154, in emit
    stream.write(msg + self.terminator)
    ~~~~~~~~~~~~^^^^^^^^^^^^^^^^^^^^^^^
  File "C:\Users\Dimon\AppData\Local\Programs\Python\Python313\Lib\site-packages\colorama\ansitowin32.py", line 47, in write
    self.__convertor.write(text)
    ~~~~~~~~~~~~~~~~~~~~~~^^^^^^
  File "C:\Users\Dimon\AppData\Local\Programs\Python\Python313\Lib\site-packages\colorama\ansitowin32.py", line 177, in write
    self.write_and_convert(text)
    ~~~~~~~~~~~~~~~~~~~~~~^^^^^^
  File "C:\Users\Dimon\AppData\Local\Programs\Python\Python313\Lib\site-packages\colorama\ansitowin32.py", line 205, in write_and_convert
    self.write_plain_text(text, cursor, len(text))
    ~~~~~~~~~~~~~~~~~~~~~^^^^^^^^^^^^^^^^^^^^^^^^^
  File "C:\Users\Dimon\AppData\Local\Programs\Python\Python313\Lib\site-packages\colorama\ansitowin32.py", line 210, in write_plain_text
    self.wrapped.write(text[start:end])
    ~~~~~~~~~~~~~~~~~~^^^^^^^^^^^^^^^^^
  File "C:\Users\Dimon\AppData\Local\Programs\Python\Python313\Lib\encodings\cp1251.py", line 19, in encode
    return codecs.charmap_encode(input,self.errors,encoding_table)[0]
           ~~~~~~~~~~~~~~~~~~~~~^^^^^^^^^^^^^^^^^^^^^^^^^^^^^^^^^^
UnicodeEncodeError: 'charmap' codec can't encode character '\u2192' in position 22: character maps to <undefined>
Call stack:
  File "C:\scripts\1repo\run_mvp.py", line 680, in <module>
    main()
  File "C:\scripts\1repo\run_mvp.py", line 652, in main
    results = orchestrator.run_single(
  File "C:\scripts\1repo\run_mvp.py", line 209, in run_single
    logger.info(f"Stages: {' \u2192 '.join(stages)}")
Message: 'Stages: structural \u2192 structure_detect \u2192 summarize \u2192 extended \u2192 finalize \u2192 chunk \u2192 embed'
Arguments: ()
2025-11-01 01:17:06,887 - __main__ - INFO - ============================================================
2025-11-01 01:17:06,887 - __main__ - INFO--- Logging error ---
Traceback (most recent call last):
  File "C:\Users\Dimon\AppData\Local\Programs\Python\Python313\Lib\logging\__init__.py", line 1154, in emit
    stream.write(msg + self.terminator)
    ~~~~~~~~~~~~^^^^^^^^^^^^^^^^^^^^^^^
  File "C:\Users\Dimon\AppData\Local\Programs\Python\Python313\Lib\site-packages\colorama\ansitowin32.py", line 47, in write
    self.__convertor.write(text)
    ~~~~~~~~~~~~~~~~~~~~~~^^^^^^
  File "C:\Users\Dimon\AppData\Local\Programs\Python\Python313\Lib\site-packages\colorama\ansitowin32.py", line 177, in write
    self.write_and_convert(text)
    ~~~~~~~~~~~~~~~~~~~~~~^^^^^^
  File "C:\Users\Dimon\AppData\Local\Programs\Python\Python313\Lib\site-packages\colorama\ansitowin32.py", line 205, in write_and_convert
    self.write_plain_text(text, cursor, len(text))
    ~~~~~~~~~~~~~~~~~~~~~^^^^^^^^^^^^^^^^^^^^^^^^^
  File "C:\Users\Dimon\AppData\Local\Programs\Python\Python313\Lib\site-packages\colorama\ansitowin32.py", line 210, in write_plain_text
    self.wrapped.write(text[start:end])
    ~~~~~~~~~~~~~~~~~~^^^^^^^^^^^^^^^^^
  File "C:\Users\Dimon\AppData\Local\Programs\Python\Python313\Lib\encodings\cp1251.py", line 19, in encode
    return codecs.charmap_encode(input,self.errors,encoding_table)[0]
           ~~~~~~~~~~~~~~~~~~~~~^^^^^^^^^^^^^^^^^^^^^^^^^^^^^^^^^^
UnicodeEncodeError: 'charmap' codec can't encode character '\U0001f4c4' in position 5: character maps to <undefined>
Call stack:
  File "C:\scripts\1repo\run_mvp.py", line 680, in <module>
    main()
  File "C:\scripts\1repo\run_mvp.py", line 652, in main
    results = orchestrator.run_single(
  File "C:\scripts\1repo\run_mvp.py", line 222, in run_single
    log_stage(logger, stage, "Starting")
  File "C:\scripts\1repo\am_logging.py", line 613, in log_stage
    log_section(logger, f"{emoji} {action}: {stage.upper()}", "INFO")
  File "C:\scripts\1repo\am_logging.py", line 588, in log_section
    log_func(f"  {title}")
Message: '  \U0001f4c4 Starting: STRUCTURAL'
Arguments: ()
2025-11-01 01:17:06,888 - __main__ - INFO - ============================================================
2025-11-01 01:17:06,888 - am_common - INFO - Loading config: config\batch_full.yaml
2025-11-01 01:17:06,902 - am_common - INFO - Config loaded successfully
2025-11-01 01:17:06,902 - am_structural_robust - INFO - Text extractor chain: ['pdfminer', 'pdfplumber', 'pypdf2']
2025-11-01 01:17:06,902 - am_structural_robust - INFO - Table extractor chain: ['pdfplumber']
2025-11-01 01:17:06,903 - am_structural_robust - INFO - Processing: Data-Science-for-Business.pdf
2025-11-01 01:17:07,043 - am_structural_robust - INFO - PDF: Data Science for Business
2025-11-01 01:17:07,150 - am_structural_robust - INFO - Total pages: 409
2025-11-01 01:17:07,430 - am_structural_robust - ERROR - [X] Page 0: All extractors failed
2025-11-01 01:17:07,950 - am_structural_robust - ERROR - [X] Page 1: All extractors failed
2025-11-01 01:17:09,363 - am_structural_robust - ERROR - [X] Page 5: All extractors failed
2025-11-01 01:17:13,211 - am_structural_robust - ERROR - [X] Page 15: All extractors failed
2025-11-01 01:17:22,467 - am_structural_robust - ERROR - [X] Page 41: All extractors failed
2025-11-01 01:17:25,620 - am_structural_robust - INFO -   Processed 50/409 pages
2025-11-01 01:17:42,835 - am_structural_robust - INFO -   Processed 100/409 pages
2025-11-01 01:17:44,190 - am_structural_robust - ERROR - [X] Page 103: All extractors failed
2025-11-01 01:17:54,668 - am_structural_robust - ERROR - [X] Page 133: All extractors failed
2025-11-01 01:18:00,618 - am_structural_robust - INFO -   Processed 150/409 pages
2025-11-01 01:18:19,007 - am_structural_robust - INFO -   Processed 200/409 pages
2025-11-01 01:18:22,695 - am_structural_robust - ERROR - [X] Page 209: All extractors failed
2025-11-01 01:18:36,778 - am_structural_robust - INFO -   Processed 250/409 pages
2025-11-01 01:18:55,500 - am_structural_robust - ERROR - [X] Page 299: All extractors failed
2025-11-01 01:18:55,604 - am_structural_robust - INFO -   Processed 300/409 pages
2025-11-01 01:19:08,417 - am_structural_robust - ERROR - [X] Page 335: All extractors failed
2025-11-01 01:19:13,727 - am_structural_robust - INFO -   Processed 350/409 pages
2025-11-01 01:19:15,134 - am_structural_robust - ERROR - [X] Page 353: All extractors failed
2025-11-01 01:19:20,894 - am_structural_robust - ERROR - [X] Page 369: All extractors failed
2025-11-01 01:19:22,338 - am_structural_robust - ERROR - [X] Page 373: All extractors failed
2025-11-01 01:19:23,840 - am_structural_robust - ERROR - [X] Page 377: All extractors failed
2025-11-01 01:19:32,166 - am_structural_robust - INFO -   Processed 400/409 pages
2025-11-01 01:19:35,491 - am_structural_robust - INFO - Extraction complete: 409 success, 0 failed
2025-11-01 01:19:35,491 - am_structural_robust - INFO -   Methods used: {'pdfminer': 395}
2025-11-01 01:19:35,491 - am_structural_robust - INFO -   OCR used: 0 pages
2025-11-01 01:19:35,491 - am_structural_robust - INFO -   Tables found: 0
2025-11-01 01:19:35,505 - am_common - INFO - Saving dataset: C:\scripts\1repo\data\datasets\structural\data-science-for-business.dataset.jsonl (409 cards)
2025-11-01 01:19:35,511 - am_common - INFO - Saved: 409 cards to data-science-for-business.dataset.jsonl (962.31 KB)
2025-11-01 01:19:35,512 - am_structural_robust - INFO - Dataset saved: 962.31 KB
2025-11-01 01:19:35,512 - quality_tracker - INFO - Starting: track_quality
2025-11-01 01:19:35,513 - quality_tracker - INFO - structural metrics:
2025-11-01 01:19:35,513 - quality_tracker - INFO -   total_pages: 409
2025-11-01 01:19:35,513 - quality_tracker - INFO -   success_pages: 409
2025-11-01 01:19:35,513 - quality_tracker - INFO -   failed_pages: 0
2025-11-01 01:19:35,513 - quality_tracker - INFO -   success_ratio: 1.0000
2025-11-01 01:19:35,513 - quality_tracker - INFO -   empty_pages: 14
2025-11-01 01:19:35,513 - quality_tracker - INFO -   avg_page_length: 2167.1858
2025-11-01 01:19:35,513 - quality_tracker - INFO -   extraction_methods: {'pdfminer': 395}
2025-11-01 01:19:35,513 - quality_tracker - INFO -   ocr_used: 0
2025-11-01 01:19:35,513 - quality_tracker - INFO -   tables_found: 0
2025-11-01 01:19:35,513 - quality_tracker - INFO--- Logging error ---
Traceback (most recent call last):
  File "C:\Users\Dimon\AppData\Local\Programs\Python\Python313\Lib\logging\__init__.py", line 1154, in emit
    stream.write(msg + self.terminator)
    ~~~~~~~~~~~~^^^^^^^^^^^^^^^^^^^^^^^
  File "C:\Users\Dimon\AppData\Local\Programs\Python\Python313\Lib\site-packages\colorama\ansitowin32.py", line 47, in write
    self.__convertor.write(text)
    ~~~~~~~~~~~~~~~~~~~~~~^^^^^^
  File "C:\Users\Dimon\AppData\Local\Programs\Python\Python313\Lib\site-packages\colorama\ansitowin32.py", line 177, in write
    self.write_and_convert(text)
    ~~~~~~~~~~~~~~~~~~~~~~^^^^^^
  File "C:\Users\Dimon\AppData\Local\Programs\Python\Python313\Lib\site-packages\colorama\ansitowin32.py", line 205, in write_and_convert
    self.write_plain_text(text, cursor, len(text))
    ~~~~~~~~~~~~~~~~~~~~~^^^^^^^^^^^^^^^^^^^^^^^^^
  File "C:\Users\Dimon\AppData\Local\Programs\Python\Python313\Lib\site-packages\colorama\ansitowin32.py", line 210, in write_plain_text
    self.wrapped.write(text[start:end])
    ~~~~~~~~~~~~~~~~~~^^^^^^^^^^^^^^^^^
  File "C:\Users\Dimon\AppData\Local\Programs\Python\Python313\Lib\encodings\cp1251.py", line 19, in encode
    return codecs.charmap_encode(input,self.errors,encoding_table)[0]
           ~~~~~~~~~~~~~~~~~~~~~^^^^^^^^^^^^^^^^^^^^^^^^^^^^^^^^^^
UnicodeEncodeError: 'charmap' codec can't encode character '\u2713' in position 3: character maps to <undefined>
Call stack:
  File "C:\scripts\1repo\run_mvp.py", line 680, in <module>
    main()
  File "C:\scripts\1repo\run_mvp.py", line 652, in main
    results = orchestrator.run_single(
  File "C:\scripts\1repo\run_mvp.py", line 226, in run_single
    stage_result = self._run_stage(stage, current_input)
  File "C:\scripts\1repo\run_mvp.py", line 409, in _run_stage
    return processor.process_pdf(input_path, output_dir)
  File "C:\scripts\1repo\am_structural_robust.py", line 569, in process_pdf
    self.quality_tracker.track('structural', pdf_path.name, metrics)
  File "C:\scripts\1repo\quality_tracker.py", line 171, in track
    logger.info(f"\u2713 Quality thresholds passed for {stage}")
Message: '\u2713 Quality thresholds passed for structural'
Arguments: ()
2025-11-01 01:19:35,515 - quality_tracker - INFO - Completed: track_quality (0.00s)
2025-11-01 01:19:35,515 - am_structural_robust - INFO - [OK] Saved: data-science-for-business.dataset.jsonl
2025-11-01 01:19:35,515 - validate - INFO - Validating structural: data-science-for-business.dataset.jsonl
2025-11-01 01:19:35,515 - am_common - INFO - Loading dataset: C:\scripts\1repo\data\datasets\structural\data-science-for-business.dataset.jsonl
2025-11-01 01:19:35,530 - am_common - INFO - Loaded: 409 cards from data-science-for-business.dataset.jsonl
2025-11-01 01:19:35,532 - validate - INFO - [OK] VALID - data-science-for-business.dataset.jsonl
2025-11-01 01:19:35,532 - __main__ - INFO - ============================================================
2025-11-01 01:19:35,533 - __main__ - INFO--- Logging error ---
Traceback (most recent call last):
  File "C:\Users\Dimon\AppData\Local\Programs\Python\Python313\Lib\logging\__init__.py", line 1154, in emit
    stream.write(msg + self.terminator)
    ~~~~~~~~~~~~^^^^^^^^^^^^^^^^^^^^^^^
  File "C:\Users\Dimon\AppData\Local\Programs\Python\Python313\Lib\site-packages\colorama\ansitowin32.py", line 47, in write
    self.__convertor.write(text)
    ~~~~~~~~~~~~~~~~~~~~~~^^^^^^
  File "C:\Users\Dimon\AppData\Local\Programs\Python\Python313\Lib\site-packages\colorama\ansitowin32.py", line 177, in write
    self.write_and_convert(text)
    ~~~~~~~~~~~~~~~~~~~~~~^^^^^^
  File "C:\Users\Dimon\AppData\Local\Programs\Python\Python313\Lib\site-packages\colorama\ansitowin32.py", line 205, in write_and_convert
    self.write_plain_text(text, cursor, len(text))
    ~~~~~~~~~~~~~~~~~~~~~^^^^^^^^^^^^^^^^^^^^^^^^^
  File "C:\Users\Dimon\AppData\Local\Programs\Python\Python313\Lib\site-packages\colorama\ansitowin32.py", line 210, in write_plain_text
    self.wrapped.write(text[start:end])
    ~~~~~~~~~~~~~~~~~~^^^^^^^^^^^^^^^^^
  File "C:\Users\Dimon\AppData\Local\Programs\Python\Python313\Lib\encodings\cp1251.py", line 19, in encode
    return codecs.charmap_encode(input,self.errors,encoding_table)[0]
           ~~~~~~~~~~~~~~~~~~~~~^^^^^^^^^^^^^^^^^^^^^^^^^^^^^^^^^^
UnicodeEncodeError: 'charmap' codec can't encode character '\U0001f4c4' in position 5: character maps to <undefined>
Call stack:
  File "C:\scripts\1repo\run_mvp.py", line 680, in <module>
    main()
  File "C:\scripts\1repo\run_mvp.py", line 652, in main
    results = orchestrator.run_single(
  File "C:\scripts\1repo\run_mvp.py", line 253, in run_single
    log_stage(logger, stage, "Completed")
  File "C:\scripts\1repo\am_logging.py", line 613, in log_stage
    log_section(logger, f"{emoji} {action}: {stage.upper()}", "INFO")
  File "C:\scripts\1repo\am_logging.py", line 588, in log_section
    log_func(f"  {title}")
Message: '  \U0001f4c4 Completed: STRUCTURAL'
Arguments: ()
2025-11-01 01:19:35,533 - __main__ - INFO - ============================================================
2025-11-01 01:19:35,533 - __main__ - INFO - ============================================================
2025-11-01 01:19:35,533 - __main__ - INFO--- Logging error ---
Traceback (most recent call last):
  File "C:\Users\Dimon\AppData\Local\Programs\Python\Python313\Lib\logging\__init__.py", line 1154, in emit
    stream.write(msg + self.terminator)
    ~~~~~~~~~~~~^^^^^^^^^^^^^^^^^^^^^^^
  File "C:\Users\Dimon\AppData\Local\Programs\Python\Python313\Lib\site-packages\colorama\ansitowin32.py", line 47, in write
    self.__convertor.write(text)
    ~~~~~~~~~~~~~~~~~~~~~~^^^^^^
  File "C:\Users\Dimon\AppData\Local\Programs\Python\Python313\Lib\site-packages\colorama\ansitowin32.py", line 177, in write
    self.write_and_convert(text)
    ~~~~~~~~~~~~~~~~~~~~~~^^^^^^
  File "C:\Users\Dimon\AppData\Local\Programs\Python\Python313\Lib\site-packages\colorama\ansitowin32.py", line 205, in write_and_convert
    self.write_plain_text(text, cursor, len(text))
    ~~~~~~~~~~~~~~~~~~~~~^^^^^^^^^^^^^^^^^^^^^^^^^
  File "C:\Users\Dimon\AppData\Local\Programs\Python\Python313\Lib\site-packages\colorama\ansitowin32.py", line 210, in write_plain_text
    self.wrapped.write(text[start:end])
    ~~~~~~~~~~~~~~~~~~^^^^^^^^^^^^^^^^^
  File "C:\Users\Dimon\AppData\Local\Programs\Python\Python313\Lib\encodings\cp1251.py", line 19, in encode
    return codecs.charmap_encode(input,self.errors,encoding_table)[0]
           ~~~~~~~~~~~~~~~~~~~~~^^^^^^^^^^^^^^^^^^^^^^^^^^^^^^^^^^
UnicodeEncodeError: 'charmap' codec can't encode character '\U0001f4d6' in position 5: character maps to <undefined>
Call stack:
  File "C:\scripts\1repo\run_mvp.py", line 680, in <module>
    main()
  File "C:\scripts\1repo\run_mvp.py", line 652, in main
    results = orchestrator.run_single(
  File "C:\scripts\1repo\run_mvp.py", line 222, in run_single
    log_stage(logger, stage, "Starting")
  File "C:\scripts\1repo\am_logging.py", line 613, in log_stage
    log_section(logger, f"{emoji} {action}: {stage.upper()}", "INFO")
  File "C:\scripts\1repo\am_logging.py", line 588, in log_section
    log_func(f"  {title}")
Message: '  \U0001f4d6 Starting: STRUCTURE_DETECT'
Arguments: ()
2025-11-01 01:19:35,534 - __main__ - INFO - ============================================================
2025-11-01 01:19:35,534 - am_common - INFO - Loading config: config\batch_full.yaml
2025-11-01 01:19:35,549 - am_common - INFO - Config loaded successfully
2025-11-01 01:19:35,550 - am_structure_detect - INFO - Processing: data-science-for-business.dataset.jsonl
2025-11-01 01:19:35,550 - am_common - INFO - Loading dataset: C:\scripts\1repo\data\datasets\structural\data-science-for-business.dataset.jsonl
2025-11-01 01:19:35,557 - am_common - INFO - Loaded: 409 cards from data-science-for-business.dataset.jsonl
2025-11-01 01:19:35,557 - am_structure_detect - INFO - TOC found: pages 9-15
2025-11-01 01:19:35,559 - am_structure_detect - INFO - Detected 1 chapters
2025-11-01 01:19:35,561 - am_structure_detect - INFO - Detected 1 sections
2025-11-01 01:19:35,562 - am_common - INFO - Saving dataset: C:\scripts\1repo\data\datasets\structured\data-science-for-business.dataset.jsonl (409 cards)
2025-11-01 01:19:35,569 - am_common - INFO - Saved: 409 cards to data-science-for-business.dataset.jsonl (1011.98 KB)
2025-11-01 01:19:35,569 - quality_tracker - INFO - Starting: track_quality
2025-11-01 01:19:35,569 - quality_tracker - INFO - structure_detect metrics:
2025-11-01 01:19:35,569 - quality_tracker - INFO -   total_pages: 409
2025-11-01 01:19:35,570 - quality_tracker - INFO -   chapters_detected: 1
2025-11-01 01:19:35,570 - quality_tracker - INFO -   sections_detected: 1
2025-11-01 01:19:35,570 - quality_tracker - INFO -   pages_with_structure: 332
2025-11-01 01:19:35,570 - quality_tracker - INFO -   structure_coverage: 0.8117
2025-11-01 01:19:35,570 - quality_tracker - INFO -   avg_chapter_length: 409.0000
2025-11-01 01:19:35,570 - quality_tracker - INFO--- Logging error ---
Traceback (most recent call last):
  File "C:\Users\Dimon\AppData\Local\Programs\Python\Python313\Lib\logging\__init__.py", line 1154, in emit
    stream.write(msg + self.terminator)
    ~~~~~~~~~~~~^^^^^^^^^^^^^^^^^^^^^^^
  File "C:\Users\Dimon\AppData\Local\Programs\Python\Python313\Lib\site-packages\colorama\ansitowin32.py", line 47, in write
    self.__convertor.write(text)
    ~~~~~~~~~~~~~~~~~~~~~~^^^^^^
  File "C:\Users\Dimon\AppData\Local\Programs\Python\Python313\Lib\site-packages\colorama\ansitowin32.py", line 177, in write
    self.write_and_convert(text)
    ~~~~~~~~~~~~~~~~~~~~~~^^^^^^
  File "C:\Users\Dimon\AppData\Local\Programs\Python\Python313\Lib\site-packages\colorama\ansitowin32.py", line 205, in write_and_convert
    self.write_plain_text(text, cursor, len(text))
    ~~~~~~~~~~~~~~~~~~~~~^^^^^^^^^^^^^^^^^^^^^^^^^
  File "C:\Users\Dimon\AppData\Local\Programs\Python\Python313\Lib\site-packages\colorama\ansitowin32.py", line 210, in write_plain_text
    self.wrapped.write(text[start:end])
    ~~~~~~~~~~~~~~~~~~^^^^^^^^^^^^^^^^^
  File "C:\Users\Dimon\AppData\Local\Programs\Python\Python313\Lib\encodings\cp1251.py", line 19, in encode
    return codecs.charmap_encode(input,self.errors,encoding_table)[0]
           ~~~~~~~~~~~~~~~~~~~~~^^^^^^^^^^^^^^^^^^^^^^^^^^^^^^^^^^
UnicodeEncodeError: 'charmap' codec can't encode character '\u2713' in position 3: character maps to <undefined>
Call stack:
  File "C:\scripts\1repo\run_mvp.py", line 680, in <module>
    main()
  File "C:\scripts\1repo\run_mvp.py", line 652, in main
    results = orchestrator.run_single(
  File "C:\scripts\1repo\run_mvp.py", line 226, in run_single
    stage_result = self._run_stage(stage, current_input)
  File "C:\scripts\1repo\run_mvp.py", line 419, in _run_stage
    return processor.process_dataset(input_path, output_dir)
  File "C:\scripts\1repo\am_structure_detect.py", line 309, in process_dataset
    self.quality_tracker.track('structure_detect', input_path.name, metrics)
  File "C:\scripts\1repo\quality_tracker.py", line 171, in track
    logger.info(f"\u2713 Quality thresholds passed for {stage}")
Message: '\u2713 Quality thresholds passed for structure_detect'
Arguments: ()
2025-11-01 01:19:35,571 - quality_tracker - INFO - Completed: track_quality (0.00s)
2025-11-01 01:19:35,571 - am_structure_detect - INFO - Saved: data-science-for-business.dataset.jsonl
2025-11-01 01:19:35,571 - __main__ - ERROR - Validation failed: Unknown stage: structure_detect
2025-11-01 01:19:35,571 - __main__ - WARNING - Validation issues: 1 errors
2025-11-01 01:19:35,571 - __main__ - INFO - ============================================================
2025-11-01 01:19:35,571 - __main__ - INFO--- Logging error ---
Traceback (most recent call last):
  File "C:\Users\Dimon\AppData\Local\Programs\Python\Python313\Lib\logging\__init__.py", line 1154, in emit
    stream.write(msg + self.terminator)
    ~~~~~~~~~~~~^^^^^^^^^^^^^^^^^^^^^^^
  File "C:\Users\Dimon\AppData\Local\Programs\Python\Python313\Lib\site-packages\colorama\ansitowin32.py", line 47, in write
    self.__convertor.write(text)
    ~~~~~~~~~~~~~~~~~~~~~~^^^^^^
  File "C:\Users\Dimon\AppData\Local\Programs\Python\Python313\Lib\site-packages\colorama\ansitowin32.py", line 177, in write
    self.write_and_convert(text)
    ~~~~~~~~~~~~~~~~~~~~~~^^^^^^
  File "C:\Users\Dimon\AppData\Local\Programs\Python\Python313\Lib\site-packages\colorama\ansitowin32.py", line 205, in write_and_convert
    self.write_plain_text(text, cursor, len(text))
    ~~~~~~~~~~~~~~~~~~~~~^^^^^^^^^^^^^^^^^^^^^^^^^
  File "C:\Users\Dimon\AppData\Local\Programs\Python\Python313\Lib\site-packages\colorama\ansitowin32.py", line 210, in write_plain_text
    self.wrapped.write(text[start:end])
    ~~~~~~~~~~~~~~~~~~^^^^^^^^^^^^^^^^^
  File "C:\Users\Dimon\AppData\Local\Programs\Python\Python313\Lib\encodings\cp1251.py", line 19, in encode
    return codecs.charmap_encode(input,self.errors,encoding_table)[0]
           ~~~~~~~~~~~~~~~~~~~~~^^^^^^^^^^^^^^^^^^^^^^^^^^^^^^^^^^
UnicodeEncodeError: 'charmap' codec can't encode character '\U0001f4d6' in position 5: character maps to <undefined>
Call stack:
  File "C:\scripts\1repo\run_mvp.py", line 680, in <module>
    main()
  File "C:\scripts\1repo\run_mvp.py", line 652, in main
    results = orchestrator.run_single(
  File "C:\scripts\1repo\run_mvp.py", line 253, in run_single
    log_stage(logger, stage, "Completed")
  File "C:\scripts\1repo\am_logging.py", line 613, in log_stage
    log_section(logger, f"{emoji} {action}: {stage.upper()}", "INFO")
  File "C:\scripts\1repo\am_logging.py", line 588, in log_section
    log_func(f"  {title}")
Message: '  \U0001f4d6 Completed: STRUCTURE_DETECT'
Arguments: ()
2025-11-01 01:19:35,572 - __main__ - INFO - ============================================================
2025-11-01 01:19:35,572 - __main__ - INFO - ============================================================
2025-11-01 01:19:35,572 - __main__ - INFO--- Logging error ---
Traceback (most recent call last):
  File "C:\Users\Dimon\AppData\Local\Programs\Python\Python313\Lib\logging\__init__.py", line 1154, in emit
    stream.write(msg + self.terminator)
    ~~~~~~~~~~~~^^^^^^^^^^^^^^^^^^^^^^^
  File "C:\Users\Dimon\AppData\Local\Programs\Python\Python313\Lib\site-packages\colorama\ansitowin32.py", line 47, in write
    self.__convertor.write(text)
    ~~~~~~~~~~~~~~~~~~~~~~^^^^^^
  File "C:\Users\Dimon\AppData\Local\Programs\Python\Python313\Lib\site-packages\colorama\ansitowin32.py", line 177, in write
    self.write_and_convert(text)
    ~~~~~~~~~~~~~~~~~~~~~~^^^^^^
  File "C:\Users\Dimon\AppData\Local\Programs\Python\Python313\Lib\site-packages\colorama\ansitowin32.py", line 205, in write_and_convert
    self.write_plain_text(text, cursor, len(text))
    ~~~~~~~~~~~~~~~~~~~~~^^^^^^^^^^^^^^^^^^^^^^^^^
  File "C:\Users\Dimon\AppData\Local\Programs\Python\Python313\Lib\site-packages\colorama\ansitowin32.py", line 210, in write_plain_text
    self.wrapped.write(text[start:end])
    ~~~~~~~~~~~~~~~~~~^^^^^^^^^^^^^^^^^
  File "C:\Users\Dimon\AppData\Local\Programs\Python\Python313\Lib\encodings\cp1251.py", line 19, in encode
    return codecs.charmap_encode(input,self.errors,encoding_table)[0]
           ~~~~~~~~~~~~~~~~~~~~~^^^^^^^^^^^^^^^^^^^^^^^^^^^^^^^^^^
UnicodeEncodeError: 'charmap' codec can't encode character '\U0001f4dd' in position 5: character maps to <undefined>
Call stack:
  File "C:\scripts\1repo\run_mvp.py", line 680, in <module>
    main()
  File "C:\scripts\1repo\run_mvp.py", line 652, in main
    results = orchestrator.run_single(
  File "C:\scripts\1repo\run_mvp.py", line 222, in run_single
    log_stage(logger, stage, "Starting")
  File "C:\scripts\1repo\am_logging.py", line 613, in log_stage
    log_section(logger, f"{emoji} {action}: {stage.upper()}", "INFO")
  File "C:\scripts\1repo\am_logging.py", line 588, in log_section
    log_func(f"  {title}")
Message: '  \U0001f4dd Starting: SUMMARIZE'
Arguments: ()
2025-11-01 01:19:35,572 - __main__ - INFO - ============================================================
2025-11-01 01:19:35,572 - am_common - INFO - Loading config: config\batch_full.yaml
2025-11-01 01:19:35,587 - am_common - INFO - Config loaded successfully
2025-11-01 01:19:35,587 - am_summarize - INFO - Processing: data-science-for-business.dataset.jsonl
2025-11-01 01:19:35,587 - am_common - INFO - Loading dataset: C:\scripts\1repo\data\datasets\structured\data-science-for-business.dataset.jsonl
2025-11-01 01:19:35,602 - am_common - INFO - Loaded: 409 cards from data-science-for-business.dataset.jsonl
2025-11-01 01:19:36,011 - am_summarize - INFO - Summarized 395 pages, skipped 14
2025-11-01 01:19:36,011 - am_common - INFO - Saving dataset: C:\scripts\1repo\data\datasets\summarized\data-science-for-business.dataset.jsonl (409 cards)
2025-11-01 01:19:36,020 - am_common - INFO - Saved: 409 cards to data-science-for-business.dataset.jsonl (1.31 MB)
2025-11-01 01:19:36,021 - quality_tracker - INFO - Starting: track_quality
2025-11-01 01:19:36,022 - quality_tracker - INFO - summarize metrics:
2025-11-01 01:19:36,022 - quality_tracker - INFO -   total_pages: 409
2025-11-01 01:19:36,022 - quality_tracker - INFO -   summarized_pages: 395
2025-11-01 01:19:36,022 - quality_tracker - INFO -   skipped_pages: 14
2025-11-01 01:19:36,022 - quality_tracker - INFO -   summary_coverage: 0.9658
2025-11-01 01:19:36,022 - quality_tracker - INFO -   avg_l1_length: 231.1570
2025-11-01 01:19:36,022 - quality_tracker - INFO -   avg_l2_length: 577.2025
2025-11-01 01:19:36,022 - quality_tracker - INFO -   avg_compression_ratio: 10.8300
2025-11-01 01:19:36,022 - quality_tracker - INFO--- Logging error ---
Traceback (most recent call last):
  File "C:\Users\Dimon\AppData\Local\Programs\Python\Python313\Lib\logging\__init__.py", line 1154, in emit
    stream.write(msg + self.terminator)
    ~~~~~~~~~~~~^^^^^^^^^^^^^^^^^^^^^^^
  File "C:\Users\Dimon\AppData\Local\Programs\Python\Python313\Lib\site-packages\colorama\ansitowin32.py", line 47, in write
    self.__convertor.write(text)
    ~~~~~~~~~~~~~~~~~~~~~~^^^^^^
  File "C:\Users\Dimon\AppData\Local\Programs\Python\Python313\Lib\site-packages\colorama\ansitowin32.py", line 177, in write
    self.write_and_convert(text)
    ~~~~~~~~~~~~~~~~~~~~~~^^^^^^
  File "C:\Users\Dimon\AppData\Local\Programs\Python\Python313\Lib\site-packages\colorama\ansitowin32.py", line 205, in write_and_convert
    self.write_plain_text(text, cursor, len(text))
    ~~~~~~~~~~~~~~~~~~~~~^^^^^^^^^^^^^^^^^^^^^^^^^
  File "C:\Users\Dimon\AppData\Local\Programs\Python\Python313\Lib\site-packages\colorama\ansitowin32.py", line 210, in write_plain_text
    self.wrapped.write(text[start:end])
    ~~~~~~~~~~~~~~~~~~^^^^^^^^^^^^^^^^^
  File "C:\Users\Dimon\AppData\Local\Programs\Python\Python313\Lib\encodings\cp1251.py", line 19, in encode
    return codecs.charmap_encode(input,self.errors,encoding_table)[0]
           ~~~~~~~~~~~~~~~~~~~~~^^^^^^^^^^^^^^^^^^^^^^^^^^^^^^^^^^
UnicodeEncodeError: 'charmap' codec can't encode character '\u2713' in position 3: character maps to <undefined>
Call stack:
  File "C:\scripts\1repo\run_mvp.py", line 680, in <module>
    main()
  File "C:\scripts\1repo\run_mvp.py", line 652, in main
    results = orchestrator.run_single(
  File "C:\scripts\1repo\run_mvp.py", line 226, in run_single
    stage_result = self._run_stage(stage, current_input)
  File "C:\scripts\1repo\run_mvp.py", line 419, in _run_stage
    return processor.process_dataset(input_path, output_dir)
  File "C:\scripts\1repo\am_summarize.py", line 281, in process_dataset
    self.quality_tracker.track('summarize', input_path.name, metrics)
  File "C:\scripts\1repo\quality_tracker.py", line 171, in track
    logger.info(f"\u2713 Quality thresholds passed for {stage}")
Message: '\u2713 Quality thresholds passed for summarize'
Arguments: ()
2025-11-01 01:19:36,023 - quality_tracker - INFO - Completed: track_quality (0.00s)
2025-11-01 01:19:36,023 - am_summarize - INFO - Saved: data-science-for-business.dataset.jsonl
2025-11-01 01:19:36,023 - __main__ - ERROR - Validation failed: Unknown stage: summarize
2025-11-01 01:19:36,023 - __main__ - WARNING - Validation issues: 1 errors
2025-11-01 01:19:36,023 - __main__ - INFO - ============================================================
2025-11-01 01:19:36,023 - __main__ - INFO--- Logging error ---
Traceback (most recent call last):
  File "C:\Users\Dimon\AppData\Local\Programs\Python\Python313\Lib\logging\__init__.py", line 1154, in emit
    stream.write(msg + self.terminator)
    ~~~~~~~~~~~~^^^^^^^^^^^^^^^^^^^^^^^
  File "C:\Users\Dimon\AppData\Local\Programs\Python\Python313\Lib\site-packages\colorama\ansitowin32.py", line 47, in write
    self.__convertor.write(text)
    ~~~~~~~~~~~~~~~~~~~~~~^^^^^^
  File "C:\Users\Dimon\AppData\Local\Programs\Python\Python313\Lib\site-packages\colorama\ansitowin32.py", line 177, in write
    self.write_and_convert(text)
    ~~~~~~~~~~~~~~~~~~~~~~^^^^^^
  File "C:\Users\Dimon\AppData\Local\Programs\Python\Python313\Lib\site-packages\colorama\ansitowin32.py", line 205, in write_and_convert
    self.write_plain_text(text, cursor, len(text))
    ~~~~~~~~~~~~~~~~~~~~~^^^^^^^^^^^^^^^^^^^^^^^^^
  File "C:\Users\Dimon\AppData\Local\Programs\Python\Python313\Lib\site-packages\colorama\ansitowin32.py", line 210, in write_plain_text
    self.wrapped.write(text[start:end])
    ~~~~~~~~~~~~~~~~~~^^^^^^^^^^^^^^^^^
  File "C:\Users\Dimon\AppData\Local\Programs\Python\Python313\Lib\encodings\cp1251.py", line 19, in encode
    return codecs.charmap_encode(input,self.errors,encoding_table)[0]
           ~~~~~~~~~~~~~~~~~~~~~^^^^^^^^^^^^^^^^^^^^^^^^^^^^^^^^^^
UnicodeEncodeError: 'charmap' codec can't encode character '\U0001f4dd' in position 5: character maps to <undefined>
Call stack:
  File "C:\scripts\1repo\run_mvp.py", line 680, in <module>
    main()
  File "C:\scripts\1repo\run_mvp.py", line 652, in main
    results = orchestrator.run_single(
  File "C:\scripts\1repo\run_mvp.py", line 253, in run_single
    log_stage(logger, stage, "Completed")
  File "C:\scripts\1repo\am_logging.py", line 613, in log_stage
    log_section(logger, f"{emoji} {action}: {stage.upper()}", "INFO")
  File "C:\scripts\1repo\am_logging.py", line 588, in log_section
    log_func(f"  {title}")
Message: '  \U0001f4dd Completed: SUMMARIZE'
Arguments: ()
2025-11-01 01:19:36,024 - __main__ - INFO - ============================================================
2025-11-01 01:19:36,024 - __main__ - INFO - ============================================================
2025-11-01 01:19:36,024 - __main__ - INFO--- Logging error ---
Traceback (most recent call last):
  File "C:\Users\Dimon\AppData\Local\Programs\Python\Python313\Lib\logging\__init__.py", line 1154, in emit
    stream.write(msg + self.terminator)
    ~~~~~~~~~~~~^^^^^^^^^^^^^^^^^^^^^^^
  File "C:\Users\Dimon\AppData\Local\Programs\Python\Python313\Lib\site-packages\colorama\ansitowin32.py", line 47, in write
    self.__convertor.write(text)
    ~~~~~~~~~~~~~~~~~~~~~~^^^^^^
  File "C:\Users\Dimon\AppData\Local\Programs\Python\Python313\Lib\site-packages\colorama\ansitowin32.py", line 177, in write
    self.write_and_convert(text)
    ~~~~~~~~~~~~~~~~~~~~~~^^^^^^
  File "C:\Users\Dimon\AppData\Local\Programs\Python\Python313\Lib\site-packages\colorama\ansitowin32.py", line 205, in write_and_convert
    self.write_plain_text(text, cursor, len(text))
    ~~~~~~~~~~~~~~~~~~~~~^^^^^^^^^^^^^^^^^^^^^^^^^
  File "C:\Users\Dimon\AppData\Local\Programs\Python\Python313\Lib\site-packages\colorama\ansitowin32.py", line 210, in write_plain_text
    self.wrapped.write(text[start:end])
    ~~~~~~~~~~~~~~~~~~^^^^^^^^^^^^^^^^^
  File "C:\Users\Dimon\AppData\Local\Programs\Python\Python313\Lib\encodings\cp1251.py", line 19, in encode
    return codecs.charmap_encode(input,self.errors,encoding_table)[0]
           ~~~~~~~~~~~~~~~~~~~~~^^^^^^^^^^^^^^^^^^^^^^^^^^^^^^^^^^
UnicodeEncodeError: 'charmap' codec can't encode character '\U0001f916' in position 5: character maps to <undefined>
Call stack:
  File "C:\scripts\1repo\run_mvp.py", line 680, in <module>
    main()
  File "C:\scripts\1repo\run_mvp.py", line 652, in main
    results = orchestrator.run_single(
  File "C:\scripts\1repo\run_mvp.py", line 222, in run_single
    log_stage(logger, stage, "Starting")
  File "C:\scripts\1repo\am_logging.py", line 613, in log_stage
    log_section(logger, f"{emoji} {action}: {stage.upper()}", "INFO")
  File "C:\scripts\1repo\am_logging.py", line 588, in log_section
    log_func(f"  {title}")
Message: '  \U0001f916 Starting: EXTENDED'
Arguments: ()
2025-11-01 01:19:36,025 - __main__ - INFO - ============================================================
2025-11-01 01:19:36,025 - am_common - INFO - Loading config: config\batch_full.yaml
2025-11-01 01:19:36,039 - am_common - INFO - Config loaded successfully
2025-11-01 01:19:36,072 - am_extended - INFO - Ollama available, using model: llama3.2:3b
2025-11-01 01:19:36,072 - am_extended - INFO - Processing: data-science-for-business.dataset.jsonl
2025-11-01 01:19:36,072 - am_common - INFO - Loading dataset: C:\scripts\1repo\data\datasets\summarized\data-science-for-business.dataset.jsonl
2025-11-01 01:19:36,089 - am_common - INFO - Loaded: 409 cards from data-science-for-business.dataset.jsonl
2025-11-01 01:19:36,101 - am_extended - INFO - Marked 0 duplicate pages
2025-11-01 01:19:36,150 - am_extended - INFO - Found 69 continuity gaps
2025-11-01 01:19:36,150 - am_extended - INFO - Extracting extended fields (this may take a while)...
2025-11-01 01:19:36,180 - am_extended - ERROR - Ollama API error: 404
2025-11-01 01:19:36,212 - am_extended - ERROR - Ollama API error: 404
2025-11-01 01:19:36,242 - am_extended - ERROR - Ollama API error: 404
2025-11-01 01:19:36,272 - am_extended - ERROR - Ollama API error: 404
2025-11-01 01:19:36,303 - am_extended - ERROR - Ollama API error: 404
2025-11-01 01:19:36,333 - am_extended - ERROR - Ollama API error: 404
2025-11-01 01:19:36,333 - am_extended - INFO -   Processed 10/409 pages
2025-11-01 01:19:36,363 - am_extended - ERROR - Ollama API error: 404
2025-11-01 01:19:36,394 - am_extended - ERROR - Ollama API error: 404
2025-11-01 01:19:36,425 - am_extended - ERROR - Ollama API error: 404
2025-11-01 01:19:36,455 - am_extended - ERROR - Ollama API error: 404
2025-11-01 01:19:36,485 - am_extended - ERROR - Ollama API error: 404
2025-11-01 01:19:36,488 - am_extended - ERROR - Ollama API error: 404
2025-11-01 01:19:36,516 - am_extended - ERROR - Ollama API error: 404
2025-11-01 01:19:36,547 - am_extended - ERROR - Ollama API error: 404
2025-11-01 01:19:36,578 - am_extended - ERROR - Ollama API error: 404
2025-11-01 01:19:36,578 - am_extended - INFO -   Processed 20/409 pages
2025-11-01 01:19:36,608 - am_extended - ERROR - Ollama API error: 404
2025-11-01 01:19:36,639 - am_extended - ERROR - Ollama API error: 404
2025-11-01 01:19:36,669 - am_extended - ERROR - Ollama API error: 404
2025-11-01 01:19:36,699 - am_extended - ERROR - Ollama API error: 404
2025-11-01 01:19:36,730 - am_extended - ERROR - Ollama API error: 404
2025-11-01 01:19:36,761 - am_extended - ERROR - Ollama API error: 404
2025-11-01 01:19:36,792 - am_extended - ERROR - Ollama API error: 404
2025-11-01 01:19:36,823 - am_extended - ERROR - Ollama API error: 404
2025-11-01 01:19:36,854 - am_extended - ERROR - Ollama API error: 404
2025-11-01 01:19:36,883 - am_extended - ERROR - Ollama API error: 404
2025-11-01 01:19:36,884 - am_extended - INFO -   Processed 30/409 pages
2025-11-01 01:19:36,900 - am_extended - ERROR - Ollama API error: 404
2025-11-01 01:19:36,915 - am_extended - ERROR - Ollama API error: 404
2025-11-01 01:19:36,945 - am_extended - ERROR - Ollama API error: 404
2025-11-01 01:19:36,976 - am_extended - ERROR - Ollama API error: 404
2025-11-01 01:19:37,007 - am_extended - ERROR - Ollama API error: 404
2025-11-01 01:19:37,037 - am_extended - ERROR - Ollama API error: 404
2025-11-01 01:19:37,068 - am_extended - ERROR - Ollama API error: 404
2025-11-01 01:19:37,100 - am_extended - ERROR - Ollama API error: 404
2025-11-01 01:19:37,131 - am_extended - ERROR - Ollama API error: 404
2025-11-01 01:19:37,162 - am_extended - ERROR - Ollama API error: 404
2025-11-01 01:19:37,163 - am_extended - INFO -   Processed 40/409 pages
2025-11-01 01:19:37,192 - am_extended - ERROR - Ollama API error: 404
2025-11-01 01:19:37,223 - am_extended - ERROR - Ollama API error: 404
2025-11-01 01:19:37,255 - am_extended - ERROR - Ollama API error: 404
2025-11-01 01:19:37,270 - am_extended - ERROR - Ollama API error: 404
2025-11-01 01:19:37,300 - am_extended - ERROR - Ollama API error: 404
2025-11-01 01:19:37,330 - am_extended - ERROR - Ollama API error: 404
2025-11-01 01:19:37,361 - am_extended - ERROR - Ollama API error: 404
2025-11-01 01:19:37,363 - am_extended - ERROR - Ollama API error: 404
2025-11-01 01:19:37,376 - am_extended - ERROR - Ollama API error: 404
2025-11-01 01:19:37,376 - am_extended - INFO -   Processed 50/409 pages
2025-11-01 01:19:37,392 - am_extended - ERROR - Ollama API error: 404
2025-11-01 01:19:37,407 - am_extended - ERROR - Ollama API error: 404
2025-11-01 01:19:37,438 - am_extended - ERROR - Ollama API error: 404
2025-11-01 01:19:37,454 - am_extended - ERROR - Ollama API error: 404
2025-11-01 01:19:37,484 - am_extended - ERROR - Ollama API error: 404
2025-11-01 01:19:37,515 - am_extended - ERROR - Ollama API error: 404
2025-11-01 01:19:37,545 - am_extended - ERROR - Ollama API error: 404
2025-11-01 01:19:37,575 - am_extended - ERROR - Ollama API error: 404
2025-11-01 01:19:37,605 - am_extended - ERROR - Ollama API error: 404
2025-11-01 01:19:37,637 - am_extended - ERROR - Ollama API error: 404
2025-11-01 01:19:37,637 - am_extended - INFO -   Processed 60/409 pages
2025-11-01 01:19:37,652 - am_extended - ERROR - Ollama API error: 404
2025-11-01 01:19:37,668 - am_extended - ERROR - Ollama API error: 404
2025-11-01 01:19:37,682 - am_extended - ERROR - Ollama API error: 404
2025-11-01 01:19:37,713 - am_extended - ERROR - Ollama API error: 404
2025-11-01 01:19:37,744 - am_extended - ERROR - Ollama API error: 404
2025-11-01 01:19:37,775 - am_extended - ERROR - Ollama API error: 404
2025-11-01 01:19:37,790 - am_extended - ERROR - Ollama API error: 404
2025-11-01 01:19:37,805 - am_extended - ERROR - Ollama API error: 404
2025-11-01 01:19:37,837 - am_extended - ERROR - Ollama API error: 404
2025-11-01 01:19:37,853 - am_extended - ERROR - Ollama API error: 404
2025-11-01 01:19:37,853 - am_extended - INFO -   Processed 70/409 pages
2025-11-01 01:19:37,868 - am_extended - ERROR - Ollama API error: 404
2025-11-01 01:19:37,899 - am_extended - ERROR - Ollama API error: 404
2025-11-01 01:19:37,930 - am_extended - ERROR - Ollama API error: 404
2025-11-01 01:19:37,962 - am_extended - ERROR - Ollama API error: 404
2025-11-01 01:19:37,993 - am_extended - ERROR - Ollama API error: 404
2025-11-01 01:19:38,008 - am_extended - ERROR - Ollama API error: 404
2025-11-01 01:19:38,039 - am_extended - ERROR - Ollama API error: 404
2025-11-01 01:19:38,054 - am_extended - ERROR - Ollama API error: 404
2025-11-01 01:19:38,069 - am_extended - ERROR - Ollama API error: 404
2025-11-01 01:19:38,100 - am_extended - ERROR - Ollama API error: 404
2025-11-01 01:19:38,100 - am_extended - INFO -   Processed 80/409 pages
2025-11-01 01:19:38,131 - am_extended - ERROR - Ollama API error: 404
2025-11-01 01:19:38,163 - am_extended - ERROR - Ollama API error: 404
2025-11-01 01:19:38,193 - am_extended - ERROR - Ollama API error: 404
2025-11-01 01:19:38,208 - am_extended - ERROR - Ollama API error: 404
2025-11-01 01:19:38,238 - am_extended - ERROR - Ollama API error: 404
2025-11-01 01:19:38,269 - am_extended - ERROR - Ollama API error: 404
2025-11-01 01:19:38,273 - am_extended - ERROR - Ollama API error: 404
2025-11-01 01:19:38,301 - am_extended - ERROR - Ollama API error: 404
2025-11-01 01:19:38,331 - am_extended - ERROR - Ollama API error: 404
2025-11-01 01:19:38,360 - am_extended - ERROR - Ollama API error: 404
2025-11-01 01:19:38,361 - am_extended - INFO -   Processed 90/409 pages
2025-11-01 01:19:38,376 - am_extended - ERROR - Ollama API error: 404
2025-11-01 01:19:38,407 - am_extended - ERROR - Ollama API error: 404
2025-11-01 01:19:38,422 - am_extended - ERROR - Ollama API error: 404
2025-11-01 01:19:38,438 - am_extended - ERROR - Ollama API error: 404
2025-11-01 01:19:38,468 - am_extended - ERROR - Ollama API error: 404
2025-11-01 01:19:38,499 - am_extended - ERROR - Ollama API error: 404
2025-11-01 01:19:38,529 - am_extended - ERROR - Ollama API error: 404
2025-11-01 01:19:38,559 - am_extended - ERROR - Ollama API error: 404
2025-11-01 01:19:38,590 - am_extended - ERROR - Ollama API error: 404
2025-11-01 01:19:38,621 - am_extended - ERROR - Ollama API error: 404
2025-11-01 01:19:38,621 - am_extended - INFO -   Processed 100/409 pages
2025-11-01 01:19:38,650 - am_extended - ERROR - Ollama API error: 404
2025-11-01 01:19:38,681 - am_extended - ERROR - Ollama API error: 404
2025-11-01 01:19:38,698 - am_extended - ERROR - Ollama API error: 404
2025-11-01 01:19:38,713 - am_extended - ERROR - Ollama API error: 404
2025-11-01 01:19:38,744 - am_extended - ERROR - Ollama API error: 404
2025-11-01 01:19:38,775 - am_extended - ERROR - Ollama API error: 404
2025-11-01 01:19:38,790 - am_extended - ERROR - Ollama API error: 404
2025-11-01 01:19:38,820 - am_extended - ERROR - Ollama API error: 404
2025-11-01 01:19:38,836 - am_extended - ERROR - Ollama API error: 404
2025-11-01 01:19:38,837 - am_extended - INFO -   Processed 110/409 pages
2025-11-01 01:19:38,867 - am_extended - ERROR - Ollama API error: 404
2025-11-01 01:19:38,882 - am_extended - ERROR - Ollama API error: 404
2025-11-01 01:19:38,913 - am_extended - ERROR - Ollama API error: 404
2025-11-01 01:19:38,944 - am_extended - ERROR - Ollama API error: 404
2025-11-01 01:19:38,975 - am_extended - ERROR - Ollama API error: 404
2025-11-01 01:19:39,006 - am_extended - ERROR - Ollama API error: 404
2025-11-01 01:19:39,037 - am_extended - ERROR - Ollama API error: 404
2025-11-01 01:19:39,068 - am_extended - ERROR - Ollama API error: 404
2025-11-01 01:19:39,100 - am_extended - ERROR - Ollama API error: 404
2025-11-01 01:19:39,130 - am_extended - ERROR - Ollama API error: 404
2025-11-01 01:19:39,130 - am_extended - INFO -   Processed 120/409 pages
2025-11-01 01:19:39,162 - am_extended - ERROR - Ollama API error: 404
2025-11-01 01:19:39,177 - am_extended - ERROR - Ollama API error: 404
2025-11-01 01:19:39,208 - am_extended - ERROR - Ollama API error: 404
2025-11-01 01:19:39,223 - am_extended - ERROR - Ollama API error: 404
2025-11-01 01:19:39,253 - am_extended - ERROR - Ollama API error: 404
2025-11-01 01:19:39,283 - am_extended - ERROR - Ollama API error: 404
2025-11-01 01:19:39,320 - am_extended - ERROR - Ollama API error: 404
2025-11-01 01:19:39,344 - am_extended - ERROR - Ollama API error: 404
2025-11-01 01:19:39,375 - am_extended - ERROR - Ollama API error: 404
2025-11-01 01:19:39,391 - am_extended - ERROR - Ollama API error: 404
2025-11-01 01:19:39,391 - am_extended - INFO -   Processed 130/409 pages
2025-11-01 01:19:39,421 - am_extended - ERROR - Ollama API error: 404
2025-11-01 01:19:39,452 - am_extended - ERROR - Ollama API error: 404
2025-11-01 01:19:39,483 - am_extended - ERROR - Ollama API error: 404
2025-11-01 01:19:39,498 - am_extended - ERROR - Ollama API error: 404
2025-11-01 01:19:39,528 - am_extended - ERROR - Ollama API error: 404
2025-11-01 01:19:39,559 - am_extended - ERROR - Ollama API error: 404
2025-11-01 01:19:39,590 - am_extended - ERROR - Ollama API error: 404
2025-11-01 01:19:39,606 - am_extended - ERROR - Ollama API error: 404
2025-11-01 01:19:39,607 - am_extended - INFO -   Processed 140/409 pages
2025-11-01 01:19:39,636 - am_extended - ERROR - Ollama API error: 404
2025-11-01 01:19:39,651 - am_extended - ERROR - Ollama API error: 404
2025-11-01 01:19:39,683 - am_extended - ERROR - Ollama API error: 404
2025-11-01 01:19:39,712 - am_extended - ERROR - Ollama API error: 404
2025-11-01 01:19:39,743 - am_extended - ERROR - Ollama API error: 404
2025-11-01 01:19:39,774 - am_extended - ERROR - Ollama API error: 404
2025-11-01 01:19:39,806 - am_extended - ERROR - Ollama API error: 404
2025-11-01 01:19:39,836 - am_extended - ERROR - Ollama API error: 404
2025-11-01 01:19:39,866 - am_extended - ERROR - Ollama API error: 404
2025-11-01 01:19:39,898 - am_extended - ERROR - Ollama API error: 404
2025-11-01 01:19:39,898 - am_extended - INFO -   Processed 150/409 pages
2025-11-01 01:19:39,914 - am_extended - ERROR - Ollama API error: 404
2025-11-01 01:19:39,945 - am_extended - ERROR - Ollama API error: 404
2025-11-01 01:19:39,959 - am_extended - ERROR - Ollama API error: 404
2025-11-01 01:19:39,989 - am_extended - ERROR - Ollama API error: 404
2025-11-01 01:19:40,005 - am_extended - ERROR - Ollama API error: 404
2025-11-01 01:19:40,036 - am_extended - ERROR - Ollama API error: 404
2025-11-01 01:19:40,067 - am_extended - ERROR - Ollama API error: 404
2025-11-01 01:19:40,098 - am_extended - ERROR - Ollama API error: 404
2025-11-01 01:19:40,129 - am_extended - ERROR - Ollama API error: 404
2025-11-01 01:19:40,145 - am_extended - ERROR - Ollama API error: 404
2025-11-01 01:19:40,146 - am_extended - INFO -   Processed 160/409 pages
2025-11-01 01:19:40,176 - am_extended - ERROR - Ollama API error: 404
2025-11-01 01:19:40,206 - am_extended - ERROR - Ollama API error: 404
2025-11-01 01:19:40,237 - am_extended - ERROR - Ollama API error: 404
2025-11-01 01:19:40,252 - am_extended - ERROR - Ollama API error: 404
2025-11-01 01:19:40,284 - am_extended - ERROR - Ollama API error: 404
2025-11-01 01:19:40,314 - am_extended - ERROR - Ollama API error: 404
2025-11-01 01:19:40,330 - am_extended - ERROR - Ollama API error: 404
2025-11-01 01:19:40,346 - am_extended - ERROR - Ollama API error: 404
2025-11-01 01:19:40,362 - am_extended - ERROR - Ollama API error: 404
2025-11-01 01:19:40,391 - am_extended - ERROR - Ollama API error: 404
2025-11-01 01:19:40,392 - am_extended - INFO -   Processed 170/409 pages
2025-11-01 01:19:40,423 - am_extended - ERROR - Ollama API error: 404
2025-11-01 01:19:40,454 - am_extended - ERROR - Ollama API error: 404
2025-11-01 01:19:40,469 - am_extended - ERROR - Ollama API error: 404
2025-11-01 01:19:40,499 - am_extended - ERROR - Ollama API error: 404
2025-11-01 01:19:40,531 - am_extended - ERROR - Ollama API error: 404
2025-11-01 01:19:40,562 - am_extended - ERROR - Ollama API error: 404
2025-11-01 01:19:40,592 - am_extended - ERROR - Ollama API error: 404
2025-11-01 01:19:40,623 - am_extended - ERROR - Ollama API error: 404
2025-11-01 01:19:40,654 - am_extended - ERROR - Ollama API error: 404
2025-11-01 01:19:40,684 - am_extended - ERROR - Ollama API error: 404
2025-11-01 01:19:40,684 - am_extended - INFO -   Processed 180/409 pages
2025-11-01 01:19:40,715 - am_extended - ERROR - Ollama API error: 404
2025-11-01 01:19:40,745 - am_extended - ERROR - Ollama API error: 404
2025-11-01 01:19:40,761 - am_extended - ERROR - Ollama API error: 404
2025-11-01 01:19:40,792 - am_extended - ERROR - Ollama API error: 404
2025-11-01 01:19:40,823 - am_extended - ERROR - Ollama API error: 404
2025-11-01 01:19:40,839 - am_extended - ERROR - Ollama API error: 404
2025-11-01 01:19:40,869 - am_extended - ERROR - Ollama API error: 404
2025-11-01 01:19:40,899 - am_extended - ERROR - Ollama API error: 404
2025-11-01 01:19:40,931 - am_extended - ERROR - Ollama API error: 404
2025-11-01 01:19:40,962 - am_extended - ERROR - Ollama API error: 404
2025-11-01 01:19:40,962 - am_extended - INFO -   Processed 190/409 pages
2025-11-01 01:19:40,978 - am_extended - ERROR - Ollama API error: 404
2025-11-01 01:19:40,992 - am_extended - ERROR - Ollama API error: 404
2025-11-01 01:19:41,023 - am_extended - ERROR - Ollama API error: 404
2025-11-01 01:19:41,053 - am_extended - ERROR - Ollama API error: 404
2025-11-01 01:19:41,070 - am_extended - ERROR - Ollama API error: 404
2025-11-01 01:19:41,085 - am_extended - ERROR - Ollama API error: 404
2025-11-01 01:19:41,100 - am_extended - ERROR - Ollama API error: 404
2025-11-01 01:19:41,103 - am_extended - ERROR - Ollama API error: 404
2025-11-01 01:19:41,116 - am_extended - ERROR - Ollama API error: 404
2025-11-01 01:19:41,147 - am_extended - ERROR - Ollama API error: 404
2025-11-01 01:19:41,147 - am_extended - INFO -   Processed 200/409 pages
2025-11-01 01:19:41,163 - am_extended - ERROR - Ollama API error: 404
2025-11-01 01:19:41,177 - am_extended - ERROR - Ollama API error: 404
2025-11-01 01:19:41,193 - am_extended - ERROR - Ollama API error: 404
2025-11-01 01:19:41,208 - am_extended - ERROR - Ollama API error: 404
2025-11-01 01:19:41,224 - am_extended - ERROR - Ollama API error: 404
2025-11-01 01:19:41,226 - am_extended - ERROR - Ollama API error: 404
2025-11-01 01:19:41,239 - am_extended - ERROR - Ollama API error: 404
2025-11-01 01:19:41,269 - am_extended - ERROR - Ollama API error: 404
2025-11-01 01:19:41,299 - am_extended - ERROR - Ollama API error: 404
2025-11-01 01:19:41,315 - am_extended - ERROR - Ollama API error: 404
2025-11-01 01:19:41,346 - am_extended - ERROR - Ollama API error: 404
2025-11-01 01:19:41,361 - am_extended - ERROR - Ollama API error: 404
2025-11-01 01:19:41,392 - am_extended - ERROR - Ollama API error: 404
2025-11-01 01:19:41,408 - am_extended - ERROR - Ollama API error: 404
2025-11-01 01:19:41,439 - am_extended - ERROR - Ollama API error: 404
2025-11-01 01:19:41,469 - am_extended - ERROR - Ollama API error: 404
2025-11-01 01:19:41,501 - am_extended - ERROR - Ollama API error: 404
2025-11-01 01:19:41,531 - am_extended - ERROR - Ollama API error: 404
2025-11-01 01:19:41,547 - am_extended - ERROR - Ollama API error: 404
2025-11-01 01:19:41,547 - am_extended - INFO -   Processed 220/409 pages
2025-11-01 01:19:41,563 - am_extended - ERROR - Ollama API error: 404
2025-11-01 01:19:41,577 - am_extended - ERROR - Ollama API error: 404
2025-11-01 01:19:41,593 - am_extended - ERROR - Ollama API error: 404
2025-11-01 01:19:41,623 - am_extended - ERROR - Ollama API error: 404
2025-11-01 01:19:41,654 - am_extended - ERROR - Ollama API error: 404
2025-11-01 01:19:41,669 - am_extended - ERROR - Ollama API error: 404
2025-11-01 01:19:41,701 - am_extended - ERROR - Ollama API error: 404
2025-11-01 01:19:41,731 - am_extended - ERROR - Ollama API error: 404
2025-11-01 01:19:41,762 - am_extended - ERROR - Ollama API error: 404
2025-11-01 01:19:41,778 - am_extended - ERROR - Ollama API error: 404
2025-11-01 01:19:41,778 - am_extended - INFO -   Processed 230/409 pages
2025-11-01 01:19:41,808 - am_extended - ERROR - Ollama API error: 404
2025-11-01 01:19:41,824 - am_extended - ERROR - Ollama API error: 404
2025-11-01 01:19:41,839 - am_extended - ERROR - Ollama API error: 404
2025-11-01 01:19:41,870 - am_extended - ERROR - Ollama API error: 404
2025-11-01 01:19:41,900 - am_extended - ERROR - Ollama API error: 404
2025-11-01 01:19:41,930 - am_extended - ERROR - Ollama API error: 404
2025-11-01 01:19:41,960 - am_extended - ERROR - Ollama API error: 404
2025-11-01 01:19:41,975 - am_extended - ERROR - Ollama API error: 404
2025-11-01 01:19:42,005 - am_extended - ERROR - Ollama API error: 404
2025-11-01 01:19:42,036 - am_extended - ERROR - Ollama API error: 404
2025-11-01 01:19:42,036 - am_extended - INFO -   Processed 240/409 pages
2025-11-01 01:19:42,067 - am_extended - ERROR - Ollama API error: 404
2025-11-01 01:19:42,098 - am_extended - ERROR - Ollama API error: 404
2025-11-01 01:19:42,129 - am_extended - ERROR - Ollama API error: 404
2025-11-01 01:19:42,145 - am_extended - ERROR - Ollama API error: 404
2025-11-01 01:19:42,160 - am_extended - ERROR - Ollama API error: 404
2025-11-01 01:19:42,191 - am_extended - ERROR - Ollama API error: 404
2025-11-01 01:19:42,222 - am_extended - ERROR - Ollama API error: 404
2025-11-01 01:19:42,252 - am_extended - ERROR - Ollama API error: 404
2025-11-01 01:19:42,284 - am_extended - ERROR - Ollama API error: 404
2025-11-01 01:19:42,314 - am_extended - ERROR - Ollama API error: 404
2025-11-01 01:19:42,314 - am_extended - INFO -   Processed 250/409 pages
2025-11-01 01:19:42,346 - am_extended - ERROR - Ollama API error: 404
2025-11-01 01:19:42,376 - am_extended - ERROR - Ollama API error: 404
2025-11-01 01:19:42,393 - am_extended - ERROR - Ollama API error: 404
2025-11-01 01:19:42,423 - am_extended - ERROR - Ollama API error: 404
2025-11-01 01:19:42,455 - am_extended - ERROR - Ollama API error: 404
2025-11-01 01:19:42,485 - am_extended - ERROR - Ollama API error: 404
2025-11-01 01:19:42,516 - am_extended - ERROR - Ollama API error: 404
2025-11-01 01:19:42,546 - am_extended - ERROR - Ollama API error: 404
2025-11-01 01:19:42,577 - am_extended - ERROR - Ollama API error: 404
2025-11-01 01:19:42,592 - am_extended - ERROR - Ollama API error: 404
2025-11-01 01:19:42,593 - am_extended - INFO -   Processed 260/409 pages
2025-11-01 01:19:42,608 - am_extended - ERROR - Ollama API error: 404
2025-11-01 01:19:42,640 - am_extended - ERROR - Ollama API error: 404
2025-11-01 01:19:42,671 - am_extended - ERROR - Ollama API error: 404
2025-11-01 01:19:42,701 - am_extended - ERROR - Ollama API error: 404
2025-11-01 01:19:42,733 - am_extended - ERROR - Ollama API error: 404
2025-11-01 01:19:42,769 - am_extended - ERROR - Ollama API error: 404
2025-11-01 01:19:42,794 - am_extended - ERROR - Ollama API error: 404
2025-11-01 01:19:42,825 - am_extended - ERROR - Ollama API error: 404
2025-11-01 01:19:42,855 - am_extended - ERROR - Ollama API error: 404
2025-11-01 01:19:42,886 - am_extended - ERROR - Ollama API error: 404
2025-11-01 01:19:42,886 - am_extended - INFO -   Processed 270/409 pages
2025-11-01 01:19:42,917 - am_extended - ERROR - Ollama API error: 404
2025-11-01 01:19:42,948 - am_extended - ERROR - Ollama API error: 404
2025-11-01 01:19:42,979 - am_extended - ERROR - Ollama API error: 404
2025-11-01 01:19:43,010 - am_extended - ERROR - Ollama API error: 404
2025-11-01 01:19:43,041 - am_extended - ERROR - Ollama API error: 404
2025-11-01 01:19:43,058 - am_extended - ERROR - Ollama API error: 404
2025-11-01 01:19:43,061 - am_extended - ERROR - Ollama API error: 404
2025-11-01 01:19:43,088 - am_extended - ERROR - Ollama API error: 404
2025-11-01 01:19:43,119 - am_extended - ERROR - Ollama API error: 404
2025-11-01 01:19:43,151 - am_extended - ERROR - Ollama API error: 404
2025-11-01 01:19:43,151 - am_extended - INFO -   Processed 280/409 pages
2025-11-01 01:19:43,181 - am_extended - ERROR - Ollama API error: 404
2025-11-01 01:19:43,213 - am_extended - ERROR - Ollama API error: 404
2025-11-01 01:19:43,228 - am_extended - ERROR - Ollama API error: 404
2025-11-01 01:19:43,243 - am_extended - ERROR - Ollama API error: 404
2025-11-01 01:19:43,259 - am_extended - ERROR - Ollama API error: 404
2025-11-01 01:19:43,291 - am_extended - ERROR - Ollama API error: 404
2025-11-01 01:19:43,322 - am_extended - ERROR - Ollama API error: 404
2025-11-01 01:19:43,352 - am_extended - ERROR - Ollama API error: 404
2025-11-01 01:19:43,384 - am_extended - ERROR - Ollama API error: 404
2025-11-01 01:19:43,415 - am_extended - ERROR - Ollama API error: 404
2025-11-01 01:19:43,415 - am_extended - INFO -   Processed 290/409 pages
2025-11-01 01:19:43,446 - am_extended - ERROR - Ollama API error: 404
2025-11-01 01:19:43,476 - am_extended - ERROR - Ollama API error: 404
2025-11-01 01:19:43,492 - am_extended - ERROR - Ollama API error: 404
2025-11-01 01:19:43,523 - am_extended - ERROR - Ollama API error: 404
2025-11-01 01:19:43,554 - am_extended - ERROR - Ollama API error: 404
2025-11-01 01:19:43,584 - am_extended - ERROR - Ollama API error: 404
2025-11-01 01:19:43,600 - am_extended - ERROR - Ollama API error: 404
2025-11-01 01:19:43,615 - am_extended - ERROR - Ollama API error: 404
2025-11-01 01:19:43,631 - am_extended - ERROR - Ollama API error: 404
2025-11-01 01:19:43,646 - am_extended - ERROR - Ollama API error: 404
2025-11-01 01:19:43,677 - am_extended - ERROR - Ollama API error: 404
2025-11-01 01:19:43,708 - am_extended - ERROR - Ollama API error: 404
2025-11-01 01:19:43,739 - am_extended - ERROR - Ollama API error: 404
2025-11-01 01:19:43,770 - am_extended - ERROR - Ollama API error: 404
2025-11-01 01:19:43,786 - am_extended - ERROR - Ollama API error: 404
2025-11-01 01:19:43,816 - am_extended - ERROR - Ollama API error: 404
2025-11-01 01:19:43,847 - am_extended - ERROR - Ollama API error: 404
2025-11-01 01:19:43,877 - am_extended - ERROR - Ollama API error: 404
2025-11-01 01:19:43,908 - am_extended - ERROR - Ollama API error: 404
2025-11-01 01:19:43,909 - am_extended - INFO -   Processed 310/409 pages
2025-11-01 01:19:43,924 - am_extended - ERROR - Ollama API error: 404
2025-11-01 01:19:43,955 - am_extended - ERROR - Ollama API error: 404
2025-11-01 01:19:43,970 - am_extended - ERROR - Ollama API error: 404
2025-11-01 01:19:44,001 - am_extended - ERROR - Ollama API error: 404
2025-11-01 01:19:44,017 - am_extended - ERROR - Ollama API error: 404
2025-11-01 01:19:44,032 - am_extended - ERROR - Ollama API error: 404
2025-11-01 01:19:44,063 - am_extended - ERROR - Ollama API error: 404
2025-11-01 01:19:44,094 - am_extended - ERROR - Ollama API error: 404
2025-11-01 01:19:44,124 - am_extended - ERROR - Ollama API error: 404
2025-11-01 01:19:44,155 - am_extended - ERROR - Ollama API error: 404
2025-11-01 01:19:44,155 - am_extended - INFO -   Processed 320/409 pages
2025-11-01 01:19:44,170 - am_extended - ERROR - Ollama API error: 404
2025-11-01 01:19:44,201 - am_extended - ERROR - Ollama API error: 404
2025-11-01 01:19:44,232 - am_extended - ERROR - Ollama API error: 404
2025-11-01 01:19:44,262 - am_extended - ERROR - Ollama API error: 404
2025-11-01 01:19:44,293 - am_extended - ERROR - Ollama API error: 404
2025-11-01 01:19:44,323 - am_extended - ERROR - Ollama API error: 404
2025-11-01 01:19:44,339 - am_extended - ERROR - Ollama API error: 404
2025-11-01 01:19:44,369 - am_extended - ERROR - Ollama API error: 404
2025-11-01 01:19:44,400 - am_extended - ERROR - Ollama API error: 404
2025-11-01 01:19:44,430 - am_extended - ERROR - Ollama API error: 404
2025-11-01 01:19:44,431 - am_extended - INFO -   Processed 330/409 pages
2025-11-01 01:19:44,446 - am_extended - ERROR - Ollama API error: 404
2025-11-01 01:19:44,477 - am_extended - ERROR - Ollama API error: 404
2025-11-01 01:19:44,492 - am_extended - ERROR - Ollama API error: 404
2025-11-01 01:19:44,495 - am_extended - ERROR - Ollama API error: 404
2025-11-01 01:19:44,524 - am_extended - ERROR - Ollama API error: 404
2025-11-01 01:19:44,553 - am_extended - ERROR - Ollama API error: 404
2025-11-01 01:19:44,568 - am_extended - ERROR - Ollama API error: 404
2025-11-01 01:19:44,599 - am_extended - ERROR - Ollama API error: 404
2025-11-01 01:19:44,630 - am_extended - ERROR - Ollama API error: 404
2025-11-01 01:19:44,630 - am_extended - INFO -   Processed 340/409 pages
2025-11-01 01:19:44,646 - am_extended - ERROR - Ollama API error: 404
2025-11-01 01:19:44,648 - am_extended - ERROR - Ollama API error: 404
2025-11-01 01:19:44,676 - am_extended - ERROR - Ollama API error: 404
2025-11-01 01:19:44,691 - am_extended - ERROR - Ollama API error: 404
2025-11-01 01:19:44,721 - am_extended - ERROR - Ollama API error: 404
2025-11-01 01:19:44,737 - am_extended - ERROR - Ollama API error: 404
2025-11-01 01:19:44,752 - am_extended - ERROR - Ollama API error: 404
2025-11-01 01:19:44,783 - am_extended - ERROR - Ollama API error: 404
2025-11-01 01:19:44,813 - am_extended - ERROR - Ollama API error: 404
2025-11-01 01:19:44,828 - am_extended - ERROR - Ollama API error: 404
2025-11-01 01:19:44,828 - am_extended - INFO -   Processed 350/409 pages
2025-11-01 01:19:44,844 - am_extended - ERROR - Ollama API error: 404
2025-11-01 01:19:44,846 - am_extended - ERROR - Ollama API error: 404
2025-11-01 01:19:44,874 - am_extended - ERROR - Ollama API error: 404
2025-11-01 01:19:44,905 - am_extended - ERROR - Ollama API error: 404
2025-11-01 01:19:44,935 - am_extended - ERROR - Ollama API error: 404
2025-11-01 01:19:44,966 - am_extended - ERROR - Ollama API error: 404
2025-11-01 01:19:44,982 - am_extended - ERROR - Ollama API error: 404
2025-11-01 01:19:44,997 - am_extended - ERROR - Ollama API error: 404
2025-11-01 01:19:45,028 - am_extended - ERROR - Ollama API error: 404
2025-11-01 01:19:45,028 - am_extended - INFO -   Processed 360/409 pages
2025-11-01 01:19:45,044 - am_extended - ERROR - Ollama API error: 404
2025-11-01 01:19:45,075 - am_extended - ERROR - Ollama API error: 404
2025-11-01 01:19:45,089 - am_extended - ERROR - Ollama API error: 404
2025-11-01 01:19:45,113 - am_extended - ERROR - Ollama API error: 404
2025-11-01 01:19:45,150 - am_extended - ERROR - Ollama API error: 404
2025-11-01 01:19:45,180 - am_extended - ERROR - Ollama API error: 404
2025-11-01 01:19:45,211 - am_extended - ERROR - Ollama API error: 404
2025-11-01 01:19:45,227 - am_extended - ERROR - Ollama API error: 404
2025-11-01 01:19:45,229 - am_extended - ERROR - Ollama API error: 404
2025-11-01 01:19:45,232 - am_extended - ERROR - Ollama API error: 404
2025-11-01 01:19:45,275 - am_extended - ERROR - Ollama API error: 404
2025-11-01 01:19:45,306 - am_extended - ERROR - Ollama API error: 404
2025-11-01 01:19:45,309 - am_extended - ERROR - Ollama API error: 404
2025-11-01 01:19:45,337 - am_extended - ERROR - Ollama API error: 404
2025-11-01 01:19:45,367 - am_extended - ERROR - Ollama API error: 404
2025-11-01 01:19:45,398 - am_extended - ERROR - Ollama API error: 404
2025-11-01 01:19:45,414 - am_extended - ERROR - Ollama API error: 404
2025-11-01 01:19:45,414 - am_extended - INFO -   Processed 380/409 pages
2025-11-01 01:19:45,416 - am_extended - ERROR - Ollama API error: 404
2025-11-01 01:19:45,445 - am_extended - ERROR - Ollama API error: 404
2025-11-01 01:19:45,460 - am_extended - ERROR - Ollama API error: 404
2025-11-01 01:19:45,491 - am_extended - ERROR - Ollama API error: 404
2025-11-01 01:19:45,506 - am_extended - ERROR - Ollama API error: 404
2025-11-01 01:19:45,538 - am_extended - ERROR - Ollama API error: 404
2025-11-01 01:19:45,553 - am_extended - ERROR - Ollama API error: 404
2025-11-01 01:19:45,556 - am_extended - ERROR - Ollama API error: 404
2025-11-01 01:19:45,569 - am_extended - ERROR - Ollama API error: 404
2025-11-01 01:19:45,585 - am_extended - ERROR - Ollama API error: 404
2025-11-01 01:19:45,585 - am_extended - INFO -   Processed 390/409 pages
2025-11-01 01:19:45,615 - am_extended - ERROR - Ollama API error: 404
2025-11-01 01:19:45,630 - am_extended - ERROR - Ollama API error: 404
2025-11-01 01:19:45,647 - am_extended - ERROR - Ollama API error: 404
2025-11-01 01:19:45,677 - am_extended - ERROR - Ollama API error: 404
2025-11-01 01:19:45,693 - am_extended - ERROR - Ollama API error: 404
2025-11-01 01:19:45,695 - am_extended - ERROR - Ollama API error: 404
2025-11-01 01:19:45,698 - am_extended - ERROR - Ollama API error: 404
2025-11-01 01:19:45,724 - am_extended - ERROR - Ollama API error: 404
2025-11-01 01:19:45,754 - am_extended - ERROR - Ollama API error: 404
2025-11-01 01:19:45,784 - am_extended - ERROR - Ollama API error: 404
2025-11-01 01:19:45,784 - am_extended - INFO -   Processed 400/409 pages
2025-11-01 01:19:45,813 - am_extended - ERROR - Ollama API error: 404
2025-11-01 01:19:45,828 - am_extended - ERROR - Ollama API error: 404
2025-11-01 01:19:45,860 - am_extended - ERROR - Ollama API error: 404
2025-11-01 01:19:45,876 - am_extended - ERROR - Ollama API error: 404
2025-11-01 01:19:45,907 - am_extended - ERROR - Ollama API error: 404
2025-11-01 01:19:45,938 - am_extended - ERROR - Ollama API error: 404
2025-11-01 01:19:45,954 - am_extended - ERROR - Ollama API error: 404
2025-11-01 01:19:45,970 - am_extended - ERROR - Ollama API error: 404
2025-11-01 01:19:45,970 - am_extended - INFO - Extracted extended fields for 392 pages
2025-11-01 01:19:45,970 - am_common - INFO - Saving dataset: C:\scripts\1repo\data\datasets\extended\data-science-for-business.dataset.jsonl (409 cards)
2025-11-01 01:19:45,981 - am_common - INFO - Saved: 409 cards to data-science-for-business.dataset.jsonl (1.45 MB)
2025-11-01 01:19:45,981 - quality_tracker - INFO - Starting: track_quality
2025-11-01 01:19:45,982 - quality_tracker - INFO - extended metrics:
2025-11-01 01:19:45,982 - quality_tracker - INFO -   total_cards: 409
2025-11-01 01:19:45,982 - quality_tracker - INFO -   duplicates_found: 0
2025-11-01 01:19:45,982 - quality_tracker - INFO -   duplicate_ratio: 0.0000
2025-11-01 01:19:45,982 - quality_tracker - INFO -   continuity_gaps: 69
2025-11-01 01:19:45,982 - quality_tracker - INFO -   continuity_gap_ratio: 0.1691
2025-11-01 01:19:45,982 - quality_tracker - INFO -   avg_overlap: 0.1370
2025-11-01 01:19:45,982 - quality_tracker - INFO -   extended_fields_extracted: 392
2025-11-01 01:19:45,982 - quality_tracker - INFO -   extraction_coverage: 0.9584
2025-11-01 01:19:45,982 - quality_tracker - INFO -   lm_extraction_count: 0
2025-11-01 01:19:45,982 - quality_tracker - INFO -   lm_extraction_ratio: 0.0000
2025-11-01 01:19:45,982 - quality_tracker - INFO--- Logging error ---
Traceback (most recent call last):
  File "C:\Users\Dimon\AppData\Local\Programs\Python\Python313\Lib\logging\__init__.py", line 1154, in emit
    stream.write(msg + self.terminator)
    ~~~~~~~~~~~~^^^^^^^^^^^^^^^^^^^^^^^
  File "C:\Users\Dimon\AppData\Local\Programs\Python\Python313\Lib\site-packages\colorama\ansitowin32.py", line 47, in write
    self.__convertor.write(text)
    ~~~~~~~~~~~~~~~~~~~~~~^^^^^^
  File "C:\Users\Dimon\AppData\Local\Programs\Python\Python313\Lib\site-packages\colorama\ansitowin32.py", line 177, in write
    self.write_and_convert(text)
    ~~~~~~~~~~~~~~~~~~~~~~^^^^^^
  File "C:\Users\Dimon\AppData\Local\Programs\Python\Python313\Lib\site-packages\colorama\ansitowin32.py", line 205, in write_and_convert
    self.write_plain_text(text, cursor, len(text))
    ~~~~~~~~~~~~~~~~~~~~~^^^^^^^^^^^^^^^^^^^^^^^^^
  File "C:\Users\Dimon\AppData\Local\Programs\Python\Python313\Lib\site-packages\colorama\ansitowin32.py", line 210, in write_plain_text
    self.wrapped.write(text[start:end])
    ~~~~~~~~~~~~~~~~~~^^^^^^^^^^^^^^^^^
  File "C:\Users\Dimon\AppData\Local\Programs\Python\Python313\Lib\encodings\cp1251.py", line 19, in encode
    return codecs.charmap_encode(input,self.errors,encoding_table)[0]
           ~~~~~~~~~~~~~~~~~~~~~^^^^^^^^^^^^^^^^^^^^^^^^^^^^^^^^^^
UnicodeEncodeError: 'charmap' codec can't encode character '\u2713' in position 3: character maps to <undefined>
Call stack:
  File "C:\scripts\1repo\run_mvp.py", line 680, in <module>
    main()
  File "C:\scripts\1repo\run_mvp.py", line 652, in main
    results = orchestrator.run_single(
  File "C:\scripts\1repo\run_mvp.py", line 226, in run_single
    stage_result = self._run_stage(stage, current_input)
  File "C:\scripts\1repo\run_mvp.py", line 419, in _run_stage
    return processor.process_dataset(input_path, output_dir)
  File "C:\scripts\1repo\am_extended.py", line 612, in process_dataset
    self.quality_tracker.track('extended', input_path.name, metrics)
  File "C:\scripts\1repo\quality_tracker.py", line 171, in track
    logger.info(f"\u2713 Quality thresholds passed for {stage}")
Message: '\u2713 Quality thresholds passed for extended'
Arguments: ()
2025-11-01 01:19:45,984 - quality_tracker - INFO - Completed: track_quality (0.00s)
2025-11-01 01:19:45,984 - am_extended - INFO - Saved: data-science-for-business.dataset.jsonl
2025-11-01 01:19:45,984 - validate - INFO - Validating extended: data-science-for-business.dataset.jsonl
2025-11-01 01:19:45,984 - am_common - INFO - Loading dataset: C:\scripts\1repo\data\datasets\extended\data-science-for-business.dataset.jsonl
2025-11-01 01:19:46,003 - am_common - INFO - Loaded: 409 cards from data-science-for-business.dataset.jsonl
2025-11-01 01:19:46,005 - validate - WARNING - [X] INVALID - data-science-for-business.dataset.jsonl (2 errors)
2025-11-01 01:19:46,005 - __main__ - WARNING - Validation issues: 2 errors, 392 warnings
2025-11-01 01:19:46,005 - __main__ - WARNING - Validation issues: 2 errors
2025-11-01 01:19:46,005 - __main__ - INFO - ============================================================
2025-11-01 01:19:46,005 - __main__ - INFO--- Logging error ---
Traceback (most recent call last):
  File "C:\Users\Dimon\AppData\Local\Programs\Python\Python313\Lib\logging\__init__.py", line 1154, in emit
    stream.write(msg + self.terminator)
    ~~~~~~~~~~~~^^^^^^^^^^^^^^^^^^^^^^^
  File "C:\Users\Dimon\AppData\Local\Programs\Python\Python313\Lib\site-packages\colorama\ansitowin32.py", line 47, in write
    self.__convertor.write(text)
    ~~~~~~~~~~~~~~~~~~~~~~^^^^^^
  File "C:\Users\Dimon\AppData\Local\Programs\Python\Python313\Lib\site-packages\colorama\ansitowin32.py", line 177, in write
    self.write_and_convert(text)
    ~~~~~~~~~~~~~~~~~~~~~~^^^^^^
  File "C:\Users\Dimon\AppData\Local\Programs\Python\Python313\Lib\site-packages\colorama\ansitowin32.py", line 205, in write_and_convert
    self.write_plain_text(text, cursor, len(text))
    ~~~~~~~~~~~~~~~~~~~~~^^^^^^^^^^^^^^^^^^^^^^^^^
  File "C:\Users\Dimon\AppData\Local\Programs\Python\Python313\Lib\site-packages\colorama\ansitowin32.py", line 210, in write_plain_text
    self.wrapped.write(text[start:end])
    ~~~~~~~~~~~~~~~~~~^^^^^^^^^^^^^^^^^
  File "C:\Users\Dimon\AppData\Local\Programs\Python\Python313\Lib\encodings\cp1251.py", line 19, in encode
    return codecs.charmap_encode(input,self.errors,encoding_table)[0]
           ~~~~~~~~~~~~~~~~~~~~~^^^^^^^^^^^^^^^^^^^^^^^^^^^^^^^^^^
UnicodeEncodeError: 'charmap' codec can't encode character '\U0001f916' in position 5: character maps to <undefined>
Call stack:
  File "C:\scripts\1repo\run_mvp.py", line 680, in <module>
    main()
  File "C:\scripts\1repo\run_mvp.py", line 652, in main
    results = orchestrator.run_single(
  File "C:\scripts\1repo\run_mvp.py", line 253, in run_single
    log_stage(logger, stage, "Completed")
  File "C:\scripts\1repo\am_logging.py", line 613, in log_stage
    log_section(logger, f"{emoji} {action}: {stage.upper()}", "INFO")
  File "C:\scripts\1repo\am_logging.py", line 588, in log_section
    log_func(f"  {title}")
Message: '  \U0001f916 Completed: EXTENDED'
Arguments: ()
2025-11-01 01:19:46,006 - __main__ - INFO - ============================================================
2025-11-01 01:19:46,006 - __main__ - INFO - ============================================================
2025-11-01 01:19:46,006 - __main__ - INFO--- Logging error ---
Traceback (most recent call last):
  File "C:\Users\Dimon\AppData\Local\Programs\Python\Python313\Lib\logging\__init__.py", line 1154, in emit
    stream.write(msg + self.terminator)
    ~~~~~~~~~~~~^^^^^^^^^^^^^^^^^^^^^^^
  File "C:\Users\Dimon\AppData\Local\Programs\Python\Python313\Lib\site-packages\colorama\ansitowin32.py", line 47, in write
    self.__convertor.write(text)
    ~~~~~~~~~~~~~~~~~~~~~~^^^^^^
  File "C:\Users\Dimon\AppData\Local\Programs\Python\Python313\Lib\site-packages\colorama\ansitowin32.py", line 177, in write
    self.write_and_convert(text)
    ~~~~~~~~~~~~~~~~~~~~~~^^^^^^
  File "C:\Users\Dimon\AppData\Local\Programs\Python\Python313\Lib\site-packages\colorama\ansitowin32.py", line 205, in write_and_convert
    self.write_plain_text(text, cursor, len(text))
    ~~~~~~~~~~~~~~~~~~~~~^^^^^^^^^^^^^^^^^^^^^^^^^
  File "C:\Users\Dimon\AppData\Local\Programs\Python\Python313\Lib\site-packages\colorama\ansitowin32.py", line 210, in write_plain_text
    self.wrapped.write(text[start:end])
    ~~~~~~~~~~~~~~~~~~^^^^^^^^^^^^^^^^^
  File "C:\Users\Dimon\AppData\Local\Programs\Python\Python313\Lib\encodings\cp1251.py", line 19, in encode
    return codecs.charmap_encode(input,self.errors,encoding_table)[0]
           ~~~~~~~~~~~~~~~~~~~~~^^^^^^^^^^^^^^^^^^^^^^^^^^^^^^^^^^
UnicodeEncodeError: 'charmap' codec can't encode character '\u2705' in position 5: character maps to <undefined>
Call stack:
  File "C:\scripts\1repo\run_mvp.py", line 680, in <module>
    main()
  File "C:\scripts\1repo\run_mvp.py", line 652, in main
    results = orchestrator.run_single(
  File "C:\scripts\1repo\run_mvp.py", line 222, in run_single
    log_stage(logger, stage, "Starting")
  File "C:\scripts\1repo\am_logging.py", line 613, in log_stage
    log_section(logger, f"{emoji} {action}: {stage.upper()}", "INFO")
  File "C:\scripts\1repo\am_logging.py", line 588, in log_section
    log_func(f"  {title}")
Message: '  \u2705 Starting: FINALIZE'
Arguments: ()
2025-11-01 01:19:46,006 - __main__ - INFO - ============================================================
2025-11-01 01:19:46,007 - am_common - INFO - Loading config: config\batch_full.yaml
2025-11-01 01:19:46,021 - am_common - INFO - Config loaded successfully
2025-11-01 01:19:46,021 - am_finalize - INFO - Processing: data-science-for-business.dataset.jsonl
2025-11-01 01:19:46,021 - am_common - INFO - Loading dataset: C:\scripts\1repo\data\datasets\extended\data-science-for-business.dataset.jsonl
2025-11-01 01:19:46,034 - am_common - INFO - Loaded: 409 cards from data-science-for-business.dataset.jsonl
2025-11-01 01:19:46,035 - am_common - INFO - Saving dataset: C:\scripts\1repo\data\datasets\final\data-science-for-business.dataset.jsonl (409 cards)
2025-11-01 01:19:46,045 - am_common - INFO - Saved: 409 cards to data-science-for-business.dataset.jsonl (1.43 MB)
2025-11-01 01:19:46,046 - quality_tracker - INFO - Starting: track_quality
2025-11-01 01:19:46,046 - quality_tracker - INFO - finalize metrics:
2025-11-01 01:19:46,046 - quality_tracker - INFO -   total_cards: 409
2025-11-01 01:19:46,046 - quality_tracker - INFO -   validation_errors: 0
2025-11-01 01:19:46,046 - quality_tracker - INFO -   validation_warnings: 58
2025-11-01 01:19:46,047 - quality_tracker - INFO -   avg_completeness: 0.6000
2025-11-01 01:19:46,047 - quality_tracker - INFO -   cards_with_structure: 332
2025-11-01 01:19:46,047 - quality_tracker - INFO -   structure_coverage: 0.8117
2025-11-01 01:19:46,047 - quality_tracker - INFO -   cards_with_summaries: 395
2025-11-01 01:19:46,047 - quality_tracker - INFO -   summary_coverage: 0.9658
2025-11-01 01:19:46,047 - quality_tracker - INFO--- Logging error ---
Traceback (most recent call last):
  File "C:\Users\Dimon\AppData\Local\Programs\Python\Python313\Lib\logging\__init__.py", line 1154, in emit
    stream.write(msg + self.terminator)
    ~~~~~~~~~~~~^^^^^^^^^^^^^^^^^^^^^^^
  File "C:\Users\Dimon\AppData\Local\Programs\Python\Python313\Lib\site-packages\colorama\ansitowin32.py", line 47, in write
    self.__convertor.write(text)
    ~~~~~~~~~~~~~~~~~~~~~~^^^^^^
  File "C:\Users\Dimon\AppData\Local\Programs\Python\Python313\Lib\site-packages\colorama\ansitowin32.py", line 177, in write
    self.write_and_convert(text)
    ~~~~~~~~~~~~~~~~~~~~~~^^^^^^
  File "C:\Users\Dimon\AppData\Local\Programs\Python\Python313\Lib\site-packages\colorama\ansitowin32.py", line 205, in write_and_convert
    self.write_plain_text(text, cursor, len(text))
    ~~~~~~~~~~~~~~~~~~~~~^^^^^^^^^^^^^^^^^^^^^^^^^
  File "C:\Users\Dimon\AppData\Local\Programs\Python\Python313\Lib\site-packages\colorama\ansitowin32.py", line 210, in write_plain_text
    self.wrapped.write(text[start:end])
    ~~~~~~~~~~~~~~~~~~^^^^^^^^^^^^^^^^^
  File "C:\Users\Dimon\AppData\Local\Programs\Python\Python313\Lib\encodings\cp1251.py", line 19, in encode
    return codecs.charmap_encode(input,self.errors,encoding_table)[0]
           ~~~~~~~~~~~~~~~~~~~~~^^^^^^^^^^^^^^^^^^^^^^^^^^^^^^^^^^
UnicodeEncodeError: 'charmap' codec can't encode character '\u2713' in position 3: character maps to <undefined>
Call stack:
  File "C:\scripts\1repo\run_mvp.py", line 680, in <module>
    main()
  File "C:\scripts\1repo\run_mvp.py", line 652, in main
    results = orchestrator.run_single(
  File "C:\scripts\1repo\run_mvp.py", line 226, in run_single
    stage_result = self._run_stage(stage, current_input)
  File "C:\scripts\1repo\run_mvp.py", line 419, in _run_stage
    return processor.process_dataset(input_path, output_dir)
  File "C:\scripts\1repo\am_finalize.py", line 278, in process_dataset
    self.quality_tracker.track('finalize', input_path.name, metrics)
  File "C:\scripts\1repo\quality_tracker.py", line 171, in track
    logger.info(f"\u2713 Quality thresholds passed for {stage}")
Message: '\u2713 Quality thresholds passed for finalize'
Arguments: ()
2025-11-01 01:19:46,048 - quality_tracker - INFO - Completed: track_quality (0.00s)
2025-11-01 01:19:46,048 - am_finalize - INFO - Saved: data-science-for-business.dataset.jsonl
2025-11-01 01:19:46,048 - __main__ - ERROR - Validation failed: Unknown stage: finalize
2025-11-01 01:19:46,048 - __main__ - WARNING - Validation issues: 1 errors
2025-11-01 01:19:46,048 - __main__ - INFO - ============================================================
2025-11-01 01:19:46,048 - __main__ - INFO--- Logging error ---
Traceback (most recent call last):
  File "C:\Users\Dimon\AppData\Local\Programs\Python\Python313\Lib\logging\__init__.py", line 1154, in emit
    stream.write(msg + self.terminator)
    ~~~~~~~~~~~~^^^^^^^^^^^^^^^^^^^^^^^
  File "C:\Users\Dimon\AppData\Local\Programs\Python\Python313\Lib\site-packages\colorama\ansitowin32.py", line 47, in write
    self.__convertor.write(text)
    ~~~~~~~~~~~~~~~~~~~~~~^^^^^^
  File "C:\Users\Dimon\AppData\Local\Programs\Python\Python313\Lib\site-packages\colorama\ansitowin32.py", line 177, in write
    self.write_and_convert(text)
    ~~~~~~~~~~~~~~~~~~~~~~^^^^^^
  File "C:\Users\Dimon\AppData\Local\Programs\Python\Python313\Lib\site-packages\colorama\ansitowin32.py", line 205, in write_and_convert
    self.write_plain_text(text, cursor, len(text))
    ~~~~~~~~~~~~~~~~~~~~~^^^^^^^^^^^^^^^^^^^^^^^^^
  File "C:\Users\Dimon\AppData\Local\Programs\Python\Python313\Lib\site-packages\colorama\ansitowin32.py", line 210, in write_plain_text
    self.wrapped.write(text[start:end])
    ~~~~~~~~~~~~~~~~~~^^^^^^^^^^^^^^^^^
  File "C:\Users\Dimon\AppData\Local\Programs\Python\Python313\Lib\encodings\cp1251.py", line 19, in encode
    return codecs.charmap_encode(input,self.errors,encoding_table)[0]
           ~~~~~~~~~~~~~~~~~~~~~^^^^^^^^^^^^^^^^^^^^^^^^^^^^^^^^^^
UnicodeEncodeError: 'charmap' codec can't encode character '\u2705' in position 5: character maps to <undefined>
Call stack:
  File "C:\scripts\1repo\run_mvp.py", line 680, in <module>
    main()
  File "C:\scripts\1repo\run_mvp.py", line 652, in main
    results = orchestrator.run_single(
  File "C:\scripts\1repo\run_mvp.py", line 253, in run_single
    log_stage(logger, stage, "Completed")
  File "C:\scripts\1repo\am_logging.py", line 613, in log_stage
    log_section(logger, f"{emoji} {action}: {stage.upper()}", "INFO")
  File "C:\scripts\1repo\am_logging.py", line 588, in log_section
    log_func(f"  {title}")
Message: '  \u2705 Completed: FINALIZE'
Arguments: ()
2025-11-01 01:19:46,049 - __main__ - INFO - ============================================================
2025-11-01 01:19:46,049 - __main__ - INFO - ============================================================
2025-11-01 01:19:46,049 - __main__ - INFO--- Logging error ---
Traceback (most recent call last):
  File "C:\Users\Dimon\AppData\Local\Programs\Python\Python313\Lib\logging\__init__.py", line 1154, in emit
    stream.write(msg + self.terminator)
    ~~~~~~~~~~~~^^^^^^^^^^^^^^^^^^^^^^^
  File "C:\Users\Dimon\AppData\Local\Programs\Python\Python313\Lib\site-packages\colorama\ansitowin32.py", line 47, in write
    self.__convertor.write(text)
    ~~~~~~~~~~~~~~~~~~~~~~^^^^^^
  File "C:\Users\Dimon\AppData\Local\Programs\Python\Python313\Lib\site-packages\colorama\ansitowin32.py", line 177, in write
    self.write_and_convert(text)
    ~~~~~~~~~~~~~~~~~~~~~~^^^^^^
  File "C:\Users\Dimon\AppData\Local\Programs\Python\Python313\Lib\site-packages\colorama\ansitowin32.py", line 205, in write_and_convert
    self.write_plain_text(text, cursor, len(text))
    ~~~~~~~~~~~~~~~~~~~~~^^^^^^^^^^^^^^^^^^^^^^^^^
  File "C:\Users\Dimon\AppData\Local\Programs\Python\Python313\Lib\site-packages\colorama\ansitowin32.py", line 210, in write_plain_text
    self.wrapped.write(text[start:end])
    ~~~~~~~~~~~~~~~~~~^^^^^^^^^^^^^^^^^
  File "C:\Users\Dimon\AppData\Local\Programs\Python\Python313\Lib\encodings\cp1251.py", line 19, in encode
    return codecs.charmap_encode(input,self.errors,encoding_table)[0]
           ~~~~~~~~~~~~~~~~~~~~~^^^^^^^^^^^^^^^^^^^^^^^^^^^^^^^^^^
UnicodeEncodeError: 'charmap' codec can't encode character '\U0001f9e9' in position 5: character maps to <undefined>
Call stack:
  File "C:\scripts\1repo\run_mvp.py", line 680, in <module>
    main()
  File "C:\scripts\1repo\run_mvp.py", line 652, in main
    results = orchestrator.run_single(
  File "C:\scripts\1repo\run_mvp.py", line 222, in run_single
    log_stage(logger, stage, "Starting")
  File "C:\scripts\1repo\am_logging.py", line 613, in log_stage
    log_section(logger, f"{emoji} {action}: {stage.upper()}", "INFO")
  File "C:\scripts\1repo\am_logging.py", line 588, in log_section
    log_func(f"  {title}")
Message: '  \U0001f9e9 Starting: CHUNK'
Arguments: ()
2025-11-01 01:19:46,050 - __main__ - INFO - ============================================================
2025-11-01 01:19:46,050 - am_common - INFO - Loading config: config\batch_full.yaml
2025-11-01 01:19:46,064 - am_common - INFO - Config loaded successfully
2025-11-01 01:19:46,142 - am_chunk - INFO - Processing: data-science-for-business.dataset.jsonl
2025-11-01 01:19:46,142 - am_common - INFO - Loading dataset: C:\scripts\1repo\data\datasets\final\data-science-for-business.dataset.jsonl
2025-11-01 01:19:46,161 - am_common - INFO - Loaded: 409 cards from data-science-for-business.dataset.jsonl
2025-11-01 01:19:46,380 - am_chunk - INFO - Created 607 chunks from 409 pages
2025-11-01 01:19:46,393 - quality_tracker - INFO - Starting: track_quality
2025-11-01 01:19:46,393 - quality_tracker - INFO - chunk metrics:
2025-11-01 01:19:46,393 - quality_tracker - INFO -   total_chunks: 607
2025-11-01 01:19:46,393 - quality_tracker - INFO -   chunks_per_page: 1.4841
2025-11-01 01:19:46,393 - quality_tracker - INFO -   avg_chunk_tokens: 358.7891
2025-11-01 01:19:46,394 - quality_tracker - INFO -   min_chunk_tokens: 104
2025-11-01 01:19:46,394 - quality_tracker - INFO -   max_chunk_tokens: 816
2025-11-01 01:19:46,394 - quality_tracker - INFO -   token_distribution: {'0-100': 0, '100-300': 255, '300-512': 335, '512+': 17}
2025-11-01 01:19:46,394 - quality_tracker - INFO -   context_completeness: 1.0000
2025-11-01 01:19:46,394 - quality_tracker - INFO--- Logging error ---
Traceback (most recent call last):
  File "C:\Users\Dimon\AppData\Local\Programs\Python\Python313\Lib\logging\__init__.py", line 1154, in emit
    stream.write(msg + self.terminator)
    ~~~~~~~~~~~~^^^^^^^^^^^^^^^^^^^^^^^
  File "C:\Users\Dimon\AppData\Local\Programs\Python\Python313\Lib\site-packages\colorama\ansitowin32.py", line 47, in write
    self.__convertor.write(text)
    ~~~~~~~~~~~~~~~~~~~~~~^^^^^^
  File "C:\Users\Dimon\AppData\Local\Programs\Python\Python313\Lib\site-packages\colorama\ansitowin32.py", line 177, in write
    self.write_and_convert(text)
    ~~~~~~~~~~~~~~~~~~~~~~^^^^^^
  File "C:\Users\Dimon\AppData\Local\Programs\Python\Python313\Lib\site-packages\colorama\ansitowin32.py", line 205, in write_and_convert
    self.write_plain_text(text, cursor, len(text))
    ~~~~~~~~~~~~~~~~~~~~~^^^^^^^^^^^^^^^^^^^^^^^^^
  File "C:\Users\Dimon\AppData\Local\Programs\Python\Python313\Lib\site-packages\colorama\ansitowin32.py", line 210, in write_plain_text
    self.wrapped.write(text[start:end])
    ~~~~~~~~~~~~~~~~~~^^^^^^^^^^^^^^^^^
  File "C:\Users\Dimon\AppData\Local\Programs\Python\Python313\Lib\encodings\cp1251.py", line 19, in encode
    return codecs.charmap_encode(input,self.errors,encoding_table)[0]
           ~~~~~~~~~~~~~~~~~~~~~^^^^^^^^^^^^^^^^^^^^^^^^^^^^^^^^^^
UnicodeEncodeError: 'charmap' codec can't encode character '\u2713' in position 3: character maps to <undefined>
Call stack:
  File "C:\scripts\1repo\run_mvp.py", line 680, in <module>
    main()
  File "C:\scripts\1repo\run_mvp.py", line 652, in main
    results = orchestrator.run_single(
  File "C:\scripts\1repo\run_mvp.py", line 226, in run_single
    stage_result = self._run_stage(stage, current_input)
  File "C:\scripts\1repo\run_mvp.py", line 419, in _run_stage
    return processor.process_dataset(input_path, output_dir)
  File "C:\scripts\1repo\am_chunk.py", line 309, in process_dataset
    self.quality_tracker.track('chunk', input_path.name, metrics)
  File "C:\scripts\1repo\quality_tracker.py", line 171, in track
    logger.info(f"\u2713 Quality thresholds passed for {stage}")
Message: '\u2713 Quality thresholds passed for chunk'
Arguments: ()
2025-11-01 01:19:46,395 - quality_tracker - INFO - Completed: track_quality (0.00s)
2025-11-01 01:19:46,395 - am_chunk - INFO - Saved: data-science-for-business.dataset.chunks.jsonl
2025-11-01 01:19:46,396 - __main__ - ERROR - Validation failed: Unknown stage: chunk
2025-11-01 01:19:46,396 - __main__ - WARNING - Validation issues: 1 errors
2025-11-01 01:19:46,396 - __main__ - INFO - ============================================================
2025-11-01 01:19:46,396 - __main__ - INFO--- Logging error ---
Traceback (most recent call last):
  File "C:\Users\Dimon\AppData\Local\Programs\Python\Python313\Lib\logging\__init__.py", line 1154, in emit
    stream.write(msg + self.terminator)
    ~~~~~~~~~~~~^^^^^^^^^^^^^^^^^^^^^^^
  File "C:\Users\Dimon\AppData\Local\Programs\Python\Python313\Lib\site-packages\colorama\ansitowin32.py", line 47, in write
    self.__convertor.write(text)
    ~~~~~~~~~~~~~~~~~~~~~~^^^^^^
  File "C:\Users\Dimon\AppData\Local\Programs\Python\Python313\Lib\site-packages\colorama\ansitowin32.py", line 177, in write
    self.write_and_convert(text)
    ~~~~~~~~~~~~~~~~~~~~~~^^^^^^
  File "C:\Users\Dimon\AppData\Local\Programs\Python\Python313\Lib\site-packages\colorama\ansitowin32.py", line 205, in write_and_convert
    self.write_plain_text(text, cursor, len(text))
    ~~~~~~~~~~~~~~~~~~~~~^^^^^^^^^^^^^^^^^^^^^^^^^
  File "C:\Users\Dimon\AppData\Local\Programs\Python\Python313\Lib\site-packages\colorama\ansitowin32.py", line 210, in write_plain_text
    self.wrapped.write(text[start:end])
    ~~~~~~~~~~~~~~~~~~^^^^^^^^^^^^^^^^^
  File "C:\Users\Dimon\AppData\Local\Programs\Python\Python313\Lib\encodings\cp1251.py", line 19, in encode
    return codecs.charmap_encode(input,self.errors,encoding_table)[0]
           ~~~~~~~~~~~~~~~~~~~~~^^^^^^^^^^^^^^^^^^^^^^^^^^^^^^^^^^
UnicodeEncodeError: 'charmap' codec can't encode character '\U0001f9e9' in position 5: character maps to <undefined>
Call stack:
  File "C:\scripts\1repo\run_mvp.py", line 680, in <module>
    main()
  File "C:\scripts\1repo\run_mvp.py", line 652, in main
    results = orchestrator.run_single(
  File "C:\scripts\1repo\run_mvp.py", line 253, in run_single
    log_stage(logger, stage, "Completed")
  File "C:\scripts\1repo\am_logging.py", line 613, in log_stage
    log_section(logger, f"{emoji} {action}: {stage.upper()}", "INFO")
  File "C:\scripts\1repo\am_logging.py", line 588, in log_section
    log_func(f"  {title}")
Message: '  \U0001f9e9 Completed: CHUNK'
Arguments: ()
2025-11-01 01:19:46,396 - __main__ - INFO - ============================================================
2025-11-01 01:19:46,396 - __main__ - INFO - ============================================================
2025-11-01 01:19:46,396 - __main__ - INFO--- Logging error ---
Traceback (most recent call last):
  File "C:\Users\Dimon\AppData\Local\Programs\Python\Python313\Lib\logging\__init__.py", line 1154, in emit
    stream.write(msg + self.terminator)
    ~~~~~~~~~~~~^^^^^^^^^^^^^^^^^^^^^^^
  File "C:\Users\Dimon\AppData\Local\Programs\Python\Python313\Lib\site-packages\colorama\ansitowin32.py", line 47, in write
    self.__convertor.write(text)
    ~~~~~~~~~~~~~~~~~~~~~~^^^^^^
  File "C:\Users\Dimon\AppData\Local\Programs\Python\Python313\Lib\site-packages\colorama\ansitowin32.py", line 177, in write
    self.write_and_convert(text)
    ~~~~~~~~~~~~~~~~~~~~~~^^^^^^
  File "C:\Users\Dimon\AppData\Local\Programs\Python\Python313\Lib\site-packages\colorama\ansitowin32.py", line 205, in write_and_convert
    self.write_plain_text(text, cursor, len(text))
    ~~~~~~~~~~~~~~~~~~~~~^^^^^^^^^^^^^^^^^^^^^^^^^
  File "C:\Users\Dimon\AppData\Local\Programs\Python\Python313\Lib\site-packages\colorama\ansitowin32.py", line 210, in write_plain_text
    self.wrapped.write(text[start:end])
    ~~~~~~~~~~~~~~~~~~^^^^^^^^^^^^^^^^^
  File "C:\Users\Dimon\AppData\Local\Programs\Python\Python313\Lib\encodings\cp1251.py", line 19, in encode
    return codecs.charmap_encode(input,self.errors,encoding_table)[0]
           ~~~~~~~~~~~~~~~~~~~~~^^^^^^^^^^^^^^^^^^^^^^^^^^^^^^^^^^
UnicodeEncodeError: 'charmap' codec can't encode character '\U0001f522' in position 5: character maps to <undefined>
Call stack:
  File "C:\scripts\1repo\run_mvp.py", line 680, in <module>
    main()
  File "C:\scripts\1repo\run_mvp.py", line 652, in main
    results = orchestrator.run_single(
  File "C:\scripts\1repo\run_mvp.py", line 222, in run_single
    log_stage(logger, stage, "Starting")
  File "C:\scripts\1repo\am_logging.py", line 613, in log_stage
    log_section(logger, f"{emoji} {action}: {stage.upper()}", "INFO")
  File "C:\scripts\1repo\am_logging.py", line 588, in log_section
    log_func(f"  {title}")
Message: '  \U0001f522 Starting: EMBED'
Arguments: ()
2025-11-01 01:19:46,397 - __main__ - INFO - ============================================================
2025-11-01 01:19:46,397 - am_common - INFO - Loading config: config\batch_full.yaml
2025-11-01 01:19:46,412 - am_common - INFO - Config loaded successfully
2025-11-01 01:19:46,412 - am_embed - INFO - [sentence-transformers] Loading model: all-MiniLM-L6-v2
2025-11-01 01:19:46,412 - sentence_transformers.SentenceTransformer - INFO - Use pytorch device_name: cpu
2025-11-01 01:19:46,412 - sentence_transformers.SentenceTransformer - INFO - Load pretrained SentenceTransformer: all-MiniLM-L6-v2
2025-11-01 01:19:50,142 - am_embed - INFO - [sentence-transformers] Embedding dimension: 384
2025-11-01 01:19:50,142 - am_embed - INFO - Processing: data-science-for-business.dataset.chunks.jsonl
2025-11-01 01:19:50,165 - am_embed - INFO - Loaded 607 chunks
2025-11-01 01:19:50,165 - am_embed - INFO - Encoding 607 chunks in 19 batches
2025-11-01 01:19:53,196 - am_embed - INFO - Processed batch 10/19
2025-11-01 01:19:55,920 - am_embed - INFO - Encoded 607 embeddings, 0 failures
2025-11-01 01:19:55,921 - am_embed - INFO - Building FAISS index: flat, metric=cosine
2025-11-01 01:19:55,921 - am_embed - INFO - Vectors: 607, Dimension: 384
2025-11-01 01:19:55,921 - am_embed - INFO - FAISS index built: 607 vectors
2025-11-01 01:19:55,922 - am_embed - INFO - Saved FAISS index: data-science-for-business.dataset.faiss (910.54 KB)
2025-11-01 01:19:55,926 - am_embed - INFO - Saved metadata: data-science-for-business.dataset.pkl (1.15 MB)
2025-11-01 01:19:55,927 - quality_tracker - INFO - Starting: track_quality
2025-11-01 01:19:55,927 - quality_tracker - INFO - embed metrics:
2025-11-01 01:19:55,927 - quality_tracker - INFO -   total_vectors: 607
2025-11-01 01:19:55,927 - quality_tracker - INFO -   embedding_dim: 384
2025-11-01 01:19:55,927 - quality_tracker - INFO -   embedding_failures: 0
2025-11-01 01:19:55,928 - quality_tracker - INFO -   failure_rate: 0.0000
2025-11-01 01:19:55,928 - quality_tracker - INFO -   avg_norm: 1.0000
2025-11-01 01:19:55,928 - quality_tracker - INFO -   min_norm: 1.0000
2025-11-01 01:19:55,928 - quality_tracker - INFO -   max_norm: 1.0000
2025-11-01 01:19:55,928 - quality_tracker - INFO--- Logging error ---
Traceback (most recent call last):
  File "C:\Users\Dimon\AppData\Local\Programs\Python\Python313\Lib\logging\__init__.py", line 1154, in emit
    stream.write(msg + self.terminator)
    ~~~~~~~~~~~~^^^^^^^^^^^^^^^^^^^^^^^
  File "C:\Users\Dimon\AppData\Local\Programs\Python\Python313\Lib\site-packages\colorama\ansitowin32.py", line 47, in write
    self.__convertor.write(text)
    ~~~~~~~~~~~~~~~~~~~~~~^^^^^^
  File "C:\Users\Dimon\AppData\Local\Programs\Python\Python313\Lib\site-packages\colorama\ansitowin32.py", line 177, in write
    self.write_and_convert(text)
    ~~~~~~~~~~~~~~~~~~~~~~^^^^^^
  File "C:\Users\Dimon\AppData\Local\Programs\Python\Python313\Lib\site-packages\colorama\ansitowin32.py", line 205, in write_and_convert
    self.write_plain_text(text, cursor, len(text))
    ~~~~~~~~~~~~~~~~~~~~~^^^^^^^^^^^^^^^^^^^^^^^^^
  File "C:\Users\Dimon\AppData\Local\Programs\Python\Python313\Lib\site-packages\colorama\ansitowin32.py", line 210, in write_plain_text
    self.wrapped.write(text[start:end])
    ~~~~~~~~~~~~~~~~~~^^^^^^^^^^^^^^^^^
  File "C:\Users\Dimon\AppData\Local\Programs\Python\Python313\Lib\encodings\cp1251.py", line 19, in encode
    return codecs.charmap_encode(input,self.errors,encoding_table)[0]
           ~~~~~~~~~~~~~~~~~~~~~^^^^^^^^^^^^^^^^^^^^^^^^^^^^^^^^^^
UnicodeEncodeError: 'charmap' codec can't encode character '\u2713' in position 3: character maps to <undefined>
Call stack:
  File "C:\scripts\1repo\run_mvp.py", line 680, in <module>
    main()
  File "C:\scripts\1repo\run_mvp.py", line 652, in main
    results = orchestrator.run_single(
  File "C:\scripts\1repo\run_mvp.py", line 226, in run_single
    stage_result = self._run_stage(stage, current_input)
  File "C:\scripts\1repo\run_mvp.py", line 428, in _run_stage
    return processor.process_chunks(input_path, output_dir=None)
  File "C:\scripts\1repo\am_embed.py", line 426, in process_chunks
    self.quality_tracker.track('embed', chunks_path.name, metrics)
  File "C:\scripts\1repo\quality_tracker.py", line 171, in track
    logger.info(f"\u2713 Quality thresholds passed for {stage}")
Message: '\u2713 Quality thresholds passed for embed'
Arguments: ()
2025-11-01 01:19:55,928 - quality_tracker - INFO - Completed: track_quality (0.00s)
2025-11-01 01:19:55,929 - am_embed - INFO - Saved: data-science-for-business.dataset.faiss, data-science-for-business.dataset.pkl
2025-11-01 01:19:55,929 - __main__ - INFO - ============================================================
2025-11-01 01:19:55,929 - __main__ - INFO--- Logging error ---
Traceback (most recent call last):
  File "C:\Users\Dimon\AppData\Local\Programs\Python\Python313\Lib\logging\__init__.py", line 1154, in emit
    stream.write(msg + self.terminator)
    ~~~~~~~~~~~~^^^^^^^^^^^^^^^^^^^^^^^
  File "C:\Users\Dimon\AppData\Local\Programs\Python\Python313\Lib\site-packages\colorama\ansitowin32.py", line 47, in write
    self.__convertor.write(text)
    ~~~~~~~~~~~~~~~~~~~~~~^^^^^^
  File "C:\Users\Dimon\AppData\Local\Programs\Python\Python313\Lib\site-packages\colorama\ansitowin32.py", line 177, in write
    self.write_and_convert(text)
    ~~~~~~~~~~~~~~~~~~~~~~^^^^^^
  File "C:\Users\Dimon\AppData\Local\Programs\Python\Python313\Lib\site-packages\colorama\ansitowin32.py", line 205, in write_and_convert
    self.write_plain_text(text, cursor, len(text))
    ~~~~~~~~~~~~~~~~~~~~~^^^^^^^^^^^^^^^^^^^^^^^^^
  File "C:\Users\Dimon\AppData\Local\Programs\Python\Python313\Lib\site-packages\colorama\ansitowin32.py", line 210, in write_plain_text
    self.wrapped.write(text[start:end])
    ~~~~~~~~~~~~~~~~~~^^^^^^^^^^^^^^^^^
  File "C:\Users\Dimon\AppData\Local\Programs\Python\Python313\Lib\encodings\cp1251.py", line 19, in encode
    return codecs.charmap_encode(input,self.errors,encoding_table)[0]
           ~~~~~~~~~~~~~~~~~~~~~^^^^^^^^^^^^^^^^^^^^^^^^^^^^^^^^^^
UnicodeEncodeError: 'charmap' codec can't encode character '\U0001f522' in position 5: character maps to <undefined>
Call stack:
  File "C:\scripts\1repo\run_mvp.py", line 680, in <module>
    main()
  File "C:\scripts\1repo\run_mvp.py", line 652, in main
    results = orchestrator.run_single(
  File "C:\scripts\1repo\run_mvp.py", line 253, in run_single
    log_stage(logger, stage, "Completed")
  File "C:\scripts\1repo\am_logging.py", line 613, in log_stage
    log_section(logger, f"{emoji} {action}: {stage.upper()}", "INFO")
  File "C:\scripts\1repo\am_logging.py", line 588, in log_section
    log_func(f"  {title}")
Message: '  \U0001f522 Completed: EMBED'
Arguments: ()
2025-11-01 01:19:55,930 - __main__ - INFO - ============================================================
2025-11-01 01:19:55,930 - __main__ - INFO - Pipeline status: completed
2025-11-01 01:19:55,930 - __main__ - INFO - Completed: run_single_pipeline (169.04s)
2025-11-01 01:19:55,930 - __main__ - INFO - ============================================================
2025-11-01 01:19:55,930 - __main__ - INFO--- Logging error ---
Traceback (most recent call last):
  File "C:\Users\Dimon\AppData\Local\Programs\Python\Python313\Lib\logging\__init__.py", line 1154, in emit
    stream.write(msg + self.terminator)
    ~~~~~~~~~~~~^^^^^^^^^^^^^^^^^^^^^^^
  File "C:\Users\Dimon\AppData\Local\Programs\Python\Python313\Lib\site-packages\colorama\ansitowin32.py", line 47, in write
    self.__convertor.write(text)
    ~~~~~~~~~~~~~~~~~~~~~~^^^^^^
  File "C:\Users\Dimon\AppData\Local\Programs\Python\Python313\Lib\site-packages\colorama\ansitowin32.py", line 177, in write
    self.write_and_convert(text)
    ~~~~~~~~~~~~~~~~~~~~~~^^^^^^
  File "C:\Users\Dimon\AppData\Local\Programs\Python\Python313\Lib\site-packages\colorama\ansitowin32.py", line 205, in write_and_convert
    self.write_plain_text(text, cursor, len(text))
    ~~~~~~~~~~~~~~~~~~~~~^^^^^^^^^^^^^^^^^^^^^^^^^
  File "C:\Users\Dimon\AppData\Local\Programs\Python\Python313\Lib\site-packages\colorama\ansitowin32.py", line 210, in write_plain_text
    self.wrapped.write(text[start:end])
    ~~~~~~~~~~~~~~~~~~^^^^^^^^^^^^^^^^^
  File "C:\Users\Dimon\AppData\Local\Programs\Python\Python313\Lib\encodings\cp1251.py", line 19, in encode
    return codecs.charmap_encode(input,self.errors,encoding_table)[0]
           ~~~~~~~~~~~~~~~~~~~~~^^^^^^^^^^^^^^^^^^^^^^^^^^^^^^^^^^
UnicodeEncodeError: 'charmap' codec can't encode character '\U0001f4ca' in position 5: character maps to <undefined>
Call stack:
  File "C:\scripts\1repo\run_mvp.py", line 680, in <module>
    main()
  File "C:\scripts\1repo\run_mvp.py", line 660, in main
    orchestrator.generate_reports()
  File "C:\scripts\1repo\run_mvp.py", line 502, in generate_reports
    log_section(logger, "\U0001f4ca FINAL REPORTS", "INFO")
  File "C:\scripts\1repo\am_logging.py", line 588, in log_section
    log_func(f"  {title}")
Message: '  \U0001f4ca FINAL REPORTS'
Arguments: ()
2025-11-01 01:19:55,931 - __main__ - INFO - ============================================================
2025-11-01 01:19:55,931 - __main__ - INFO - ============================================================
2025-11-01 01:19:55,931 - __main__ - INFO -   Performance Summary
2025-11-01 01:19:55,931 - __main__ - INFO - ============================================================
2025-11-01 01:19:55,931 - __main__ - INFO - 
run_single_pipeline:
2025-11-01 01:19:55,931 - __main__ - INFO -   Count: 1
2025-11-01 01:19:55,931 - __main__ - INFO -   Total: 169.04s
2025-11-01 01:19:55,931 - __main__ - INFO -   Avg: 169.04s
2025-11-01 01:19:55,931 - __main__ - INFO -   Min: 169.04s
2025-11-01 01:19:55,931 - __main__ - INFO -   Max: 169.04s
2025-11-01 01:19:55,931 - __main__ - INFO - 
track_quality:
2025-11-01 01:19:55,931 - __main__ - INFO -   Count: 7
2025-11-01 01:19:55,931 - __main__ - INFO -   Total: 0.01s
2025-11-01 01:19:55,931 - __main__ - INFO -   Avg: 0.00s
2025-11-01 01:19:55,931 - __main__ - INFO -   Min: 0.00s
2025-11-01 01:19:55,931 - __main__ - INFO -   Max: 0.00s
2025-11-01 01:19:55,931 - __main__ - INFO - No errors or warnings recorded
2025-11-01 01:19:55,931 - __main__ - INFO - 
2025-11-01 01:19:55,931 - quality_tracker - INFO - Starting: generate_quality_report
2025-11-01 01:19:55,932 - quality_tracker - INFO - Quality report saved: C:\scripts\1repo\data\quality\quality_report_20251101_011955.json
2025-11-01 01:19:55,933 - quality_tracker - INFO - Completed: generate_quality_report (0.00s)
2025-11-01 01:19:55,933 - quality_tracker - INFO - ============================================================
2025-11-01 01:19:55,933 - quality_tracker - INFO -   QUALITY REPORT
2025-11-01 01:19:55,934 - quality_tracker - INFO - ============================================================
2025-11-01 01:19:55,934 - quality_tracker - INFO - Generated: 2025-10-31T22:19:55Z
2025-11-01 01:19:55,934 - quality_tracker - INFO - Version: 2.0.0

2025-11-01 01:19:55,934 - quality_tracker - INFO - ------------------------------------------------------------
2025-11-01 01:19:55,934 - quality_tracker - INFO -   Stage: STRUCTURAL
2025-11-01 01:19:55,934 - quality_tracker - INFO - ------------------------------------------------------------
2025-11-01 01:19:55,934 - quality_tracker - INFO - Summary:
2025-11-01 01:19:55,934 - quality_tracker - INFO -   total_runs: 1
2025-11-01 01:19:55,934 - quality_tracker - INFO -   passed_threshold: 1
2025-11-01 01:19:55,934 - quality_tracker - INFO -   failed_threshold: 0
2025-11-01 01:19:55,934 - quality_tracker - INFO -   pass_rate: 100.0%
2025-11-01 01:19:55,934 - quality_tracker - INFO - 
Recent trend (last 1 runs):
2025-11-01 01:19:55,934 - quality_tracker - INFO -   Pass rate: 100.0%
2025-11-01 01:19:55,934 - quality_tracker - INFO - 
2025-11-01 01:19:55,934 - quality_tracker - INFO - ------------------------------------------------------------
2025-11-01 01:19:55,934 - quality_tracker - INFO -   Stage: STRUCTURE_DETECT
2025-11-01 01:19:55,934 - quality_tracker - INFO - ------------------------------------------------------------
2025-11-01 01:19:55,934 - quality_tracker - INFO - Summary:
2025-11-01 01:19:55,934 - quality_tracker - INFO -   total_runs: 1
2025-11-01 01:19:55,934 - quality_tracker - INFO -   passed_threshold: 1
2025-11-01 01:19:55,934 - quality_tracker - INFO -   failed_threshold: 0
2025-11-01 01:19:55,934 - quality_tracker - INFO -   pass_rate: 100.0%
2025-11-01 01:19:55,934 - quality_tracker - INFO - 
Recent trend (last 1 runs):
2025-11-01 01:19:55,934 - quality_tracker - INFO -   Pass rate: 100.0%
2025-11-01 01:19:55,934 - quality_tracker - INFO - 
2025-11-01 01:19:55,934 - quality_tracker - INFO - ------------------------------------------------------------
2025-11-01 01:19:55,934 - quality_tracker - INFO -   Stage: SUMMARIZE
2025-11-01 01:19:55,934 - quality_tracker - INFO - ------------------------------------------------------------
2025-11-01 01:19:55,934 - quality_tracker - INFO - Summary:
2025-11-01 01:19:55,935 - quality_tracker - INFO -   total_runs: 1
2025-11-01 01:19:55,935 - quality_tracker - INFO -   passed_threshold: 1
2025-11-01 01:19:55,935 - quality_tracker - INFO -   failed_threshold: 0
2025-11-01 01:19:55,935 - quality_tracker - INFO -   pass_rate: 100.0%
2025-11-01 01:19:55,935 - quality_tracker - INFO - 
Recent trend (last 1 runs):
2025-11-01 01:19:55,935 - quality_tracker - INFO -   Pass rate: 100.0%
2025-11-01 01:19:55,935 - quality_tracker - INFO - 
2025-11-01 01:19:55,935 - quality_tracker - INFO - ------------------------------------------------------------
2025-11-01 01:19:55,935 - quality_tracker - INFO -   Stage: EXTENDED
2025-11-01 01:19:55,935 - quality_tracker - INFO - ------------------------------------------------------------
2025-11-01 01:19:55,935 - quality_tracker - INFO - Summary:
2025-11-01 01:19:55,935 - quality_tracker - INFO -   total_runs: 1
2025-11-01 01:19:55,935 - quality_tracker - INFO -   passed_threshold: 1
2025-11-01 01:19:55,935 - quality_tracker - INFO -   failed_threshold: 0
2025-11-01 01:19:55,935 - quality_tracker - INFO -   pass_rate: 100.0%
2025-11-01 01:19:55,935 - quality_tracker - INFO - 
Recent trend (last 1 runs):
2025-11-01 01:19:55,935 - quality_tracker - INFO -   Pass rate: 100.0%
2025-11-01 01:19:55,935 - quality_tracker - INFO - 
2025-11-01 01:19:55,935 - quality_tracker - INFO - ------------------------------------------------------------
2025-11-01 01:19:55,935 - quality_tracker - INFO -   Stage: FINALIZE
2025-11-01 01:19:55,935 - quality_tracker - INFO - ------------------------------------------------------------
2025-11-01 01:19:55,935 - quality_tracker - INFO - Summary:
2025-11-01 01:19:55,935 - quality_tracker - INFO -   total_runs: 1
2025-11-01 01:19:55,935 - quality_tracker - INFO -   passed_threshold: 1
2025-11-01 01:19:55,935 - quality_tracker - INFO -   failed_threshold: 0
2025-11-01 01:19:55,935 - quality_tracker - INFO -   pass_rate: 100.0%
2025-11-01 01:19:55,935 - quality_tracker - INFO - 
Recent trend (last 1 runs):
2025-11-01 01:19:55,935 - quality_tracker - INFO -   Pass rate: 100.0%
2025-11-01 01:19:55,935 - quality_tracker - INFO - 
2025-11-01 01:19:55,935 - quality_tracker - INFO - ------------------------------------------------------------
2025-11-01 01:19:55,935 - quality_tracker - INFO -   Stage: CHUNK
2025-11-01 01:19:55,935 - quality_tracker - INFO - ------------------------------------------------------------
2025-11-01 01:19:55,935 - quality_tracker - INFO - Summary:
2025-11-01 01:19:55,936 - quality_tracker - INFO -   total_runs: 1
2025-11-01 01:19:55,936 - quality_tracker - INFO -   passed_threshold: 1
2025-11-01 01:19:55,936 - quality_tracker - INFO -   failed_threshold: 0
2025-11-01 01:19:55,936 - quality_tracker - INFO -   pass_rate: 100.0%
2025-11-01 01:19:55,936 - quality_tracker - INFO - 
Recent trend (last 1 runs):
2025-11-01 01:19:55,936 - quality_tracker - INFO -   Pass rate: 100.0%
2025-11-01 01:19:55,936 - quality_tracker - INFO - 
2025-11-01 01:19:55,936 - quality_tracker - INFO - ------------------------------------------------------------
2025-11-01 01:19:55,936 - quality_tracker - INFO -   Stage: EMBED
2025-11-01 01:19:55,936 - quality_tracker - INFO - ------------------------------------------------------------
2025-11-01 01:19:55,936 - quality_tracker - INFO - Summary:
2025-11-01 01:19:55,936 - quality_tracker - INFO -   total_runs: 1
2025-11-01 01:19:55,936 - quality_tracker - INFO -   passed_threshold: 1
2025-11-01 01:19:55,936 - quality_tracker - INFO -   failed_threshold: 0
2025-11-01 01:19:55,936 - quality_tracker - INFO -   pass_rate: 100.0%
2025-11-01 01:19:55,936 - quality_tracker - INFO - 
Recent trend (last 1 runs):
2025-11-01 01:19:55,936 - quality_tracker - INFO -   Pass rate: 100.0%
2025-11-01 01:19:55,936 - quality_tracker - INFO - 
2025-11-01 01:19:55,936 - quality_tracker - INFO - ------------------------------------------------------------
2025-11-01 01:19:55,936 - quality_tracker - INFO -   PERFORMANCE SUMMARY
2025-11-01 01:19:55,936 - quality_tracker - INFO - ------------------------------------------------------------
2025-11-01 01:19:55,936 - quality_tracker - INFO - track_quality:
2025-11-01 01:19:55,936 - quality_tracker - INFO -   Count: 7, Avg: 0.00s
2025-11-01 01:19:55,936 - quality_tracker - INFO - run_single_pipeline:
2025-11-01 01:19:55,936 - quality_tracker - INFO -   Count: 1, Avg: 169.04s
2025-11-01 01:19:55,936 - __main__ - INFO - 
2025-11-01 01:19:55,936 - validate - INFO - ============================================================
2025-11-01 01:19:55,936 - validate - INFO -   Validation Summary
2025-11-01 01:19:55,936 - validate - INFO - ============================================================
2025-11-01 01:19:55,936 - validate - INFO - Overall Results:
2025-11-01 01:19:55,936 - validate - INFO -   total_datasets: 2
2025-11-01 01:19:55,937 - validate - INFO -   valid_datasets: 1
2025-11-01 01:19:55,937 - validate - INFO -   invalid_datasets: 1
2025-11-01 01:19:55,937 - validate - INFO -   total_errors: 2
2025-11-01 01:19:55,937 - validate - INFO -   total_warnings: 406
2025-11-01 01:19:55,937 - validate - INFO -   success_rate: 0.5000
2025-11-01 01:19:55,937 - validate - INFO -   timestamp: 2025-10-31T22:19:55.936852
2025-11-01 01:19:55,937 - validate - INFO - 
Per-dataset results:
2025-11-01 01:19:55,937 - validate - INFO--- Logging error ---
Traceback (most recent call last):
  File "C:\Users\Dimon\AppData\Local\Programs\Python\Python313\Lib\logging\__init__.py", line 1154, in emit
    stream.write(msg + self.terminator)
    ~~~~~~~~~~~~^^^^^^^^^^^^^^^^^^^^^^^
  File "C:\Users\Dimon\AppData\Local\Programs\Python\Python313\Lib\site-packages\colorama\ansitowin32.py", line 47, in write
    self.__convertor.write(text)
    ~~~~~~~~~~~~~~~~~~~~~~^^^^^^
  File "C:\Users\Dimon\AppData\Local\Programs\Python\Python313\Lib\site-packages\colorama\ansitowin32.py", line 177, in write
    self.write_and_convert(text)
    ~~~~~~~~~~~~~~~~~~~~~~^^^^^^
  File "C:\Users\Dimon\AppData\Local\Programs\Python\Python313\Lib\site-packages\colorama\ansitowin32.py", line 205, in write_and_convert
    self.write_plain_text(text, cursor, len(text))
    ~~~~~~~~~~~~~~~~~~~~~^^^^^^^^^^^^^^^^^^^^^^^^^
  File "C:\Users\Dimon\AppData\Local\Programs\Python\Python313\Lib\site-packages\colorama\ansitowin32.py", line 210, in write_plain_text
    self.wrapped.write(text[start:end])
    ~~~~~~~~~~~~~~~~~~^^^^^^^^^^^^^^^^^
  File "C:\Users\Dimon\AppData\Local\Programs\Python\Python313\Lib\encodings\cp1251.py", line 19, in encode
    return codecs.charmap_encode(input,self.errors,encoding_table)[0]
           ~~~~~~~~~~~~~~~~~~~~~^^^^^^^^^^^^^^^^^^^^^^^^^^^^^^^^^^
UnicodeEncodeError: 'charmap' codec can't encode character '\u2705' in position 5: character maps to <undefined>
Call stack:
  File "C:\scripts\1repo\run_mvp.py", line 680, in <module>
    main()
  File "C:\scripts\1repo\run_mvp.py", line 660, in main
    orchestrator.generate_reports()
  File "C:\scripts\1repo\run_mvp.py", line 522, in generate_reports
    self.validator.print_summary()
  File "C:\scripts\1repo\validate.py", line 784, in print_summary
    self.report.print_summary()
  File "C:\scripts\1repo\validate.py", line 644, in print_summary
    logger.info(f"  {status} - {dataset} (errors: {errors}, warnings: {warnings})")
Message: '  \u2705 VALID - data-science-for-business.dataset.jsonl (errors: 0, warnings: 14)'
Arguments: ()
2025-11-01 01:19:55,938 - validate - INFO--- Logging error ---
Traceback (most recent call last):
  File "C:\Users\Dimon\AppData\Local\Programs\Python\Python313\Lib\logging\__init__.py", line 1154, in emit
    stream.write(msg + self.terminator)
    ~~~~~~~~~~~~^^^^^^^^^^^^^^^^^^^^^^^
  File "C:\Users\Dimon\AppData\Local\Programs\Python\Python313\Lib\site-packages\colorama\ansitowin32.py", line 47, in write
    self.__convertor.write(text)
    ~~~~~~~~~~~~~~~~~~~~~~^^^^^^
  File "C:\Users\Dimon\AppData\Local\Programs\Python\Python313\Lib\site-packages\colorama\ansitowin32.py", line 177, in write
    self.write_and_convert(text)
    ~~~~~~~~~~~~~~~~~~~~~~^^^^^^
  File "C:\Users\Dimon\AppData\Local\Programs\Python\Python313\Lib\site-packages\colorama\ansitowin32.py", line 205, in write_and_convert
    self.write_plain_text(text, cursor, len(text))
    ~~~~~~~~~~~~~~~~~~~~~^^^^^^^^^^^^^^^^^^^^^^^^^
  File "C:\Users\Dimon\AppData\Local\Programs\Python\Python313\Lib\site-packages\colorama\ansitowin32.py", line 210, in write_plain_text
    self.wrapped.write(text[start:end])
    ~~~~~~~~~~~~~~~~~~^^^^^^^^^^^^^^^^^
  File "C:\Users\Dimon\AppData\Local\Programs\Python\Python313\Lib\encodings\cp1251.py", line 19, in encode
    return codecs.charmap_encode(input,self.errors,encoding_table)[0]
           ~~~~~~~~~~~~~~~~~~~~~^^^^^^^^^^^^^^^^^^^^^^^^^^^^^^^^^^
UnicodeEncodeError: 'charmap' codec can't encode character '\u274c' in position 5: character maps to <undefined>
Call stack:
  File "C:\scripts\1repo\run_mvp.py", line 680, in <module>
    main()
  File "C:\scripts\1repo\run_mvp.py", line 660, in main
    orchestrator.generate_reports()
  File "C:\scripts\1repo\run_mvp.py", line 522, in generate_reports
    self.validator.print_summary()
  File "C:\scripts\1repo\validate.py", line 784, in print_summary
    self.report.print_summary()
  File "C:\scripts\1repo\validate.py", line 644, in print_summary
    logger.info(f"  {status} - {dataset} (errors: {errors}, warnings: {warnings})")
Message: '  \u274c INVALID - data-science-for-business.dataset.jsonl (errors: 2, warnings: 392)'
Arguments: ()
2025-11-01 01:19:55,938 - __main__ - INFO - ============================================================
2025-11-01 01:19:55,938 - __main__ - INFO--- Logging error ---
Traceback (most recent call last):
  File "C:\Users\Dimon\AppData\Local\Programs\Python\Python313\Lib\logging\__init__.py", line 1154, in emit
    stream.write(msg + self.terminator)
    ~~~~~~~~~~~~^^^^^^^^^^^^^^^^^^^^^^^
  File "C:\Users\Dimon\AppData\Local\Programs\Python\Python313\Lib\site-packages\colorama\ansitowin32.py", line 47, in write
    self.__convertor.write(text)
    ~~~~~~~~~~~~~~~~~~~~~~^^^^^^
  File "C:\Users\Dimon\AppData\Local\Programs\Python\Python313\Lib\site-packages\colorama\ansitowin32.py", line 177, in write
    self.write_and_convert(text)
    ~~~~~~~~~~~~~~~~~~~~~~^^^^^^
  File "C:\Users\Dimon\AppData\Local\Programs\Python\Python313\Lib\site-packages\colorama\ansitowin32.py", line 205, in write_and_convert
    self.write_plain_text(text, cursor, len(text))
    ~~~~~~~~~~~~~~~~~~~~~^^^^^^^^^^^^^^^^^^^^^^^^^
  File "C:\Users\Dimon\AppData\Local\Programs\Python\Python313\Lib\site-packages\colorama\ansitowin32.py", line 210, in write_plain_text
    self.wrapped.write(text[start:end])
    ~~~~~~~~~~~~~~~~~~^^^^^^^^^^^^^^^^^
  File "C:\Users\Dimon\AppData\Local\Programs\Python\Python313\Lib\encodings\cp1251.py", line 19, in encode
    return codecs.charmap_encode(input,self.errors,encoding_table)[0]
           ~~~~~~~~~~~~~~~~~~~~~^^^^^^^^^^^^^^^^^^^^^^^^^^^^^^^^^^
UnicodeEncodeError: 'charmap' codec can't encode character '\u2705' in position 5: character maps to <undefined>
Call stack:
  File "C:\scripts\1repo\run_mvp.py", line 680, in <module>
    main()
  File "C:\scripts\1repo\run_mvp.py", line 667, in main
    log_section(logger, "\u2705 PIPELINE COMPLETED SUCCESSFULLY", "INFO")
  File "C:\scripts\1repo\am_logging.py", line 588, in log_section
    log_func(f"  {title}")
Message: '  \u2705 PIPELINE COMPLETED SUCCESSFULLY'
Arguments: ()
2025-11-01 01:19:55,939 - __main__ - INFO - ============================================================
