[WARN] OCR not available
2025-11-01 01:23:49,847 - faiss.loader - INFO - Loading faiss with AVX512 support.
2025-11-01 01:23:49,847 - faiss.loader - INFO - Could not load library with AVX512 support due to:
ModuleNotFoundError("No module named 'faiss.swigfaiss_avx512'")
2025-11-01 01:23:49,847 - faiss.loader - INFO - Loading faiss with AVX2 support.
2025-11-01 01:23:49,858 - faiss.loader - INFO - Successfully loaded faiss with AVX2 support.
2025-11-01 01:23:49,862 - am_common - INFO - Loading config: config\batch_full.yaml
2025-11-01 01:23:49,876 - am_common - INFO - Config loaded successfully
2025-11-01 01:23:49,883 - quality_tracker - INFO - Quality tracker initialized: C:\scripts\1repo\data\quality
2025-11-01 01:23:49,884 - __main__ - INFO - ============================================================
2025-11-01 01:23:49,884 - __main__ - INFO--- Logging error ---
Traceback (most recent call last):
  File "C:\Users\Dimon\AppData\Local\Programs\Python\Python313\Lib\logging\__init__.py", line 1154, in emit
    stream.write(msg + self.terminator)
    ~~~~~~~~~~~~^^^^^^^^^^^^^^^^^^^^^^^
  File "C:\Users\Dimon\AppData\Local\Programs\Python\Python313\Lib\site-packages\colorama\ansitowin32.py", line 47, in write
    self.__convertor.write(text)
    ~~~~~~~~~~~~~~~~~~~~~~^^^^^^
  File "C:\Users\Dimon\AppData\Local\Programs\Python\Python313\Lib\site-packages\colorama\ansitowin32.py", line 177, in write
    self.write_and_convert(text)
    ~~~~~~~~~~~~~~~~~~~~~~^^^^^^
  File "C:\Users\Dimon\AppData\Local\Programs\Python\Python313\Lib\site-packages\colorama\ansitowin32.py", line 205, in write_and_convert
    self.write_plain_text(text, cursor, len(text))
    ~~~~~~~~~~~~~~~~~~~~~^^^^^^^^^^^^^^^^^^^^^^^^^
  File "C:\Users\Dimon\AppData\Local\Programs\Python\Python313\Lib\site-packages\colorama\ansitowin32.py", line 210, in write_plain_text
    self.wrapped.write(text[start:end])
    ~~~~~~~~~~~~~~~~~~^^^^^^^^^^^^^^^^^
  File "C:\Users\Dimon\AppData\Local\Programs\Python\Python313\Lib\encodings\cp1251.py", line 19, in encode
    return codecs.charmap_encode(input,self.errors,encoding_table)[0]
           ~~~~~~~~~~~~~~~~~~~~~^^^^^^^^^^^^^^^^^^^^^^^^^^^^^^^^^^
UnicodeEncodeError: 'charmap' codec can't encode character '\U0001f680' in position 5: character maps to <undefined>
Call stack:
  File "C:\scripts\1repo\run_mvp.py", line 680, in <module>
    main()
  File "C:\scripts\1repo\run_mvp.py", line 605, in main
    orchestrator = PipelineOrchestrator(
  File "C:\scripts\1repo\run_mvp.py", line 136, in __init__
    log_section(logger, f"\U0001f680 {PRODUCT_NAME} {VERSION}", "INFO")
  File "C:\scripts\1repo\am_logging.py", line 588, in log_section
    log_func(f"  {title}")
Message: '  \U0001f680 archivist magika 2.0.0'
Arguments: ()
2025-11-01 01:23:49,886 - __main__ - INFO - ============================================================
2025-11-01 01:23:49,886 - __main__ - INFO - Quality check: enabled
2025-11-01 01:23:49,886 - __main__ - INFO - Validation: enabled
2025-11-01 01:23:49,886 - __main__ - INFO - Dry run: no
2025-11-01 01:23:49,886 - __main__ - INFO - Starting: run_single_pipeline
2025-11-01 01:23:49,886 - __main__ - INFO - Processing: Hooked-How-to-Build-Habit-Forming-Products.pdf
2025-11-01 01:23:49,886 - __main__ - INFO--- Logging error ---
Traceback (most recent call last):
  File "C:\Users\Dimon\AppData\Local\Programs\Python\Python313\Lib\logging\__init__.py", line 1154, in emit
    stream.write(msg + self.terminator)
    ~~~~~~~~~~~~^^^^^^^^^^^^^^^^^^^^^^^
  File "C:\Users\Dimon\AppData\Local\Programs\Python\Python313\Lib\site-packages\colorama\ansitowin32.py", line 47, in write
    self.__convertor.write(text)
    ~~~~~~~~~~~~~~~~~~~~~~^^^^^^
  File "C:\Users\Dimon\AppData\Local\Programs\Python\Python313\Lib\site-packages\colorama\ansitowin32.py", line 177, in write
    self.write_and_convert(text)
    ~~~~~~~~~~~~~~~~~~~~~~^^^^^^
  File "C:\Users\Dimon\AppData\Local\Programs\Python\Python313\Lib\site-packages\colorama\ansitowin32.py", line 205, in write_and_convert
    self.write_plain_text(text, cursor, len(text))
    ~~~~~~~~~~~~~~~~~~~~~^^^^^^^^^^^^^^^^^^^^^^^^^
  File "C:\Users\Dimon\AppData\Local\Programs\Python\Python313\Lib\site-packages\colorama\ansitowin32.py", line 210, in write_plain_text
    self.wrapped.write(text[start:end])
    ~~~~~~~~~~~~~~~~~~^^^^^^^^^^^^^^^^^
  File "C:\Users\Dimon\AppData\Local\Programs\Python\Python313\Lib\encodings\cp1251.py", line 19, in encode
    return codecs.charmap_encode(input,self.errors,encoding_table)[0]
           ~~~~~~~~~~~~~~~~~~~~~^^^^^^^^^^^^^^^^^^^^^^^^^^^^^^^^^^
UnicodeEncodeError: 'charmap' codec can't encode character '\u2192' in position 24: character maps to <undefined>
Call stack:
  File "C:\scripts\1repo\run_mvp.py", line 680, in <module>
    main()
  File "C:\scripts\1repo\run_mvp.py", line 652, in main
    results = orchestrator.run_single(
  File "C:\scripts\1repo\run_mvp.py", line 196, in run_single
    logger.info(f"Pipeline: {start_stage} \u2192 {end_stage}")
Message: 'Pipeline: structural \u2192 embed'
Arguments: ()
2025-11-01 01:23:49,887 - __main__ - INFO--- Logging error ---
Traceback (most recent call last):
  File "C:\Users\Dimon\AppData\Local\Programs\Python\Python313\Lib\logging\__init__.py", line 1154, in emit
    stream.write(msg + self.terminator)
    ~~~~~~~~~~~~^^^^^^^^^^^^^^^^^^^^^^^
  File "C:\Users\Dimon\AppData\Local\Programs\Python\Python313\Lib\site-packages\colorama\ansitowin32.py", line 47, in write
    self.__convertor.write(text)
    ~~~~~~~~~~~~~~~~~~~~~~^^^^^^
  File "C:\Users\Dimon\AppData\Local\Programs\Python\Python313\Lib\site-packages\colorama\ansitowin32.py", line 177, in write
    self.write_and_convert(text)
    ~~~~~~~~~~~~~~~~~~~~~~^^^^^^
  File "C:\Users\Dimon\AppData\Local\Programs\Python\Python313\Lib\site-packages\colorama\ansitowin32.py", line 205, in write_and_convert
    self.write_plain_text(text, cursor, len(text))
    ~~~~~~~~~~~~~~~~~~~~~^^^^^^^^^^^^^^^^^^^^^^^^^
  File "C:\Users\Dimon\AppData\Local\Programs\Python\Python313\Lib\site-packages\colorama\ansitowin32.py", line 210, in write_plain_text
    self.wrapped.write(text[start:end])
    ~~~~~~~~~~~~~~~~~~^^^^^^^^^^^^^^^^^
  File "C:\Users\Dimon\AppData\Local\Programs\Python\Python313\Lib\encodings\cp1251.py", line 19, in encode
    return codecs.charmap_encode(input,self.errors,encoding_table)[0]
           ~~~~~~~~~~~~~~~~~~~~~^^^^^^^^^^^^^^^^^^^^^^^^^^^^^^^^^^
UnicodeEncodeError: 'charmap' codec can't encode character '\u2192' in position 22: character maps to <undefined>
Call stack:
  File "C:\scripts\1repo\run_mvp.py", line 680, in <module>
    main()
  File "C:\scripts\1repo\run_mvp.py", line 652, in main
    results = orchestrator.run_single(
  File "C:\scripts\1repo\run_mvp.py", line 209, in run_single
    logger.info(f"Stages: {' \u2192 '.join(stages)}")
Message: 'Stages: structural \u2192 structure_detect \u2192 summarize \u2192 extended \u2192 finalize \u2192 chunk \u2192 embed'
Arguments: ()
2025-11-01 01:23:49,887 - __main__ - INFO - ============================================================
2025-11-01 01:23:49,887 - __main__ - INFO--- Logging error ---
Traceback (most recent call last):
  File "C:\Users\Dimon\AppData\Local\Programs\Python\Python313\Lib\logging\__init__.py", line 1154, in emit
    stream.write(msg + self.terminator)
    ~~~~~~~~~~~~^^^^^^^^^^^^^^^^^^^^^^^
  File "C:\Users\Dimon\AppData\Local\Programs\Python\Python313\Lib\site-packages\colorama\ansitowin32.py", line 47, in write
    self.__convertor.write(text)
    ~~~~~~~~~~~~~~~~~~~~~~^^^^^^
  File "C:\Users\Dimon\AppData\Local\Programs\Python\Python313\Lib\site-packages\colorama\ansitowin32.py", line 177, in write
    self.write_and_convert(text)
    ~~~~~~~~~~~~~~~~~~~~~~^^^^^^
  File "C:\Users\Dimon\AppData\Local\Programs\Python\Python313\Lib\site-packages\colorama\ansitowin32.py", line 205, in write_and_convert
    self.write_plain_text(text, cursor, len(text))
    ~~~~~~~~~~~~~~~~~~~~~^^^^^^^^^^^^^^^^^^^^^^^^^
  File "C:\Users\Dimon\AppData\Local\Programs\Python\Python313\Lib\site-packages\colorama\ansitowin32.py", line 210, in write_plain_text
    self.wrapped.write(text[start:end])
    ~~~~~~~~~~~~~~~~~~^^^^^^^^^^^^^^^^^
  File "C:\Users\Dimon\AppData\Local\Programs\Python\Python313\Lib\encodings\cp1251.py", line 19, in encode
    return codecs.charmap_encode(input,self.errors,encoding_table)[0]
           ~~~~~~~~~~~~~~~~~~~~~^^^^^^^^^^^^^^^^^^^^^^^^^^^^^^^^^^
UnicodeEncodeError: 'charmap' codec can't encode character '\U0001f4c4' in position 5: character maps to <undefined>
Call stack:
  File "C:\scripts\1repo\run_mvp.py", line 680, in <module>
    main()
  File "C:\scripts\1repo\run_mvp.py", line 652, in main
    results = orchestrator.run_single(
  File "C:\scripts\1repo\run_mvp.py", line 222, in run_single
    log_stage(logger, stage, "Starting")
  File "C:\scripts\1repo\am_logging.py", line 613, in log_stage
    log_section(logger, f"{emoji} {action}: {stage.upper()}", "INFO")
  File "C:\scripts\1repo\am_logging.py", line 588, in log_section
    log_func(f"  {title}")
Message: '  \U0001f4c4 Starting: STRUCTURAL'
Arguments: ()
2025-11-01 01:23:49,888 - __main__ - INFO - ============================================================
2025-11-01 01:23:49,888 - am_common - INFO - Loading config: config\batch_full.yaml
2025-11-01 01:23:49,902 - am_common - INFO - Config loaded successfully
2025-11-01 01:23:49,903 - am_structural_robust - INFO - Text extractor chain: ['pdfminer', 'pdfplumber', 'pypdf2']
2025-11-01 01:23:49,903 - am_structural_robust - INFO - Table extractor chain: ['pdfplumber']
2025-11-01 01:23:49,903 - am_structural_robust - INFO - Processing: Hooked-How-to-Build-Habit-Forming-Products.pdf
2025-11-01 01:23:49,946 - am_structural_robust - INFO - PDF: Hooked
2025-11-01 01:23:49,977 - am_structural_robust - INFO - Total pages: 180
2025-11-01 01:23:50,048 - am_structural_robust - ERROR - [X] Page 0: All extractors failed
2025-11-01 01:23:50,149 - am_structural_robust - ERROR - [X] Page 1: All extractors failed
2025-11-01 01:23:50,473 - am_structural_robust - ERROR - [X] Page 4: All extractors failed
2025-11-01 01:23:54,962 - am_structural_robust - ERROR - [X] Page 30: All extractors failed
2025-11-01 01:23:57,510 - am_structural_robust - ERROR - [X] Page 46: All extractors failed
2025-11-01 01:23:58,124 - am_structural_robust - INFO -   Processed 50/180 pages
2025-11-01 01:24:01,377 - am_structural_robust - ERROR - [X] Page 73: All extractors failed
2025-11-01 01:24:05,620 - am_structural_robust - INFO -   Processed 100/180 pages
2025-11-01 01:24:06,258 - am_structural_robust - ERROR - [X] Page 103: All extractors failed
2025-11-01 01:24:13,868 - am_structural_robust - INFO -   Processed 150/180 pages
2025-11-01 01:24:18,785 - am_structural_robust - ERROR - [X] Page 179: All extractors failed
2025-11-01 01:24:18,815 - am_structural_robust - INFO - Extraction complete: 180 success, 0 failed
2025-11-01 01:24:18,816 - am_structural_robust - INFO -   Methods used: {'pdfminer': 171, 'pypdf2': 1}
2025-11-01 01:24:18,816 - am_structural_robust - INFO -   OCR used: 0 pages
2025-11-01 01:24:18,816 - am_structural_robust - INFO -   Tables found: 0
2025-11-01 01:24:18,821 - am_common - INFO - Saving dataset: C:\scripts\1repo\data\datasets\structural\hooked-how-to-build-habit-forming-products.dataset.jsonl (180 cards)
2025-11-01 01:24:18,824 - am_common - INFO - Saved: 180 cards to hooked-how-to-build-habit-forming-products.dataset.jsonl (313.99 KB)
2025-11-01 01:24:18,824 - am_structural_robust - INFO - Dataset saved: 313.99 KB
2025-11-01 01:24:18,824 - quality_tracker - INFO - Starting: track_quality
2025-11-01 01:24:18,825 - quality_tracker - INFO - structural metrics:
2025-11-01 01:24:18,825 - quality_tracker - INFO -   total_pages: 180
2025-11-01 01:24:18,825 - quality_tracker - INFO -   success_pages: 180
2025-11-01 01:24:18,825 - quality_tracker - INFO -   failed_pages: 0
2025-11-01 01:24:18,825 - quality_tracker - INFO -   success_ratio: 1.0000
2025-11-01 01:24:18,825 - quality_tracker - INFO -   empty_pages: 9
2025-11-01 01:24:18,825 - quality_tracker - INFO -   avg_page_length: 1533.2556
2025-11-01 01:24:18,825 - quality_tracker - INFO -   extraction_methods: {'pdfminer': 171, 'pypdf2': 1}
2025-11-01 01:24:18,825 - quality_tracker - INFO -   ocr_used: 0
2025-11-01 01:24:18,825 - quality_tracker - INFO -   tables_found: 0
2025-11-01 01:24:18,825 - quality_tracker - INFO--- Logging error ---
Traceback (most recent call last):
  File "C:\Users\Dimon\AppData\Local\Programs\Python\Python313\Lib\logging\__init__.py", line 1154, in emit
    stream.write(msg + self.terminator)
    ~~~~~~~~~~~~^^^^^^^^^^^^^^^^^^^^^^^
  File "C:\Users\Dimon\AppData\Local\Programs\Python\Python313\Lib\site-packages\colorama\ansitowin32.py", line 47, in write
    self.__convertor.write(text)
    ~~~~~~~~~~~~~~~~~~~~~~^^^^^^
  File "C:\Users\Dimon\AppData\Local\Programs\Python\Python313\Lib\site-packages\colorama\ansitowin32.py", line 177, in write
    self.write_and_convert(text)
    ~~~~~~~~~~~~~~~~~~~~~~^^^^^^
  File "C:\Users\Dimon\AppData\Local\Programs\Python\Python313\Lib\site-packages\colorama\ansitowin32.py", line 205, in write_and_convert
    self.write_plain_text(text, cursor, len(text))
    ~~~~~~~~~~~~~~~~~~~~~^^^^^^^^^^^^^^^^^^^^^^^^^
  File "C:\Users\Dimon\AppData\Local\Programs\Python\Python313\Lib\site-packages\colorama\ansitowin32.py", line 210, in write_plain_text
    self.wrapped.write(text[start:end])
    ~~~~~~~~~~~~~~~~~~^^^^^^^^^^^^^^^^^
  File "C:\Users\Dimon\AppData\Local\Programs\Python\Python313\Lib\encodings\cp1251.py", line 19, in encode
    return codecs.charmap_encode(input,self.errors,encoding_table)[0]
           ~~~~~~~~~~~~~~~~~~~~~^^^^^^^^^^^^^^^^^^^^^^^^^^^^^^^^^^
UnicodeEncodeError: 'charmap' codec can't encode character '\u2713' in position 3: character maps to <undefined>
Call stack:
  File "C:\scripts\1repo\run_mvp.py", line 680, in <module>
    main()
  File "C:\scripts\1repo\run_mvp.py", line 652, in main
    results = orchestrator.run_single(
  File "C:\scripts\1repo\run_mvp.py", line 226, in run_single
    stage_result = self._run_stage(stage, current_input)
  File "C:\scripts\1repo\run_mvp.py", line 409, in _run_stage
    return processor.process_pdf(input_path, output_dir)
  File "C:\scripts\1repo\am_structural_robust.py", line 569, in process_pdf
    self.quality_tracker.track('structural', pdf_path.name, metrics)
  File "C:\scripts\1repo\quality_tracker.py", line 171, in track
    logger.info(f"\u2713 Quality thresholds passed for {stage}")
Message: '\u2713 Quality thresholds passed for structural'
Arguments: ()
2025-11-01 01:24:18,830 - quality_tracker - INFO - Completed: track_quality (0.01s)
2025-11-01 01:24:18,830 - am_structural_robust - INFO - [OK] Saved: hooked-how-to-build-habit-forming-products.dataset.jsonl
2025-11-01 01:24:18,830 - validate - INFO - Validating structural: hooked-how-to-build-habit-forming-products.dataset.jsonl
2025-11-01 01:24:18,830 - am_common - INFO - Loading dataset: C:\scripts\1repo\data\datasets\structural\hooked-how-to-build-habit-forming-products.dataset.jsonl
2025-11-01 01:24:18,843 - am_common - INFO - Loaded: 180 cards from hooked-how-to-build-habit-forming-products.dataset.jsonl
2025-11-01 01:24:18,844 - validate - INFO - [OK] VALID - hooked-how-to-build-habit-forming-products.dataset.jsonl
2025-11-01 01:24:18,844 - __main__ - INFO - ============================================================
2025-11-01 01:24:18,844 - __main__ - INFO--- Logging error ---
Traceback (most recent call last):
  File "C:\Users\Dimon\AppData\Local\Programs\Python\Python313\Lib\logging\__init__.py", line 1154, in emit
    stream.write(msg + self.terminator)
    ~~~~~~~~~~~~^^^^^^^^^^^^^^^^^^^^^^^
  File "C:\Users\Dimon\AppData\Local\Programs\Python\Python313\Lib\site-packages\colorama\ansitowin32.py", line 47, in write
    self.__convertor.write(text)
    ~~~~~~~~~~~~~~~~~~~~~~^^^^^^
  File "C:\Users\Dimon\AppData\Local\Programs\Python\Python313\Lib\site-packages\colorama\ansitowin32.py", line 177, in write
    self.write_and_convert(text)
    ~~~~~~~~~~~~~~~~~~~~~~^^^^^^
  File "C:\Users\Dimon\AppData\Local\Programs\Python\Python313\Lib\site-packages\colorama\ansitowin32.py", line 205, in write_and_convert
    self.write_plain_text(text, cursor, len(text))
    ~~~~~~~~~~~~~~~~~~~~~^^^^^^^^^^^^^^^^^^^^^^^^^
  File "C:\Users\Dimon\AppData\Local\Programs\Python\Python313\Lib\site-packages\colorama\ansitowin32.py", line 210, in write_plain_text
    self.wrapped.write(text[start:end])
    ~~~~~~~~~~~~~~~~~~^^^^^^^^^^^^^^^^^
  File "C:\Users\Dimon\AppData\Local\Programs\Python\Python313\Lib\encodings\cp1251.py", line 19, in encode
    return codecs.charmap_encode(input,self.errors,encoding_table)[0]
           ~~~~~~~~~~~~~~~~~~~~~^^^^^^^^^^^^^^^^^^^^^^^^^^^^^^^^^^
UnicodeEncodeError: 'charmap' codec can't encode character '\U0001f4c4' in position 5: character maps to <undefined>
Call stack:
  File "C:\scripts\1repo\run_mvp.py", line 680, in <module>
    main()
  File "C:\scripts\1repo\run_mvp.py", line 652, in main
    results = orchestrator.run_single(
  File "C:\scripts\1repo\run_mvp.py", line 253, in run_single
    log_stage(logger, stage, "Completed")
  File "C:\scripts\1repo\am_logging.py", line 613, in log_stage
    log_section(logger, f"{emoji} {action}: {stage.upper()}", "INFO")
  File "C:\scripts\1repo\am_logging.py", line 588, in log_section
    log_func(f"  {title}")
Message: '  \U0001f4c4 Completed: STRUCTURAL'
Arguments: ()
2025-11-01 01:24:18,844 - __main__ - INFO - ============================================================
2025-11-01 01:24:18,845 - __main__ - INFO - ============================================================
2025-11-01 01:24:18,845 - __main__ - INFO--- Logging error ---
Traceback (most recent call last):
  File "C:\Users\Dimon\AppData\Local\Programs\Python\Python313\Lib\logging\__init__.py", line 1154, in emit
    stream.write(msg + self.terminator)
    ~~~~~~~~~~~~^^^^^^^^^^^^^^^^^^^^^^^
  File "C:\Users\Dimon\AppData\Local\Programs\Python\Python313\Lib\site-packages\colorama\ansitowin32.py", line 47, in write
    self.__convertor.write(text)
    ~~~~~~~~~~~~~~~~~~~~~~^^^^^^
  File "C:\Users\Dimon\AppData\Local\Programs\Python\Python313\Lib\site-packages\colorama\ansitowin32.py", line 177, in write
    self.write_and_convert(text)
    ~~~~~~~~~~~~~~~~~~~~~~^^^^^^
  File "C:\Users\Dimon\AppData\Local\Programs\Python\Python313\Lib\site-packages\colorama\ansitowin32.py", line 205, in write_and_convert
    self.write_plain_text(text, cursor, len(text))
    ~~~~~~~~~~~~~~~~~~~~~^^^^^^^^^^^^^^^^^^^^^^^^^
  File "C:\Users\Dimon\AppData\Local\Programs\Python\Python313\Lib\site-packages\colorama\ansitowin32.py", line 210, in write_plain_text
    self.wrapped.write(text[start:end])
    ~~~~~~~~~~~~~~~~~~^^^^^^^^^^^^^^^^^
  File "C:\Users\Dimon\AppData\Local\Programs\Python\Python313\Lib\encodings\cp1251.py", line 19, in encode
    return codecs.charmap_encode(input,self.errors,encoding_table)[0]
           ~~~~~~~~~~~~~~~~~~~~~^^^^^^^^^^^^^^^^^^^^^^^^^^^^^^^^^^
UnicodeEncodeError: 'charmap' codec can't encode character '\U0001f4d6' in position 5: character maps to <undefined>
Call stack:
  File "C:\scripts\1repo\run_mvp.py", line 680, in <module>
    main()
  File "C:\scripts\1repo\run_mvp.py", line 652, in main
    results = orchestrator.run_single(
  File "C:\scripts\1repo\run_mvp.py", line 222, in run_single
    log_stage(logger, stage, "Starting")
  File "C:\scripts\1repo\am_logging.py", line 613, in log_stage
    log_section(logger, f"{emoji} {action}: {stage.upper()}", "INFO")
  File "C:\scripts\1repo\am_logging.py", line 588, in log_section
    log_func(f"  {title}")
Message: '  \U0001f4d6 Starting: STRUCTURE_DETECT'
Arguments: ()
2025-11-01 01:24:18,845 - __main__ - INFO - ============================================================
2025-11-01 01:24:18,845 - am_common - INFO - Loading config: config\batch_full.yaml
2025-11-01 01:24:18,860 - am_common - INFO - Config loaded successfully
2025-11-01 01:24:18,861 - am_structure_detect - INFO - Processing: hooked-how-to-build-habit-forming-products.dataset.jsonl
2025-11-01 01:24:18,861 - am_common - INFO - Loading dataset: C:\scripts\1repo\data\datasets\structural\hooked-how-to-build-habit-forming-products.dataset.jsonl
2025-11-01 01:24:18,863 - am_common - INFO - Loaded: 180 cards from hooked-how-to-build-habit-forming-products.dataset.jsonl
2025-11-01 01:24:18,863 - am_structure_detect - INFO - TOC found: pages 4-4
2025-11-01 01:24:18,864 - am_structure_detect - INFO - Detected 0 chapters
2025-11-01 01:24:18,865 - am_structure_detect - INFO - Detected 1 sections
2025-11-01 01:24:18,865 - am_common - INFO - Saving dataset: C:\scripts\1repo\data\datasets\structured\hooked-how-to-build-habit-forming-products.dataset.jsonl (180 cards)
2025-11-01 01:24:18,868 - am_common - INFO - Saved: 180 cards to hooked-how-to-build-habit-forming-products.dataset.jsonl (335.72 KB)
2025-11-01 01:24:18,868 - quality_tracker - INFO - Starting: track_quality
2025-11-01 01:24:18,868 - quality_tracker - INFO - structure_detect metrics:
2025-11-01 01:24:18,868 - quality_tracker - INFO -   total_pages: 180
2025-11-01 01:24:18,868 - quality_tracker - INFO -   chapters_detected: 0
2025-11-01 01:24:18,868 - quality_tracker - INFO -   sections_detected: 1
2025-11-01 01:24:18,869 - quality_tracker - INFO -   pages_with_structure: 88
2025-11-01 01:24:18,869 - quality_tracker - INFO -   structure_coverage: 0.4889
2025-11-01 01:24:18,869 - quality_tracker - INFO -   avg_chapter_length: 0
2025-11-01 01:24:18,869 - quality_tracker - INFO--- Logging error ---
Traceback (most recent call last):
  File "C:\Users\Dimon\AppData\Local\Programs\Python\Python313\Lib\logging\__init__.py", line 1154, in emit
    stream.write(msg + self.terminator)
    ~~~~~~~~~~~~^^^^^^^^^^^^^^^^^^^^^^^
  File "C:\Users\Dimon\AppData\Local\Programs\Python\Python313\Lib\site-packages\colorama\ansitowin32.py", line 47, in write
    self.__convertor.write(text)
    ~~~~~~~~~~~~~~~~~~~~~~^^^^^^
  File "C:\Users\Dimon\AppData\Local\Programs\Python\Python313\Lib\site-packages\colorama\ansitowin32.py", line 177, in write
    self.write_and_convert(text)
    ~~~~~~~~~~~~~~~~~~~~~~^^^^^^
  File "C:\Users\Dimon\AppData\Local\Programs\Python\Python313\Lib\site-packages\colorama\ansitowin32.py", line 205, in write_and_convert
    self.write_plain_text(text, cursor, len(text))
    ~~~~~~~~~~~~~~~~~~~~~^^^^^^^^^^^^^^^^^^^^^^^^^
  File "C:\Users\Dimon\AppData\Local\Programs\Python\Python313\Lib\site-packages\colorama\ansitowin32.py", line 210, in write_plain_text
    self.wrapped.write(text[start:end])
    ~~~~~~~~~~~~~~~~~~^^^^^^^^^^^^^^^^^
  File "C:\Users\Dimon\AppData\Local\Programs\Python\Python313\Lib\encodings\cp1251.py", line 19, in encode
    return codecs.charmap_encode(input,self.errors,encoding_table)[0]
           ~~~~~~~~~~~~~~~~~~~~~^^^^^^^^^^^^^^^^^^^^^^^^^^^^^^^^^^
UnicodeEncodeError: 'charmap' codec can't encode character '\u2713' in position 3: character maps to <undefined>
Call stack:
  File "C:\scripts\1repo\run_mvp.py", line 680, in <module>
    main()
  File "C:\scripts\1repo\run_mvp.py", line 652, in main
    results = orchestrator.run_single(
  File "C:\scripts\1repo\run_mvp.py", line 226, in run_single
    stage_result = self._run_stage(stage, current_input)
  File "C:\scripts\1repo\run_mvp.py", line 419, in _run_stage
    return processor.process_dataset(input_path, output_dir)
  File "C:\scripts\1repo\am_structure_detect.py", line 309, in process_dataset
    self.quality_tracker.track('structure_detect', input_path.name, metrics)
  File "C:\scripts\1repo\quality_tracker.py", line 171, in track
    logger.info(f"\u2713 Quality thresholds passed for {stage}")
Message: '\u2713 Quality thresholds passed for structure_detect'
Arguments: ()
2025-11-01 01:24:18,870 - quality_tracker - INFO - Completed: track_quality (0.00s)
2025-11-01 01:24:18,870 - am_structure_detect - INFO - Saved: hooked-how-to-build-habit-forming-products.dataset.jsonl
2025-11-01 01:24:18,870 - __main__ - ERROR - Validation failed: Unknown stage: structure_detect
2025-11-01 01:24:18,870 - __main__ - WARNING - Validation issues: 1 errors
2025-11-01 01:24:18,870 - __main__ - INFO - ============================================================
2025-11-01 01:24:18,870 - __main__ - INFO--- Logging error ---
Traceback (most recent call last):
  File "C:\Users\Dimon\AppData\Local\Programs\Python\Python313\Lib\logging\__init__.py", line 1154, in emit
    stream.write(msg + self.terminator)
    ~~~~~~~~~~~~^^^^^^^^^^^^^^^^^^^^^^^
  File "C:\Users\Dimon\AppData\Local\Programs\Python\Python313\Lib\site-packages\colorama\ansitowin32.py", line 47, in write
    self.__convertor.write(text)
    ~~~~~~~~~~~~~~~~~~~~~~^^^^^^
  File "C:\Users\Dimon\AppData\Local\Programs\Python\Python313\Lib\site-packages\colorama\ansitowin32.py", line 177, in write
    self.write_and_convert(text)
    ~~~~~~~~~~~~~~~~~~~~~~^^^^^^
  File "C:\Users\Dimon\AppData\Local\Programs\Python\Python313\Lib\site-packages\colorama\ansitowin32.py", line 205, in write_and_convert
    self.write_plain_text(text, cursor, len(text))
    ~~~~~~~~~~~~~~~~~~~~~^^^^^^^^^^^^^^^^^^^^^^^^^
  File "C:\Users\Dimon\AppData\Local\Programs\Python\Python313\Lib\site-packages\colorama\ansitowin32.py", line 210, in write_plain_text
    self.wrapped.write(text[start:end])
    ~~~~~~~~~~~~~~~~~~^^^^^^^^^^^^^^^^^
  File "C:\Users\Dimon\AppData\Local\Programs\Python\Python313\Lib\encodings\cp1251.py", line 19, in encode
    return codecs.charmap_encode(input,self.errors,encoding_table)[0]
           ~~~~~~~~~~~~~~~~~~~~~^^^^^^^^^^^^^^^^^^^^^^^^^^^^^^^^^^
UnicodeEncodeError: 'charmap' codec can't encode character '\U0001f4d6' in position 5: character maps to <undefined>
Call stack:
  File "C:\scripts\1repo\run_mvp.py", line 680, in <module>
    main()
  File "C:\scripts\1repo\run_mvp.py", line 652, in main
    results = orchestrator.run_single(
  File "C:\scripts\1repo\run_mvp.py", line 253, in run_single
    log_stage(logger, stage, "Completed")
  File "C:\scripts\1repo\am_logging.py", line 613, in log_stage
    log_section(logger, f"{emoji} {action}: {stage.upper()}", "INFO")
  File "C:\scripts\1repo\am_logging.py", line 588, in log_section
    log_func(f"  {title}")
Message: '  \U0001f4d6 Completed: STRUCTURE_DETECT'
Arguments: ()
2025-11-01 01:24:18,870 - __main__ - INFO - ============================================================
2025-11-01 01:24:18,871 - __main__ - INFO - ============================================================
2025-11-01 01:24:18,871 - __main__ - INFO--- Logging error ---
Traceback (most recent call last):
  File "C:\Users\Dimon\AppData\Local\Programs\Python\Python313\Lib\logging\__init__.py", line 1154, in emit
    stream.write(msg + self.terminator)
    ~~~~~~~~~~~~^^^^^^^^^^^^^^^^^^^^^^^
  File "C:\Users\Dimon\AppData\Local\Programs\Python\Python313\Lib\site-packages\colorama\ansitowin32.py", line 47, in write
    self.__convertor.write(text)
    ~~~~~~~~~~~~~~~~~~~~~~^^^^^^
  File "C:\Users\Dimon\AppData\Local\Programs\Python\Python313\Lib\site-packages\colorama\ansitowin32.py", line 177, in write
    self.write_and_convert(text)
    ~~~~~~~~~~~~~~~~~~~~~~^^^^^^
  File "C:\Users\Dimon\AppData\Local\Programs\Python\Python313\Lib\site-packages\colorama\ansitowin32.py", line 205, in write_and_convert
    self.write_plain_text(text, cursor, len(text))
    ~~~~~~~~~~~~~~~~~~~~~^^^^^^^^^^^^^^^^^^^^^^^^^
  File "C:\Users\Dimon\AppData\Local\Programs\Python\Python313\Lib\site-packages\colorama\ansitowin32.py", line 210, in write_plain_text
    self.wrapped.write(text[start:end])
    ~~~~~~~~~~~~~~~~~~^^^^^^^^^^^^^^^^^
  File "C:\Users\Dimon\AppData\Local\Programs\Python\Python313\Lib\encodings\cp1251.py", line 19, in encode
    return codecs.charmap_encode(input,self.errors,encoding_table)[0]
           ~~~~~~~~~~~~~~~~~~~~~^^^^^^^^^^^^^^^^^^^^^^^^^^^^^^^^^^
UnicodeEncodeError: 'charmap' codec can't encode character '\U0001f4dd' in position 5: character maps to <undefined>
Call stack:
  File "C:\scripts\1repo\run_mvp.py", line 680, in <module>
    main()
  File "C:\scripts\1repo\run_mvp.py", line 652, in main
    results = orchestrator.run_single(
  File "C:\scripts\1repo\run_mvp.py", line 222, in run_single
    log_stage(logger, stage, "Starting")
  File "C:\scripts\1repo\am_logging.py", line 613, in log_stage
    log_section(logger, f"{emoji} {action}: {stage.upper()}", "INFO")
  File "C:\scripts\1repo\am_logging.py", line 588, in log_section
    log_func(f"  {title}")
Message: '  \U0001f4dd Starting: SUMMARIZE'
Arguments: ()
2025-11-01 01:24:18,871 - __main__ - INFO - ============================================================
2025-11-01 01:24:18,871 - am_common - INFO - Loading config: config\batch_full.yaml
2025-11-01 01:24:18,885 - am_common - INFO - Config loaded successfully
2025-11-01 01:24:18,886 - am_summarize - INFO - Processing: hooked-how-to-build-habit-forming-products.dataset.jsonl
2025-11-01 01:24:18,886 - am_common - INFO - Loading dataset: C:\scripts\1repo\data\datasets\structured\hooked-how-to-build-habit-forming-products.dataset.jsonl
2025-11-01 01:24:18,897 - am_common - INFO - Loaded: 180 cards from hooked-how-to-build-habit-forming-products.dataset.jsonl
2025-11-01 01:24:18,989 - am_summarize - INFO - Summarized 171 pages, skipped 9
2025-11-01 01:24:18,990 - am_common - INFO - Saving dataset: C:\scripts\1repo\data\datasets\summarized\hooked-how-to-build-habit-forming-products.dataset.jsonl (180 cards)
2025-11-01 01:24:18,993 - am_common - INFO - Saved: 180 cards to hooked-how-to-build-habit-forming-products.dataset.jsonl (470.42 KB)
2025-11-01 01:24:18,994 - quality_tracker - INFO - Starting: track_quality
2025-11-01 01:24:18,994 - quality_tracker - INFO - summarize metrics:
2025-11-01 01:24:18,994 - quality_tracker - INFO -   total_pages: 180
2025-11-01 01:24:18,994 - quality_tracker - INFO -   summarized_pages: 171
2025-11-01 01:24:18,994 - quality_tracker - INFO -   skipped_pages: 9
2025-11-01 01:24:18,994 - quality_tracker - INFO -   summary_coverage: 0.9500
2025-11-01 01:24:18,994 - quality_tracker - INFO -   avg_l1_length: 226.7953
2025-11-01 01:24:18,994 - quality_tracker - INFO -   avg_l2_length: 528.4678
2025-11-01 01:24:18,994 - quality_tracker - INFO -   avg_compression_ratio: 7.6800
2025-11-01 01:24:18,994 - quality_tracker - INFO--- Logging error ---
Traceback (most recent call last):
  File "C:\Users\Dimon\AppData\Local\Programs\Python\Python313\Lib\logging\__init__.py", line 1154, in emit
    stream.write(msg + self.terminator)
    ~~~~~~~~~~~~^^^^^^^^^^^^^^^^^^^^^^^
  File "C:\Users\Dimon\AppData\Local\Programs\Python\Python313\Lib\site-packages\colorama\ansitowin32.py", line 47, in write
    self.__convertor.write(text)
    ~~~~~~~~~~~~~~~~~~~~~~^^^^^^
  File "C:\Users\Dimon\AppData\Local\Programs\Python\Python313\Lib\site-packages\colorama\ansitowin32.py", line 177, in write
    self.write_and_convert(text)
    ~~~~~~~~~~~~~~~~~~~~~~^^^^^^
  File "C:\Users\Dimon\AppData\Local\Programs\Python\Python313\Lib\site-packages\colorama\ansitowin32.py", line 205, in write_and_convert
    self.write_plain_text(text, cursor, len(text))
    ~~~~~~~~~~~~~~~~~~~~~^^^^^^^^^^^^^^^^^^^^^^^^^
  File "C:\Users\Dimon\AppData\Local\Programs\Python\Python313\Lib\site-packages\colorama\ansitowin32.py", line 210, in write_plain_text
    self.wrapped.write(text[start:end])
    ~~~~~~~~~~~~~~~~~~^^^^^^^^^^^^^^^^^
  File "C:\Users\Dimon\AppData\Local\Programs\Python\Python313\Lib\encodings\cp1251.py", line 19, in encode
    return codecs.charmap_encode(input,self.errors,encoding_table)[0]
           ~~~~~~~~~~~~~~~~~~~~~^^^^^^^^^^^^^^^^^^^^^^^^^^^^^^^^^^
UnicodeEncodeError: 'charmap' codec can't encode character '\u2713' in position 3: character maps to <undefined>
Call stack:
  File "C:\scripts\1repo\run_mvp.py", line 680, in <module>
    main()
  File "C:\scripts\1repo\run_mvp.py", line 652, in main
    results = orchestrator.run_single(
  File "C:\scripts\1repo\run_mvp.py", line 226, in run_single
    stage_result = self._run_stage(stage, current_input)
  File "C:\scripts\1repo\run_mvp.py", line 419, in _run_stage
    return processor.process_dataset(input_path, output_dir)
  File "C:\scripts\1repo\am_summarize.py", line 281, in process_dataset
    self.quality_tracker.track('summarize', input_path.name, metrics)
  File "C:\scripts\1repo\quality_tracker.py", line 171, in track
    logger.info(f"\u2713 Quality thresholds passed for {stage}")
Message: '\u2713 Quality thresholds passed for summarize'
Arguments: ()
2025-11-01 01:24:18,995 - quality_tracker - INFO - Completed: track_quality (0.00s)
2025-11-01 01:24:18,995 - am_summarize - INFO - Saved: hooked-how-to-build-habit-forming-products.dataset.jsonl
2025-11-01 01:24:18,996 - __main__ - ERROR - Validation failed: Unknown stage: summarize
2025-11-01 01:24:18,996 - __main__ - WARNING - Validation issues: 1 errors
2025-11-01 01:24:18,996 - __main__ - INFO - ============================================================
2025-11-01 01:24:18,996 - __main__ - INFO--- Logging error ---
Traceback (most recent call last):
  File "C:\Users\Dimon\AppData\Local\Programs\Python\Python313\Lib\logging\__init__.py", line 1154, in emit
    stream.write(msg + self.terminator)
    ~~~~~~~~~~~~^^^^^^^^^^^^^^^^^^^^^^^
  File "C:\Users\Dimon\AppData\Local\Programs\Python\Python313\Lib\site-packages\colorama\ansitowin32.py", line 47, in write
    self.__convertor.write(text)
    ~~~~~~~~~~~~~~~~~~~~~~^^^^^^
  File "C:\Users\Dimon\AppData\Local\Programs\Python\Python313\Lib\site-packages\colorama\ansitowin32.py", line 177, in write
    self.write_and_convert(text)
    ~~~~~~~~~~~~~~~~~~~~~~^^^^^^
  File "C:\Users\Dimon\AppData\Local\Programs\Python\Python313\Lib\site-packages\colorama\ansitowin32.py", line 205, in write_and_convert
    self.write_plain_text(text, cursor, len(text))
    ~~~~~~~~~~~~~~~~~~~~~^^^^^^^^^^^^^^^^^^^^^^^^^
  File "C:\Users\Dimon\AppData\Local\Programs\Python\Python313\Lib\site-packages\colorama\ansitowin32.py", line 210, in write_plain_text
    self.wrapped.write(text[start:end])
    ~~~~~~~~~~~~~~~~~~^^^^^^^^^^^^^^^^^
  File "C:\Users\Dimon\AppData\Local\Programs\Python\Python313\Lib\encodings\cp1251.py", line 19, in encode
    return codecs.charmap_encode(input,self.errors,encoding_table)[0]
           ~~~~~~~~~~~~~~~~~~~~~^^^^^^^^^^^^^^^^^^^^^^^^^^^^^^^^^^
UnicodeEncodeError: 'charmap' codec can't encode character '\U0001f4dd' in position 5: character maps to <undefined>
Call stack:
  File "C:\scripts\1repo\run_mvp.py", line 680, in <module>
    main()
  File "C:\scripts\1repo\run_mvp.py", line 652, in main
    results = orchestrator.run_single(
  File "C:\scripts\1repo\run_mvp.py", line 253, in run_single
    log_stage(logger, stage, "Completed")
  File "C:\scripts\1repo\am_logging.py", line 613, in log_stage
    log_section(logger, f"{emoji} {action}: {stage.upper()}", "INFO")
  File "C:\scripts\1repo\am_logging.py", line 588, in log_section
    log_func(f"  {title}")
Message: '  \U0001f4dd Completed: SUMMARIZE'
Arguments: ()
2025-11-01 01:24:18,996 - __main__ - INFO - ============================================================
2025-11-01 01:24:18,996 - __main__ - INFO - ============================================================
2025-11-01 01:24:18,996 - __main__ - INFO--- Logging error ---
Traceback (most recent call last):
  File "C:\Users\Dimon\AppData\Local\Programs\Python\Python313\Lib\logging\__init__.py", line 1154, in emit
    stream.write(msg + self.terminator)
    ~~~~~~~~~~~~^^^^^^^^^^^^^^^^^^^^^^^
  File "C:\Users\Dimon\AppData\Local\Programs\Python\Python313\Lib\site-packages\colorama\ansitowin32.py", line 47, in write
    self.__convertor.write(text)
    ~~~~~~~~~~~~~~~~~~~~~~^^^^^^
  File "C:\Users\Dimon\AppData\Local\Programs\Python\Python313\Lib\site-packages\colorama\ansitowin32.py", line 177, in write
    self.write_and_convert(text)
    ~~~~~~~~~~~~~~~~~~~~~~^^^^^^
  File "C:\Users\Dimon\AppData\Local\Programs\Python\Python313\Lib\site-packages\colorama\ansitowin32.py", line 205, in write_and_convert
    self.write_plain_text(text, cursor, len(text))
    ~~~~~~~~~~~~~~~~~~~~~^^^^^^^^^^^^^^^^^^^^^^^^^
  File "C:\Users\Dimon\AppData\Local\Programs\Python\Python313\Lib\site-packages\colorama\ansitowin32.py", line 210, in write_plain_text
    self.wrapped.write(text[start:end])
    ~~~~~~~~~~~~~~~~~~^^^^^^^^^^^^^^^^^
  File "C:\Users\Dimon\AppData\Local\Programs\Python\Python313\Lib\encodings\cp1251.py", line 19, in encode
    return codecs.charmap_encode(input,self.errors,encoding_table)[0]
           ~~~~~~~~~~~~~~~~~~~~~^^^^^^^^^^^^^^^^^^^^^^^^^^^^^^^^^^
UnicodeEncodeError: 'charmap' codec can't encode character '\U0001f916' in position 5: character maps to <undefined>
Call stack:
  File "C:\scripts\1repo\run_mvp.py", line 680, in <module>
    main()
  File "C:\scripts\1repo\run_mvp.py", line 652, in main
    results = orchestrator.run_single(
  File "C:\scripts\1repo\run_mvp.py", line 222, in run_single
    log_stage(logger, stage, "Starting")
  File "C:\scripts\1repo\am_logging.py", line 613, in log_stage
    log_section(logger, f"{emoji} {action}: {stage.upper()}", "INFO")
  File "C:\scripts\1repo\am_logging.py", line 588, in log_section
    log_func(f"  {title}")
Message: '  \U0001f916 Starting: EXTENDED'
Arguments: ()
2025-11-01 01:24:18,997 - __main__ - INFO - ============================================================
2025-11-01 01:24:18,997 - am_common - INFO - Loading config: config\batch_full.yaml
2025-11-01 01:24:19,011 - am_common - INFO - Config loaded successfully
2025-11-01 01:24:19,018 - am_extended - INFO - Ollama available, using model: llama3.2:3b
2025-11-01 01:24:19,018 - am_extended - INFO - Processing: hooked-how-to-build-habit-forming-products.dataset.jsonl
2025-11-01 01:24:19,019 - am_common - INFO - Loading dataset: C:\scripts\1repo\data\datasets\summarized\hooked-how-to-build-habit-forming-products.dataset.jsonl
2025-11-01 01:24:19,031 - am_common - INFO - Loaded: 180 cards from hooked-how-to-build-habit-forming-products.dataset.jsonl
2025-11-01 01:24:19,035 - am_extended - INFO - Marked 0 duplicate pages
2025-11-01 01:24:19,051 - am_extended - INFO - Found 95 continuity gaps
2025-11-01 01:24:19,051 - am_extended - INFO - Extracting extended fields (this may take a while)...
2025-11-01 01:24:19,091 - am_extended - ERROR - Ollama API error: 404
2025-11-01 01:24:19,122 - am_extended - ERROR - Ollama API error: 404
2025-11-01 01:24:19,138 - am_extended - ERROR - Ollama API error: 404
2025-11-01 01:24:19,170 - am_extended - ERROR - Ollama API error: 404
2025-11-01 01:24:19,184 - am_extended - ERROR - Ollama API error: 404
2025-11-01 01:24:19,214 - am_extended - ERROR - Ollama API error: 404
2025-11-01 01:24:19,230 - am_extended - ERROR - Ollama API error: 404
2025-11-01 01:24:19,231 - am_extended - INFO -   Processed 10/180 pages
2025-11-01 01:24:19,246 - am_extended - ERROR - Ollama API error: 404
2025-11-01 01:24:19,262 - am_extended - ERROR - Ollama API error: 404
2025-11-01 01:24:19,277 - am_extended - ERROR - Ollama API error: 404
2025-11-01 01:24:19,309 - am_extended - ERROR - Ollama API error: 404
2025-11-01 01:24:19,324 - am_extended - ERROR - Ollama API error: 404
2025-11-01 01:24:19,355 - am_extended - ERROR - Ollama API error: 404
2025-11-01 01:24:19,387 - am_extended - ERROR - Ollama API error: 404
2025-11-01 01:24:19,417 - am_extended - ERROR - Ollama API error: 404
2025-11-01 01:24:19,434 - am_extended - ERROR - Ollama API error: 404
2025-11-01 01:24:19,449 - am_extended - ERROR - Ollama API error: 404
2025-11-01 01:24:19,449 - am_extended - INFO -   Processed 20/180 pages
2025-11-01 01:24:19,480 - am_extended - ERROR - Ollama API error: 404
2025-11-01 01:24:19,495 - am_extended - ERROR - Ollama API error: 404
2025-11-01 01:24:19,527 - am_extended - ERROR - Ollama API error: 404
2025-11-01 01:24:19,559 - am_extended - ERROR - Ollama API error: 404
2025-11-01 01:24:19,589 - am_extended - ERROR - Ollama API error: 404
2025-11-01 01:24:19,605 - am_extended - ERROR - Ollama API error: 404
2025-11-01 01:24:19,621 - am_extended - ERROR - Ollama API error: 404
2025-11-01 01:24:19,636 - am_extended - ERROR - Ollama API error: 404
2025-11-01 01:24:19,639 - am_extended - ERROR - Ollama API error: 404
2025-11-01 01:24:19,667 - am_extended - ERROR - Ollama API error: 404
2025-11-01 01:24:19,667 - am_extended - INFO -   Processed 30/180 pages
2025-11-01 01:24:19,670 - am_extended - ERROR - Ollama API error: 404
2025-11-01 01:24:19,682 - am_extended - ERROR - Ollama API error: 404
2025-11-01 01:24:19,697 - am_extended - ERROR - Ollama API error: 404
2025-11-01 01:24:19,728 - am_extended - ERROR - Ollama API error: 404
2025-11-01 01:24:19,744 - am_extended - ERROR - Ollama API error: 404
2025-11-01 01:24:19,775 - am_extended - ERROR - Ollama API error: 404
2025-11-01 01:24:19,791 - am_extended - ERROR - Ollama API error: 404
2025-11-01 01:24:19,806 - am_extended - ERROR - Ollama API error: 404
2025-11-01 01:24:19,822 - am_extended - ERROR - Ollama API error: 404
2025-11-01 01:24:19,822 - am_extended - INFO -   Processed 40/180 pages
2025-11-01 01:24:19,836 - am_extended - ERROR - Ollama API error: 404
2025-11-01 01:24:19,868 - am_extended - ERROR - Ollama API error: 404
2025-11-01 01:24:19,883 - am_extended - ERROR - Ollama API error: 404
2025-11-01 01:24:19,914 - am_extended - ERROR - Ollama API error: 404
2025-11-01 01:24:19,946 - am_extended - ERROR - Ollama API error: 404
2025-11-01 01:24:19,977 - am_extended - ERROR - Ollama API error: 404
2025-11-01 01:24:19,991 - am_extended - ERROR - Ollama API error: 404
2025-11-01 01:24:20,023 - am_extended - ERROR - Ollama API error: 404
2025-11-01 01:24:20,038 - am_extended - ERROR - Ollama API error: 404
2025-11-01 01:24:20,038 - am_extended - INFO -   Processed 50/180 pages
2025-11-01 01:24:20,053 - am_extended - ERROR - Ollama API error: 404
2025-11-01 01:24:20,069 - am_extended - ERROR - Ollama API error: 404
2025-11-01 01:24:20,100 - am_extended - ERROR - Ollama API error: 404
2025-11-01 01:24:20,131 - am_extended - ERROR - Ollama API error: 404
2025-11-01 01:24:20,146 - am_extended - ERROR - Ollama API error: 404
2025-11-01 01:24:20,161 - am_extended - ERROR - Ollama API error: 404
2025-11-01 01:24:20,178 - am_extended - ERROR - Ollama API error: 404
2025-11-01 01:24:20,208 - am_extended - ERROR - Ollama API error: 404
2025-11-01 01:24:20,239 - am_extended - ERROR - Ollama API error: 404
2025-11-01 01:24:20,256 - am_extended - ERROR - Ollama API error: 404
2025-11-01 01:24:20,256 - am_extended - INFO -   Processed 60/180 pages
2025-11-01 01:24:20,272 - am_extended - ERROR - Ollama API error: 404
2025-11-01 01:24:20,302 - am_extended - ERROR - Ollama API error: 404
2025-11-01 01:24:20,317 - am_extended - ERROR - Ollama API error: 404
2025-11-01 01:24:20,348 - am_extended - ERROR - Ollama API error: 404
2025-11-01 01:24:20,380 - am_extended - ERROR - Ollama API error: 404
2025-11-01 01:24:20,411 - am_extended - ERROR - Ollama API error: 404
2025-11-01 01:24:20,426 - am_extended - ERROR - Ollama API error: 404
2025-11-01 01:24:20,442 - am_extended - ERROR - Ollama API error: 404
2025-11-01 01:24:20,458 - am_extended - ERROR - Ollama API error: 404
2025-11-01 01:24:20,488 - am_extended - ERROR - Ollama API error: 404
2025-11-01 01:24:20,488 - am_extended - INFO -   Processed 70/180 pages
2025-11-01 01:24:20,518 - am_extended - ERROR - Ollama API error: 404
2025-11-01 01:24:20,549 - am_extended - ERROR - Ollama API error: 404
2025-11-01 01:24:20,580 - am_extended - ERROR - Ollama API error: 404
2025-11-01 01:24:20,610 - am_extended - ERROR - Ollama API error: 404
2025-11-01 01:24:20,626 - am_extended - ERROR - Ollama API error: 404
2025-11-01 01:24:20,641 - am_extended - ERROR - Ollama API error: 404
2025-11-01 01:24:20,657 - am_extended - ERROR - Ollama API error: 404
2025-11-01 01:24:20,687 - am_extended - ERROR - Ollama API error: 404
2025-11-01 01:24:20,718 - am_extended - ERROR - Ollama API error: 404
2025-11-01 01:24:20,718 - am_extended - INFO -   Processed 80/180 pages
2025-11-01 01:24:20,748 - am_extended - ERROR - Ollama API error: 404
2025-11-01 01:24:20,780 - am_extended - ERROR - Ollama API error: 404
2025-11-01 01:24:20,811 - am_extended - ERROR - Ollama API error: 404
2025-11-01 01:24:20,842 - am_extended - ERROR - Ollama API error: 404
2025-11-01 01:24:20,873 - am_extended - ERROR - Ollama API error: 404
2025-11-01 01:24:20,889 - am_extended - ERROR - Ollama API error: 404
2025-11-01 01:24:20,904 - am_extended - ERROR - Ollama API error: 404
2025-11-01 01:24:20,919 - am_extended - ERROR - Ollama API error: 404
2025-11-01 01:24:20,950 - am_extended - ERROR - Ollama API error: 404
2025-11-01 01:24:20,967 - am_extended - ERROR - Ollama API error: 404
2025-11-01 01:24:20,981 - am_extended - ERROR - Ollama API error: 404
2025-11-01 01:24:20,997 - am_extended - ERROR - Ollama API error: 404
2025-11-01 01:24:21,028 - am_extended - ERROR - Ollama API error: 404
2025-11-01 01:24:21,059 - am_extended - ERROR - Ollama API error: 404
2025-11-01 01:24:21,090 - am_extended - ERROR - Ollama API error: 404
2025-11-01 01:24:21,120 - am_extended - ERROR - Ollama API error: 404
2025-11-01 01:24:21,136 - am_extended - ERROR - Ollama API error: 404
2025-11-01 01:24:21,166 - am_extended - ERROR - Ollama API error: 404
2025-11-01 01:24:21,198 - am_extended - ERROR - Ollama API error: 404
2025-11-01 01:24:21,198 - am_extended - INFO -   Processed 100/180 pages
2025-11-01 01:24:21,214 - am_extended - ERROR - Ollama API error: 404
2025-11-01 01:24:21,229 - am_extended - ERROR - Ollama API error: 404
2025-11-01 01:24:21,232 - am_extended - ERROR - Ollama API error: 404
2025-11-01 01:24:21,244 - am_extended - ERROR - Ollama API error: 404
2025-11-01 01:24:21,276 - am_extended - ERROR - Ollama API error: 404
2025-11-01 01:24:21,291 - am_extended - ERROR - Ollama API error: 404
2025-11-01 01:24:21,322 - am_extended - ERROR - Ollama API error: 404
2025-11-01 01:24:21,338 - am_extended - ERROR - Ollama API error: 404
2025-11-01 01:24:21,368 - am_extended - ERROR - Ollama API error: 404
2025-11-01 01:24:21,369 - am_extended - INFO -   Processed 110/180 pages
2025-11-01 01:24:21,400 - am_extended - ERROR - Ollama API error: 404
2025-11-01 01:24:21,415 - am_extended - ERROR - Ollama API error: 404
2025-11-01 01:24:21,431 - am_extended - ERROR - Ollama API error: 404
2025-11-01 01:24:21,447 - am_extended - ERROR - Ollama API error: 404
2025-11-01 01:24:21,463 - am_extended - ERROR - Ollama API error: 404
2025-11-01 01:24:21,478 - am_extended - ERROR - Ollama API error: 404
2025-11-01 01:24:21,508 - am_extended - ERROR - Ollama API error: 404
2025-11-01 01:24:21,540 - am_extended - ERROR - Ollama API error: 404
2025-11-01 01:24:21,571 - am_extended - ERROR - Ollama API error: 404
2025-11-01 01:24:21,571 - am_extended - INFO -   Processed 120/180 pages
2025-11-01 01:24:21,602 - am_extended - ERROR - Ollama API error: 404
2025-11-01 01:24:21,634 - am_extended - ERROR - Ollama API error: 404
2025-11-01 01:24:21,665 - am_extended - ERROR - Ollama API error: 404
2025-11-01 01:24:21,695 - am_extended - ERROR - Ollama API error: 404
2025-11-01 01:24:21,712 - am_extended - ERROR - Ollama API error: 404
2025-11-01 01:24:21,741 - am_extended - ERROR - Ollama API error: 404
2025-11-01 01:24:21,772 - am_extended - ERROR - Ollama API error: 404
2025-11-01 01:24:21,803 - am_extended - ERROR - Ollama API error: 404
2025-11-01 01:24:21,835 - am_extended - ERROR - Ollama API error: 404
2025-11-01 01:24:21,850 - am_extended - ERROR - Ollama API error: 404
2025-11-01 01:24:21,851 - am_extended - INFO -   Processed 130/180 pages
2025-11-01 01:24:21,881 - am_extended - ERROR - Ollama API error: 404
2025-11-01 01:24:21,897 - am_extended - ERROR - Ollama API error: 404
2025-11-01 01:24:21,912 - am_extended - ERROR - Ollama API error: 404
2025-11-01 01:24:21,928 - am_extended - ERROR - Ollama API error: 404
2025-11-01 01:24:21,943 - am_extended - ERROR - Ollama API error: 404
2025-11-01 01:24:21,959 - am_extended - ERROR - Ollama API error: 404
2025-11-01 01:24:21,974 - am_extended - ERROR - Ollama API error: 404
2025-11-01 01:24:21,977 - am_extended - ERROR - Ollama API error: 404
2025-11-01 01:24:21,990 - am_extended - ERROR - Ollama API error: 404
2025-11-01 01:24:22,005 - am_extended - ERROR - Ollama API error: 404
2025-11-01 01:24:22,005 - am_extended - INFO -   Processed 140/180 pages
2025-11-01 01:24:22,021 - am_extended - ERROR - Ollama API error: 404
2025-11-01 01:24:22,037 - am_extended - ERROR - Ollama API error: 404
2025-11-01 01:24:22,053 - am_extended - ERROR - Ollama API error: 404
2025-11-01 01:24:22,067 - am_extended - ERROR - Ollama API error: 404
2025-11-01 01:24:22,082 - am_extended - ERROR - Ollama API error: 404
2025-11-01 01:24:22,113 - am_extended - ERROR - Ollama API error: 404
2025-11-01 01:24:22,129 - am_extended - ERROR - Ollama API error: 404
2025-11-01 01:24:22,144 - am_extended - ERROR - Ollama API error: 404
2025-11-01 01:24:22,174 - am_extended - ERROR - Ollama API error: 404
2025-11-01 01:24:22,190 - am_extended - ERROR - Ollama API error: 404
2025-11-01 01:24:22,191 - am_extended - INFO -   Processed 150/180 pages
2025-11-01 01:24:22,206 - am_extended - ERROR - Ollama API error: 404
2025-11-01 01:24:22,238 - am_extended - ERROR - Ollama API error: 404
2025-11-01 01:24:22,254 - am_extended - ERROR - Ollama API error: 404
2025-11-01 01:24:22,269 - am_extended - ERROR - Ollama API error: 404
2025-11-01 01:24:22,284 - am_extended - ERROR - Ollama API error: 404
2025-11-01 01:24:22,301 - am_extended - ERROR - Ollama API error: 404
2025-11-01 01:24:22,331 - am_extended - ERROR - Ollama API error: 404
2025-11-01 01:24:22,362 - am_extended - ERROR - Ollama API error: 404
2025-11-01 01:24:22,393 - am_extended - ERROR - Ollama API error: 404
2025-11-01 01:24:22,409 - am_extended - ERROR - Ollama API error: 404
2025-11-01 01:24:22,409 - am_extended - INFO -   Processed 160/180 pages
2025-11-01 01:24:22,440 - am_extended - ERROR - Ollama API error: 404
2025-11-01 01:24:22,471 - am_extended - ERROR - Ollama API error: 404
2025-11-01 01:24:22,487 - am_extended - ERROR - Ollama API error: 404
2025-11-01 01:24:22,517 - am_extended - ERROR - Ollama API error: 404
2025-11-01 01:24:22,533 - am_extended - ERROR - Ollama API error: 404
2025-11-01 01:24:22,549 - am_extended - ERROR - Ollama API error: 404
2025-11-01 01:24:22,581 - am_extended - ERROR - Ollama API error: 404
2025-11-01 01:24:22,612 - am_extended - ERROR - Ollama API error: 404
2025-11-01 01:24:22,627 - am_extended - ERROR - Ollama API error: 404
2025-11-01 01:24:22,642 - am_extended - ERROR - Ollama API error: 404
2025-11-01 01:24:22,642 - am_extended - INFO -   Processed 170/180 pages
2025-11-01 01:24:22,658 - am_extended - ERROR - Ollama API error: 404
2025-11-01 01:24:22,673 - am_extended - ERROR - Ollama API error: 404
2025-11-01 01:24:22,705 - am_extended - ERROR - Ollama API error: 404
2025-11-01 01:24:22,721 - am_extended - ERROR - Ollama API error: 404
2025-11-01 01:24:22,736 - am_extended - ERROR - Ollama API error: 404
2025-11-01 01:24:22,766 - am_extended - ERROR - Ollama API error: 404
2025-11-01 01:24:22,769 - am_extended - ERROR - Ollama API error: 404
2025-11-01 01:24:22,797 - am_extended - ERROR - Ollama API error: 404
2025-11-01 01:24:22,828 - am_extended - ERROR - Ollama API error: 404
2025-11-01 01:24:22,829 - am_extended - INFO - Extracted extended fields for 170 pages
2025-11-01 01:24:22,829 - am_common - INFO - Saving dataset: C:\scripts\1repo\data\datasets\extended\hooked-how-to-build-habit-forming-products.dataset.jsonl (180 cards)
2025-11-01 01:24:22,833 - am_common - INFO - Saved: 180 cards to hooked-how-to-build-habit-forming-products.dataset.jsonl (536.04 KB)
2025-11-01 01:24:22,833 - quality_tracker - INFO - Starting: track_quality
2025-11-01 01:24:22,834 - quality_tracker - INFO - extended metrics:
2025-11-01 01:24:22,834 - quality_tracker - INFO -   total_cards: 180
2025-11-01 01:24:22,834 - quality_tracker - INFO -   duplicates_found: 0
2025-11-01 01:24:22,834 - quality_tracker - INFO -   duplicate_ratio: 0.0000
2025-11-01 01:24:22,834 - quality_tracker - INFO -   continuity_gaps: 95
2025-11-01 01:24:22,834 - quality_tracker - INFO -   continuity_gap_ratio: 0.5307
2025-11-01 01:24:22,834 - quality_tracker - INFO -   avg_overlap: 0.0880
2025-11-01 01:24:22,834 - quality_tracker - INFO -   extended_fields_extracted: 170
2025-11-01 01:24:22,834 - quality_tracker - INFO -   extraction_coverage: 0.9444
2025-11-01 01:24:22,834 - quality_tracker - INFO -   lm_extraction_count: 0
2025-11-01 01:24:22,834 - quality_tracker - INFO -   lm_extraction_ratio: 0.0000
2025-11-01 01:24:22,834 - quality_tracker - INFO--- Logging error ---
Traceback (most recent call last):
  File "C:\Users\Dimon\AppData\Local\Programs\Python\Python313\Lib\logging\__init__.py", line 1154, in emit
    stream.write(msg + self.terminator)
    ~~~~~~~~~~~~^^^^^^^^^^^^^^^^^^^^^^^
  File "C:\Users\Dimon\AppData\Local\Programs\Python\Python313\Lib\site-packages\colorama\ansitowin32.py", line 47, in write
    self.__convertor.write(text)
    ~~~~~~~~~~~~~~~~~~~~~~^^^^^^
  File "C:\Users\Dimon\AppData\Local\Programs\Python\Python313\Lib\site-packages\colorama\ansitowin32.py", line 177, in write
    self.write_and_convert(text)
    ~~~~~~~~~~~~~~~~~~~~~~^^^^^^
  File "C:\Users\Dimon\AppData\Local\Programs\Python\Python313\Lib\site-packages\colorama\ansitowin32.py", line 205, in write_and_convert
    self.write_plain_text(text, cursor, len(text))
    ~~~~~~~~~~~~~~~~~~~~~^^^^^^^^^^^^^^^^^^^^^^^^^
  File "C:\Users\Dimon\AppData\Local\Programs\Python\Python313\Lib\site-packages\colorama\ansitowin32.py", line 210, in write_plain_text
    self.wrapped.write(text[start:end])
    ~~~~~~~~~~~~~~~~~~^^^^^^^^^^^^^^^^^
  File "C:\Users\Dimon\AppData\Local\Programs\Python\Python313\Lib\encodings\cp1251.py", line 19, in encode
    return codecs.charmap_encode(input,self.errors,encoding_table)[0]
           ~~~~~~~~~~~~~~~~~~~~~^^^^^^^^^^^^^^^^^^^^^^^^^^^^^^^^^^
UnicodeEncodeError: 'charmap' codec can't encode character '\u2713' in position 3: character maps to <undefined>
Call stack:
  File "C:\scripts\1repo\run_mvp.py", line 680, in <module>
    main()
  File "C:\scripts\1repo\run_mvp.py", line 652, in main
    results = orchestrator.run_single(
  File "C:\scripts\1repo\run_mvp.py", line 226, in run_single
    stage_result = self._run_stage(stage, current_input)
  File "C:\scripts\1repo\run_mvp.py", line 419, in _run_stage
    return processor.process_dataset(input_path, output_dir)
  File "C:\scripts\1repo\am_extended.py", line 612, in process_dataset
    self.quality_tracker.track('extended', input_path.name, metrics)
  File "C:\scripts\1repo\quality_tracker.py", line 171, in track
    logger.info(f"\u2713 Quality thresholds passed for {stage}")
Message: '\u2713 Quality thresholds passed for extended'
Arguments: ()
2025-11-01 01:24:22,835 - quality_tracker - INFO - Completed: track_quality (0.00s)
2025-11-01 01:24:22,835 - am_extended - INFO - Saved: hooked-how-to-build-habit-forming-products.dataset.jsonl
2025-11-01 01:24:22,835 - validate - INFO - Validating extended: hooked-how-to-build-habit-forming-products.dataset.jsonl
2025-11-01 01:24:22,835 - am_common - INFO - Loading dataset: C:\scripts\1repo\data\datasets\extended\hooked-how-to-build-habit-forming-products.dataset.jsonl
2025-11-01 01:24:22,847 - am_common - INFO - Loaded: 180 cards from hooked-how-to-build-habit-forming-products.dataset.jsonl
2025-11-01 01:24:22,848 - validate - WARNING - [X] INVALID - hooked-how-to-build-habit-forming-products.dataset.jsonl (2 errors)
2025-11-01 01:24:22,848 - __main__ - WARNING - Validation issues: 2 errors, 170 warnings
2025-11-01 01:24:22,848 - __main__ - WARNING - Validation issues: 2 errors
2025-11-01 01:24:22,848 - __main__ - INFO - ============================================================
2025-11-01 01:24:22,849 - __main__ - INFO--- Logging error ---
Traceback (most recent call last):
  File "C:\Users\Dimon\AppData\Local\Programs\Python\Python313\Lib\logging\__init__.py", line 1154, in emit
    stream.write(msg + self.terminator)
    ~~~~~~~~~~~~^^^^^^^^^^^^^^^^^^^^^^^
  File "C:\Users\Dimon\AppData\Local\Programs\Python\Python313\Lib\site-packages\colorama\ansitowin32.py", line 47, in write
    self.__convertor.write(text)
    ~~~~~~~~~~~~~~~~~~~~~~^^^^^^
  File "C:\Users\Dimon\AppData\Local\Programs\Python\Python313\Lib\site-packages\colorama\ansitowin32.py", line 177, in write
    self.write_and_convert(text)
    ~~~~~~~~~~~~~~~~~~~~~~^^^^^^
  File "C:\Users\Dimon\AppData\Local\Programs\Python\Python313\Lib\site-packages\colorama\ansitowin32.py", line 205, in write_and_convert
    self.write_plain_text(text, cursor, len(text))
    ~~~~~~~~~~~~~~~~~~~~~^^^^^^^^^^^^^^^^^^^^^^^^^
  File "C:\Users\Dimon\AppData\Local\Programs\Python\Python313\Lib\site-packages\colorama\ansitowin32.py", line 210, in write_plain_text
    self.wrapped.write(text[start:end])
    ~~~~~~~~~~~~~~~~~~^^^^^^^^^^^^^^^^^
  File "C:\Users\Dimon\AppData\Local\Programs\Python\Python313\Lib\encodings\cp1251.py", line 19, in encode
    return codecs.charmap_encode(input,self.errors,encoding_table)[0]
           ~~~~~~~~~~~~~~~~~~~~~^^^^^^^^^^^^^^^^^^^^^^^^^^^^^^^^^^
UnicodeEncodeError: 'charmap' codec can't encode character '\U0001f916' in position 5: character maps to <undefined>
Call stack:
  File "C:\scripts\1repo\run_mvp.py", line 680, in <module>
    main()
  File "C:\scripts\1repo\run_mvp.py", line 652, in main
    results = orchestrator.run_single(
  File "C:\scripts\1repo\run_mvp.py", line 253, in run_single
    log_stage(logger, stage, "Completed")
  File "C:\scripts\1repo\am_logging.py", line 613, in log_stage
    log_section(logger, f"{emoji} {action}: {stage.upper()}", "INFO")
  File "C:\scripts\1repo\am_logging.py", line 588, in log_section
    log_func(f"  {title}")
Message: '  \U0001f916 Completed: EXTENDED'
Arguments: ()
2025-11-01 01:24:22,849 - __main__ - INFO - ============================================================
2025-11-01 01:24:22,849 - __main__ - INFO - ============================================================
2025-11-01 01:24:22,849 - __main__ - INFO--- Logging error ---
Traceback (most recent call last):
  File "C:\Users\Dimon\AppData\Local\Programs\Python\Python313\Lib\logging\__init__.py", line 1154, in emit
    stream.write(msg + self.terminator)
    ~~~~~~~~~~~~^^^^^^^^^^^^^^^^^^^^^^^
  File "C:\Users\Dimon\AppData\Local\Programs\Python\Python313\Lib\site-packages\colorama\ansitowin32.py", line 47, in write
    self.__convertor.write(text)
    ~~~~~~~~~~~~~~~~~~~~~~^^^^^^
  File "C:\Users\Dimon\AppData\Local\Programs\Python\Python313\Lib\site-packages\colorama\ansitowin32.py", line 177, in write
    self.write_and_convert(text)
    ~~~~~~~~~~~~~~~~~~~~~~^^^^^^
  File "C:\Users\Dimon\AppData\Local\Programs\Python\Python313\Lib\site-packages\colorama\ansitowin32.py", line 205, in write_and_convert
    self.write_plain_text(text, cursor, len(text))
    ~~~~~~~~~~~~~~~~~~~~~^^^^^^^^^^^^^^^^^^^^^^^^^
  File "C:\Users\Dimon\AppData\Local\Programs\Python\Python313\Lib\site-packages\colorama\ansitowin32.py", line 210, in write_plain_text
    self.wrapped.write(text[start:end])
    ~~~~~~~~~~~~~~~~~~^^^^^^^^^^^^^^^^^
  File "C:\Users\Dimon\AppData\Local\Programs\Python\Python313\Lib\encodings\cp1251.py", line 19, in encode
    return codecs.charmap_encode(input,self.errors,encoding_table)[0]
           ~~~~~~~~~~~~~~~~~~~~~^^^^^^^^^^^^^^^^^^^^^^^^^^^^^^^^^^
UnicodeEncodeError: 'charmap' codec can't encode character '\u2705' in position 5: character maps to <undefined>
Call stack:
  File "C:\scripts\1repo\run_mvp.py", line 680, in <module>
    main()
  File "C:\scripts\1repo\run_mvp.py", line 652, in main
    results = orchestrator.run_single(
  File "C:\scripts\1repo\run_mvp.py", line 222, in run_single
    log_stage(logger, stage, "Starting")
  File "C:\scripts\1repo\am_logging.py", line 613, in log_stage
    log_section(logger, f"{emoji} {action}: {stage.upper()}", "INFO")
  File "C:\scripts\1repo\am_logging.py", line 588, in log_section
    log_func(f"  {title}")
Message: '  \u2705 Starting: FINALIZE'
Arguments: ()
2025-11-01 01:24:22,850 - __main__ - INFO - ============================================================
2025-11-01 01:24:22,850 - am_common - INFO - Loading config: config\batch_full.yaml
2025-11-01 01:24:22,865 - am_common - INFO - Config loaded successfully
2025-11-01 01:24:22,865 - am_finalize - INFO - Processing: hooked-how-to-build-habit-forming-products.dataset.jsonl
2025-11-01 01:24:22,865 - am_common - INFO - Loading dataset: C:\scripts\1repo\data\datasets\extended\hooked-how-to-build-habit-forming-products.dataset.jsonl
2025-11-01 01:24:22,869 - am_common - INFO - Loaded: 180 cards from hooked-how-to-build-habit-forming-products.dataset.jsonl
2025-11-01 01:24:22,870 - am_common - INFO - Saving dataset: C:\scripts\1repo\data\datasets\final\hooked-how-to-build-habit-forming-products.dataset.jsonl (180 cards)
2025-11-01 01:24:22,874 - am_common - INFO - Saved: 180 cards to hooked-how-to-build-habit-forming-products.dataset.jsonl (519.92 KB)
2025-11-01 01:24:22,874 - quality_tracker - INFO - Starting: track_quality
2025-11-01 01:24:22,875 - quality_tracker - INFO - finalize metrics:
2025-11-01 01:24:22,875 - quality_tracker - INFO -   total_cards: 180
2025-11-01 01:24:22,875 - quality_tracker - INFO -   validation_errors: 0
2025-11-01 01:24:22,875 - quality_tracker - INFO -   validation_warnings: 36
2025-11-01 01:24:22,875 - quality_tracker - INFO -   avg_completeness: 0.4870
2025-11-01 01:24:22,875 - quality_tracker - INFO -   cards_with_structure: 88
2025-11-01 01:24:22,875 - quality_tracker - INFO -   structure_coverage: 0.4889
2025-11-01 01:24:22,875 - quality_tracker - INFO -   cards_with_summaries: 171
2025-11-01 01:24:22,875 - quality_tracker - INFO -   summary_coverage: 0.9500
2025-11-01 01:24:22,875 - quality_tracker - INFO--- Logging error ---
Traceback (most recent call last):
  File "C:\Users\Dimon\AppData\Local\Programs\Python\Python313\Lib\logging\__init__.py", line 1154, in emit
    stream.write(msg + self.terminator)
    ~~~~~~~~~~~~^^^^^^^^^^^^^^^^^^^^^^^
  File "C:\Users\Dimon\AppData\Local\Programs\Python\Python313\Lib\site-packages\colorama\ansitowin32.py", line 47, in write
    self.__convertor.write(text)
    ~~~~~~~~~~~~~~~~~~~~~~^^^^^^
  File "C:\Users\Dimon\AppData\Local\Programs\Python\Python313\Lib\site-packages\colorama\ansitowin32.py", line 177, in write
    self.write_and_convert(text)
    ~~~~~~~~~~~~~~~~~~~~~~^^^^^^
  File "C:\Users\Dimon\AppData\Local\Programs\Python\Python313\Lib\site-packages\colorama\ansitowin32.py", line 205, in write_and_convert
    self.write_plain_text(text, cursor, len(text))
    ~~~~~~~~~~~~~~~~~~~~~^^^^^^^^^^^^^^^^^^^^^^^^^
  File "C:\Users\Dimon\AppData\Local\Programs\Python\Python313\Lib\site-packages\colorama\ansitowin32.py", line 210, in write_plain_text
    self.wrapped.write(text[start:end])
    ~~~~~~~~~~~~~~~~~~^^^^^^^^^^^^^^^^^
  File "C:\Users\Dimon\AppData\Local\Programs\Python\Python313\Lib\encodings\cp1251.py", line 19, in encode
    return codecs.charmap_encode(input,self.errors,encoding_table)[0]
           ~~~~~~~~~~~~~~~~~~~~~^^^^^^^^^^^^^^^^^^^^^^^^^^^^^^^^^^
UnicodeEncodeError: 'charmap' codec can't encode character '\u2713' in position 3: character maps to <undefined>
Call stack:
  File "C:\scripts\1repo\run_mvp.py", line 680, in <module>
    main()
  File "C:\scripts\1repo\run_mvp.py", line 652, in main
    results = orchestrator.run_single(
  File "C:\scripts\1repo\run_mvp.py", line 226, in run_single
    stage_result = self._run_stage(stage, current_input)
  File "C:\scripts\1repo\run_mvp.py", line 419, in _run_stage
    return processor.process_dataset(input_path, output_dir)
  File "C:\scripts\1repo\am_finalize.py", line 278, in process_dataset
    self.quality_tracker.track('finalize', input_path.name, metrics)
  File "C:\scripts\1repo\quality_tracker.py", line 171, in track
    logger.info(f"\u2713 Quality thresholds passed for {stage}")
Message: '\u2713 Quality thresholds passed for finalize'
Arguments: ()
2025-11-01 01:24:22,876 - quality_tracker - INFO - Completed: track_quality (0.00s)
2025-11-01 01:24:22,876 - am_finalize - INFO - Saved: hooked-how-to-build-habit-forming-products.dataset.jsonl
2025-11-01 01:24:22,876 - __main__ - ERROR - Validation failed: Unknown stage: finalize
2025-11-01 01:24:22,876 - __main__ - WARNING - Validation issues: 1 errors
2025-11-01 01:24:22,876 - __main__ - INFO - ============================================================
2025-11-01 01:24:22,876 - __main__ - INFO--- Logging error ---
Traceback (most recent call last):
  File "C:\Users\Dimon\AppData\Local\Programs\Python\Python313\Lib\logging\__init__.py", line 1154, in emit
    stream.write(msg + self.terminator)
    ~~~~~~~~~~~~^^^^^^^^^^^^^^^^^^^^^^^
  File "C:\Users\Dimon\AppData\Local\Programs\Python\Python313\Lib\site-packages\colorama\ansitowin32.py", line 47, in write
    self.__convertor.write(text)
    ~~~~~~~~~~~~~~~~~~~~~~^^^^^^
  File "C:\Users\Dimon\AppData\Local\Programs\Python\Python313\Lib\site-packages\colorama\ansitowin32.py", line 177, in write
    self.write_and_convert(text)
    ~~~~~~~~~~~~~~~~~~~~~~^^^^^^
  File "C:\Users\Dimon\AppData\Local\Programs\Python\Python313\Lib\site-packages\colorama\ansitowin32.py", line 205, in write_and_convert
    self.write_plain_text(text, cursor, len(text))
    ~~~~~~~~~~~~~~~~~~~~~^^^^^^^^^^^^^^^^^^^^^^^^^
  File "C:\Users\Dimon\AppData\Local\Programs\Python\Python313\Lib\site-packages\colorama\ansitowin32.py", line 210, in write_plain_text
    self.wrapped.write(text[start:end])
    ~~~~~~~~~~~~~~~~~~^^^^^^^^^^^^^^^^^
  File "C:\Users\Dimon\AppData\Local\Programs\Python\Python313\Lib\encodings\cp1251.py", line 19, in encode
    return codecs.charmap_encode(input,self.errors,encoding_table)[0]
           ~~~~~~~~~~~~~~~~~~~~~^^^^^^^^^^^^^^^^^^^^^^^^^^^^^^^^^^
UnicodeEncodeError: 'charmap' codec can't encode character '\u2705' in position 5: character maps to <undefined>
Call stack:
  File "C:\scripts\1repo\run_mvp.py", line 680, in <module>
    main()
  File "C:\scripts\1repo\run_mvp.py", line 652, in main
    results = orchestrator.run_single(
  File "C:\scripts\1repo\run_mvp.py", line 253, in run_single
    log_stage(logger, stage, "Completed")
  File "C:\scripts\1repo\am_logging.py", line 613, in log_stage
    log_section(logger, f"{emoji} {action}: {stage.upper()}", "INFO")
  File "C:\scripts\1repo\am_logging.py", line 588, in log_section
    log_func(f"  {title}")
Message: '  \u2705 Completed: FINALIZE'
Arguments: ()
2025-11-01 01:24:22,877 - __main__ - INFO - ============================================================
2025-11-01 01:24:22,877 - __main__ - INFO - ============================================================
2025-11-01 01:24:22,877 - __main__ - INFO--- Logging error ---
Traceback (most recent call last):
  File "C:\Users\Dimon\AppData\Local\Programs\Python\Python313\Lib\logging\__init__.py", line 1154, in emit
    stream.write(msg + self.terminator)
    ~~~~~~~~~~~~^^^^^^^^^^^^^^^^^^^^^^^
  File "C:\Users\Dimon\AppData\Local\Programs\Python\Python313\Lib\site-packages\colorama\ansitowin32.py", line 47, in write
    self.__convertor.write(text)
    ~~~~~~~~~~~~~~~~~~~~~~^^^^^^
  File "C:\Users\Dimon\AppData\Local\Programs\Python\Python313\Lib\site-packages\colorama\ansitowin32.py", line 177, in write
    self.write_and_convert(text)
    ~~~~~~~~~~~~~~~~~~~~~~^^^^^^
  File "C:\Users\Dimon\AppData\Local\Programs\Python\Python313\Lib\site-packages\colorama\ansitowin32.py", line 205, in write_and_convert
    self.write_plain_text(text, cursor, len(text))
    ~~~~~~~~~~~~~~~~~~~~~^^^^^^^^^^^^^^^^^^^^^^^^^
  File "C:\Users\Dimon\AppData\Local\Programs\Python\Python313\Lib\site-packages\colorama\ansitowin32.py", line 210, in write_plain_text
    self.wrapped.write(text[start:end])
    ~~~~~~~~~~~~~~~~~~^^^^^^^^^^^^^^^^^
  File "C:\Users\Dimon\AppData\Local\Programs\Python\Python313\Lib\encodings\cp1251.py", line 19, in encode
    return codecs.charmap_encode(input,self.errors,encoding_table)[0]
           ~~~~~~~~~~~~~~~~~~~~~^^^^^^^^^^^^^^^^^^^^^^^^^^^^^^^^^^
UnicodeEncodeError: 'charmap' codec can't encode character '\U0001f9e9' in position 5: character maps to <undefined>
Call stack:
  File "C:\scripts\1repo\run_mvp.py", line 680, in <module>
    main()
  File "C:\scripts\1repo\run_mvp.py", line 652, in main
    results = orchestrator.run_single(
  File "C:\scripts\1repo\run_mvp.py", line 222, in run_single
    log_stage(logger, stage, "Starting")
  File "C:\scripts\1repo\am_logging.py", line 613, in log_stage
    log_section(logger, f"{emoji} {action}: {stage.upper()}", "INFO")
  File "C:\scripts\1repo\am_logging.py", line 588, in log_section
    log_func(f"  {title}")
Message: '  \U0001f9e9 Starting: CHUNK'
Arguments: ()
2025-11-01 01:24:22,877 - __main__ - INFO - ============================================================
2025-11-01 01:24:22,877 - am_common - INFO - Loading config: config\batch_full.yaml
2025-11-01 01:24:22,891 - am_common - INFO - Config loaded successfully
2025-11-01 01:24:22,975 - am_chunk - INFO - Processing: hooked-how-to-build-habit-forming-products.dataset.jsonl
2025-11-01 01:24:22,975 - am_common - INFO - Loading dataset: C:\scripts\1repo\data\datasets\final\hooked-how-to-build-habit-forming-products.dataset.jsonl
2025-11-01 01:24:22,990 - am_common - INFO - Loaded: 180 cards from hooked-how-to-build-habit-forming-products.dataset.jsonl
2025-11-01 01:24:23,054 - am_chunk - INFO - Created 181 chunks from 180 pages
2025-11-01 01:24:23,058 - quality_tracker - INFO - Starting: track_quality
2025-11-01 01:24:23,059 - quality_tracker - INFO - chunk metrics:
2025-11-01 01:24:23,059 - quality_tracker - INFO -   total_chunks: 181
2025-11-01 01:24:23,059 - quality_tracker - INFO -   chunks_per_page: 1.0056
2025-11-01 01:24:23,059 - quality_tracker - INFO -   avg_chunk_tokens: 351.7127
2025-11-01 01:24:23,059 - quality_tracker - INFO -   min_chunk_tokens: 110
2025-11-01 01:24:23,059 - quality_tracker - INFO -   max_chunk_tokens: 524
2025-11-01 01:24:23,059 - quality_tracker - INFO -   token_distribution: {'0-100': 0, '100-300': 68, '300-512': 110, '512+': 3}
2025-11-01 01:24:23,059 - quality_tracker - INFO -   context_completeness: 1.0000
2025-11-01 01:24:23,059 - quality_tracker - INFO--- Logging error ---
Traceback (most recent call last):
  File "C:\Users\Dimon\AppData\Local\Programs\Python\Python313\Lib\logging\__init__.py", line 1154, in emit
    stream.write(msg + self.terminator)
    ~~~~~~~~~~~~^^^^^^^^^^^^^^^^^^^^^^^
  File "C:\Users\Dimon\AppData\Local\Programs\Python\Python313\Lib\site-packages\colorama\ansitowin32.py", line 47, in write
    self.__convertor.write(text)
    ~~~~~~~~~~~~~~~~~~~~~~^^^^^^
  File "C:\Users\Dimon\AppData\Local\Programs\Python\Python313\Lib\site-packages\colorama\ansitowin32.py", line 177, in write
    self.write_and_convert(text)
    ~~~~~~~~~~~~~~~~~~~~~~^^^^^^
  File "C:\Users\Dimon\AppData\Local\Programs\Python\Python313\Lib\site-packages\colorama\ansitowin32.py", line 205, in write_and_convert
    self.write_plain_text(text, cursor, len(text))
    ~~~~~~~~~~~~~~~~~~~~~^^^^^^^^^^^^^^^^^^^^^^^^^
  File "C:\Users\Dimon\AppData\Local\Programs\Python\Python313\Lib\site-packages\colorama\ansitowin32.py", line 210, in write_plain_text
    self.wrapped.write(text[start:end])
    ~~~~~~~~~~~~~~~~~~^^^^^^^^^^^^^^^^^
  File "C:\Users\Dimon\AppData\Local\Programs\Python\Python313\Lib\encodings\cp1251.py", line 19, in encode
    return codecs.charmap_encode(input,self.errors,encoding_table)[0]
           ~~~~~~~~~~~~~~~~~~~~~^^^^^^^^^^^^^^^^^^^^^^^^^^^^^^^^^^
UnicodeEncodeError: 'charmap' codec can't encode character '\u2713' in position 3: character maps to <undefined>
Call stack:
  File "C:\scripts\1repo\run_mvp.py", line 680, in <module>
    main()
  File "C:\scripts\1repo\run_mvp.py", line 652, in main
    results = orchestrator.run_single(
  File "C:\scripts\1repo\run_mvp.py", line 226, in run_single
    stage_result = self._run_stage(stage, current_input)
  File "C:\scripts\1repo\run_mvp.py", line 419, in _run_stage
    return processor.process_dataset(input_path, output_dir)
  File "C:\scripts\1repo\am_chunk.py", line 309, in process_dataset
    self.quality_tracker.track('chunk', input_path.name, metrics)
  File "C:\scripts\1repo\quality_tracker.py", line 171, in track
    logger.info(f"\u2713 Quality thresholds passed for {stage}")
Message: '\u2713 Quality thresholds passed for chunk'
Arguments: ()
2025-11-01 01:24:23,060 - quality_tracker - INFO - Completed: track_quality (0.00s)
2025-11-01 01:24:23,060 - am_chunk - INFO - Saved: hooked-how-to-build-habit-forming-products.dataset.chunks.jsonl
2025-11-01 01:24:23,061 - __main__ - ERROR - Validation failed: Unknown stage: chunk
2025-11-01 01:24:23,061 - __main__ - WARNING - Validation issues: 1 errors
2025-11-01 01:24:23,061 - __main__ - INFO - ============================================================
2025-11-01 01:24:23,061 - __main__ - INFO--- Logging error ---
Traceback (most recent call last):
  File "C:\Users\Dimon\AppData\Local\Programs\Python\Python313\Lib\logging\__init__.py", line 1154, in emit
    stream.write(msg + self.terminator)
    ~~~~~~~~~~~~^^^^^^^^^^^^^^^^^^^^^^^
  File "C:\Users\Dimon\AppData\Local\Programs\Python\Python313\Lib\site-packages\colorama\ansitowin32.py", line 47, in write
    self.__convertor.write(text)
    ~~~~~~~~~~~~~~~~~~~~~~^^^^^^
  File "C:\Users\Dimon\AppData\Local\Programs\Python\Python313\Lib\site-packages\colorama\ansitowin32.py", line 177, in write
    self.write_and_convert(text)
    ~~~~~~~~~~~~~~~~~~~~~~^^^^^^
  File "C:\Users\Dimon\AppData\Local\Programs\Python\Python313\Lib\site-packages\colorama\ansitowin32.py", line 205, in write_and_convert
    self.write_plain_text(text, cursor, len(text))
    ~~~~~~~~~~~~~~~~~~~~~^^^^^^^^^^^^^^^^^^^^^^^^^
  File "C:\Users\Dimon\AppData\Local\Programs\Python\Python313\Lib\site-packages\colorama\ansitowin32.py", line 210, in write_plain_text
    self.wrapped.write(text[start:end])
    ~~~~~~~~~~~~~~~~~~^^^^^^^^^^^^^^^^^
  File "C:\Users\Dimon\AppData\Local\Programs\Python\Python313\Lib\encodings\cp1251.py", line 19, in encode
    return codecs.charmap_encode(input,self.errors,encoding_table)[0]
           ~~~~~~~~~~~~~~~~~~~~~^^^^^^^^^^^^^^^^^^^^^^^^^^^^^^^^^^
UnicodeEncodeError: 'charmap' codec can't encode character '\U0001f9e9' in position 5: character maps to <undefined>
Call stack:
  File "C:\scripts\1repo\run_mvp.py", line 680, in <module>
    main()
  File "C:\scripts\1repo\run_mvp.py", line 652, in main
    results = orchestrator.run_single(
  File "C:\scripts\1repo\run_mvp.py", line 253, in run_single
    log_stage(logger, stage, "Completed")
  File "C:\scripts\1repo\am_logging.py", line 613, in log_stage
    log_section(logger, f"{emoji} {action}: {stage.upper()}", "INFO")
  File "C:\scripts\1repo\am_logging.py", line 588, in log_section
    log_func(f"  {title}")
Message: '  \U0001f9e9 Completed: CHUNK'
Arguments: ()
2025-11-01 01:24:23,061 - __main__ - INFO - ============================================================
2025-11-01 01:24:23,061 - __main__ - INFO - ============================================================
2025-11-01 01:24:23,061 - __main__ - INFO--- Logging error ---
Traceback (most recent call last):
  File "C:\Users\Dimon\AppData\Local\Programs\Python\Python313\Lib\logging\__init__.py", line 1154, in emit
    stream.write(msg + self.terminator)
    ~~~~~~~~~~~~^^^^^^^^^^^^^^^^^^^^^^^
  File "C:\Users\Dimon\AppData\Local\Programs\Python\Python313\Lib\site-packages\colorama\ansitowin32.py", line 47, in write
    self.__convertor.write(text)
    ~~~~~~~~~~~~~~~~~~~~~~^^^^^^
  File "C:\Users\Dimon\AppData\Local\Programs\Python\Python313\Lib\site-packages\colorama\ansitowin32.py", line 177, in write
    self.write_and_convert(text)
    ~~~~~~~~~~~~~~~~~~~~~~^^^^^^
  File "C:\Users\Dimon\AppData\Local\Programs\Python\Python313\Lib\site-packages\colorama\ansitowin32.py", line 205, in write_and_convert
    self.write_plain_text(text, cursor, len(text))
    ~~~~~~~~~~~~~~~~~~~~~^^^^^^^^^^^^^^^^^^^^^^^^^
  File "C:\Users\Dimon\AppData\Local\Programs\Python\Python313\Lib\site-packages\colorama\ansitowin32.py", line 210, in write_plain_text
    self.wrapped.write(text[start:end])
    ~~~~~~~~~~~~~~~~~~^^^^^^^^^^^^^^^^^
  File "C:\Users\Dimon\AppData\Local\Programs\Python\Python313\Lib\encodings\cp1251.py", line 19, in encode
    return codecs.charmap_encode(input,self.errors,encoding_table)[0]
           ~~~~~~~~~~~~~~~~~~~~~^^^^^^^^^^^^^^^^^^^^^^^^^^^^^^^^^^
UnicodeEncodeError: 'charmap' codec can't encode character '\U0001f522' in position 5: character maps to <undefined>
Call stack:
  File "C:\scripts\1repo\run_mvp.py", line 680, in <module>
    main()
  File "C:\scripts\1repo\run_mvp.py", line 652, in main
    results = orchestrator.run_single(
  File "C:\scripts\1repo\run_mvp.py", line 222, in run_single
    log_stage(logger, stage, "Starting")
  File "C:\scripts\1repo\am_logging.py", line 613, in log_stage
    log_section(logger, f"{emoji} {action}: {stage.upper()}", "INFO")
  File "C:\scripts\1repo\am_logging.py", line 588, in log_section
    log_func(f"  {title}")
Message: '  \U0001f522 Starting: EMBED'
Arguments: ()
2025-11-01 01:24:23,062 - __main__ - INFO - ============================================================
2025-11-01 01:24:23,062 - am_common - INFO - Loading config: config\batch_full.yaml
2025-11-01 01:24:23,077 - am_common - INFO - Config loaded successfully
2025-11-01 01:24:23,077 - am_embed - INFO - [sentence-transformers] Loading model: all-MiniLM-L6-v2
2025-11-01 01:24:23,077 - sentence_transformers.SentenceTransformer - INFO - Use pytorch device_name: cpu
2025-11-01 01:24:23,077 - sentence_transformers.SentenceTransformer - INFO - Load pretrained SentenceTransformer: all-MiniLM-L6-v2
2025-11-01 01:24:26,749 - am_embed - INFO - [sentence-transformers] Embedding dimension: 384
2025-11-01 01:24:26,749 - am_embed - INFO - Processing: hooked-how-to-build-habit-forming-products.dataset.chunks.jsonl
2025-11-01 01:24:26,762 - am_embed - INFO - Loaded 181 chunks
2025-11-01 01:24:26,762 - am_embed - INFO - Encoding 181 chunks in 6 batches
2025-11-01 01:24:28,472 - am_embed - INFO - Encoded 181 embeddings, 0 failures
2025-11-01 01:24:28,472 - am_embed - INFO - Building FAISS index: flat, metric=cosine
2025-11-01 01:24:28,472 - am_embed - INFO - Vectors: 181, Dimension: 384
2025-11-01 01:24:28,472 - am_embed - INFO - FAISS index built: 181 vectors
2025-11-01 01:24:28,473 - am_embed - INFO - Saved FAISS index: hooked-how-to-build-habit-forming-products.dataset.faiss (271.54 KB)
2025-11-01 01:24:28,475 - am_embed - INFO - Saved metadata: hooked-how-to-build-habit-forming-products.dataset.pkl (340.43 KB)
2025-11-01 01:24:28,475 - quality_tracker - INFO - Starting: track_quality
2025-11-01 01:24:28,483 - quality_tracker - INFO - embed metrics:
2025-11-01 01:24:28,483 - quality_tracker - INFO -   total_vectors: 181
2025-11-01 01:24:28,483 - quality_tracker - INFO -   embedding_dim: 384
2025-11-01 01:24:28,483 - quality_tracker - INFO -   embedding_failures: 0
2025-11-01 01:24:28,483 - quality_tracker - INFO -   failure_rate: 0.0000
2025-11-01 01:24:28,483 - quality_tracker - INFO -   avg_norm: 1.0000
2025-11-01 01:24:28,484 - quality_tracker - INFO -   min_norm: 1.0000
2025-11-01 01:24:28,484 - quality_tracker - INFO -   max_norm: 1.0000
2025-11-01 01:24:28,484 - quality_tracker - INFO--- Logging error ---
Traceback (most recent call last):
  File "C:\Users\Dimon\AppData\Local\Programs\Python\Python313\Lib\logging\__init__.py", line 1154, in emit
    stream.write(msg + self.terminator)
    ~~~~~~~~~~~~^^^^^^^^^^^^^^^^^^^^^^^
  File "C:\Users\Dimon\AppData\Local\Programs\Python\Python313\Lib\site-packages\colorama\ansitowin32.py", line 47, in write
    self.__convertor.write(text)
    ~~~~~~~~~~~~~~~~~~~~~~^^^^^^
  File "C:\Users\Dimon\AppData\Local\Programs\Python\Python313\Lib\site-packages\colorama\ansitowin32.py", line 177, in write
    self.write_and_convert(text)
    ~~~~~~~~~~~~~~~~~~~~~~^^^^^^
  File "C:\Users\Dimon\AppData\Local\Programs\Python\Python313\Lib\site-packages\colorama\ansitowin32.py", line 205, in write_and_convert
    self.write_plain_text(text, cursor, len(text))
    ~~~~~~~~~~~~~~~~~~~~~^^^^^^^^^^^^^^^^^^^^^^^^^
  File "C:\Users\Dimon\AppData\Local\Programs\Python\Python313\Lib\site-packages\colorama\ansitowin32.py", line 210, in write_plain_text
    self.wrapped.write(text[start:end])
    ~~~~~~~~~~~~~~~~~~^^^^^^^^^^^^^^^^^
  File "C:\Users\Dimon\AppData\Local\Programs\Python\Python313\Lib\encodings\cp1251.py", line 19, in encode
    return codecs.charmap_encode(input,self.errors,encoding_table)[0]
           ~~~~~~~~~~~~~~~~~~~~~^^^^^^^^^^^^^^^^^^^^^^^^^^^^^^^^^^
UnicodeEncodeError: 'charmap' codec can't encode character '\u2713' in position 3: character maps to <undefined>
Call stack:
  File "C:\scripts\1repo\run_mvp.py", line 680, in <module>
    main()
  File "C:\scripts\1repo\run_mvp.py", line 652, in main
    results = orchestrator.run_single(
  File "C:\scripts\1repo\run_mvp.py", line 226, in run_single
    stage_result = self._run_stage(stage, current_input)
  File "C:\scripts\1repo\run_mvp.py", line 428, in _run_stage
    return processor.process_chunks(input_path, output_dir=None)
  File "C:\scripts\1repo\am_embed.py", line 426, in process_chunks
    self.quality_tracker.track('embed', chunks_path.name, metrics)
  File "C:\scripts\1repo\quality_tracker.py", line 171, in track
    logger.info(f"\u2713 Quality thresholds passed for {stage}")
Message: '\u2713 Quality thresholds passed for embed'
Arguments: ()
2025-11-01 01:24:28,485 - quality_tracker - INFO - Completed: track_quality (0.01s)
2025-11-01 01:24:28,485 - am_embed - INFO - Saved: hooked-how-to-build-habit-forming-products.dataset.faiss, hooked-how-to-build-habit-forming-products.dataset.pkl
2025-11-01 01:24:28,485 - __main__ - INFO - ============================================================
2025-11-01 01:24:28,485 - __main__ - INFO--- Logging error ---
Traceback (most recent call last):
  File "C:\Users\Dimon\AppData\Local\Programs\Python\Python313\Lib\logging\__init__.py", line 1154, in emit
    stream.write(msg + self.terminator)
    ~~~~~~~~~~~~^^^^^^^^^^^^^^^^^^^^^^^
  File "C:\Users\Dimon\AppData\Local\Programs\Python\Python313\Lib\site-packages\colorama\ansitowin32.py", line 47, in write
    self.__convertor.write(text)
    ~~~~~~~~~~~~~~~~~~~~~~^^^^^^
  File "C:\Users\Dimon\AppData\Local\Programs\Python\Python313\Lib\site-packages\colorama\ansitowin32.py", line 177, in write
    self.write_and_convert(text)
    ~~~~~~~~~~~~~~~~~~~~~~^^^^^^
  File "C:\Users\Dimon\AppData\Local\Programs\Python\Python313\Lib\site-packages\colorama\ansitowin32.py", line 205, in write_and_convert
    self.write_plain_text(text, cursor, len(text))
    ~~~~~~~~~~~~~~~~~~~~~^^^^^^^^^^^^^^^^^^^^^^^^^
  File "C:\Users\Dimon\AppData\Local\Programs\Python\Python313\Lib\site-packages\colorama\ansitowin32.py", line 210, in write_plain_text
    self.wrapped.write(text[start:end])
    ~~~~~~~~~~~~~~~~~~^^^^^^^^^^^^^^^^^
  File "C:\Users\Dimon\AppData\Local\Programs\Python\Python313\Lib\encodings\cp1251.py", line 19, in encode
    return codecs.charmap_encode(input,self.errors,encoding_table)[0]
           ~~~~~~~~~~~~~~~~~~~~~^^^^^^^^^^^^^^^^^^^^^^^^^^^^^^^^^^
UnicodeEncodeError: 'charmap' codec can't encode character '\U0001f522' in position 5: character maps to <undefined>
Call stack:
  File "C:\scripts\1repo\run_mvp.py", line 680, in <module>
    main()
  File "C:\scripts\1repo\run_mvp.py", line 652, in main
    results = orchestrator.run_single(
  File "C:\scripts\1repo\run_mvp.py", line 253, in run_single
    log_stage(logger, stage, "Completed")
  File "C:\scripts\1repo\am_logging.py", line 613, in log_stage
    log_section(logger, f"{emoji} {action}: {stage.upper()}", "INFO")
  File "C:\scripts\1repo\am_logging.py", line 588, in log_section
    log_func(f"  {title}")
Message: '  \U0001f522 Completed: EMBED'
Arguments: ()
2025-11-01 01:24:28,486 - __main__ - INFO - ============================================================
2025-11-01 01:24:28,486 - __main__ - INFO - Pipeline status: completed
2025-11-01 01:24:28,486 - __main__ - INFO - Completed: run_single_pipeline (38.60s)
2025-11-01 01:24:28,486 - __main__ - INFO - ============================================================
2025-11-01 01:24:28,486 - __main__ - INFO--- Logging error ---
Traceback (most recent call last):
  File "C:\Users\Dimon\AppData\Local\Programs\Python\Python313\Lib\logging\__init__.py", line 1154, in emit
    stream.write(msg + self.terminator)
    ~~~~~~~~~~~~^^^^^^^^^^^^^^^^^^^^^^^
  File "C:\Users\Dimon\AppData\Local\Programs\Python\Python313\Lib\site-packages\colorama\ansitowin32.py", line 47, in write
    self.__convertor.write(text)
    ~~~~~~~~~~~~~~~~~~~~~~^^^^^^
  File "C:\Users\Dimon\AppData\Local\Programs\Python\Python313\Lib\site-packages\colorama\ansitowin32.py", line 177, in write
    self.write_and_convert(text)
    ~~~~~~~~~~~~~~~~~~~~~~^^^^^^
  File "C:\Users\Dimon\AppData\Local\Programs\Python\Python313\Lib\site-packages\colorama\ansitowin32.py", line 205, in write_and_convert
    self.write_plain_text(text, cursor, len(text))
    ~~~~~~~~~~~~~~~~~~~~~^^^^^^^^^^^^^^^^^^^^^^^^^
  File "C:\Users\Dimon\AppData\Local\Programs\Python\Python313\Lib\site-packages\colorama\ansitowin32.py", line 210, in write_plain_text
    self.wrapped.write(text[start:end])
    ~~~~~~~~~~~~~~~~~~^^^^^^^^^^^^^^^^^
  File "C:\Users\Dimon\AppData\Local\Programs\Python\Python313\Lib\encodings\cp1251.py", line 19, in encode
    return codecs.charmap_encode(input,self.errors,encoding_table)[0]
           ~~~~~~~~~~~~~~~~~~~~~^^^^^^^^^^^^^^^^^^^^^^^^^^^^^^^^^^
UnicodeEncodeError: 'charmap' codec can't encode character '\U0001f4ca' in position 5: character maps to <undefined>
Call stack:
  File "C:\scripts\1repo\run_mvp.py", line 680, in <module>
    main()
  File "C:\scripts\1repo\run_mvp.py", line 660, in main
    orchestrator.generate_reports()
  File "C:\scripts\1repo\run_mvp.py", line 502, in generate_reports
    log_section(logger, "\U0001f4ca FINAL REPORTS", "INFO")
  File "C:\scripts\1repo\am_logging.py", line 588, in log_section
    log_func(f"  {title}")
Message: '  \U0001f4ca FINAL REPORTS'
Arguments: ()
2025-11-01 01:24:28,487 - __main__ - INFO - ============================================================
2025-11-01 01:24:28,487 - __main__ - INFO - ============================================================
2025-11-01 01:24:28,487 - __main__ - INFO -   Performance Summary
2025-11-01 01:24:28,487 - __main__ - INFO - ============================================================
2025-11-01 01:24:28,487 - __main__ - INFO - 
run_single_pipeline:
2025-11-01 01:24:28,487 - __main__ - INFO -   Count: 1
2025-11-01 01:24:28,487 - __main__ - INFO -   Total: 38.60s
2025-11-01 01:24:28,487 - __main__ - INFO -   Avg: 38.60s
2025-11-01 01:24:28,487 - __main__ - INFO -   Min: 38.60s
2025-11-01 01:24:28,487 - __main__ - INFO -   Max: 38.60s
2025-11-01 01:24:28,487 - __main__ - INFO - 
track_quality:
2025-11-01 01:24:28,487 - __main__ - INFO -   Count: 7
2025-11-01 01:24:28,488 - __main__ - INFO -   Total: 0.02s
2025-11-01 01:24:28,488 - __main__ - INFO -   Avg: 0.00s
2025-11-01 01:24:28,488 - __main__ - INFO -   Min: 0.00s
2025-11-01 01:24:28,488 - __main__ - INFO -   Max: 0.01s
2025-11-01 01:24:28,488 - __main__ - INFO - No errors or warnings recorded
2025-11-01 01:24:28,488 - __main__ - INFO - 
2025-11-01 01:24:28,488 - quality_tracker - INFO - Starting: generate_quality_report
2025-11-01 01:24:28,489 - quality_tracker - INFO - Quality report saved: C:\scripts\1repo\data\quality\quality_report_20251101_012428.json
2025-11-01 01:24:28,490 - quality_tracker - INFO - Completed: generate_quality_report (0.00s)
2025-11-01 01:24:28,490 - quality_tracker - INFO - ============================================================
2025-11-01 01:24:28,490 - quality_tracker - INFO -   QUALITY REPORT
2025-11-01 01:24:28,490 - quality_tracker - INFO - ============================================================
2025-11-01 01:24:28,490 - quality_tracker - INFO - Generated: 2025-10-31T22:24:28Z
2025-11-01 01:24:28,490 - quality_tracker - INFO - Version: 2.0.0

2025-11-01 01:24:28,490 - quality_tracker - INFO - ------------------------------------------------------------
2025-11-01 01:24:28,490 - quality_tracker - INFO -   Stage: STRUCTURAL
2025-11-01 01:24:28,491 - quality_tracker - INFO - ------------------------------------------------------------
2025-11-01 01:24:28,491 - quality_tracker - INFO - Summary:
2025-11-01 01:24:28,491 - quality_tracker - INFO -   total_runs: 1
2025-11-01 01:24:28,491 - quality_tracker - INFO -   passed_threshold: 1
2025-11-01 01:24:28,491 - quality_tracker - INFO -   failed_threshold: 0
2025-11-01 01:24:28,491 - quality_tracker - INFO -   pass_rate: 100.0%
2025-11-01 01:24:28,491 - quality_tracker - INFO - 
Recent trend (last 1 runs):
2025-11-01 01:24:28,491 - quality_tracker - INFO -   Pass rate: 100.0%
2025-11-01 01:24:28,491 - quality_tracker - INFO - 
2025-11-01 01:24:28,491 - quality_tracker - INFO - ------------------------------------------------------------
2025-11-01 01:24:28,491 - quality_tracker - INFO -   Stage: STRUCTURE_DETECT
2025-11-01 01:24:28,491 - quality_tracker - INFO - ------------------------------------------------------------
2025-11-01 01:24:28,491 - quality_tracker - INFO - Summary:
2025-11-01 01:24:28,491 - quality_tracker - INFO -   total_runs: 1
2025-11-01 01:24:28,491 - quality_tracker - INFO -   passed_threshold: 1
2025-11-01 01:24:28,491 - quality_tracker - INFO -   failed_threshold: 0
2025-11-01 01:24:28,491 - quality_tracker - INFO -   pass_rate: 100.0%
2025-11-01 01:24:28,491 - quality_tracker - INFO - 
Recent trend (last 1 runs):
2025-11-01 01:24:28,491 - quality_tracker - INFO -   Pass rate: 100.0%
2025-11-01 01:24:28,491 - quality_tracker - INFO - 
2025-11-01 01:24:28,491 - quality_tracker - INFO - ------------------------------------------------------------
2025-11-01 01:24:28,491 - quality_tracker - INFO -   Stage: SUMMARIZE
2025-11-01 01:24:28,491 - quality_tracker - INFO - ------------------------------------------------------------
2025-11-01 01:24:28,491 - quality_tracker - INFO - Summary:
2025-11-01 01:24:28,492 - quality_tracker - INFO -   total_runs: 1
2025-11-01 01:24:28,492 - quality_tracker - INFO -   passed_threshold: 1
2025-11-01 01:24:28,492 - quality_tracker - INFO -   failed_threshold: 0
2025-11-01 01:24:28,492 - quality_tracker - INFO -   pass_rate: 100.0%
2025-11-01 01:24:28,492 - quality_tracker - INFO - 
Recent trend (last 1 runs):
2025-11-01 01:24:28,492 - quality_tracker - INFO -   Pass rate: 100.0%
2025-11-01 01:24:28,492 - quality_tracker - INFO - 
2025-11-01 01:24:28,492 - quality_tracker - INFO - ------------------------------------------------------------
2025-11-01 01:24:28,492 - quality_tracker - INFO -   Stage: EXTENDED
2025-11-01 01:24:28,492 - quality_tracker - INFO - ------------------------------------------------------------
2025-11-01 01:24:28,492 - quality_tracker - INFO - Summary:
2025-11-01 01:24:28,492 - quality_tracker - INFO -   total_runs: 1
2025-11-01 01:24:28,492 - quality_tracker - INFO -   passed_threshold: 1
2025-11-01 01:24:28,492 - quality_tracker - INFO -   failed_threshold: 0
2025-11-01 01:24:28,492 - quality_tracker - INFO -   pass_rate: 100.0%
2025-11-01 01:24:28,492 - quality_tracker - INFO - 
Recent trend (last 1 runs):
2025-11-01 01:24:28,492 - quality_tracker - INFO -   Pass rate: 100.0%
2025-11-01 01:24:28,492 - quality_tracker - INFO - 
2025-11-01 01:24:28,492 - quality_tracker - INFO - ------------------------------------------------------------
2025-11-01 01:24:28,492 - quality_tracker - INFO -   Stage: FINALIZE
2025-11-01 01:24:28,492 - quality_tracker - INFO - ------------------------------------------------------------
2025-11-01 01:24:28,492 - quality_tracker - INFO - Summary:
2025-11-01 01:24:28,492 - quality_tracker - INFO -   total_runs: 1
2025-11-01 01:24:28,492 - quality_tracker - INFO -   passed_threshold: 1
2025-11-01 01:24:28,492 - quality_tracker - INFO -   failed_threshold: 0
2025-11-01 01:24:28,492 - quality_tracker - INFO -   pass_rate: 100.0%
2025-11-01 01:24:28,493 - quality_tracker - INFO - 
Recent trend (last 1 runs):
2025-11-01 01:24:28,493 - quality_tracker - INFO -   Pass rate: 100.0%
2025-11-01 01:24:28,493 - quality_tracker - INFO - 
2025-11-01 01:24:28,493 - quality_tracker - INFO - ------------------------------------------------------------
2025-11-01 01:24:28,493 - quality_tracker - INFO -   Stage: CHUNK
2025-11-01 01:24:28,493 - quality_tracker - INFO - ------------------------------------------------------------
2025-11-01 01:24:28,493 - quality_tracker - INFO - Summary:
2025-11-01 01:24:28,493 - quality_tracker - INFO -   total_runs: 1
2025-11-01 01:24:28,493 - quality_tracker - INFO -   passed_threshold: 1
2025-11-01 01:24:28,493 - quality_tracker - INFO -   failed_threshold: 0
2025-11-01 01:24:28,493 - quality_tracker - INFO -   pass_rate: 100.0%
2025-11-01 01:24:28,493 - quality_tracker - INFO - 
Recent trend (last 1 runs):
2025-11-01 01:24:28,493 - quality_tracker - INFO -   Pass rate: 100.0%
2025-11-01 01:24:28,493 - quality_tracker - INFO - 
2025-11-01 01:24:28,493 - quality_tracker - INFO - ------------------------------------------------------------
2025-11-01 01:24:28,493 - quality_tracker - INFO -   Stage: EMBED
2025-11-01 01:24:28,493 - quality_tracker - INFO - ------------------------------------------------------------
2025-11-01 01:24:28,493 - quality_tracker - INFO - Summary:
2025-11-01 01:24:28,493 - quality_tracker - INFO -   total_runs: 1
2025-11-01 01:24:28,493 - quality_tracker - INFO -   passed_threshold: 1
2025-11-01 01:24:28,493 - quality_tracker - INFO -   failed_threshold: 0
2025-11-01 01:24:28,493 - quality_tracker - INFO -   pass_rate: 100.0%
2025-11-01 01:24:28,493 - quality_tracker - INFO - 
Recent trend (last 1 runs):
2025-11-01 01:24:28,493 - quality_tracker - INFO -   Pass rate: 100.0%
2025-11-01 01:24:28,493 - quality_tracker - INFO - 
2025-11-01 01:24:28,494 - quality_tracker - INFO - ------------------------------------------------------------
2025-11-01 01:24:28,494 - quality_tracker - INFO -   PERFORMANCE SUMMARY
2025-11-01 01:24:28,494 - quality_tracker - INFO - ------------------------------------------------------------
2025-11-01 01:24:28,494 - quality_tracker - INFO - track_quality:
2025-11-01 01:24:28,494 - quality_tracker - INFO -   Count: 7, Avg: 0.00s
2025-11-01 01:24:28,494 - quality_tracker - INFO - run_single_pipeline:
2025-11-01 01:24:28,494 - quality_tracker - INFO -   Count: 1, Avg: 38.60s
2025-11-01 01:24:28,494 - __main__ - INFO - 
2025-11-01 01:24:28,494 - validate - INFO - ============================================================
2025-11-01 01:24:28,494 - validate - INFO -   Validation Summary
2025-11-01 01:24:28,494 - validate - INFO - ============================================================
2025-11-01 01:24:28,494 - validate - INFO - Overall Results:
2025-11-01 01:24:28,494 - validate - INFO -   total_datasets: 2
2025-11-01 01:24:28,494 - validate - INFO -   valid_datasets: 1
2025-11-01 01:24:28,494 - validate - INFO -   invalid_datasets: 1
2025-11-01 01:24:28,494 - validate - INFO -   total_errors: 2
2025-11-01 01:24:28,494 - validate - INFO -   total_warnings: 178
2025-11-01 01:24:28,494 - validate - INFO -   success_rate: 0.5000
2025-11-01 01:24:28,494 - validate - INFO -   timestamp: 2025-10-31T22:24:28.494373
2025-11-01 01:24:28,494 - validate - INFO - 
Per-dataset results:
2025-11-01 01:24:28,494 - validate - INFO--- Logging error ---
Traceback (most recent call last):
  File "C:\Users\Dimon\AppData\Local\Programs\Python\Python313\Lib\logging\__init__.py", line 1154, in emit
    stream.write(msg + self.terminator)
    ~~~~~~~~~~~~^^^^^^^^^^^^^^^^^^^^^^^
  File "C:\Users\Dimon\AppData\Local\Programs\Python\Python313\Lib\site-packages\colorama\ansitowin32.py", line 47, in write
    self.__convertor.write(text)
    ~~~~~~~~~~~~~~~~~~~~~~^^^^^^
  File "C:\Users\Dimon\AppData\Local\Programs\Python\Python313\Lib\site-packages\colorama\ansitowin32.py", line 177, in write
    self.write_and_convert(text)
    ~~~~~~~~~~~~~~~~~~~~~~^^^^^^
  File "C:\Users\Dimon\AppData\Local\Programs\Python\Python313\Lib\site-packages\colorama\ansitowin32.py", line 205, in write_and_convert
    self.write_plain_text(text, cursor, len(text))
    ~~~~~~~~~~~~~~~~~~~~~^^^^^^^^^^^^^^^^^^^^^^^^^
  File "C:\Users\Dimon\AppData\Local\Programs\Python\Python313\Lib\site-packages\colorama\ansitowin32.py", line 210, in write_plain_text
    self.wrapped.write(text[start:end])
    ~~~~~~~~~~~~~~~~~~^^^^^^^^^^^^^^^^^
  File "C:\Users\Dimon\AppData\Local\Programs\Python\Python313\Lib\encodings\cp1251.py", line 19, in encode
    return codecs.charmap_encode(input,self.errors,encoding_table)[0]
           ~~~~~~~~~~~~~~~~~~~~~^^^^^^^^^^^^^^^^^^^^^^^^^^^^^^^^^^
UnicodeEncodeError: 'charmap' codec can't encode character '\u2705' in position 5: character maps to <undefined>
Call stack:
  File "C:\scripts\1repo\run_mvp.py", line 680, in <module>
    main()
  File "C:\scripts\1repo\run_mvp.py", line 660, in main
    orchestrator.generate_reports()
  File "C:\scripts\1repo\run_mvp.py", line 522, in generate_reports
    self.validator.print_summary()
  File "C:\scripts\1repo\validate.py", line 784, in print_summary
    self.report.print_summary()
  File "C:\scripts\1repo\validate.py", line 644, in print_summary
    logger.info(f"  {status} - {dataset} (errors: {errors}, warnings: {warnings})")
Message: '  \u2705 VALID - hooked-how-to-build-habit-forming-products.dataset.jsonl (errors: 0, warnings: 8)'
Arguments: ()
2025-11-01 01:24:28,495 - validate - INFO--- Logging error ---
Traceback (most recent call last):
  File "C:\Users\Dimon\AppData\Local\Programs\Python\Python313\Lib\logging\__init__.py", line 1154, in emit
    stream.write(msg + self.terminator)
    ~~~~~~~~~~~~^^^^^^^^^^^^^^^^^^^^^^^
  File "C:\Users\Dimon\AppData\Local\Programs\Python\Python313\Lib\site-packages\colorama\ansitowin32.py", line 47, in write
    self.__convertor.write(text)
    ~~~~~~~~~~~~~~~~~~~~~~^^^^^^
  File "C:\Users\Dimon\AppData\Local\Programs\Python\Python313\Lib\site-packages\colorama\ansitowin32.py", line 177, in write
    self.write_and_convert(text)
    ~~~~~~~~~~~~~~~~~~~~~~^^^^^^
  File "C:\Users\Dimon\AppData\Local\Programs\Python\Python313\Lib\site-packages\colorama\ansitowin32.py", line 205, in write_and_convert
    self.write_plain_text(text, cursor, len(text))
    ~~~~~~~~~~~~~~~~~~~~~^^^^^^^^^^^^^^^^^^^^^^^^^
  File "C:\Users\Dimon\AppData\Local\Programs\Python\Python313\Lib\site-packages\colorama\ansitowin32.py", line 210, in write_plain_text
    self.wrapped.write(text[start:end])
    ~~~~~~~~~~~~~~~~~~^^^^^^^^^^^^^^^^^
  File "C:\Users\Dimon\AppData\Local\Programs\Python\Python313\Lib\encodings\cp1251.py", line 19, in encode
    return codecs.charmap_encode(input,self.errors,encoding_table)[0]
           ~~~~~~~~~~~~~~~~~~~~~^^^^^^^^^^^^^^^^^^^^^^^^^^^^^^^^^^
UnicodeEncodeError: 'charmap' codec can't encode character '\u274c' in position 5: character maps to <undefined>
Call stack:
  File "C:\scripts\1repo\run_mvp.py", line 680, in <module>
    main()
  File "C:\scripts\1repo\run_mvp.py", line 660, in main
    orchestrator.generate_reports()
  File "C:\scripts\1repo\run_mvp.py", line 522, in generate_reports
    self.validator.print_summary()
  File "C:\scripts\1repo\validate.py", line 784, in print_summary
    self.report.print_summary()
  File "C:\scripts\1repo\validate.py", line 644, in print_summary
    logger.info(f"  {status} - {dataset} (errors: {errors}, warnings: {warnings})")
Message: '  \u274c INVALID - hooked-how-to-build-habit-forming-products.dataset.jsonl (errors: 2, warnings: 170)'
Arguments: ()
2025-11-01 01:24:28,496 - __main__ - INFO - ============================================================
2025-11-01 01:24:28,496 - __main__ - INFO--- Logging error ---
Traceback (most recent call last):
  File "C:\Users\Dimon\AppData\Local\Programs\Python\Python313\Lib\logging\__init__.py", line 1154, in emit
    stream.write(msg + self.terminator)
    ~~~~~~~~~~~~^^^^^^^^^^^^^^^^^^^^^^^
  File "C:\Users\Dimon\AppData\Local\Programs\Python\Python313\Lib\site-packages\colorama\ansitowin32.py", line 47, in write
    self.__convertor.write(text)
    ~~~~~~~~~~~~~~~~~~~~~~^^^^^^
  File "C:\Users\Dimon\AppData\Local\Programs\Python\Python313\Lib\site-packages\colorama\ansitowin32.py", line 177, in write
    self.write_and_convert(text)
    ~~~~~~~~~~~~~~~~~~~~~~^^^^^^
  File "C:\Users\Dimon\AppData\Local\Programs\Python\Python313\Lib\site-packages\colorama\ansitowin32.py", line 205, in write_and_convert
    self.write_plain_text(text, cursor, len(text))
    ~~~~~~~~~~~~~~~~~~~~~^^^^^^^^^^^^^^^^^^^^^^^^^
  File "C:\Users\Dimon\AppData\Local\Programs\Python\Python313\Lib\site-packages\colorama\ansitowin32.py", line 210, in write_plain_text
    self.wrapped.write(text[start:end])
    ~~~~~~~~~~~~~~~~~~^^^^^^^^^^^^^^^^^
  File "C:\Users\Dimon\AppData\Local\Programs\Python\Python313\Lib\encodings\cp1251.py", line 19, in encode
    return codecs.charmap_encode(input,self.errors,encoding_table)[0]
           ~~~~~~~~~~~~~~~~~~~~~^^^^^^^^^^^^^^^^^^^^^^^^^^^^^^^^^^
UnicodeEncodeError: 'charmap' codec can't encode character '\u2705' in position 5: character maps to <undefined>
Call stack:
  File "C:\scripts\1repo\run_mvp.py", line 680, in <module>
    main()
  File "C:\scripts\1repo\run_mvp.py", line 667, in main
    log_section(logger, "\u2705 PIPELINE COMPLETED SUCCESSFULLY", "INFO")
  File "C:\scripts\1repo\am_logging.py", line 588, in log_section
    log_func(f"  {title}")
Message: '  \u2705 PIPELINE COMPLETED SUCCESSFULLY'
Arguments: ()
2025-11-01 01:24:28,497 - __main__ - INFO - ============================================================
