[WARN] OCR not available
2025-11-01 01:24:32,558 - faiss.loader - INFO - Loading faiss with AVX512 support.
2025-11-01 01:24:32,558 - faiss.loader - INFO - Could not load library with AVX512 support due to:
ModuleNotFoundError("No module named 'faiss.swigfaiss_avx512'")
2025-11-01 01:24:32,559 - faiss.loader - INFO - Loading faiss with AVX2 support.
2025-11-01 01:24:32,569 - faiss.loader - INFO - Successfully loaded faiss with AVX2 support.
2025-11-01 01:24:32,574 - am_common - INFO - Loading config: config\batch_full.yaml
2025-11-01 01:24:32,589 - am_common - INFO - Config loaded successfully
2025-11-01 01:24:32,589 - quality_tracker - INFO - Quality tracker initialized: C:\scripts\1repo\data\quality
2025-11-01 01:24:32,590 - __main__ - INFO - ============================================================
2025-11-01 01:24:32,590 - __main__ - INFO--- Logging error ---
Traceback (most recent call last):
  File "C:\Users\Dimon\AppData\Local\Programs\Python\Python313\Lib\logging\__init__.py", line 1154, in emit
    stream.write(msg + self.terminator)
    ~~~~~~~~~~~~^^^^^^^^^^^^^^^^^^^^^^^
  File "C:\Users\Dimon\AppData\Local\Programs\Python\Python313\Lib\site-packages\colorama\ansitowin32.py", line 47, in write
    self.__convertor.write(text)
    ~~~~~~~~~~~~~~~~~~~~~~^^^^^^
  File "C:\Users\Dimon\AppData\Local\Programs\Python\Python313\Lib\site-packages\colorama\ansitowin32.py", line 177, in write
    self.write_and_convert(text)
    ~~~~~~~~~~~~~~~~~~~~~~^^^^^^
  File "C:\Users\Dimon\AppData\Local\Programs\Python\Python313\Lib\site-packages\colorama\ansitowin32.py", line 205, in write_and_convert
    self.write_plain_text(text, cursor, len(text))
    ~~~~~~~~~~~~~~~~~~~~~^^^^^^^^^^^^^^^^^^^^^^^^^
  File "C:\Users\Dimon\AppData\Local\Programs\Python\Python313\Lib\site-packages\colorama\ansitowin32.py", line 210, in write_plain_text
    self.wrapped.write(text[start:end])
    ~~~~~~~~~~~~~~~~~~^^^^^^^^^^^^^^^^^
  File "C:\Users\Dimon\AppData\Local\Programs\Python\Python313\Lib\encodings\cp1251.py", line 19, in encode
    return codecs.charmap_encode(input,self.errors,encoding_table)[0]
           ~~~~~~~~~~~~~~~~~~~~~^^^^^^^^^^^^^^^^^^^^^^^^^^^^^^^^^^
UnicodeEncodeError: 'charmap' codec can't encode character '\U0001f680' in position 5: character maps to <undefined>
Call stack:
  File "C:\scripts\1repo\run_mvp.py", line 680, in <module>
    main()
  File "C:\scripts\1repo\run_mvp.py", line 605, in main
    orchestrator = PipelineOrchestrator(
  File "C:\scripts\1repo\run_mvp.py", line 136, in __init__
    log_section(logger, f"\U0001f680 {PRODUCT_NAME} {VERSION}", "INFO")
  File "C:\scripts\1repo\am_logging.py", line 588, in log_section
    log_func(f"  {title}")
Message: '  \U0001f680 archivist magika 2.0.0'
Arguments: ()
2025-11-01 01:24:32,591 - __main__ - INFO - ============================================================
2025-11-01 01:24:32,591 - __main__ - INFO - Quality check: enabled
2025-11-01 01:24:32,591 - __main__ - INFO - Validation: enabled
2025-11-01 01:24:32,591 - __main__ - INFO - Dry run: no
2025-11-01 01:24:32,591 - __main__ - INFO - Starting: run_single_pipeline
2025-11-01 01:24:32,592 - __main__ - INFO - Processing: Lean_Analytics.pdf
2025-11-01 01:24:32,592 - __main__ - INFO--- Logging error ---
Traceback (most recent call last):
  File "C:\Users\Dimon\AppData\Local\Programs\Python\Python313\Lib\logging\__init__.py", line 1154, in emit
    stream.write(msg + self.terminator)
    ~~~~~~~~~~~~^^^^^^^^^^^^^^^^^^^^^^^
  File "C:\Users\Dimon\AppData\Local\Programs\Python\Python313\Lib\site-packages\colorama\ansitowin32.py", line 47, in write
    self.__convertor.write(text)
    ~~~~~~~~~~~~~~~~~~~~~~^^^^^^
  File "C:\Users\Dimon\AppData\Local\Programs\Python\Python313\Lib\site-packages\colorama\ansitowin32.py", line 177, in write
    self.write_and_convert(text)
    ~~~~~~~~~~~~~~~~~~~~~~^^^^^^
  File "C:\Users\Dimon\AppData\Local\Programs\Python\Python313\Lib\site-packages\colorama\ansitowin32.py", line 205, in write_and_convert
    self.write_plain_text(text, cursor, len(text))
    ~~~~~~~~~~~~~~~~~~~~~^^^^^^^^^^^^^^^^^^^^^^^^^
  File "C:\Users\Dimon\AppData\Local\Programs\Python\Python313\Lib\site-packages\colorama\ansitowin32.py", line 210, in write_plain_text
    self.wrapped.write(text[start:end])
    ~~~~~~~~~~~~~~~~~~^^^^^^^^^^^^^^^^^
  File "C:\Users\Dimon\AppData\Local\Programs\Python\Python313\Lib\encodings\cp1251.py", line 19, in encode
    return codecs.charmap_encode(input,self.errors,encoding_table)[0]
           ~~~~~~~~~~~~~~~~~~~~~^^^^^^^^^^^^^^^^^^^^^^^^^^^^^^^^^^
UnicodeEncodeError: 'charmap' codec can't encode character '\u2192' in position 24: character maps to <undefined>
Call stack:
  File "C:\scripts\1repo\run_mvp.py", line 680, in <module>
    main()
  File "C:\scripts\1repo\run_mvp.py", line 652, in main
    results = orchestrator.run_single(
  File "C:\scripts\1repo\run_mvp.py", line 196, in run_single
    logger.info(f"Pipeline: {start_stage} \u2192 {end_stage}")
Message: 'Pipeline: structural \u2192 embed'
Arguments: ()
2025-11-01 01:24:32,592 - __main__ - INFO--- Logging error ---
Traceback (most recent call last):
  File "C:\Users\Dimon\AppData\Local\Programs\Python\Python313\Lib\logging\__init__.py", line 1154, in emit
    stream.write(msg + self.terminator)
    ~~~~~~~~~~~~^^^^^^^^^^^^^^^^^^^^^^^
  File "C:\Users\Dimon\AppData\Local\Programs\Python\Python313\Lib\site-packages\colorama\ansitowin32.py", line 47, in write
    self.__convertor.write(text)
    ~~~~~~~~~~~~~~~~~~~~~~^^^^^^
  File "C:\Users\Dimon\AppData\Local\Programs\Python\Python313\Lib\site-packages\colorama\ansitowin32.py", line 177, in write
    self.write_and_convert(text)
    ~~~~~~~~~~~~~~~~~~~~~~^^^^^^
  File "C:\Users\Dimon\AppData\Local\Programs\Python\Python313\Lib\site-packages\colorama\ansitowin32.py", line 205, in write_and_convert
    self.write_plain_text(text, cursor, len(text))
    ~~~~~~~~~~~~~~~~~~~~~^^^^^^^^^^^^^^^^^^^^^^^^^
  File "C:\Users\Dimon\AppData\Local\Programs\Python\Python313\Lib\site-packages\colorama\ansitowin32.py", line 210, in write_plain_text
    self.wrapped.write(text[start:end])
    ~~~~~~~~~~~~~~~~~~^^^^^^^^^^^^^^^^^
  File "C:\Users\Dimon\AppData\Local\Programs\Python\Python313\Lib\encodings\cp1251.py", line 19, in encode
    return codecs.charmap_encode(input,self.errors,encoding_table)[0]
           ~~~~~~~~~~~~~~~~~~~~~^^^^^^^^^^^^^^^^^^^^^^^^^^^^^^^^^^
UnicodeEncodeError: 'charmap' codec can't encode character '\u2192' in position 22: character maps to <undefined>
Call stack:
  File "C:\scripts\1repo\run_mvp.py", line 680, in <module>
    main()
  File "C:\scripts\1repo\run_mvp.py", line 652, in main
    results = orchestrator.run_single(
  File "C:\scripts\1repo\run_mvp.py", line 209, in run_single
    logger.info(f"Stages: {' \u2192 '.join(stages)}")
Message: 'Stages: structural \u2192 structure_detect \u2192 summarize \u2192 extended \u2192 finalize \u2192 chunk \u2192 embed'
Arguments: ()
2025-11-01 01:24:32,593 - __main__ - INFO - ============================================================
2025-11-01 01:24:32,593 - __main__ - INFO--- Logging error ---
Traceback (most recent call last):
  File "C:\Users\Dimon\AppData\Local\Programs\Python\Python313\Lib\logging\__init__.py", line 1154, in emit
    stream.write(msg + self.terminator)
    ~~~~~~~~~~~~^^^^^^^^^^^^^^^^^^^^^^^
  File "C:\Users\Dimon\AppData\Local\Programs\Python\Python313\Lib\site-packages\colorama\ansitowin32.py", line 47, in write
    self.__convertor.write(text)
    ~~~~~~~~~~~~~~~~~~~~~~^^^^^^
  File "C:\Users\Dimon\AppData\Local\Programs\Python\Python313\Lib\site-packages\colorama\ansitowin32.py", line 177, in write
    self.write_and_convert(text)
    ~~~~~~~~~~~~~~~~~~~~~~^^^^^^
  File "C:\Users\Dimon\AppData\Local\Programs\Python\Python313\Lib\site-packages\colorama\ansitowin32.py", line 205, in write_and_convert
    self.write_plain_text(text, cursor, len(text))
    ~~~~~~~~~~~~~~~~~~~~~^^^^^^^^^^^^^^^^^^^^^^^^^
  File "C:\Users\Dimon\AppData\Local\Programs\Python\Python313\Lib\site-packages\colorama\ansitowin32.py", line 210, in write_plain_text
    self.wrapped.write(text[start:end])
    ~~~~~~~~~~~~~~~~~~^^^^^^^^^^^^^^^^^
  File "C:\Users\Dimon\AppData\Local\Programs\Python\Python313\Lib\encodings\cp1251.py", line 19, in encode
    return codecs.charmap_encode(input,self.errors,encoding_table)[0]
           ~~~~~~~~~~~~~~~~~~~~~^^^^^^^^^^^^^^^^^^^^^^^^^^^^^^^^^^
UnicodeEncodeError: 'charmap' codec can't encode character '\U0001f4c4' in position 5: character maps to <undefined>
Call stack:
  File "C:\scripts\1repo\run_mvp.py", line 680, in <module>
    main()
  File "C:\scripts\1repo\run_mvp.py", line 652, in main
    results = orchestrator.run_single(
  File "C:\scripts\1repo\run_mvp.py", line 222, in run_single
    log_stage(logger, stage, "Starting")
  File "C:\scripts\1repo\am_logging.py", line 613, in log_stage
    log_section(logger, f"{emoji} {action}: {stage.upper()}", "INFO")
  File "C:\scripts\1repo\am_logging.py", line 588, in log_section
    log_func(f"  {title}")
Message: '  \U0001f4c4 Starting: STRUCTURAL'
Arguments: ()
2025-11-01 01:24:32,593 - __main__ - INFO - ============================================================
2025-11-01 01:24:32,594 - am_common - INFO - Loading config: config\batch_full.yaml
2025-11-01 01:24:32,608 - am_common - INFO - Config loaded successfully
2025-11-01 01:24:32,608 - am_structural_robust - INFO - Text extractor chain: ['pdfminer', 'pdfplumber', 'pypdf2']
2025-11-01 01:24:32,608 - am_structural_robust - INFO - Table extractor chain: ['pdfplumber']
2025-11-01 01:24:32,608 - am_structural_robust - INFO - Processing: Lean_Analytics.pdf
2025-11-01 01:24:32,752 - am_structural_robust - INFO - PDF: Lean_Analytics
2025-11-01 01:24:32,873 - am_structural_robust - INFO - Total pages: 439
2025-11-01 01:24:33,163 - am_structural_robust - ERROR - [X] Page 0: All extractors failed
2025-11-01 01:24:33,724 - am_structural_robust - ERROR - [X] Page 1: All extractors failed
2025-11-01 01:24:36,151 - am_structural_robust - ERROR - [X] Page 9: All extractors failed
2025-11-01 01:24:37,472 - am_structural_robust - ERROR - [X] Page 13: All extractors failed
2025-11-01 01:24:38,827 - am_structural_robust - ERROR - [X] Page 17: All extractors failed
2025-11-01 01:24:41,977 - am_structural_robust - ERROR - [X] Page 27: All extractors failed
2025-11-01 01:24:49,120 - am_structural_robust - INFO -   Processed 50/439 pages
2025-11-01 01:24:50,996 - am_structural_robust - ERROR - [X] Page 55: All extractors failed
2025-11-01 01:24:54,821 - am_structural_robust - ERROR - [X] Page 67: All extractors failed
2025-11-01 01:24:55,663 - am_structural_robust - ERROR - [X] Page 69: All extractors failed
2025-11-01 01:25:06,340 - am_structural_robust - INFO -   Processed 100/439 pages
2025-11-01 01:25:15,092 - am_structural_robust - ERROR - [X] Page 127: All extractors failed
2025-11-01 01:25:18,680 - am_structural_robust - ERROR - [X] Page 137: All extractors failed
2025-11-01 01:25:22,570 - am_structural_robust - ERROR - [X] Page 149: All extractors failed
2025-11-01 01:25:22,689 - am_structural_robust - INFO -   Processed 150/439 pages
2025-11-01 01:25:26,658 - am_structural_robust - ERROR - [X] Page 161: All extractors failed
2025-11-01 01:25:33,971 - am_structural_robust - ERROR - [X] Page 183: All extractors failed
2025-11-01 01:25:39,407 - am_structural_robust - INFO -   Processed 200/439 pages
2025-11-01 01:25:55,703 - am_structural_robust - INFO -   Processed 250/439 pages
2025-11-01 01:25:56,456 - am_structural_robust - ERROR - [X] Page 251: All extractors failed
2025-11-01 01:26:09,091 - am_structural_robust - ERROR - [X] Page 289: All extractors failed
2025-11-01 01:26:11,661 - am_structural_robust - ERROR - [X] Page 295: All extractors failed
2025-11-01 01:26:12,513 - am_structural_robust - ERROR - [X] Page 297: All extractors failed
2025-11-01 01:26:13,221 - am_structural_robust - INFO -   Processed 300/439 pages
2025-11-01 01:26:19,303 - am_structural_robust - ERROR - [X] Page 317: All extractors failed
2025-11-01 01:26:29,616 - am_structural_robust - INFO -   Processed 350/439 pages
2025-11-01 01:26:34,734 - am_structural_robust - ERROR - [X] Page 365: All extractors failed
2025-11-01 01:26:36,913 - am_structural_robust - ERROR - [X] Page 371: All extractors failed
2025-11-01 01:26:38,308 - am_structural_robust - ERROR - [X] Page 375: All extractors failed
2025-11-01 01:26:38,964 - am_structural_robust - ERROR - [X] Page 377: All extractors failed
2025-11-01 01:26:46,445 - am_structural_robust - INFO -   Processed 400/439 pages
2025-11-01 01:26:50,967 - am_structural_robust - ERROR - [X] Page 413: All extractors failed
2025-11-01 01:26:52,940 - am_structural_robust - ERROR - [X] Page 419: All extractors failed
2025-11-01 01:26:58,251 - am_structural_robust - ERROR - [X] Page 435: All extractors failed
2025-11-01 01:26:59,393 - am_structural_robust - ERROR - [X] Page 438: All extractors failed
2025-11-01 01:26:59,514 - am_structural_robust - INFO - Extraction complete: 439 success, 0 failed
2025-11-01 01:26:59,514 - am_structural_robust - INFO -   Methods used: {'pdfminer': 412}
2025-11-01 01:26:59,515 - am_structural_robust - INFO -   OCR used: 0 pages
2025-11-01 01:26:59,515 - am_structural_robust - INFO -   Tables found: 55
2025-11-01 01:26:59,526 - am_common - INFO - Saving dataset: C:\scripts\1repo\data\datasets\structural\lean_analytics.dataset.jsonl (439 cards)
2025-11-01 01:26:59,533 - am_common - INFO - Saved: 439 cards to lean_analytics.dataset.jsonl (922.28 KB)
2025-11-01 01:26:59,533 - am_structural_robust - INFO - Dataset saved: 922.28 KB
2025-11-01 01:26:59,533 - quality_tracker - INFO - Starting: track_quality
2025-11-01 01:26:59,534 - quality_tracker - INFO - structural metrics:
2025-11-01 01:26:59,534 - quality_tracker - INFO -   total_pages: 439
2025-11-01 01:26:59,534 - quality_tracker - INFO -   success_pages: 439
2025-11-01 01:26:59,534 - quality_tracker - INFO -   failed_pages: 0
2025-11-01 01:26:59,534 - quality_tracker - INFO -   success_ratio: 1.0000
2025-11-01 01:26:59,534 - quality_tracker - INFO -   empty_pages: 27
2025-11-01 01:26:59,534 - quality_tracker - INFO -   avg_page_length: 1756.6834
2025-11-01 01:26:59,534 - quality_tracker - INFO -   extraction_methods: {'pdfminer': 412}
2025-11-01 01:26:59,535 - quality_tracker - INFO -   ocr_used: 0
2025-11-01 01:26:59,535 - quality_tracker - INFO -   tables_found: 55
2025-11-01 01:26:59,535 - quality_tracker - INFO--- Logging error ---
Traceback (most recent call last):
  File "C:\Users\Dimon\AppData\Local\Programs\Python\Python313\Lib\logging\__init__.py", line 1154, in emit
    stream.write(msg + self.terminator)
    ~~~~~~~~~~~~^^^^^^^^^^^^^^^^^^^^^^^
  File "C:\Users\Dimon\AppData\Local\Programs\Python\Python313\Lib\site-packages\colorama\ansitowin32.py", line 47, in write
    self.__convertor.write(text)
    ~~~~~~~~~~~~~~~~~~~~~~^^^^^^
  File "C:\Users\Dimon\AppData\Local\Programs\Python\Python313\Lib\site-packages\colorama\ansitowin32.py", line 177, in write
    self.write_and_convert(text)
    ~~~~~~~~~~~~~~~~~~~~~~^^^^^^
  File "C:\Users\Dimon\AppData\Local\Programs\Python\Python313\Lib\site-packages\colorama\ansitowin32.py", line 205, in write_and_convert
    self.write_plain_text(text, cursor, len(text))
    ~~~~~~~~~~~~~~~~~~~~~^^^^^^^^^^^^^^^^^^^^^^^^^
  File "C:\Users\Dimon\AppData\Local\Programs\Python\Python313\Lib\site-packages\colorama\ansitowin32.py", line 210, in write_plain_text
    self.wrapped.write(text[start:end])
    ~~~~~~~~~~~~~~~~~~^^^^^^^^^^^^^^^^^
  File "C:\Users\Dimon\AppData\Local\Programs\Python\Python313\Lib\encodings\cp1251.py", line 19, in encode
    return codecs.charmap_encode(input,self.errors,encoding_table)[0]
           ~~~~~~~~~~~~~~~~~~~~~^^^^^^^^^^^^^^^^^^^^^^^^^^^^^^^^^^
UnicodeEncodeError: 'charmap' codec can't encode character '\u2713' in position 3: character maps to <undefined>
Call stack:
  File "C:\scripts\1repo\run_mvp.py", line 680, in <module>
    main()
  File "C:\scripts\1repo\run_mvp.py", line 652, in main
    results = orchestrator.run_single(
  File "C:\scripts\1repo\run_mvp.py", line 226, in run_single
    stage_result = self._run_stage(stage, current_input)
  File "C:\scripts\1repo\run_mvp.py", line 409, in _run_stage
    return processor.process_pdf(input_path, output_dir)
  File "C:\scripts\1repo\am_structural_robust.py", line 569, in process_pdf
    self.quality_tracker.track('structural', pdf_path.name, metrics)
  File "C:\scripts\1repo\quality_tracker.py", line 171, in track
    logger.info(f"\u2713 Quality thresholds passed for {stage}")
Message: '\u2713 Quality thresholds passed for structural'
Arguments: ()
2025-11-01 01:26:59,536 - quality_tracker - INFO - Completed: track_quality (0.00s)
2025-11-01 01:26:59,536 - am_structural_robust - INFO - [OK] Saved: lean_analytics.dataset.jsonl
2025-11-01 01:26:59,537 - validate - INFO - Validating structural: lean_analytics.dataset.jsonl
2025-11-01 01:26:59,537 - am_common - INFO - Loading dataset: C:\scripts\1repo\data\datasets\structural\lean_analytics.dataset.jsonl
2025-11-01 01:26:59,553 - am_common - INFO - Loaded: 439 cards from lean_analytics.dataset.jsonl
2025-11-01 01:26:59,555 - validate - INFO - [OK] VALID - lean_analytics.dataset.jsonl
2025-11-01 01:26:59,556 - __main__ - INFO - ============================================================
2025-11-01 01:26:59,556 - __main__ - INFO--- Logging error ---
Traceback (most recent call last):
  File "C:\Users\Dimon\AppData\Local\Programs\Python\Python313\Lib\logging\__init__.py", line 1154, in emit
    stream.write(msg + self.terminator)
    ~~~~~~~~~~~~^^^^^^^^^^^^^^^^^^^^^^^
  File "C:\Users\Dimon\AppData\Local\Programs\Python\Python313\Lib\site-packages\colorama\ansitowin32.py", line 47, in write
    self.__convertor.write(text)
    ~~~~~~~~~~~~~~~~~~~~~~^^^^^^
  File "C:\Users\Dimon\AppData\Local\Programs\Python\Python313\Lib\site-packages\colorama\ansitowin32.py", line 177, in write
    self.write_and_convert(text)
    ~~~~~~~~~~~~~~~~~~~~~~^^^^^^
  File "C:\Users\Dimon\AppData\Local\Programs\Python\Python313\Lib\site-packages\colorama\ansitowin32.py", line 205, in write_and_convert
    self.write_plain_text(text, cursor, len(text))
    ~~~~~~~~~~~~~~~~~~~~~^^^^^^^^^^^^^^^^^^^^^^^^^
  File "C:\Users\Dimon\AppData\Local\Programs\Python\Python313\Lib\site-packages\colorama\ansitowin32.py", line 210, in write_plain_text
    self.wrapped.write(text[start:end])
    ~~~~~~~~~~~~~~~~~~^^^^^^^^^^^^^^^^^
  File "C:\Users\Dimon\AppData\Local\Programs\Python\Python313\Lib\encodings\cp1251.py", line 19, in encode
    return codecs.charmap_encode(input,self.errors,encoding_table)[0]
           ~~~~~~~~~~~~~~~~~~~~~^^^^^^^^^^^^^^^^^^^^^^^^^^^^^^^^^^
UnicodeEncodeError: 'charmap' codec can't encode character '\U0001f4c4' in position 5: character maps to <undefined>
Call stack:
  File "C:\scripts\1repo\run_mvp.py", line 680, in <module>
    main()
  File "C:\scripts\1repo\run_mvp.py", line 652, in main
    results = orchestrator.run_single(
  File "C:\scripts\1repo\run_mvp.py", line 253, in run_single
    log_stage(logger, stage, "Completed")
  File "C:\scripts\1repo\am_logging.py", line 613, in log_stage
    log_section(logger, f"{emoji} {action}: {stage.upper()}", "INFO")
  File "C:\scripts\1repo\am_logging.py", line 588, in log_section
    log_func(f"  {title}")
Message: '  \U0001f4c4 Completed: STRUCTURAL'
Arguments: ()
2025-11-01 01:26:59,556 - __main__ - INFO - ============================================================
2025-11-01 01:26:59,556 - __main__ - INFO - ============================================================
2025-11-01 01:26:59,557 - __main__ - INFO--- Logging error ---
Traceback (most recent call last):
  File "C:\Users\Dimon\AppData\Local\Programs\Python\Python313\Lib\logging\__init__.py", line 1154, in emit
    stream.write(msg + self.terminator)
    ~~~~~~~~~~~~^^^^^^^^^^^^^^^^^^^^^^^
  File "C:\Users\Dimon\AppData\Local\Programs\Python\Python313\Lib\site-packages\colorama\ansitowin32.py", line 47, in write
    self.__convertor.write(text)
    ~~~~~~~~~~~~~~~~~~~~~~^^^^^^
  File "C:\Users\Dimon\AppData\Local\Programs\Python\Python313\Lib\site-packages\colorama\ansitowin32.py", line 177, in write
    self.write_and_convert(text)
    ~~~~~~~~~~~~~~~~~~~~~~^^^^^^
  File "C:\Users\Dimon\AppData\Local\Programs\Python\Python313\Lib\site-packages\colorama\ansitowin32.py", line 205, in write_and_convert
    self.write_plain_text(text, cursor, len(text))
    ~~~~~~~~~~~~~~~~~~~~~^^^^^^^^^^^^^^^^^^^^^^^^^
  File "C:\Users\Dimon\AppData\Local\Programs\Python\Python313\Lib\site-packages\colorama\ansitowin32.py", line 210, in write_plain_text
    self.wrapped.write(text[start:end])
    ~~~~~~~~~~~~~~~~~~^^^^^^^^^^^^^^^^^
  File "C:\Users\Dimon\AppData\Local\Programs\Python\Python313\Lib\encodings\cp1251.py", line 19, in encode
    return codecs.charmap_encode(input,self.errors,encoding_table)[0]
           ~~~~~~~~~~~~~~~~~~~~~^^^^^^^^^^^^^^^^^^^^^^^^^^^^^^^^^^
UnicodeEncodeError: 'charmap' codec can't encode character '\U0001f4d6' in position 5: character maps to <undefined>
Call stack:
  File "C:\scripts\1repo\run_mvp.py", line 680, in <module>
    main()
  File "C:\scripts\1repo\run_mvp.py", line 652, in main
    results = orchestrator.run_single(
  File "C:\scripts\1repo\run_mvp.py", line 222, in run_single
    log_stage(logger, stage, "Starting")
  File "C:\scripts\1repo\am_logging.py", line 613, in log_stage
    log_section(logger, f"{emoji} {action}: {stage.upper()}", "INFO")
  File "C:\scripts\1repo\am_logging.py", line 588, in log_section
    log_func(f"  {title}")
Message: '  \U0001f4d6 Starting: STRUCTURE_DETECT'
Arguments: ()
2025-11-01 01:26:59,557 - __main__ - INFO - ============================================================
2025-11-01 01:26:59,557 - am_common - INFO - Loading config: config\batch_full.yaml
2025-11-01 01:26:59,572 - am_common - INFO - Config loaded successfully
2025-11-01 01:26:59,573 - am_structure_detect - INFO - Processing: lean_analytics.dataset.jsonl
2025-11-01 01:26:59,573 - am_common - INFO - Loading dataset: C:\scripts\1repo\data\datasets\structural\lean_analytics.dataset.jsonl
2025-11-01 01:26:59,580 - am_common - INFO - Loaded: 439 cards from lean_analytics.dataset.jsonl
2025-11-01 01:26:59,580 - am_structure_detect - INFO - TOC found: pages 15-16
2025-11-01 01:26:59,582 - am_structure_detect - INFO - Detected 3 chapters
2025-11-01 01:26:59,584 - am_structure_detect - INFO - Detected 0 sections
2025-11-01 01:26:59,585 - am_common - INFO - Saving dataset: C:\scripts\1repo\data\datasets\structured\lean_analytics.dataset.jsonl (439 cards)
2025-11-01 01:26:59,592 - am_common - INFO - Saved: 439 cards to lean_analytics.dataset.jsonl (969.08 KB)
2025-11-01 01:26:59,592 - quality_tracker - INFO - Starting: track_quality
2025-11-01 01:26:59,593 - quality_tracker - INFO - structure_detect metrics:
2025-11-01 01:26:59,593 - quality_tracker - INFO -   total_pages: 439
2025-11-01 01:26:59,593 - quality_tracker - INFO -   chapters_detected: 3
2025-11-01 01:26:59,593 - quality_tracker - INFO -   sections_detected: 0
2025-11-01 01:26:59,593 - quality_tracker - INFO -   pages_with_structure: 326
2025-11-01 01:26:59,593 - quality_tracker - INFO -   structure_coverage: 0.7426
2025-11-01 01:26:59,593 - quality_tracker - INFO -   avg_chapter_length: 146.3333
2025-11-01 01:26:59,593 - quality_tracker - INFO--- Logging error ---
Traceback (most recent call last):
  File "C:\Users\Dimon\AppData\Local\Programs\Python\Python313\Lib\logging\__init__.py", line 1154, in emit
    stream.write(msg + self.terminator)
    ~~~~~~~~~~~~^^^^^^^^^^^^^^^^^^^^^^^
  File "C:\Users\Dimon\AppData\Local\Programs\Python\Python313\Lib\site-packages\colorama\ansitowin32.py", line 47, in write
    self.__convertor.write(text)
    ~~~~~~~~~~~~~~~~~~~~~~^^^^^^
  File "C:\Users\Dimon\AppData\Local\Programs\Python\Python313\Lib\site-packages\colorama\ansitowin32.py", line 177, in write
    self.write_and_convert(text)
    ~~~~~~~~~~~~~~~~~~~~~~^^^^^^
  File "C:\Users\Dimon\AppData\Local\Programs\Python\Python313\Lib\site-packages\colorama\ansitowin32.py", line 205, in write_and_convert
    self.write_plain_text(text, cursor, len(text))
    ~~~~~~~~~~~~~~~~~~~~~^^^^^^^^^^^^^^^^^^^^^^^^^
  File "C:\Users\Dimon\AppData\Local\Programs\Python\Python313\Lib\site-packages\colorama\ansitowin32.py", line 210, in write_plain_text
    self.wrapped.write(text[start:end])
    ~~~~~~~~~~~~~~~~~~^^^^^^^^^^^^^^^^^
  File "C:\Users\Dimon\AppData\Local\Programs\Python\Python313\Lib\encodings\cp1251.py", line 19, in encode
    return codecs.charmap_encode(input,self.errors,encoding_table)[0]
           ~~~~~~~~~~~~~~~~~~~~~^^^^^^^^^^^^^^^^^^^^^^^^^^^^^^^^^^
UnicodeEncodeError: 'charmap' codec can't encode character '\u2713' in position 3: character maps to <undefined>
Call stack:
  File "C:\scripts\1repo\run_mvp.py", line 680, in <module>
    main()
  File "C:\scripts\1repo\run_mvp.py", line 652, in main
    results = orchestrator.run_single(
  File "C:\scripts\1repo\run_mvp.py", line 226, in run_single
    stage_result = self._run_stage(stage, current_input)
  File "C:\scripts\1repo\run_mvp.py", line 419, in _run_stage
    return processor.process_dataset(input_path, output_dir)
  File "C:\scripts\1repo\am_structure_detect.py", line 309, in process_dataset
    self.quality_tracker.track('structure_detect', input_path.name, metrics)
  File "C:\scripts\1repo\quality_tracker.py", line 171, in track
    logger.info(f"\u2713 Quality thresholds passed for {stage}")
Message: '\u2713 Quality thresholds passed for structure_detect'
Arguments: ()
2025-11-01 01:26:59,594 - quality_tracker - INFO - Completed: track_quality (0.00s)
2025-11-01 01:26:59,594 - am_structure_detect - INFO - Saved: lean_analytics.dataset.jsonl
2025-11-01 01:26:59,594 - __main__ - ERROR - Validation failed: Unknown stage: structure_detect
2025-11-01 01:26:59,594 - __main__ - WARNING - Validation issues: 1 errors
2025-11-01 01:26:59,595 - __main__ - INFO - ============================================================
2025-11-01 01:26:59,595 - __main__ - INFO--- Logging error ---
Traceback (most recent call last):
  File "C:\Users\Dimon\AppData\Local\Programs\Python\Python313\Lib\logging\__init__.py", line 1154, in emit
    stream.write(msg + self.terminator)
    ~~~~~~~~~~~~^^^^^^^^^^^^^^^^^^^^^^^
  File "C:\Users\Dimon\AppData\Local\Programs\Python\Python313\Lib\site-packages\colorama\ansitowin32.py", line 47, in write
    self.__convertor.write(text)
    ~~~~~~~~~~~~~~~~~~~~~~^^^^^^
  File "C:\Users\Dimon\AppData\Local\Programs\Python\Python313\Lib\site-packages\colorama\ansitowin32.py", line 177, in write
    self.write_and_convert(text)
    ~~~~~~~~~~~~~~~~~~~~~~^^^^^^
  File "C:\Users\Dimon\AppData\Local\Programs\Python\Python313\Lib\site-packages\colorama\ansitowin32.py", line 205, in write_and_convert
    self.write_plain_text(text, cursor, len(text))
    ~~~~~~~~~~~~~~~~~~~~~^^^^^^^^^^^^^^^^^^^^^^^^^
  File "C:\Users\Dimon\AppData\Local\Programs\Python\Python313\Lib\site-packages\colorama\ansitowin32.py", line 210, in write_plain_text
    self.wrapped.write(text[start:end])
    ~~~~~~~~~~~~~~~~~~^^^^^^^^^^^^^^^^^
  File "C:\Users\Dimon\AppData\Local\Programs\Python\Python313\Lib\encodings\cp1251.py", line 19, in encode
    return codecs.charmap_encode(input,self.errors,encoding_table)[0]
           ~~~~~~~~~~~~~~~~~~~~~^^^^^^^^^^^^^^^^^^^^^^^^^^^^^^^^^^
UnicodeEncodeError: 'charmap' codec can't encode character '\U0001f4d6' in position 5: character maps to <undefined>
Call stack:
  File "C:\scripts\1repo\run_mvp.py", line 680, in <module>
    main()
  File "C:\scripts\1repo\run_mvp.py", line 652, in main
    results = orchestrator.run_single(
  File "C:\scripts\1repo\run_mvp.py", line 253, in run_single
    log_stage(logger, stage, "Completed")
  File "C:\scripts\1repo\am_logging.py", line 613, in log_stage
    log_section(logger, f"{emoji} {action}: {stage.upper()}", "INFO")
  File "C:\scripts\1repo\am_logging.py", line 588, in log_section
    log_func(f"  {title}")
Message: '  \U0001f4d6 Completed: STRUCTURE_DETECT'
Arguments: ()
2025-11-01 01:26:59,595 - __main__ - INFO - ============================================================
2025-11-01 01:26:59,595 - __main__ - INFO - ============================================================
2025-11-01 01:26:59,595 - __main__ - INFO--- Logging error ---
Traceback (most recent call last):
  File "C:\Users\Dimon\AppData\Local\Programs\Python\Python313\Lib\logging\__init__.py", line 1154, in emit
    stream.write(msg + self.terminator)
    ~~~~~~~~~~~~^^^^^^^^^^^^^^^^^^^^^^^
  File "C:\Users\Dimon\AppData\Local\Programs\Python\Python313\Lib\site-packages\colorama\ansitowin32.py", line 47, in write
    self.__convertor.write(text)
    ~~~~~~~~~~~~~~~~~~~~~~^^^^^^
  File "C:\Users\Dimon\AppData\Local\Programs\Python\Python313\Lib\site-packages\colorama\ansitowin32.py", line 177, in write
    self.write_and_convert(text)
    ~~~~~~~~~~~~~~~~~~~~~~^^^^^^
  File "C:\Users\Dimon\AppData\Local\Programs\Python\Python313\Lib\site-packages\colorama\ansitowin32.py", line 205, in write_and_convert
    self.write_plain_text(text, cursor, len(text))
    ~~~~~~~~~~~~~~~~~~~~~^^^^^^^^^^^^^^^^^^^^^^^^^
  File "C:\Users\Dimon\AppData\Local\Programs\Python\Python313\Lib\site-packages\colorama\ansitowin32.py", line 210, in write_plain_text
    self.wrapped.write(text[start:end])
    ~~~~~~~~~~~~~~~~~~^^^^^^^^^^^^^^^^^
  File "C:\Users\Dimon\AppData\Local\Programs\Python\Python313\Lib\encodings\cp1251.py", line 19, in encode
    return codecs.charmap_encode(input,self.errors,encoding_table)[0]
           ~~~~~~~~~~~~~~~~~~~~~^^^^^^^^^^^^^^^^^^^^^^^^^^^^^^^^^^
UnicodeEncodeError: 'charmap' codec can't encode character '\U0001f4dd' in position 5: character maps to <undefined>
Call stack:
  File "C:\scripts\1repo\run_mvp.py", line 680, in <module>
    main()
  File "C:\scripts\1repo\run_mvp.py", line 652, in main
    results = orchestrator.run_single(
  File "C:\scripts\1repo\run_mvp.py", line 222, in run_single
    log_stage(logger, stage, "Starting")
  File "C:\scripts\1repo\am_logging.py", line 613, in log_stage
    log_section(logger, f"{emoji} {action}: {stage.upper()}", "INFO")
  File "C:\scripts\1repo\am_logging.py", line 588, in log_section
    log_func(f"  {title}")
Message: '  \U0001f4dd Starting: SUMMARIZE'
Arguments: ()
2025-11-01 01:26:59,596 - __main__ - INFO - ============================================================
2025-11-01 01:26:59,596 - am_common - INFO - Loading config: config\batch_full.yaml
2025-11-01 01:26:59,611 - am_common - INFO - Config loaded successfully
2025-11-01 01:26:59,611 - am_summarize - INFO - Processing: lean_analytics.dataset.jsonl
2025-11-01 01:26:59,611 - am_common - INFO - Loading dataset: C:\scripts\1repo\data\datasets\structured\lean_analytics.dataset.jsonl
2025-11-01 01:26:59,626 - am_common - INFO - Loaded: 439 cards from lean_analytics.dataset.jsonl
2025-11-01 01:26:59,884 - am_summarize - INFO - Summarized 412 pages, skipped 27
2025-11-01 01:26:59,885 - am_common - INFO - Saving dataset: C:\scripts\1repo\data\datasets\summarized\lean_analytics.dataset.jsonl (439 cards)
2025-11-01 01:26:59,901 - am_common - INFO - Saved: 439 cards to lean_analytics.dataset.jsonl (1.24 MB)
2025-11-01 01:26:59,902 - quality_tracker - INFO - Starting: track_quality
2025-11-01 01:26:59,902 - quality_tracker - INFO - summarize metrics:
2025-11-01 01:26:59,902 - quality_tracker - INFO -   total_pages: 439
2025-11-01 01:26:59,903 - quality_tracker - INFO -   summarized_pages: 412
2025-11-01 01:26:59,903 - quality_tracker - INFO -   skipped_pages: 27
2025-11-01 01:26:59,903 - quality_tracker - INFO -   summary_coverage: 0.9385
2025-11-01 01:26:59,903 - quality_tracker - INFO -   avg_l1_length: 202.0947
2025-11-01 01:26:59,903 - quality_tracker - INFO -   avg_l2_length: 483.6092
2025-11-01 01:26:59,903 - quality_tracker - INFO -   avg_compression_ratio: 10.4800
2025-11-01 01:26:59,903 - quality_tracker - INFO--- Logging error ---
Traceback (most recent call last):
  File "C:\Users\Dimon\AppData\Local\Programs\Python\Python313\Lib\logging\__init__.py", line 1154, in emit
    stream.write(msg + self.terminator)
    ~~~~~~~~~~~~^^^^^^^^^^^^^^^^^^^^^^^
  File "C:\Users\Dimon\AppData\Local\Programs\Python\Python313\Lib\site-packages\colorama\ansitowin32.py", line 47, in write
    self.__convertor.write(text)
    ~~~~~~~~~~~~~~~~~~~~~~^^^^^^
  File "C:\Users\Dimon\AppData\Local\Programs\Python\Python313\Lib\site-packages\colorama\ansitowin32.py", line 177, in write
    self.write_and_convert(text)
    ~~~~~~~~~~~~~~~~~~~~~~^^^^^^
  File "C:\Users\Dimon\AppData\Local\Programs\Python\Python313\Lib\site-packages\colorama\ansitowin32.py", line 205, in write_and_convert
    self.write_plain_text(text, cursor, len(text))
    ~~~~~~~~~~~~~~~~~~~~~^^^^^^^^^^^^^^^^^^^^^^^^^
  File "C:\Users\Dimon\AppData\Local\Programs\Python\Python313\Lib\site-packages\colorama\ansitowin32.py", line 210, in write_plain_text
    self.wrapped.write(text[start:end])
    ~~~~~~~~~~~~~~~~~~^^^^^^^^^^^^^^^^^
  File "C:\Users\Dimon\AppData\Local\Programs\Python\Python313\Lib\encodings\cp1251.py", line 19, in encode
    return codecs.charmap_encode(input,self.errors,encoding_table)[0]
           ~~~~~~~~~~~~~~~~~~~~~^^^^^^^^^^^^^^^^^^^^^^^^^^^^^^^^^^
UnicodeEncodeError: 'charmap' codec can't encode character '\u2713' in position 3: character maps to <undefined>
Call stack:
  File "C:\scripts\1repo\run_mvp.py", line 680, in <module>
    main()
  File "C:\scripts\1repo\run_mvp.py", line 652, in main
    results = orchestrator.run_single(
  File "C:\scripts\1repo\run_mvp.py", line 226, in run_single
    stage_result = self._run_stage(stage, current_input)
  File "C:\scripts\1repo\run_mvp.py", line 419, in _run_stage
    return processor.process_dataset(input_path, output_dir)
  File "C:\scripts\1repo\am_summarize.py", line 281, in process_dataset
    self.quality_tracker.track('summarize', input_path.name, metrics)
  File "C:\scripts\1repo\quality_tracker.py", line 171, in track
    logger.info(f"\u2713 Quality thresholds passed for {stage}")
Message: '\u2713 Quality thresholds passed for summarize'
Arguments: ()
2025-11-01 01:26:59,904 - quality_tracker - INFO - Completed: track_quality (0.00s)
2025-11-01 01:26:59,904 - am_summarize - INFO - Saved: lean_analytics.dataset.jsonl
2025-11-01 01:26:59,904 - __main__ - ERROR - Validation failed: Unknown stage: summarize
2025-11-01 01:26:59,904 - __main__ - WARNING - Validation issues: 1 errors
2025-11-01 01:26:59,904 - __main__ - INFO - ============================================================
2025-11-01 01:26:59,904 - __main__ - INFO--- Logging error ---
Traceback (most recent call last):
  File "C:\Users\Dimon\AppData\Local\Programs\Python\Python313\Lib\logging\__init__.py", line 1154, in emit
    stream.write(msg + self.terminator)
    ~~~~~~~~~~~~^^^^^^^^^^^^^^^^^^^^^^^
  File "C:\Users\Dimon\AppData\Local\Programs\Python\Python313\Lib\site-packages\colorama\ansitowin32.py", line 47, in write
    self.__convertor.write(text)
    ~~~~~~~~~~~~~~~~~~~~~~^^^^^^
  File "C:\Users\Dimon\AppData\Local\Programs\Python\Python313\Lib\site-packages\colorama\ansitowin32.py", line 177, in write
    self.write_and_convert(text)
    ~~~~~~~~~~~~~~~~~~~~~~^^^^^^
  File "C:\Users\Dimon\AppData\Local\Programs\Python\Python313\Lib\site-packages\colorama\ansitowin32.py", line 205, in write_and_convert
    self.write_plain_text(text, cursor, len(text))
    ~~~~~~~~~~~~~~~~~~~~~^^^^^^^^^^^^^^^^^^^^^^^^^
  File "C:\Users\Dimon\AppData\Local\Programs\Python\Python313\Lib\site-packages\colorama\ansitowin32.py", line 210, in write_plain_text
    self.wrapped.write(text[start:end])
    ~~~~~~~~~~~~~~~~~~^^^^^^^^^^^^^^^^^
  File "C:\Users\Dimon\AppData\Local\Programs\Python\Python313\Lib\encodings\cp1251.py", line 19, in encode
    return codecs.charmap_encode(input,self.errors,encoding_table)[0]
           ~~~~~~~~~~~~~~~~~~~~~^^^^^^^^^^^^^^^^^^^^^^^^^^^^^^^^^^
UnicodeEncodeError: 'charmap' codec can't encode character '\U0001f4dd' in position 5: character maps to <undefined>
Call stack:
  File "C:\scripts\1repo\run_mvp.py", line 680, in <module>
    main()
  File "C:\scripts\1repo\run_mvp.py", line 652, in main
    results = orchestrator.run_single(
  File "C:\scripts\1repo\run_mvp.py", line 253, in run_single
    log_stage(logger, stage, "Completed")
  File "C:\scripts\1repo\am_logging.py", line 613, in log_stage
    log_section(logger, f"{emoji} {action}: {stage.upper()}", "INFO")
  File "C:\scripts\1repo\am_logging.py", line 588, in log_section
    log_func(f"  {title}")
Message: '  \U0001f4dd Completed: SUMMARIZE'
Arguments: ()
2025-11-01 01:26:59,905 - __main__ - INFO - ============================================================
2025-11-01 01:26:59,905 - __main__ - INFO - ============================================================
2025-11-01 01:26:59,905 - __main__ - INFO--- Logging error ---
Traceback (most recent call last):
  File "C:\Users\Dimon\AppData\Local\Programs\Python\Python313\Lib\logging\__init__.py", line 1154, in emit
    stream.write(msg + self.terminator)
    ~~~~~~~~~~~~^^^^^^^^^^^^^^^^^^^^^^^
  File "C:\Users\Dimon\AppData\Local\Programs\Python\Python313\Lib\site-packages\colorama\ansitowin32.py", line 47, in write
    self.__convertor.write(text)
    ~~~~~~~~~~~~~~~~~~~~~~^^^^^^
  File "C:\Users\Dimon\AppData\Local\Programs\Python\Python313\Lib\site-packages\colorama\ansitowin32.py", line 177, in write
    self.write_and_convert(text)
    ~~~~~~~~~~~~~~~~~~~~~~^^^^^^
  File "C:\Users\Dimon\AppData\Local\Programs\Python\Python313\Lib\site-packages\colorama\ansitowin32.py", line 205, in write_and_convert
    self.write_plain_text(text, cursor, len(text))
    ~~~~~~~~~~~~~~~~~~~~~^^^^^^^^^^^^^^^^^^^^^^^^^
  File "C:\Users\Dimon\AppData\Local\Programs\Python\Python313\Lib\site-packages\colorama\ansitowin32.py", line 210, in write_plain_text
    self.wrapped.write(text[start:end])
    ~~~~~~~~~~~~~~~~~~^^^^^^^^^^^^^^^^^
  File "C:\Users\Dimon\AppData\Local\Programs\Python\Python313\Lib\encodings\cp1251.py", line 19, in encode
    return codecs.charmap_encode(input,self.errors,encoding_table)[0]
           ~~~~~~~~~~~~~~~~~~~~~^^^^^^^^^^^^^^^^^^^^^^^^^^^^^^^^^^
UnicodeEncodeError: 'charmap' codec can't encode character '\U0001f916' in position 5: character maps to <undefined>
Call stack:
  File "C:\scripts\1repo\run_mvp.py", line 680, in <module>
    main()
  File "C:\scripts\1repo\run_mvp.py", line 652, in main
    results = orchestrator.run_single(
  File "C:\scripts\1repo\run_mvp.py", line 222, in run_single
    log_stage(logger, stage, "Starting")
  File "C:\scripts\1repo\am_logging.py", line 613, in log_stage
    log_section(logger, f"{emoji} {action}: {stage.upper()}", "INFO")
  File "C:\scripts\1repo\am_logging.py", line 588, in log_section
    log_func(f"  {title}")
Message: '  \U0001f916 Starting: EXTENDED'
Arguments: ()
2025-11-01 01:26:59,906 - __main__ - INFO - ============================================================
2025-11-01 01:26:59,906 - am_common - INFO - Loading config: config\batch_full.yaml
2025-11-01 01:26:59,920 - am_common - INFO - Config loaded successfully
2025-11-01 01:26:59,945 - am_extended - INFO - Ollama available, using model: llama3.2:3b
2025-11-01 01:26:59,945 - am_extended - INFO - Processing: lean_analytics.dataset.jsonl
2025-11-01 01:26:59,945 - am_common - INFO - Loading dataset: C:\scripts\1repo\data\datasets\summarized\lean_analytics.dataset.jsonl
2025-11-01 01:26:59,962 - am_common - INFO - Loaded: 439 cards from lean_analytics.dataset.jsonl
2025-11-01 01:26:59,973 - am_extended - INFO - Marked 0 duplicate pages
2025-11-01 01:27:00,017 - am_extended - INFO - Found 116 continuity gaps
2025-11-01 01:27:00,017 - am_extended - INFO - Extracting extended fields (this may take a while)...
2025-11-01 01:27:00,038 - am_extended - ERROR - Ollama API error: 404
2025-11-01 01:27:00,068 - am_extended - ERROR - Ollama API error: 404
2025-11-01 01:27:00,099 - am_extended - ERROR - Ollama API error: 404
2025-11-01 01:27:00,113 - am_extended - ERROR - Ollama API error: 404
2025-11-01 01:27:00,129 - am_extended - ERROR - Ollama API error: 404
2025-11-01 01:27:00,159 - am_extended - ERROR - Ollama API error: 404
2025-11-01 01:27:00,191 - am_extended - ERROR - Ollama API error: 404
2025-11-01 01:27:00,222 - am_extended - ERROR - Ollama API error: 404
2025-11-01 01:27:00,237 - am_extended - ERROR - Ollama API error: 404
2025-11-01 01:27:00,252 - am_extended - ERROR - Ollama API error: 404
2025-11-01 01:27:00,267 - am_extended - ERROR - Ollama API error: 404
2025-11-01 01:27:00,298 - am_extended - ERROR - Ollama API error: 404
2025-11-01 01:27:00,329 - am_extended - ERROR - Ollama API error: 404
2025-11-01 01:27:00,359 - am_extended - ERROR - Ollama API error: 404
2025-11-01 01:27:00,361 - am_extended - ERROR - Ollama API error: 404
2025-11-01 01:27:00,362 - am_extended - INFO -   Processed 20/439 pages
2025-11-01 01:27:00,364 - am_extended - ERROR - Ollama API error: 404
2025-11-01 01:27:00,405 - am_extended - ERROR - Ollama API error: 404
2025-11-01 01:27:00,435 - am_extended - ERROR - Ollama API error: 404
2025-11-01 01:27:00,466 - am_extended - ERROR - Ollama API error: 404
2025-11-01 01:27:00,496 - am_extended - ERROR - Ollama API error: 404
2025-11-01 01:27:00,510 - am_extended - ERROR - Ollama API error: 404
2025-11-01 01:27:00,542 - am_extended - ERROR - Ollama API error: 404
2025-11-01 01:27:00,573 - am_extended - ERROR - Ollama API error: 404
2025-11-01 01:27:00,603 - am_extended - ERROR - Ollama API error: 404
2025-11-01 01:27:00,603 - am_extended - INFO -   Processed 30/439 pages
2025-11-01 01:27:00,634 - am_extended - ERROR - Ollama API error: 404
2025-11-01 01:27:00,665 - am_extended - ERROR - Ollama API error: 404
2025-11-01 01:27:00,681 - am_extended - ERROR - Ollama API error: 404
2025-11-01 01:27:00,712 - am_extended - ERROR - Ollama API error: 404
2025-11-01 01:27:00,727 - am_extended - ERROR - Ollama API error: 404
2025-11-01 01:27:00,758 - am_extended - ERROR - Ollama API error: 404
2025-11-01 01:27:00,788 - am_extended - ERROR - Ollama API error: 404
2025-11-01 01:27:00,819 - am_extended - ERROR - Ollama API error: 404
2025-11-01 01:27:00,835 - am_extended - ERROR - Ollama API error: 404
2025-11-01 01:27:00,866 - am_extended - ERROR - Ollama API error: 404
2025-11-01 01:27:00,866 - am_extended - INFO -   Processed 40/439 pages
2025-11-01 01:27:00,881 - am_extended - ERROR - Ollama API error: 404
2025-11-01 01:27:00,913 - am_extended - ERROR - Ollama API error: 404
2025-11-01 01:27:00,943 - am_extended - ERROR - Ollama API error: 404
2025-11-01 01:27:00,974 - am_extended - ERROR - Ollama API error: 404
2025-11-01 01:27:00,989 - am_extended - ERROR - Ollama API error: 404
2025-11-01 01:27:01,019 - am_extended - ERROR - Ollama API error: 404
2025-11-01 01:27:01,022 - am_extended - ERROR - Ollama API error: 404
2025-11-01 01:27:01,024 - am_extended - ERROR - Ollama API error: 404
2025-11-01 01:27:01,026 - am_extended - ERROR - Ollama API error: 404
2025-11-01 01:27:01,050 - am_extended - ERROR - Ollama API error: 404
2025-11-01 01:27:01,050 - am_extended - INFO -   Processed 50/439 pages
2025-11-01 01:27:01,065 - am_extended - ERROR - Ollama API error: 404
2025-11-01 01:27:01,080 - am_extended - ERROR - Ollama API error: 404
2025-11-01 01:27:01,083 - am_extended - ERROR - Ollama API error: 404
2025-11-01 01:27:01,096 - am_extended - ERROR - Ollama API error: 404
2025-11-01 01:27:01,127 - am_extended - ERROR - Ollama API error: 404
2025-11-01 01:27:01,143 - am_extended - ERROR - Ollama API error: 404
2025-11-01 01:27:01,174 - am_extended - ERROR - Ollama API error: 404
2025-11-01 01:27:01,204 - am_extended - ERROR - Ollama API error: 404
2025-11-01 01:27:01,235 - am_extended - ERROR - Ollama API error: 404
2025-11-01 01:27:01,235 - am_extended - INFO -   Processed 60/439 pages
2025-11-01 01:27:01,266 - am_extended - ERROR - Ollama API error: 404
2025-11-01 01:27:01,297 - am_extended - ERROR - Ollama API error: 404
2025-11-01 01:27:01,313 - am_extended - ERROR - Ollama API error: 404
2025-11-01 01:27:01,343 - am_extended - ERROR - Ollama API error: 404
2025-11-01 01:27:01,358 - am_extended - ERROR - Ollama API error: 404
2025-11-01 01:27:01,373 - am_extended - ERROR - Ollama API error: 404
2025-11-01 01:27:01,389 - am_extended - ERROR - Ollama API error: 404
2025-11-01 01:27:01,404 - am_extended - ERROR - Ollama API error: 404
2025-11-01 01:27:01,435 - am_extended - ERROR - Ollama API error: 404
2025-11-01 01:27:01,450 - am_extended - ERROR - Ollama API error: 404
2025-11-01 01:27:01,482 - am_extended - ERROR - Ollama API error: 404
2025-11-01 01:27:01,513 - am_extended - ERROR - Ollama API error: 404
2025-11-01 01:27:01,544 - am_extended - ERROR - Ollama API error: 404
2025-11-01 01:27:01,575 - am_extended - ERROR - Ollama API error: 404
2025-11-01 01:27:01,605 - am_extended - ERROR - Ollama API error: 404
2025-11-01 01:27:01,636 - am_extended - ERROR - Ollama API error: 404
2025-11-01 01:27:01,667 - am_extended - ERROR - Ollama API error: 404
2025-11-01 01:27:01,698 - am_extended - ERROR - Ollama API error: 404
2025-11-01 01:27:01,698 - am_extended - INFO -   Processed 80/439 pages
2025-11-01 01:27:01,714 - am_extended - ERROR - Ollama API error: 404
2025-11-01 01:27:01,729 - am_extended - ERROR - Ollama API error: 404
2025-11-01 01:27:01,745 - am_extended - ERROR - Ollama API error: 404
2025-11-01 01:27:01,760 - am_extended - ERROR - Ollama API error: 404
2025-11-01 01:27:01,776 - am_extended - ERROR - Ollama API error: 404
2025-11-01 01:27:01,806 - am_extended - ERROR - Ollama API error: 404
2025-11-01 01:27:01,821 - am_extended - ERROR - Ollama API error: 404
2025-11-01 01:27:01,852 - am_extended - ERROR - Ollama API error: 404
2025-11-01 01:27:01,868 - am_extended - ERROR - Ollama API error: 404
2025-11-01 01:27:01,884 - am_extended - ERROR - Ollama API error: 404
2025-11-01 01:27:01,885 - am_extended - INFO -   Processed 90/439 pages
2025-11-01 01:27:01,899 - am_extended - ERROR - Ollama API error: 404
2025-11-01 01:27:01,915 - am_extended - ERROR - Ollama API error: 404
2025-11-01 01:27:01,945 - am_extended - ERROR - Ollama API error: 404
2025-11-01 01:27:01,961 - am_extended - ERROR - Ollama API error: 404
2025-11-01 01:27:01,991 - am_extended - ERROR - Ollama API error: 404
2025-11-01 01:27:02,022 - am_extended - ERROR - Ollama API error: 404
2025-11-01 01:27:02,052 - am_extended - ERROR - Ollama API error: 404
2025-11-01 01:27:02,083 - am_extended - ERROR - Ollama API error: 404
2025-11-01 01:27:02,114 - am_extended - ERROR - Ollama API error: 404
2025-11-01 01:27:02,130 - am_extended - ERROR - Ollama API error: 404
2025-11-01 01:27:02,130 - am_extended - INFO -   Processed 100/439 pages
2025-11-01 01:27:02,144 - am_extended - ERROR - Ollama API error: 404
2025-11-01 01:27:02,146 - am_extended - ERROR - Ollama API error: 404
2025-11-01 01:27:02,149 - am_extended - ERROR - Ollama API error: 404
2025-11-01 01:27:02,191 - am_extended - ERROR - Ollama API error: 404
2025-11-01 01:27:02,206 - am_extended - ERROR - Ollama API error: 404
2025-11-01 01:27:02,222 - am_extended - ERROR - Ollama API error: 404
2025-11-01 01:27:02,253 - am_extended - ERROR - Ollama API error: 404
2025-11-01 01:27:02,268 - am_extended - ERROR - Ollama API error: 404
2025-11-01 01:27:02,271 - am_extended - ERROR - Ollama API error: 404
2025-11-01 01:27:02,298 - am_extended - ERROR - Ollama API error: 404
2025-11-01 01:27:02,299 - am_extended - INFO -   Processed 110/439 pages
2025-11-01 01:27:02,329 - am_extended - ERROR - Ollama API error: 404
2025-11-01 01:27:02,359 - am_extended - ERROR - Ollama API error: 404
2025-11-01 01:27:02,390 - am_extended - ERROR - Ollama API error: 404
2025-11-01 01:27:02,422 - am_extended - ERROR - Ollama API error: 404
2025-11-01 01:27:02,453 - am_extended - ERROR - Ollama API error: 404
2025-11-01 01:27:02,484 - am_extended - ERROR - Ollama API error: 404
2025-11-01 01:27:02,514 - am_extended - ERROR - Ollama API error: 404
2025-11-01 01:27:02,545 - am_extended - ERROR - Ollama API error: 404
2025-11-01 01:27:02,561 - am_extended - ERROR - Ollama API error: 404
2025-11-01 01:27:02,592 - am_extended - ERROR - Ollama API error: 404
2025-11-01 01:27:02,592 - am_extended - INFO -   Processed 120/439 pages
2025-11-01 01:27:02,623 - am_extended - ERROR - Ollama API error: 404
2025-11-01 01:27:02,638 - am_extended - ERROR - Ollama API error: 404
2025-11-01 01:27:02,654 - am_extended - ERROR - Ollama API error: 404
2025-11-01 01:27:02,656 - am_extended - ERROR - Ollama API error: 404
2025-11-01 01:27:02,669 - am_extended - ERROR - Ollama API error: 404
2025-11-01 01:27:02,700 - am_extended - ERROR - Ollama API error: 404
2025-11-01 01:27:02,731 - am_extended - ERROR - Ollama API error: 404
2025-11-01 01:27:02,762 - am_extended - ERROR - Ollama API error: 404
2025-11-01 01:27:02,778 - am_extended - ERROR - Ollama API error: 404
2025-11-01 01:27:02,778 - am_extended - INFO -   Processed 130/439 pages
2025-11-01 01:27:02,781 - am_extended - ERROR - Ollama API error: 404
2025-11-01 01:27:02,793 - am_extended - ERROR - Ollama API error: 404
2025-11-01 01:27:02,808 - am_extended - ERROR - Ollama API error: 404
2025-11-01 01:27:02,824 - am_extended - ERROR - Ollama API error: 404
2025-11-01 01:27:02,854 - am_extended - ERROR - Ollama API error: 404
2025-11-01 01:27:02,869 - am_extended - ERROR - Ollama API error: 404
2025-11-01 01:27:02,900 - am_extended - ERROR - Ollama API error: 404
2025-11-01 01:27:02,931 - am_extended - ERROR - Ollama API error: 404
2025-11-01 01:27:02,962 - am_extended - ERROR - Ollama API error: 404
2025-11-01 01:27:02,962 - am_extended - INFO -   Processed 140/439 pages
2025-11-01 01:27:02,978 - am_extended - ERROR - Ollama API error: 404
2025-11-01 01:27:03,009 - am_extended - ERROR - Ollama API error: 404
2025-11-01 01:27:03,012 - am_extended - ERROR - Ollama API error: 404
2025-11-01 01:27:03,038 - am_extended - ERROR - Ollama API error: 404
2025-11-01 01:27:03,070 - am_extended - ERROR - Ollama API error: 404
2025-11-01 01:27:03,085 - am_extended - ERROR - Ollama API error: 404
2025-11-01 01:27:03,101 - am_extended - ERROR - Ollama API error: 404
2025-11-01 01:27:03,131 - am_extended - ERROR - Ollama API error: 404
2025-11-01 01:27:03,163 - am_extended - ERROR - Ollama API error: 404
2025-11-01 01:27:03,178 - am_extended - ERROR - Ollama API error: 404
2025-11-01 01:27:03,193 - am_extended - ERROR - Ollama API error: 404
2025-11-01 01:27:03,208 - am_extended - ERROR - Ollama API error: 404
2025-11-01 01:27:03,239 - am_extended - ERROR - Ollama API error: 404
2025-11-01 01:27:03,256 - am_extended - ERROR - Ollama API error: 404
2025-11-01 01:27:03,271 - am_extended - ERROR - Ollama API error: 404
2025-11-01 01:27:03,286 - am_extended - ERROR - Ollama API error: 404
2025-11-01 01:27:03,317 - am_extended - ERROR - Ollama API error: 404
2025-11-01 01:27:03,332 - am_extended - ERROR - Ollama API error: 404
2025-11-01 01:27:03,363 - am_extended - ERROR - Ollama API error: 404
2025-11-01 01:27:03,363 - am_extended - INFO -   Processed 160/439 pages
2025-11-01 01:27:03,394 - am_extended - ERROR - Ollama API error: 404
2025-11-01 01:27:03,425 - am_extended - ERROR - Ollama API error: 404
2025-11-01 01:27:03,441 - am_extended - ERROR - Ollama API error: 404
2025-11-01 01:27:03,456 - am_extended - ERROR - Ollama API error: 404
2025-11-01 01:27:03,472 - am_extended - ERROR - Ollama API error: 404
2025-11-01 01:27:03,487 - am_extended - ERROR - Ollama API error: 404
2025-11-01 01:27:03,490 - am_extended - ERROR - Ollama API error: 404
2025-11-01 01:27:03,517 - am_extended - ERROR - Ollama API error: 404
2025-11-01 01:27:03,532 - am_extended - ERROR - Ollama API error: 404
2025-11-01 01:27:03,533 - am_extended - INFO -   Processed 170/439 pages
2025-11-01 01:27:03,563 - am_extended - ERROR - Ollama API error: 404
2025-11-01 01:27:03,595 - am_extended - ERROR - Ollama API error: 404
2025-11-01 01:27:03,610 - am_extended - ERROR - Ollama API error: 404
2025-11-01 01:27:03,625 - am_extended - ERROR - Ollama API error: 404
2025-11-01 01:27:03,641 - am_extended - ERROR - Ollama API error: 404
2025-11-01 01:27:03,672 - am_extended - ERROR - Ollama API error: 404
2025-11-01 01:27:03,702 - am_extended - ERROR - Ollama API error: 404
2025-11-01 01:27:03,733 - am_extended - ERROR - Ollama API error: 404
2025-11-01 01:27:03,764 - am_extended - ERROR - Ollama API error: 404
2025-11-01 01:27:03,779 - am_extended - ERROR - Ollama API error: 404
2025-11-01 01:27:03,779 - am_extended - INFO -   Processed 180/439 pages
2025-11-01 01:27:03,812 - am_extended - ERROR - Ollama API error: 404
2025-11-01 01:27:03,842 - am_extended - ERROR - Ollama API error: 404
2025-11-01 01:27:03,873 - am_extended - ERROR - Ollama API error: 404
2025-11-01 01:27:03,889 - am_extended - ERROR - Ollama API error: 404
2025-11-01 01:27:03,920 - am_extended - ERROR - Ollama API error: 404
2025-11-01 01:27:03,951 - am_extended - ERROR - Ollama API error: 404
2025-11-01 01:27:03,982 - am_extended - ERROR - Ollama API error: 404
2025-11-01 01:27:03,998 - am_extended - ERROR - Ollama API error: 404
2025-11-01 01:27:04,014 - am_extended - ERROR - Ollama API error: 404
2025-11-01 01:27:04,014 - am_extended - INFO -   Processed 190/439 pages
2025-11-01 01:27:04,017 - am_extended - ERROR - Ollama API error: 404
2025-11-01 01:27:04,059 - am_extended - ERROR - Ollama API error: 404
2025-11-01 01:27:04,091 - am_extended - ERROR - Ollama API error: 404
2025-11-01 01:27:04,121 - am_extended - ERROR - Ollama API error: 404
2025-11-01 01:27:04,124 - am_extended - ERROR - Ollama API error: 404
2025-11-01 01:27:04,153 - am_extended - ERROR - Ollama API error: 404
2025-11-01 01:27:04,168 - am_extended - ERROR - Ollama API error: 404
2025-11-01 01:27:04,184 - am_extended - ERROR - Ollama API error: 404
2025-11-01 01:27:04,198 - am_extended - ERROR - Ollama API error: 404
2025-11-01 01:27:04,230 - am_extended - ERROR - Ollama API error: 404
2025-11-01 01:27:04,231 - am_extended - INFO -   Processed 200/439 pages
2025-11-01 01:27:04,261 - am_extended - ERROR - Ollama API error: 404
2025-11-01 01:27:04,292 - am_extended - ERROR - Ollama API error: 404
2025-11-01 01:27:04,307 - am_extended - ERROR - Ollama API error: 404
2025-11-01 01:27:04,323 - am_extended - ERROR - Ollama API error: 404
2025-11-01 01:27:04,338 - am_extended - ERROR - Ollama API error: 404
2025-11-01 01:27:04,370 - am_extended - ERROR - Ollama API error: 404
2025-11-01 01:27:04,401 - am_extended - ERROR - Ollama API error: 404
2025-11-01 01:27:04,432 - am_extended - ERROR - Ollama API error: 404
2025-11-01 01:27:04,448 - am_extended - ERROR - Ollama API error: 404
2025-11-01 01:27:04,463 - am_extended - ERROR - Ollama API error: 404
2025-11-01 01:27:04,464 - am_extended - INFO -   Processed 210/439 pages
2025-11-01 01:27:04,493 - am_extended - ERROR - Ollama API error: 404
2025-11-01 01:27:04,509 - am_extended - ERROR - Ollama API error: 404
2025-11-01 01:27:04,525 - am_extended - ERROR - Ollama API error: 404
2025-11-01 01:27:04,540 - am_extended - ERROR - Ollama API error: 404
2025-11-01 01:27:04,571 - am_extended - ERROR - Ollama API error: 404
2025-11-01 01:27:04,587 - am_extended - ERROR - Ollama API error: 404
2025-11-01 01:27:04,603 - am_extended - ERROR - Ollama API error: 404
2025-11-01 01:27:04,633 - am_extended - ERROR - Ollama API error: 404
2025-11-01 01:27:04,635 - am_extended - ERROR - Ollama API error: 404
2025-11-01 01:27:04,649 - am_extended - ERROR - Ollama API error: 404
2025-11-01 01:27:04,649 - am_extended - INFO -   Processed 220/439 pages
2025-11-01 01:27:04,679 - am_extended - ERROR - Ollama API error: 404
2025-11-01 01:27:04,711 - am_extended - ERROR - Ollama API error: 404
2025-11-01 01:27:04,726 - am_extended - ERROR - Ollama API error: 404
2025-11-01 01:27:04,742 - am_extended - ERROR - Ollama API error: 404
2025-11-01 01:27:04,745 - am_extended - ERROR - Ollama API error: 404
2025-11-01 01:27:04,771 - am_extended - ERROR - Ollama API error: 404
2025-11-01 01:27:04,787 - am_extended - ERROR - Ollama API error: 404
2025-11-01 01:27:04,817 - am_extended - ERROR - Ollama API error: 404
2025-11-01 01:27:04,832 - am_extended - ERROR - Ollama API error: 404
2025-11-01 01:27:04,848 - am_extended - ERROR - Ollama API error: 404
2025-11-01 01:27:04,849 - am_extended - INFO -   Processed 230/439 pages
2025-11-01 01:27:04,879 - am_extended - ERROR - Ollama API error: 404
2025-11-01 01:27:04,910 - am_extended - ERROR - Ollama API error: 404
2025-11-01 01:27:04,942 - am_extended - ERROR - Ollama API error: 404
2025-11-01 01:27:04,945 - am_extended - ERROR - Ollama API error: 404
2025-11-01 01:27:04,973 - am_extended - ERROR - Ollama API error: 404
2025-11-01 01:27:05,004 - am_extended - ERROR - Ollama API error: 404
2025-11-01 01:27:05,035 - am_extended - ERROR - Ollama API error: 404
2025-11-01 01:27:05,067 - am_extended - ERROR - Ollama API error: 404
2025-11-01 01:27:05,082 - am_extended - ERROR - Ollama API error: 404
2025-11-01 01:27:05,098 - am_extended - ERROR - Ollama API error: 404
2025-11-01 01:27:05,098 - am_extended - INFO -   Processed 240/439 pages
2025-11-01 01:27:05,129 - am_extended - ERROR - Ollama API error: 404
2025-11-01 01:27:05,144 - am_extended - ERROR - Ollama API error: 404
2025-11-01 01:27:05,176 - am_extended - ERROR - Ollama API error: 404
2025-11-01 01:27:05,191 - am_extended - ERROR - Ollama API error: 404
2025-11-01 01:27:05,221 - am_extended - ERROR - Ollama API error: 404
2025-11-01 01:27:05,237 - am_extended - ERROR - Ollama API error: 404
2025-11-01 01:27:05,239 - am_extended - ERROR - Ollama API error: 404
2025-11-01 01:27:05,268 - am_extended - ERROR - Ollama API error: 404
2025-11-01 01:27:05,283 - am_extended - ERROR - Ollama API error: 404
2025-11-01 01:27:05,298 - am_extended - ERROR - Ollama API error: 404
2025-11-01 01:27:05,298 - am_extended - INFO -   Processed 250/439 pages
2025-11-01 01:27:05,313 - am_extended - ERROR - Ollama API error: 404
2025-11-01 01:27:05,344 - am_extended - ERROR - Ollama API error: 404
2025-11-01 01:27:05,360 - am_extended - ERROR - Ollama API error: 404
2025-11-01 01:27:05,374 - am_extended - ERROR - Ollama API error: 404
2025-11-01 01:27:05,406 - am_extended - ERROR - Ollama API error: 404
2025-11-01 01:27:05,421 - am_extended - ERROR - Ollama API error: 404
2025-11-01 01:27:05,437 - am_extended - ERROR - Ollama API error: 404
2025-11-01 01:27:05,451 - am_extended - ERROR - Ollama API error: 404
2025-11-01 01:27:05,467 - am_extended - ERROR - Ollama API error: 404
2025-11-01 01:27:05,467 - am_extended - INFO -   Processed 260/439 pages
2025-11-01 01:27:05,498 - am_extended - ERROR - Ollama API error: 404
2025-11-01 01:27:05,530 - am_extended - ERROR - Ollama API error: 404
2025-11-01 01:27:05,545 - am_extended - ERROR - Ollama API error: 404
2025-11-01 01:27:05,561 - am_extended - ERROR - Ollama API error: 404
2025-11-01 01:27:05,575 - am_extended - ERROR - Ollama API error: 404
2025-11-01 01:27:05,607 - am_extended - ERROR - Ollama API error: 404
2025-11-01 01:27:05,623 - am_extended - ERROR - Ollama API error: 404
2025-11-01 01:27:05,638 - am_extended - ERROR - Ollama API error: 404
2025-11-01 01:27:05,653 - am_extended - ERROR - Ollama API error: 404
2025-11-01 01:27:05,684 - am_extended - ERROR - Ollama API error: 404
2025-11-01 01:27:05,685 - am_extended - INFO -   Processed 270/439 pages
2025-11-01 01:27:05,715 - am_extended - ERROR - Ollama API error: 404
2025-11-01 01:27:05,747 - am_extended - ERROR - Ollama API error: 404
2025-11-01 01:27:05,777 - am_extended - ERROR - Ollama API error: 404
2025-11-01 01:27:05,808 - am_extended - ERROR - Ollama API error: 404
2025-11-01 01:27:05,845 - am_extended - ERROR - Ollama API error: 404
2025-11-01 01:27:05,886 - am_extended - ERROR - Ollama API error: 404
2025-11-01 01:27:05,917 - am_extended - ERROR - Ollama API error: 404
2025-11-01 01:27:05,949 - am_extended - ERROR - Ollama API error: 404
2025-11-01 01:27:05,965 - am_extended - ERROR - Ollama API error: 404
2025-11-01 01:27:05,995 - am_extended - ERROR - Ollama API error: 404
2025-11-01 01:27:05,995 - am_extended - INFO -   Processed 280/439 pages
2025-11-01 01:27:06,025 - am_extended - ERROR - Ollama API error: 404
2025-11-01 01:27:06,057 - am_extended - ERROR - Ollama API error: 404
2025-11-01 01:27:06,088 - am_extended - ERROR - Ollama API error: 404
2025-11-01 01:27:06,118 - am_extended - ERROR - Ollama API error: 404
2025-11-01 01:27:06,150 - am_extended - ERROR - Ollama API error: 404
2025-11-01 01:27:06,180 - am_extended - ERROR - Ollama API error: 404
2025-11-01 01:27:06,183 - am_extended - ERROR - Ollama API error: 404
2025-11-01 01:27:06,196 - am_extended - ERROR - Ollama API error: 404
2025-11-01 01:27:06,211 - am_extended - ERROR - Ollama API error: 404
2025-11-01 01:27:06,243 - am_extended - ERROR - Ollama API error: 404
2025-11-01 01:27:06,274 - am_extended - ERROR - Ollama API error: 404
2025-11-01 01:27:06,305 - am_extended - ERROR - Ollama API error: 404
2025-11-01 01:27:06,336 - am_extended - ERROR - Ollama API error: 404
2025-11-01 01:27:06,366 - am_extended - ERROR - Ollama API error: 404
2025-11-01 01:27:06,397 - am_extended - ERROR - Ollama API error: 404
2025-11-01 01:27:06,428 - am_extended - ERROR - Ollama API error: 404
2025-11-01 01:27:06,459 - am_extended - ERROR - Ollama API error: 404
2025-11-01 01:27:06,459 - am_extended - INFO -   Processed 300/439 pages
2025-11-01 01:27:06,490 - am_extended - ERROR - Ollama API error: 404
2025-11-01 01:27:06,521 - am_extended - ERROR - Ollama API error: 404
2025-11-01 01:27:06,537 - am_extended - ERROR - Ollama API error: 404
2025-11-01 01:27:06,568 - am_extended - ERROR - Ollama API error: 404
2025-11-01 01:27:06,597 - am_extended - ERROR - Ollama API error: 404
2025-11-01 01:27:06,612 - am_extended - ERROR - Ollama API error: 404
2025-11-01 01:27:06,627 - am_extended - ERROR - Ollama API error: 404
2025-11-01 01:27:06,658 - am_extended - ERROR - Ollama API error: 404
2025-11-01 01:27:06,689 - am_extended - ERROR - Ollama API error: 404
2025-11-01 01:27:06,705 - am_extended - ERROR - Ollama API error: 404
2025-11-01 01:27:06,705 - am_extended - INFO -   Processed 310/439 pages
2025-11-01 01:27:06,721 - am_extended - ERROR - Ollama API error: 404
2025-11-01 01:27:06,752 - am_extended - ERROR - Ollama API error: 404
2025-11-01 01:27:06,784 - am_extended - ERROR - Ollama API error: 404
2025-11-01 01:27:06,815 - am_extended - ERROR - Ollama API error: 404
2025-11-01 01:27:06,830 - am_extended - ERROR - Ollama API error: 404
2025-11-01 01:27:06,845 - am_extended - ERROR - Ollama API error: 404
2025-11-01 01:27:06,861 - am_extended - ERROR - Ollama API error: 404
2025-11-01 01:27:06,876 - am_extended - ERROR - Ollama API error: 404
2025-11-01 01:27:06,907 - am_extended - ERROR - Ollama API error: 404
2025-11-01 01:27:06,907 - am_extended - INFO -   Processed 320/439 pages
2025-11-01 01:27:06,923 - am_extended - ERROR - Ollama API error: 404
2025-11-01 01:27:06,938 - am_extended - ERROR - Ollama API error: 404
2025-11-01 01:27:06,970 - am_extended - ERROR - Ollama API error: 404
2025-11-01 01:27:07,001 - am_extended - ERROR - Ollama API error: 404
2025-11-01 01:27:07,031 - am_extended - ERROR - Ollama API error: 404
2025-11-01 01:27:07,061 - am_extended - ERROR - Ollama API error: 404
2025-11-01 01:27:07,092 - am_extended - ERROR - Ollama API error: 404
2025-11-01 01:27:07,122 - am_extended - ERROR - Ollama API error: 404
2025-11-01 01:27:07,154 - am_extended - ERROR - Ollama API error: 404
2025-11-01 01:27:07,184 - am_extended - ERROR - Ollama API error: 404
2025-11-01 01:27:07,185 - am_extended - INFO -   Processed 330/439 pages
2025-11-01 01:27:07,215 - am_extended - ERROR - Ollama API error: 404
2025-11-01 01:27:07,246 - am_extended - ERROR - Ollama API error: 404
2025-11-01 01:27:07,262 - am_extended - ERROR - Ollama API error: 404
2025-11-01 01:27:07,291 - am_extended - ERROR - Ollama API error: 404
2025-11-01 01:27:07,307 - am_extended - ERROR - Ollama API error: 404
2025-11-01 01:27:07,322 - am_extended - ERROR - Ollama API error: 404
2025-11-01 01:27:07,353 - am_extended - ERROR - Ollama API error: 404
2025-11-01 01:27:07,384 - am_extended - ERROR - Ollama API error: 404
2025-11-01 01:27:07,387 - am_extended - ERROR - Ollama API error: 404
2025-11-01 01:27:07,415 - am_extended - ERROR - Ollama API error: 404
2025-11-01 01:27:07,415 - am_extended - INFO -   Processed 340/439 pages
2025-11-01 01:27:07,446 - am_extended - ERROR - Ollama API error: 404
2025-11-01 01:27:07,462 - am_extended - ERROR - Ollama API error: 404
2025-11-01 01:27:07,477 - am_extended - ERROR - Ollama API error: 404
2025-11-01 01:27:07,493 - am_extended - ERROR - Ollama API error: 404
2025-11-01 01:27:07,524 - am_extended - ERROR - Ollama API error: 404
2025-11-01 01:27:07,556 - am_extended - ERROR - Ollama API error: 404
2025-11-01 01:27:07,587 - am_extended - ERROR - Ollama API error: 404
2025-11-01 01:27:07,619 - am_extended - ERROR - Ollama API error: 404
2025-11-01 01:27:07,633 - am_extended - ERROR - Ollama API error: 404
2025-11-01 01:27:07,665 - am_extended - ERROR - Ollama API error: 404
2025-11-01 01:27:07,665 - am_extended - INFO -   Processed 350/439 pages
2025-11-01 01:27:07,680 - am_extended - ERROR - Ollama API error: 404
2025-11-01 01:27:07,695 - am_extended - ERROR - Ollama API error: 404
2025-11-01 01:27:07,711 - am_extended - ERROR - Ollama API error: 404
2025-11-01 01:27:07,742 - am_extended - ERROR - Ollama API error: 404
2025-11-01 01:27:07,773 - am_extended - ERROR - Ollama API error: 404
2025-11-01 01:27:07,804 - am_extended - ERROR - Ollama API error: 404
2025-11-01 01:27:07,834 - am_extended - ERROR - Ollama API error: 404
2025-11-01 01:27:07,850 - am_extended - ERROR - Ollama API error: 404
2025-11-01 01:27:07,882 - am_extended - ERROR - Ollama API error: 404
2025-11-01 01:27:07,913 - am_extended - ERROR - Ollama API error: 404
2025-11-01 01:27:07,914 - am_extended - INFO -   Processed 360/439 pages
2025-11-01 01:27:07,944 - am_extended - ERROR - Ollama API error: 404
2025-11-01 01:27:07,975 - am_extended - ERROR - Ollama API error: 404
2025-11-01 01:27:07,991 - am_extended - ERROR - Ollama API error: 404
2025-11-01 01:27:08,005 - am_extended - ERROR - Ollama API error: 404
2025-11-01 01:27:08,021 - am_extended - ERROR - Ollama API error: 404
2025-11-01 01:27:08,036 - am_extended - ERROR - Ollama API error: 404
2025-11-01 01:27:08,068 - am_extended - ERROR - Ollama API error: 404
2025-11-01 01:27:08,084 - am_extended - ERROR - Ollama API error: 404
2025-11-01 01:27:08,099 - am_extended - ERROR - Ollama API error: 404
2025-11-01 01:27:08,099 - am_extended - INFO -   Processed 370/439 pages
2025-11-01 01:27:08,114 - am_extended - ERROR - Ollama API error: 404
2025-11-01 01:27:08,146 - am_extended - ERROR - Ollama API error: 404
2025-11-01 01:27:08,148 - am_extended - ERROR - Ollama API error: 404
2025-11-01 01:27:08,161 - am_extended - ERROR - Ollama API error: 404
2025-11-01 01:27:08,192 - am_extended - ERROR - Ollama API error: 404
2025-11-01 01:27:08,223 - am_extended - ERROR - Ollama API error: 404
2025-11-01 01:27:08,253 - am_extended - ERROR - Ollama API error: 404
2025-11-01 01:27:08,253 - am_extended - INFO -   Processed 380/439 pages
2025-11-01 01:27:08,285 - am_extended - ERROR - Ollama API error: 404
2025-11-01 01:27:08,315 - am_extended - ERROR - Ollama API error: 404
2025-11-01 01:27:08,346 - am_extended - ERROR - Ollama API error: 404
2025-11-01 01:27:08,377 - am_extended - ERROR - Ollama API error: 404
2025-11-01 01:27:08,408 - am_extended - ERROR - Ollama API error: 404
2025-11-01 01:27:08,423 - am_extended - ERROR - Ollama API error: 404
2025-11-01 01:27:08,438 - am_extended - ERROR - Ollama API error: 404
2025-11-01 01:27:08,469 - am_extended - ERROR - Ollama API error: 404
2025-11-01 01:27:08,499 - am_extended - ERROR - Ollama API error: 404
2025-11-01 01:27:08,515 - am_extended - ERROR - Ollama API error: 404
2025-11-01 01:27:08,515 - am_extended - INFO -   Processed 390/439 pages
2025-11-01 01:27:08,530 - am_extended - ERROR - Ollama API error: 404
2025-11-01 01:27:08,546 - am_extended - ERROR - Ollama API error: 404
2025-11-01 01:27:08,577 - am_extended - ERROR - Ollama API error: 404
2025-11-01 01:27:08,592 - am_extended - ERROR - Ollama API error: 404
2025-11-01 01:27:08,623 - am_extended - ERROR - Ollama API error: 404
2025-11-01 01:27:08,654 - am_extended - ERROR - Ollama API error: 404
2025-11-01 01:27:08,684 - am_extended - ERROR - Ollama API error: 404
2025-11-01 01:27:08,715 - am_extended - ERROR - Ollama API error: 404
2025-11-01 01:27:08,718 - am_extended - ERROR - Ollama API error: 404
2025-11-01 01:27:08,730 - am_extended - ERROR - Ollama API error: 404
2025-11-01 01:27:08,731 - am_extended - INFO -   Processed 400/439 pages
2025-11-01 01:27:08,761 - am_extended - ERROR - Ollama API error: 404
2025-11-01 01:27:08,792 - am_extended - ERROR - Ollama API error: 404
2025-11-01 01:27:08,807 - am_extended - ERROR - Ollama API error: 404
2025-11-01 01:27:08,809 - am_extended - ERROR - Ollama API error: 404
2025-11-01 01:27:08,822 - am_extended - ERROR - Ollama API error: 404
2025-11-01 01:27:08,837 - am_extended - ERROR - Ollama API error: 404
2025-11-01 01:27:08,852 - am_extended - ERROR - Ollama API error: 404
2025-11-01 01:27:08,884 - am_extended - ERROR - Ollama API error: 404
2025-11-01 01:27:08,914 - am_extended - ERROR - Ollama API error: 404
2025-11-01 01:27:08,945 - am_extended - ERROR - Ollama API error: 404
2025-11-01 01:27:08,946 - am_extended - INFO -   Processed 410/439 pages
2025-11-01 01:27:08,960 - am_extended - ERROR - Ollama API error: 404
2025-11-01 01:27:08,975 - am_extended - ERROR - Ollama API error: 404
2025-11-01 01:27:09,007 - am_extended - ERROR - Ollama API error: 404
2025-11-01 01:27:09,038 - am_extended - ERROR - Ollama API error: 404
2025-11-01 01:27:09,054 - am_extended - ERROR - Ollama API error: 404
2025-11-01 01:27:09,070 - am_extended - ERROR - Ollama API error: 404
2025-11-01 01:27:09,085 - am_extended - ERROR - Ollama API error: 404
2025-11-01 01:27:09,115 - am_extended - ERROR - Ollama API error: 404
2025-11-01 01:27:09,131 - am_extended - ERROR - Ollama API error: 404
2025-11-01 01:27:09,161 - am_extended - ERROR - Ollama API error: 404
2025-11-01 01:27:09,192 - am_extended - ERROR - Ollama API error: 404
2025-11-01 01:27:09,208 - am_extended - ERROR - Ollama API error: 404
2025-11-01 01:27:09,223 - am_extended - ERROR - Ollama API error: 404
2025-11-01 01:27:09,253 - am_extended - ERROR - Ollama API error: 404
2025-11-01 01:27:09,285 - am_extended - ERROR - Ollama API error: 404
2025-11-01 01:27:09,301 - am_extended - ERROR - Ollama API error: 404
2025-11-01 01:27:09,331 - am_extended - ERROR - Ollama API error: 404
2025-11-01 01:27:09,346 - am_extended - ERROR - Ollama API error: 404
2025-11-01 01:27:09,346 - am_extended - INFO -   Processed 430/439 pages
2025-11-01 01:27:09,362 - am_extended - ERROR - Ollama API error: 404
2025-11-01 01:27:09,377 - am_extended - ERROR - Ollama API error: 404
2025-11-01 01:27:09,393 - am_extended - ERROR - Ollama API error: 404
2025-11-01 01:27:09,409 - am_extended - ERROR - Ollama API error: 404
2025-11-01 01:27:09,439 - am_extended - ERROR - Ollama API error: 404
2025-11-01 01:27:09,471 - am_extended - ERROR - Ollama API error: 404
2025-11-01 01:27:09,502 - am_extended - ERROR - Ollama API error: 404
2025-11-01 01:27:09,502 - am_extended - INFO - Extracted extended fields for 412 pages
2025-11-01 01:27:09,502 - am_common - INFO - Saving dataset: C:\scripts\1repo\data\datasets\extended\lean_analytics.dataset.jsonl (439 cards)
2025-11-01 01:27:09,514 - am_common - INFO - Saved: 439 cards to lean_analytics.dataset.jsonl (1.39 MB)
2025-11-01 01:27:09,514 - quality_tracker - INFO - Starting: track_quality
2025-11-01 01:27:09,515 - quality_tracker - INFO - extended metrics:
2025-11-01 01:27:09,515 - quality_tracker - INFO -   total_cards: 439
2025-11-01 01:27:09,515 - quality_tracker - INFO -   duplicates_found: 0
2025-11-01 01:27:09,515 - quality_tracker - INFO -   duplicate_ratio: 0.0000
2025-11-01 01:27:09,515 - quality_tracker - INFO -   continuity_gaps: 116
2025-11-01 01:27:09,515 - quality_tracker - INFO -   continuity_gap_ratio: 0.2648
2025-11-01 01:27:09,515 - quality_tracker - INFO -   avg_overlap: 0.1200
2025-11-01 01:27:09,515 - quality_tracker - INFO -   extended_fields_extracted: 412
2025-11-01 01:27:09,515 - quality_tracker - INFO -   extraction_coverage: 0.9385
2025-11-01 01:27:09,515 - quality_tracker - INFO -   lm_extraction_count: 0
2025-11-01 01:27:09,515 - quality_tracker - INFO -   lm_extraction_ratio: 0.0000
2025-11-01 01:27:09,515 - quality_tracker - INFO--- Logging error ---
Traceback (most recent call last):
  File "C:\Users\Dimon\AppData\Local\Programs\Python\Python313\Lib\logging\__init__.py", line 1154, in emit
    stream.write(msg + self.terminator)
    ~~~~~~~~~~~~^^^^^^^^^^^^^^^^^^^^^^^
  File "C:\Users\Dimon\AppData\Local\Programs\Python\Python313\Lib\site-packages\colorama\ansitowin32.py", line 47, in write
    self.__convertor.write(text)
    ~~~~~~~~~~~~~~~~~~~~~~^^^^^^
  File "C:\Users\Dimon\AppData\Local\Programs\Python\Python313\Lib\site-packages\colorama\ansitowin32.py", line 177, in write
    self.write_and_convert(text)
    ~~~~~~~~~~~~~~~~~~~~~~^^^^^^
  File "C:\Users\Dimon\AppData\Local\Programs\Python\Python313\Lib\site-packages\colorama\ansitowin32.py", line 205, in write_and_convert
    self.write_plain_text(text, cursor, len(text))
    ~~~~~~~~~~~~~~~~~~~~~^^^^^^^^^^^^^^^^^^^^^^^^^
  File "C:\Users\Dimon\AppData\Local\Programs\Python\Python313\Lib\site-packages\colorama\ansitowin32.py", line 210, in write_plain_text
    self.wrapped.write(text[start:end])
    ~~~~~~~~~~~~~~~~~~^^^^^^^^^^^^^^^^^
  File "C:\Users\Dimon\AppData\Local\Programs\Python\Python313\Lib\encodings\cp1251.py", line 19, in encode
    return codecs.charmap_encode(input,self.errors,encoding_table)[0]
           ~~~~~~~~~~~~~~~~~~~~~^^^^^^^^^^^^^^^^^^^^^^^^^^^^^^^^^^
UnicodeEncodeError: 'charmap' codec can't encode character '\u2713' in position 3: character maps to <undefined>
Call stack:
  File "C:\scripts\1repo\run_mvp.py", line 680, in <module>
    main()
  File "C:\scripts\1repo\run_mvp.py", line 652, in main
    results = orchestrator.run_single(
  File "C:\scripts\1repo\run_mvp.py", line 226, in run_single
    stage_result = self._run_stage(stage, current_input)
  File "C:\scripts\1repo\run_mvp.py", line 419, in _run_stage
    return processor.process_dataset(input_path, output_dir)
  File "C:\scripts\1repo\am_extended.py", line 612, in process_dataset
    self.quality_tracker.track('extended', input_path.name, metrics)
  File "C:\scripts\1repo\quality_tracker.py", line 171, in track
    logger.info(f"\u2713 Quality thresholds passed for {stage}")
Message: '\u2713 Quality thresholds passed for extended'
Arguments: ()
2025-11-01 01:27:09,516 - quality_tracker - INFO - Completed: track_quality (0.00s)
2025-11-01 01:27:09,516 - am_extended - INFO - Saved: lean_analytics.dataset.jsonl
2025-11-01 01:27:09,517 - validate - INFO - Validating extended: lean_analytics.dataset.jsonl
2025-11-01 01:27:09,517 - am_common - INFO - Loading dataset: C:\scripts\1repo\data\datasets\extended\lean_analytics.dataset.jsonl
2025-11-01 01:27:09,536 - am_common - INFO - Loaded: 439 cards from lean_analytics.dataset.jsonl
2025-11-01 01:27:09,538 - validate - WARNING - [X] INVALID - lean_analytics.dataset.jsonl (2 errors)
2025-11-01 01:27:09,539 - __main__ - WARNING - Validation issues: 2 errors, 412 warnings
2025-11-01 01:27:09,539 - __main__ - WARNING - Validation issues: 2 errors
2025-11-01 01:27:09,539 - __main__ - INFO - ============================================================
2025-11-01 01:27:09,539 - __main__ - INFO--- Logging error ---
Traceback (most recent call last):
  File "C:\Users\Dimon\AppData\Local\Programs\Python\Python313\Lib\logging\__init__.py", line 1154, in emit
    stream.write(msg + self.terminator)
    ~~~~~~~~~~~~^^^^^^^^^^^^^^^^^^^^^^^
  File "C:\Users\Dimon\AppData\Local\Programs\Python\Python313\Lib\site-packages\colorama\ansitowin32.py", line 47, in write
    self.__convertor.write(text)
    ~~~~~~~~~~~~~~~~~~~~~~^^^^^^
  File "C:\Users\Dimon\AppData\Local\Programs\Python\Python313\Lib\site-packages\colorama\ansitowin32.py", line 177, in write
    self.write_and_convert(text)
    ~~~~~~~~~~~~~~~~~~~~~~^^^^^^
  File "C:\Users\Dimon\AppData\Local\Programs\Python\Python313\Lib\site-packages\colorama\ansitowin32.py", line 205, in write_and_convert
    self.write_plain_text(text, cursor, len(text))
    ~~~~~~~~~~~~~~~~~~~~~^^^^^^^^^^^^^^^^^^^^^^^^^
  File "C:\Users\Dimon\AppData\Local\Programs\Python\Python313\Lib\site-packages\colorama\ansitowin32.py", line 210, in write_plain_text
    self.wrapped.write(text[start:end])
    ~~~~~~~~~~~~~~~~~~^^^^^^^^^^^^^^^^^
  File "C:\Users\Dimon\AppData\Local\Programs\Python\Python313\Lib\encodings\cp1251.py", line 19, in encode
    return codecs.charmap_encode(input,self.errors,encoding_table)[0]
           ~~~~~~~~~~~~~~~~~~~~~^^^^^^^^^^^^^^^^^^^^^^^^^^^^^^^^^^
UnicodeEncodeError: 'charmap' codec can't encode character '\U0001f916' in position 5: character maps to <undefined>
Call stack:
  File "C:\scripts\1repo\run_mvp.py", line 680, in <module>
    main()
  File "C:\scripts\1repo\run_mvp.py", line 652, in main
    results = orchestrator.run_single(
  File "C:\scripts\1repo\run_mvp.py", line 253, in run_single
    log_stage(logger, stage, "Completed")
  File "C:\scripts\1repo\am_logging.py", line 613, in log_stage
    log_section(logger, f"{emoji} {action}: {stage.upper()}", "INFO")
  File "C:\scripts\1repo\am_logging.py", line 588, in log_section
    log_func(f"  {title}")
Message: '  \U0001f916 Completed: EXTENDED'
Arguments: ()
2025-11-01 01:27:09,539 - __main__ - INFO - ============================================================
2025-11-01 01:27:09,539 - __main__ - INFO - ============================================================
2025-11-01 01:27:09,539 - __main__ - INFO--- Logging error ---
Traceback (most recent call last):
  File "C:\Users\Dimon\AppData\Local\Programs\Python\Python313\Lib\logging\__init__.py", line 1154, in emit
    stream.write(msg + self.terminator)
    ~~~~~~~~~~~~^^^^^^^^^^^^^^^^^^^^^^^
  File "C:\Users\Dimon\AppData\Local\Programs\Python\Python313\Lib\site-packages\colorama\ansitowin32.py", line 47, in write
    self.__convertor.write(text)
    ~~~~~~~~~~~~~~~~~~~~~~^^^^^^
  File "C:\Users\Dimon\AppData\Local\Programs\Python\Python313\Lib\site-packages\colorama\ansitowin32.py", line 177, in write
    self.write_and_convert(text)
    ~~~~~~~~~~~~~~~~~~~~~~^^^^^^
  File "C:\Users\Dimon\AppData\Local\Programs\Python\Python313\Lib\site-packages\colorama\ansitowin32.py", line 205, in write_and_convert
    self.write_plain_text(text, cursor, len(text))
    ~~~~~~~~~~~~~~~~~~~~~^^^^^^^^^^^^^^^^^^^^^^^^^
  File "C:\Users\Dimon\AppData\Local\Programs\Python\Python313\Lib\site-packages\colorama\ansitowin32.py", line 210, in write_plain_text
    self.wrapped.write(text[start:end])
    ~~~~~~~~~~~~~~~~~~^^^^^^^^^^^^^^^^^
  File "C:\Users\Dimon\AppData\Local\Programs\Python\Python313\Lib\encodings\cp1251.py", line 19, in encode
    return codecs.charmap_encode(input,self.errors,encoding_table)[0]
           ~~~~~~~~~~~~~~~~~~~~~^^^^^^^^^^^^^^^^^^^^^^^^^^^^^^^^^^
UnicodeEncodeError: 'charmap' codec can't encode character '\u2705' in position 5: character maps to <undefined>
Call stack:
  File "C:\scripts\1repo\run_mvp.py", line 680, in <module>
    main()
  File "C:\scripts\1repo\run_mvp.py", line 652, in main
    results = orchestrator.run_single(
  File "C:\scripts\1repo\run_mvp.py", line 222, in run_single
    log_stage(logger, stage, "Starting")
  File "C:\scripts\1repo\am_logging.py", line 613, in log_stage
    log_section(logger, f"{emoji} {action}: {stage.upper()}", "INFO")
  File "C:\scripts\1repo\am_logging.py", line 588, in log_section
    log_func(f"  {title}")
Message: '  \u2705 Starting: FINALIZE'
Arguments: ()
2025-11-01 01:27:09,540 - __main__ - INFO - ============================================================
2025-11-01 01:27:09,540 - am_common - INFO - Loading config: config\batch_full.yaml
2025-11-01 01:27:09,556 - am_common - INFO - Config loaded successfully
2025-11-01 01:27:09,556 - am_finalize - INFO - Processing: lean_analytics.dataset.jsonl
2025-11-01 01:27:09,556 - am_common - INFO - Loading dataset: C:\scripts\1repo\data\datasets\extended\lean_analytics.dataset.jsonl
2025-11-01 01:27:09,567 - am_common - INFO - Loaded: 439 cards from lean_analytics.dataset.jsonl
2025-11-01 01:27:09,569 - am_common - INFO - Saving dataset: C:\scripts\1repo\data\datasets\final\lean_analytics.dataset.jsonl (439 cards)
2025-11-01 01:27:09,579 - am_common - INFO - Saved: 439 cards to lean_analytics.dataset.jsonl (1.36 MB)
2025-11-01 01:27:09,580 - quality_tracker - INFO - Starting: track_quality
2025-11-01 01:27:09,580 - quality_tracker - INFO - finalize metrics:
2025-11-01 01:27:09,580 - quality_tracker - INFO -   total_cards: 439
2025-11-01 01:27:09,580 - quality_tracker - INFO -   validation_errors: 0
2025-11-01 01:27:09,580 - quality_tracker - INFO -   validation_warnings: 110
2025-11-01 01:27:09,580 - quality_tracker - INFO -   avg_completeness: 0.5450
2025-11-01 01:27:09,580 - quality_tracker - INFO -   cards_with_structure: 326
2025-11-01 01:27:09,580 - quality_tracker - INFO -   structure_coverage: 0.7426
2025-11-01 01:27:09,580 - quality_tracker - INFO -   cards_with_summaries: 412
2025-11-01 01:27:09,581 - quality_tracker - INFO -   summary_coverage: 0.9385
2025-11-01 01:27:09,581 - quality_tracker - INFO--- Logging error ---
Traceback (most recent call last):
  File "C:\Users\Dimon\AppData\Local\Programs\Python\Python313\Lib\logging\__init__.py", line 1154, in emit
    stream.write(msg + self.terminator)
    ~~~~~~~~~~~~^^^^^^^^^^^^^^^^^^^^^^^
  File "C:\Users\Dimon\AppData\Local\Programs\Python\Python313\Lib\site-packages\colorama\ansitowin32.py", line 47, in write
    self.__convertor.write(text)
    ~~~~~~~~~~~~~~~~~~~~~~^^^^^^
  File "C:\Users\Dimon\AppData\Local\Programs\Python\Python313\Lib\site-packages\colorama\ansitowin32.py", line 177, in write
    self.write_and_convert(text)
    ~~~~~~~~~~~~~~~~~~~~~~^^^^^^
  File "C:\Users\Dimon\AppData\Local\Programs\Python\Python313\Lib\site-packages\colorama\ansitowin32.py", line 205, in write_and_convert
    self.write_plain_text(text, cursor, len(text))
    ~~~~~~~~~~~~~~~~~~~~~^^^^^^^^^^^^^^^^^^^^^^^^^
  File "C:\Users\Dimon\AppData\Local\Programs\Python\Python313\Lib\site-packages\colorama\ansitowin32.py", line 210, in write_plain_text
    self.wrapped.write(text[start:end])
    ~~~~~~~~~~~~~~~~~~^^^^^^^^^^^^^^^^^
  File "C:\Users\Dimon\AppData\Local\Programs\Python\Python313\Lib\encodings\cp1251.py", line 19, in encode
    return codecs.charmap_encode(input,self.errors,encoding_table)[0]
           ~~~~~~~~~~~~~~~~~~~~~^^^^^^^^^^^^^^^^^^^^^^^^^^^^^^^^^^
UnicodeEncodeError: 'charmap' codec can't encode character '\u2713' in position 3: character maps to <undefined>
Call stack:
  File "C:\scripts\1repo\run_mvp.py", line 680, in <module>
    main()
  File "C:\scripts\1repo\run_mvp.py", line 652, in main
    results = orchestrator.run_single(
  File "C:\scripts\1repo\run_mvp.py", line 226, in run_single
    stage_result = self._run_stage(stage, current_input)
  File "C:\scripts\1repo\run_mvp.py", line 419, in _run_stage
    return processor.process_dataset(input_path, output_dir)
  File "C:\scripts\1repo\am_finalize.py", line 278, in process_dataset
    self.quality_tracker.track('finalize', input_path.name, metrics)
  File "C:\scripts\1repo\quality_tracker.py", line 171, in track
    logger.info(f"\u2713 Quality thresholds passed for {stage}")
Message: '\u2713 Quality thresholds passed for finalize'
Arguments: ()
2025-11-01 01:27:09,581 - quality_tracker - INFO - Completed: track_quality (0.00s)
2025-11-01 01:27:09,582 - am_finalize - INFO - Saved: lean_analytics.dataset.jsonl
2025-11-01 01:27:09,582 - __main__ - ERROR - Validation failed: Unknown stage: finalize
2025-11-01 01:27:09,582 - __main__ - WARNING - Validation issues: 1 errors
2025-11-01 01:27:09,582 - __main__ - INFO - ============================================================
2025-11-01 01:27:09,582 - __main__ - INFO--- Logging error ---
Traceback (most recent call last):
  File "C:\Users\Dimon\AppData\Local\Programs\Python\Python313\Lib\logging\__init__.py", line 1154, in emit
    stream.write(msg + self.terminator)
    ~~~~~~~~~~~~^^^^^^^^^^^^^^^^^^^^^^^
  File "C:\Users\Dimon\AppData\Local\Programs\Python\Python313\Lib\site-packages\colorama\ansitowin32.py", line 47, in write
    self.__convertor.write(text)
    ~~~~~~~~~~~~~~~~~~~~~~^^^^^^
  File "C:\Users\Dimon\AppData\Local\Programs\Python\Python313\Lib\site-packages\colorama\ansitowin32.py", line 177, in write
    self.write_and_convert(text)
    ~~~~~~~~~~~~~~~~~~~~~~^^^^^^
  File "C:\Users\Dimon\AppData\Local\Programs\Python\Python313\Lib\site-packages\colorama\ansitowin32.py", line 205, in write_and_convert
    self.write_plain_text(text, cursor, len(text))
    ~~~~~~~~~~~~~~~~~~~~~^^^^^^^^^^^^^^^^^^^^^^^^^
  File "C:\Users\Dimon\AppData\Local\Programs\Python\Python313\Lib\site-packages\colorama\ansitowin32.py", line 210, in write_plain_text
    self.wrapped.write(text[start:end])
    ~~~~~~~~~~~~~~~~~~^^^^^^^^^^^^^^^^^
  File "C:\Users\Dimon\AppData\Local\Programs\Python\Python313\Lib\encodings\cp1251.py", line 19, in encode
    return codecs.charmap_encode(input,self.errors,encoding_table)[0]
           ~~~~~~~~~~~~~~~~~~~~~^^^^^^^^^^^^^^^^^^^^^^^^^^^^^^^^^^
UnicodeEncodeError: 'charmap' codec can't encode character '\u2705' in position 5: character maps to <undefined>
Call stack:
  File "C:\scripts\1repo\run_mvp.py", line 680, in <module>
    main()
  File "C:\scripts\1repo\run_mvp.py", line 652, in main
    results = orchestrator.run_single(
  File "C:\scripts\1repo\run_mvp.py", line 253, in run_single
    log_stage(logger, stage, "Completed")
  File "C:\scripts\1repo\am_logging.py", line 613, in log_stage
    log_section(logger, f"{emoji} {action}: {stage.upper()}", "INFO")
  File "C:\scripts\1repo\am_logging.py", line 588, in log_section
    log_func(f"  {title}")
Message: '  \u2705 Completed: FINALIZE'
Arguments: ()
2025-11-01 01:27:09,583 - __main__ - INFO - ============================================================
2025-11-01 01:27:09,583 - __main__ - INFO - ============================================================
2025-11-01 01:27:09,583 - __main__ - INFO--- Logging error ---
Traceback (most recent call last):
  File "C:\Users\Dimon\AppData\Local\Programs\Python\Python313\Lib\logging\__init__.py", line 1154, in emit
    stream.write(msg + self.terminator)
    ~~~~~~~~~~~~^^^^^^^^^^^^^^^^^^^^^^^
  File "C:\Users\Dimon\AppData\Local\Programs\Python\Python313\Lib\site-packages\colorama\ansitowin32.py", line 47, in write
    self.__convertor.write(text)
    ~~~~~~~~~~~~~~~~~~~~~~^^^^^^
  File "C:\Users\Dimon\AppData\Local\Programs\Python\Python313\Lib\site-packages\colorama\ansitowin32.py", line 177, in write
    self.write_and_convert(text)
    ~~~~~~~~~~~~~~~~~~~~~~^^^^^^
  File "C:\Users\Dimon\AppData\Local\Programs\Python\Python313\Lib\site-packages\colorama\ansitowin32.py", line 205, in write_and_convert
    self.write_plain_text(text, cursor, len(text))
    ~~~~~~~~~~~~~~~~~~~~~^^^^^^^^^^^^^^^^^^^^^^^^^
  File "C:\Users\Dimon\AppData\Local\Programs\Python\Python313\Lib\site-packages\colorama\ansitowin32.py", line 210, in write_plain_text
    self.wrapped.write(text[start:end])
    ~~~~~~~~~~~~~~~~~~^^^^^^^^^^^^^^^^^
  File "C:\Users\Dimon\AppData\Local\Programs\Python\Python313\Lib\encodings\cp1251.py", line 19, in encode
    return codecs.charmap_encode(input,self.errors,encoding_table)[0]
           ~~~~~~~~~~~~~~~~~~~~~^^^^^^^^^^^^^^^^^^^^^^^^^^^^^^^^^^
UnicodeEncodeError: 'charmap' codec can't encode character '\U0001f9e9' in position 5: character maps to <undefined>
Call stack:
  File "C:\scripts\1repo\run_mvp.py", line 680, in <module>
    main()
  File "C:\scripts\1repo\run_mvp.py", line 652, in main
    results = orchestrator.run_single(
  File "C:\scripts\1repo\run_mvp.py", line 222, in run_single
    log_stage(logger, stage, "Starting")
  File "C:\scripts\1repo\am_logging.py", line 613, in log_stage
    log_section(logger, f"{emoji} {action}: {stage.upper()}", "INFO")
  File "C:\scripts\1repo\am_logging.py", line 588, in log_section
    log_func(f"  {title}")
Message: '  \U0001f9e9 Starting: CHUNK'
Arguments: ()
2025-11-01 01:27:09,584 - __main__ - INFO - ============================================================
2025-11-01 01:27:09,584 - am_common - INFO - Loading config: config\batch_full.yaml
2025-11-01 01:27:09,598 - am_common - INFO - Config loaded successfully
2025-11-01 01:27:09,678 - am_chunk - INFO - Processing: lean_analytics.dataset.jsonl
2025-11-01 01:27:09,678 - am_common - INFO - Loading dataset: C:\scripts\1repo\data\datasets\final\lean_analytics.dataset.jsonl
2025-11-01 01:27:09,696 - am_common - INFO - Loaded: 439 cards from lean_analytics.dataset.jsonl
2025-11-01 01:27:09,886 - am_chunk - INFO - Created 549 chunks from 439 pages
2025-11-01 01:27:09,902 - quality_tracker - INFO - Starting: track_quality
2025-11-01 01:27:09,903 - quality_tracker - INFO - chunk metrics:
2025-11-01 01:27:09,903 - quality_tracker - INFO -   total_chunks: 549
2025-11-01 01:27:09,903 - quality_tracker - INFO -   chunks_per_page: 1.2506
2025-11-01 01:27:09,903 - quality_tracker - INFO -   avg_chunk_tokens: 365.0856
2025-11-01 01:27:09,903 - quality_tracker - INFO -   min_chunk_tokens: 107
2025-11-01 01:27:09,903 - quality_tracker - INFO -   max_chunk_tokens: 833
2025-11-01 01:27:09,903 - quality_tracker - INFO -   token_distribution: {'0-100': 0, '100-300': 191, '300-512': 343, '512+': 15}
2025-11-01 01:27:09,903 - quality_tracker - INFO -   context_completeness: 1.0000
2025-11-01 01:27:09,903 - quality_tracker - INFO--- Logging error ---
Traceback (most recent call last):
  File "C:\Users\Dimon\AppData\Local\Programs\Python\Python313\Lib\logging\__init__.py", line 1154, in emit
    stream.write(msg + self.terminator)
    ~~~~~~~~~~~~^^^^^^^^^^^^^^^^^^^^^^^
  File "C:\Users\Dimon\AppData\Local\Programs\Python\Python313\Lib\site-packages\colorama\ansitowin32.py", line 47, in write
    self.__convertor.write(text)
    ~~~~~~~~~~~~~~~~~~~~~~^^^^^^
  File "C:\Users\Dimon\AppData\Local\Programs\Python\Python313\Lib\site-packages\colorama\ansitowin32.py", line 177, in write
    self.write_and_convert(text)
    ~~~~~~~~~~~~~~~~~~~~~~^^^^^^
  File "C:\Users\Dimon\AppData\Local\Programs\Python\Python313\Lib\site-packages\colorama\ansitowin32.py", line 205, in write_and_convert
    self.write_plain_text(text, cursor, len(text))
    ~~~~~~~~~~~~~~~~~~~~~^^^^^^^^^^^^^^^^^^^^^^^^^
  File "C:\Users\Dimon\AppData\Local\Programs\Python\Python313\Lib\site-packages\colorama\ansitowin32.py", line 210, in write_plain_text
    self.wrapped.write(text[start:end])
    ~~~~~~~~~~~~~~~~~~^^^^^^^^^^^^^^^^^
  File "C:\Users\Dimon\AppData\Local\Programs\Python\Python313\Lib\encodings\cp1251.py", line 19, in encode
    return codecs.charmap_encode(input,self.errors,encoding_table)[0]
           ~~~~~~~~~~~~~~~~~~~~~^^^^^^^^^^^^^^^^^^^^^^^^^^^^^^^^^^
UnicodeEncodeError: 'charmap' codec can't encode character '\u2713' in position 3: character maps to <undefined>
Call stack:
  File "C:\scripts\1repo\run_mvp.py", line 680, in <module>
    main()
  File "C:\scripts\1repo\run_mvp.py", line 652, in main
    results = orchestrator.run_single(
  File "C:\scripts\1repo\run_mvp.py", line 226, in run_single
    stage_result = self._run_stage(stage, current_input)
  File "C:\scripts\1repo\run_mvp.py", line 419, in _run_stage
    return processor.process_dataset(input_path, output_dir)
  File "C:\scripts\1repo\am_chunk.py", line 309, in process_dataset
    self.quality_tracker.track('chunk', input_path.name, metrics)
  File "C:\scripts\1repo\quality_tracker.py", line 171, in track
    logger.info(f"\u2713 Quality thresholds passed for {stage}")
Message: '\u2713 Quality thresholds passed for chunk'
Arguments: ()
2025-11-01 01:27:09,904 - quality_tracker - INFO - Completed: track_quality (0.00s)
2025-11-01 01:27:09,904 - am_chunk - INFO - Saved: lean_analytics.dataset.chunks.jsonl
2025-11-01 01:27:09,905 - __main__ - ERROR - Validation failed: Unknown stage: chunk
2025-11-01 01:27:09,905 - __main__ - WARNING - Validation issues: 1 errors
2025-11-01 01:27:09,905 - __main__ - INFO - ============================================================
2025-11-01 01:27:09,906 - __main__ - INFO--- Logging error ---
Traceback (most recent call last):
  File "C:\Users\Dimon\AppData\Local\Programs\Python\Python313\Lib\logging\__init__.py", line 1154, in emit
    stream.write(msg + self.terminator)
    ~~~~~~~~~~~~^^^^^^^^^^^^^^^^^^^^^^^
  File "C:\Users\Dimon\AppData\Local\Programs\Python\Python313\Lib\site-packages\colorama\ansitowin32.py", line 47, in write
    self.__convertor.write(text)
    ~~~~~~~~~~~~~~~~~~~~~~^^^^^^
  File "C:\Users\Dimon\AppData\Local\Programs\Python\Python313\Lib\site-packages\colorama\ansitowin32.py", line 177, in write
    self.write_and_convert(text)
    ~~~~~~~~~~~~~~~~~~~~~~^^^^^^
  File "C:\Users\Dimon\AppData\Local\Programs\Python\Python313\Lib\site-packages\colorama\ansitowin32.py", line 205, in write_and_convert
    self.write_plain_text(text, cursor, len(text))
    ~~~~~~~~~~~~~~~~~~~~~^^^^^^^^^^^^^^^^^^^^^^^^^
  File "C:\Users\Dimon\AppData\Local\Programs\Python\Python313\Lib\site-packages\colorama\ansitowin32.py", line 210, in write_plain_text
    self.wrapped.write(text[start:end])
    ~~~~~~~~~~~~~~~~~~^^^^^^^^^^^^^^^^^
  File "C:\Users\Dimon\AppData\Local\Programs\Python\Python313\Lib\encodings\cp1251.py", line 19, in encode
    return codecs.charmap_encode(input,self.errors,encoding_table)[0]
           ~~~~~~~~~~~~~~~~~~~~~^^^^^^^^^^^^^^^^^^^^^^^^^^^^^^^^^^
UnicodeEncodeError: 'charmap' codec can't encode character '\U0001f9e9' in position 5: character maps to <undefined>
Call stack:
  File "C:\scripts\1repo\run_mvp.py", line 680, in <module>
    main()
  File "C:\scripts\1repo\run_mvp.py", line 652, in main
    results = orchestrator.run_single(
  File "C:\scripts\1repo\run_mvp.py", line 253, in run_single
    log_stage(logger, stage, "Completed")
  File "C:\scripts\1repo\am_logging.py", line 613, in log_stage
    log_section(logger, f"{emoji} {action}: {stage.upper()}", "INFO")
  File "C:\scripts\1repo\am_logging.py", line 588, in log_section
    log_func(f"  {title}")
Message: '  \U0001f9e9 Completed: CHUNK'
Arguments: ()
2025-11-01 01:27:09,906 - __main__ - INFO - ============================================================
2025-11-01 01:27:09,906 - __main__ - INFO - ============================================================
2025-11-01 01:27:09,906 - __main__ - INFO--- Logging error ---
Traceback (most recent call last):
  File "C:\Users\Dimon\AppData\Local\Programs\Python\Python313\Lib\logging\__init__.py", line 1154, in emit
    stream.write(msg + self.terminator)
    ~~~~~~~~~~~~^^^^^^^^^^^^^^^^^^^^^^^
  File "C:\Users\Dimon\AppData\Local\Programs\Python\Python313\Lib\site-packages\colorama\ansitowin32.py", line 47, in write
    self.__convertor.write(text)
    ~~~~~~~~~~~~~~~~~~~~~~^^^^^^
  File "C:\Users\Dimon\AppData\Local\Programs\Python\Python313\Lib\site-packages\colorama\ansitowin32.py", line 177, in write
    self.write_and_convert(text)
    ~~~~~~~~~~~~~~~~~~~~~~^^^^^^
  File "C:\Users\Dimon\AppData\Local\Programs\Python\Python313\Lib\site-packages\colorama\ansitowin32.py", line 205, in write_and_convert
    self.write_plain_text(text, cursor, len(text))
    ~~~~~~~~~~~~~~~~~~~~~^^^^^^^^^^^^^^^^^^^^^^^^^
  File "C:\Users\Dimon\AppData\Local\Programs\Python\Python313\Lib\site-packages\colorama\ansitowin32.py", line 210, in write_plain_text
    self.wrapped.write(text[start:end])
    ~~~~~~~~~~~~~~~~~~^^^^^^^^^^^^^^^^^
  File "C:\Users\Dimon\AppData\Local\Programs\Python\Python313\Lib\encodings\cp1251.py", line 19, in encode
    return codecs.charmap_encode(input,self.errors,encoding_table)[0]
           ~~~~~~~~~~~~~~~~~~~~~^^^^^^^^^^^^^^^^^^^^^^^^^^^^^^^^^^
UnicodeEncodeError: 'charmap' codec can't encode character '\U0001f522' in position 5: character maps to <undefined>
Call stack:
  File "C:\scripts\1repo\run_mvp.py", line 680, in <module>
    main()
  File "C:\scripts\1repo\run_mvp.py", line 652, in main
    results = orchestrator.run_single(
  File "C:\scripts\1repo\run_mvp.py", line 222, in run_single
    log_stage(logger, stage, "Starting")
  File "C:\scripts\1repo\am_logging.py", line 613, in log_stage
    log_section(logger, f"{emoji} {action}: {stage.upper()}", "INFO")
  File "C:\scripts\1repo\am_logging.py", line 588, in log_section
    log_func(f"  {title}")
Message: '  \U0001f522 Starting: EMBED'
Arguments: ()
2025-11-01 01:27:09,907 - __main__ - INFO - ============================================================
2025-11-01 01:27:09,907 - am_common - INFO - Loading config: config\batch_full.yaml
2025-11-01 01:27:09,921 - am_common - INFO - Config loaded successfully
2025-11-01 01:27:09,921 - am_embed - INFO - [sentence-transformers] Loading model: all-MiniLM-L6-v2
2025-11-01 01:27:09,922 - sentence_transformers.SentenceTransformer - INFO - Use pytorch device_name: cpu
2025-11-01 01:27:09,922 - sentence_transformers.SentenceTransformer - INFO - Load pretrained SentenceTransformer: all-MiniLM-L6-v2
2025-11-01 01:27:13,527 - am_embed - INFO - [sentence-transformers] Embedding dimension: 384
2025-11-01 01:27:13,527 - am_embed - INFO - Processing: lean_analytics.dataset.chunks.jsonl
2025-11-01 01:27:13,548 - am_embed - INFO - Loaded 549 chunks
2025-11-01 01:27:13,548 - am_embed - INFO - Encoding 549 chunks in 18 batches
2025-11-01 01:27:16,531 - am_embed - INFO - Processed batch 10/18
2025-11-01 01:27:18,673 - am_embed - INFO - Encoded 549 embeddings, 0 failures
2025-11-01 01:27:18,673 - am_embed - INFO - Building FAISS index: flat, metric=cosine
2025-11-01 01:27:18,673 - am_embed - INFO - Vectors: 549, Dimension: 384
2025-11-01 01:27:18,674 - am_embed - INFO - FAISS index built: 549 vectors
2025-11-01 01:27:18,675 - am_embed - INFO - Saved FAISS index: lean_analytics.dataset.faiss (823.54 KB)
2025-11-01 01:27:18,678 - am_embed - INFO - Saved metadata: lean_analytics.dataset.pkl (964.79 KB)
2025-11-01 01:27:18,679 - quality_tracker - INFO - Starting: track_quality
2025-11-01 01:27:18,680 - quality_tracker - INFO - embed metrics:
2025-11-01 01:27:18,680 - quality_tracker - INFO -   total_vectors: 549
2025-11-01 01:27:18,680 - quality_tracker - INFO -   embedding_dim: 384
2025-11-01 01:27:18,680 - quality_tracker - INFO -   embedding_failures: 0
2025-11-01 01:27:18,680 - quality_tracker - INFO -   failure_rate: 0.0000
2025-11-01 01:27:18,680 - quality_tracker - INFO -   avg_norm: 1.0000
2025-11-01 01:27:18,680 - quality_tracker - INFO -   min_norm: 1.0000
2025-11-01 01:27:18,680 - quality_tracker - INFO -   max_norm: 1.0000
2025-11-01 01:27:18,680 - quality_tracker - INFO--- Logging error ---
Traceback (most recent call last):
  File "C:\Users\Dimon\AppData\Local\Programs\Python\Python313\Lib\logging\__init__.py", line 1154, in emit
    stream.write(msg + self.terminator)
    ~~~~~~~~~~~~^^^^^^^^^^^^^^^^^^^^^^^
  File "C:\Users\Dimon\AppData\Local\Programs\Python\Python313\Lib\site-packages\colorama\ansitowin32.py", line 47, in write
    self.__convertor.write(text)
    ~~~~~~~~~~~~~~~~~~~~~~^^^^^^
  File "C:\Users\Dimon\AppData\Local\Programs\Python\Python313\Lib\site-packages\colorama\ansitowin32.py", line 177, in write
    self.write_and_convert(text)
    ~~~~~~~~~~~~~~~~~~~~~~^^^^^^
  File "C:\Users\Dimon\AppData\Local\Programs\Python\Python313\Lib\site-packages\colorama\ansitowin32.py", line 205, in write_and_convert
    self.write_plain_text(text, cursor, len(text))
    ~~~~~~~~~~~~~~~~~~~~~^^^^^^^^^^^^^^^^^^^^^^^^^
  File "C:\Users\Dimon\AppData\Local\Programs\Python\Python313\Lib\site-packages\colorama\ansitowin32.py", line 210, in write_plain_text
    self.wrapped.write(text[start:end])
    ~~~~~~~~~~~~~~~~~~^^^^^^^^^^^^^^^^^
  File "C:\Users\Dimon\AppData\Local\Programs\Python\Python313\Lib\encodings\cp1251.py", line 19, in encode
    return codecs.charmap_encode(input,self.errors,encoding_table)[0]
           ~~~~~~~~~~~~~~~~~~~~~^^^^^^^^^^^^^^^^^^^^^^^^^^^^^^^^^^
UnicodeEncodeError: 'charmap' codec can't encode character '\u2713' in position 3: character maps to <undefined>
Call stack:
  File "C:\scripts\1repo\run_mvp.py", line 680, in <module>
    main()
  File "C:\scripts\1repo\run_mvp.py", line 652, in main
    results = orchestrator.run_single(
  File "C:\scripts\1repo\run_mvp.py", line 226, in run_single
    stage_result = self._run_stage(stage, current_input)
  File "C:\scripts\1repo\run_mvp.py", line 428, in _run_stage
    return processor.process_chunks(input_path, output_dir=None)
  File "C:\scripts\1repo\am_embed.py", line 426, in process_chunks
    self.quality_tracker.track('embed', chunks_path.name, metrics)
  File "C:\scripts\1repo\quality_tracker.py", line 171, in track
    logger.info(f"\u2713 Quality thresholds passed for {stage}")
Message: '\u2713 Quality thresholds passed for embed'
Arguments: ()
2025-11-01 01:27:18,681 - quality_tracker - INFO - Completed: track_quality (0.00s)
2025-11-01 01:27:18,681 - am_embed - INFO - Saved: lean_analytics.dataset.faiss, lean_analytics.dataset.pkl
2025-11-01 01:27:18,681 - __main__ - INFO - ============================================================
2025-11-01 01:27:18,681 - __main__ - INFO--- Logging error ---
Traceback (most recent call last):
  File "C:\Users\Dimon\AppData\Local\Programs\Python\Python313\Lib\logging\__init__.py", line 1154, in emit
    stream.write(msg + self.terminator)
    ~~~~~~~~~~~~^^^^^^^^^^^^^^^^^^^^^^^
  File "C:\Users\Dimon\AppData\Local\Programs\Python\Python313\Lib\site-packages\colorama\ansitowin32.py", line 47, in write
    self.__convertor.write(text)
    ~~~~~~~~~~~~~~~~~~~~~~^^^^^^
  File "C:\Users\Dimon\AppData\Local\Programs\Python\Python313\Lib\site-packages\colorama\ansitowin32.py", line 177, in write
    self.write_and_convert(text)
    ~~~~~~~~~~~~~~~~~~~~~~^^^^^^
  File "C:\Users\Dimon\AppData\Local\Programs\Python\Python313\Lib\site-packages\colorama\ansitowin32.py", line 205, in write_and_convert
    self.write_plain_text(text, cursor, len(text))
    ~~~~~~~~~~~~~~~~~~~~~^^^^^^^^^^^^^^^^^^^^^^^^^
  File "C:\Users\Dimon\AppData\Local\Programs\Python\Python313\Lib\site-packages\colorama\ansitowin32.py", line 210, in write_plain_text
    self.wrapped.write(text[start:end])
    ~~~~~~~~~~~~~~~~~~^^^^^^^^^^^^^^^^^
  File "C:\Users\Dimon\AppData\Local\Programs\Python\Python313\Lib\encodings\cp1251.py", line 19, in encode
    return codecs.charmap_encode(input,self.errors,encoding_table)[0]
           ~~~~~~~~~~~~~~~~~~~~~^^^^^^^^^^^^^^^^^^^^^^^^^^^^^^^^^^
UnicodeEncodeError: 'charmap' codec can't encode character '\U0001f522' in position 5: character maps to <undefined>
Call stack:
  File "C:\scripts\1repo\run_mvp.py", line 680, in <module>
    main()
  File "C:\scripts\1repo\run_mvp.py", line 652, in main
    results = orchestrator.run_single(
  File "C:\scripts\1repo\run_mvp.py", line 253, in run_single
    log_stage(logger, stage, "Completed")
  File "C:\scripts\1repo\am_logging.py", line 613, in log_stage
    log_section(logger, f"{emoji} {action}: {stage.upper()}", "INFO")
  File "C:\scripts\1repo\am_logging.py", line 588, in log_section
    log_func(f"  {title}")
Message: '  \U0001f522 Completed: EMBED'
Arguments: ()
2025-11-01 01:27:18,682 - __main__ - INFO - ============================================================
2025-11-01 01:27:18,682 - __main__ - INFO - Pipeline status: completed
2025-11-01 01:27:18,682 - __main__ - INFO - Completed: run_single_pipeline (166.09s)
2025-11-01 01:27:18,682 - __main__ - INFO - ============================================================
2025-11-01 01:27:18,682 - __main__ - INFO--- Logging error ---
Traceback (most recent call last):
  File "C:\Users\Dimon\AppData\Local\Programs\Python\Python313\Lib\logging\__init__.py", line 1154, in emit
    stream.write(msg + self.terminator)
    ~~~~~~~~~~~~^^^^^^^^^^^^^^^^^^^^^^^
  File "C:\Users\Dimon\AppData\Local\Programs\Python\Python313\Lib\site-packages\colorama\ansitowin32.py", line 47, in write
    self.__convertor.write(text)
    ~~~~~~~~~~~~~~~~~~~~~~^^^^^^
  File "C:\Users\Dimon\AppData\Local\Programs\Python\Python313\Lib\site-packages\colorama\ansitowin32.py", line 177, in write
    self.write_and_convert(text)
    ~~~~~~~~~~~~~~~~~~~~~~^^^^^^
  File "C:\Users\Dimon\AppData\Local\Programs\Python\Python313\Lib\site-packages\colorama\ansitowin32.py", line 205, in write_and_convert
    self.write_plain_text(text, cursor, len(text))
    ~~~~~~~~~~~~~~~~~~~~~^^^^^^^^^^^^^^^^^^^^^^^^^
  File "C:\Users\Dimon\AppData\Local\Programs\Python\Python313\Lib\site-packages\colorama\ansitowin32.py", line 210, in write_plain_text
    self.wrapped.write(text[start:end])
    ~~~~~~~~~~~~~~~~~~^^^^^^^^^^^^^^^^^
  File "C:\Users\Dimon\AppData\Local\Programs\Python\Python313\Lib\encodings\cp1251.py", line 19, in encode
    return codecs.charmap_encode(input,self.errors,encoding_table)[0]
           ~~~~~~~~~~~~~~~~~~~~~^^^^^^^^^^^^^^^^^^^^^^^^^^^^^^^^^^
UnicodeEncodeError: 'charmap' codec can't encode character '\U0001f4ca' in position 5: character maps to <undefined>
Call stack:
  File "C:\scripts\1repo\run_mvp.py", line 680, in <module>
    main()
  File "C:\scripts\1repo\run_mvp.py", line 660, in main
    orchestrator.generate_reports()
  File "C:\scripts\1repo\run_mvp.py", line 502, in generate_reports
    log_section(logger, "\U0001f4ca FINAL REPORTS", "INFO")
  File "C:\scripts\1repo\am_logging.py", line 588, in log_section
    log_func(f"  {title}")
Message: '  \U0001f4ca FINAL REPORTS'
Arguments: ()
2025-11-01 01:27:18,683 - __main__ - INFO - ============================================================
2025-11-01 01:27:18,683 - __main__ - INFO - ============================================================
2025-11-01 01:27:18,683 - __main__ - INFO -   Performance Summary
2025-11-01 01:27:18,683 - __main__ - INFO - ============================================================
2025-11-01 01:27:18,683 - __main__ - INFO - 
run_single_pipeline:
2025-11-01 01:27:18,683 - __main__ - INFO -   Count: 1
2025-11-01 01:27:18,683 - __main__ - INFO -   Total: 166.09s
2025-11-01 01:27:18,683 - __main__ - INFO -   Avg: 166.09s
2025-11-01 01:27:18,683 - __main__ - INFO -   Min: 166.09s
2025-11-01 01:27:18,683 - __main__ - INFO -   Max: 166.09s
2025-11-01 01:27:18,683 - __main__ - INFO - 
track_quality:
2025-11-01 01:27:18,683 - __main__ - INFO -   Count: 7
2025-11-01 01:27:18,683 - __main__ - INFO -   Total: 0.01s
2025-11-01 01:27:18,683 - __main__ - INFO -   Avg: 0.00s
2025-11-01 01:27:18,683 - __main__ - INFO -   Min: 0.00s
2025-11-01 01:27:18,683 - __main__ - INFO -   Max: 0.00s
2025-11-01 01:27:18,683 - __main__ - INFO - No errors or warnings recorded
2025-11-01 01:27:18,683 - __main__ - INFO - 
2025-11-01 01:27:18,683 - quality_tracker - INFO - Starting: generate_quality_report
2025-11-01 01:27:18,685 - quality_tracker - INFO - Quality report saved: C:\scripts\1repo\data\quality\quality_report_20251101_012718.json
2025-11-01 01:27:18,685 - quality_tracker - INFO - Completed: generate_quality_report (0.00s)
2025-11-01 01:27:18,685 - quality_tracker - INFO - ============================================================
2025-11-01 01:27:18,685 - quality_tracker - INFO -   QUALITY REPORT
2025-11-01 01:27:18,686 - quality_tracker - INFO - ============================================================
2025-11-01 01:27:18,686 - quality_tracker - INFO - Generated: 2025-10-31T22:27:18Z
2025-11-01 01:27:18,686 - quality_tracker - INFO - Version: 2.0.0

2025-11-01 01:27:18,686 - quality_tracker - INFO - ------------------------------------------------------------
2025-11-01 01:27:18,686 - quality_tracker - INFO -   Stage: STRUCTURAL
2025-11-01 01:27:18,686 - quality_tracker - INFO - ------------------------------------------------------------
2025-11-01 01:27:18,686 - quality_tracker - INFO - Summary:
2025-11-01 01:27:18,686 - quality_tracker - INFO -   total_runs: 1
2025-11-01 01:27:18,686 - quality_tracker - INFO -   passed_threshold: 1
2025-11-01 01:27:18,686 - quality_tracker - INFO -   failed_threshold: 0
2025-11-01 01:27:18,686 - quality_tracker - INFO -   pass_rate: 100.0%
2025-11-01 01:27:18,686 - quality_tracker - INFO - 
Recent trend (last 1 runs):
2025-11-01 01:27:18,686 - quality_tracker - INFO -   Pass rate: 100.0%
2025-11-01 01:27:18,686 - quality_tracker - INFO - 
2025-11-01 01:27:18,686 - quality_tracker - INFO - ------------------------------------------------------------
2025-11-01 01:27:18,686 - quality_tracker - INFO -   Stage: STRUCTURE_DETECT
2025-11-01 01:27:18,686 - quality_tracker - INFO - ------------------------------------------------------------
2025-11-01 01:27:18,686 - quality_tracker - INFO - Summary:
2025-11-01 01:27:18,686 - quality_tracker - INFO -   total_runs: 1
2025-11-01 01:27:18,686 - quality_tracker - INFO -   passed_threshold: 1
2025-11-01 01:27:18,686 - quality_tracker - INFO -   failed_threshold: 0
2025-11-01 01:27:18,686 - quality_tracker - INFO -   pass_rate: 100.0%
2025-11-01 01:27:18,686 - quality_tracker - INFO - 
Recent trend (last 1 runs):
2025-11-01 01:27:18,686 - quality_tracker - INFO -   Pass rate: 100.0%
2025-11-01 01:27:18,686 - quality_tracker - INFO - 
2025-11-01 01:27:18,686 - quality_tracker - INFO - ------------------------------------------------------------
2025-11-01 01:27:18,686 - quality_tracker - INFO -   Stage: SUMMARIZE
2025-11-01 01:27:18,686 - quality_tracker - INFO - ------------------------------------------------------------
2025-11-01 01:27:18,686 - quality_tracker - INFO - Summary:
2025-11-01 01:27:18,686 - quality_tracker - INFO -   total_runs: 1
2025-11-01 01:27:18,686 - quality_tracker - INFO -   passed_threshold: 1
2025-11-01 01:27:18,687 - quality_tracker - INFO -   failed_threshold: 0
2025-11-01 01:27:18,687 - quality_tracker - INFO -   pass_rate: 100.0%
2025-11-01 01:27:18,687 - quality_tracker - INFO - 
Recent trend (last 1 runs):
2025-11-01 01:27:18,687 - quality_tracker - INFO -   Pass rate: 100.0%
2025-11-01 01:27:18,687 - quality_tracker - INFO - 
2025-11-01 01:27:18,687 - quality_tracker - INFO - ------------------------------------------------------------
2025-11-01 01:27:18,687 - quality_tracker - INFO -   Stage: EXTENDED
2025-11-01 01:27:18,687 - quality_tracker - INFO - ------------------------------------------------------------
2025-11-01 01:27:18,687 - quality_tracker - INFO - Summary:
2025-11-01 01:27:18,687 - quality_tracker - INFO -   total_runs: 1
2025-11-01 01:27:18,687 - quality_tracker - INFO -   passed_threshold: 1
2025-11-01 01:27:18,687 - quality_tracker - INFO -   failed_threshold: 0
2025-11-01 01:27:18,687 - quality_tracker - INFO -   pass_rate: 100.0%
2025-11-01 01:27:18,687 - quality_tracker - INFO - 
Recent trend (last 1 runs):
2025-11-01 01:27:18,687 - quality_tracker - INFO -   Pass rate: 100.0%
2025-11-01 01:27:18,687 - quality_tracker - INFO - 
2025-11-01 01:27:18,687 - quality_tracker - INFO - ------------------------------------------------------------
2025-11-01 01:27:18,687 - quality_tracker - INFO -   Stage: FINALIZE
2025-11-01 01:27:18,687 - quality_tracker - INFO - ------------------------------------------------------------
2025-11-01 01:27:18,687 - quality_tracker - INFO - Summary:
2025-11-01 01:27:18,687 - quality_tracker - INFO -   total_runs: 1
2025-11-01 01:27:18,687 - quality_tracker - INFO -   passed_threshold: 1
2025-11-01 01:27:18,687 - quality_tracker - INFO -   failed_threshold: 0
2025-11-01 01:27:18,687 - quality_tracker - INFO -   pass_rate: 100.0%
2025-11-01 01:27:18,687 - quality_tracker - INFO - 
Recent trend (last 1 runs):
2025-11-01 01:27:18,687 - quality_tracker - INFO -   Pass rate: 100.0%
2025-11-01 01:27:18,687 - quality_tracker - INFO - 
2025-11-01 01:27:18,687 - quality_tracker - INFO - ------------------------------------------------------------
2025-11-01 01:27:18,687 - quality_tracker - INFO -   Stage: CHUNK
2025-11-01 01:27:18,687 - quality_tracker - INFO - ------------------------------------------------------------
2025-11-01 01:27:18,687 - quality_tracker - INFO - Summary:
2025-11-01 01:27:18,687 - quality_tracker - INFO -   total_runs: 1
2025-11-01 01:27:18,687 - quality_tracker - INFO -   passed_threshold: 1
2025-11-01 01:27:18,688 - quality_tracker - INFO -   failed_threshold: 0
2025-11-01 01:27:18,688 - quality_tracker - INFO -   pass_rate: 100.0%
2025-11-01 01:27:18,688 - quality_tracker - INFO - 
Recent trend (last 1 runs):
2025-11-01 01:27:18,688 - quality_tracker - INFO -   Pass rate: 100.0%
2025-11-01 01:27:18,688 - quality_tracker - INFO - 
2025-11-01 01:27:18,688 - quality_tracker - INFO - ------------------------------------------------------------
2025-11-01 01:27:18,688 - quality_tracker - INFO -   Stage: EMBED
2025-11-01 01:27:18,688 - quality_tracker - INFO - ------------------------------------------------------------
2025-11-01 01:27:18,688 - quality_tracker - INFO - Summary:
2025-11-01 01:27:18,688 - quality_tracker - INFO -   total_runs: 1
2025-11-01 01:27:18,688 - quality_tracker - INFO -   passed_threshold: 1
2025-11-01 01:27:18,688 - quality_tracker - INFO -   failed_threshold: 0
2025-11-01 01:27:18,688 - quality_tracker - INFO -   pass_rate: 100.0%
2025-11-01 01:27:18,688 - quality_tracker - INFO - 
Recent trend (last 1 runs):
2025-11-01 01:27:18,688 - quality_tracker - INFO -   Pass rate: 100.0%
2025-11-01 01:27:18,688 - quality_tracker - INFO - 
2025-11-01 01:27:18,688 - quality_tracker - INFO - ------------------------------------------------------------
2025-11-01 01:27:18,688 - quality_tracker - INFO -   PERFORMANCE SUMMARY
2025-11-01 01:27:18,688 - quality_tracker - INFO - ------------------------------------------------------------
2025-11-01 01:27:18,688 - quality_tracker - INFO - track_quality:
2025-11-01 01:27:18,688 - quality_tracker - INFO -   Count: 7, Avg: 0.00s
2025-11-01 01:27:18,688 - quality_tracker - INFO - run_single_pipeline:
2025-11-01 01:27:18,688 - quality_tracker - INFO -   Count: 1, Avg: 166.09s
2025-11-01 01:27:18,688 - __main__ - INFO - 
2025-11-01 01:27:18,688 - validate - INFO - ============================================================
2025-11-01 01:27:18,688 - validate - INFO -   Validation Summary
2025-11-01 01:27:18,688 - validate - INFO - ============================================================
2025-11-01 01:27:18,688 - validate - INFO - Overall Results:
2025-11-01 01:27:18,688 - validate - INFO -   total_datasets: 2
2025-11-01 01:27:18,688 - validate - INFO -   valid_datasets: 1
2025-11-01 01:27:18,688 - validate - INFO -   invalid_datasets: 1
2025-11-01 01:27:18,688 - validate - INFO -   total_errors: 2
2025-11-01 01:27:18,688 - validate - INFO -   total_warnings: 442
2025-11-01 01:27:18,689 - validate - INFO -   success_rate: 0.5000
2025-11-01 01:27:18,689 - validate - INFO -   timestamp: 2025-10-31T22:27:18.688747
2025-11-01 01:27:18,689 - validate - INFO - 
Per-dataset results:
2025-11-01 01:27:18,689 - validate - INFO--- Logging error ---
Traceback (most recent call last):
  File "C:\Users\Dimon\AppData\Local\Programs\Python\Python313\Lib\logging\__init__.py", line 1154, in emit
    stream.write(msg + self.terminator)
    ~~~~~~~~~~~~^^^^^^^^^^^^^^^^^^^^^^^
  File "C:\Users\Dimon\AppData\Local\Programs\Python\Python313\Lib\site-packages\colorama\ansitowin32.py", line 47, in write
    self.__convertor.write(text)
    ~~~~~~~~~~~~~~~~~~~~~~^^^^^^
  File "C:\Users\Dimon\AppData\Local\Programs\Python\Python313\Lib\site-packages\colorama\ansitowin32.py", line 177, in write
    self.write_and_convert(text)
    ~~~~~~~~~~~~~~~~~~~~~~^^^^^^
  File "C:\Users\Dimon\AppData\Local\Programs\Python\Python313\Lib\site-packages\colorama\ansitowin32.py", line 205, in write_and_convert
    self.write_plain_text(text, cursor, len(text))
    ~~~~~~~~~~~~~~~~~~~~~^^^^^^^^^^^^^^^^^^^^^^^^^
  File "C:\Users\Dimon\AppData\Local\Programs\Python\Python313\Lib\site-packages\colorama\ansitowin32.py", line 210, in write_plain_text
    self.wrapped.write(text[start:end])
    ~~~~~~~~~~~~~~~~~~^^^^^^^^^^^^^^^^^
  File "C:\Users\Dimon\AppData\Local\Programs\Python\Python313\Lib\encodings\cp1251.py", line 19, in encode
    return codecs.charmap_encode(input,self.errors,encoding_table)[0]
           ~~~~~~~~~~~~~~~~~~~~~^^^^^^^^^^^^^^^^^^^^^^^^^^^^^^^^^^
UnicodeEncodeError: 'charmap' codec can't encode character '\u2705' in position 5: character maps to <undefined>
Call stack:
  File "C:\scripts\1repo\run_mvp.py", line 680, in <module>
    main()
  File "C:\scripts\1repo\run_mvp.py", line 660, in main
    orchestrator.generate_reports()
  File "C:\scripts\1repo\run_mvp.py", line 522, in generate_reports
    self.validator.print_summary()
  File "C:\scripts\1repo\validate.py", line 784, in print_summary
    self.report.print_summary()
  File "C:\scripts\1repo\validate.py", line 644, in print_summary
    logger.info(f"  {status} - {dataset} (errors: {errors}, warnings: {warnings})")
Message: '  \u2705 VALID - lean_analytics.dataset.jsonl (errors: 0, warnings: 30)'
Arguments: ()
2025-11-01 01:27:18,689 - validate - INFO--- Logging error ---
Traceback (most recent call last):
  File "C:\Users\Dimon\AppData\Local\Programs\Python\Python313\Lib\logging\__init__.py", line 1154, in emit
    stream.write(msg + self.terminator)
    ~~~~~~~~~~~~^^^^^^^^^^^^^^^^^^^^^^^
  File "C:\Users\Dimon\AppData\Local\Programs\Python\Python313\Lib\site-packages\colorama\ansitowin32.py", line 47, in write
    self.__convertor.write(text)
    ~~~~~~~~~~~~~~~~~~~~~~^^^^^^
  File "C:\Users\Dimon\AppData\Local\Programs\Python\Python313\Lib\site-packages\colorama\ansitowin32.py", line 177, in write
    self.write_and_convert(text)
    ~~~~~~~~~~~~~~~~~~~~~~^^^^^^
  File "C:\Users\Dimon\AppData\Local\Programs\Python\Python313\Lib\site-packages\colorama\ansitowin32.py", line 205, in write_and_convert
    self.write_plain_text(text, cursor, len(text))
    ~~~~~~~~~~~~~~~~~~~~~^^^^^^^^^^^^^^^^^^^^^^^^^
  File "C:\Users\Dimon\AppData\Local\Programs\Python\Python313\Lib\site-packages\colorama\ansitowin32.py", line 210, in write_plain_text
    self.wrapped.write(text[start:end])
    ~~~~~~~~~~~~~~~~~~^^^^^^^^^^^^^^^^^
  File "C:\Users\Dimon\AppData\Local\Programs\Python\Python313\Lib\encodings\cp1251.py", line 19, in encode
    return codecs.charmap_encode(input,self.errors,encoding_table)[0]
           ~~~~~~~~~~~~~~~~~~~~~^^^^^^^^^^^^^^^^^^^^^^^^^^^^^^^^^^
UnicodeEncodeError: 'charmap' codec can't encode character '\u274c' in position 5: character maps to <undefined>
Call stack:
  File "C:\scripts\1repo\run_mvp.py", line 680, in <module>
    main()
  File "C:\scripts\1repo\run_mvp.py", line 660, in main
    orchestrator.generate_reports()
  File "C:\scripts\1repo\run_mvp.py", line 522, in generate_reports
    self.validator.print_summary()
  File "C:\scripts\1repo\validate.py", line 784, in print_summary
    self.report.print_summary()
  File "C:\scripts\1repo\validate.py", line 644, in print_summary
    logger.info(f"  {status} - {dataset} (errors: {errors}, warnings: {warnings})")
Message: '  \u274c INVALID - lean_analytics.dataset.jsonl (errors: 2, warnings: 412)'
Arguments: ()
2025-11-01 01:27:18,690 - __main__ - INFO - ============================================================
2025-11-01 01:27:18,690 - __main__ - INFO--- Logging error ---
Traceback (most recent call last):
  File "C:\Users\Dimon\AppData\Local\Programs\Python\Python313\Lib\logging\__init__.py", line 1154, in emit
    stream.write(msg + self.terminator)
    ~~~~~~~~~~~~^^^^^^^^^^^^^^^^^^^^^^^
  File "C:\Users\Dimon\AppData\Local\Programs\Python\Python313\Lib\site-packages\colorama\ansitowin32.py", line 47, in write
    self.__convertor.write(text)
    ~~~~~~~~~~~~~~~~~~~~~~^^^^^^
  File "C:\Users\Dimon\AppData\Local\Programs\Python\Python313\Lib\site-packages\colorama\ansitowin32.py", line 177, in write
    self.write_and_convert(text)
    ~~~~~~~~~~~~~~~~~~~~~~^^^^^^
  File "C:\Users\Dimon\AppData\Local\Programs\Python\Python313\Lib\site-packages\colorama\ansitowin32.py", line 205, in write_and_convert
    self.write_plain_text(text, cursor, len(text))
    ~~~~~~~~~~~~~~~~~~~~~^^^^^^^^^^^^^^^^^^^^^^^^^
  File "C:\Users\Dimon\AppData\Local\Programs\Python\Python313\Lib\site-packages\colorama\ansitowin32.py", line 210, in write_plain_text
    self.wrapped.write(text[start:end])
    ~~~~~~~~~~~~~~~~~~^^^^^^^^^^^^^^^^^
  File "C:\Users\Dimon\AppData\Local\Programs\Python\Python313\Lib\encodings\cp1251.py", line 19, in encode
    return codecs.charmap_encode(input,self.errors,encoding_table)[0]
           ~~~~~~~~~~~~~~~~~~~~~^^^^^^^^^^^^^^^^^^^^^^^^^^^^^^^^^^
UnicodeEncodeError: 'charmap' codec can't encode character '\u2705' in position 5: character maps to <undefined>
Call stack:
  File "C:\scripts\1repo\run_mvp.py", line 680, in <module>
    main()
  File "C:\scripts\1repo\run_mvp.py", line 667, in main
    log_section(logger, "\u2705 PIPELINE COMPLETED SUCCESSFULLY", "INFO")
  File "C:\scripts\1repo\am_logging.py", line 588, in log_section
    log_func(f"  {title}")
Message: '  \u2705 PIPELINE COMPLETED SUCCESSFULLY'
Arguments: ()
2025-11-01 01:27:18,691 - __main__ - INFO - ============================================================
