[WARN] OCR not available
2025-11-01 01:28:43,568 - faiss.loader - INFO - Loading faiss with AVX512 support.
2025-11-01 01:28:43,568 - faiss.loader - INFO - Could not load library with AVX512 support due to:
ModuleNotFoundError("No module named 'faiss.swigfaiss_avx512'")
2025-11-01 01:28:43,568 - faiss.loader - INFO - Loading faiss with AVX2 support.
2025-11-01 01:28:43,578 - faiss.loader - INFO - Successfully loaded faiss with AVX2 support.
2025-11-01 01:28:43,583 - am_common - INFO - Loading config: config\batch_full.yaml
2025-11-01 01:28:43,597 - am_common - INFO - Config loaded successfully
2025-11-01 01:28:43,604 - quality_tracker - INFO - Quality tracker initialized: C:\scripts\1repo\data\quality
2025-11-01 01:28:43,605 - __main__ - INFO - ============================================================
2025-11-01 01:28:43,605 - __main__ - INFO--- Logging error ---
Traceback (most recent call last):
  File "C:\Users\Dimon\AppData\Local\Programs\Python\Python313\Lib\logging\__init__.py", line 1154, in emit
    stream.write(msg + self.terminator)
    ~~~~~~~~~~~~^^^^^^^^^^^^^^^^^^^^^^^
  File "C:\Users\Dimon\AppData\Local\Programs\Python\Python313\Lib\site-packages\colorama\ansitowin32.py", line 47, in write
    self.__convertor.write(text)
    ~~~~~~~~~~~~~~~~~~~~~~^^^^^^
  File "C:\Users\Dimon\AppData\Local\Programs\Python\Python313\Lib\site-packages\colorama\ansitowin32.py", line 177, in write
    self.write_and_convert(text)
    ~~~~~~~~~~~~~~~~~~~~~~^^^^^^
  File "C:\Users\Dimon\AppData\Local\Programs\Python\Python313\Lib\site-packages\colorama\ansitowin32.py", line 205, in write_and_convert
    self.write_plain_text(text, cursor, len(text))
    ~~~~~~~~~~~~~~~~~~~~~^^^^^^^^^^^^^^^^^^^^^^^^^
  File "C:\Users\Dimon\AppData\Local\Programs\Python\Python313\Lib\site-packages\colorama\ansitowin32.py", line 210, in write_plain_text
    self.wrapped.write(text[start:end])
    ~~~~~~~~~~~~~~~~~~^^^^^^^^^^^^^^^^^
  File "C:\Users\Dimon\AppData\Local\Programs\Python\Python313\Lib\encodings\cp1251.py", line 19, in encode
    return codecs.charmap_encode(input,self.errors,encoding_table)[0]
           ~~~~~~~~~~~~~~~~~~~~~^^^^^^^^^^^^^^^^^^^^^^^^^^^^^^^^^^
UnicodeEncodeError: 'charmap' codec can't encode character '\U0001f680' in position 5: character maps to <undefined>
Call stack:
  File "C:\scripts\1repo\run_mvp.py", line 680, in <module>
    main()
  File "C:\scripts\1repo\run_mvp.py", line 605, in main
    orchestrator = PipelineOrchestrator(
  File "C:\scripts\1repo\run_mvp.py", line 136, in __init__
    log_section(logger, f"\U0001f680 {PRODUCT_NAME} {VERSION}", "INFO")
  File "C:\scripts\1repo\am_logging.py", line 588, in log_section
    log_func(f"  {title}")
Message: '  \U0001f680 archivist magika 2.0.0'
Arguments: ()
2025-11-01 01:28:43,606 - __main__ - INFO - ============================================================
2025-11-01 01:28:43,606 - __main__ - INFO - Quality check: enabled
2025-11-01 01:28:43,606 - __main__ - INFO - Validation: enabled
2025-11-01 01:28:43,607 - __main__ - INFO - Dry run: no
2025-11-01 01:28:43,607 - __main__ - INFO - Starting: run_single_pipeline
2025-11-01 01:28:43,607 - __main__ - INFO - Processing: naked-statistics-pdf.pdf
2025-11-01 01:28:43,607 - __main__ - INFO--- Logging error ---
Traceback (most recent call last):
  File "C:\Users\Dimon\AppData\Local\Programs\Python\Python313\Lib\logging\__init__.py", line 1154, in emit
    stream.write(msg + self.terminator)
    ~~~~~~~~~~~~^^^^^^^^^^^^^^^^^^^^^^^
  File "C:\Users\Dimon\AppData\Local\Programs\Python\Python313\Lib\site-packages\colorama\ansitowin32.py", line 47, in write
    self.__convertor.write(text)
    ~~~~~~~~~~~~~~~~~~~~~~^^^^^^
  File "C:\Users\Dimon\AppData\Local\Programs\Python\Python313\Lib\site-packages\colorama\ansitowin32.py", line 177, in write
    self.write_and_convert(text)
    ~~~~~~~~~~~~~~~~~~~~~~^^^^^^
  File "C:\Users\Dimon\AppData\Local\Programs\Python\Python313\Lib\site-packages\colorama\ansitowin32.py", line 205, in write_and_convert
    self.write_plain_text(text, cursor, len(text))
    ~~~~~~~~~~~~~~~~~~~~~^^^^^^^^^^^^^^^^^^^^^^^^^
  File "C:\Users\Dimon\AppData\Local\Programs\Python\Python313\Lib\site-packages\colorama\ansitowin32.py", line 210, in write_plain_text
    self.wrapped.write(text[start:end])
    ~~~~~~~~~~~~~~~~~~^^^^^^^^^^^^^^^^^
  File "C:\Users\Dimon\AppData\Local\Programs\Python\Python313\Lib\encodings\cp1251.py", line 19, in encode
    return codecs.charmap_encode(input,self.errors,encoding_table)[0]
           ~~~~~~~~~~~~~~~~~~~~~^^^^^^^^^^^^^^^^^^^^^^^^^^^^^^^^^^
UnicodeEncodeError: 'charmap' codec can't encode character '\u2192' in position 24: character maps to <undefined>
Call stack:
  File "C:\scripts\1repo\run_mvp.py", line 680, in <module>
    main()
  File "C:\scripts\1repo\run_mvp.py", line 652, in main
    results = orchestrator.run_single(
  File "C:\scripts\1repo\run_mvp.py", line 196, in run_single
    logger.info(f"Pipeline: {start_stage} \u2192 {end_stage}")
Message: 'Pipeline: structural \u2192 embed'
Arguments: ()
2025-11-01 01:28:43,607 - __main__ - INFO--- Logging error ---
Traceback (most recent call last):
  File "C:\Users\Dimon\AppData\Local\Programs\Python\Python313\Lib\logging\__init__.py", line 1154, in emit
    stream.write(msg + self.terminator)
    ~~~~~~~~~~~~^^^^^^^^^^^^^^^^^^^^^^^
  File "C:\Users\Dimon\AppData\Local\Programs\Python\Python313\Lib\site-packages\colorama\ansitowin32.py", line 47, in write
    self.__convertor.write(text)
    ~~~~~~~~~~~~~~~~~~~~~~^^^^^^
  File "C:\Users\Dimon\AppData\Local\Programs\Python\Python313\Lib\site-packages\colorama\ansitowin32.py", line 177, in write
    self.write_and_convert(text)
    ~~~~~~~~~~~~~~~~~~~~~~^^^^^^
  File "C:\Users\Dimon\AppData\Local\Programs\Python\Python313\Lib\site-packages\colorama\ansitowin32.py", line 205, in write_and_convert
    self.write_plain_text(text, cursor, len(text))
    ~~~~~~~~~~~~~~~~~~~~~^^^^^^^^^^^^^^^^^^^^^^^^^
  File "C:\Users\Dimon\AppData\Local\Programs\Python\Python313\Lib\site-packages\colorama\ansitowin32.py", line 210, in write_plain_text
    self.wrapped.write(text[start:end])
    ~~~~~~~~~~~~~~~~~~^^^^^^^^^^^^^^^^^
  File "C:\Users\Dimon\AppData\Local\Programs\Python\Python313\Lib\encodings\cp1251.py", line 19, in encode
    return codecs.charmap_encode(input,self.errors,encoding_table)[0]
           ~~~~~~~~~~~~~~~~~~~~~^^^^^^^^^^^^^^^^^^^^^^^^^^^^^^^^^^
UnicodeEncodeError: 'charmap' codec can't encode character '\u2192' in position 22: character maps to <undefined>
Call stack:
  File "C:\scripts\1repo\run_mvp.py", line 680, in <module>
    main()
  File "C:\scripts\1repo\run_mvp.py", line 652, in main
    results = orchestrator.run_single(
  File "C:\scripts\1repo\run_mvp.py", line 209, in run_single
    logger.info(f"Stages: {' \u2192 '.join(stages)}")
Message: 'Stages: structural \u2192 structure_detect \u2192 summarize \u2192 extended \u2192 finalize \u2192 chunk \u2192 embed'
Arguments: ()
2025-11-01 01:28:43,608 - __main__ - INFO - ============================================================
2025-11-01 01:28:43,608 - __main__ - INFO--- Logging error ---
Traceback (most recent call last):
  File "C:\Users\Dimon\AppData\Local\Programs\Python\Python313\Lib\logging\__init__.py", line 1154, in emit
    stream.write(msg + self.terminator)
    ~~~~~~~~~~~~^^^^^^^^^^^^^^^^^^^^^^^
  File "C:\Users\Dimon\AppData\Local\Programs\Python\Python313\Lib\site-packages\colorama\ansitowin32.py", line 47, in write
    self.__convertor.write(text)
    ~~~~~~~~~~~~~~~~~~~~~~^^^^^^
  File "C:\Users\Dimon\AppData\Local\Programs\Python\Python313\Lib\site-packages\colorama\ansitowin32.py", line 177, in write
    self.write_and_convert(text)
    ~~~~~~~~~~~~~~~~~~~~~~^^^^^^
  File "C:\Users\Dimon\AppData\Local\Programs\Python\Python313\Lib\site-packages\colorama\ansitowin32.py", line 205, in write_and_convert
    self.write_plain_text(text, cursor, len(text))
    ~~~~~~~~~~~~~~~~~~~~~^^^^^^^^^^^^^^^^^^^^^^^^^
  File "C:\Users\Dimon\AppData\Local\Programs\Python\Python313\Lib\site-packages\colorama\ansitowin32.py", line 210, in write_plain_text
    self.wrapped.write(text[start:end])
    ~~~~~~~~~~~~~~~~~~^^^^^^^^^^^^^^^^^
  File "C:\Users\Dimon\AppData\Local\Programs\Python\Python313\Lib\encodings\cp1251.py", line 19, in encode
    return codecs.charmap_encode(input,self.errors,encoding_table)[0]
           ~~~~~~~~~~~~~~~~~~~~~^^^^^^^^^^^^^^^^^^^^^^^^^^^^^^^^^^
UnicodeEncodeError: 'charmap' codec can't encode character '\U0001f4c4' in position 5: character maps to <undefined>
Call stack:
  File "C:\scripts\1repo\run_mvp.py", line 680, in <module>
    main()
  File "C:\scripts\1repo\run_mvp.py", line 652, in main
    results = orchestrator.run_single(
  File "C:\scripts\1repo\run_mvp.py", line 222, in run_single
    log_stage(logger, stage, "Starting")
  File "C:\scripts\1repo\am_logging.py", line 613, in log_stage
    log_section(logger, f"{emoji} {action}: {stage.upper()}", "INFO")
  File "C:\scripts\1repo\am_logging.py", line 588, in log_section
    log_func(f"  {title}")
Message: '  \U0001f4c4 Starting: STRUCTURAL'
Arguments: ()
2025-11-01 01:28:43,609 - __main__ - INFO - ============================================================
2025-11-01 01:28:43,609 - am_common - INFO - Loading config: config\batch_full.yaml
2025-11-01 01:28:43,623 - am_common - INFO - Config loaded successfully
2025-11-01 01:28:43,623 - am_structural_robust - INFO - Text extractor chain: ['pdfminer', 'pdfplumber', 'pypdf2']
2025-11-01 01:28:43,623 - am_structural_robust - INFO - Table extractor chain: ['pdfplumber']
2025-11-01 01:28:43,623 - am_structural_robust - INFO - Processing: naked-statistics-pdf.pdf
2025-11-01 01:28:43,687 - am_structural_robust - INFO - PDF: Naked Statistics: Stripping the Dread from the Data
2025-11-01 01:28:43,726 - am_structural_robust - INFO - Total pages: 222
2025-11-01 01:28:43,814 - am_structural_robust - ERROR - [X] Page 0: All extractors failed
2025-11-01 01:28:55,791 - am_structural_robust - INFO -   Processed 50/222 pages
2025-11-01 01:29:09,003 - am_structural_robust - INFO -   Processed 100/222 pages
2025-11-01 01:29:22,137 - am_structural_robust - INFO -   Processed 150/222 pages
2025-11-01 01:29:34,343 - am_structural_robust - INFO -   Processed 200/222 pages
2025-11-01 01:29:37,500 - am_structural_robust - INFO - Extraction complete: 222 success, 0 failed
2025-11-01 01:29:37,501 - am_structural_robust - INFO -   Methods used: {'pdfminer': 221}
2025-11-01 01:29:37,501 - am_structural_robust - INFO -   OCR used: 0 pages
2025-11-01 01:29:37,501 - am_structural_robust - INFO -   Tables found: 0
2025-11-01 01:29:37,502 - am_common - INFO - Saving dataset: C:\scripts\1repo\data\datasets\structural\naked-statistics-pdf.dataset.jsonl (222 cards)
2025-11-01 01:29:37,507 - am_common - INFO - Saved: 222 cards to naked-statistics-pdf.dataset.jsonl (637.48 KB)
2025-11-01 01:29:37,508 - am_structural_robust - INFO - Dataset saved: 637.48 KB
2025-11-01 01:29:37,508 - quality_tracker - INFO - Starting: track_quality
2025-11-01 01:29:37,508 - quality_tracker - INFO - structural metrics:
2025-11-01 01:29:37,508 - quality_tracker - INFO -   total_pages: 222
2025-11-01 01:29:37,508 - quality_tracker - INFO -   success_pages: 222
2025-11-01 01:29:37,508 - quality_tracker - INFO -   failed_pages: 0
2025-11-01 01:29:37,508 - quality_tracker - INFO -   success_ratio: 1.0000
2025-11-01 01:29:37,508 - quality_tracker - INFO -   empty_pages: 3
2025-11-01 01:29:37,508 - quality_tracker - INFO -   avg_page_length: 2697.0541
2025-11-01 01:29:37,508 - quality_tracker - INFO -   extraction_methods: {'pdfminer': 221}
2025-11-01 01:29:37,509 - quality_tracker - INFO -   ocr_used: 0
2025-11-01 01:29:37,509 - quality_tracker - INFO -   tables_found: 0
2025-11-01 01:29:37,509 - quality_tracker - INFO--- Logging error ---
Traceback (most recent call last):
  File "C:\Users\Dimon\AppData\Local\Programs\Python\Python313\Lib\logging\__init__.py", line 1154, in emit
    stream.write(msg + self.terminator)
    ~~~~~~~~~~~~^^^^^^^^^^^^^^^^^^^^^^^
  File "C:\Users\Dimon\AppData\Local\Programs\Python\Python313\Lib\site-packages\colorama\ansitowin32.py", line 47, in write
    self.__convertor.write(text)
    ~~~~~~~~~~~~~~~~~~~~~~^^^^^^
  File "C:\Users\Dimon\AppData\Local\Programs\Python\Python313\Lib\site-packages\colorama\ansitowin32.py", line 177, in write
    self.write_and_convert(text)
    ~~~~~~~~~~~~~~~~~~~~~~^^^^^^
  File "C:\Users\Dimon\AppData\Local\Programs\Python\Python313\Lib\site-packages\colorama\ansitowin32.py", line 205, in write_and_convert
    self.write_plain_text(text, cursor, len(text))
    ~~~~~~~~~~~~~~~~~~~~~^^^^^^^^^^^^^^^^^^^^^^^^^
  File "C:\Users\Dimon\AppData\Local\Programs\Python\Python313\Lib\site-packages\colorama\ansitowin32.py", line 210, in write_plain_text
    self.wrapped.write(text[start:end])
    ~~~~~~~~~~~~~~~~~~^^^^^^^^^^^^^^^^^
  File "C:\Users\Dimon\AppData\Local\Programs\Python\Python313\Lib\encodings\cp1251.py", line 19, in encode
    return codecs.charmap_encode(input,self.errors,encoding_table)[0]
           ~~~~~~~~~~~~~~~~~~~~~^^^^^^^^^^^^^^^^^^^^^^^^^^^^^^^^^^
UnicodeEncodeError: 'charmap' codec can't encode character '\u2713' in position 3: character maps to <undefined>
Call stack:
  File "C:\scripts\1repo\run_mvp.py", line 680, in <module>
    main()
  File "C:\scripts\1repo\run_mvp.py", line 652, in main
    results = orchestrator.run_single(
  File "C:\scripts\1repo\run_mvp.py", line 226, in run_single
    stage_result = self._run_stage(stage, current_input)
  File "C:\scripts\1repo\run_mvp.py", line 409, in _run_stage
    return processor.process_pdf(input_path, output_dir)
  File "C:\scripts\1repo\am_structural_robust.py", line 569, in process_pdf
    self.quality_tracker.track('structural', pdf_path.name, metrics)
  File "C:\scripts\1repo\quality_tracker.py", line 171, in track
    logger.info(f"\u2713 Quality thresholds passed for {stage}")
Message: '\u2713 Quality thresholds passed for structural'
Arguments: ()
2025-11-01 01:29:37,510 - quality_tracker - INFO - Completed: track_quality (0.00s)
2025-11-01 01:29:37,510 - am_structural_robust - INFO - [OK] Saved: naked-statistics-pdf.dataset.jsonl
2025-11-01 01:29:37,510 - validate - INFO - Validating structural: naked-statistics-pdf.dataset.jsonl
2025-11-01 01:29:37,510 - am_common - INFO - Loading dataset: C:\scripts\1repo\data\datasets\structural\naked-statistics-pdf.dataset.jsonl
2025-11-01 01:29:37,524 - am_common - INFO - Loaded: 222 cards from naked-statistics-pdf.dataset.jsonl
2025-11-01 01:29:37,525 - validate - INFO - [OK] VALID - naked-statistics-pdf.dataset.jsonl
2025-11-01 01:29:37,525 - __main__ - INFO - ============================================================
2025-11-01 01:29:37,525 - __main__ - INFO--- Logging error ---
Traceback (most recent call last):
  File "C:\Users\Dimon\AppData\Local\Programs\Python\Python313\Lib\logging\__init__.py", line 1154, in emit
    stream.write(msg + self.terminator)
    ~~~~~~~~~~~~^^^^^^^^^^^^^^^^^^^^^^^
  File "C:\Users\Dimon\AppData\Local\Programs\Python\Python313\Lib\site-packages\colorama\ansitowin32.py", line 47, in write
    self.__convertor.write(text)
    ~~~~~~~~~~~~~~~~~~~~~~^^^^^^
  File "C:\Users\Dimon\AppData\Local\Programs\Python\Python313\Lib\site-packages\colorama\ansitowin32.py", line 177, in write
    self.write_and_convert(text)
    ~~~~~~~~~~~~~~~~~~~~~~^^^^^^
  File "C:\Users\Dimon\AppData\Local\Programs\Python\Python313\Lib\site-packages\colorama\ansitowin32.py", line 205, in write_and_convert
    self.write_plain_text(text, cursor, len(text))
    ~~~~~~~~~~~~~~~~~~~~~^^^^^^^^^^^^^^^^^^^^^^^^^
  File "C:\Users\Dimon\AppData\Local\Programs\Python\Python313\Lib\site-packages\colorama\ansitowin32.py", line 210, in write_plain_text
    self.wrapped.write(text[start:end])
    ~~~~~~~~~~~~~~~~~~^^^^^^^^^^^^^^^^^
  File "C:\Users\Dimon\AppData\Local\Programs\Python\Python313\Lib\encodings\cp1251.py", line 19, in encode
    return codecs.charmap_encode(input,self.errors,encoding_table)[0]
           ~~~~~~~~~~~~~~~~~~~~~^^^^^^^^^^^^^^^^^^^^^^^^^^^^^^^^^^
UnicodeEncodeError: 'charmap' codec can't encode character '\U0001f4c4' in position 5: character maps to <undefined>
Call stack:
  File "C:\scripts\1repo\run_mvp.py", line 680, in <module>
    main()
  File "C:\scripts\1repo\run_mvp.py", line 652, in main
    results = orchestrator.run_single(
  File "C:\scripts\1repo\run_mvp.py", line 253, in run_single
    log_stage(logger, stage, "Completed")
  File "C:\scripts\1repo\am_logging.py", line 613, in log_stage
    log_section(logger, f"{emoji} {action}: {stage.upper()}", "INFO")
  File "C:\scripts\1repo\am_logging.py", line 588, in log_section
    log_func(f"  {title}")
Message: '  \U0001f4c4 Completed: STRUCTURAL'
Arguments: ()
2025-11-01 01:29:37,526 - __main__ - INFO - ============================================================
2025-11-01 01:29:37,526 - __main__ - INFO - ============================================================
2025-11-01 01:29:37,526 - __main__ - INFO--- Logging error ---
Traceback (most recent call last):
  File "C:\Users\Dimon\AppData\Local\Programs\Python\Python313\Lib\logging\__init__.py", line 1154, in emit
    stream.write(msg + self.terminator)
    ~~~~~~~~~~~~^^^^^^^^^^^^^^^^^^^^^^^
  File "C:\Users\Dimon\AppData\Local\Programs\Python\Python313\Lib\site-packages\colorama\ansitowin32.py", line 47, in write
    self.__convertor.write(text)
    ~~~~~~~~~~~~~~~~~~~~~~^^^^^^
  File "C:\Users\Dimon\AppData\Local\Programs\Python\Python313\Lib\site-packages\colorama\ansitowin32.py", line 177, in write
    self.write_and_convert(text)
    ~~~~~~~~~~~~~~~~~~~~~~^^^^^^
  File "C:\Users\Dimon\AppData\Local\Programs\Python\Python313\Lib\site-packages\colorama\ansitowin32.py", line 205, in write_and_convert
    self.write_plain_text(text, cursor, len(text))
    ~~~~~~~~~~~~~~~~~~~~~^^^^^^^^^^^^^^^^^^^^^^^^^
  File "C:\Users\Dimon\AppData\Local\Programs\Python\Python313\Lib\site-packages\colorama\ansitowin32.py", line 210, in write_plain_text
    self.wrapped.write(text[start:end])
    ~~~~~~~~~~~~~~~~~~^^^^^^^^^^^^^^^^^
  File "C:\Users\Dimon\AppData\Local\Programs\Python\Python313\Lib\encodings\cp1251.py", line 19, in encode
    return codecs.charmap_encode(input,self.errors,encoding_table)[0]
           ~~~~~~~~~~~~~~~~~~~~~^^^^^^^^^^^^^^^^^^^^^^^^^^^^^^^^^^
UnicodeEncodeError: 'charmap' codec can't encode character '\U0001f4d6' in position 5: character maps to <undefined>
Call stack:
  File "C:\scripts\1repo\run_mvp.py", line 680, in <module>
    main()
  File "C:\scripts\1repo\run_mvp.py", line 652, in main
    results = orchestrator.run_single(
  File "C:\scripts\1repo\run_mvp.py", line 222, in run_single
    log_stage(logger, stage, "Starting")
  File "C:\scripts\1repo\am_logging.py", line 613, in log_stage
    log_section(logger, f"{emoji} {action}: {stage.upper()}", "INFO")
  File "C:\scripts\1repo\am_logging.py", line 588, in log_section
    log_func(f"  {title}")
Message: '  \U0001f4d6 Starting: STRUCTURE_DETECT'
Arguments: ()
2025-11-01 01:29:37,527 - __main__ - INFO - ============================================================
2025-11-01 01:29:37,527 - am_common - INFO - Loading config: config\batch_full.yaml
2025-11-01 01:29:37,542 - am_common - INFO - Config loaded successfully
2025-11-01 01:29:37,543 - am_structure_detect - INFO - Processing: naked-statistics-pdf.dataset.jsonl
2025-11-01 01:29:37,543 - am_common - INFO - Loading dataset: C:\scripts\1repo\data\datasets\structural\naked-statistics-pdf.dataset.jsonl
2025-11-01 01:29:37,547 - am_common - INFO - Loaded: 222 cards from naked-statistics-pdf.dataset.jsonl
2025-11-01 01:29:37,548 - am_structure_detect - INFO - TOC found: pages 4-4
2025-11-01 01:29:37,549 - am_structure_detect - INFO - Detected 2 chapters
2025-11-01 01:29:37,550 - am_structure_detect - INFO - Detected 1 sections
2025-11-01 01:29:37,550 - am_common - INFO - Saving dataset: C:\scripts\1repo\data\datasets\structured\naked-statistics-pdf.dataset.jsonl (222 cards)
2025-11-01 01:29:37,555 - am_common - INFO - Saved: 222 cards to naked-statistics-pdf.dataset.jsonl (674.67 KB)
2025-11-01 01:29:37,555 - quality_tracker - INFO - Starting: track_quality
2025-11-01 01:29:37,556 - quality_tracker - INFO - structure_detect metrics:
2025-11-01 01:29:37,556 - quality_tracker - INFO -   total_pages: 222
2025-11-01 01:29:37,556 - quality_tracker - INFO -   chapters_detected: 2
2025-11-01 01:29:37,556 - quality_tracker - INFO -   sections_detected: 1
2025-11-01 01:29:37,556 - quality_tracker - INFO -   pages_with_structure: 207
2025-11-01 01:29:37,556 - quality_tracker - INFO -   structure_coverage: 0.9324
2025-11-01 01:29:37,556 - quality_tracker - INFO -   avg_chapter_length: 111.0000
2025-11-01 01:29:37,556 - quality_tracker - INFO--- Logging error ---
Traceback (most recent call last):
  File "C:\Users\Dimon\AppData\Local\Programs\Python\Python313\Lib\logging\__init__.py", line 1154, in emit
    stream.write(msg + self.terminator)
    ~~~~~~~~~~~~^^^^^^^^^^^^^^^^^^^^^^^
  File "C:\Users\Dimon\AppData\Local\Programs\Python\Python313\Lib\site-packages\colorama\ansitowin32.py", line 47, in write
    self.__convertor.write(text)
    ~~~~~~~~~~~~~~~~~~~~~~^^^^^^
  File "C:\Users\Dimon\AppData\Local\Programs\Python\Python313\Lib\site-packages\colorama\ansitowin32.py", line 177, in write
    self.write_and_convert(text)
    ~~~~~~~~~~~~~~~~~~~~~~^^^^^^
  File "C:\Users\Dimon\AppData\Local\Programs\Python\Python313\Lib\site-packages\colorama\ansitowin32.py", line 205, in write_and_convert
    self.write_plain_text(text, cursor, len(text))
    ~~~~~~~~~~~~~~~~~~~~~^^^^^^^^^^^^^^^^^^^^^^^^^
  File "C:\Users\Dimon\AppData\Local\Programs\Python\Python313\Lib\site-packages\colorama\ansitowin32.py", line 210, in write_plain_text
    self.wrapped.write(text[start:end])
    ~~~~~~~~~~~~~~~~~~^^^^^^^^^^^^^^^^^
  File "C:\Users\Dimon\AppData\Local\Programs\Python\Python313\Lib\encodings\cp1251.py", line 19, in encode
    return codecs.charmap_encode(input,self.errors,encoding_table)[0]
           ~~~~~~~~~~~~~~~~~~~~~^^^^^^^^^^^^^^^^^^^^^^^^^^^^^^^^^^
UnicodeEncodeError: 'charmap' codec can't encode character '\u2713' in position 3: character maps to <undefined>
Call stack:
  File "C:\scripts\1repo\run_mvp.py", line 680, in <module>
    main()
  File "C:\scripts\1repo\run_mvp.py", line 652, in main
    results = orchestrator.run_single(
  File "C:\scripts\1repo\run_mvp.py", line 226, in run_single
    stage_result = self._run_stage(stage, current_input)
  File "C:\scripts\1repo\run_mvp.py", line 419, in _run_stage
    return processor.process_dataset(input_path, output_dir)
  File "C:\scripts\1repo\am_structure_detect.py", line 309, in process_dataset
    self.quality_tracker.track('structure_detect', input_path.name, metrics)
  File "C:\scripts\1repo\quality_tracker.py", line 171, in track
    logger.info(f"\u2713 Quality thresholds passed for {stage}")
Message: '\u2713 Quality thresholds passed for structure_detect'
Arguments: ()
2025-11-01 01:29:37,557 - quality_tracker - INFO - Completed: track_quality (0.00s)
2025-11-01 01:29:37,557 - am_structure_detect - INFO - Saved: naked-statistics-pdf.dataset.jsonl
2025-11-01 01:29:37,557 - __main__ - ERROR - Validation failed: Unknown stage: structure_detect
2025-11-01 01:29:37,557 - __main__ - WARNING - Validation issues: 1 errors
2025-11-01 01:29:37,558 - __main__ - INFO - ============================================================
2025-11-01 01:29:37,558 - __main__ - INFO--- Logging error ---
Traceback (most recent call last):
  File "C:\Users\Dimon\AppData\Local\Programs\Python\Python313\Lib\logging\__init__.py", line 1154, in emit
    stream.write(msg + self.terminator)
    ~~~~~~~~~~~~^^^^^^^^^^^^^^^^^^^^^^^
  File "C:\Users\Dimon\AppData\Local\Programs\Python\Python313\Lib\site-packages\colorama\ansitowin32.py", line 47, in write
    self.__convertor.write(text)
    ~~~~~~~~~~~~~~~~~~~~~~^^^^^^
  File "C:\Users\Dimon\AppData\Local\Programs\Python\Python313\Lib\site-packages\colorama\ansitowin32.py", line 177, in write
    self.write_and_convert(text)
    ~~~~~~~~~~~~~~~~~~~~~~^^^^^^
  File "C:\Users\Dimon\AppData\Local\Programs\Python\Python313\Lib\site-packages\colorama\ansitowin32.py", line 205, in write_and_convert
    self.write_plain_text(text, cursor, len(text))
    ~~~~~~~~~~~~~~~~~~~~~^^^^^^^^^^^^^^^^^^^^^^^^^
  File "C:\Users\Dimon\AppData\Local\Programs\Python\Python313\Lib\site-packages\colorama\ansitowin32.py", line 210, in write_plain_text
    self.wrapped.write(text[start:end])
    ~~~~~~~~~~~~~~~~~~^^^^^^^^^^^^^^^^^
  File "C:\Users\Dimon\AppData\Local\Programs\Python\Python313\Lib\encodings\cp1251.py", line 19, in encode
    return codecs.charmap_encode(input,self.errors,encoding_table)[0]
           ~~~~~~~~~~~~~~~~~~~~~^^^^^^^^^^^^^^^^^^^^^^^^^^^^^^^^^^
UnicodeEncodeError: 'charmap' codec can't encode character '\U0001f4d6' in position 5: character maps to <undefined>
Call stack:
  File "C:\scripts\1repo\run_mvp.py", line 680, in <module>
    main()
  File "C:\scripts\1repo\run_mvp.py", line 652, in main
    results = orchestrator.run_single(
  File "C:\scripts\1repo\run_mvp.py", line 253, in run_single
    log_stage(logger, stage, "Completed")
  File "C:\scripts\1repo\am_logging.py", line 613, in log_stage
    log_section(logger, f"{emoji} {action}: {stage.upper()}", "INFO")
  File "C:\scripts\1repo\am_logging.py", line 588, in log_section
    log_func(f"  {title}")
Message: '  \U0001f4d6 Completed: STRUCTURE_DETECT'
Arguments: ()
2025-11-01 01:29:37,558 - __main__ - INFO - ============================================================
2025-11-01 01:29:37,558 - __main__ - INFO - ============================================================
2025-11-01 01:29:37,558 - __main__ - INFO--- Logging error ---
Traceback (most recent call last):
  File "C:\Users\Dimon\AppData\Local\Programs\Python\Python313\Lib\logging\__init__.py", line 1154, in emit
    stream.write(msg + self.terminator)
    ~~~~~~~~~~~~^^^^^^^^^^^^^^^^^^^^^^^
  File "C:\Users\Dimon\AppData\Local\Programs\Python\Python313\Lib\site-packages\colorama\ansitowin32.py", line 47, in write
    self.__convertor.write(text)
    ~~~~~~~~~~~~~~~~~~~~~~^^^^^^
  File "C:\Users\Dimon\AppData\Local\Programs\Python\Python313\Lib\site-packages\colorama\ansitowin32.py", line 177, in write
    self.write_and_convert(text)
    ~~~~~~~~~~~~~~~~~~~~~~^^^^^^
  File "C:\Users\Dimon\AppData\Local\Programs\Python\Python313\Lib\site-packages\colorama\ansitowin32.py", line 205, in write_and_convert
    self.write_plain_text(text, cursor, len(text))
    ~~~~~~~~~~~~~~~~~~~~~^^^^^^^^^^^^^^^^^^^^^^^^^
  File "C:\Users\Dimon\AppData\Local\Programs\Python\Python313\Lib\site-packages\colorama\ansitowin32.py", line 210, in write_plain_text
    self.wrapped.write(text[start:end])
    ~~~~~~~~~~~~~~~~~~^^^^^^^^^^^^^^^^^
  File "C:\Users\Dimon\AppData\Local\Programs\Python\Python313\Lib\encodings\cp1251.py", line 19, in encode
    return codecs.charmap_encode(input,self.errors,encoding_table)[0]
           ~~~~~~~~~~~~~~~~~~~~~^^^^^^^^^^^^^^^^^^^^^^^^^^^^^^^^^^
UnicodeEncodeError: 'charmap' codec can't encode character '\U0001f4dd' in position 5: character maps to <undefined>
Call stack:
  File "C:\scripts\1repo\run_mvp.py", line 680, in <module>
    main()
  File "C:\scripts\1repo\run_mvp.py", line 652, in main
    results = orchestrator.run_single(
  File "C:\scripts\1repo\run_mvp.py", line 222, in run_single
    log_stage(logger, stage, "Starting")
  File "C:\scripts\1repo\am_logging.py", line 613, in log_stage
    log_section(logger, f"{emoji} {action}: {stage.upper()}", "INFO")
  File "C:\scripts\1repo\am_logging.py", line 588, in log_section
    log_func(f"  {title}")
Message: '  \U0001f4dd Starting: SUMMARIZE'
Arguments: ()
2025-11-01 01:29:37,559 - __main__ - INFO - ============================================================
2025-11-01 01:29:37,559 - am_common - INFO - Loading config: config\batch_full.yaml
2025-11-01 01:29:37,573 - am_common - INFO - Config loaded successfully
2025-11-01 01:29:37,573 - am_summarize - INFO - Processing: naked-statistics-pdf.dataset.jsonl
2025-11-01 01:29:37,573 - am_common - INFO - Loading dataset: C:\scripts\1repo\data\datasets\structured\naked-statistics-pdf.dataset.jsonl
2025-11-01 01:29:37,587 - am_common - INFO - Loaded: 222 cards from naked-statistics-pdf.dataset.jsonl
2025-11-01 01:29:37,785 - am_summarize - INFO - Summarized 219 pages, skipped 3
2025-11-01 01:29:37,785 - am_common - INFO - Saving dataset: C:\scripts\1repo\data\datasets\summarized\naked-statistics-pdf.dataset.jsonl (222 cards)
2025-11-01 01:29:37,799 - am_common - INFO - Saved: 222 cards to naked-statistics-pdf.dataset.jsonl (877.01 KB)
2025-11-01 01:29:37,799 - quality_tracker - INFO - Starting: track_quality
2025-11-01 01:29:37,799 - quality_tracker - INFO - summarize metrics:
2025-11-01 01:29:37,799 - quality_tracker - INFO -   total_pages: 222
2025-11-01 01:29:37,799 - quality_tracker - INFO -   summarized_pages: 219
2025-11-01 01:29:37,800 - quality_tracker - INFO -   skipped_pages: 3
2025-11-01 01:29:37,800 - quality_tracker - INFO -   summary_coverage: 0.9865
2025-11-01 01:29:37,800 - quality_tracker - INFO -   avg_l1_length: 245.3881
2025-11-01 01:29:37,800 - quality_tracker - INFO -   avg_l2_length: 648.5982
2025-11-01 01:29:37,800 - quality_tracker - INFO -   avg_compression_ratio: 12.0600
2025-11-01 01:29:37,800 - quality_tracker - INFO--- Logging error ---
Traceback (most recent call last):
  File "C:\Users\Dimon\AppData\Local\Programs\Python\Python313\Lib\logging\__init__.py", line 1154, in emit
    stream.write(msg + self.terminator)
    ~~~~~~~~~~~~^^^^^^^^^^^^^^^^^^^^^^^
  File "C:\Users\Dimon\AppData\Local\Programs\Python\Python313\Lib\site-packages\colorama\ansitowin32.py", line 47, in write
    self.__convertor.write(text)
    ~~~~~~~~~~~~~~~~~~~~~~^^^^^^
  File "C:\Users\Dimon\AppData\Local\Programs\Python\Python313\Lib\site-packages\colorama\ansitowin32.py", line 177, in write
    self.write_and_convert(text)
    ~~~~~~~~~~~~~~~~~~~~~~^^^^^^
  File "C:\Users\Dimon\AppData\Local\Programs\Python\Python313\Lib\site-packages\colorama\ansitowin32.py", line 205, in write_and_convert
    self.write_plain_text(text, cursor, len(text))
    ~~~~~~~~~~~~~~~~~~~~~^^^^^^^^^^^^^^^^^^^^^^^^^
  File "C:\Users\Dimon\AppData\Local\Programs\Python\Python313\Lib\site-packages\colorama\ansitowin32.py", line 210, in write_plain_text
    self.wrapped.write(text[start:end])
    ~~~~~~~~~~~~~~~~~~^^^^^^^^^^^^^^^^^
  File "C:\Users\Dimon\AppData\Local\Programs\Python\Python313\Lib\encodings\cp1251.py", line 19, in encode
    return codecs.charmap_encode(input,self.errors,encoding_table)[0]
           ~~~~~~~~~~~~~~~~~~~~~^^^^^^^^^^^^^^^^^^^^^^^^^^^^^^^^^^
UnicodeEncodeError: 'charmap' codec can't encode character '\u2713' in position 3: character maps to <undefined>
Call stack:
  File "C:\scripts\1repo\run_mvp.py", line 680, in <module>
    main()
  File "C:\scripts\1repo\run_mvp.py", line 652, in main
    results = orchestrator.run_single(
  File "C:\scripts\1repo\run_mvp.py", line 226, in run_single
    stage_result = self._run_stage(stage, current_input)
  File "C:\scripts\1repo\run_mvp.py", line 419, in _run_stage
    return processor.process_dataset(input_path, output_dir)
  File "C:\scripts\1repo\am_summarize.py", line 281, in process_dataset
    self.quality_tracker.track('summarize', input_path.name, metrics)
  File "C:\scripts\1repo\quality_tracker.py", line 171, in track
    logger.info(f"\u2713 Quality thresholds passed for {stage}")
Message: '\u2713 Quality thresholds passed for summarize'
Arguments: ()
2025-11-01 01:29:37,801 - quality_tracker - INFO - Completed: track_quality (0.00s)
2025-11-01 01:29:37,801 - am_summarize - INFO - Saved: naked-statistics-pdf.dataset.jsonl
2025-11-01 01:29:37,801 - __main__ - ERROR - Validation failed: Unknown stage: summarize
2025-11-01 01:29:37,801 - __main__ - WARNING - Validation issues: 1 errors
2025-11-01 01:29:37,801 - __main__ - INFO - ============================================================
2025-11-01 01:29:37,801 - __main__ - INFO--- Logging error ---
Traceback (most recent call last):
  File "C:\Users\Dimon\AppData\Local\Programs\Python\Python313\Lib\logging\__init__.py", line 1154, in emit
    stream.write(msg + self.terminator)
    ~~~~~~~~~~~~^^^^^^^^^^^^^^^^^^^^^^^
  File "C:\Users\Dimon\AppData\Local\Programs\Python\Python313\Lib\site-packages\colorama\ansitowin32.py", line 47, in write
    self.__convertor.write(text)
    ~~~~~~~~~~~~~~~~~~~~~~^^^^^^
  File "C:\Users\Dimon\AppData\Local\Programs\Python\Python313\Lib\site-packages\colorama\ansitowin32.py", line 177, in write
    self.write_and_convert(text)
    ~~~~~~~~~~~~~~~~~~~~~~^^^^^^
  File "C:\Users\Dimon\AppData\Local\Programs\Python\Python313\Lib\site-packages\colorama\ansitowin32.py", line 205, in write_and_convert
    self.write_plain_text(text, cursor, len(text))
    ~~~~~~~~~~~~~~~~~~~~~^^^^^^^^^^^^^^^^^^^^^^^^^
  File "C:\Users\Dimon\AppData\Local\Programs\Python\Python313\Lib\site-packages\colorama\ansitowin32.py", line 210, in write_plain_text
    self.wrapped.write(text[start:end])
    ~~~~~~~~~~~~~~~~~~^^^^^^^^^^^^^^^^^
  File "C:\Users\Dimon\AppData\Local\Programs\Python\Python313\Lib\encodings\cp1251.py", line 19, in encode
    return codecs.charmap_encode(input,self.errors,encoding_table)[0]
           ~~~~~~~~~~~~~~~~~~~~~^^^^^^^^^^^^^^^^^^^^^^^^^^^^^^^^^^
UnicodeEncodeError: 'charmap' codec can't encode character '\U0001f4dd' in position 5: character maps to <undefined>
Call stack:
  File "C:\scripts\1repo\run_mvp.py", line 680, in <module>
    main()
  File "C:\scripts\1repo\run_mvp.py", line 652, in main
    results = orchestrator.run_single(
  File "C:\scripts\1repo\run_mvp.py", line 253, in run_single
    log_stage(logger, stage, "Completed")
  File "C:\scripts\1repo\am_logging.py", line 613, in log_stage
    log_section(logger, f"{emoji} {action}: {stage.upper()}", "INFO")
  File "C:\scripts\1repo\am_logging.py", line 588, in log_section
    log_func(f"  {title}")
Message: '  \U0001f4dd Completed: SUMMARIZE'
Arguments: ()
2025-11-01 01:29:37,802 - __main__ - INFO - ============================================================
2025-11-01 01:29:37,802 - __main__ - INFO - ============================================================
2025-11-01 01:29:37,802 - __main__ - INFO--- Logging error ---
Traceback (most recent call last):
  File "C:\Users\Dimon\AppData\Local\Programs\Python\Python313\Lib\logging\__init__.py", line 1154, in emit
    stream.write(msg + self.terminator)
    ~~~~~~~~~~~~^^^^^^^^^^^^^^^^^^^^^^^
  File "C:\Users\Dimon\AppData\Local\Programs\Python\Python313\Lib\site-packages\colorama\ansitowin32.py", line 47, in write
    self.__convertor.write(text)
    ~~~~~~~~~~~~~~~~~~~~~~^^^^^^
  File "C:\Users\Dimon\AppData\Local\Programs\Python\Python313\Lib\site-packages\colorama\ansitowin32.py", line 177, in write
    self.write_and_convert(text)
    ~~~~~~~~~~~~~~~~~~~~~~^^^^^^
  File "C:\Users\Dimon\AppData\Local\Programs\Python\Python313\Lib\site-packages\colorama\ansitowin32.py", line 205, in write_and_convert
    self.write_plain_text(text, cursor, len(text))
    ~~~~~~~~~~~~~~~~~~~~~^^^^^^^^^^^^^^^^^^^^^^^^^
  File "C:\Users\Dimon\AppData\Local\Programs\Python\Python313\Lib\site-packages\colorama\ansitowin32.py", line 210, in write_plain_text
    self.wrapped.write(text[start:end])
    ~~~~~~~~~~~~~~~~~~^^^^^^^^^^^^^^^^^
  File "C:\Users\Dimon\AppData\Local\Programs\Python\Python313\Lib\encodings\cp1251.py", line 19, in encode
    return codecs.charmap_encode(input,self.errors,encoding_table)[0]
           ~~~~~~~~~~~~~~~~~~~~~^^^^^^^^^^^^^^^^^^^^^^^^^^^^^^^^^^
UnicodeEncodeError: 'charmap' codec can't encode character '\U0001f916' in position 5: character maps to <undefined>
Call stack:
  File "C:\scripts\1repo\run_mvp.py", line 680, in <module>
    main()
  File "C:\scripts\1repo\run_mvp.py", line 652, in main
    results = orchestrator.run_single(
  File "C:\scripts\1repo\run_mvp.py", line 222, in run_single
    log_stage(logger, stage, "Starting")
  File "C:\scripts\1repo\am_logging.py", line 613, in log_stage
    log_section(logger, f"{emoji} {action}: {stage.upper()}", "INFO")
  File "C:\scripts\1repo\am_logging.py", line 588, in log_section
    log_func(f"  {title}")
Message: '  \U0001f916 Starting: EXTENDED'
Arguments: ()
2025-11-01 01:29:37,803 - __main__ - INFO - ============================================================
2025-11-01 01:29:37,803 - am_common - INFO - Loading config: config\batch_full.yaml
2025-11-01 01:29:37,817 - am_common - INFO - Config loaded successfully
2025-11-01 01:29:37,838 - am_extended - INFO - Ollama available, using model: llama3.2:3b
2025-11-01 01:29:37,839 - am_extended - INFO - Processing: naked-statistics-pdf.dataset.jsonl
2025-11-01 01:29:37,839 - am_common - INFO - Loading dataset: C:\scripts\1repo\data\datasets\summarized\naked-statistics-pdf.dataset.jsonl
2025-11-01 01:29:37,854 - am_common - INFO - Loaded: 222 cards from naked-statistics-pdf.dataset.jsonl
2025-11-01 01:29:37,862 - am_extended - INFO - Marked 0 duplicate pages
2025-11-01 01:29:37,896 - am_extended - INFO - Found 64 continuity gaps
2025-11-01 01:29:37,896 - am_extended - INFO - Extracting extended fields (this may take a while)...
2025-11-01 01:29:37,931 - am_extended - ERROR - Ollama API error: 404
2025-11-01 01:29:37,962 - am_extended - ERROR - Ollama API error: 404
2025-11-01 01:29:37,994 - am_extended - ERROR - Ollama API error: 404
2025-11-01 01:29:38,025 - am_extended - ERROR - Ollama API error: 404
2025-11-01 01:29:38,056 - am_extended - ERROR - Ollama API error: 404
2025-11-01 01:29:38,086 - am_extended - ERROR - Ollama API error: 404
2025-11-01 01:29:38,117 - am_extended - ERROR - Ollama API error: 404
2025-11-01 01:29:38,118 - am_extended - INFO -   Processed 10/222 pages
2025-11-01 01:29:38,133 - am_extended - ERROR - Ollama API error: 404
2025-11-01 01:29:38,163 - am_extended - ERROR - Ollama API error: 404
2025-11-01 01:29:38,180 - am_extended - ERROR - Ollama API error: 404
2025-11-01 01:29:38,209 - am_extended - ERROR - Ollama API error: 404
2025-11-01 01:29:38,241 - am_extended - ERROR - Ollama API error: 404
2025-11-01 01:29:38,271 - am_extended - ERROR - Ollama API error: 404
2025-11-01 01:29:38,303 - am_extended - ERROR - Ollama API error: 404
2025-11-01 01:29:38,306 - am_extended - ERROR - Ollama API error: 404
2025-11-01 01:29:38,334 - am_extended - ERROR - Ollama API error: 404
2025-11-01 01:29:38,365 - am_extended - ERROR - Ollama API error: 404
2025-11-01 01:29:38,365 - am_extended - INFO -   Processed 20/222 pages
2025-11-01 01:29:38,395 - am_extended - ERROR - Ollama API error: 404
2025-11-01 01:29:38,426 - am_extended - ERROR - Ollama API error: 404
2025-11-01 01:29:38,457 - am_extended - ERROR - Ollama API error: 404
2025-11-01 01:29:38,488 - am_extended - ERROR - Ollama API error: 404
2025-11-01 01:29:38,518 - am_extended - ERROR - Ollama API error: 404
2025-11-01 01:29:38,549 - am_extended - ERROR - Ollama API error: 404
2025-11-01 01:29:38,580 - am_extended - ERROR - Ollama API error: 404
2025-11-01 01:29:38,612 - am_extended - ERROR - Ollama API error: 404
2025-11-01 01:29:38,643 - am_extended - ERROR - Ollama API error: 404
2025-11-01 01:29:38,673 - am_extended - ERROR - Ollama API error: 404
2025-11-01 01:29:38,674 - am_extended - INFO -   Processed 30/222 pages
2025-11-01 01:29:38,705 - am_extended - ERROR - Ollama API error: 404
2025-11-01 01:29:38,735 - am_extended - ERROR - Ollama API error: 404
2025-11-01 01:29:38,752 - am_extended - ERROR - Ollama API error: 404
2025-11-01 01:29:38,782 - am_extended - ERROR - Ollama API error: 404
2025-11-01 01:29:38,813 - am_extended - ERROR - Ollama API error: 404
2025-11-01 01:29:38,844 - am_extended - ERROR - Ollama API error: 404
2025-11-01 01:29:38,860 - am_extended - ERROR - Ollama API error: 404
2025-11-01 01:29:38,890 - am_extended - ERROR - Ollama API error: 404
2025-11-01 01:29:38,921 - am_extended - ERROR - Ollama API error: 404
2025-11-01 01:29:38,952 - am_extended - ERROR - Ollama API error: 404
2025-11-01 01:29:38,952 - am_extended - INFO -   Processed 40/222 pages
2025-11-01 01:29:38,982 - am_extended - ERROR - Ollama API error: 404
2025-11-01 01:29:39,014 - am_extended - ERROR - Ollama API error: 404
2025-11-01 01:29:39,029 - am_extended - ERROR - Ollama API error: 404
2025-11-01 01:29:39,060 - am_extended - ERROR - Ollama API error: 404
2025-11-01 01:29:39,091 - am_extended - ERROR - Ollama API error: 404
2025-11-01 01:29:39,122 - am_extended - ERROR - Ollama API error: 404
2025-11-01 01:29:39,152 - am_extended - ERROR - Ollama API error: 404
2025-11-01 01:29:39,183 - am_extended - ERROR - Ollama API error: 404
2025-11-01 01:29:39,199 - am_extended - ERROR - Ollama API error: 404
2025-11-01 01:29:39,215 - am_extended - ERROR - Ollama API error: 404
2025-11-01 01:29:39,215 - am_extended - INFO -   Processed 50/222 pages
2025-11-01 01:29:39,245 - am_extended - ERROR - Ollama API error: 404
2025-11-01 01:29:39,261 - am_extended - ERROR - Ollama API error: 404
2025-11-01 01:29:39,291 - am_extended - ERROR - Ollama API error: 404
2025-11-01 01:29:39,322 - am_extended - ERROR - Ollama API error: 404
2025-11-01 01:29:39,353 - am_extended - ERROR - Ollama API error: 404
2025-11-01 01:29:39,384 - am_extended - ERROR - Ollama API error: 404
2025-11-01 01:29:39,416 - am_extended - ERROR - Ollama API error: 404
2025-11-01 01:29:39,446 - am_extended - ERROR - Ollama API error: 404
2025-11-01 01:29:39,463 - am_extended - ERROR - Ollama API error: 404
2025-11-01 01:29:39,466 - am_extended - ERROR - Ollama API error: 404
2025-11-01 01:29:39,466 - am_extended - INFO -   Processed 60/222 pages
2025-11-01 01:29:39,494 - am_extended - ERROR - Ollama API error: 404
2025-11-01 01:29:39,524 - am_extended - ERROR - Ollama API error: 404
2025-11-01 01:29:39,556 - am_extended - ERROR - Ollama API error: 404
2025-11-01 01:29:39,586 - am_extended - ERROR - Ollama API error: 404
2025-11-01 01:29:39,618 - am_extended - ERROR - Ollama API error: 404
2025-11-01 01:29:39,649 - am_extended - ERROR - Ollama API error: 404
2025-11-01 01:29:39,680 - am_extended - ERROR - Ollama API error: 404
2025-11-01 01:29:39,711 - am_extended - ERROR - Ollama API error: 404
2025-11-01 01:29:39,741 - am_extended - ERROR - Ollama API error: 404
2025-11-01 01:29:39,772 - am_extended - ERROR - Ollama API error: 404
2025-11-01 01:29:39,772 - am_extended - INFO -   Processed 70/222 pages
2025-11-01 01:29:39,803 - am_extended - ERROR - Ollama API error: 404
2025-11-01 01:29:39,833 - am_extended - ERROR - Ollama API error: 404
2025-11-01 01:29:39,862 - am_extended - ERROR - Ollama API error: 404
2025-11-01 01:29:39,894 - am_extended - ERROR - Ollama API error: 404
2025-11-01 01:29:39,909 - am_extended - ERROR - Ollama API error: 404
2025-11-01 01:29:39,940 - am_extended - ERROR - Ollama API error: 404
2025-11-01 01:29:39,971 - am_extended - ERROR - Ollama API error: 404
2025-11-01 01:29:39,987 - am_extended - ERROR - Ollama API error: 404
2025-11-01 01:29:40,018 - am_extended - ERROR - Ollama API error: 404
2025-11-01 01:29:40,033 - am_extended - ERROR - Ollama API error: 404
2025-11-01 01:29:40,033 - am_extended - INFO -   Processed 80/222 pages
2025-11-01 01:29:40,048 - am_extended - ERROR - Ollama API error: 404
2025-11-01 01:29:40,080 - am_extended - ERROR - Ollama API error: 404
2025-11-01 01:29:40,110 - am_extended - ERROR - Ollama API error: 404
2025-11-01 01:29:40,124 - am_extended - ERROR - Ollama API error: 404
2025-11-01 01:29:40,140 - am_extended - ERROR - Ollama API error: 404
2025-11-01 01:29:40,171 - am_extended - ERROR - Ollama API error: 404
2025-11-01 01:29:40,201 - am_extended - ERROR - Ollama API error: 404
2025-11-01 01:29:40,218 - am_extended - ERROR - Ollama API error: 404
2025-11-01 01:29:40,249 - am_extended - ERROR - Ollama API error: 404
2025-11-01 01:29:40,280 - am_extended - ERROR - Ollama API error: 404
2025-11-01 01:29:40,280 - am_extended - INFO -   Processed 90/222 pages
2025-11-01 01:29:40,310 - am_extended - ERROR - Ollama API error: 404
2025-11-01 01:29:40,341 - am_extended - ERROR - Ollama API error: 404
2025-11-01 01:29:40,371 - am_extended - ERROR - Ollama API error: 404
2025-11-01 01:29:40,387 - am_extended - ERROR - Ollama API error: 404
2025-11-01 01:29:40,402 - am_extended - ERROR - Ollama API error: 404
2025-11-01 01:29:40,418 - am_extended - ERROR - Ollama API error: 404
2025-11-01 01:29:40,448 - am_extended - ERROR - Ollama API error: 404
2025-11-01 01:29:40,479 - am_extended - ERROR - Ollama API error: 404
2025-11-01 01:29:40,511 - am_extended - ERROR - Ollama API error: 404
2025-11-01 01:29:40,526 - am_extended - ERROR - Ollama API error: 404
2025-11-01 01:29:40,526 - am_extended - INFO -   Processed 100/222 pages
2025-11-01 01:29:40,541 - am_extended - ERROR - Ollama API error: 404
2025-11-01 01:29:40,557 - am_extended - ERROR - Ollama API error: 404
2025-11-01 01:29:40,588 - am_extended - ERROR - Ollama API error: 404
2025-11-01 01:29:40,619 - am_extended - ERROR - Ollama API error: 404
2025-11-01 01:29:40,650 - am_extended - ERROR - Ollama API error: 404
2025-11-01 01:29:40,681 - am_extended - ERROR - Ollama API error: 404
2025-11-01 01:29:40,712 - am_extended - ERROR - Ollama API error: 404
2025-11-01 01:29:40,728 - am_extended - ERROR - Ollama API error: 404
2025-11-01 01:29:40,743 - am_extended - ERROR - Ollama API error: 404
2025-11-01 01:29:40,774 - am_extended - ERROR - Ollama API error: 404
2025-11-01 01:29:40,774 - am_extended - INFO -   Processed 110/222 pages
2025-11-01 01:29:40,805 - am_extended - ERROR - Ollama API error: 404
2025-11-01 01:29:40,836 - am_extended - ERROR - Ollama API error: 404
2025-11-01 01:29:40,867 - am_extended - ERROR - Ollama API error: 404
2025-11-01 01:29:40,898 - am_extended - ERROR - Ollama API error: 404
2025-11-01 01:29:40,929 - am_extended - ERROR - Ollama API error: 404
2025-11-01 01:29:40,961 - am_extended - ERROR - Ollama API error: 404
2025-11-01 01:29:40,993 - am_extended - ERROR - Ollama API error: 404
2025-11-01 01:29:41,008 - am_extended - ERROR - Ollama API error: 404
2025-11-01 01:29:41,039 - am_extended - ERROR - Ollama API error: 404
2025-11-01 01:29:41,070 - am_extended - ERROR - Ollama API error: 404
2025-11-01 01:29:41,070 - am_extended - INFO -   Processed 120/222 pages
2025-11-01 01:29:41,086 - am_extended - ERROR - Ollama API error: 404
2025-11-01 01:29:41,089 - am_extended - ERROR - Ollama API error: 404
2025-11-01 01:29:41,101 - am_extended - ERROR - Ollama API error: 404
2025-11-01 01:29:41,131 - am_extended - ERROR - Ollama API error: 404
2025-11-01 01:29:41,163 - am_extended - ERROR - Ollama API error: 404
2025-11-01 01:29:41,194 - am_extended - ERROR - Ollama API error: 404
2025-11-01 01:29:41,226 - am_extended - ERROR - Ollama API error: 404
2025-11-01 01:29:41,263 - am_extended - ERROR - Ollama API error: 404
2025-11-01 01:29:41,304 - am_extended - ERROR - Ollama API error: 404
2025-11-01 01:29:41,334 - am_extended - ERROR - Ollama API error: 404
2025-11-01 01:29:41,335 - am_extended - INFO -   Processed 130/222 pages
2025-11-01 01:29:41,365 - am_extended - ERROR - Ollama API error: 404
2025-11-01 01:29:41,396 - am_extended - ERROR - Ollama API error: 404
2025-11-01 01:29:41,427 - am_extended - ERROR - Ollama API error: 404
2025-11-01 01:29:41,457 - am_extended - ERROR - Ollama API error: 404
2025-11-01 01:29:41,489 - am_extended - ERROR - Ollama API error: 404
2025-11-01 01:29:41,505 - am_extended - ERROR - Ollama API error: 404
2025-11-01 01:29:41,520 - am_extended - ERROR - Ollama API error: 404
2025-11-01 01:29:41,535 - am_extended - ERROR - Ollama API error: 404
2025-11-01 01:29:41,566 - am_extended - ERROR - Ollama API error: 404
2025-11-01 01:29:41,582 - am_extended - ERROR - Ollama API error: 404
2025-11-01 01:29:41,582 - am_extended - INFO -   Processed 140/222 pages
2025-11-01 01:29:41,598 - am_extended - ERROR - Ollama API error: 404
2025-11-01 01:29:41,629 - am_extended - ERROR - Ollama API error: 404
2025-11-01 01:29:41,645 - am_extended - ERROR - Ollama API error: 404
2025-11-01 01:29:41,675 - am_extended - ERROR - Ollama API error: 404
2025-11-01 01:29:41,706 - am_extended - ERROR - Ollama API error: 404
2025-11-01 01:29:41,722 - am_extended - ERROR - Ollama API error: 404
2025-11-01 01:29:41,753 - am_extended - ERROR - Ollama API error: 404
2025-11-01 01:29:41,768 - am_extended - ERROR - Ollama API error: 404
2025-11-01 01:29:41,772 - am_extended - ERROR - Ollama API error: 404
2025-11-01 01:29:41,815 - am_extended - ERROR - Ollama API error: 404
2025-11-01 01:29:41,815 - am_extended - INFO -   Processed 150/222 pages
2025-11-01 01:29:41,846 - am_extended - ERROR - Ollama API error: 404
2025-11-01 01:29:41,877 - am_extended - ERROR - Ollama API error: 404
2025-11-01 01:29:41,893 - am_extended - ERROR - Ollama API error: 404
2025-11-01 01:29:41,923 - am_extended - ERROR - Ollama API error: 404
2025-11-01 01:29:41,954 - am_extended - ERROR - Ollama API error: 404
2025-11-01 01:29:41,984 - am_extended - ERROR - Ollama API error: 404
2025-11-01 01:29:42,015 - am_extended - ERROR - Ollama API error: 404
2025-11-01 01:29:42,046 - am_extended - ERROR - Ollama API error: 404
2025-11-01 01:29:42,061 - am_extended - ERROR - Ollama API error: 404
2025-11-01 01:29:42,077 - am_extended - ERROR - Ollama API error: 404
2025-11-01 01:29:42,077 - am_extended - INFO -   Processed 160/222 pages
2025-11-01 01:29:42,107 - am_extended - ERROR - Ollama API error: 404
2025-11-01 01:29:42,139 - am_extended - ERROR - Ollama API error: 404
2025-11-01 01:29:42,169 - am_extended - ERROR - Ollama API error: 404
2025-11-01 01:29:42,200 - am_extended - ERROR - Ollama API error: 404
2025-11-01 01:29:42,216 - am_extended - ERROR - Ollama API error: 404
2025-11-01 01:29:42,232 - am_extended - ERROR - Ollama API error: 404
2025-11-01 01:29:42,247 - am_extended - ERROR - Ollama API error: 404
2025-11-01 01:29:42,277 - am_extended - ERROR - Ollama API error: 404
2025-11-01 01:29:42,293 - am_extended - ERROR - Ollama API error: 404
2025-11-01 01:29:42,324 - am_extended - ERROR - Ollama API error: 404
2025-11-01 01:29:42,325 - am_extended - INFO -   Processed 170/222 pages
2025-11-01 01:29:42,354 - am_extended - ERROR - Ollama API error: 404
2025-11-01 01:29:42,385 - am_extended - ERROR - Ollama API error: 404
2025-11-01 01:29:42,401 - am_extended - ERROR - Ollama API error: 404
2025-11-01 01:29:42,416 - am_extended - ERROR - Ollama API error: 404
2025-11-01 01:29:42,431 - am_extended - ERROR - Ollama API error: 404
2025-11-01 01:29:42,446 - am_extended - ERROR - Ollama API error: 404
2025-11-01 01:29:42,462 - am_extended - ERROR - Ollama API error: 404
2025-11-01 01:29:42,493 - am_extended - ERROR - Ollama API error: 404
2025-11-01 01:29:42,523 - am_extended - ERROR - Ollama API error: 404
2025-11-01 01:29:42,554 - am_extended - ERROR - Ollama API error: 404
2025-11-01 01:29:42,554 - am_extended - INFO -   Processed 180/222 pages
2025-11-01 01:29:42,569 - am_extended - ERROR - Ollama API error: 404
2025-11-01 01:29:42,584 - am_extended - ERROR - Ollama API error: 404
2025-11-01 01:29:42,600 - am_extended - ERROR - Ollama API error: 404
2025-11-01 01:29:42,632 - am_extended - ERROR - Ollama API error: 404
2025-11-01 01:29:42,663 - am_extended - ERROR - Ollama API error: 404
2025-11-01 01:29:42,679 - am_extended - ERROR - Ollama API error: 404
2025-11-01 01:29:42,693 - am_extended - ERROR - Ollama API error: 404
2025-11-01 01:29:42,725 - am_extended - ERROR - Ollama API error: 404
2025-11-01 01:29:42,740 - am_extended - ERROR - Ollama API error: 404
2025-11-01 01:29:42,755 - am_extended - ERROR - Ollama API error: 404
2025-11-01 01:29:42,755 - am_extended - INFO -   Processed 190/222 pages
2025-11-01 01:29:42,771 - am_extended - ERROR - Ollama API error: 404
2025-11-01 01:29:42,802 - am_extended - ERROR - Ollama API error: 404
2025-11-01 01:29:42,833 - am_extended - ERROR - Ollama API error: 404
2025-11-01 01:29:42,865 - am_extended - ERROR - Ollama API error: 404
2025-11-01 01:29:42,880 - am_extended - ERROR - Ollama API error: 404
2025-11-01 01:29:42,897 - am_extended - ERROR - Ollama API error: 404
2025-11-01 01:29:42,926 - am_extended - ERROR - Ollama API error: 404
2025-11-01 01:29:42,942 - am_extended - ERROR - Ollama API error: 404
2025-11-01 01:29:42,956 - am_extended - ERROR - Ollama API error: 404
2025-11-01 01:29:42,959 - am_extended - ERROR - Ollama API error: 404
2025-11-01 01:29:42,959 - am_extended - INFO -   Processed 200/222 pages
2025-11-01 01:29:42,972 - am_extended - ERROR - Ollama API error: 404
2025-11-01 01:29:42,987 - am_extended - ERROR - Ollama API error: 404
2025-11-01 01:29:43,017 - am_extended - ERROR - Ollama API error: 404
2025-11-01 01:29:43,020 - am_extended - ERROR - Ollama API error: 404
2025-11-01 01:29:43,033 - am_extended - ERROR - Ollama API error: 404
2025-11-01 01:29:43,048 - am_extended - ERROR - Ollama API error: 404
2025-11-01 01:29:43,050 - am_extended - ERROR - Ollama API error: 404
2025-11-01 01:29:43,064 - am_extended - ERROR - Ollama API error: 404
2025-11-01 01:29:43,080 - am_extended - ERROR - Ollama API error: 404
2025-11-01 01:29:43,095 - am_extended - ERROR - Ollama API error: 404
2025-11-01 01:29:43,095 - am_extended - INFO -   Processed 210/222 pages
2025-11-01 01:29:43,111 - am_extended - ERROR - Ollama API error: 404
2025-11-01 01:29:43,142 - am_extended - ERROR - Ollama API error: 404
2025-11-01 01:29:43,173 - am_extended - ERROR - Ollama API error: 404
2025-11-01 01:29:43,188 - am_extended - ERROR - Ollama API error: 404
2025-11-01 01:29:43,204 - am_extended - ERROR - Ollama API error: 404
2025-11-01 01:29:43,234 - am_extended - ERROR - Ollama API error: 404
2025-11-01 01:29:43,266 - am_extended - ERROR - Ollama API error: 404
2025-11-01 01:29:43,297 - am_extended - ERROR - Ollama API error: 404
2025-11-01 01:29:43,328 - am_extended - ERROR - Ollama API error: 404
2025-11-01 01:29:43,358 - am_extended - ERROR - Ollama API error: 404
2025-11-01 01:29:43,374 - am_extended - ERROR - Ollama API error: 404
2025-11-01 01:29:43,374 - am_extended - INFO - Extracted extended fields for 218 pages
2025-11-01 01:29:43,374 - am_common - INFO - Saving dataset: C:\scripts\1repo\data\datasets\extended\naked-statistics-pdf.dataset.jsonl (222 cards)
2025-11-01 01:29:43,381 - am_common - INFO - Saved: 222 cards to naked-statistics-pdf.dataset.jsonl (956.92 KB)
2025-11-01 01:29:43,381 - quality_tracker - INFO - Starting: track_quality
2025-11-01 01:29:43,381 - quality_tracker - INFO - extended metrics:
2025-11-01 01:29:43,381 - quality_tracker - INFO -   total_cards: 222
2025-11-01 01:29:43,382 - quality_tracker - INFO -   duplicates_found: 0
2025-11-01 01:29:43,382 - quality_tracker - INFO -   duplicate_ratio: 0.0000
2025-11-01 01:29:43,382 - quality_tracker - INFO -   continuity_gaps: 64
2025-11-01 01:29:43,382 - quality_tracker - INFO -   continuity_gap_ratio: 0.2896
2025-11-01 01:29:43,382 - quality_tracker - INFO -   avg_overlap: 0.1310
2025-11-01 01:29:43,382 - quality_tracker - INFO -   extended_fields_extracted: 218
2025-11-01 01:29:43,382 - quality_tracker - INFO -   extraction_coverage: 0.9820
2025-11-01 01:29:43,382 - quality_tracker - INFO -   lm_extraction_count: 0
2025-11-01 01:29:43,382 - quality_tracker - INFO -   lm_extraction_ratio: 0.0000
2025-11-01 01:29:43,382 - quality_tracker - INFO--- Logging error ---
Traceback (most recent call last):
  File "C:\Users\Dimon\AppData\Local\Programs\Python\Python313\Lib\logging\__init__.py", line 1154, in emit
    stream.write(msg + self.terminator)
    ~~~~~~~~~~~~^^^^^^^^^^^^^^^^^^^^^^^
  File "C:\Users\Dimon\AppData\Local\Programs\Python\Python313\Lib\site-packages\colorama\ansitowin32.py", line 47, in write
    self.__convertor.write(text)
    ~~~~~~~~~~~~~~~~~~~~~~^^^^^^
  File "C:\Users\Dimon\AppData\Local\Programs\Python\Python313\Lib\site-packages\colorama\ansitowin32.py", line 177, in write
    self.write_and_convert(text)
    ~~~~~~~~~~~~~~~~~~~~~~^^^^^^
  File "C:\Users\Dimon\AppData\Local\Programs\Python\Python313\Lib\site-packages\colorama\ansitowin32.py", line 205, in write_and_convert
    self.write_plain_text(text, cursor, len(text))
    ~~~~~~~~~~~~~~~~~~~~~^^^^^^^^^^^^^^^^^^^^^^^^^
  File "C:\Users\Dimon\AppData\Local\Programs\Python\Python313\Lib\site-packages\colorama\ansitowin32.py", line 210, in write_plain_text
    self.wrapped.write(text[start:end])
    ~~~~~~~~~~~~~~~~~~^^^^^^^^^^^^^^^^^
  File "C:\Users\Dimon\AppData\Local\Programs\Python\Python313\Lib\encodings\cp1251.py", line 19, in encode
    return codecs.charmap_encode(input,self.errors,encoding_table)[0]
           ~~~~~~~~~~~~~~~~~~~~~^^^^^^^^^^^^^^^^^^^^^^^^^^^^^^^^^^
UnicodeEncodeError: 'charmap' codec can't encode character '\u2713' in position 3: character maps to <undefined>
Call stack:
  File "C:\scripts\1repo\run_mvp.py", line 680, in <module>
    main()
  File "C:\scripts\1repo\run_mvp.py", line 652, in main
    results = orchestrator.run_single(
  File "C:\scripts\1repo\run_mvp.py", line 226, in run_single
    stage_result = self._run_stage(stage, current_input)
  File "C:\scripts\1repo\run_mvp.py", line 419, in _run_stage
    return processor.process_dataset(input_path, output_dir)
  File "C:\scripts\1repo\am_extended.py", line 612, in process_dataset
    self.quality_tracker.track('extended', input_path.name, metrics)
  File "C:\scripts\1repo\quality_tracker.py", line 171, in track
    logger.info(f"\u2713 Quality thresholds passed for {stage}")
Message: '\u2713 Quality thresholds passed for extended'
Arguments: ()
2025-11-01 01:29:43,383 - quality_tracker - INFO - Completed: track_quality (0.00s)
2025-11-01 01:29:43,383 - am_extended - INFO - Saved: naked-statistics-pdf.dataset.jsonl
2025-11-01 01:29:43,384 - validate - INFO - Validating extended: naked-statistics-pdf.dataset.jsonl
2025-11-01 01:29:43,384 - am_common - INFO - Loading dataset: C:\scripts\1repo\data\datasets\extended\naked-statistics-pdf.dataset.jsonl
2025-11-01 01:29:43,399 - am_common - INFO - Loaded: 222 cards from naked-statistics-pdf.dataset.jsonl
2025-11-01 01:29:43,400 - validate - WARNING - [X] INVALID - naked-statistics-pdf.dataset.jsonl (2 errors)
2025-11-01 01:29:43,400 - __main__ - WARNING - Validation issues: 2 errors, 218 warnings
2025-11-01 01:29:43,400 - __main__ - WARNING - Validation issues: 2 errors
2025-11-01 01:29:43,400 - __main__ - INFO - ============================================================
2025-11-01 01:29:43,400 - __main__ - INFO--- Logging error ---
Traceback (most recent call last):
  File "C:\Users\Dimon\AppData\Local\Programs\Python\Python313\Lib\logging\__init__.py", line 1154, in emit
    stream.write(msg + self.terminator)
    ~~~~~~~~~~~~^^^^^^^^^^^^^^^^^^^^^^^
  File "C:\Users\Dimon\AppData\Local\Programs\Python\Python313\Lib\site-packages\colorama\ansitowin32.py", line 47, in write
    self.__convertor.write(text)
    ~~~~~~~~~~~~~~~~~~~~~~^^^^^^
  File "C:\Users\Dimon\AppData\Local\Programs\Python\Python313\Lib\site-packages\colorama\ansitowin32.py", line 177, in write
    self.write_and_convert(text)
    ~~~~~~~~~~~~~~~~~~~~~~^^^^^^
  File "C:\Users\Dimon\AppData\Local\Programs\Python\Python313\Lib\site-packages\colorama\ansitowin32.py", line 205, in write_and_convert
    self.write_plain_text(text, cursor, len(text))
    ~~~~~~~~~~~~~~~~~~~~~^^^^^^^^^^^^^^^^^^^^^^^^^
  File "C:\Users\Dimon\AppData\Local\Programs\Python\Python313\Lib\site-packages\colorama\ansitowin32.py", line 210, in write_plain_text
    self.wrapped.write(text[start:end])
    ~~~~~~~~~~~~~~~~~~^^^^^^^^^^^^^^^^^
  File "C:\Users\Dimon\AppData\Local\Programs\Python\Python313\Lib\encodings\cp1251.py", line 19, in encode
    return codecs.charmap_encode(input,self.errors,encoding_table)[0]
           ~~~~~~~~~~~~~~~~~~~~~^^^^^^^^^^^^^^^^^^^^^^^^^^^^^^^^^^
UnicodeEncodeError: 'charmap' codec can't encode character '\U0001f916' in position 5: character maps to <undefined>
Call stack:
  File "C:\scripts\1repo\run_mvp.py", line 680, in <module>
    main()
  File "C:\scripts\1repo\run_mvp.py", line 652, in main
    results = orchestrator.run_single(
  File "C:\scripts\1repo\run_mvp.py", line 253, in run_single
    log_stage(logger, stage, "Completed")
  File "C:\scripts\1repo\am_logging.py", line 613, in log_stage
    log_section(logger, f"{emoji} {action}: {stage.upper()}", "INFO")
  File "C:\scripts\1repo\am_logging.py", line 588, in log_section
    log_func(f"  {title}")
Message: '  \U0001f916 Completed: EXTENDED'
Arguments: ()
2025-11-01 01:29:43,401 - __main__ - INFO - ============================================================
2025-11-01 01:29:43,401 - __main__ - INFO - ============================================================
2025-11-01 01:29:43,401 - __main__ - INFO--- Logging error ---
Traceback (most recent call last):
  File "C:\Users\Dimon\AppData\Local\Programs\Python\Python313\Lib\logging\__init__.py", line 1154, in emit
    stream.write(msg + self.terminator)
    ~~~~~~~~~~~~^^^^^^^^^^^^^^^^^^^^^^^
  File "C:\Users\Dimon\AppData\Local\Programs\Python\Python313\Lib\site-packages\colorama\ansitowin32.py", line 47, in write
    self.__convertor.write(text)
    ~~~~~~~~~~~~~~~~~~~~~~^^^^^^
  File "C:\Users\Dimon\AppData\Local\Programs\Python\Python313\Lib\site-packages\colorama\ansitowin32.py", line 177, in write
    self.write_and_convert(text)
    ~~~~~~~~~~~~~~~~~~~~~~^^^^^^
  File "C:\Users\Dimon\AppData\Local\Programs\Python\Python313\Lib\site-packages\colorama\ansitowin32.py", line 205, in write_and_convert
    self.write_plain_text(text, cursor, len(text))
    ~~~~~~~~~~~~~~~~~~~~~^^^^^^^^^^^^^^^^^^^^^^^^^
  File "C:\Users\Dimon\AppData\Local\Programs\Python\Python313\Lib\site-packages\colorama\ansitowin32.py", line 210, in write_plain_text
    self.wrapped.write(text[start:end])
    ~~~~~~~~~~~~~~~~~~^^^^^^^^^^^^^^^^^
  File "C:\Users\Dimon\AppData\Local\Programs\Python\Python313\Lib\encodings\cp1251.py", line 19, in encode
    return codecs.charmap_encode(input,self.errors,encoding_table)[0]
           ~~~~~~~~~~~~~~~~~~~~~^^^^^^^^^^^^^^^^^^^^^^^^^^^^^^^^^^
UnicodeEncodeError: 'charmap' codec can't encode character '\u2705' in position 5: character maps to <undefined>
Call stack:
  File "C:\scripts\1repo\run_mvp.py", line 680, in <module>
    main()
  File "C:\scripts\1repo\run_mvp.py", line 652, in main
    results = orchestrator.run_single(
  File "C:\scripts\1repo\run_mvp.py", line 222, in run_single
    log_stage(logger, stage, "Starting")
  File "C:\scripts\1repo\am_logging.py", line 613, in log_stage
    log_section(logger, f"{emoji} {action}: {stage.upper()}", "INFO")
  File "C:\scripts\1repo\am_logging.py", line 588, in log_section
    log_func(f"  {title}")
Message: '  \u2705 Starting: FINALIZE'
Arguments: ()
2025-11-01 01:29:43,402 - __main__ - INFO - ============================================================
2025-11-01 01:29:43,402 - am_common - INFO - Loading config: config\batch_full.yaml
2025-11-01 01:29:43,419 - am_common - INFO - Config loaded successfully
2025-11-01 01:29:43,419 - am_finalize - INFO - Processing: naked-statistics-pdf.dataset.jsonl
2025-11-01 01:29:43,419 - am_common - INFO - Loading dataset: C:\scripts\1repo\data\datasets\extended\naked-statistics-pdf.dataset.jsonl
2025-11-01 01:29:43,426 - am_common - INFO - Loaded: 222 cards from naked-statistics-pdf.dataset.jsonl
2025-11-01 01:29:43,427 - am_common - INFO - Saving dataset: C:\scripts\1repo\data\datasets\final\naked-statistics-pdf.dataset.jsonl (222 cards)
2025-11-01 01:29:43,433 - am_common - INFO - Saved: 222 cards to naked-statistics-pdf.dataset.jsonl (945.48 KB)
2025-11-01 01:29:43,433 - quality_tracker - INFO - Starting: track_quality
2025-11-01 01:29:43,434 - quality_tracker - INFO - finalize metrics:
2025-11-01 01:29:43,434 - quality_tracker - INFO -   total_cards: 222
2025-11-01 01:29:43,434 - quality_tracker - INFO -   validation_errors: 0
2025-11-01 01:29:43,434 - quality_tracker - INFO -   validation_warnings: 10
2025-11-01 01:29:43,434 - quality_tracker - INFO -   avg_completeness: 0.6150
2025-11-01 01:29:43,434 - quality_tracker - INFO -   cards_with_structure: 207
2025-11-01 01:29:43,434 - quality_tracker - INFO -   structure_coverage: 0.9324
2025-11-01 01:29:43,435 - quality_tracker - INFO -   cards_with_summaries: 219
2025-11-01 01:29:43,435 - quality_tracker - INFO -   summary_coverage: 0.9865
2025-11-01 01:29:43,435 - quality_tracker - INFO--- Logging error ---
Traceback (most recent call last):
  File "C:\Users\Dimon\AppData\Local\Programs\Python\Python313\Lib\logging\__init__.py", line 1154, in emit
    stream.write(msg + self.terminator)
    ~~~~~~~~~~~~^^^^^^^^^^^^^^^^^^^^^^^
  File "C:\Users\Dimon\AppData\Local\Programs\Python\Python313\Lib\site-packages\colorama\ansitowin32.py", line 47, in write
    self.__convertor.write(text)
    ~~~~~~~~~~~~~~~~~~~~~~^^^^^^
  File "C:\Users\Dimon\AppData\Local\Programs\Python\Python313\Lib\site-packages\colorama\ansitowin32.py", line 177, in write
    self.write_and_convert(text)
    ~~~~~~~~~~~~~~~~~~~~~~^^^^^^
  File "C:\Users\Dimon\AppData\Local\Programs\Python\Python313\Lib\site-packages\colorama\ansitowin32.py", line 205, in write_and_convert
    self.write_plain_text(text, cursor, len(text))
    ~~~~~~~~~~~~~~~~~~~~~^^^^^^^^^^^^^^^^^^^^^^^^^
  File "C:\Users\Dimon\AppData\Local\Programs\Python\Python313\Lib\site-packages\colorama\ansitowin32.py", line 210, in write_plain_text
    self.wrapped.write(text[start:end])
    ~~~~~~~~~~~~~~~~~~^^^^^^^^^^^^^^^^^
  File "C:\Users\Dimon\AppData\Local\Programs\Python\Python313\Lib\encodings\cp1251.py", line 19, in encode
    return codecs.charmap_encode(input,self.errors,encoding_table)[0]
           ~~~~~~~~~~~~~~~~~~~~~^^^^^^^^^^^^^^^^^^^^^^^^^^^^^^^^^^
UnicodeEncodeError: 'charmap' codec can't encode character '\u2713' in position 3: character maps to <undefined>
Call stack:
  File "C:\scripts\1repo\run_mvp.py", line 680, in <module>
    main()
  File "C:\scripts\1repo\run_mvp.py", line 652, in main
    results = orchestrator.run_single(
  File "C:\scripts\1repo\run_mvp.py", line 226, in run_single
    stage_result = self._run_stage(stage, current_input)
  File "C:\scripts\1repo\run_mvp.py", line 419, in _run_stage
    return processor.process_dataset(input_path, output_dir)
  File "C:\scripts\1repo\am_finalize.py", line 278, in process_dataset
    self.quality_tracker.track('finalize', input_path.name, metrics)
  File "C:\scripts\1repo\quality_tracker.py", line 171, in track
    logger.info(f"\u2713 Quality thresholds passed for {stage}")
Message: '\u2713 Quality thresholds passed for finalize'
Arguments: ()
2025-11-01 01:29:43,436 - quality_tracker - INFO - Completed: track_quality (0.00s)
2025-11-01 01:29:43,436 - am_finalize - INFO - Saved: naked-statistics-pdf.dataset.jsonl
2025-11-01 01:29:43,436 - __main__ - ERROR - Validation failed: Unknown stage: finalize
2025-11-01 01:29:43,436 - __main__ - WARNING - Validation issues: 1 errors
2025-11-01 01:29:43,436 - __main__ - INFO - ============================================================
2025-11-01 01:29:43,436 - __main__ - INFO--- Logging error ---
Traceback (most recent call last):
  File "C:\Users\Dimon\AppData\Local\Programs\Python\Python313\Lib\logging\__init__.py", line 1154, in emit
    stream.write(msg + self.terminator)
    ~~~~~~~~~~~~^^^^^^^^^^^^^^^^^^^^^^^
  File "C:\Users\Dimon\AppData\Local\Programs\Python\Python313\Lib\site-packages\colorama\ansitowin32.py", line 47, in write
    self.__convertor.write(text)
    ~~~~~~~~~~~~~~~~~~~~~~^^^^^^
  File "C:\Users\Dimon\AppData\Local\Programs\Python\Python313\Lib\site-packages\colorama\ansitowin32.py", line 177, in write
    self.write_and_convert(text)
    ~~~~~~~~~~~~~~~~~~~~~~^^^^^^
  File "C:\Users\Dimon\AppData\Local\Programs\Python\Python313\Lib\site-packages\colorama\ansitowin32.py", line 205, in write_and_convert
    self.write_plain_text(text, cursor, len(text))
    ~~~~~~~~~~~~~~~~~~~~~^^^^^^^^^^^^^^^^^^^^^^^^^
  File "C:\Users\Dimon\AppData\Local\Programs\Python\Python313\Lib\site-packages\colorama\ansitowin32.py", line 210, in write_plain_text
    self.wrapped.write(text[start:end])
    ~~~~~~~~~~~~~~~~~~^^^^^^^^^^^^^^^^^
  File "C:\Users\Dimon\AppData\Local\Programs\Python\Python313\Lib\encodings\cp1251.py", line 19, in encode
    return codecs.charmap_encode(input,self.errors,encoding_table)[0]
           ~~~~~~~~~~~~~~~~~~~~~^^^^^^^^^^^^^^^^^^^^^^^^^^^^^^^^^^
UnicodeEncodeError: 'charmap' codec can't encode character '\u2705' in position 5: character maps to <undefined>
Call stack:
  File "C:\scripts\1repo\run_mvp.py", line 680, in <module>
    main()
  File "C:\scripts\1repo\run_mvp.py", line 652, in main
    results = orchestrator.run_single(
  File "C:\scripts\1repo\run_mvp.py", line 253, in run_single
    log_stage(logger, stage, "Completed")
  File "C:\scripts\1repo\am_logging.py", line 613, in log_stage
    log_section(logger, f"{emoji} {action}: {stage.upper()}", "INFO")
  File "C:\scripts\1repo\am_logging.py", line 588, in log_section
    log_func(f"  {title}")
Message: '  \u2705 Completed: FINALIZE'
Arguments: ()
2025-11-01 01:29:43,437 - __main__ - INFO - ============================================================
2025-11-01 01:29:43,437 - __main__ - INFO - ============================================================
2025-11-01 01:29:43,437 - __main__ - INFO--- Logging error ---
Traceback (most recent call last):
  File "C:\Users\Dimon\AppData\Local\Programs\Python\Python313\Lib\logging\__init__.py", line 1154, in emit
    stream.write(msg + self.terminator)
    ~~~~~~~~~~~~^^^^^^^^^^^^^^^^^^^^^^^
  File "C:\Users\Dimon\AppData\Local\Programs\Python\Python313\Lib\site-packages\colorama\ansitowin32.py", line 47, in write
    self.__convertor.write(text)
    ~~~~~~~~~~~~~~~~~~~~~~^^^^^^
  File "C:\Users\Dimon\AppData\Local\Programs\Python\Python313\Lib\site-packages\colorama\ansitowin32.py", line 177, in write
    self.write_and_convert(text)
    ~~~~~~~~~~~~~~~~~~~~~~^^^^^^
  File "C:\Users\Dimon\AppData\Local\Programs\Python\Python313\Lib\site-packages\colorama\ansitowin32.py", line 205, in write_and_convert
    self.write_plain_text(text, cursor, len(text))
    ~~~~~~~~~~~~~~~~~~~~~^^^^^^^^^^^^^^^^^^^^^^^^^
  File "C:\Users\Dimon\AppData\Local\Programs\Python\Python313\Lib\site-packages\colorama\ansitowin32.py", line 210, in write_plain_text
    self.wrapped.write(text[start:end])
    ~~~~~~~~~~~~~~~~~~^^^^^^^^^^^^^^^^^
  File "C:\Users\Dimon\AppData\Local\Programs\Python\Python313\Lib\encodings\cp1251.py", line 19, in encode
    return codecs.charmap_encode(input,self.errors,encoding_table)[0]
           ~~~~~~~~~~~~~~~~~~~~~^^^^^^^^^^^^^^^^^^^^^^^^^^^^^^^^^^
UnicodeEncodeError: 'charmap' codec can't encode character '\U0001f9e9' in position 5: character maps to <undefined>
Call stack:
  File "C:\scripts\1repo\run_mvp.py", line 680, in <module>
    main()
  File "C:\scripts\1repo\run_mvp.py", line 652, in main
    results = orchestrator.run_single(
  File "C:\scripts\1repo\run_mvp.py", line 222, in run_single
    log_stage(logger, stage, "Starting")
  File "C:\scripts\1repo\am_logging.py", line 613, in log_stage
    log_section(logger, f"{emoji} {action}: {stage.upper()}", "INFO")
  File "C:\scripts\1repo\am_logging.py", line 588, in log_section
    log_func(f"  {title}")
Message: '  \U0001f9e9 Starting: CHUNK'
Arguments: ()
2025-11-01 01:29:43,437 - __main__ - INFO - ============================================================
2025-11-01 01:29:43,437 - am_common - INFO - Loading config: config\batch_full.yaml
2025-11-01 01:29:43,452 - am_common - INFO - Config loaded successfully
2025-11-01 01:29:43,530 - am_chunk - INFO - Processing: naked-statistics-pdf.dataset.jsonl
2025-11-01 01:29:43,530 - am_common - INFO - Loading dataset: C:\scripts\1repo\data\datasets\final\naked-statistics-pdf.dataset.jsonl
2025-11-01 01:29:43,545 - am_common - INFO - Loaded: 222 cards from naked-statistics-pdf.dataset.jsonl
2025-11-01 01:29:43,688 - am_chunk - INFO - Created 372 chunks from 222 pages
2025-11-01 01:29:43,696 - quality_tracker - INFO - Starting: track_quality
2025-11-01 01:29:43,697 - quality_tracker - INFO - chunk metrics:
2025-11-01 01:29:43,697 - quality_tracker - INFO -   total_chunks: 372
2025-11-01 01:29:43,697 - quality_tracker - INFO -   chunks_per_page: 1.6757
2025-11-01 01:29:43,697 - quality_tracker - INFO -   avg_chunk_tokens: 402.9167
2025-11-01 01:29:43,697 - quality_tracker - INFO -   min_chunk_tokens: 115
2025-11-01 01:29:43,697 - quality_tracker - INFO -   max_chunk_tokens: 525
2025-11-01 01:29:43,697 - quality_tracker - INFO -   token_distribution: {'0-100': 0, '100-300': 65, '300-512': 303, '512+': 4}
2025-11-01 01:29:43,697 - quality_tracker - INFO -   context_completeness: 1.0000
2025-11-01 01:29:43,697 - quality_tracker - INFO--- Logging error ---
Traceback (most recent call last):
  File "C:\Users\Dimon\AppData\Local\Programs\Python\Python313\Lib\logging\__init__.py", line 1154, in emit
    stream.write(msg + self.terminator)
    ~~~~~~~~~~~~^^^^^^^^^^^^^^^^^^^^^^^
  File "C:\Users\Dimon\AppData\Local\Programs\Python\Python313\Lib\site-packages\colorama\ansitowin32.py", line 47, in write
    self.__convertor.write(text)
    ~~~~~~~~~~~~~~~~~~~~~~^^^^^^
  File "C:\Users\Dimon\AppData\Local\Programs\Python\Python313\Lib\site-packages\colorama\ansitowin32.py", line 177, in write
    self.write_and_convert(text)
    ~~~~~~~~~~~~~~~~~~~~~~^^^^^^
  File "C:\Users\Dimon\AppData\Local\Programs\Python\Python313\Lib\site-packages\colorama\ansitowin32.py", line 205, in write_and_convert
    self.write_plain_text(text, cursor, len(text))
    ~~~~~~~~~~~~~~~~~~~~~^^^^^^^^^^^^^^^^^^^^^^^^^
  File "C:\Users\Dimon\AppData\Local\Programs\Python\Python313\Lib\site-packages\colorama\ansitowin32.py", line 210, in write_plain_text
    self.wrapped.write(text[start:end])
    ~~~~~~~~~~~~~~~~~~^^^^^^^^^^^^^^^^^
  File "C:\Users\Dimon\AppData\Local\Programs\Python\Python313\Lib\encodings\cp1251.py", line 19, in encode
    return codecs.charmap_encode(input,self.errors,encoding_table)[0]
           ~~~~~~~~~~~~~~~~~~~~~^^^^^^^^^^^^^^^^^^^^^^^^^^^^^^^^^^
UnicodeEncodeError: 'charmap' codec can't encode character '\u2713' in position 3: character maps to <undefined>
Call stack:
  File "C:\scripts\1repo\run_mvp.py", line 680, in <module>
    main()
  File "C:\scripts\1repo\run_mvp.py", line 652, in main
    results = orchestrator.run_single(
  File "C:\scripts\1repo\run_mvp.py", line 226, in run_single
    stage_result = self._run_stage(stage, current_input)
  File "C:\scripts\1repo\run_mvp.py", line 419, in _run_stage
    return processor.process_dataset(input_path, output_dir)
  File "C:\scripts\1repo\am_chunk.py", line 309, in process_dataset
    self.quality_tracker.track('chunk', input_path.name, metrics)
  File "C:\scripts\1repo\quality_tracker.py", line 171, in track
    logger.info(f"\u2713 Quality thresholds passed for {stage}")
Message: '\u2713 Quality thresholds passed for chunk'
Arguments: ()
2025-11-01 01:29:43,698 - quality_tracker - INFO - Completed: track_quality (0.00s)
2025-11-01 01:29:43,698 - am_chunk - INFO - Saved: naked-statistics-pdf.dataset.chunks.jsonl
2025-11-01 01:29:43,699 - __main__ - ERROR - Validation failed: Unknown stage: chunk
2025-11-01 01:29:43,699 - __main__ - WARNING - Validation issues: 1 errors
2025-11-01 01:29:43,699 - __main__ - INFO - ============================================================
2025-11-01 01:29:43,699 - __main__ - INFO--- Logging error ---
Traceback (most recent call last):
  File "C:\Users\Dimon\AppData\Local\Programs\Python\Python313\Lib\logging\__init__.py", line 1154, in emit
    stream.write(msg + self.terminator)
    ~~~~~~~~~~~~^^^^^^^^^^^^^^^^^^^^^^^
  File "C:\Users\Dimon\AppData\Local\Programs\Python\Python313\Lib\site-packages\colorama\ansitowin32.py", line 47, in write
    self.__convertor.write(text)
    ~~~~~~~~~~~~~~~~~~~~~~^^^^^^
  File "C:\Users\Dimon\AppData\Local\Programs\Python\Python313\Lib\site-packages\colorama\ansitowin32.py", line 177, in write
    self.write_and_convert(text)
    ~~~~~~~~~~~~~~~~~~~~~~^^^^^^
  File "C:\Users\Dimon\AppData\Local\Programs\Python\Python313\Lib\site-packages\colorama\ansitowin32.py", line 205, in write_and_convert
    self.write_plain_text(text, cursor, len(text))
    ~~~~~~~~~~~~~~~~~~~~~^^^^^^^^^^^^^^^^^^^^^^^^^
  File "C:\Users\Dimon\AppData\Local\Programs\Python\Python313\Lib\site-packages\colorama\ansitowin32.py", line 210, in write_plain_text
    self.wrapped.write(text[start:end])
    ~~~~~~~~~~~~~~~~~~^^^^^^^^^^^^^^^^^
  File "C:\Users\Dimon\AppData\Local\Programs\Python\Python313\Lib\encodings\cp1251.py", line 19, in encode
    return codecs.charmap_encode(input,self.errors,encoding_table)[0]
           ~~~~~~~~~~~~~~~~~~~~~^^^^^^^^^^^^^^^^^^^^^^^^^^^^^^^^^^
UnicodeEncodeError: 'charmap' codec can't encode character '\U0001f9e9' in position 5: character maps to <undefined>
Call stack:
  File "C:\scripts\1repo\run_mvp.py", line 680, in <module>
    main()
  File "C:\scripts\1repo\run_mvp.py", line 652, in main
    results = orchestrator.run_single(
  File "C:\scripts\1repo\run_mvp.py", line 253, in run_single
    log_stage(logger, stage, "Completed")
  File "C:\scripts\1repo\am_logging.py", line 613, in log_stage
    log_section(logger, f"{emoji} {action}: {stage.upper()}", "INFO")
  File "C:\scripts\1repo\am_logging.py", line 588, in log_section
    log_func(f"  {title}")
Message: '  \U0001f9e9 Completed: CHUNK'
Arguments: ()
2025-11-01 01:29:43,699 - __main__ - INFO - ============================================================
2025-11-01 01:29:43,699 - __main__ - INFO - ============================================================
2025-11-01 01:29:43,699 - __main__ - INFO--- Logging error ---
Traceback (most recent call last):
  File "C:\Users\Dimon\AppData\Local\Programs\Python\Python313\Lib\logging\__init__.py", line 1154, in emit
    stream.write(msg + self.terminator)
    ~~~~~~~~~~~~^^^^^^^^^^^^^^^^^^^^^^^
  File "C:\Users\Dimon\AppData\Local\Programs\Python\Python313\Lib\site-packages\colorama\ansitowin32.py", line 47, in write
    self.__convertor.write(text)
    ~~~~~~~~~~~~~~~~~~~~~~^^^^^^
  File "C:\Users\Dimon\AppData\Local\Programs\Python\Python313\Lib\site-packages\colorama\ansitowin32.py", line 177, in write
    self.write_and_convert(text)
    ~~~~~~~~~~~~~~~~~~~~~~^^^^^^
  File "C:\Users\Dimon\AppData\Local\Programs\Python\Python313\Lib\site-packages\colorama\ansitowin32.py", line 205, in write_and_convert
    self.write_plain_text(text, cursor, len(text))
    ~~~~~~~~~~~~~~~~~~~~~^^^^^^^^^^^^^^^^^^^^^^^^^
  File "C:\Users\Dimon\AppData\Local\Programs\Python\Python313\Lib\site-packages\colorama\ansitowin32.py", line 210, in write_plain_text
    self.wrapped.write(text[start:end])
    ~~~~~~~~~~~~~~~~~~^^^^^^^^^^^^^^^^^
  File "C:\Users\Dimon\AppData\Local\Programs\Python\Python313\Lib\encodings\cp1251.py", line 19, in encode
    return codecs.charmap_encode(input,self.errors,encoding_table)[0]
           ~~~~~~~~~~~~~~~~~~~~~^^^^^^^^^^^^^^^^^^^^^^^^^^^^^^^^^^
UnicodeEncodeError: 'charmap' codec can't encode character '\U0001f522' in position 5: character maps to <undefined>
Call stack:
  File "C:\scripts\1repo\run_mvp.py", line 680, in <module>
    main()
  File "C:\scripts\1repo\run_mvp.py", line 652, in main
    results = orchestrator.run_single(
  File "C:\scripts\1repo\run_mvp.py", line 222, in run_single
    log_stage(logger, stage, "Starting")
  File "C:\scripts\1repo\am_logging.py", line 613, in log_stage
    log_section(logger, f"{emoji} {action}: {stage.upper()}", "INFO")
  File "C:\scripts\1repo\am_logging.py", line 588, in log_section
    log_func(f"  {title}")
Message: '  \U0001f522 Starting: EMBED'
Arguments: ()
2025-11-01 01:29:43,700 - __main__ - INFO - ============================================================
2025-11-01 01:29:43,700 - am_common - INFO - Loading config: config\batch_full.yaml
2025-11-01 01:29:43,715 - am_common - INFO - Config loaded successfully
2025-11-01 01:29:43,715 - am_embed - INFO - [sentence-transformers] Loading model: all-MiniLM-L6-v2
2025-11-01 01:29:43,716 - sentence_transformers.SentenceTransformer - INFO - Use pytorch device_name: cpu
2025-11-01 01:29:43,716 - sentence_transformers.SentenceTransformer - INFO - Load pretrained SentenceTransformer: all-MiniLM-L6-v2
2025-11-01 01:29:47,325 - am_embed - INFO - [sentence-transformers] Embedding dimension: 384
2025-11-01 01:29:47,325 - am_embed - INFO - Processing: naked-statistics-pdf.dataset.chunks.jsonl
2025-11-01 01:29:47,342 - am_embed - INFO - Loaded 372 chunks
2025-11-01 01:29:47,342 - am_embed - INFO - Encoding 372 chunks in 12 batches
2025-11-01 01:29:50,338 - am_embed - INFO - Processed batch 10/12
2025-11-01 01:29:50,818 - am_embed - INFO - Encoded 372 embeddings, 0 failures
2025-11-01 01:29:50,818 - am_embed - INFO - Building FAISS index: flat, metric=cosine
2025-11-01 01:29:50,818 - am_embed - INFO - Vectors: 372, Dimension: 384
2025-11-01 01:29:50,818 - am_embed - INFO - FAISS index built: 372 vectors
2025-11-01 01:29:50,820 - am_embed - INFO - Saved FAISS index: naked-statistics-pdf.dataset.faiss (558.04 KB)
2025-11-01 01:29:50,823 - am_embed - INFO - Saved metadata: naked-statistics-pdf.dataset.pkl (818.32 KB)
2025-11-01 01:29:50,824 - quality_tracker - INFO - Starting: track_quality
2025-11-01 01:29:50,824 - quality_tracker - INFO - embed metrics:
2025-11-01 01:29:50,824 - quality_tracker - INFO -   total_vectors: 372
2025-11-01 01:29:50,824 - quality_tracker - INFO -   embedding_dim: 384
2025-11-01 01:29:50,824 - quality_tracker - INFO -   embedding_failures: 0
2025-11-01 01:29:50,824 - quality_tracker - INFO -   failure_rate: 0.0000
2025-11-01 01:29:50,824 - quality_tracker - INFO -   avg_norm: 1.0000
2025-11-01 01:29:50,824 - quality_tracker - INFO -   min_norm: 1.0000
2025-11-01 01:29:50,824 - quality_tracker - INFO -   max_norm: 1.0000
2025-11-01 01:29:50,824 - quality_tracker - INFO--- Logging error ---
Traceback (most recent call last):
  File "C:\Users\Dimon\AppData\Local\Programs\Python\Python313\Lib\logging\__init__.py", line 1154, in emit
    stream.write(msg + self.terminator)
    ~~~~~~~~~~~~^^^^^^^^^^^^^^^^^^^^^^^
  File "C:\Users\Dimon\AppData\Local\Programs\Python\Python313\Lib\site-packages\colorama\ansitowin32.py", line 47, in write
    self.__convertor.write(text)
    ~~~~~~~~~~~~~~~~~~~~~~^^^^^^
  File "C:\Users\Dimon\AppData\Local\Programs\Python\Python313\Lib\site-packages\colorama\ansitowin32.py", line 177, in write
    self.write_and_convert(text)
    ~~~~~~~~~~~~~~~~~~~~~~^^^^^^
  File "C:\Users\Dimon\AppData\Local\Programs\Python\Python313\Lib\site-packages\colorama\ansitowin32.py", line 205, in write_and_convert
    self.write_plain_text(text, cursor, len(text))
    ~~~~~~~~~~~~~~~~~~~~~^^^^^^^^^^^^^^^^^^^^^^^^^
  File "C:\Users\Dimon\AppData\Local\Programs\Python\Python313\Lib\site-packages\colorama\ansitowin32.py", line 210, in write_plain_text
    self.wrapped.write(text[start:end])
    ~~~~~~~~~~~~~~~~~~^^^^^^^^^^^^^^^^^
  File "C:\Users\Dimon\AppData\Local\Programs\Python\Python313\Lib\encodings\cp1251.py", line 19, in encode
    return codecs.charmap_encode(input,self.errors,encoding_table)[0]
           ~~~~~~~~~~~~~~~~~~~~~^^^^^^^^^^^^^^^^^^^^^^^^^^^^^^^^^^
UnicodeEncodeError: 'charmap' codec can't encode character '\u2713' in position 3: character maps to <undefined>
Call stack:
  File "C:\scripts\1repo\run_mvp.py", line 680, in <module>
    main()
  File "C:\scripts\1repo\run_mvp.py", line 652, in main
    results = orchestrator.run_single(
  File "C:\scripts\1repo\run_mvp.py", line 226, in run_single
    stage_result = self._run_stage(stage, current_input)
  File "C:\scripts\1repo\run_mvp.py", line 428, in _run_stage
    return processor.process_chunks(input_path, output_dir=None)
  File "C:\scripts\1repo\am_embed.py", line 426, in process_chunks
    self.quality_tracker.track('embed', chunks_path.name, metrics)
  File "C:\scripts\1repo\quality_tracker.py", line 171, in track
    logger.info(f"\u2713 Quality thresholds passed for {stage}")
Message: '\u2713 Quality thresholds passed for embed'
Arguments: ()
2025-11-01 01:29:50,825 - quality_tracker - INFO - Completed: track_quality (0.00s)
2025-11-01 01:29:50,825 - am_embed - INFO - Saved: naked-statistics-pdf.dataset.faiss, naked-statistics-pdf.dataset.pkl
2025-11-01 01:29:50,826 - __main__ - INFO - ============================================================
2025-11-01 01:29:50,826 - __main__ - INFO--- Logging error ---
Traceback (most recent call last):
  File "C:\Users\Dimon\AppData\Local\Programs\Python\Python313\Lib\logging\__init__.py", line 1154, in emit
    stream.write(msg + self.terminator)
    ~~~~~~~~~~~~^^^^^^^^^^^^^^^^^^^^^^^
  File "C:\Users\Dimon\AppData\Local\Programs\Python\Python313\Lib\site-packages\colorama\ansitowin32.py", line 47, in write
    self.__convertor.write(text)
    ~~~~~~~~~~~~~~~~~~~~~~^^^^^^
  File "C:\Users\Dimon\AppData\Local\Programs\Python\Python313\Lib\site-packages\colorama\ansitowin32.py", line 177, in write
    self.write_and_convert(text)
    ~~~~~~~~~~~~~~~~~~~~~~^^^^^^
  File "C:\Users\Dimon\AppData\Local\Programs\Python\Python313\Lib\site-packages\colorama\ansitowin32.py", line 205, in write_and_convert
    self.write_plain_text(text, cursor, len(text))
    ~~~~~~~~~~~~~~~~~~~~~^^^^^^^^^^^^^^^^^^^^^^^^^
  File "C:\Users\Dimon\AppData\Local\Programs\Python\Python313\Lib\site-packages\colorama\ansitowin32.py", line 210, in write_plain_text
    self.wrapped.write(text[start:end])
    ~~~~~~~~~~~~~~~~~~^^^^^^^^^^^^^^^^^
  File "C:\Users\Dimon\AppData\Local\Programs\Python\Python313\Lib\encodings\cp1251.py", line 19, in encode
    return codecs.charmap_encode(input,self.errors,encoding_table)[0]
           ~~~~~~~~~~~~~~~~~~~~~^^^^^^^^^^^^^^^^^^^^^^^^^^^^^^^^^^
UnicodeEncodeError: 'charmap' codec can't encode character '\U0001f522' in position 5: character maps to <undefined>
Call stack:
  File "C:\scripts\1repo\run_mvp.py", line 680, in <module>
    main()
  File "C:\scripts\1repo\run_mvp.py", line 652, in main
    results = orchestrator.run_single(
  File "C:\scripts\1repo\run_mvp.py", line 253, in run_single
    log_stage(logger, stage, "Completed")
  File "C:\scripts\1repo\am_logging.py", line 613, in log_stage
    log_section(logger, f"{emoji} {action}: {stage.upper()}", "INFO")
  File "C:\scripts\1repo\am_logging.py", line 588, in log_section
    log_func(f"  {title}")
Message: '  \U0001f522 Completed: EMBED'
Arguments: ()
2025-11-01 01:29:50,826 - __main__ - INFO - ============================================================
2025-11-01 01:29:50,826 - __main__ - INFO - Pipeline status: completed
2025-11-01 01:29:50,826 - __main__ - INFO - Completed: run_single_pipeline (67.22s)
2025-11-01 01:29:50,826 - __main__ - INFO - ============================================================
2025-11-01 01:29:50,826 - __main__ - INFO--- Logging error ---
Traceback (most recent call last):
  File "C:\Users\Dimon\AppData\Local\Programs\Python\Python313\Lib\logging\__init__.py", line 1154, in emit
    stream.write(msg + self.terminator)
    ~~~~~~~~~~~~^^^^^^^^^^^^^^^^^^^^^^^
  File "C:\Users\Dimon\AppData\Local\Programs\Python\Python313\Lib\site-packages\colorama\ansitowin32.py", line 47, in write
    self.__convertor.write(text)
    ~~~~~~~~~~~~~~~~~~~~~~^^^^^^
  File "C:\Users\Dimon\AppData\Local\Programs\Python\Python313\Lib\site-packages\colorama\ansitowin32.py", line 177, in write
    self.write_and_convert(text)
    ~~~~~~~~~~~~~~~~~~~~~~^^^^^^
  File "C:\Users\Dimon\AppData\Local\Programs\Python\Python313\Lib\site-packages\colorama\ansitowin32.py", line 205, in write_and_convert
    self.write_plain_text(text, cursor, len(text))
    ~~~~~~~~~~~~~~~~~~~~~^^^^^^^^^^^^^^^^^^^^^^^^^
  File "C:\Users\Dimon\AppData\Local\Programs\Python\Python313\Lib\site-packages\colorama\ansitowin32.py", line 210, in write_plain_text
    self.wrapped.write(text[start:end])
    ~~~~~~~~~~~~~~~~~~^^^^^^^^^^^^^^^^^
  File "C:\Users\Dimon\AppData\Local\Programs\Python\Python313\Lib\encodings\cp1251.py", line 19, in encode
    return codecs.charmap_encode(input,self.errors,encoding_table)[0]
           ~~~~~~~~~~~~~~~~~~~~~^^^^^^^^^^^^^^^^^^^^^^^^^^^^^^^^^^
UnicodeEncodeError: 'charmap' codec can't encode character '\U0001f4ca' in position 5: character maps to <undefined>
Call stack:
  File "C:\scripts\1repo\run_mvp.py", line 680, in <module>
    main()
  File "C:\scripts\1repo\run_mvp.py", line 660, in main
    orchestrator.generate_reports()
  File "C:\scripts\1repo\run_mvp.py", line 502, in generate_reports
    log_section(logger, "\U0001f4ca FINAL REPORTS", "INFO")
  File "C:\scripts\1repo\am_logging.py", line 588, in log_section
    log_func(f"  {title}")
Message: '  \U0001f4ca FINAL REPORTS'
Arguments: ()
2025-11-01 01:29:50,827 - __main__ - INFO - ============================================================
2025-11-01 01:29:50,827 - __main__ - INFO - ============================================================
2025-11-01 01:29:50,827 - __main__ - INFO -   Performance Summary
2025-11-01 01:29:50,827 - __main__ - INFO - ============================================================
2025-11-01 01:29:50,827 - __main__ - INFO - 
run_single_pipeline:
2025-11-01 01:29:50,827 - __main__ - INFO -   Count: 1
2025-11-01 01:29:50,827 - __main__ - INFO -   Total: 67.22s
2025-11-01 01:29:50,827 - __main__ - INFO -   Avg: 67.22s
2025-11-01 01:29:50,827 - __main__ - INFO -   Min: 67.22s
2025-11-01 01:29:50,827 - __main__ - INFO -   Max: 67.22s
2025-11-01 01:29:50,827 - __main__ - INFO - 
track_quality:
2025-11-01 01:29:50,827 - __main__ - INFO -   Count: 7
2025-11-01 01:29:50,827 - __main__ - INFO -   Total: 0.01s
2025-11-01 01:29:50,827 - __main__ - INFO -   Avg: 0.00s
2025-11-01 01:29:50,828 - __main__ - INFO -   Min: 0.00s
2025-11-01 01:29:50,828 - __main__ - INFO -   Max: 0.00s
2025-11-01 01:29:50,828 - __main__ - INFO - No errors or warnings recorded
2025-11-01 01:29:50,828 - __main__ - INFO - 
2025-11-01 01:29:50,828 - quality_tracker - INFO - Starting: generate_quality_report
2025-11-01 01:29:50,829 - quality_tracker - INFO - Quality report saved: C:\scripts\1repo\data\quality\quality_report_20251101_012950.json
2025-11-01 01:29:50,829 - quality_tracker - INFO - Completed: generate_quality_report (0.00s)
2025-11-01 01:29:50,829 - quality_tracker - INFO - ============================================================
2025-11-01 01:29:50,829 - quality_tracker - INFO -   QUALITY REPORT
2025-11-01 01:29:50,830 - quality_tracker - INFO - ============================================================
2025-11-01 01:29:50,830 - quality_tracker - INFO - Generated: 2025-10-31T22:29:50Z
2025-11-01 01:29:50,830 - quality_tracker - INFO - Version: 2.0.0

2025-11-01 01:29:50,830 - quality_tracker - INFO - ------------------------------------------------------------
2025-11-01 01:29:50,830 - quality_tracker - INFO -   Stage: STRUCTURAL
2025-11-01 01:29:50,830 - quality_tracker - INFO - ------------------------------------------------------------
2025-11-01 01:29:50,830 - quality_tracker - INFO - Summary:
2025-11-01 01:29:50,830 - quality_tracker - INFO -   total_runs: 1
2025-11-01 01:29:50,830 - quality_tracker - INFO -   passed_threshold: 1
2025-11-01 01:29:50,830 - quality_tracker - INFO -   failed_threshold: 0
2025-11-01 01:29:50,830 - quality_tracker - INFO -   pass_rate: 100.0%
2025-11-01 01:29:50,830 - quality_tracker - INFO - 
Recent trend (last 1 runs):
2025-11-01 01:29:50,830 - quality_tracker - INFO -   Pass rate: 100.0%
2025-11-01 01:29:50,830 - quality_tracker - INFO - 
2025-11-01 01:29:50,830 - quality_tracker - INFO - ------------------------------------------------------------
2025-11-01 01:29:50,830 - quality_tracker - INFO -   Stage: STRUCTURE_DETECT
2025-11-01 01:29:50,830 - quality_tracker - INFO - ------------------------------------------------------------
2025-11-01 01:29:50,830 - quality_tracker - INFO - Summary:
2025-11-01 01:29:50,830 - quality_tracker - INFO -   total_runs: 1
2025-11-01 01:29:50,830 - quality_tracker - INFO -   passed_threshold: 1
2025-11-01 01:29:50,830 - quality_tracker - INFO -   failed_threshold: 0
2025-11-01 01:29:50,830 - quality_tracker - INFO -   pass_rate: 100.0%
2025-11-01 01:29:50,830 - quality_tracker - INFO - 
Recent trend (last 1 runs):
2025-11-01 01:29:50,830 - quality_tracker - INFO -   Pass rate: 100.0%
2025-11-01 01:29:50,830 - quality_tracker - INFO - 
2025-11-01 01:29:50,830 - quality_tracker - INFO - ------------------------------------------------------------
2025-11-01 01:29:50,830 - quality_tracker - INFO -   Stage: SUMMARIZE
2025-11-01 01:29:50,831 - quality_tracker - INFO - ------------------------------------------------------------
2025-11-01 01:29:50,831 - quality_tracker - INFO - Summary:
2025-11-01 01:29:50,831 - quality_tracker - INFO -   total_runs: 1
2025-11-01 01:29:50,831 - quality_tracker - INFO -   passed_threshold: 1
2025-11-01 01:29:50,831 - quality_tracker - INFO -   failed_threshold: 0
2025-11-01 01:29:50,831 - quality_tracker - INFO -   pass_rate: 100.0%
2025-11-01 01:29:50,831 - quality_tracker - INFO - 
Recent trend (last 1 runs):
2025-11-01 01:29:50,831 - quality_tracker - INFO -   Pass rate: 100.0%
2025-11-01 01:29:50,831 - quality_tracker - INFO - 
2025-11-01 01:29:50,831 - quality_tracker - INFO - ------------------------------------------------------------
2025-11-01 01:29:50,831 - quality_tracker - INFO -   Stage: EXTENDED
2025-11-01 01:29:50,831 - quality_tracker - INFO - ------------------------------------------------------------
2025-11-01 01:29:50,831 - quality_tracker - INFO - Summary:
2025-11-01 01:29:50,831 - quality_tracker - INFO -   total_runs: 1
2025-11-01 01:29:50,831 - quality_tracker - INFO -   passed_threshold: 1
2025-11-01 01:29:50,831 - quality_tracker - INFO -   failed_threshold: 0
2025-11-01 01:29:50,831 - quality_tracker - INFO -   pass_rate: 100.0%
2025-11-01 01:29:50,831 - quality_tracker - INFO - 
Recent trend (last 1 runs):
2025-11-01 01:29:50,831 - quality_tracker - INFO -   Pass rate: 100.0%
2025-11-01 01:29:50,831 - quality_tracker - INFO - 
2025-11-01 01:29:50,831 - quality_tracker - INFO - ------------------------------------------------------------
2025-11-01 01:29:50,831 - quality_tracker - INFO -   Stage: FINALIZE
2025-11-01 01:29:50,831 - quality_tracker - INFO - ------------------------------------------------------------
2025-11-01 01:29:50,831 - quality_tracker - INFO - Summary:
2025-11-01 01:29:50,831 - quality_tracker - INFO -   total_runs: 1
2025-11-01 01:29:50,831 - quality_tracker - INFO -   passed_threshold: 1
2025-11-01 01:29:50,831 - quality_tracker - INFO -   failed_threshold: 0
2025-11-01 01:29:50,831 - quality_tracker - INFO -   pass_rate: 100.0%
2025-11-01 01:29:50,831 - quality_tracker - INFO - 
Recent trend (last 1 runs):
2025-11-01 01:29:50,831 - quality_tracker - INFO -   Pass rate: 100.0%
2025-11-01 01:29:50,831 - quality_tracker - INFO - 
2025-11-01 01:29:50,831 - quality_tracker - INFO - ------------------------------------------------------------
2025-11-01 01:29:50,832 - quality_tracker - INFO -   Stage: CHUNK
2025-11-01 01:29:50,832 - quality_tracker - INFO - ------------------------------------------------------------
2025-11-01 01:29:50,832 - quality_tracker - INFO - Summary:
2025-11-01 01:29:50,832 - quality_tracker - INFO -   total_runs: 1
2025-11-01 01:29:50,832 - quality_tracker - INFO -   passed_threshold: 1
2025-11-01 01:29:50,832 - quality_tracker - INFO -   failed_threshold: 0
2025-11-01 01:29:50,832 - quality_tracker - INFO -   pass_rate: 100.0%
2025-11-01 01:29:50,832 - quality_tracker - INFO - 
Recent trend (last 1 runs):
2025-11-01 01:29:50,832 - quality_tracker - INFO -   Pass rate: 100.0%
2025-11-01 01:29:50,832 - quality_tracker - INFO - 
2025-11-01 01:29:50,832 - quality_tracker - INFO - ------------------------------------------------------------
2025-11-01 01:29:50,832 - quality_tracker - INFO -   Stage: EMBED
2025-11-01 01:29:50,832 - quality_tracker - INFO - ------------------------------------------------------------
2025-11-01 01:29:50,832 - quality_tracker - INFO - Summary:
2025-11-01 01:29:50,832 - quality_tracker - INFO -   total_runs: 1
2025-11-01 01:29:50,832 - quality_tracker - INFO -   passed_threshold: 1
2025-11-01 01:29:50,832 - quality_tracker - INFO -   failed_threshold: 0
2025-11-01 01:29:50,832 - quality_tracker - INFO -   pass_rate: 100.0%
2025-11-01 01:29:50,832 - quality_tracker - INFO - 
Recent trend (last 1 runs):
2025-11-01 01:29:50,832 - quality_tracker - INFO -   Pass rate: 100.0%
2025-11-01 01:29:50,832 - quality_tracker - INFO - 
2025-11-01 01:29:50,832 - quality_tracker - INFO - ------------------------------------------------------------
2025-11-01 01:29:50,832 - quality_tracker - INFO -   PERFORMANCE SUMMARY
2025-11-01 01:29:50,832 - quality_tracker - INFO - ------------------------------------------------------------
2025-11-01 01:29:50,832 - quality_tracker - INFO - track_quality:
2025-11-01 01:29:50,832 - quality_tracker - INFO -   Count: 7, Avg: 0.00s
2025-11-01 01:29:50,832 - quality_tracker - INFO - run_single_pipeline:
2025-11-01 01:29:50,832 - quality_tracker - INFO -   Count: 1, Avg: 67.22s
2025-11-01 01:29:50,832 - __main__ - INFO - 
2025-11-01 01:29:50,832 - validate - INFO - ============================================================
2025-11-01 01:29:50,832 - validate - INFO -   Validation Summary
2025-11-01 01:29:50,832 - validate - INFO - ============================================================
2025-11-01 01:29:50,833 - validate - INFO - Overall Results:
2025-11-01 01:29:50,833 - validate - INFO -   total_datasets: 2
2025-11-01 01:29:50,833 - validate - INFO -   valid_datasets: 1
2025-11-01 01:29:50,833 - validate - INFO -   invalid_datasets: 1
2025-11-01 01:29:50,833 - validate - INFO -   total_errors: 2
2025-11-01 01:29:50,833 - validate - INFO -   total_warnings: 219
2025-11-01 01:29:50,833 - validate - INFO -   success_rate: 0.5000
2025-11-01 01:29:50,833 - validate - INFO -   timestamp: 2025-10-31T22:29:50.832914
2025-11-01 01:29:50,833 - validate - INFO - 
Per-dataset results:
2025-11-01 01:29:50,833 - validate - INFO--- Logging error ---
Traceback (most recent call last):
  File "C:\Users\Dimon\AppData\Local\Programs\Python\Python313\Lib\logging\__init__.py", line 1154, in emit
    stream.write(msg + self.terminator)
    ~~~~~~~~~~~~^^^^^^^^^^^^^^^^^^^^^^^
  File "C:\Users\Dimon\AppData\Local\Programs\Python\Python313\Lib\site-packages\colorama\ansitowin32.py", line 47, in write
    self.__convertor.write(text)
    ~~~~~~~~~~~~~~~~~~~~~~^^^^^^
  File "C:\Users\Dimon\AppData\Local\Programs\Python\Python313\Lib\site-packages\colorama\ansitowin32.py", line 177, in write
    self.write_and_convert(text)
    ~~~~~~~~~~~~~~~~~~~~~~^^^^^^
  File "C:\Users\Dimon\AppData\Local\Programs\Python\Python313\Lib\site-packages\colorama\ansitowin32.py", line 205, in write_and_convert
    self.write_plain_text(text, cursor, len(text))
    ~~~~~~~~~~~~~~~~~~~~~^^^^^^^^^^^^^^^^^^^^^^^^^
  File "C:\Users\Dimon\AppData\Local\Programs\Python\Python313\Lib\site-packages\colorama\ansitowin32.py", line 210, in write_plain_text
    self.wrapped.write(text[start:end])
    ~~~~~~~~~~~~~~~~~~^^^^^^^^^^^^^^^^^
  File "C:\Users\Dimon\AppData\Local\Programs\Python\Python313\Lib\encodings\cp1251.py", line 19, in encode
    return codecs.charmap_encode(input,self.errors,encoding_table)[0]
           ~~~~~~~~~~~~~~~~~~~~~^^^^^^^^^^^^^^^^^^^^^^^^^^^^^^^^^^
UnicodeEncodeError: 'charmap' codec can't encode character '\u2705' in position 5: character maps to <undefined>
Call stack:
  File "C:\scripts\1repo\run_mvp.py", line 680, in <module>
    main()
  File "C:\scripts\1repo\run_mvp.py", line 660, in main
    orchestrator.generate_reports()
  File "C:\scripts\1repo\run_mvp.py", line 522, in generate_reports
    self.validator.print_summary()
  File "C:\scripts\1repo\validate.py", line 784, in print_summary
    self.report.print_summary()
  File "C:\scripts\1repo\validate.py", line 644, in print_summary
    logger.info(f"  {status} - {dataset} (errors: {errors}, warnings: {warnings})")
Message: '  \u2705 VALID - naked-statistics-pdf.dataset.jsonl (errors: 0, warnings: 1)'
Arguments: ()
2025-11-01 01:29:50,834 - validate - INFO--- Logging error ---
Traceback (most recent call last):
  File "C:\Users\Dimon\AppData\Local\Programs\Python\Python313\Lib\logging\__init__.py", line 1154, in emit
    stream.write(msg + self.terminator)
    ~~~~~~~~~~~~^^^^^^^^^^^^^^^^^^^^^^^
  File "C:\Users\Dimon\AppData\Local\Programs\Python\Python313\Lib\site-packages\colorama\ansitowin32.py", line 47, in write
    self.__convertor.write(text)
    ~~~~~~~~~~~~~~~~~~~~~~^^^^^^
  File "C:\Users\Dimon\AppData\Local\Programs\Python\Python313\Lib\site-packages\colorama\ansitowin32.py", line 177, in write
    self.write_and_convert(text)
    ~~~~~~~~~~~~~~~~~~~~~~^^^^^^
  File "C:\Users\Dimon\AppData\Local\Programs\Python\Python313\Lib\site-packages\colorama\ansitowin32.py", line 205, in write_and_convert
    self.write_plain_text(text, cursor, len(text))
    ~~~~~~~~~~~~~~~~~~~~~^^^^^^^^^^^^^^^^^^^^^^^^^
  File "C:\Users\Dimon\AppData\Local\Programs\Python\Python313\Lib\site-packages\colorama\ansitowin32.py", line 210, in write_plain_text
    self.wrapped.write(text[start:end])
    ~~~~~~~~~~~~~~~~~~^^^^^^^^^^^^^^^^^
  File "C:\Users\Dimon\AppData\Local\Programs\Python\Python313\Lib\encodings\cp1251.py", line 19, in encode
    return codecs.charmap_encode(input,self.errors,encoding_table)[0]
           ~~~~~~~~~~~~~~~~~~~~~^^^^^^^^^^^^^^^^^^^^^^^^^^^^^^^^^^
UnicodeEncodeError: 'charmap' codec can't encode character '\u274c' in position 5: character maps to <undefined>
Call stack:
  File "C:\scripts\1repo\run_mvp.py", line 680, in <module>
    main()
  File "C:\scripts\1repo\run_mvp.py", line 660, in main
    orchestrator.generate_reports()
  File "C:\scripts\1repo\run_mvp.py", line 522, in generate_reports
    self.validator.print_summary()
  File "C:\scripts\1repo\validate.py", line 784, in print_summary
    self.report.print_summary()
  File "C:\scripts\1repo\validate.py", line 644, in print_summary
    logger.info(f"  {status} - {dataset} (errors: {errors}, warnings: {warnings})")
Message: '  \u274c INVALID - naked-statistics-pdf.dataset.jsonl (errors: 2, warnings: 218)'
Arguments: ()
2025-11-01 01:29:50,834 - __main__ - INFO - ============================================================
2025-11-01 01:29:50,834 - __main__ - INFO--- Logging error ---
Traceback (most recent call last):
  File "C:\Users\Dimon\AppData\Local\Programs\Python\Python313\Lib\logging\__init__.py", line 1154, in emit
    stream.write(msg + self.terminator)
    ~~~~~~~~~~~~^^^^^^^^^^^^^^^^^^^^^^^
  File "C:\Users\Dimon\AppData\Local\Programs\Python\Python313\Lib\site-packages\colorama\ansitowin32.py", line 47, in write
    self.__convertor.write(text)
    ~~~~~~~~~~~~~~~~~~~~~~^^^^^^
  File "C:\Users\Dimon\AppData\Local\Programs\Python\Python313\Lib\site-packages\colorama\ansitowin32.py", line 177, in write
    self.write_and_convert(text)
    ~~~~~~~~~~~~~~~~~~~~~~^^^^^^
  File "C:\Users\Dimon\AppData\Local\Programs\Python\Python313\Lib\site-packages\colorama\ansitowin32.py", line 205, in write_and_convert
    self.write_plain_text(text, cursor, len(text))
    ~~~~~~~~~~~~~~~~~~~~~^^^^^^^^^^^^^^^^^^^^^^^^^
  File "C:\Users\Dimon\AppData\Local\Programs\Python\Python313\Lib\site-packages\colorama\ansitowin32.py", line 210, in write_plain_text
    self.wrapped.write(text[start:end])
    ~~~~~~~~~~~~~~~~~~^^^^^^^^^^^^^^^^^
  File "C:\Users\Dimon\AppData\Local\Programs\Python\Python313\Lib\encodings\cp1251.py", line 19, in encode
    return codecs.charmap_encode(input,self.errors,encoding_table)[0]
           ~~~~~~~~~~~~~~~~~~~~~^^^^^^^^^^^^^^^^^^^^^^^^^^^^^^^^^^
UnicodeEncodeError: 'charmap' codec can't encode character '\u2705' in position 5: character maps to <undefined>
Call stack:
  File "C:\scripts\1repo\run_mvp.py", line 680, in <module>
    main()
  File "C:\scripts\1repo\run_mvp.py", line 667, in main
    log_section(logger, "\u2705 PIPELINE COMPLETED SUCCESSFULLY", "INFO")
  File "C:\scripts\1repo\am_logging.py", line 588, in log_section
    log_func(f"  {title}")
Message: '  \u2705 PIPELINE COMPLETED SUCCESSFULLY'
Arguments: ()
2025-11-01 01:29:50,835 - __main__ - INFO - ============================================================
