[WARN] OCR not available
2025-11-01 01:29:56,133 - faiss.loader - INFO - Loading faiss with AVX512 support.
2025-11-01 01:29:56,133 - faiss.loader - INFO - Could not load library with AVX512 support due to:
ModuleNotFoundError("No module named 'faiss.swigfaiss_avx512'")
2025-11-01 01:29:56,134 - faiss.loader - INFO - Loading faiss with AVX2 support.
2025-11-01 01:29:56,145 - faiss.loader - INFO - Successfully loaded faiss with AVX2 support.
2025-11-01 01:29:56,149 - am_common - INFO - Loading config: config\batch_full.yaml
2025-11-01 01:29:56,164 - am_common - INFO - Config loaded successfully
2025-11-01 01:29:56,164 - quality_tracker - INFO - Quality tracker initialized: C:\scripts\1repo\data\quality
2025-11-01 01:29:56,165 - __main__ - INFO - ============================================================
2025-11-01 01:29:56,165 - __main__ - INFO--- Logging error ---
Traceback (most recent call last):
  File "C:\Users\Dimon\AppData\Local\Programs\Python\Python313\Lib\logging\__init__.py", line 1154, in emit
    stream.write(msg + self.terminator)
    ~~~~~~~~~~~~^^^^^^^^^^^^^^^^^^^^^^^
  File "C:\Users\Dimon\AppData\Local\Programs\Python\Python313\Lib\site-packages\colorama\ansitowin32.py", line 47, in write
    self.__convertor.write(text)
    ~~~~~~~~~~~~~~~~~~~~~~^^^^^^
  File "C:\Users\Dimon\AppData\Local\Programs\Python\Python313\Lib\site-packages\colorama\ansitowin32.py", line 177, in write
    self.write_and_convert(text)
    ~~~~~~~~~~~~~~~~~~~~~~^^^^^^
  File "C:\Users\Dimon\AppData\Local\Programs\Python\Python313\Lib\site-packages\colorama\ansitowin32.py", line 205, in write_and_convert
    self.write_plain_text(text, cursor, len(text))
    ~~~~~~~~~~~~~~~~~~~~~^^^^^^^^^^^^^^^^^^^^^^^^^
  File "C:\Users\Dimon\AppData\Local\Programs\Python\Python313\Lib\site-packages\colorama\ansitowin32.py", line 210, in write_plain_text
    self.wrapped.write(text[start:end])
    ~~~~~~~~~~~~~~~~~~^^^^^^^^^^^^^^^^^
  File "C:\Users\Dimon\AppData\Local\Programs\Python\Python313\Lib\encodings\cp1251.py", line 19, in encode
    return codecs.charmap_encode(input,self.errors,encoding_table)[0]
           ~~~~~~~~~~~~~~~~~~~~~^^^^^^^^^^^^^^^^^^^^^^^^^^^^^^^^^^
UnicodeEncodeError: 'charmap' codec can't encode character '\U0001f680' in position 5: character maps to <undefined>
Call stack:
  File "C:\scripts\1repo\run_mvp.py", line 680, in <module>
    main()
  File "C:\scripts\1repo\run_mvp.py", line 605, in main
    orchestrator = PipelineOrchestrator(
  File "C:\scripts\1repo\run_mvp.py", line 136, in __init__
    log_section(logger, f"\U0001f680 {PRODUCT_NAME} {VERSION}", "INFO")
  File "C:\scripts\1repo\am_logging.py", line 588, in log_section
    log_func(f"  {title}")
Message: '  \U0001f680 archivist magika 2.0.0'
Arguments: ()
2025-11-01 01:29:56,166 - __main__ - INFO - ============================================================
2025-11-01 01:29:56,166 - __main__ - INFO - Quality check: enabled
2025-11-01 01:29:56,166 - __main__ - INFO - Validation: enabled
2025-11-01 01:29:56,166 - __main__ - INFO - Dry run: no
2025-11-01 01:29:56,166 - __main__ - INFO - Starting: run_single_pipeline
2025-11-01 01:29:56,166 - __main__ - INFO - Processing: norton_kaplan_balanced_scorecard.pdf
2025-11-01 01:29:56,166 - __main__ - INFO--- Logging error ---
Traceback (most recent call last):
  File "C:\Users\Dimon\AppData\Local\Programs\Python\Python313\Lib\logging\__init__.py", line 1154, in emit
    stream.write(msg + self.terminator)
    ~~~~~~~~~~~~^^^^^^^^^^^^^^^^^^^^^^^
  File "C:\Users\Dimon\AppData\Local\Programs\Python\Python313\Lib\site-packages\colorama\ansitowin32.py", line 47, in write
    self.__convertor.write(text)
    ~~~~~~~~~~~~~~~~~~~~~~^^^^^^
  File "C:\Users\Dimon\AppData\Local\Programs\Python\Python313\Lib\site-packages\colorama\ansitowin32.py", line 177, in write
    self.write_and_convert(text)
    ~~~~~~~~~~~~~~~~~~~~~~^^^^^^
  File "C:\Users\Dimon\AppData\Local\Programs\Python\Python313\Lib\site-packages\colorama\ansitowin32.py", line 205, in write_and_convert
    self.write_plain_text(text, cursor, len(text))
    ~~~~~~~~~~~~~~~~~~~~~^^^^^^^^^^^^^^^^^^^^^^^^^
  File "C:\Users\Dimon\AppData\Local\Programs\Python\Python313\Lib\site-packages\colorama\ansitowin32.py", line 210, in write_plain_text
    self.wrapped.write(text[start:end])
    ~~~~~~~~~~~~~~~~~~^^^^^^^^^^^^^^^^^
  File "C:\Users\Dimon\AppData\Local\Programs\Python\Python313\Lib\encodings\cp1251.py", line 19, in encode
    return codecs.charmap_encode(input,self.errors,encoding_table)[0]
           ~~~~~~~~~~~~~~~~~~~~~^^^^^^^^^^^^^^^^^^^^^^^^^^^^^^^^^^
UnicodeEncodeError: 'charmap' codec can't encode character '\u2192' in position 24: character maps to <undefined>
Call stack:
  File "C:\scripts\1repo\run_mvp.py", line 680, in <module>
    main()
  File "C:\scripts\1repo\run_mvp.py", line 652, in main
    results = orchestrator.run_single(
  File "C:\scripts\1repo\run_mvp.py", line 196, in run_single
    logger.info(f"Pipeline: {start_stage} \u2192 {end_stage}")
Message: 'Pipeline: structural \u2192 embed'
Arguments: ()
2025-11-01 01:29:56,167 - __main__ - INFO--- Logging error ---
Traceback (most recent call last):
  File "C:\Users\Dimon\AppData\Local\Programs\Python\Python313\Lib\logging\__init__.py", line 1154, in emit
    stream.write(msg + self.terminator)
    ~~~~~~~~~~~~^^^^^^^^^^^^^^^^^^^^^^^
  File "C:\Users\Dimon\AppData\Local\Programs\Python\Python313\Lib\site-packages\colorama\ansitowin32.py", line 47, in write
    self.__convertor.write(text)
    ~~~~~~~~~~~~~~~~~~~~~~^^^^^^
  File "C:\Users\Dimon\AppData\Local\Programs\Python\Python313\Lib\site-packages\colorama\ansitowin32.py", line 177, in write
    self.write_and_convert(text)
    ~~~~~~~~~~~~~~~~~~~~~~^^^^^^
  File "C:\Users\Dimon\AppData\Local\Programs\Python\Python313\Lib\site-packages\colorama\ansitowin32.py", line 205, in write_and_convert
    self.write_plain_text(text, cursor, len(text))
    ~~~~~~~~~~~~~~~~~~~~~^^^^^^^^^^^^^^^^^^^^^^^^^
  File "C:\Users\Dimon\AppData\Local\Programs\Python\Python313\Lib\site-packages\colorama\ansitowin32.py", line 210, in write_plain_text
    self.wrapped.write(text[start:end])
    ~~~~~~~~~~~~~~~~~~^^^^^^^^^^^^^^^^^
  File "C:\Users\Dimon\AppData\Local\Programs\Python\Python313\Lib\encodings\cp1251.py", line 19, in encode
    return codecs.charmap_encode(input,self.errors,encoding_table)[0]
           ~~~~~~~~~~~~~~~~~~~~~^^^^^^^^^^^^^^^^^^^^^^^^^^^^^^^^^^
UnicodeEncodeError: 'charmap' codec can't encode character '\u2192' in position 22: character maps to <undefined>
Call stack:
  File "C:\scripts\1repo\run_mvp.py", line 680, in <module>
    main()
  File "C:\scripts\1repo\run_mvp.py", line 652, in main
    results = orchestrator.run_single(
  File "C:\scripts\1repo\run_mvp.py", line 209, in run_single
    logger.info(f"Stages: {' \u2192 '.join(stages)}")
Message: 'Stages: structural \u2192 structure_detect \u2192 summarize \u2192 extended \u2192 finalize \u2192 chunk \u2192 embed'
Arguments: ()
2025-11-01 01:29:56,168 - __main__ - INFO - ============================================================
2025-11-01 01:29:56,168 - __main__ - INFO--- Logging error ---
Traceback (most recent call last):
  File "C:\Users\Dimon\AppData\Local\Programs\Python\Python313\Lib\logging\__init__.py", line 1154, in emit
    stream.write(msg + self.terminator)
    ~~~~~~~~~~~~^^^^^^^^^^^^^^^^^^^^^^^
  File "C:\Users\Dimon\AppData\Local\Programs\Python\Python313\Lib\site-packages\colorama\ansitowin32.py", line 47, in write
    self.__convertor.write(text)
    ~~~~~~~~~~~~~~~~~~~~~~^^^^^^
  File "C:\Users\Dimon\AppData\Local\Programs\Python\Python313\Lib\site-packages\colorama\ansitowin32.py", line 177, in write
    self.write_and_convert(text)
    ~~~~~~~~~~~~~~~~~~~~~~^^^^^^
  File "C:\Users\Dimon\AppData\Local\Programs\Python\Python313\Lib\site-packages\colorama\ansitowin32.py", line 205, in write_and_convert
    self.write_plain_text(text, cursor, len(text))
    ~~~~~~~~~~~~~~~~~~~~~^^^^^^^^^^^^^^^^^^^^^^^^^
  File "C:\Users\Dimon\AppData\Local\Programs\Python\Python313\Lib\site-packages\colorama\ansitowin32.py", line 210, in write_plain_text
    self.wrapped.write(text[start:end])
    ~~~~~~~~~~~~~~~~~~^^^^^^^^^^^^^^^^^
  File "C:\Users\Dimon\AppData\Local\Programs\Python\Python313\Lib\encodings\cp1251.py", line 19, in encode
    return codecs.charmap_encode(input,self.errors,encoding_table)[0]
           ~~~~~~~~~~~~~~~~~~~~~^^^^^^^^^^^^^^^^^^^^^^^^^^^^^^^^^^
UnicodeEncodeError: 'charmap' codec can't encode character '\U0001f4c4' in position 5: character maps to <undefined>
Call stack:
  File "C:\scripts\1repo\run_mvp.py", line 680, in <module>
    main()
  File "C:\scripts\1repo\run_mvp.py", line 652, in main
    results = orchestrator.run_single(
  File "C:\scripts\1repo\run_mvp.py", line 222, in run_single
    log_stage(logger, stage, "Starting")
  File "C:\scripts\1repo\am_logging.py", line 613, in log_stage
    log_section(logger, f"{emoji} {action}: {stage.upper()}", "INFO")
  File "C:\scripts\1repo\am_logging.py", line 588, in log_section
    log_func(f"  {title}")
Message: '  \U0001f4c4 Starting: STRUCTURAL'
Arguments: ()
2025-11-01 01:29:56,168 - __main__ - INFO - ============================================================
2025-11-01 01:29:56,168 - am_common - INFO - Loading config: config\batch_full.yaml
2025-11-01 01:29:56,182 - am_common - INFO - Config loaded successfully
2025-11-01 01:29:56,182 - am_structural_robust - INFO - Text extractor chain: ['pdfminer', 'pdfplumber', 'pypdf2']
2025-11-01 01:29:56,183 - am_structural_robust - INFO - Table extractor chain: ['pdfplumber']
2025-11-01 01:29:56,183 - am_structural_robust - INFO - Processing: norton_kaplan_balanced_scorecard.pdf
2025-11-01 01:29:56,239 - am_structural_robust - INFO - PDF: Нортон, Каплан - Система сбалансированных показателей.doc
2025-11-01 01:29:56,281 - am_structural_robust - INFO - Total pages: 214
2025-11-01 01:30:09,274 - am_structural_robust - INFO -   Processed 50/214 pages
2025-11-01 01:30:21,422 - am_structural_robust - INFO -   Processed 100/214 pages
2025-11-01 01:30:33,057 - am_structural_robust - INFO -   Processed 150/214 pages
2025-11-01 01:30:43,469 - am_structural_robust - INFO -   Processed 200/214 pages
2025-11-01 01:30:46,566 - am_structural_robust - INFO - Extraction complete: 214 success, 0 failed
2025-11-01 01:30:46,566 - am_structural_robust - INFO -   Methods used: {'pdfminer': 214}
2025-11-01 01:30:46,566 - am_structural_robust - INFO -   OCR used: 0 pages
2025-11-01 01:30:46,566 - am_structural_robust - INFO -   Tables found: 10
2025-11-01 01:30:46,569 - am_common - INFO - Saving dataset: C:\scripts\1repo\data\datasets\structural\norton_kaplan_balanced_scorecard.dataset.jsonl (214 cards)
2025-11-01 01:30:46,576 - am_common - INFO - Saved: 214 cards to norton_kaplan_balanced_scorecard.dataset.jsonl (1.13 MB)
2025-11-01 01:30:46,576 - am_structural_robust - INFO - Dataset saved: 1.13 MB
2025-11-01 01:30:46,576 - quality_tracker - INFO - Starting: track_quality
2025-11-01 01:30:46,577 - quality_tracker - INFO - structural metrics:
2025-11-01 01:30:46,577 - quality_tracker - INFO -   total_pages: 214
2025-11-01 01:30:46,577 - quality_tracker - INFO -   success_pages: 214
2025-11-01 01:30:46,577 - quality_tracker - INFO -   failed_pages: 0
2025-11-01 01:30:46,577 - quality_tracker - INFO -   success_ratio: 1.0000
2025-11-01 01:30:46,577 - quality_tracker - INFO -   empty_pages: 3
2025-11-01 01:30:46,577 - quality_tracker - INFO -   avg_page_length: 2878.3645
2025-11-01 01:30:46,577 - quality_tracker - INFO -   extraction_methods: {'pdfminer': 214}
2025-11-01 01:30:46,577 - quality_tracker - INFO -   ocr_used: 0
2025-11-01 01:30:46,577 - quality_tracker - INFO -   tables_found: 10
2025-11-01 01:30:46,577 - quality_tracker - INFO--- Logging error ---
Traceback (most recent call last):
  File "C:\Users\Dimon\AppData\Local\Programs\Python\Python313\Lib\logging\__init__.py", line 1154, in emit
    stream.write(msg + self.terminator)
    ~~~~~~~~~~~~^^^^^^^^^^^^^^^^^^^^^^^
  File "C:\Users\Dimon\AppData\Local\Programs\Python\Python313\Lib\site-packages\colorama\ansitowin32.py", line 47, in write
    self.__convertor.write(text)
    ~~~~~~~~~~~~~~~~~~~~~~^^^^^^
  File "C:\Users\Dimon\AppData\Local\Programs\Python\Python313\Lib\site-packages\colorama\ansitowin32.py", line 177, in write
    self.write_and_convert(text)
    ~~~~~~~~~~~~~~~~~~~~~~^^^^^^
  File "C:\Users\Dimon\AppData\Local\Programs\Python\Python313\Lib\site-packages\colorama\ansitowin32.py", line 205, in write_and_convert
    self.write_plain_text(text, cursor, len(text))
    ~~~~~~~~~~~~~~~~~~~~~^^^^^^^^^^^^^^^^^^^^^^^^^
  File "C:\Users\Dimon\AppData\Local\Programs\Python\Python313\Lib\site-packages\colorama\ansitowin32.py", line 210, in write_plain_text
    self.wrapped.write(text[start:end])
    ~~~~~~~~~~~~~~~~~~^^^^^^^^^^^^^^^^^
  File "C:\Users\Dimon\AppData\Local\Programs\Python\Python313\Lib\encodings\cp1251.py", line 19, in encode
    return codecs.charmap_encode(input,self.errors,encoding_table)[0]
           ~~~~~~~~~~~~~~~~~~~~~^^^^^^^^^^^^^^^^^^^^^^^^^^^^^^^^^^
UnicodeEncodeError: 'charmap' codec can't encode character '\u2713' in position 3: character maps to <undefined>
Call stack:
  File "C:\scripts\1repo\run_mvp.py", line 680, in <module>
    main()
  File "C:\scripts\1repo\run_mvp.py", line 652, in main
    results = orchestrator.run_single(
  File "C:\scripts\1repo\run_mvp.py", line 226, in run_single
    stage_result = self._run_stage(stage, current_input)
  File "C:\scripts\1repo\run_mvp.py", line 409, in _run_stage
    return processor.process_pdf(input_path, output_dir)
  File "C:\scripts\1repo\am_structural_robust.py", line 569, in process_pdf
    self.quality_tracker.track('structural', pdf_path.name, metrics)
  File "C:\scripts\1repo\quality_tracker.py", line 171, in track
    logger.info(f"\u2713 Quality thresholds passed for {stage}")
Message: '\u2713 Quality thresholds passed for structural'
Arguments: ()
2025-11-01 01:30:46,578 - quality_tracker - INFO - Completed: track_quality (0.00s)
2025-11-01 01:30:46,578 - am_structural_robust - INFO - [OK] Saved: norton_kaplan_balanced_scorecard.dataset.jsonl
2025-11-01 01:30:46,579 - validate - INFO - Validating structural: norton_kaplan_balanced_scorecard.dataset.jsonl
2025-11-01 01:30:46,579 - am_common - INFO - Loading dataset: C:\scripts\1repo\data\datasets\structural\norton_kaplan_balanced_scorecard.dataset.jsonl
2025-11-01 01:30:46,593 - am_common - INFO - Loaded: 214 cards from norton_kaplan_balanced_scorecard.dataset.jsonl
2025-11-01 01:30:46,594 - validate - INFO - [OK] VALID - norton_kaplan_balanced_scorecard.dataset.jsonl
2025-11-01 01:30:46,594 - __main__ - INFO - ============================================================
2025-11-01 01:30:46,594 - __main__ - INFO--- Logging error ---
Traceback (most recent call last):
  File "C:\Users\Dimon\AppData\Local\Programs\Python\Python313\Lib\logging\__init__.py", line 1154, in emit
    stream.write(msg + self.terminator)
    ~~~~~~~~~~~~^^^^^^^^^^^^^^^^^^^^^^^
  File "C:\Users\Dimon\AppData\Local\Programs\Python\Python313\Lib\site-packages\colorama\ansitowin32.py", line 47, in write
    self.__convertor.write(text)
    ~~~~~~~~~~~~~~~~~~~~~~^^^^^^
  File "C:\Users\Dimon\AppData\Local\Programs\Python\Python313\Lib\site-packages\colorama\ansitowin32.py", line 177, in write
    self.write_and_convert(text)
    ~~~~~~~~~~~~~~~~~~~~~~^^^^^^
  File "C:\Users\Dimon\AppData\Local\Programs\Python\Python313\Lib\site-packages\colorama\ansitowin32.py", line 205, in write_and_convert
    self.write_plain_text(text, cursor, len(text))
    ~~~~~~~~~~~~~~~~~~~~~^^^^^^^^^^^^^^^^^^^^^^^^^
  File "C:\Users\Dimon\AppData\Local\Programs\Python\Python313\Lib\site-packages\colorama\ansitowin32.py", line 210, in write_plain_text
    self.wrapped.write(text[start:end])
    ~~~~~~~~~~~~~~~~~~^^^^^^^^^^^^^^^^^
  File "C:\Users\Dimon\AppData\Local\Programs\Python\Python313\Lib\encodings\cp1251.py", line 19, in encode
    return codecs.charmap_encode(input,self.errors,encoding_table)[0]
           ~~~~~~~~~~~~~~~~~~~~~^^^^^^^^^^^^^^^^^^^^^^^^^^^^^^^^^^
UnicodeEncodeError: 'charmap' codec can't encode character '\U0001f4c4' in position 5: character maps to <undefined>
Call stack:
  File "C:\scripts\1repo\run_mvp.py", line 680, in <module>
    main()
  File "C:\scripts\1repo\run_mvp.py", line 652, in main
    results = orchestrator.run_single(
  File "C:\scripts\1repo\run_mvp.py", line 253, in run_single
    log_stage(logger, stage, "Completed")
  File "C:\scripts\1repo\am_logging.py", line 613, in log_stage
    log_section(logger, f"{emoji} {action}: {stage.upper()}", "INFO")
  File "C:\scripts\1repo\am_logging.py", line 588, in log_section
    log_func(f"  {title}")
Message: '  \U0001f4c4 Completed: STRUCTURAL'
Arguments: ()
2025-11-01 01:30:46,595 - __main__ - INFO - ============================================================
2025-11-01 01:30:46,595 - __main__ - INFO - ============================================================
2025-11-01 01:30:46,595 - __main__ - INFO--- Logging error ---
Traceback (most recent call last):
  File "C:\Users\Dimon\AppData\Local\Programs\Python\Python313\Lib\logging\__init__.py", line 1154, in emit
    stream.write(msg + self.terminator)
    ~~~~~~~~~~~~^^^^^^^^^^^^^^^^^^^^^^^
  File "C:\Users\Dimon\AppData\Local\Programs\Python\Python313\Lib\site-packages\colorama\ansitowin32.py", line 47, in write
    self.__convertor.write(text)
    ~~~~~~~~~~~~~~~~~~~~~~^^^^^^
  File "C:\Users\Dimon\AppData\Local\Programs\Python\Python313\Lib\site-packages\colorama\ansitowin32.py", line 177, in write
    self.write_and_convert(text)
    ~~~~~~~~~~~~~~~~~~~~~~^^^^^^
  File "C:\Users\Dimon\AppData\Local\Programs\Python\Python313\Lib\site-packages\colorama\ansitowin32.py", line 205, in write_and_convert
    self.write_plain_text(text, cursor, len(text))
    ~~~~~~~~~~~~~~~~~~~~~^^^^^^^^^^^^^^^^^^^^^^^^^
  File "C:\Users\Dimon\AppData\Local\Programs\Python\Python313\Lib\site-packages\colorama\ansitowin32.py", line 210, in write_plain_text
    self.wrapped.write(text[start:end])
    ~~~~~~~~~~~~~~~~~~^^^^^^^^^^^^^^^^^
  File "C:\Users\Dimon\AppData\Local\Programs\Python\Python313\Lib\encodings\cp1251.py", line 19, in encode
    return codecs.charmap_encode(input,self.errors,encoding_table)[0]
           ~~~~~~~~~~~~~~~~~~~~~^^^^^^^^^^^^^^^^^^^^^^^^^^^^^^^^^^
UnicodeEncodeError: 'charmap' codec can't encode character '\U0001f4d6' in position 5: character maps to <undefined>
Call stack:
  File "C:\scripts\1repo\run_mvp.py", line 680, in <module>
    main()
  File "C:\scripts\1repo\run_mvp.py", line 652, in main
    results = orchestrator.run_single(
  File "C:\scripts\1repo\run_mvp.py", line 222, in run_single
    log_stage(logger, stage, "Starting")
  File "C:\scripts\1repo\am_logging.py", line 613, in log_stage
    log_section(logger, f"{emoji} {action}: {stage.upper()}", "INFO")
  File "C:\scripts\1repo\am_logging.py", line 588, in log_section
    log_func(f"  {title}")
Message: '  \U0001f4d6 Starting: STRUCTURE_DETECT'
Arguments: ()
2025-11-01 01:30:46,595 - __main__ - INFO - ============================================================
2025-11-01 01:30:46,595 - am_common - INFO - Loading config: config\batch_full.yaml
2025-11-01 01:30:46,610 - am_common - INFO - Config loaded successfully
2025-11-01 01:30:46,611 - am_structure_detect - INFO - Processing: norton_kaplan_balanced_scorecard.dataset.jsonl
2025-11-01 01:30:46,611 - am_common - INFO - Loading dataset: C:\scripts\1repo\data\datasets\structural\norton_kaplan_balanced_scorecard.dataset.jsonl
2025-11-01 01:30:46,618 - am_common - INFO - Loaded: 214 cards from norton_kaplan_balanced_scorecard.dataset.jsonl
2025-11-01 01:30:46,619 - am_structure_detect - INFO - TOC found: pages 2-6
2025-11-01 01:30:46,620 - am_structure_detect - INFO - Detected 12 chapters
2025-11-01 01:30:46,621 - am_structure_detect - INFO - Detected 0 sections
2025-11-01 01:30:46,621 - am_common - INFO - Saving dataset: C:\scripts\1repo\data\datasets\structured\norton_kaplan_balanced_scorecard.dataset.jsonl (214 cards)
2025-11-01 01:30:46,628 - am_common - INFO - Saved: 214 cards to norton_kaplan_balanced_scorecard.dataset.jsonl (1.17 MB)
2025-11-01 01:30:46,628 - quality_tracker - INFO - Starting: track_quality
2025-11-01 01:30:46,629 - quality_tracker - INFO - structure_detect metrics:
2025-11-01 01:30:46,629 - quality_tracker - INFO -   total_pages: 214
2025-11-01 01:30:46,629 - quality_tracker - INFO -   chapters_detected: 12
2025-11-01 01:30:46,629 - quality_tracker - INFO -   sections_detected: 0
2025-11-01 01:30:46,629 - quality_tracker - INFO -   pages_with_structure: 202
2025-11-01 01:30:46,629 - quality_tracker - INFO -   structure_coverage: 0.9439
2025-11-01 01:30:46,629 - quality_tracker - INFO -   avg_chapter_length: 17.8333
2025-11-01 01:30:46,629 - quality_tracker - INFO--- Logging error ---
Traceback (most recent call last):
  File "C:\Users\Dimon\AppData\Local\Programs\Python\Python313\Lib\logging\__init__.py", line 1154, in emit
    stream.write(msg + self.terminator)
    ~~~~~~~~~~~~^^^^^^^^^^^^^^^^^^^^^^^
  File "C:\Users\Dimon\AppData\Local\Programs\Python\Python313\Lib\site-packages\colorama\ansitowin32.py", line 47, in write
    self.__convertor.write(text)
    ~~~~~~~~~~~~~~~~~~~~~~^^^^^^
  File "C:\Users\Dimon\AppData\Local\Programs\Python\Python313\Lib\site-packages\colorama\ansitowin32.py", line 177, in write
    self.write_and_convert(text)
    ~~~~~~~~~~~~~~~~~~~~~~^^^^^^
  File "C:\Users\Dimon\AppData\Local\Programs\Python\Python313\Lib\site-packages\colorama\ansitowin32.py", line 205, in write_and_convert
    self.write_plain_text(text, cursor, len(text))
    ~~~~~~~~~~~~~~~~~~~~~^^^^^^^^^^^^^^^^^^^^^^^^^
  File "C:\Users\Dimon\AppData\Local\Programs\Python\Python313\Lib\site-packages\colorama\ansitowin32.py", line 210, in write_plain_text
    self.wrapped.write(text[start:end])
    ~~~~~~~~~~~~~~~~~~^^^^^^^^^^^^^^^^^
  File "C:\Users\Dimon\AppData\Local\Programs\Python\Python313\Lib\encodings\cp1251.py", line 19, in encode
    return codecs.charmap_encode(input,self.errors,encoding_table)[0]
           ~~~~~~~~~~~~~~~~~~~~~^^^^^^^^^^^^^^^^^^^^^^^^^^^^^^^^^^
UnicodeEncodeError: 'charmap' codec can't encode character '\u2713' in position 3: character maps to <undefined>
Call stack:
  File "C:\scripts\1repo\run_mvp.py", line 680, in <module>
    main()
  File "C:\scripts\1repo\run_mvp.py", line 652, in main
    results = orchestrator.run_single(
  File "C:\scripts\1repo\run_mvp.py", line 226, in run_single
    stage_result = self._run_stage(stage, current_input)
  File "C:\scripts\1repo\run_mvp.py", line 419, in _run_stage
    return processor.process_dataset(input_path, output_dir)
  File "C:\scripts\1repo\am_structure_detect.py", line 309, in process_dataset
    self.quality_tracker.track('structure_detect', input_path.name, metrics)
  File "C:\scripts\1repo\quality_tracker.py", line 171, in track
    logger.info(f"\u2713 Quality thresholds passed for {stage}")
Message: '\u2713 Quality thresholds passed for structure_detect'
Arguments: ()
2025-11-01 01:30:46,630 - quality_tracker - INFO - Completed: track_quality (0.00s)
2025-11-01 01:30:46,630 - am_structure_detect - INFO - Saved: norton_kaplan_balanced_scorecard.dataset.jsonl
2025-11-01 01:30:46,630 - __main__ - ERROR - Validation failed: Unknown stage: structure_detect
2025-11-01 01:30:46,630 - __main__ - WARNING - Validation issues: 1 errors
2025-11-01 01:30:46,630 - __main__ - INFO - ============================================================
2025-11-01 01:30:46,630 - __main__ - INFO--- Logging error ---
Traceback (most recent call last):
  File "C:\Users\Dimon\AppData\Local\Programs\Python\Python313\Lib\logging\__init__.py", line 1154, in emit
    stream.write(msg + self.terminator)
    ~~~~~~~~~~~~^^^^^^^^^^^^^^^^^^^^^^^
  File "C:\Users\Dimon\AppData\Local\Programs\Python\Python313\Lib\site-packages\colorama\ansitowin32.py", line 47, in write
    self.__convertor.write(text)
    ~~~~~~~~~~~~~~~~~~~~~~^^^^^^
  File "C:\Users\Dimon\AppData\Local\Programs\Python\Python313\Lib\site-packages\colorama\ansitowin32.py", line 177, in write
    self.write_and_convert(text)
    ~~~~~~~~~~~~~~~~~~~~~~^^^^^^
  File "C:\Users\Dimon\AppData\Local\Programs\Python\Python313\Lib\site-packages\colorama\ansitowin32.py", line 205, in write_and_convert
    self.write_plain_text(text, cursor, len(text))
    ~~~~~~~~~~~~~~~~~~~~~^^^^^^^^^^^^^^^^^^^^^^^^^
  File "C:\Users\Dimon\AppData\Local\Programs\Python\Python313\Lib\site-packages\colorama\ansitowin32.py", line 210, in write_plain_text
    self.wrapped.write(text[start:end])
    ~~~~~~~~~~~~~~~~~~^^^^^^^^^^^^^^^^^
  File "C:\Users\Dimon\AppData\Local\Programs\Python\Python313\Lib\encodings\cp1251.py", line 19, in encode
    return codecs.charmap_encode(input,self.errors,encoding_table)[0]
           ~~~~~~~~~~~~~~~~~~~~~^^^^^^^^^^^^^^^^^^^^^^^^^^^^^^^^^^
UnicodeEncodeError: 'charmap' codec can't encode character '\U0001f4d6' in position 5: character maps to <undefined>
Call stack:
  File "C:\scripts\1repo\run_mvp.py", line 680, in <module>
    main()
  File "C:\scripts\1repo\run_mvp.py", line 652, in main
    results = orchestrator.run_single(
  File "C:\scripts\1repo\run_mvp.py", line 253, in run_single
    log_stage(logger, stage, "Completed")
  File "C:\scripts\1repo\am_logging.py", line 613, in log_stage
    log_section(logger, f"{emoji} {action}: {stage.upper()}", "INFO")
  File "C:\scripts\1repo\am_logging.py", line 588, in log_section
    log_func(f"  {title}")
Message: '  \U0001f4d6 Completed: STRUCTURE_DETECT'
Arguments: ()
2025-11-01 01:30:46,631 - __main__ - INFO - ============================================================
2025-11-01 01:30:46,631 - __main__ - INFO - ============================================================
2025-11-01 01:30:46,631 - __main__ - INFO--- Logging error ---
Traceback (most recent call last):
  File "C:\Users\Dimon\AppData\Local\Programs\Python\Python313\Lib\logging\__init__.py", line 1154, in emit
    stream.write(msg + self.terminator)
    ~~~~~~~~~~~~^^^^^^^^^^^^^^^^^^^^^^^
  File "C:\Users\Dimon\AppData\Local\Programs\Python\Python313\Lib\site-packages\colorama\ansitowin32.py", line 47, in write
    self.__convertor.write(text)
    ~~~~~~~~~~~~~~~~~~~~~~^^^^^^
  File "C:\Users\Dimon\AppData\Local\Programs\Python\Python313\Lib\site-packages\colorama\ansitowin32.py", line 177, in write
    self.write_and_convert(text)
    ~~~~~~~~~~~~~~~~~~~~~~^^^^^^
  File "C:\Users\Dimon\AppData\Local\Programs\Python\Python313\Lib\site-packages\colorama\ansitowin32.py", line 205, in write_and_convert
    self.write_plain_text(text, cursor, len(text))
    ~~~~~~~~~~~~~~~~~~~~~^^^^^^^^^^^^^^^^^^^^^^^^^
  File "C:\Users\Dimon\AppData\Local\Programs\Python\Python313\Lib\site-packages\colorama\ansitowin32.py", line 210, in write_plain_text
    self.wrapped.write(text[start:end])
    ~~~~~~~~~~~~~~~~~~^^^^^^^^^^^^^^^^^
  File "C:\Users\Dimon\AppData\Local\Programs\Python\Python313\Lib\encodings\cp1251.py", line 19, in encode
    return codecs.charmap_encode(input,self.errors,encoding_table)[0]
           ~~~~~~~~~~~~~~~~~~~~~^^^^^^^^^^^^^^^^^^^^^^^^^^^^^^^^^^
UnicodeEncodeError: 'charmap' codec can't encode character '\U0001f4dd' in position 5: character maps to <undefined>
Call stack:
  File "C:\scripts\1repo\run_mvp.py", line 680, in <module>
    main()
  File "C:\scripts\1repo\run_mvp.py", line 652, in main
    results = orchestrator.run_single(
  File "C:\scripts\1repo\run_mvp.py", line 222, in run_single
    log_stage(logger, stage, "Starting")
  File "C:\scripts\1repo\am_logging.py", line 613, in log_stage
    log_section(logger, f"{emoji} {action}: {stage.upper()}", "INFO")
  File "C:\scripts\1repo\am_logging.py", line 588, in log_section
    log_func(f"  {title}")
Message: '  \U0001f4dd Starting: SUMMARIZE'
Arguments: ()
2025-11-01 01:30:46,632 - __main__ - INFO - ============================================================
2025-11-01 01:30:46,632 - am_common - INFO - Loading config: config\batch_full.yaml
2025-11-01 01:30:46,646 - am_common - INFO - Config loaded successfully
2025-11-01 01:30:46,646 - am_summarize - INFO - Processing: norton_kaplan_balanced_scorecard.dataset.jsonl
2025-11-01 01:30:46,646 - am_common - INFO - Loading dataset: C:\scripts\1repo\data\datasets\structured\norton_kaplan_balanced_scorecard.dataset.jsonl
2025-11-01 01:30:46,660 - am_common - INFO - Loaded: 214 cards from norton_kaplan_balanced_scorecard.dataset.jsonl
2025-11-01 01:30:46,772 - am_summarize - INFO - Summarized 211 pages, skipped 3
2025-11-01 01:30:46,772 - am_common - INFO - Saving dataset: C:\scripts\1repo\data\datasets\summarized\norton_kaplan_balanced_scorecard.dataset.jsonl (214 cards)
2025-11-01 01:30:46,781 - am_common - INFO - Saved: 214 cards to norton_kaplan_balanced_scorecard.dataset.jsonl (1.41 MB)
2025-11-01 01:30:46,781 - quality_tracker - INFO - Starting: track_quality
2025-11-01 01:30:46,782 - quality_tracker - INFO - summarize metrics:
2025-11-01 01:30:46,782 - quality_tracker - INFO -   total_pages: 214
2025-11-01 01:30:46,782 - quality_tracker - INFO -   summarized_pages: 211
2025-11-01 01:30:46,782 - quality_tracker - INFO -   skipped_pages: 3
2025-11-01 01:30:46,782 - quality_tracker - INFO -   summary_coverage: 0.9860
2025-11-01 01:30:46,782 - quality_tracker - INFO -   avg_l1_length: 224.3024
2025-11-01 01:30:46,782 - quality_tracker - INFO -   avg_l2_length: 461.4927
2025-11-01 01:30:46,782 - quality_tracker - INFO -   avg_compression_ratio: 16.3500
2025-11-01 01:30:46,782 - quality_tracker - INFO--- Logging error ---
Traceback (most recent call last):
  File "C:\Users\Dimon\AppData\Local\Programs\Python\Python313\Lib\logging\__init__.py", line 1154, in emit
    stream.write(msg + self.terminator)
    ~~~~~~~~~~~~^^^^^^^^^^^^^^^^^^^^^^^
  File "C:\Users\Dimon\AppData\Local\Programs\Python\Python313\Lib\site-packages\colorama\ansitowin32.py", line 47, in write
    self.__convertor.write(text)
    ~~~~~~~~~~~~~~~~~~~~~~^^^^^^
  File "C:\Users\Dimon\AppData\Local\Programs\Python\Python313\Lib\site-packages\colorama\ansitowin32.py", line 177, in write
    self.write_and_convert(text)
    ~~~~~~~~~~~~~~~~~~~~~~^^^^^^
  File "C:\Users\Dimon\AppData\Local\Programs\Python\Python313\Lib\site-packages\colorama\ansitowin32.py", line 205, in write_and_convert
    self.write_plain_text(text, cursor, len(text))
    ~~~~~~~~~~~~~~~~~~~~~^^^^^^^^^^^^^^^^^^^^^^^^^
  File "C:\Users\Dimon\AppData\Local\Programs\Python\Python313\Lib\site-packages\colorama\ansitowin32.py", line 210, in write_plain_text
    self.wrapped.write(text[start:end])
    ~~~~~~~~~~~~~~~~~~^^^^^^^^^^^^^^^^^
  File "C:\Users\Dimon\AppData\Local\Programs\Python\Python313\Lib\encodings\cp1251.py", line 19, in encode
    return codecs.charmap_encode(input,self.errors,encoding_table)[0]
           ~~~~~~~~~~~~~~~~~~~~~^^^^^^^^^^^^^^^^^^^^^^^^^^^^^^^^^^
UnicodeEncodeError: 'charmap' codec can't encode character '\u2713' in position 3: character maps to <undefined>
Call stack:
  File "C:\scripts\1repo\run_mvp.py", line 680, in <module>
    main()
  File "C:\scripts\1repo\run_mvp.py", line 652, in main
    results = orchestrator.run_single(
  File "C:\scripts\1repo\run_mvp.py", line 226, in run_single
    stage_result = self._run_stage(stage, current_input)
  File "C:\scripts\1repo\run_mvp.py", line 419, in _run_stage
    return processor.process_dataset(input_path, output_dir)
  File "C:\scripts\1repo\am_summarize.py", line 281, in process_dataset
    self.quality_tracker.track('summarize', input_path.name, metrics)
  File "C:\scripts\1repo\quality_tracker.py", line 171, in track
    logger.info(f"\u2713 Quality thresholds passed for {stage}")
Message: '\u2713 Quality thresholds passed for summarize'
Arguments: ()
2025-11-01 01:30:46,783 - quality_tracker - INFO - Completed: track_quality (0.00s)
2025-11-01 01:30:46,783 - am_summarize - INFO - Saved: norton_kaplan_balanced_scorecard.dataset.jsonl
2025-11-01 01:30:46,783 - __main__ - ERROR - Validation failed: Unknown stage: summarize
2025-11-01 01:30:46,783 - __main__ - WARNING - Validation issues: 1 errors
2025-11-01 01:30:46,783 - __main__ - INFO - ============================================================
2025-11-01 01:30:46,783 - __main__ - INFO--- Logging error ---
Traceback (most recent call last):
  File "C:\Users\Dimon\AppData\Local\Programs\Python\Python313\Lib\logging\__init__.py", line 1154, in emit
    stream.write(msg + self.terminator)
    ~~~~~~~~~~~~^^^^^^^^^^^^^^^^^^^^^^^
  File "C:\Users\Dimon\AppData\Local\Programs\Python\Python313\Lib\site-packages\colorama\ansitowin32.py", line 47, in write
    self.__convertor.write(text)
    ~~~~~~~~~~~~~~~~~~~~~~^^^^^^
  File "C:\Users\Dimon\AppData\Local\Programs\Python\Python313\Lib\site-packages\colorama\ansitowin32.py", line 177, in write
    self.write_and_convert(text)
    ~~~~~~~~~~~~~~~~~~~~~~^^^^^^
  File "C:\Users\Dimon\AppData\Local\Programs\Python\Python313\Lib\site-packages\colorama\ansitowin32.py", line 205, in write_and_convert
    self.write_plain_text(text, cursor, len(text))
    ~~~~~~~~~~~~~~~~~~~~~^^^^^^^^^^^^^^^^^^^^^^^^^
  File "C:\Users\Dimon\AppData\Local\Programs\Python\Python313\Lib\site-packages\colorama\ansitowin32.py", line 210, in write_plain_text
    self.wrapped.write(text[start:end])
    ~~~~~~~~~~~~~~~~~~^^^^^^^^^^^^^^^^^
  File "C:\Users\Dimon\AppData\Local\Programs\Python\Python313\Lib\encodings\cp1251.py", line 19, in encode
    return codecs.charmap_encode(input,self.errors,encoding_table)[0]
           ~~~~~~~~~~~~~~~~~~~~~^^^^^^^^^^^^^^^^^^^^^^^^^^^^^^^^^^
UnicodeEncodeError: 'charmap' codec can't encode character '\U0001f4dd' in position 5: character maps to <undefined>
Call stack:
  File "C:\scripts\1repo\run_mvp.py", line 680, in <module>
    main()
  File "C:\scripts\1repo\run_mvp.py", line 652, in main
    results = orchestrator.run_single(
  File "C:\scripts\1repo\run_mvp.py", line 253, in run_single
    log_stage(logger, stage, "Completed")
  File "C:\scripts\1repo\am_logging.py", line 613, in log_stage
    log_section(logger, f"{emoji} {action}: {stage.upper()}", "INFO")
  File "C:\scripts\1repo\am_logging.py", line 588, in log_section
    log_func(f"  {title}")
Message: '  \U0001f4dd Completed: SUMMARIZE'
Arguments: ()
2025-11-01 01:30:46,784 - __main__ - INFO - ============================================================
2025-11-01 01:30:46,784 - __main__ - INFO - ============================================================
2025-11-01 01:30:46,784 - __main__ - INFO--- Logging error ---
Traceback (most recent call last):
  File "C:\Users\Dimon\AppData\Local\Programs\Python\Python313\Lib\logging\__init__.py", line 1154, in emit
    stream.write(msg + self.terminator)
    ~~~~~~~~~~~~^^^^^^^^^^^^^^^^^^^^^^^
  File "C:\Users\Dimon\AppData\Local\Programs\Python\Python313\Lib\site-packages\colorama\ansitowin32.py", line 47, in write
    self.__convertor.write(text)
    ~~~~~~~~~~~~~~~~~~~~~~^^^^^^
  File "C:\Users\Dimon\AppData\Local\Programs\Python\Python313\Lib\site-packages\colorama\ansitowin32.py", line 177, in write
    self.write_and_convert(text)
    ~~~~~~~~~~~~~~~~~~~~~~^^^^^^
  File "C:\Users\Dimon\AppData\Local\Programs\Python\Python313\Lib\site-packages\colorama\ansitowin32.py", line 205, in write_and_convert
    self.write_plain_text(text, cursor, len(text))
    ~~~~~~~~~~~~~~~~~~~~~^^^^^^^^^^^^^^^^^^^^^^^^^
  File "C:\Users\Dimon\AppData\Local\Programs\Python\Python313\Lib\site-packages\colorama\ansitowin32.py", line 210, in write_plain_text
    self.wrapped.write(text[start:end])
    ~~~~~~~~~~~~~~~~~~^^^^^^^^^^^^^^^^^
  File "C:\Users\Dimon\AppData\Local\Programs\Python\Python313\Lib\encodings\cp1251.py", line 19, in encode
    return codecs.charmap_encode(input,self.errors,encoding_table)[0]
           ~~~~~~~~~~~~~~~~~~~~~^^^^^^^^^^^^^^^^^^^^^^^^^^^^^^^^^^
UnicodeEncodeError: 'charmap' codec can't encode character '\U0001f916' in position 5: character maps to <undefined>
Call stack:
  File "C:\scripts\1repo\run_mvp.py", line 680, in <module>
    main()
  File "C:\scripts\1repo\run_mvp.py", line 652, in main
    results = orchestrator.run_single(
  File "C:\scripts\1repo\run_mvp.py", line 222, in run_single
    log_stage(logger, stage, "Starting")
  File "C:\scripts\1repo\am_logging.py", line 613, in log_stage
    log_section(logger, f"{emoji} {action}: {stage.upper()}", "INFO")
  File "C:\scripts\1repo\am_logging.py", line 588, in log_section
    log_func(f"  {title}")
Message: '  \U0001f916 Starting: EXTENDED'
Arguments: ()
2025-11-01 01:30:46,785 - __main__ - INFO - ============================================================
2025-11-01 01:30:46,785 - am_common - INFO - Loading config: config\batch_full.yaml
2025-11-01 01:30:46,799 - am_common - INFO - Config loaded successfully
2025-11-01 01:30:46,826 - am_extended - INFO - Ollama available, using model: llama3.2:3b
2025-11-01 01:30:46,826 - am_extended - INFO - Processing: norton_kaplan_balanced_scorecard.dataset.jsonl
2025-11-01 01:30:46,826 - am_common - INFO - Loading dataset: C:\scripts\1repo\data\datasets\summarized\norton_kaplan_balanced_scorecard.dataset.jsonl
2025-11-01 01:30:46,842 - am_common - INFO - Loaded: 214 cards from norton_kaplan_balanced_scorecard.dataset.jsonl
2025-11-01 01:30:46,851 - am_extended - INFO - Marked 0 duplicate pages
2025-11-01 01:30:46,865 - am_extended - INFO - Found 177 continuity gaps
2025-11-01 01:30:46,865 - am_extended - INFO - Extracting extended fields (this may take a while)...
2025-11-01 01:30:46,902 - am_extended - ERROR - Ollama API error: 404
2025-11-01 01:30:46,933 - am_extended - ERROR - Ollama API error: 404
2025-11-01 01:30:46,964 - am_extended - ERROR - Ollama API error: 404
2025-11-01 01:30:46,995 - am_extended - ERROR - Ollama API error: 404
2025-11-01 01:30:47,026 - am_extended - ERROR - Ollama API error: 404
2025-11-01 01:30:47,058 - am_extended - ERROR - Ollama API error: 404
2025-11-01 01:30:47,089 - am_extended - ERROR - Ollama API error: 404
2025-11-01 01:30:47,104 - am_extended - ERROR - Ollama API error: 404
2025-11-01 01:30:47,135 - am_extended - ERROR - Ollama API error: 404
2025-11-01 01:30:47,166 - am_extended - ERROR - Ollama API error: 404
2025-11-01 01:30:47,166 - am_extended - INFO -   Processed 10/214 pages
2025-11-01 01:30:47,196 - am_extended - ERROR - Ollama API error: 404
2025-11-01 01:30:47,227 - am_extended - ERROR - Ollama API error: 404
2025-11-01 01:30:47,258 - am_extended - ERROR - Ollama API error: 404
2025-11-01 01:30:47,288 - am_extended - ERROR - Ollama API error: 404
2025-11-01 01:30:47,319 - am_extended - ERROR - Ollama API error: 404
2025-11-01 01:30:47,351 - am_extended - ERROR - Ollama API error: 404
2025-11-01 01:30:47,381 - am_extended - ERROR - Ollama API error: 404
2025-11-01 01:30:47,412 - am_extended - ERROR - Ollama API error: 404
2025-11-01 01:30:47,443 - am_extended - ERROR - Ollama API error: 404
2025-11-01 01:30:47,473 - am_extended - ERROR - Ollama API error: 404
2025-11-01 01:30:47,474 - am_extended - INFO -   Processed 20/214 pages
2025-11-01 01:30:47,489 - am_extended - ERROR - Ollama API error: 404
2025-11-01 01:30:47,511 - am_extended - ERROR - Ollama API error: 404
2025-11-01 01:30:47,550 - am_extended - ERROR - Ollama API error: 404
2025-11-01 01:30:47,582 - am_extended - ERROR - Ollama API error: 404
2025-11-01 01:30:47,613 - am_extended - ERROR - Ollama API error: 404
2025-11-01 01:30:47,644 - am_extended - ERROR - Ollama API error: 404
2025-11-01 01:30:47,676 - am_extended - ERROR - Ollama API error: 404
2025-11-01 01:30:47,707 - am_extended - ERROR - Ollama API error: 404
2025-11-01 01:30:47,738 - am_extended - ERROR - Ollama API error: 404
2025-11-01 01:30:47,769 - am_extended - ERROR - Ollama API error: 404
2025-11-01 01:30:47,769 - am_extended - INFO -   Processed 30/214 pages
2025-11-01 01:30:47,801 - am_extended - ERROR - Ollama API error: 404
2025-11-01 01:30:47,833 - am_extended - ERROR - Ollama API error: 404
2025-11-01 01:30:47,864 - am_extended - ERROR - Ollama API error: 404
2025-11-01 01:30:47,880 - am_extended - ERROR - Ollama API error: 404
2025-11-01 01:30:47,910 - am_extended - ERROR - Ollama API error: 404
2025-11-01 01:30:47,926 - am_extended - ERROR - Ollama API error: 404
2025-11-01 01:30:47,956 - am_extended - ERROR - Ollama API error: 404
2025-11-01 01:30:47,987 - am_extended - ERROR - Ollama API error: 404
2025-11-01 01:30:48,003 - am_extended - ERROR - Ollama API error: 404
2025-11-01 01:30:48,033 - am_extended - ERROR - Ollama API error: 404
2025-11-01 01:30:48,033 - am_extended - INFO -   Processed 40/214 pages
2025-11-01 01:30:48,069 - am_extended - ERROR - Ollama API error: 404
2025-11-01 01:30:48,110 - am_extended - ERROR - Ollama API error: 404
2025-11-01 01:30:48,140 - am_extended - ERROR - Ollama API error: 404
2025-11-01 01:30:48,171 - am_extended - ERROR - Ollama API error: 404
2025-11-01 01:30:48,202 - am_extended - ERROR - Ollama API error: 404
2025-11-01 01:30:48,218 - am_extended - ERROR - Ollama API error: 404
2025-11-01 01:30:48,249 - am_extended - ERROR - Ollama API error: 404
2025-11-01 01:30:48,280 - am_extended - ERROR - Ollama API error: 404
2025-11-01 01:30:48,312 - am_extended - ERROR - Ollama API error: 404
2025-11-01 01:30:48,342 - am_extended - ERROR - Ollama API error: 404
2025-11-01 01:30:48,343 - am_extended - INFO -   Processed 50/214 pages
2025-11-01 01:30:48,373 - am_extended - ERROR - Ollama API error: 404
2025-11-01 01:30:48,404 - am_extended - ERROR - Ollama API error: 404
2025-11-01 01:30:48,420 - am_extended - ERROR - Ollama API error: 404
2025-11-01 01:30:48,450 - am_extended - ERROR - Ollama API error: 404
2025-11-01 01:30:48,481 - am_extended - ERROR - Ollama API error: 404
2025-11-01 01:30:48,512 - am_extended - ERROR - Ollama API error: 404
2025-11-01 01:30:48,542 - am_extended - ERROR - Ollama API error: 404
2025-11-01 01:30:48,573 - am_extended - ERROR - Ollama API error: 404
2025-11-01 01:30:48,605 - am_extended - ERROR - Ollama API error: 404
2025-11-01 01:30:48,636 - am_extended - ERROR - Ollama API error: 404
2025-11-01 01:30:48,636 - am_extended - INFO -   Processed 60/214 pages
2025-11-01 01:30:48,667 - am_extended - ERROR - Ollama API error: 404
2025-11-01 01:30:48,682 - am_extended - ERROR - Ollama API error: 404
2025-11-01 01:30:48,713 - am_extended - ERROR - Ollama API error: 404
2025-11-01 01:30:48,729 - am_extended - ERROR - Ollama API error: 404
2025-11-01 01:30:48,744 - am_extended - ERROR - Ollama API error: 404
2025-11-01 01:30:48,776 - am_extended - ERROR - Ollama API error: 404
2025-11-01 01:30:48,791 - am_extended - ERROR - Ollama API error: 404
2025-11-01 01:30:48,822 - am_extended - ERROR - Ollama API error: 404
2025-11-01 01:30:48,838 - am_extended - ERROR - Ollama API error: 404
2025-11-01 01:30:48,869 - am_extended - ERROR - Ollama API error: 404
2025-11-01 01:30:48,869 - am_extended - INFO -   Processed 70/214 pages
2025-11-01 01:30:48,899 - am_extended - ERROR - Ollama API error: 404
2025-11-01 01:30:48,931 - am_extended - ERROR - Ollama API error: 404
2025-11-01 01:30:48,961 - am_extended - ERROR - Ollama API error: 404
2025-11-01 01:30:48,992 - am_extended - ERROR - Ollama API error: 404
2025-11-01 01:30:49,023 - am_extended - ERROR - Ollama API error: 404
2025-11-01 01:30:49,055 - am_extended - ERROR - Ollama API error: 404
2025-11-01 01:30:49,085 - am_extended - ERROR - Ollama API error: 404
2025-11-01 01:30:49,117 - am_extended - ERROR - Ollama API error: 404
2025-11-01 01:30:49,147 - am_extended - ERROR - Ollama API error: 404
2025-11-01 01:30:49,178 - am_extended - ERROR - Ollama API error: 404
2025-11-01 01:30:49,178 - am_extended - INFO -   Processed 80/214 pages
2025-11-01 01:30:49,210 - am_extended - ERROR - Ollama API error: 404
2025-11-01 01:30:49,225 - am_extended - ERROR - Ollama API error: 404
2025-11-01 01:30:49,256 - am_extended - ERROR - Ollama API error: 404
2025-11-01 01:30:49,287 - am_extended - ERROR - Ollama API error: 404
2025-11-01 01:30:49,317 - am_extended - ERROR - Ollama API error: 404
2025-11-01 01:30:49,348 - am_extended - ERROR - Ollama API error: 404
2025-11-01 01:30:49,379 - am_extended - ERROR - Ollama API error: 404
2025-11-01 01:30:49,409 - am_extended - ERROR - Ollama API error: 404
2025-11-01 01:30:49,440 - am_extended - ERROR - Ollama API error: 404
2025-11-01 01:30:49,471 - am_extended - ERROR - Ollama API error: 404
2025-11-01 01:30:49,471 - am_extended - INFO -   Processed 90/214 pages
2025-11-01 01:30:49,502 - am_extended - ERROR - Ollama API error: 404
2025-11-01 01:30:49,518 - am_extended - ERROR - Ollama API error: 404
2025-11-01 01:30:49,548 - am_extended - ERROR - Ollama API error: 404
2025-11-01 01:30:49,579 - am_extended - ERROR - Ollama API error: 404
2025-11-01 01:30:49,595 - am_extended - ERROR - Ollama API error: 404
2025-11-01 01:30:49,625 - am_extended - ERROR - Ollama API error: 404
2025-11-01 01:30:49,656 - am_extended - ERROR - Ollama API error: 404
2025-11-01 01:30:49,687 - am_extended - ERROR - Ollama API error: 404
2025-11-01 01:30:49,717 - am_extended - ERROR - Ollama API error: 404
2025-11-01 01:30:49,748 - am_extended - ERROR - Ollama API error: 404
2025-11-01 01:30:49,749 - am_extended - INFO -   Processed 100/214 pages
2025-11-01 01:30:49,779 - am_extended - ERROR - Ollama API error: 404
2025-11-01 01:30:49,810 - am_extended - ERROR - Ollama API error: 404
2025-11-01 01:30:49,826 - am_extended - ERROR - Ollama API error: 404
2025-11-01 01:30:49,856 - am_extended - ERROR - Ollama API error: 404
2025-11-01 01:30:49,887 - am_extended - ERROR - Ollama API error: 404
2025-11-01 01:30:49,918 - am_extended - ERROR - Ollama API error: 404
2025-11-01 01:30:49,949 - am_extended - ERROR - Ollama API error: 404
2025-11-01 01:30:49,964 - am_extended - ERROR - Ollama API error: 404
2025-11-01 01:30:49,981 - am_extended - ERROR - Ollama API error: 404
2025-11-01 01:30:50,011 - am_extended - ERROR - Ollama API error: 404
2025-11-01 01:30:50,012 - am_extended - INFO -   Processed 110/214 pages
2025-11-01 01:30:50,042 - am_extended - ERROR - Ollama API error: 404
2025-11-01 01:30:50,073 - am_extended - ERROR - Ollama API error: 404
2025-11-01 01:30:50,104 - am_extended - ERROR - Ollama API error: 404
2025-11-01 01:30:50,134 - am_extended - ERROR - Ollama API error: 404
2025-11-01 01:30:50,167 - am_extended - ERROR - Ollama API error: 404
2025-11-01 01:30:50,197 - am_extended - ERROR - Ollama API error: 404
2025-11-01 01:30:50,228 - am_extended - ERROR - Ollama API error: 404
2025-11-01 01:30:50,260 - am_extended - ERROR - Ollama API error: 404
2025-11-01 01:30:50,276 - am_extended - ERROR - Ollama API error: 404
2025-11-01 01:30:50,291 - am_extended - ERROR - Ollama API error: 404
2025-11-01 01:30:50,292 - am_extended - INFO -   Processed 120/214 pages
2025-11-01 01:30:50,307 - am_extended - ERROR - Ollama API error: 404
2025-11-01 01:30:50,322 - am_extended - ERROR - Ollama API error: 404
2025-11-01 01:30:50,354 - am_extended - ERROR - Ollama API error: 404
2025-11-01 01:30:50,385 - am_extended - ERROR - Ollama API error: 404
2025-11-01 01:30:50,416 - am_extended - ERROR - Ollama API error: 404
2025-11-01 01:30:50,447 - am_extended - ERROR - Ollama API error: 404
2025-11-01 01:30:50,463 - am_extended - ERROR - Ollama API error: 404
2025-11-01 01:30:50,493 - am_extended - ERROR - Ollama API error: 404
2025-11-01 01:30:50,524 - am_extended - ERROR - Ollama API error: 404
2025-11-01 01:30:50,539 - am_extended - ERROR - Ollama API error: 404
2025-11-01 01:30:50,539 - am_extended - INFO -   Processed 130/214 pages
2025-11-01 01:30:50,571 - am_extended - ERROR - Ollama API error: 404
2025-11-01 01:30:50,601 - am_extended - ERROR - Ollama API error: 404
2025-11-01 01:30:50,633 - am_extended - ERROR - Ollama API error: 404
2025-11-01 01:30:50,663 - am_extended - ERROR - Ollama API error: 404
2025-11-01 01:30:50,695 - am_extended - ERROR - Ollama API error: 404
2025-11-01 01:30:50,726 - am_extended - ERROR - Ollama API error: 404
2025-11-01 01:30:50,756 - am_extended - ERROR - Ollama API error: 404
2025-11-01 01:30:50,756 - am_extended - INFO -   Processed 140/214 pages
2025-11-01 01:30:50,787 - am_extended - ERROR - Ollama API error: 404
2025-11-01 01:30:50,818 - am_extended - ERROR - Ollama API error: 404
2025-11-01 01:30:50,849 - am_extended - ERROR - Ollama API error: 404
2025-11-01 01:30:50,881 - am_extended - ERROR - Ollama API error: 404
2025-11-01 01:30:50,912 - am_extended - ERROR - Ollama API error: 404
2025-11-01 01:30:50,943 - am_extended - ERROR - Ollama API error: 404
2025-11-01 01:30:50,973 - am_extended - ERROR - Ollama API error: 404
2025-11-01 01:30:51,004 - am_extended - ERROR - Ollama API error: 404
2025-11-01 01:30:51,035 - am_extended - ERROR - Ollama API error: 404
2025-11-01 01:30:51,050 - am_extended - ERROR - Ollama API error: 404
2025-11-01 01:30:51,050 - am_extended - INFO -   Processed 150/214 pages
2025-11-01 01:30:51,065 - am_extended - ERROR - Ollama API error: 404
2025-11-01 01:30:51,096 - am_extended - ERROR - Ollama API error: 404
2025-11-01 01:30:51,127 - am_extended - ERROR - Ollama API error: 404
2025-11-01 01:30:51,129 - am_extended - ERROR - Ollama API error: 404
2025-11-01 01:30:51,142 - am_extended - ERROR - Ollama API error: 404
2025-11-01 01:30:51,145 - am_extended - ERROR - Ollama API error: 404
2025-11-01 01:30:51,158 - am_extended - ERROR - Ollama API error: 404
2025-11-01 01:30:51,189 - am_extended - ERROR - Ollama API error: 404
2025-11-01 01:30:51,219 - am_extended - ERROR - Ollama API error: 404
2025-11-01 01:30:51,219 - am_extended - INFO -   Processed 160/214 pages
2025-11-01 01:30:51,235 - am_extended - ERROR - Ollama API error: 404
2025-11-01 01:30:51,266 - am_extended - ERROR - Ollama API error: 404
2025-11-01 01:30:51,282 - am_extended - ERROR - Ollama API error: 404
2025-11-01 01:30:51,313 - am_extended - ERROR - Ollama API error: 404
2025-11-01 01:30:51,329 - am_extended - ERROR - Ollama API error: 404
2025-11-01 01:30:51,359 - am_extended - ERROR - Ollama API error: 404
2025-11-01 01:30:51,390 - am_extended - ERROR - Ollama API error: 404
2025-11-01 01:30:51,421 - am_extended - ERROR - Ollama API error: 404
2025-11-01 01:30:51,452 - am_extended - ERROR - Ollama API error: 404
2025-11-01 01:30:51,482 - am_extended - ERROR - Ollama API error: 404
2025-11-01 01:30:51,513 - am_extended - ERROR - Ollama API error: 404
2025-11-01 01:30:51,544 - am_extended - ERROR - Ollama API error: 404
2025-11-01 01:30:51,575 - am_extended - ERROR - Ollama API error: 404
2025-11-01 01:30:51,606 - am_extended - ERROR - Ollama API error: 404
2025-11-01 01:30:51,637 - am_extended - ERROR - Ollama API error: 404
2025-11-01 01:30:51,637 - am_extended - INFO -   Processed 180/214 pages
2025-11-01 01:30:51,668 - am_extended - ERROR - Ollama API error: 404
2025-11-01 01:30:51,698 - am_extended - ERROR - Ollama API error: 404
2025-11-01 01:30:51,730 - am_extended - ERROR - Ollama API error: 404
2025-11-01 01:30:51,746 - am_extended - ERROR - Ollama API error: 404
2025-11-01 01:30:51,777 - am_extended - ERROR - Ollama API error: 404
2025-11-01 01:30:51,808 - am_extended - ERROR - Ollama API error: 404
2025-11-01 01:30:51,824 - am_extended - ERROR - Ollama API error: 404
2025-11-01 01:30:51,855 - am_extended - ERROR - Ollama API error: 404
2025-11-01 01:30:51,871 - am_extended - ERROR - Ollama API error: 404
2025-11-01 01:30:51,887 - am_extended - ERROR - Ollama API error: 404
2025-11-01 01:30:51,902 - am_extended - ERROR - Ollama API error: 404
2025-11-01 01:30:51,917 - am_extended - ERROR - Ollama API error: 404
2025-11-01 01:30:51,934 - am_extended - ERROR - Ollama API error: 404
2025-11-01 01:30:51,963 - am_extended - ERROR - Ollama API error: 404
2025-11-01 01:30:51,979 - am_extended - ERROR - Ollama API error: 404
2025-11-01 01:30:51,994 - am_extended - ERROR - Ollama API error: 404
2025-11-01 01:30:52,010 - am_extended - ERROR - Ollama API error: 404
2025-11-01 01:30:52,041 - am_extended - ERROR - Ollama API error: 404
2025-11-01 01:30:52,041 - am_extended - INFO -   Processed 200/214 pages
2025-11-01 01:30:52,073 - am_extended - ERROR - Ollama API error: 404
2025-11-01 01:30:52,103 - am_extended - ERROR - Ollama API error: 404
2025-11-01 01:30:52,133 - am_extended - ERROR - Ollama API error: 404
2025-11-01 01:30:52,163 - am_extended - ERROR - Ollama API error: 404
2025-11-01 01:30:52,195 - am_extended - ERROR - Ollama API error: 404
2025-11-01 01:30:52,226 - am_extended - ERROR - Ollama API error: 404
2025-11-01 01:30:52,258 - am_extended - ERROR - Ollama API error: 404
2025-11-01 01:30:52,289 - am_extended - ERROR - Ollama API error: 404
2025-11-01 01:30:52,305 - am_extended - ERROR - Ollama API error: 404
2025-11-01 01:30:52,305 - am_extended - INFO -   Processed 210/214 pages
2025-11-01 01:30:52,338 - am_extended - ERROR - Ollama API error: 404
2025-11-01 01:30:52,367 - am_extended - ERROR - Ollama API error: 404
2025-11-01 01:30:52,383 - am_extended - ERROR - Ollama API error: 404
2025-11-01 01:30:52,413 - am_extended - ERROR - Ollama API error: 404
2025-11-01 01:30:52,414 - am_extended - INFO - Extracted extended fields for 202 pages
2025-11-01 01:30:52,414 - am_common - INFO - Saving dataset: C:\scripts\1repo\data\datasets\extended\norton_kaplan_balanced_scorecard.dataset.jsonl (214 cards)
2025-11-01 01:30:52,423 - am_common - INFO - Saved: 214 cards to norton_kaplan_balanced_scorecard.dataset.jsonl (1.48 MB)
2025-11-01 01:30:52,423 - quality_tracker - INFO - Starting: track_quality
2025-11-01 01:30:52,424 - quality_tracker - INFO - extended metrics:
2025-11-01 01:30:52,424 - quality_tracker - INFO -   total_cards: 214
2025-11-01 01:30:52,424 - quality_tracker - INFO -   duplicates_found: 0
2025-11-01 01:30:52,424 - quality_tracker - INFO -   duplicate_ratio: 0.0000
2025-11-01 01:30:52,424 - quality_tracker - INFO -   continuity_gaps: 177
2025-11-01 01:30:52,424 - quality_tracker - INFO -   continuity_gap_ratio: 0.8310
2025-11-01 01:30:52,424 - quality_tracker - INFO -   avg_overlap: 0.0520
2025-11-01 01:30:52,424 - quality_tracker - INFO -   extended_fields_extracted: 202
2025-11-01 01:30:52,424 - quality_tracker - INFO -   extraction_coverage: 0.9439
2025-11-01 01:30:52,424 - quality_tracker - INFO -   lm_extraction_count: 0
2025-11-01 01:30:52,424 - quality_tracker - INFO -   lm_extraction_ratio: 0.0000
2025-11-01 01:30:52,424 - quality_tracker - INFO--- Logging error ---
Traceback (most recent call last):
  File "C:\Users\Dimon\AppData\Local\Programs\Python\Python313\Lib\logging\__init__.py", line 1154, in emit
    stream.write(msg + self.terminator)
    ~~~~~~~~~~~~^^^^^^^^^^^^^^^^^^^^^^^
  File "C:\Users\Dimon\AppData\Local\Programs\Python\Python313\Lib\site-packages\colorama\ansitowin32.py", line 47, in write
    self.__convertor.write(text)
    ~~~~~~~~~~~~~~~~~~~~~~^^^^^^
  File "C:\Users\Dimon\AppData\Local\Programs\Python\Python313\Lib\site-packages\colorama\ansitowin32.py", line 177, in write
    self.write_and_convert(text)
    ~~~~~~~~~~~~~~~~~~~~~~^^^^^^
  File "C:\Users\Dimon\AppData\Local\Programs\Python\Python313\Lib\site-packages\colorama\ansitowin32.py", line 205, in write_and_convert
    self.write_plain_text(text, cursor, len(text))
    ~~~~~~~~~~~~~~~~~~~~~^^^^^^^^^^^^^^^^^^^^^^^^^
  File "C:\Users\Dimon\AppData\Local\Programs\Python\Python313\Lib\site-packages\colorama\ansitowin32.py", line 210, in write_plain_text
    self.wrapped.write(text[start:end])
    ~~~~~~~~~~~~~~~~~~^^^^^^^^^^^^^^^^^
  File "C:\Users\Dimon\AppData\Local\Programs\Python\Python313\Lib\encodings\cp1251.py", line 19, in encode
    return codecs.charmap_encode(input,self.errors,encoding_table)[0]
           ~~~~~~~~~~~~~~~~~~~~~^^^^^^^^^^^^^^^^^^^^^^^^^^^^^^^^^^
UnicodeEncodeError: 'charmap' codec can't encode character '\u2713' in position 3: character maps to <undefined>
Call stack:
  File "C:\scripts\1repo\run_mvp.py", line 680, in <module>
    main()
  File "C:\scripts\1repo\run_mvp.py", line 652, in main
    results = orchestrator.run_single(
  File "C:\scripts\1repo\run_mvp.py", line 226, in run_single
    stage_result = self._run_stage(stage, current_input)
  File "C:\scripts\1repo\run_mvp.py", line 419, in _run_stage
    return processor.process_dataset(input_path, output_dir)
  File "C:\scripts\1repo\am_extended.py", line 612, in process_dataset
    self.quality_tracker.track('extended', input_path.name, metrics)
  File "C:\scripts\1repo\quality_tracker.py", line 171, in track
    logger.info(f"\u2713 Quality thresholds passed for {stage}")
Message: '\u2713 Quality thresholds passed for extended'
Arguments: ()
2025-11-01 01:30:52,425 - quality_tracker - INFO - Completed: track_quality (0.00s)
2025-11-01 01:30:52,425 - am_extended - INFO - Saved: norton_kaplan_balanced_scorecard.dataset.jsonl
2025-11-01 01:30:52,426 - validate - INFO - Validating extended: norton_kaplan_balanced_scorecard.dataset.jsonl
2025-11-01 01:30:52,426 - am_common - INFO - Loading dataset: C:\scripts\1repo\data\datasets\extended\norton_kaplan_balanced_scorecard.dataset.jsonl
2025-11-01 01:30:52,442 - am_common - INFO - Loaded: 214 cards from norton_kaplan_balanced_scorecard.dataset.jsonl
2025-11-01 01:30:52,444 - validate - WARNING - [X] INVALID - norton_kaplan_balanced_scorecard.dataset.jsonl (2 errors)
2025-11-01 01:30:52,444 - __main__ - WARNING - Validation issues: 2 errors, 202 warnings
2025-11-01 01:30:52,444 - __main__ - WARNING - Validation issues: 2 errors
2025-11-01 01:30:52,444 - __main__ - INFO - ============================================================
2025-11-01 01:30:52,444 - __main__ - INFO--- Logging error ---
Traceback (most recent call last):
  File "C:\Users\Dimon\AppData\Local\Programs\Python\Python313\Lib\logging\__init__.py", line 1154, in emit
    stream.write(msg + self.terminator)
    ~~~~~~~~~~~~^^^^^^^^^^^^^^^^^^^^^^^
  File "C:\Users\Dimon\AppData\Local\Programs\Python\Python313\Lib\site-packages\colorama\ansitowin32.py", line 47, in write
    self.__convertor.write(text)
    ~~~~~~~~~~~~~~~~~~~~~~^^^^^^
  File "C:\Users\Dimon\AppData\Local\Programs\Python\Python313\Lib\site-packages\colorama\ansitowin32.py", line 177, in write
    self.write_and_convert(text)
    ~~~~~~~~~~~~~~~~~~~~~~^^^^^^
  File "C:\Users\Dimon\AppData\Local\Programs\Python\Python313\Lib\site-packages\colorama\ansitowin32.py", line 205, in write_and_convert
    self.write_plain_text(text, cursor, len(text))
    ~~~~~~~~~~~~~~~~~~~~~^^^^^^^^^^^^^^^^^^^^^^^^^
  File "C:\Users\Dimon\AppData\Local\Programs\Python\Python313\Lib\site-packages\colorama\ansitowin32.py", line 210, in write_plain_text
    self.wrapped.write(text[start:end])
    ~~~~~~~~~~~~~~~~~~^^^^^^^^^^^^^^^^^
  File "C:\Users\Dimon\AppData\Local\Programs\Python\Python313\Lib\encodings\cp1251.py", line 19, in encode
    return codecs.charmap_encode(input,self.errors,encoding_table)[0]
           ~~~~~~~~~~~~~~~~~~~~~^^^^^^^^^^^^^^^^^^^^^^^^^^^^^^^^^^
UnicodeEncodeError: 'charmap' codec can't encode character '\U0001f916' in position 5: character maps to <undefined>
Call stack:
  File "C:\scripts\1repo\run_mvp.py", line 680, in <module>
    main()
  File "C:\scripts\1repo\run_mvp.py", line 652, in main
    results = orchestrator.run_single(
  File "C:\scripts\1repo\run_mvp.py", line 253, in run_single
    log_stage(logger, stage, "Completed")
  File "C:\scripts\1repo\am_logging.py", line 613, in log_stage
    log_section(logger, f"{emoji} {action}: {stage.upper()}", "INFO")
  File "C:\scripts\1repo\am_logging.py", line 588, in log_section
    log_func(f"  {title}")
Message: '  \U0001f916 Completed: EXTENDED'
Arguments: ()
2025-11-01 01:30:52,445 - __main__ - INFO - ============================================================
2025-11-01 01:30:52,445 - __main__ - INFO - ============================================================
2025-11-01 01:30:52,445 - __main__ - INFO--- Logging error ---
Traceback (most recent call last):
  File "C:\Users\Dimon\AppData\Local\Programs\Python\Python313\Lib\logging\__init__.py", line 1154, in emit
    stream.write(msg + self.terminator)
    ~~~~~~~~~~~~^^^^^^^^^^^^^^^^^^^^^^^
  File "C:\Users\Dimon\AppData\Local\Programs\Python\Python313\Lib\site-packages\colorama\ansitowin32.py", line 47, in write
    self.__convertor.write(text)
    ~~~~~~~~~~~~~~~~~~~~~~^^^^^^
  File "C:\Users\Dimon\AppData\Local\Programs\Python\Python313\Lib\site-packages\colorama\ansitowin32.py", line 177, in write
    self.write_and_convert(text)
    ~~~~~~~~~~~~~~~~~~~~~~^^^^^^
  File "C:\Users\Dimon\AppData\Local\Programs\Python\Python313\Lib\site-packages\colorama\ansitowin32.py", line 205, in write_and_convert
    self.write_plain_text(text, cursor, len(text))
    ~~~~~~~~~~~~~~~~~~~~~^^^^^^^^^^^^^^^^^^^^^^^^^
  File "C:\Users\Dimon\AppData\Local\Programs\Python\Python313\Lib\site-packages\colorama\ansitowin32.py", line 210, in write_plain_text
    self.wrapped.write(text[start:end])
    ~~~~~~~~~~~~~~~~~~^^^^^^^^^^^^^^^^^
  File "C:\Users\Dimon\AppData\Local\Programs\Python\Python313\Lib\encodings\cp1251.py", line 19, in encode
    return codecs.charmap_encode(input,self.errors,encoding_table)[0]
           ~~~~~~~~~~~~~~~~~~~~~^^^^^^^^^^^^^^^^^^^^^^^^^^^^^^^^^^
UnicodeEncodeError: 'charmap' codec can't encode character '\u2705' in position 5: character maps to <undefined>
Call stack:
  File "C:\scripts\1repo\run_mvp.py", line 680, in <module>
    main()
  File "C:\scripts\1repo\run_mvp.py", line 652, in main
    results = orchestrator.run_single(
  File "C:\scripts\1repo\run_mvp.py", line 222, in run_single
    log_stage(logger, stage, "Starting")
  File "C:\scripts\1repo\am_logging.py", line 613, in log_stage
    log_section(logger, f"{emoji} {action}: {stage.upper()}", "INFO")
  File "C:\scripts\1repo\am_logging.py", line 588, in log_section
    log_func(f"  {title}")
Message: '  \u2705 Starting: FINALIZE'
Arguments: ()
2025-11-01 01:30:52,445 - __main__ - INFO - ============================================================
2025-11-01 01:30:52,445 - am_common - INFO - Loading config: config\batch_full.yaml
2025-11-01 01:30:52,459 - am_common - INFO - Config loaded successfully
2025-11-01 01:30:52,460 - am_finalize - INFO - Processing: norton_kaplan_balanced_scorecard.dataset.jsonl
2025-11-01 01:30:52,460 - am_common - INFO - Loading dataset: C:\scripts\1repo\data\datasets\extended\norton_kaplan_balanced_scorecard.dataset.jsonl
2025-11-01 01:30:52,469 - am_common - INFO - Loaded: 214 cards from norton_kaplan_balanced_scorecard.dataset.jsonl
2025-11-01 01:30:52,470 - am_common - INFO - Saving dataset: C:\scripts\1repo\data\datasets\final\norton_kaplan_balanced_scorecard.dataset.jsonl (214 cards)
2025-11-01 01:30:52,486 - am_common - INFO - Saved: 214 cards to norton_kaplan_balanced_scorecard.dataset.jsonl (1.46 MB)
2025-11-01 01:30:52,486 - quality_tracker - INFO - Starting: track_quality
2025-11-01 01:30:52,487 - quality_tracker - INFO - finalize metrics:
2025-11-01 01:30:52,487 - quality_tracker - INFO -   total_cards: 214
2025-11-01 01:30:52,487 - quality_tracker - INFO -   validation_errors: 0
2025-11-01 01:30:52,487 - quality_tracker - INFO -   validation_warnings: 8
2025-11-01 01:30:52,487 - quality_tracker - INFO -   avg_completeness: 0.5840
2025-11-01 01:30:52,487 - quality_tracker - INFO -   cards_with_structure: 202
2025-11-01 01:30:52,487 - quality_tracker - INFO -   structure_coverage: 0.9439
2025-11-01 01:30:52,487 - quality_tracker - INFO -   cards_with_summaries: 205
2025-11-01 01:30:52,487 - quality_tracker - INFO -   summary_coverage: 0.9579
2025-11-01 01:30:52,487 - quality_tracker - INFO--- Logging error ---
Traceback (most recent call last):
  File "C:\Users\Dimon\AppData\Local\Programs\Python\Python313\Lib\logging\__init__.py", line 1154, in emit
    stream.write(msg + self.terminator)
    ~~~~~~~~~~~~^^^^^^^^^^^^^^^^^^^^^^^
  File "C:\Users\Dimon\AppData\Local\Programs\Python\Python313\Lib\site-packages\colorama\ansitowin32.py", line 47, in write
    self.__convertor.write(text)
    ~~~~~~~~~~~~~~~~~~~~~~^^^^^^
  File "C:\Users\Dimon\AppData\Local\Programs\Python\Python313\Lib\site-packages\colorama\ansitowin32.py", line 177, in write
    self.write_and_convert(text)
    ~~~~~~~~~~~~~~~~~~~~~~^^^^^^
  File "C:\Users\Dimon\AppData\Local\Programs\Python\Python313\Lib\site-packages\colorama\ansitowin32.py", line 205, in write_and_convert
    self.write_plain_text(text, cursor, len(text))
    ~~~~~~~~~~~~~~~~~~~~~^^^^^^^^^^^^^^^^^^^^^^^^^
  File "C:\Users\Dimon\AppData\Local\Programs\Python\Python313\Lib\site-packages\colorama\ansitowin32.py", line 210, in write_plain_text
    self.wrapped.write(text[start:end])
    ~~~~~~~~~~~~~~~~~~^^^^^^^^^^^^^^^^^
  File "C:\Users\Dimon\AppData\Local\Programs\Python\Python313\Lib\encodings\cp1251.py", line 19, in encode
    return codecs.charmap_encode(input,self.errors,encoding_table)[0]
           ~~~~~~~~~~~~~~~~~~~~~^^^^^^^^^^^^^^^^^^^^^^^^^^^^^^^^^^
UnicodeEncodeError: 'charmap' codec can't encode character '\u2713' in position 3: character maps to <undefined>
Call stack:
  File "C:\scripts\1repo\run_mvp.py", line 680, in <module>
    main()
  File "C:\scripts\1repo\run_mvp.py", line 652, in main
    results = orchestrator.run_single(
  File "C:\scripts\1repo\run_mvp.py", line 226, in run_single
    stage_result = self._run_stage(stage, current_input)
  File "C:\scripts\1repo\run_mvp.py", line 419, in _run_stage
    return processor.process_dataset(input_path, output_dir)
  File "C:\scripts\1repo\am_finalize.py", line 278, in process_dataset
    self.quality_tracker.track('finalize', input_path.name, metrics)
  File "C:\scripts\1repo\quality_tracker.py", line 171, in track
    logger.info(f"\u2713 Quality thresholds passed for {stage}")
Message: '\u2713 Quality thresholds passed for finalize'
Arguments: ()
2025-11-01 01:30:52,488 - quality_tracker - INFO - Completed: track_quality (0.00s)
2025-11-01 01:30:52,488 - am_finalize - INFO - Saved: norton_kaplan_balanced_scorecard.dataset.jsonl
2025-11-01 01:30:52,488 - __main__ - ERROR - Validation failed: Unknown stage: finalize
2025-11-01 01:30:52,488 - __main__ - WARNING - Validation issues: 1 errors
2025-11-01 01:30:52,488 - __main__ - INFO - ============================================================
2025-11-01 01:30:52,488 - __main__ - INFO--- Logging error ---
Traceback (most recent call last):
  File "C:\Users\Dimon\AppData\Local\Programs\Python\Python313\Lib\logging\__init__.py", line 1154, in emit
    stream.write(msg + self.terminator)
    ~~~~~~~~~~~~^^^^^^^^^^^^^^^^^^^^^^^
  File "C:\Users\Dimon\AppData\Local\Programs\Python\Python313\Lib\site-packages\colorama\ansitowin32.py", line 47, in write
    self.__convertor.write(text)
    ~~~~~~~~~~~~~~~~~~~~~~^^^^^^
  File "C:\Users\Dimon\AppData\Local\Programs\Python\Python313\Lib\site-packages\colorama\ansitowin32.py", line 177, in write
    self.write_and_convert(text)
    ~~~~~~~~~~~~~~~~~~~~~~^^^^^^
  File "C:\Users\Dimon\AppData\Local\Programs\Python\Python313\Lib\site-packages\colorama\ansitowin32.py", line 205, in write_and_convert
    self.write_plain_text(text, cursor, len(text))
    ~~~~~~~~~~~~~~~~~~~~~^^^^^^^^^^^^^^^^^^^^^^^^^
  File "C:\Users\Dimon\AppData\Local\Programs\Python\Python313\Lib\site-packages\colorama\ansitowin32.py", line 210, in write_plain_text
    self.wrapped.write(text[start:end])
    ~~~~~~~~~~~~~~~~~~^^^^^^^^^^^^^^^^^
  File "C:\Users\Dimon\AppData\Local\Programs\Python\Python313\Lib\encodings\cp1251.py", line 19, in encode
    return codecs.charmap_encode(input,self.errors,encoding_table)[0]
           ~~~~~~~~~~~~~~~~~~~~~^^^^^^^^^^^^^^^^^^^^^^^^^^^^^^^^^^
UnicodeEncodeError: 'charmap' codec can't encode character '\u2705' in position 5: character maps to <undefined>
Call stack:
  File "C:\scripts\1repo\run_mvp.py", line 680, in <module>
    main()
  File "C:\scripts\1repo\run_mvp.py", line 652, in main
    results = orchestrator.run_single(
  File "C:\scripts\1repo\run_mvp.py", line 253, in run_single
    log_stage(logger, stage, "Completed")
  File "C:\scripts\1repo\am_logging.py", line 613, in log_stage
    log_section(logger, f"{emoji} {action}: {stage.upper()}", "INFO")
  File "C:\scripts\1repo\am_logging.py", line 588, in log_section
    log_func(f"  {title}")
Message: '  \u2705 Completed: FINALIZE'
Arguments: ()
2025-11-01 01:30:52,489 - __main__ - INFO - ============================================================
2025-11-01 01:30:52,489 - __main__ - INFO - ============================================================
2025-11-01 01:30:52,489 - __main__ - INFO--- Logging error ---
Traceback (most recent call last):
  File "C:\Users\Dimon\AppData\Local\Programs\Python\Python313\Lib\logging\__init__.py", line 1154, in emit
    stream.write(msg + self.terminator)
    ~~~~~~~~~~~~^^^^^^^^^^^^^^^^^^^^^^^
  File "C:\Users\Dimon\AppData\Local\Programs\Python\Python313\Lib\site-packages\colorama\ansitowin32.py", line 47, in write
    self.__convertor.write(text)
    ~~~~~~~~~~~~~~~~~~~~~~^^^^^^
  File "C:\Users\Dimon\AppData\Local\Programs\Python\Python313\Lib\site-packages\colorama\ansitowin32.py", line 177, in write
    self.write_and_convert(text)
    ~~~~~~~~~~~~~~~~~~~~~~^^^^^^
  File "C:\Users\Dimon\AppData\Local\Programs\Python\Python313\Lib\site-packages\colorama\ansitowin32.py", line 205, in write_and_convert
    self.write_plain_text(text, cursor, len(text))
    ~~~~~~~~~~~~~~~~~~~~~^^^^^^^^^^^^^^^^^^^^^^^^^
  File "C:\Users\Dimon\AppData\Local\Programs\Python\Python313\Lib\site-packages\colorama\ansitowin32.py", line 210, in write_plain_text
    self.wrapped.write(text[start:end])
    ~~~~~~~~~~~~~~~~~~^^^^^^^^^^^^^^^^^
  File "C:\Users\Dimon\AppData\Local\Programs\Python\Python313\Lib\encodings\cp1251.py", line 19, in encode
    return codecs.charmap_encode(input,self.errors,encoding_table)[0]
           ~~~~~~~~~~~~~~~~~~~~~^^^^^^^^^^^^^^^^^^^^^^^^^^^^^^^^^^
UnicodeEncodeError: 'charmap' codec can't encode character '\U0001f9e9' in position 5: character maps to <undefined>
Call stack:
  File "C:\scripts\1repo\run_mvp.py", line 680, in <module>
    main()
  File "C:\scripts\1repo\run_mvp.py", line 652, in main
    results = orchestrator.run_single(
  File "C:\scripts\1repo\run_mvp.py", line 222, in run_single
    log_stage(logger, stage, "Starting")
  File "C:\scripts\1repo\am_logging.py", line 613, in log_stage
    log_section(logger, f"{emoji} {action}: {stage.upper()}", "INFO")
  File "C:\scripts\1repo\am_logging.py", line 588, in log_section
    log_func(f"  {title}")
Message: '  \U0001f9e9 Starting: CHUNK'
Arguments: ()
2025-11-01 01:30:52,490 - __main__ - INFO - ============================================================
2025-11-01 01:30:52,490 - am_common - INFO - Loading config: config\batch_full.yaml
2025-11-01 01:30:52,504 - am_common - INFO - Config loaded successfully
2025-11-01 01:30:52,582 - am_chunk - INFO - Processing: norton_kaplan_balanced_scorecard.dataset.jsonl
2025-11-01 01:30:52,582 - am_common - INFO - Loading dataset: C:\scripts\1repo\data\datasets\final\norton_kaplan_balanced_scorecard.dataset.jsonl
2025-11-01 01:30:52,598 - am_common - INFO - Loaded: 214 cards from norton_kaplan_balanced_scorecard.dataset.jsonl
2025-11-01 01:30:52,848 - am_chunk - INFO - Created 1439 chunks from 214 pages
2025-11-01 01:30:52,864 - quality_tracker - INFO - Starting: track_quality
2025-11-01 01:30:52,864 - quality_tracker - INFO - chunk metrics:
2025-11-01 01:30:52,865 - quality_tracker - INFO -   total_chunks: 1439
2025-11-01 01:30:52,865 - quality_tracker - INFO -   chunks_per_page: 6.7243
2025-11-01 01:30:52,865 - quality_tracker - INFO -   avg_chunk_tokens: 413.0737
2025-11-01 01:30:52,865 - quality_tracker - INFO -   min_chunk_tokens: 100
2025-11-01 01:30:52,865 - quality_tracker - INFO -   max_chunk_tokens: 1382
2025-11-01 01:30:52,865 - quality_tracker - INFO -   token_distribution: {'0-100': 0, '100-300': 181, '300-512': 1210, '512+': 48}
2025-11-01 01:30:52,865 - quality_tracker - INFO -   context_completeness: 1.0000
2025-11-01 01:30:52,865 - quality_tracker - INFO--- Logging error ---
Traceback (most recent call last):
  File "C:\Users\Dimon\AppData\Local\Programs\Python\Python313\Lib\logging\__init__.py", line 1154, in emit
    stream.write(msg + self.terminator)
    ~~~~~~~~~~~~^^^^^^^^^^^^^^^^^^^^^^^
  File "C:\Users\Dimon\AppData\Local\Programs\Python\Python313\Lib\site-packages\colorama\ansitowin32.py", line 47, in write
    self.__convertor.write(text)
    ~~~~~~~~~~~~~~~~~~~~~~^^^^^^
  File "C:\Users\Dimon\AppData\Local\Programs\Python\Python313\Lib\site-packages\colorama\ansitowin32.py", line 177, in write
    self.write_and_convert(text)
    ~~~~~~~~~~~~~~~~~~~~~~^^^^^^
  File "C:\Users\Dimon\AppData\Local\Programs\Python\Python313\Lib\site-packages\colorama\ansitowin32.py", line 205, in write_and_convert
    self.write_plain_text(text, cursor, len(text))
    ~~~~~~~~~~~~~~~~~~~~~^^^^^^^^^^^^^^^^^^^^^^^^^
  File "C:\Users\Dimon\AppData\Local\Programs\Python\Python313\Lib\site-packages\colorama\ansitowin32.py", line 210, in write_plain_text
    self.wrapped.write(text[start:end])
    ~~~~~~~~~~~~~~~~~~^^^^^^^^^^^^^^^^^
  File "C:\Users\Dimon\AppData\Local\Programs\Python\Python313\Lib\encodings\cp1251.py", line 19, in encode
    return codecs.charmap_encode(input,self.errors,encoding_table)[0]
           ~~~~~~~~~~~~~~~~~~~~~^^^^^^^^^^^^^^^^^^^^^^^^^^^^^^^^^^
UnicodeEncodeError: 'charmap' codec can't encode character '\u2713' in position 3: character maps to <undefined>
Call stack:
  File "C:\scripts\1repo\run_mvp.py", line 680, in <module>
    main()
  File "C:\scripts\1repo\run_mvp.py", line 652, in main
    results = orchestrator.run_single(
  File "C:\scripts\1repo\run_mvp.py", line 226, in run_single
    stage_result = self._run_stage(stage, current_input)
  File "C:\scripts\1repo\run_mvp.py", line 419, in _run_stage
    return processor.process_dataset(input_path, output_dir)
  File "C:\scripts\1repo\am_chunk.py", line 309, in process_dataset
    self.quality_tracker.track('chunk', input_path.name, metrics)
  File "C:\scripts\1repo\quality_tracker.py", line 171, in track
    logger.info(f"\u2713 Quality thresholds passed for {stage}")
Message: '\u2713 Quality thresholds passed for chunk'
Arguments: ()
2025-11-01 01:30:52,866 - quality_tracker - INFO - Completed: track_quality (0.00s)
2025-11-01 01:30:52,866 - am_chunk - INFO - Saved: norton_kaplan_balanced_scorecard.dataset.chunks.jsonl
2025-11-01 01:30:52,867 - __main__ - ERROR - Validation failed: Unknown stage: chunk
2025-11-01 01:30:52,867 - __main__ - WARNING - Validation issues: 1 errors
2025-11-01 01:30:52,867 - __main__ - INFO - ============================================================
2025-11-01 01:30:52,867 - __main__ - INFO--- Logging error ---
Traceback (most recent call last):
  File "C:\Users\Dimon\AppData\Local\Programs\Python\Python313\Lib\logging\__init__.py", line 1154, in emit
    stream.write(msg + self.terminator)
    ~~~~~~~~~~~~^^^^^^^^^^^^^^^^^^^^^^^
  File "C:\Users\Dimon\AppData\Local\Programs\Python\Python313\Lib\site-packages\colorama\ansitowin32.py", line 47, in write
    self.__convertor.write(text)
    ~~~~~~~~~~~~~~~~~~~~~~^^^^^^
  File "C:\Users\Dimon\AppData\Local\Programs\Python\Python313\Lib\site-packages\colorama\ansitowin32.py", line 177, in write
    self.write_and_convert(text)
    ~~~~~~~~~~~~~~~~~~~~~~^^^^^^
  File "C:\Users\Dimon\AppData\Local\Programs\Python\Python313\Lib\site-packages\colorama\ansitowin32.py", line 205, in write_and_convert
    self.write_plain_text(text, cursor, len(text))
    ~~~~~~~~~~~~~~~~~~~~~^^^^^^^^^^^^^^^^^^^^^^^^^
  File "C:\Users\Dimon\AppData\Local\Programs\Python\Python313\Lib\site-packages\colorama\ansitowin32.py", line 210, in write_plain_text
    self.wrapped.write(text[start:end])
    ~~~~~~~~~~~~~~~~~~^^^^^^^^^^^^^^^^^
  File "C:\Users\Dimon\AppData\Local\Programs\Python\Python313\Lib\encodings\cp1251.py", line 19, in encode
    return codecs.charmap_encode(input,self.errors,encoding_table)[0]
           ~~~~~~~~~~~~~~~~~~~~~^^^^^^^^^^^^^^^^^^^^^^^^^^^^^^^^^^
UnicodeEncodeError: 'charmap' codec can't encode character '\U0001f9e9' in position 5: character maps to <undefined>
Call stack:
  File "C:\scripts\1repo\run_mvp.py", line 680, in <module>
    main()
  File "C:\scripts\1repo\run_mvp.py", line 652, in main
    results = orchestrator.run_single(
  File "C:\scripts\1repo\run_mvp.py", line 253, in run_single
    log_stage(logger, stage, "Completed")
  File "C:\scripts\1repo\am_logging.py", line 613, in log_stage
    log_section(logger, f"{emoji} {action}: {stage.upper()}", "INFO")
  File "C:\scripts\1repo\am_logging.py", line 588, in log_section
    log_func(f"  {title}")
Message: '  \U0001f9e9 Completed: CHUNK'
Arguments: ()
2025-11-01 01:30:52,868 - __main__ - INFO - ============================================================
2025-11-01 01:30:52,868 - __main__ - INFO - ============================================================
2025-11-01 01:30:52,868 - __main__ - INFO--- Logging error ---
Traceback (most recent call last):
  File "C:\Users\Dimon\AppData\Local\Programs\Python\Python313\Lib\logging\__init__.py", line 1154, in emit
    stream.write(msg + self.terminator)
    ~~~~~~~~~~~~^^^^^^^^^^^^^^^^^^^^^^^
  File "C:\Users\Dimon\AppData\Local\Programs\Python\Python313\Lib\site-packages\colorama\ansitowin32.py", line 47, in write
    self.__convertor.write(text)
    ~~~~~~~~~~~~~~~~~~~~~~^^^^^^
  File "C:\Users\Dimon\AppData\Local\Programs\Python\Python313\Lib\site-packages\colorama\ansitowin32.py", line 177, in write
    self.write_and_convert(text)
    ~~~~~~~~~~~~~~~~~~~~~~^^^^^^
  File "C:\Users\Dimon\AppData\Local\Programs\Python\Python313\Lib\site-packages\colorama\ansitowin32.py", line 205, in write_and_convert
    self.write_plain_text(text, cursor, len(text))
    ~~~~~~~~~~~~~~~~~~~~~^^^^^^^^^^^^^^^^^^^^^^^^^
  File "C:\Users\Dimon\AppData\Local\Programs\Python\Python313\Lib\site-packages\colorama\ansitowin32.py", line 210, in write_plain_text
    self.wrapped.write(text[start:end])
    ~~~~~~~~~~~~~~~~~~^^^^^^^^^^^^^^^^^
  File "C:\Users\Dimon\AppData\Local\Programs\Python\Python313\Lib\encodings\cp1251.py", line 19, in encode
    return codecs.charmap_encode(input,self.errors,encoding_table)[0]
           ~~~~~~~~~~~~~~~~~~~~~^^^^^^^^^^^^^^^^^^^^^^^^^^^^^^^^^^
UnicodeEncodeError: 'charmap' codec can't encode character '\U0001f522' in position 5: character maps to <undefined>
Call stack:
  File "C:\scripts\1repo\run_mvp.py", line 680, in <module>
    main()
  File "C:\scripts\1repo\run_mvp.py", line 652, in main
    results = orchestrator.run_single(
  File "C:\scripts\1repo\run_mvp.py", line 222, in run_single
    log_stage(logger, stage, "Starting")
  File "C:\scripts\1repo\am_logging.py", line 613, in log_stage
    log_section(logger, f"{emoji} {action}: {stage.upper()}", "INFO")
  File "C:\scripts\1repo\am_logging.py", line 588, in log_section
    log_func(f"  {title}")
Message: '  \U0001f522 Starting: EMBED'
Arguments: ()
2025-11-01 01:30:52,869 - __main__ - INFO - ============================================================
2025-11-01 01:30:52,869 - am_common - INFO - Loading config: config\batch_full.yaml
2025-11-01 01:30:52,884 - am_common - INFO - Config loaded successfully
2025-11-01 01:30:52,884 - am_embed - INFO - [sentence-transformers] Loading model: all-MiniLM-L6-v2
2025-11-01 01:30:52,884 - sentence_transformers.SentenceTransformer - INFO - Use pytorch device_name: cpu
2025-11-01 01:30:52,884 - sentence_transformers.SentenceTransformer - INFO - Load pretrained SentenceTransformer: all-MiniLM-L6-v2
2025-11-01 01:30:56,712 - am_embed - INFO - [sentence-transformers] Embedding dimension: 384
2025-11-01 01:30:56,712 - am_embed - INFO - Processing: norton_kaplan_balanced_scorecard.dataset.chunks.jsonl
2025-11-01 01:30:56,735 - am_embed - INFO - Loaded 1439 chunks
2025-11-01 01:30:56,735 - am_embed - INFO - Encoding 1439 chunks in 45 batches
2025-11-01 01:30:59,766 - am_embed - INFO - Processed batch 10/45
2025-11-01 01:31:03,191 - am_embed - INFO - Processed batch 20/45
2025-11-01 01:31:07,908 - am_embed - INFO - Processed batch 30/45
2025-11-01 01:31:11,012 - am_embed - INFO - Processed batch 40/45
2025-11-01 01:31:12,502 - am_embed - INFO - Encoded 1439 embeddings, 0 failures
2025-11-01 01:31:12,502 - am_embed - INFO - Building FAISS index: flat, metric=cosine
2025-11-01 01:31:12,502 - am_embed - INFO - Vectors: 1439, Dimension: 384
2025-11-01 01:31:12,503 - am_embed - INFO - FAISS index built: 1439 vectors
2025-11-01 01:31:12,504 - am_embed - INFO - Saved FAISS index: norton_kaplan_balanced_scorecard.dataset.faiss (2.11 MB)
2025-11-01 01:31:12,518 - am_embed - INFO - Saved metadata: norton_kaplan_balanced_scorecard.dataset.pkl (1.71 MB)
2025-11-01 01:31:12,519 - quality_tracker - INFO - Starting: track_quality
2025-11-01 01:31:12,520 - quality_tracker - INFO - embed metrics:
2025-11-01 01:31:12,520 - quality_tracker - INFO -   total_vectors: 1439
2025-11-01 01:31:12,520 - quality_tracker - INFO -   embedding_dim: 384
2025-11-01 01:31:12,520 - quality_tracker - INFO -   embedding_failures: 0
2025-11-01 01:31:12,520 - quality_tracker - INFO -   failure_rate: 0.0000
2025-11-01 01:31:12,520 - quality_tracker - INFO -   avg_norm: 1.0000
2025-11-01 01:31:12,520 - quality_tracker - INFO -   min_norm: 1.0000
2025-11-01 01:31:12,520 - quality_tracker - INFO -   max_norm: 1.0000
2025-11-01 01:31:12,520 - quality_tracker - INFO--- Logging error ---
Traceback (most recent call last):
  File "C:\Users\Dimon\AppData\Local\Programs\Python\Python313\Lib\logging\__init__.py", line 1154, in emit
    stream.write(msg + self.terminator)
    ~~~~~~~~~~~~^^^^^^^^^^^^^^^^^^^^^^^
  File "C:\Users\Dimon\AppData\Local\Programs\Python\Python313\Lib\site-packages\colorama\ansitowin32.py", line 47, in write
    self.__convertor.write(text)
    ~~~~~~~~~~~~~~~~~~~~~~^^^^^^
  File "C:\Users\Dimon\AppData\Local\Programs\Python\Python313\Lib\site-packages\colorama\ansitowin32.py", line 177, in write
    self.write_and_convert(text)
    ~~~~~~~~~~~~~~~~~~~~~~^^^^^^
  File "C:\Users\Dimon\AppData\Local\Programs\Python\Python313\Lib\site-packages\colorama\ansitowin32.py", line 205, in write_and_convert
    self.write_plain_text(text, cursor, len(text))
    ~~~~~~~~~~~~~~~~~~~~~^^^^^^^^^^^^^^^^^^^^^^^^^
  File "C:\Users\Dimon\AppData\Local\Programs\Python\Python313\Lib\site-packages\colorama\ansitowin32.py", line 210, in write_plain_text
    self.wrapped.write(text[start:end])
    ~~~~~~~~~~~~~~~~~~^^^^^^^^^^^^^^^^^
  File "C:\Users\Dimon\AppData\Local\Programs\Python\Python313\Lib\encodings\cp1251.py", line 19, in encode
    return codecs.charmap_encode(input,self.errors,encoding_table)[0]
           ~~~~~~~~~~~~~~~~~~~~~^^^^^^^^^^^^^^^^^^^^^^^^^^^^^^^^^^
UnicodeEncodeError: 'charmap' codec can't encode character '\u2713' in position 3: character maps to <undefined>
Call stack:
  File "C:\scripts\1repo\run_mvp.py", line 680, in <module>
    main()
  File "C:\scripts\1repo\run_mvp.py", line 652, in main
    results = orchestrator.run_single(
  File "C:\scripts\1repo\run_mvp.py", line 226, in run_single
    stage_result = self._run_stage(stage, current_input)
  File "C:\scripts\1repo\run_mvp.py", line 428, in _run_stage
    return processor.process_chunks(input_path, output_dir=None)
  File "C:\scripts\1repo\am_embed.py", line 426, in process_chunks
    self.quality_tracker.track('embed', chunks_path.name, metrics)
  File "C:\scripts\1repo\quality_tracker.py", line 171, in track
    logger.info(f"\u2713 Quality thresholds passed for {stage}")
Message: '\u2713 Quality thresholds passed for embed'
Arguments: ()
2025-11-01 01:31:12,521 - quality_tracker - INFO - Completed: track_quality (0.00s)
2025-11-01 01:31:12,521 - am_embed - INFO - Saved: norton_kaplan_balanced_scorecard.dataset.faiss, norton_kaplan_balanced_scorecard.dataset.pkl
2025-11-01 01:31:12,522 - __main__ - INFO - ============================================================
2025-11-01 01:31:12,522 - __main__ - INFO--- Logging error ---
Traceback (most recent call last):
  File "C:\Users\Dimon\AppData\Local\Programs\Python\Python313\Lib\logging\__init__.py", line 1154, in emit
    stream.write(msg + self.terminator)
    ~~~~~~~~~~~~^^^^^^^^^^^^^^^^^^^^^^^
  File "C:\Users\Dimon\AppData\Local\Programs\Python\Python313\Lib\site-packages\colorama\ansitowin32.py", line 47, in write
    self.__convertor.write(text)
    ~~~~~~~~~~~~~~~~~~~~~~^^^^^^
  File "C:\Users\Dimon\AppData\Local\Programs\Python\Python313\Lib\site-packages\colorama\ansitowin32.py", line 177, in write
    self.write_and_convert(text)
    ~~~~~~~~~~~~~~~~~~~~~~^^^^^^
  File "C:\Users\Dimon\AppData\Local\Programs\Python\Python313\Lib\site-packages\colorama\ansitowin32.py", line 205, in write_and_convert
    self.write_plain_text(text, cursor, len(text))
    ~~~~~~~~~~~~~~~~~~~~~^^^^^^^^^^^^^^^^^^^^^^^^^
  File "C:\Users\Dimon\AppData\Local\Programs\Python\Python313\Lib\site-packages\colorama\ansitowin32.py", line 210, in write_plain_text
    self.wrapped.write(text[start:end])
    ~~~~~~~~~~~~~~~~~~^^^^^^^^^^^^^^^^^
  File "C:\Users\Dimon\AppData\Local\Programs\Python\Python313\Lib\encodings\cp1251.py", line 19, in encode
    return codecs.charmap_encode(input,self.errors,encoding_table)[0]
           ~~~~~~~~~~~~~~~~~~~~~^^^^^^^^^^^^^^^^^^^^^^^^^^^^^^^^^^
UnicodeEncodeError: 'charmap' codec can't encode character '\U0001f522' in position 5: character maps to <undefined>
Call stack:
  File "C:\scripts\1repo\run_mvp.py", line 680, in <module>
    main()
  File "C:\scripts\1repo\run_mvp.py", line 652, in main
    results = orchestrator.run_single(
  File "C:\scripts\1repo\run_mvp.py", line 253, in run_single
    log_stage(logger, stage, "Completed")
  File "C:\scripts\1repo\am_logging.py", line 613, in log_stage
    log_section(logger, f"{emoji} {action}: {stage.upper()}", "INFO")
  File "C:\scripts\1repo\am_logging.py", line 588, in log_section
    log_func(f"  {title}")
Message: '  \U0001f522 Completed: EMBED'
Arguments: ()
2025-11-01 01:31:12,523 - __main__ - INFO - ============================================================
2025-11-01 01:31:12,523 - __main__ - INFO - Pipeline status: completed
2025-11-01 01:31:12,523 - __main__ - INFO - Completed: run_single_pipeline (76.36s)
2025-11-01 01:31:12,523 - __main__ - INFO - ============================================================
2025-11-01 01:31:12,524 - __main__ - INFO--- Logging error ---
Traceback (most recent call last):
  File "C:\Users\Dimon\AppData\Local\Programs\Python\Python313\Lib\logging\__init__.py", line 1154, in emit
    stream.write(msg + self.terminator)
    ~~~~~~~~~~~~^^^^^^^^^^^^^^^^^^^^^^^
  File "C:\Users\Dimon\AppData\Local\Programs\Python\Python313\Lib\site-packages\colorama\ansitowin32.py", line 47, in write
    self.__convertor.write(text)
    ~~~~~~~~~~~~~~~~~~~~~~^^^^^^
  File "C:\Users\Dimon\AppData\Local\Programs\Python\Python313\Lib\site-packages\colorama\ansitowin32.py", line 177, in write
    self.write_and_convert(text)
    ~~~~~~~~~~~~~~~~~~~~~~^^^^^^
  File "C:\Users\Dimon\AppData\Local\Programs\Python\Python313\Lib\site-packages\colorama\ansitowin32.py", line 205, in write_and_convert
    self.write_plain_text(text, cursor, len(text))
    ~~~~~~~~~~~~~~~~~~~~~^^^^^^^^^^^^^^^^^^^^^^^^^
  File "C:\Users\Dimon\AppData\Local\Programs\Python\Python313\Lib\site-packages\colorama\ansitowin32.py", line 210, in write_plain_text
    self.wrapped.write(text[start:end])
    ~~~~~~~~~~~~~~~~~~^^^^^^^^^^^^^^^^^
  File "C:\Users\Dimon\AppData\Local\Programs\Python\Python313\Lib\encodings\cp1251.py", line 19, in encode
    return codecs.charmap_encode(input,self.errors,encoding_table)[0]
           ~~~~~~~~~~~~~~~~~~~~~^^^^^^^^^^^^^^^^^^^^^^^^^^^^^^^^^^
UnicodeEncodeError: 'charmap' codec can't encode character '\U0001f4ca' in position 5: character maps to <undefined>
Call stack:
  File "C:\scripts\1repo\run_mvp.py", line 680, in <module>
    main()
  File "C:\scripts\1repo\run_mvp.py", line 660, in main
    orchestrator.generate_reports()
  File "C:\scripts\1repo\run_mvp.py", line 502, in generate_reports
    log_section(logger, "\U0001f4ca FINAL REPORTS", "INFO")
  File "C:\scripts\1repo\am_logging.py", line 588, in log_section
    log_func(f"  {title}")
Message: '  \U0001f4ca FINAL REPORTS'
Arguments: ()
2025-11-01 01:31:12,524 - __main__ - INFO - ============================================================
2025-11-01 01:31:12,524 - __main__ - INFO - ============================================================
2025-11-01 01:31:12,524 - __main__ - INFO -   Performance Summary
2025-11-01 01:31:12,524 - __main__ - INFO - ============================================================
2025-11-01 01:31:12,525 - __main__ - INFO - 
run_single_pipeline:
2025-11-01 01:31:12,525 - __main__ - INFO -   Count: 1
2025-11-01 01:31:12,525 - __main__ - INFO -   Total: 76.36s
2025-11-01 01:31:12,525 - __main__ - INFO -   Avg: 76.36s
2025-11-01 01:31:12,525 - __main__ - INFO -   Min: 76.36s
2025-11-01 01:31:12,525 - __main__ - INFO -   Max: 76.36s
2025-11-01 01:31:12,525 - __main__ - INFO - 
track_quality:
2025-11-01 01:31:12,525 - __main__ - INFO -   Count: 7
2025-11-01 01:31:12,525 - __main__ - INFO -   Total: 0.01s
2025-11-01 01:31:12,525 - __main__ - INFO -   Avg: 0.00s
2025-11-01 01:31:12,525 - __main__ - INFO -   Min: 0.00s
2025-11-01 01:31:12,525 - __main__ - INFO -   Max: 0.00s
2025-11-01 01:31:12,525 - __main__ - INFO - No errors or warnings recorded
2025-11-01 01:31:12,525 - __main__ - INFO - 
2025-11-01 01:31:12,525 - quality_tracker - INFO - Starting: generate_quality_report
2025-11-01 01:31:12,526 - quality_tracker - INFO - Quality report saved: C:\scripts\1repo\data\quality\quality_report_20251101_013112.json
2025-11-01 01:31:12,527 - quality_tracker - INFO - Completed: generate_quality_report (0.00s)
2025-11-01 01:31:12,527 - quality_tracker - INFO - ============================================================
2025-11-01 01:31:12,528 - quality_tracker - INFO -   QUALITY REPORT
2025-11-01 01:31:12,528 - quality_tracker - INFO - ============================================================
2025-11-01 01:31:12,528 - quality_tracker - INFO - Generated: 2025-10-31T22:31:12Z
2025-11-01 01:31:12,528 - quality_tracker - INFO - Version: 2.0.0

2025-11-01 01:31:12,528 - quality_tracker - INFO - ------------------------------------------------------------
2025-11-01 01:31:12,528 - quality_tracker - INFO -   Stage: STRUCTURAL
2025-11-01 01:31:12,528 - quality_tracker - INFO - ------------------------------------------------------------
2025-11-01 01:31:12,528 - quality_tracker - INFO - Summary:
2025-11-01 01:31:12,528 - quality_tracker - INFO -   total_runs: 1
2025-11-01 01:31:12,528 - quality_tracker - INFO -   passed_threshold: 1
2025-11-01 01:31:12,528 - quality_tracker - INFO -   failed_threshold: 0
2025-11-01 01:31:12,528 - quality_tracker - INFO -   pass_rate: 100.0%
2025-11-01 01:31:12,528 - quality_tracker - INFO - 
Recent trend (last 1 runs):
2025-11-01 01:31:12,528 - quality_tracker - INFO -   Pass rate: 100.0%
2025-11-01 01:31:12,528 - quality_tracker - INFO - 
2025-11-01 01:31:12,528 - quality_tracker - INFO - ------------------------------------------------------------
2025-11-01 01:31:12,528 - quality_tracker - INFO -   Stage: STRUCTURE_DETECT
2025-11-01 01:31:12,528 - quality_tracker - INFO - ------------------------------------------------------------
2025-11-01 01:31:12,528 - quality_tracker - INFO - Summary:
2025-11-01 01:31:12,528 - quality_tracker - INFO -   total_runs: 1
2025-11-01 01:31:12,528 - quality_tracker - INFO -   passed_threshold: 1
2025-11-01 01:31:12,528 - quality_tracker - INFO -   failed_threshold: 0
2025-11-01 01:31:12,528 - quality_tracker - INFO -   pass_rate: 100.0%
2025-11-01 01:31:12,529 - quality_tracker - INFO - 
Recent trend (last 1 runs):
2025-11-01 01:31:12,529 - quality_tracker - INFO -   Pass rate: 100.0%
2025-11-01 01:31:12,529 - quality_tracker - INFO - 
2025-11-01 01:31:12,529 - quality_tracker - INFO - ------------------------------------------------------------
2025-11-01 01:31:12,529 - quality_tracker - INFO -   Stage: SUMMARIZE
2025-11-01 01:31:12,529 - quality_tracker - INFO - ------------------------------------------------------------
2025-11-01 01:31:12,529 - quality_tracker - INFO - Summary:
2025-11-01 01:31:12,529 - quality_tracker - INFO -   total_runs: 1
2025-11-01 01:31:12,529 - quality_tracker - INFO -   passed_threshold: 1
2025-11-01 01:31:12,529 - quality_tracker - INFO -   failed_threshold: 0
2025-11-01 01:31:12,529 - quality_tracker - INFO -   pass_rate: 100.0%
2025-11-01 01:31:12,529 - quality_tracker - INFO - 
Recent trend (last 1 runs):
2025-11-01 01:31:12,529 - quality_tracker - INFO -   Pass rate: 100.0%
2025-11-01 01:31:12,529 - quality_tracker - INFO - 
2025-11-01 01:31:12,529 - quality_tracker - INFO - ------------------------------------------------------------
2025-11-01 01:31:12,529 - quality_tracker - INFO -   Stage: EXTENDED
2025-11-01 01:31:12,529 - quality_tracker - INFO - ------------------------------------------------------------
2025-11-01 01:31:12,529 - quality_tracker - INFO - Summary:
2025-11-01 01:31:12,529 - quality_tracker - INFO -   total_runs: 1
2025-11-01 01:31:12,529 - quality_tracker - INFO -   passed_threshold: 1
2025-11-01 01:31:12,529 - quality_tracker - INFO -   failed_threshold: 0
2025-11-01 01:31:12,529 - quality_tracker - INFO -   pass_rate: 100.0%
2025-11-01 01:31:12,529 - quality_tracker - INFO - 
Recent trend (last 1 runs):
2025-11-01 01:31:12,530 - quality_tracker - INFO -   Pass rate: 100.0%
2025-11-01 01:31:12,530 - quality_tracker - INFO - 
2025-11-01 01:31:12,530 - quality_tracker - INFO - ------------------------------------------------------------
2025-11-01 01:31:12,530 - quality_tracker - INFO -   Stage: FINALIZE
2025-11-01 01:31:12,530 - quality_tracker - INFO - ------------------------------------------------------------
2025-11-01 01:31:12,530 - quality_tracker - INFO - Summary:
2025-11-01 01:31:12,530 - quality_tracker - INFO -   total_runs: 1
2025-11-01 01:31:12,530 - quality_tracker - INFO -   passed_threshold: 1
2025-11-01 01:31:12,530 - quality_tracker - INFO -   failed_threshold: 0
2025-11-01 01:31:12,530 - quality_tracker - INFO -   pass_rate: 100.0%
2025-11-01 01:31:12,530 - quality_tracker - INFO - 
Recent trend (last 1 runs):
2025-11-01 01:31:12,530 - quality_tracker - INFO -   Pass rate: 100.0%
2025-11-01 01:31:12,530 - quality_tracker - INFO - 
2025-11-01 01:31:12,530 - quality_tracker - INFO - ------------------------------------------------------------
2025-11-01 01:31:12,530 - quality_tracker - INFO -   Stage: CHUNK
2025-11-01 01:31:12,530 - quality_tracker - INFO - ------------------------------------------------------------
2025-11-01 01:31:12,530 - quality_tracker - INFO - Summary:
2025-11-01 01:31:12,530 - quality_tracker - INFO -   total_runs: 1
2025-11-01 01:31:12,530 - quality_tracker - INFO -   passed_threshold: 1
2025-11-01 01:31:12,530 - quality_tracker - INFO -   failed_threshold: 0
2025-11-01 01:31:12,530 - quality_tracker - INFO -   pass_rate: 100.0%
2025-11-01 01:31:12,530 - quality_tracker - INFO - 
Recent trend (last 1 runs):
2025-11-01 01:31:12,530 - quality_tracker - INFO -   Pass rate: 100.0%
2025-11-01 01:31:12,530 - quality_tracker - INFO - 
2025-11-01 01:31:12,531 - quality_tracker - INFO - ------------------------------------------------------------
2025-11-01 01:31:12,531 - quality_tracker - INFO -   Stage: EMBED
2025-11-01 01:31:12,531 - quality_tracker - INFO - ------------------------------------------------------------
2025-11-01 01:31:12,531 - quality_tracker - INFO - Summary:
2025-11-01 01:31:12,531 - quality_tracker - INFO -   total_runs: 1
2025-11-01 01:31:12,531 - quality_tracker - INFO -   passed_threshold: 1
2025-11-01 01:31:12,531 - quality_tracker - INFO -   failed_threshold: 0
2025-11-01 01:31:12,531 - quality_tracker - INFO -   pass_rate: 100.0%
2025-11-01 01:31:12,531 - quality_tracker - INFO - 
Recent trend (last 1 runs):
2025-11-01 01:31:12,531 - quality_tracker - INFO -   Pass rate: 100.0%
2025-11-01 01:31:12,531 - quality_tracker - INFO - 
2025-11-01 01:31:12,531 - quality_tracker - INFO - ------------------------------------------------------------
2025-11-01 01:31:12,531 - quality_tracker - INFO -   PERFORMANCE SUMMARY
2025-11-01 01:31:12,531 - quality_tracker - INFO - ------------------------------------------------------------
2025-11-01 01:31:12,531 - quality_tracker - INFO - track_quality:
2025-11-01 01:31:12,531 - quality_tracker - INFO -   Count: 7, Avg: 0.00s
2025-11-01 01:31:12,531 - quality_tracker - INFO - run_single_pipeline:
2025-11-01 01:31:12,531 - quality_tracker - INFO -   Count: 1, Avg: 76.36s
2025-11-01 01:31:12,531 - __main__ - INFO - 
2025-11-01 01:31:12,531 - validate - INFO - ============================================================
2025-11-01 01:31:12,531 - validate - INFO -   Validation Summary
2025-11-01 01:31:12,531 - validate - INFO - ============================================================
2025-11-01 01:31:12,532 - validate - INFO - Overall Results:
2025-11-01 01:31:12,532 - validate - INFO -   total_datasets: 2
2025-11-01 01:31:12,532 - validate - INFO -   valid_datasets: 1
2025-11-01 01:31:12,532 - validate - INFO -   invalid_datasets: 1
2025-11-01 01:31:12,532 - validate - INFO -   total_errors: 2
2025-11-01 01:31:12,532 - validate - INFO -   total_warnings: 202
2025-11-01 01:31:12,532 - validate - INFO -   success_rate: 0.5000
2025-11-01 01:31:12,532 - validate - INFO -   timestamp: 2025-10-31T22:31:12.531873
2025-11-01 01:31:12,532 - validate - INFO - 
Per-dataset results:
2025-11-01 01:31:12,532 - validate - INFO--- Logging error ---
Traceback (most recent call last):
  File "C:\Users\Dimon\AppData\Local\Programs\Python\Python313\Lib\logging\__init__.py", line 1154, in emit
    stream.write(msg + self.terminator)
    ~~~~~~~~~~~~^^^^^^^^^^^^^^^^^^^^^^^
  File "C:\Users\Dimon\AppData\Local\Programs\Python\Python313\Lib\site-packages\colorama\ansitowin32.py", line 47, in write
    self.__convertor.write(text)
    ~~~~~~~~~~~~~~~~~~~~~~^^^^^^
  File "C:\Users\Dimon\AppData\Local\Programs\Python\Python313\Lib\site-packages\colorama\ansitowin32.py", line 177, in write
    self.write_and_convert(text)
    ~~~~~~~~~~~~~~~~~~~~~~^^^^^^
  File "C:\Users\Dimon\AppData\Local\Programs\Python\Python313\Lib\site-packages\colorama\ansitowin32.py", line 205, in write_and_convert
    self.write_plain_text(text, cursor, len(text))
    ~~~~~~~~~~~~~~~~~~~~~^^^^^^^^^^^^^^^^^^^^^^^^^
  File "C:\Users\Dimon\AppData\Local\Programs\Python\Python313\Lib\site-packages\colorama\ansitowin32.py", line 210, in write_plain_text
    self.wrapped.write(text[start:end])
    ~~~~~~~~~~~~~~~~~~^^^^^^^^^^^^^^^^^
  File "C:\Users\Dimon\AppData\Local\Programs\Python\Python313\Lib\encodings\cp1251.py", line 19, in encode
    return codecs.charmap_encode(input,self.errors,encoding_table)[0]
           ~~~~~~~~~~~~~~~~~~~~~^^^^^^^^^^^^^^^^^^^^^^^^^^^^^^^^^^
UnicodeEncodeError: 'charmap' codec can't encode character '\u2705' in position 5: character maps to <undefined>
Call stack:
  File "C:\scripts\1repo\run_mvp.py", line 680, in <module>
    main()
  File "C:\scripts\1repo\run_mvp.py", line 660, in main
    orchestrator.generate_reports()
  File "C:\scripts\1repo\run_mvp.py", line 522, in generate_reports
    self.validator.print_summary()
  File "C:\scripts\1repo\validate.py", line 784, in print_summary
    self.report.print_summary()
  File "C:\scripts\1repo\validate.py", line 644, in print_summary
    logger.info(f"  {status} - {dataset} (errors: {errors}, warnings: {warnings})")
Message: '  \u2705 VALID - norton_kaplan_balanced_scorecard.dataset.jsonl (errors: 0, warnings: 0)'
Arguments: ()
2025-11-01 01:31:12,533 - validate - INFO--- Logging error ---
Traceback (most recent call last):
  File "C:\Users\Dimon\AppData\Local\Programs\Python\Python313\Lib\logging\__init__.py", line 1154, in emit
    stream.write(msg + self.terminator)
    ~~~~~~~~~~~~^^^^^^^^^^^^^^^^^^^^^^^
  File "C:\Users\Dimon\AppData\Local\Programs\Python\Python313\Lib\site-packages\colorama\ansitowin32.py", line 47, in write
    self.__convertor.write(text)
    ~~~~~~~~~~~~~~~~~~~~~~^^^^^^
  File "C:\Users\Dimon\AppData\Local\Programs\Python\Python313\Lib\site-packages\colorama\ansitowin32.py", line 177, in write
    self.write_and_convert(text)
    ~~~~~~~~~~~~~~~~~~~~~~^^^^^^
  File "C:\Users\Dimon\AppData\Local\Programs\Python\Python313\Lib\site-packages\colorama\ansitowin32.py", line 205, in write_and_convert
    self.write_plain_text(text, cursor, len(text))
    ~~~~~~~~~~~~~~~~~~~~~^^^^^^^^^^^^^^^^^^^^^^^^^
  File "C:\Users\Dimon\AppData\Local\Programs\Python\Python313\Lib\site-packages\colorama\ansitowin32.py", line 210, in write_plain_text
    self.wrapped.write(text[start:end])
    ~~~~~~~~~~~~~~~~~~^^^^^^^^^^^^^^^^^
  File "C:\Users\Dimon\AppData\Local\Programs\Python\Python313\Lib\encodings\cp1251.py", line 19, in encode
    return codecs.charmap_encode(input,self.errors,encoding_table)[0]
           ~~~~~~~~~~~~~~~~~~~~~^^^^^^^^^^^^^^^^^^^^^^^^^^^^^^^^^^
UnicodeEncodeError: 'charmap' codec can't encode character '\u274c' in position 5: character maps to <undefined>
Call stack:
  File "C:\scripts\1repo\run_mvp.py", line 680, in <module>
    main()
  File "C:\scripts\1repo\run_mvp.py", line 660, in main
    orchestrator.generate_reports()
  File "C:\scripts\1repo\run_mvp.py", line 522, in generate_reports
    self.validator.print_summary()
  File "C:\scripts\1repo\validate.py", line 784, in print_summary
    self.report.print_summary()
  File "C:\scripts\1repo\validate.py", line 644, in print_summary
    logger.info(f"  {status} - {dataset} (errors: {errors}, warnings: {warnings})")
Message: '  \u274c INVALID - norton_kaplan_balanced_scorecard.dataset.jsonl (errors: 2, warnings: 202)'
Arguments: ()
2025-11-01 01:31:12,534 - __main__ - INFO - ============================================================
2025-11-01 01:31:12,534 - __main__ - INFO--- Logging error ---
Traceback (most recent call last):
  File "C:\Users\Dimon\AppData\Local\Programs\Python\Python313\Lib\logging\__init__.py", line 1154, in emit
    stream.write(msg + self.terminator)
    ~~~~~~~~~~~~^^^^^^^^^^^^^^^^^^^^^^^
  File "C:\Users\Dimon\AppData\Local\Programs\Python\Python313\Lib\site-packages\colorama\ansitowin32.py", line 47, in write
    self.__convertor.write(text)
    ~~~~~~~~~~~~~~~~~~~~~~^^^^^^
  File "C:\Users\Dimon\AppData\Local\Programs\Python\Python313\Lib\site-packages\colorama\ansitowin32.py", line 177, in write
    self.write_and_convert(text)
    ~~~~~~~~~~~~~~~~~~~~~~^^^^^^
  File "C:\Users\Dimon\AppData\Local\Programs\Python\Python313\Lib\site-packages\colorama\ansitowin32.py", line 205, in write_and_convert
    self.write_plain_text(text, cursor, len(text))
    ~~~~~~~~~~~~~~~~~~~~~^^^^^^^^^^^^^^^^^^^^^^^^^
  File "C:\Users\Dimon\AppData\Local\Programs\Python\Python313\Lib\site-packages\colorama\ansitowin32.py", line 210, in write_plain_text
    self.wrapped.write(text[start:end])
    ~~~~~~~~~~~~~~~~~~^^^^^^^^^^^^^^^^^
  File "C:\Users\Dimon\AppData\Local\Programs\Python\Python313\Lib\encodings\cp1251.py", line 19, in encode
    return codecs.charmap_encode(input,self.errors,encoding_table)[0]
           ~~~~~~~~~~~~~~~~~~~~~^^^^^^^^^^^^^^^^^^^^^^^^^^^^^^^^^^
UnicodeEncodeError: 'charmap' codec can't encode character '\u2705' in position 5: character maps to <undefined>
Call stack:
  File "C:\scripts\1repo\run_mvp.py", line 680, in <module>
    main()
  File "C:\scripts\1repo\run_mvp.py", line 667, in main
    log_section(logger, "\u2705 PIPELINE COMPLETED SUCCESSFULLY", "INFO")
  File "C:\scripts\1repo\am_logging.py", line 588, in log_section
    log_func(f"  {title}")
Message: '  \u2705 PIPELINE COMPLETED SUCCESSFULLY'
Arguments: ()
2025-11-01 01:31:12,535 - __main__ - INFO - ============================================================
