[WARN] OCR not available
2025-11-05 12:10:14,569 - faiss.loader - INFO - Loading faiss with AVX512 support.
2025-11-05 12:10:14,569 - faiss.loader - INFO - Could not load library with AVX512 support due to:
ModuleNotFoundError("No module named 'faiss.swigfaiss_avx512'")
2025-11-05 12:10:14,569 - faiss.loader - INFO - Loading faiss with AVX2 support.
2025-11-05 12:10:14,703 - faiss.loader - INFO - Successfully loaded faiss with AVX2 support.
2025-11-05 12:10:14,711 - am_common - INFO - Loading config: config\batch_full.yaml
2025-11-05 12:10:14,726 - am_common - INFO - Config loaded successfully
2025-11-05 12:10:14,726 - quality_tracker - INFO - Quality tracker initialized: c:\scripts\1repo\data\quality
2025-11-05 12:10:14,727 - __main__ - INFO - ============================================================
2025-11-05 12:10:14,727 - __main__ - INFO--- Logging error ---
Traceback (most recent call last):
  File "C:\Users\Dimon\AppData\Local\Programs\Python\Python313\Lib\logging\__init__.py", line 1154, in emit
    stream.write(msg + self.terminator)
    ~~~~~~~~~~~~^^^^^^^^^^^^^^^^^^^^^^^
  File "C:\Users\Dimon\AppData\Local\Programs\Python\Python313\Lib\site-packages\colorama\ansitowin32.py", line 47, in write
    self.__convertor.write(text)
    ~~~~~~~~~~~~~~~~~~~~~~^^^^^^
  File "C:\Users\Dimon\AppData\Local\Programs\Python\Python313\Lib\site-packages\colorama\ansitowin32.py", line 177, in write
    self.write_and_convert(text)
    ~~~~~~~~~~~~~~~~~~~~~~^^^^^^
  File "C:\Users\Dimon\AppData\Local\Programs\Python\Python313\Lib\site-packages\colorama\ansitowin32.py", line 205, in write_and_convert
    self.write_plain_text(text, cursor, len(text))
    ~~~~~~~~~~~~~~~~~~~~~^^^^^^^^^^^^^^^^^^^^^^^^^
  File "C:\Users\Dimon\AppData\Local\Programs\Python\Python313\Lib\site-packages\colorama\ansitowin32.py", line 210, in write_plain_text
    self.wrapped.write(text[start:end])
    ~~~~~~~~~~~~~~~~~~^^^^^^^^^^^^^^^^^
  File "C:\Users\Dimon\AppData\Local\Programs\Python\Python313\Lib\encodings\cp1251.py", line 19, in encode
    return codecs.charmap_encode(input,self.errors,encoding_table)[0]
           ~~~~~~~~~~~~~~~~~~~~~^^^^^^^^^^^^^^^^^^^^^^^^^^^^^^^^^^
UnicodeEncodeError: 'charmap' codec can't encode character '\U0001f680' in position 5: character maps to <undefined>
Call stack:
  File "c:\scripts\1repo\run_mvp.py", line 680, in <module>
    main()
  File "c:\scripts\1repo\run_mvp.py", line 605, in main
    orchestrator = PipelineOrchestrator(
  File "c:\scripts\1repo\run_mvp.py", line 136, in __init__
    log_section(logger, f"\U0001f680 {PRODUCT_NAME} {VERSION}", "INFO")
  File "c:\scripts\1repo\am_logging.py", line 588, in log_section
    log_func(f"  {title}")
Message: '  \U0001f680 archivist magika 2.0.0'
Arguments: ()
2025-11-05 12:10:14,760 - __main__ - INFO - ============================================================
2025-11-05 12:10:14,760 - __main__ - INFO - Quality check: enabled
2025-11-05 12:10:14,760 - __main__ - INFO - Validation: enabled
2025-11-05 12:10:14,760 - __main__ - INFO - Dry run: no
2025-11-05 12:10:14,760 - __main__ - INFO - Starting: run_single_pipeline
2025-11-05 12:10:14,760 - __main__ - INFO - Processing: Project Management Institute - Руководство к своду знаний по управлению проектами (Руководство PMBOK) и Стандарт управления проектом. Седьмое издание - 2021.pdf
2025-11-05 12:10:14,760 - __main__ - INFO--- Logging error ---
Traceback (most recent call last):
  File "C:\Users\Dimon\AppData\Local\Programs\Python\Python313\Lib\logging\__init__.py", line 1154, in emit
    stream.write(msg + self.terminator)
    ~~~~~~~~~~~~^^^^^^^^^^^^^^^^^^^^^^^
  File "C:\Users\Dimon\AppData\Local\Programs\Python\Python313\Lib\site-packages\colorama\ansitowin32.py", line 47, in write
    self.__convertor.write(text)
    ~~~~~~~~~~~~~~~~~~~~~~^^^^^^
  File "C:\Users\Dimon\AppData\Local\Programs\Python\Python313\Lib\site-packages\colorama\ansitowin32.py", line 177, in write
    self.write_and_convert(text)
    ~~~~~~~~~~~~~~~~~~~~~~^^^^^^
  File "C:\Users\Dimon\AppData\Local\Programs\Python\Python313\Lib\site-packages\colorama\ansitowin32.py", line 205, in write_and_convert
    self.write_plain_text(text, cursor, len(text))
    ~~~~~~~~~~~~~~~~~~~~~^^^^^^^^^^^^^^^^^^^^^^^^^
  File "C:\Users\Dimon\AppData\Local\Programs\Python\Python313\Lib\site-packages\colorama\ansitowin32.py", line 210, in write_plain_text
    self.wrapped.write(text[start:end])
    ~~~~~~~~~~~~~~~~~~^^^^^^^^^^^^^^^^^
  File "C:\Users\Dimon\AppData\Local\Programs\Python\Python313\Lib\encodings\cp1251.py", line 19, in encode
    return codecs.charmap_encode(input,self.errors,encoding_table)[0]
           ~~~~~~~~~~~~~~~~~~~~~^^^^^^^^^^^^^^^^^^^^^^^^^^^^^^^^^^
UnicodeEncodeError: 'charmap' codec can't encode character '\u2192' in position 24: character maps to <undefined>
Call stack:
  File "c:\scripts\1repo\run_mvp.py", line 680, in <module>
    main()
  File "c:\scripts\1repo\run_mvp.py", line 652, in main
    results = orchestrator.run_single(
  File "c:\scripts\1repo\run_mvp.py", line 196, in run_single
    logger.info(f"Pipeline: {start_stage} \u2192 {end_stage}")
Message: 'Pipeline: structural \u2192 embed'
Arguments: ()
2025-11-05 12:10:14,761 - __main__ - INFO--- Logging error ---
Traceback (most recent call last):
  File "C:\Users\Dimon\AppData\Local\Programs\Python\Python313\Lib\logging\__init__.py", line 1154, in emit
    stream.write(msg + self.terminator)
    ~~~~~~~~~~~~^^^^^^^^^^^^^^^^^^^^^^^
  File "C:\Users\Dimon\AppData\Local\Programs\Python\Python313\Lib\site-packages\colorama\ansitowin32.py", line 47, in write
    self.__convertor.write(text)
    ~~~~~~~~~~~~~~~~~~~~~~^^^^^^
  File "C:\Users\Dimon\AppData\Local\Programs\Python\Python313\Lib\site-packages\colorama\ansitowin32.py", line 177, in write
    self.write_and_convert(text)
    ~~~~~~~~~~~~~~~~~~~~~~^^^^^^
  File "C:\Users\Dimon\AppData\Local\Programs\Python\Python313\Lib\site-packages\colorama\ansitowin32.py", line 205, in write_and_convert
    self.write_plain_text(text, cursor, len(text))
    ~~~~~~~~~~~~~~~~~~~~~^^^^^^^^^^^^^^^^^^^^^^^^^
  File "C:\Users\Dimon\AppData\Local\Programs\Python\Python313\Lib\site-packages\colorama\ansitowin32.py", line 210, in write_plain_text
    self.wrapped.write(text[start:end])
    ~~~~~~~~~~~~~~~~~~^^^^^^^^^^^^^^^^^
  File "C:\Users\Dimon\AppData\Local\Programs\Python\Python313\Lib\encodings\cp1251.py", line 19, in encode
    return codecs.charmap_encode(input,self.errors,encoding_table)[0]
           ~~~~~~~~~~~~~~~~~~~~~^^^^^^^^^^^^^^^^^^^^^^^^^^^^^^^^^^
UnicodeEncodeError: 'charmap' codec can't encode character '\u2192' in position 22: character maps to <undefined>
Call stack:
  File "c:\scripts\1repo\run_mvp.py", line 680, in <module>
    main()
  File "c:\scripts\1repo\run_mvp.py", line 652, in main
    results = orchestrator.run_single(
  File "c:\scripts\1repo\run_mvp.py", line 209, in run_single
    logger.info(f"Stages: {' \u2192 '.join(stages)}")
Message: 'Stages: structural \u2192 structure_detect \u2192 summarize \u2192 extended \u2192 finalize \u2192 chunk \u2192 embed'
Arguments: ()
2025-11-05 12:10:14,762 - __main__ - INFO - ============================================================
2025-11-05 12:10:14,762 - __main__ - INFO--- Logging error ---
Traceback (most recent call last):
  File "C:\Users\Dimon\AppData\Local\Programs\Python\Python313\Lib\logging\__init__.py", line 1154, in emit
    stream.write(msg + self.terminator)
    ~~~~~~~~~~~~^^^^^^^^^^^^^^^^^^^^^^^
  File "C:\Users\Dimon\AppData\Local\Programs\Python\Python313\Lib\site-packages\colorama\ansitowin32.py", line 47, in write
    self.__convertor.write(text)
    ~~~~~~~~~~~~~~~~~~~~~~^^^^^^
  File "C:\Users\Dimon\AppData\Local\Programs\Python\Python313\Lib\site-packages\colorama\ansitowin32.py", line 177, in write
    self.write_and_convert(text)
    ~~~~~~~~~~~~~~~~~~~~~~^^^^^^
  File "C:\Users\Dimon\AppData\Local\Programs\Python\Python313\Lib\site-packages\colorama\ansitowin32.py", line 205, in write_and_convert
    self.write_plain_text(text, cursor, len(text))
    ~~~~~~~~~~~~~~~~~~~~~^^^^^^^^^^^^^^^^^^^^^^^^^
  File "C:\Users\Dimon\AppData\Local\Programs\Python\Python313\Lib\site-packages\colorama\ansitowin32.py", line 210, in write_plain_text
    self.wrapped.write(text[start:end])
    ~~~~~~~~~~~~~~~~~~^^^^^^^^^^^^^^^^^
  File "C:\Users\Dimon\AppData\Local\Programs\Python\Python313\Lib\encodings\cp1251.py", line 19, in encode
    return codecs.charmap_encode(input,self.errors,encoding_table)[0]
           ~~~~~~~~~~~~~~~~~~~~~^^^^^^^^^^^^^^^^^^^^^^^^^^^^^^^^^^
UnicodeEncodeError: 'charmap' codec can't encode character '\U0001f4c4' in position 5: character maps to <undefined>
Call stack:
  File "c:\scripts\1repo\run_mvp.py", line 680, in <module>
    main()
  File "c:\scripts\1repo\run_mvp.py", line 652, in main
    results = orchestrator.run_single(
  File "c:\scripts\1repo\run_mvp.py", line 222, in run_single
    log_stage(logger, stage, "Starting")
  File "c:\scripts\1repo\am_logging.py", line 613, in log_stage
    log_section(logger, f"{emoji} {action}: {stage.upper()}", "INFO")
  File "c:\scripts\1repo\am_logging.py", line 588, in log_section
    log_func(f"  {title}")
Message: '  \U0001f4c4 Starting: STRUCTURAL'
Arguments: ()
2025-11-05 12:10:14,762 - __main__ - INFO - ============================================================
2025-11-05 12:10:14,762 - am_common - INFO - Loading config: config\batch_full.yaml
2025-11-05 12:10:14,777 - am_common - INFO - Config loaded successfully
2025-11-05 12:10:14,777 - am_structural_robust - INFO - Text extractor chain: ['pdfminer', 'pdfplumber', 'pypdf2']
2025-11-05 12:10:14,777 - am_structural_robust - INFO - Table extractor chain: ['pdfplumber']
2025-11-05 12:10:14,777 - am_structural_robust - INFO - Processing: Project Management Institute - Руководство к своду знаний по управлению проектами (Руководство PMBOK) и Стандарт управления проектом. Седьмое издание - 2021.pdf
2025-11-05 12:10:14,921 - am_structural_robust - INFO - PDF: Руководство к Своду знаний по управлению проектом И Стандарт управления проектом—РУКОВОДСТВО PMBOK® Седьмое издание
2025-11-05 12:10:15,070 - am_structural_robust - INFO - Total pages: 374
2025-11-05 12:10:15,446 - am_structural_robust - ERROR - [X] Page 0: All extractors failed
2025-11-05 12:10:17,066 - am_structural_robust - ERROR - [X] Page 4: All extractors failed
2025-11-05 12:10:18,116 - am_structural_robust - ERROR - [X] Page 6: All extractors failed
2025-11-05 12:10:29,228 - am_structural_robust - ERROR - [X] Page 28: All extractors failed
2025-11-05 12:10:31,058 - am_structural_robust - ERROR - [X] Page 32: All extractors failed
2025-11-05 12:10:39,183 - am_structural_robust - INFO -   Processed 50/374 pages
2025-11-05 12:11:03,390 - am_structural_robust - ERROR - [X] Page 93: All extractors failed
2025-11-05 12:11:03,893 - am_structural_robust - ERROR - [X] Page 94: All extractors failed
2025-11-05 12:11:04,935 - am_structural_robust - ERROR - [X] Page 96: All extractors failed
2025-11-05 12:11:06,801 - am_structural_robust - INFO -   Processed 100/374 pages
2025-11-05 12:11:35,641 - am_structural_robust - INFO -   Processed 150/374 pages
2025-11-05 12:12:04,013 - am_structural_robust - INFO -   Processed 200/374 pages
2025-11-05 12:12:19,505 - am_structural_robust - ERROR - [X] Page 224: All extractors failed
2025-11-05 12:12:34,007 - am_structural_robust - INFO -   Processed 250/374 pages
2025-11-05 12:13:00,756 - am_structural_robust - INFO -   Processed 300/374 pages
2025-11-05 12:13:05,878 - am_structural_robust - ERROR - [X] Page 310: All extractors failed
2025-11-05 12:13:12,168 - am_structural_robust - ERROR - [X] Page 320: All extractors failed
2025-11-05 12:13:25,898 - am_structural_robust - INFO -   Processed 350/374 pages
2025-11-05 12:13:36,559 - am_structural_robust - ERROR - [X] Page 372: All extractors failed
2025-11-05 12:13:37,275 - am_structural_robust - ERROR - [X] Page 373: All extractors failed
2025-11-05 12:13:37,425 - am_structural_robust - INFO - Extraction complete: 374 success, 0 failed
2025-11-05 12:13:37,425 - am_structural_robust - INFO -   Methods used: {'pdfminer': 361}
2025-11-05 12:13:37,425 - am_structural_robust - INFO -   OCR used: 0 pages
2025-11-05 12:13:37,426 - am_structural_robust - INFO -   Tables found: 32
2025-11-05 12:13:37,441 - am_common - INFO - Saving dataset: c:\scripts\1repo\data\datasets\structural\project_management_institute_-_руководство_к_своду_знаний_по_управлению_проектами_(руководство_pmbok)_и_стандарт_управления_проектом._седьмое_издание_-_2021.dataset.jsonl (374 cards)
2025-11-05 12:13:37,449 - am_common - INFO - Saved: 374 cards to project_management_institute_-_руководство_к_своду_знаний_по_управлению_проектами_(руководство_pmbok)_и_стандарт_управления_проектом._седьмое_издание_-_2021.dataset.jsonl (1.27 MB)
2025-11-05 12:13:37,450 - am_structural_robust - INFO - Dataset saved: 1.27 MB
2025-11-05 12:13:37,450 - quality_tracker - INFO - Starting: track_quality
2025-11-05 12:13:37,450 - quality_tracker - INFO - structural metrics:
2025-11-05 12:13:37,450 - quality_tracker - INFO -   total_pages: 374
2025-11-05 12:13:37,451 - quality_tracker - INFO -   success_pages: 374
2025-11-05 12:13:37,451 - quality_tracker - INFO -   failed_pages: 0
2025-11-05 12:13:37,451 - quality_tracker - INFO -   success_ratio: 1.0000
2025-11-05 12:13:37,451 - quality_tracker - INFO -   empty_pages: 14
2025-11-05 12:13:37,451 - quality_tracker - INFO -   avg_page_length: 1734.1979
2025-11-05 12:13:37,451 - quality_tracker - INFO -   extraction_methods: {'pdfminer': 361}
2025-11-05 12:13:37,451 - quality_tracker - INFO -   ocr_used: 0
2025-11-05 12:13:37,451 - quality_tracker - INFO -   tables_found: 32
2025-11-05 12:13:37,451 - quality_tracker - INFO--- Logging error ---
Traceback (most recent call last):
  File "C:\Users\Dimon\AppData\Local\Programs\Python\Python313\Lib\logging\__init__.py", line 1154, in emit
    stream.write(msg + self.terminator)
    ~~~~~~~~~~~~^^^^^^^^^^^^^^^^^^^^^^^
  File "C:\Users\Dimon\AppData\Local\Programs\Python\Python313\Lib\site-packages\colorama\ansitowin32.py", line 47, in write
    self.__convertor.write(text)
    ~~~~~~~~~~~~~~~~~~~~~~^^^^^^
  File "C:\Users\Dimon\AppData\Local\Programs\Python\Python313\Lib\site-packages\colorama\ansitowin32.py", line 177, in write
    self.write_and_convert(text)
    ~~~~~~~~~~~~~~~~~~~~~~^^^^^^
  File "C:\Users\Dimon\AppData\Local\Programs\Python\Python313\Lib\site-packages\colorama\ansitowin32.py", line 205, in write_and_convert
    self.write_plain_text(text, cursor, len(text))
    ~~~~~~~~~~~~~~~~~~~~~^^^^^^^^^^^^^^^^^^^^^^^^^
  File "C:\Users\Dimon\AppData\Local\Programs\Python\Python313\Lib\site-packages\colorama\ansitowin32.py", line 210, in write_plain_text
    self.wrapped.write(text[start:end])
    ~~~~~~~~~~~~~~~~~~^^^^^^^^^^^^^^^^^
  File "C:\Users\Dimon\AppData\Local\Programs\Python\Python313\Lib\encodings\cp1251.py", line 19, in encode
    return codecs.charmap_encode(input,self.errors,encoding_table)[0]
           ~~~~~~~~~~~~~~~~~~~~~^^^^^^^^^^^^^^^^^^^^^^^^^^^^^^^^^^
UnicodeEncodeError: 'charmap' codec can't encode character '\u2713' in position 3: character maps to <undefined>
Call stack:
  File "c:\scripts\1repo\run_mvp.py", line 680, in <module>
    main()
  File "c:\scripts\1repo\run_mvp.py", line 652, in main
    results = orchestrator.run_single(
  File "c:\scripts\1repo\run_mvp.py", line 226, in run_single
    stage_result = self._run_stage(stage, current_input)
  File "c:\scripts\1repo\run_mvp.py", line 409, in _run_stage
    return processor.process_pdf(input_path, output_dir)
  File "c:\scripts\1repo\am_structural_robust.py", line 569, in process_pdf
    self.quality_tracker.track('structural', pdf_path.name, metrics)
  File "c:\scripts\1repo\quality_tracker.py", line 171, in track
    logger.info(f"\u2713 Quality thresholds passed for {stage}")
Message: '\u2713 Quality thresholds passed for structural'
Arguments: ()
2025-11-05 12:13:37,468 - quality_tracker - INFO - Completed: track_quality (0.02s)
2025-11-05 12:13:37,469 - am_structural_robust - INFO - [OK] Saved: project_management_institute_-_руководство_к_своду_знаний_по_управлению_проектами_(руководство_pmbok)_и_стандарт_управления_проектом._седьмое_издание_-_2021.dataset.jsonl
2025-11-05 12:13:37,469 - validate - INFO - Validating structural: project_management_institute_-_руководство_к_своду_знаний_по_управлению_проектами_(руководство_pmbok)_и_стандарт_управления_проектом._седьмое_издание_-_2021.dataset.jsonl
2025-11-05 12:13:37,469 - am_common - INFO - Loading dataset: c:\scripts\1repo\data\datasets\structural\project_management_institute_-_руководство_к_своду_знаний_по_управлению_проектами_(руководство_pmbok)_и_стандарт_управления_проектом._седьмое_издание_-_2021.dataset.jsonl
2025-11-05 12:13:37,483 - am_common - INFO - Loaded: 374 cards from project_management_institute_-_руководство_к_своду_знаний_по_управлению_проектами_(руководство_pmbok)_и_стандарт_управления_проектом._седьмое_издание_-_2021.dataset.jsonl
2025-11-05 12:13:37,485 - validate - INFO - [OK] VALID - project_management_institute_-_руководство_к_своду_знаний_по_управлению_проектами_(руководство_pmbok)_и_стандарт_управления_проектом._седьмое_издание_-_2021.dataset.jsonl
2025-11-05 12:13:37,485 - __main__ - INFO - ============================================================
2025-11-05 12:13:37,485 - __main__ - INFO--- Logging error ---
Traceback (most recent call last):
  File "C:\Users\Dimon\AppData\Local\Programs\Python\Python313\Lib\logging\__init__.py", line 1154, in emit
    stream.write(msg + self.terminator)
    ~~~~~~~~~~~~^^^^^^^^^^^^^^^^^^^^^^^
  File "C:\Users\Dimon\AppData\Local\Programs\Python\Python313\Lib\site-packages\colorama\ansitowin32.py", line 47, in write
    self.__convertor.write(text)
    ~~~~~~~~~~~~~~~~~~~~~~^^^^^^
  File "C:\Users\Dimon\AppData\Local\Programs\Python\Python313\Lib\site-packages\colorama\ansitowin32.py", line 177, in write
    self.write_and_convert(text)
    ~~~~~~~~~~~~~~~~~~~~~~^^^^^^
  File "C:\Users\Dimon\AppData\Local\Programs\Python\Python313\Lib\site-packages\colorama\ansitowin32.py", line 205, in write_and_convert
    self.write_plain_text(text, cursor, len(text))
    ~~~~~~~~~~~~~~~~~~~~~^^^^^^^^^^^^^^^^^^^^^^^^^
  File "C:\Users\Dimon\AppData\Local\Programs\Python\Python313\Lib\site-packages\colorama\ansitowin32.py", line 210, in write_plain_text
    self.wrapped.write(text[start:end])
    ~~~~~~~~~~~~~~~~~~^^^^^^^^^^^^^^^^^
  File "C:\Users\Dimon\AppData\Local\Programs\Python\Python313\Lib\encodings\cp1251.py", line 19, in encode
    return codecs.charmap_encode(input,self.errors,encoding_table)[0]
           ~~~~~~~~~~~~~~~~~~~~~^^^^^^^^^^^^^^^^^^^^^^^^^^^^^^^^^^
UnicodeEncodeError: 'charmap' codec can't encode character '\U0001f4c4' in position 5: character maps to <undefined>
Call stack:
  File "c:\scripts\1repo\run_mvp.py", line 680, in <module>
    main()
  File "c:\scripts\1repo\run_mvp.py", line 652, in main
    results = orchestrator.run_single(
  File "c:\scripts\1repo\run_mvp.py", line 253, in run_single
    log_stage(logger, stage, "Completed")
  File "c:\scripts\1repo\am_logging.py", line 613, in log_stage
    log_section(logger, f"{emoji} {action}: {stage.upper()}", "INFO")
  File "c:\scripts\1repo\am_logging.py", line 588, in log_section
    log_func(f"  {title}")
Message: '  \U0001f4c4 Completed: STRUCTURAL'
Arguments: ()
2025-11-05 12:13:37,486 - __main__ - INFO - ============================================================
2025-11-05 12:13:37,486 - __main__ - INFO - ============================================================
2025-11-05 12:13:37,486 - __main__ - INFO--- Logging error ---
Traceback (most recent call last):
  File "C:\Users\Dimon\AppData\Local\Programs\Python\Python313\Lib\logging\__init__.py", line 1154, in emit
    stream.write(msg + self.terminator)
    ~~~~~~~~~~~~^^^^^^^^^^^^^^^^^^^^^^^
  File "C:\Users\Dimon\AppData\Local\Programs\Python\Python313\Lib\site-packages\colorama\ansitowin32.py", line 47, in write
    self.__convertor.write(text)
    ~~~~~~~~~~~~~~~~~~~~~~^^^^^^
  File "C:\Users\Dimon\AppData\Local\Programs\Python\Python313\Lib\site-packages\colorama\ansitowin32.py", line 177, in write
    self.write_and_convert(text)
    ~~~~~~~~~~~~~~~~~~~~~~^^^^^^
  File "C:\Users\Dimon\AppData\Local\Programs\Python\Python313\Lib\site-packages\colorama\ansitowin32.py", line 205, in write_and_convert
    self.write_plain_text(text, cursor, len(text))
    ~~~~~~~~~~~~~~~~~~~~~^^^^^^^^^^^^^^^^^^^^^^^^^
  File "C:\Users\Dimon\AppData\Local\Programs\Python\Python313\Lib\site-packages\colorama\ansitowin32.py", line 210, in write_plain_text
    self.wrapped.write(text[start:end])
    ~~~~~~~~~~~~~~~~~~^^^^^^^^^^^^^^^^^
  File "C:\Users\Dimon\AppData\Local\Programs\Python\Python313\Lib\encodings\cp1251.py", line 19, in encode
    return codecs.charmap_encode(input,self.errors,encoding_table)[0]
           ~~~~~~~~~~~~~~~~~~~~~^^^^^^^^^^^^^^^^^^^^^^^^^^^^^^^^^^
UnicodeEncodeError: 'charmap' codec can't encode character '\U0001f4d6' in position 5: character maps to <undefined>
Call stack:
  File "c:\scripts\1repo\run_mvp.py", line 680, in <module>
    main()
  File "c:\scripts\1repo\run_mvp.py", line 652, in main
    results = orchestrator.run_single(
  File "c:\scripts\1repo\run_mvp.py", line 222, in run_single
    log_stage(logger, stage, "Starting")
  File "c:\scripts\1repo\am_logging.py", line 613, in log_stage
    log_section(logger, f"{emoji} {action}: {stage.upper()}", "INFO")
  File "c:\scripts\1repo\am_logging.py", line 588, in log_section
    log_func(f"  {title}")
Message: '  \U0001f4d6 Starting: STRUCTURE_DETECT'
Arguments: ()
2025-11-05 12:13:37,486 - __main__ - INFO - ============================================================
2025-11-05 12:13:37,486 - am_common - INFO - Loading config: config\batch_full.yaml
2025-11-05 12:13:37,502 - am_common - INFO - Config loaded successfully
2025-11-05 12:13:37,503 - am_structure_detect - INFO - Processing: project_management_institute_-_руководство_к_своду_знаний_по_управлению_проектами_(руководство_pmbok)_и_стандарт_управления_проектом._седьмое_издание_-_2021.dataset.jsonl
2025-11-05 12:13:37,503 - am_common - INFO - Loading dataset: c:\scripts\1repo\data\datasets\structural\project_management_institute_-_руководство_к_своду_знаний_по_управлению_проектами_(руководство_pmbok)_и_стандарт_управления_проектом._седьмое_издание_-_2021.dataset.jsonl
2025-11-05 12:13:37,511 - am_common - INFO - Loaded: 374 cards from project_management_institute_-_руководство_к_своду_знаний_по_управлению_проектами_(руководство_pmbok)_и_стандарт_управления_проектом._седьмое_издание_-_2021.dataset.jsonl
2025-11-05 12:13:37,512 - am_structure_detect - INFO - TOC found: pages 9-9
2025-11-05 12:13:37,513 - am_structure_detect - INFO - Detected 0 chapters
2025-11-05 12:13:37,515 - am_structure_detect - INFO - Detected 26 sections
2025-11-05 12:13:37,515 - am_common - INFO - Saving dataset: c:\scripts\1repo\data\datasets\structured\project_management_institute_-_руководство_к_своду_знаний_по_управлению_проектами_(руководство_pmbok)_и_стандарт_управления_проектом._седьмое_издание_-_2021.dataset.jsonl (374 cards)
2025-11-05 12:13:37,524 - am_common - INFO - Saved: 374 cards to project_management_institute_-_руководство_к_своду_знаний_по_управлению_проектами_(руководство_pmbok)_и_стандарт_управления_проектом._седьмое_издание_-_2021.dataset.jsonl (1.32 MB)
2025-11-05 12:13:37,524 - quality_tracker - INFO - Starting: track_quality
2025-11-05 12:13:37,524 - quality_tracker - INFO - structure_detect metrics:
2025-11-05 12:13:37,525 - quality_tracker - INFO -   total_pages: 374
2025-11-05 12:13:37,525 - quality_tracker - INFO -   chapters_detected: 0
2025-11-05 12:13:37,525 - quality_tracker - INFO -   sections_detected: 26
2025-11-05 12:13:37,525 - quality_tracker - INFO -   pages_with_structure: 359
2025-11-05 12:13:37,525 - quality_tracker - INFO -   structure_coverage: 0.9599
2025-11-05 12:13:37,525 - quality_tracker - INFO -   avg_chapter_length: 0
2025-11-05 12:13:37,525 - quality_tracker - INFO--- Logging error ---
Traceback (most recent call last):
  File "C:\Users\Dimon\AppData\Local\Programs\Python\Python313\Lib\logging\__init__.py", line 1154, in emit
    stream.write(msg + self.terminator)
    ~~~~~~~~~~~~^^^^^^^^^^^^^^^^^^^^^^^
  File "C:\Users\Dimon\AppData\Local\Programs\Python\Python313\Lib\site-packages\colorama\ansitowin32.py", line 47, in write
    self.__convertor.write(text)
    ~~~~~~~~~~~~~~~~~~~~~~^^^^^^
  File "C:\Users\Dimon\AppData\Local\Programs\Python\Python313\Lib\site-packages\colorama\ansitowin32.py", line 177, in write
    self.write_and_convert(text)
    ~~~~~~~~~~~~~~~~~~~~~~^^^^^^
  File "C:\Users\Dimon\AppData\Local\Programs\Python\Python313\Lib\site-packages\colorama\ansitowin32.py", line 205, in write_and_convert
    self.write_plain_text(text, cursor, len(text))
    ~~~~~~~~~~~~~~~~~~~~~^^^^^^^^^^^^^^^^^^^^^^^^^
  File "C:\Users\Dimon\AppData\Local\Programs\Python\Python313\Lib\site-packages\colorama\ansitowin32.py", line 210, in write_plain_text
    self.wrapped.write(text[start:end])
    ~~~~~~~~~~~~~~~~~~^^^^^^^^^^^^^^^^^
  File "C:\Users\Dimon\AppData\Local\Programs\Python\Python313\Lib\encodings\cp1251.py", line 19, in encode
    return codecs.charmap_encode(input,self.errors,encoding_table)[0]
           ~~~~~~~~~~~~~~~~~~~~~^^^^^^^^^^^^^^^^^^^^^^^^^^^^^^^^^^
UnicodeEncodeError: 'charmap' codec can't encode character '\u2713' in position 3: character maps to <undefined>
Call stack:
  File "c:\scripts\1repo\run_mvp.py", line 680, in <module>
    main()
  File "c:\scripts\1repo\run_mvp.py", line 652, in main
    results = orchestrator.run_single(
  File "c:\scripts\1repo\run_mvp.py", line 226, in run_single
    stage_result = self._run_stage(stage, current_input)
  File "c:\scripts\1repo\run_mvp.py", line 419, in _run_stage
    return processor.process_dataset(input_path, output_dir)
  File "c:\scripts\1repo\am_structure_detect.py", line 309, in process_dataset
    self.quality_tracker.track('structure_detect', input_path.name, metrics)
  File "c:\scripts\1repo\quality_tracker.py", line 171, in track
    logger.info(f"\u2713 Quality thresholds passed for {stage}")
Message: '\u2713 Quality thresholds passed for structure_detect'
Arguments: ()
2025-11-05 12:13:37,534 - quality_tracker - INFO - Completed: track_quality (0.01s)
2025-11-05 12:13:37,534 - am_structure_detect - INFO - Saved: project_management_institute_-_руководство_к_своду_знаний_по_управлению_проектами_(руководство_pmbok)_и_стандарт_управления_проектом._седьмое_издание_-_2021.dataset.jsonl
2025-11-05 12:13:37,534 - __main__ - ERROR - Validation failed: Unknown stage: structure_detect
2025-11-05 12:13:37,534 - __main__ - WARNING - Validation issues: 1 errors
2025-11-05 12:13:37,534 - __main__ - INFO - ============================================================
2025-11-05 12:13:37,534 - __main__ - INFO--- Logging error ---
Traceback (most recent call last):
  File "C:\Users\Dimon\AppData\Local\Programs\Python\Python313\Lib\logging\__init__.py", line 1154, in emit
    stream.write(msg + self.terminator)
    ~~~~~~~~~~~~^^^^^^^^^^^^^^^^^^^^^^^
  File "C:\Users\Dimon\AppData\Local\Programs\Python\Python313\Lib\site-packages\colorama\ansitowin32.py", line 47, in write
    self.__convertor.write(text)
    ~~~~~~~~~~~~~~~~~~~~~~^^^^^^
  File "C:\Users\Dimon\AppData\Local\Programs\Python\Python313\Lib\site-packages\colorama\ansitowin32.py", line 177, in write
    self.write_and_convert(text)
    ~~~~~~~~~~~~~~~~~~~~~~^^^^^^
  File "C:\Users\Dimon\AppData\Local\Programs\Python\Python313\Lib\site-packages\colorama\ansitowin32.py", line 205, in write_and_convert
    self.write_plain_text(text, cursor, len(text))
    ~~~~~~~~~~~~~~~~~~~~~^^^^^^^^^^^^^^^^^^^^^^^^^
  File "C:\Users\Dimon\AppData\Local\Programs\Python\Python313\Lib\site-packages\colorama\ansitowin32.py", line 210, in write_plain_text
    self.wrapped.write(text[start:end])
    ~~~~~~~~~~~~~~~~~~^^^^^^^^^^^^^^^^^
  File "C:\Users\Dimon\AppData\Local\Programs\Python\Python313\Lib\encodings\cp1251.py", line 19, in encode
    return codecs.charmap_encode(input,self.errors,encoding_table)[0]
           ~~~~~~~~~~~~~~~~~~~~~^^^^^^^^^^^^^^^^^^^^^^^^^^^^^^^^^^
UnicodeEncodeError: 'charmap' codec can't encode character '\U0001f4d6' in position 5: character maps to <undefined>
Call stack:
  File "c:\scripts\1repo\run_mvp.py", line 680, in <module>
    main()
  File "c:\scripts\1repo\run_mvp.py", line 652, in main
    results = orchestrator.run_single(
  File "c:\scripts\1repo\run_mvp.py", line 253, in run_single
    log_stage(logger, stage, "Completed")
  File "c:\scripts\1repo\am_logging.py", line 613, in log_stage
    log_section(logger, f"{emoji} {action}: {stage.upper()}", "INFO")
  File "c:\scripts\1repo\am_logging.py", line 588, in log_section
    log_func(f"  {title}")
Message: '  \U0001f4d6 Completed: STRUCTURE_DETECT'
Arguments: ()
2025-11-05 12:13:37,535 - __main__ - INFO - ============================================================
2025-11-05 12:13:37,535 - __main__ - INFO - ============================================================
2025-11-05 12:13:37,535 - __main__ - INFO--- Logging error ---
Traceback (most recent call last):
  File "C:\Users\Dimon\AppData\Local\Programs\Python\Python313\Lib\logging\__init__.py", line 1154, in emit
    stream.write(msg + self.terminator)
    ~~~~~~~~~~~~^^^^^^^^^^^^^^^^^^^^^^^
  File "C:\Users\Dimon\AppData\Local\Programs\Python\Python313\Lib\site-packages\colorama\ansitowin32.py", line 47, in write
    self.__convertor.write(text)
    ~~~~~~~~~~~~~~~~~~~~~~^^^^^^
  File "C:\Users\Dimon\AppData\Local\Programs\Python\Python313\Lib\site-packages\colorama\ansitowin32.py", line 177, in write
    self.write_and_convert(text)
    ~~~~~~~~~~~~~~~~~~~~~~^^^^^^
  File "C:\Users\Dimon\AppData\Local\Programs\Python\Python313\Lib\site-packages\colorama\ansitowin32.py", line 205, in write_and_convert
    self.write_plain_text(text, cursor, len(text))
    ~~~~~~~~~~~~~~~~~~~~~^^^^^^^^^^^^^^^^^^^^^^^^^
  File "C:\Users\Dimon\AppData\Local\Programs\Python\Python313\Lib\site-packages\colorama\ansitowin32.py", line 210, in write_plain_text
    self.wrapped.write(text[start:end])
    ~~~~~~~~~~~~~~~~~~^^^^^^^^^^^^^^^^^
  File "C:\Users\Dimon\AppData\Local\Programs\Python\Python313\Lib\encodings\cp1251.py", line 19, in encode
    return codecs.charmap_encode(input,self.errors,encoding_table)[0]
           ~~~~~~~~~~~~~~~~~~~~~^^^^^^^^^^^^^^^^^^^^^^^^^^^^^^^^^^
UnicodeEncodeError: 'charmap' codec can't encode character '\U0001f4dd' in position 5: character maps to <undefined>
Call stack:
  File "c:\scripts\1repo\run_mvp.py", line 680, in <module>
    main()
  File "c:\scripts\1repo\run_mvp.py", line 652, in main
    results = orchestrator.run_single(
  File "c:\scripts\1repo\run_mvp.py", line 222, in run_single
    log_stage(logger, stage, "Starting")
  File "c:\scripts\1repo\am_logging.py", line 613, in log_stage
    log_section(logger, f"{emoji} {action}: {stage.upper()}", "INFO")
  File "c:\scripts\1repo\am_logging.py", line 588, in log_section
    log_func(f"  {title}")
Message: '  \U0001f4dd Starting: SUMMARIZE'
Arguments: ()
2025-11-05 12:13:37,536 - __main__ - INFO - ============================================================
2025-11-05 12:13:37,536 - am_common - INFO - Loading config: config\batch_full.yaml
2025-11-05 12:13:37,553 - am_common - INFO - Config loaded successfully
2025-11-05 12:13:37,553 - am_summarize - INFO - Processing: project_management_institute_-_руководство_к_своду_знаний_по_управлению_проектами_(руководство_pmbok)_и_стандарт_управления_проектом._седьмое_издание_-_2021.dataset.jsonl
2025-11-05 12:13:37,553 - am_common - INFO - Loading dataset: c:\scripts\1repo\data\datasets\structured\project_management_institute_-_руководство_к_своду_знаний_по_управлению_проектами_(руководство_pmbok)_и_стандарт_управления_проектом._седьмое_издание_-_2021.dataset.jsonl
2025-11-05 12:13:37,569 - am_common - INFO - Loaded: 374 cards from project_management_institute_-_руководство_к_своду_знаний_по_управлению_проектами_(руководство_pmbok)_и_стандарт_управления_проектом._седьмое_издание_-_2021.dataset.jsonl
2025-11-05 12:13:37,782 - am_summarize - INFO - Summarized 360 pages, skipped 14
2025-11-05 12:13:37,783 - am_common - INFO - Saving dataset: c:\scripts\1repo\data\datasets\summarized\project_management_institute_-_руководство_к_своду_знаний_по_управлению_проектами_(руководство_pmbok)_и_стандарт_управления_проектом._седьмое_издание_-_2021.dataset.jsonl (374 cards)
2025-11-05 12:13:37,794 - am_common - INFO - Saved: 374 cards to project_management_institute_-_руководство_к_своду_знаний_по_управлению_проектами_(руководство_pmbok)_и_стандарт_управления_проектом._седьмое_издание_-_2021.dataset.jsonl (1.74 MB)
2025-11-05 12:13:37,794 - quality_tracker - INFO - Starting: track_quality
2025-11-05 12:13:37,795 - quality_tracker - INFO - summarize metrics:
2025-11-05 12:13:37,795 - quality_tracker - INFO -   total_pages: 374
2025-11-05 12:13:37,795 - quality_tracker - INFO -   summarized_pages: 360
2025-11-05 12:13:37,795 - quality_tracker - INFO -   skipped_pages: 14
2025-11-05 12:13:37,795 - quality_tracker - INFO -   summary_coverage: 0.9626
2025-11-05 12:13:37,795 - quality_tracker - INFO -   avg_l1_length: 195.9722
2025-11-05 12:13:37,795 - quality_tracker - INFO -   avg_l2_length: 464.9917
2025-11-05 12:13:37,795 - quality_tracker - INFO -   avg_compression_ratio: 10.7200
2025-11-05 12:13:37,795 - quality_tracker - INFO--- Logging error ---
Traceback (most recent call last):
  File "C:\Users\Dimon\AppData\Local\Programs\Python\Python313\Lib\logging\__init__.py", line 1154, in emit
    stream.write(msg + self.terminator)
    ~~~~~~~~~~~~^^^^^^^^^^^^^^^^^^^^^^^
  File "C:\Users\Dimon\AppData\Local\Programs\Python\Python313\Lib\site-packages\colorama\ansitowin32.py", line 47, in write
    self.__convertor.write(text)
    ~~~~~~~~~~~~~~~~~~~~~~^^^^^^
  File "C:\Users\Dimon\AppData\Local\Programs\Python\Python313\Lib\site-packages\colorama\ansitowin32.py", line 177, in write
    self.write_and_convert(text)
    ~~~~~~~~~~~~~~~~~~~~~~^^^^^^
  File "C:\Users\Dimon\AppData\Local\Programs\Python\Python313\Lib\site-packages\colorama\ansitowin32.py", line 205, in write_and_convert
    self.write_plain_text(text, cursor, len(text))
    ~~~~~~~~~~~~~~~~~~~~~^^^^^^^^^^^^^^^^^^^^^^^^^
  File "C:\Users\Dimon\AppData\Local\Programs\Python\Python313\Lib\site-packages\colorama\ansitowin32.py", line 210, in write_plain_text
    self.wrapped.write(text[start:end])
    ~~~~~~~~~~~~~~~~~~^^^^^^^^^^^^^^^^^
  File "C:\Users\Dimon\AppData\Local\Programs\Python\Python313\Lib\encodings\cp1251.py", line 19, in encode
    return codecs.charmap_encode(input,self.errors,encoding_table)[0]
           ~~~~~~~~~~~~~~~~~~~~~^^^^^^^^^^^^^^^^^^^^^^^^^^^^^^^^^^
UnicodeEncodeError: 'charmap' codec can't encode character '\u2713' in position 3: character maps to <undefined>
Call stack:
  File "c:\scripts\1repo\run_mvp.py", line 680, in <module>
    main()
  File "c:\scripts\1repo\run_mvp.py", line 652, in main
    results = orchestrator.run_single(
  File "c:\scripts\1repo\run_mvp.py", line 226, in run_single
    stage_result = self._run_stage(stage, current_input)
  File "c:\scripts\1repo\run_mvp.py", line 419, in _run_stage
    return processor.process_dataset(input_path, output_dir)
  File "c:\scripts\1repo\am_summarize.py", line 281, in process_dataset
    self.quality_tracker.track('summarize', input_path.name, metrics)
  File "c:\scripts\1repo\quality_tracker.py", line 171, in track
    logger.info(f"\u2713 Quality thresholds passed for {stage}")
Message: '\u2713 Quality thresholds passed for summarize'
Arguments: ()
2025-11-05 12:13:37,811 - quality_tracker - INFO - Completed: track_quality (0.02s)
2025-11-05 12:13:37,811 - am_summarize - INFO - Saved: project_management_institute_-_руководство_к_своду_знаний_по_управлению_проектами_(руководство_pmbok)_и_стандарт_управления_проектом._седьмое_издание_-_2021.dataset.jsonl
2025-11-05 12:13:37,811 - __main__ - ERROR - Validation failed: Unknown stage: summarize
2025-11-05 12:13:37,811 - __main__ - WARNING - Validation issues: 1 errors
2025-11-05 12:13:37,811 - __main__ - INFO - ============================================================
2025-11-05 12:13:37,811 - __main__ - INFO--- Logging error ---
Traceback (most recent call last):
  File "C:\Users\Dimon\AppData\Local\Programs\Python\Python313\Lib\logging\__init__.py", line 1154, in emit
    stream.write(msg + self.terminator)
    ~~~~~~~~~~~~^^^^^^^^^^^^^^^^^^^^^^^
  File "C:\Users\Dimon\AppData\Local\Programs\Python\Python313\Lib\site-packages\colorama\ansitowin32.py", line 47, in write
    self.__convertor.write(text)
    ~~~~~~~~~~~~~~~~~~~~~~^^^^^^
  File "C:\Users\Dimon\AppData\Local\Programs\Python\Python313\Lib\site-packages\colorama\ansitowin32.py", line 177, in write
    self.write_and_convert(text)
    ~~~~~~~~~~~~~~~~~~~~~~^^^^^^
  File "C:\Users\Dimon\AppData\Local\Programs\Python\Python313\Lib\site-packages\colorama\ansitowin32.py", line 205, in write_and_convert
    self.write_plain_text(text, cursor, len(text))
    ~~~~~~~~~~~~~~~~~~~~~^^^^^^^^^^^^^^^^^^^^^^^^^
  File "C:\Users\Dimon\AppData\Local\Programs\Python\Python313\Lib\site-packages\colorama\ansitowin32.py", line 210, in write_plain_text
    self.wrapped.write(text[start:end])
    ~~~~~~~~~~~~~~~~~~^^^^^^^^^^^^^^^^^
  File "C:\Users\Dimon\AppData\Local\Programs\Python\Python313\Lib\encodings\cp1251.py", line 19, in encode
    return codecs.charmap_encode(input,self.errors,encoding_table)[0]
           ~~~~~~~~~~~~~~~~~~~~~^^^^^^^^^^^^^^^^^^^^^^^^^^^^^^^^^^
UnicodeEncodeError: 'charmap' codec can't encode character '\U0001f4dd' in position 5: character maps to <undefined>
Call stack:
  File "c:\scripts\1repo\run_mvp.py", line 680, in <module>
    main()
  File "c:\scripts\1repo\run_mvp.py", line 652, in main
    results = orchestrator.run_single(
  File "c:\scripts\1repo\run_mvp.py", line 253, in run_single
    log_stage(logger, stage, "Completed")
  File "c:\scripts\1repo\am_logging.py", line 613, in log_stage
    log_section(logger, f"{emoji} {action}: {stage.upper()}", "INFO")
  File "c:\scripts\1repo\am_logging.py", line 588, in log_section
    log_func(f"  {title}")
Message: '  \U0001f4dd Completed: SUMMARIZE'
Arguments: ()
2025-11-05 12:13:37,812 - __main__ - INFO - ============================================================
2025-11-05 12:13:37,812 - __main__ - INFO - ============================================================
2025-11-05 12:13:37,812 - __main__ - INFO--- Logging error ---
Traceback (most recent call last):
  File "C:\Users\Dimon\AppData\Local\Programs\Python\Python313\Lib\logging\__init__.py", line 1154, in emit
    stream.write(msg + self.terminator)
    ~~~~~~~~~~~~^^^^^^^^^^^^^^^^^^^^^^^
  File "C:\Users\Dimon\AppData\Local\Programs\Python\Python313\Lib\site-packages\colorama\ansitowin32.py", line 47, in write
    self.__convertor.write(text)
    ~~~~~~~~~~~~~~~~~~~~~~^^^^^^
  File "C:\Users\Dimon\AppData\Local\Programs\Python\Python313\Lib\site-packages\colorama\ansitowin32.py", line 177, in write
    self.write_and_convert(text)
    ~~~~~~~~~~~~~~~~~~~~~~^^^^^^
  File "C:\Users\Dimon\AppData\Local\Programs\Python\Python313\Lib\site-packages\colorama\ansitowin32.py", line 205, in write_and_convert
    self.write_plain_text(text, cursor, len(text))
    ~~~~~~~~~~~~~~~~~~~~~^^^^^^^^^^^^^^^^^^^^^^^^^
  File "C:\Users\Dimon\AppData\Local\Programs\Python\Python313\Lib\site-packages\colorama\ansitowin32.py", line 210, in write_plain_text
    self.wrapped.write(text[start:end])
    ~~~~~~~~~~~~~~~~~~^^^^^^^^^^^^^^^^^
  File "C:\Users\Dimon\AppData\Local\Programs\Python\Python313\Lib\encodings\cp1251.py", line 19, in encode
    return codecs.charmap_encode(input,self.errors,encoding_table)[0]
           ~~~~~~~~~~~~~~~~~~~~~^^^^^^^^^^^^^^^^^^^^^^^^^^^^^^^^^^
UnicodeEncodeError: 'charmap' codec can't encode character '\U0001f916' in position 5: character maps to <undefined>
Call stack:
  File "c:\scripts\1repo\run_mvp.py", line 680, in <module>
    main()
  File "c:\scripts\1repo\run_mvp.py", line 652, in main
    results = orchestrator.run_single(
  File "c:\scripts\1repo\run_mvp.py", line 222, in run_single
    log_stage(logger, stage, "Starting")
  File "c:\scripts\1repo\am_logging.py", line 613, in log_stage
    log_section(logger, f"{emoji} {action}: {stage.upper()}", "INFO")
  File "c:\scripts\1repo\am_logging.py", line 588, in log_section
    log_func(f"  {title}")
Message: '  \U0001f916 Starting: EXTENDED'
Arguments: ()
2025-11-05 12:13:37,813 - __main__ - INFO - ============================================================
2025-11-05 12:13:37,813 - am_common - INFO - Loading config: config\batch_full.yaml
2025-11-05 12:13:37,829 - am_common - INFO - Config loaded successfully
2025-11-05 12:13:37,849 - am_extended - INFO - Ollama available, using model: llama3.2:3b
2025-11-05 12:13:37,850 - am_extended - INFO - Processing: project_management_institute_-_руководство_к_своду_знаний_по_управлению_проектами_(руководство_pmbok)_и_стандарт_управления_проектом._седьмое_издание_-_2021.dataset.jsonl
2025-11-05 12:13:37,850 - am_common - INFO - Loading dataset: c:\scripts\1repo\data\datasets\summarized\project_management_institute_-_руководство_к_своду_знаний_по_управлению_проектами_(руководство_pmbok)_и_стандарт_управления_проектом._седьмое_издание_-_2021.dataset.jsonl
2025-11-05 12:13:37,868 - am_common - INFO - Loaded: 374 cards from project_management_institute_-_руководство_к_своду_знаний_по_управлению_проектами_(руководство_pmbok)_и_стандарт_управления_проектом._седьмое_издание_-_2021.dataset.jsonl
2025-11-05 12:13:37,877 - am_extended - INFO - Marked 0 duplicate pages
2025-11-05 12:13:37,907 - am_extended - INFO - Found 288 continuity gaps
2025-11-05 12:13:37,907 - am_extended - INFO - Extracting extended fields (this may take a while)...
2025-11-05 12:13:37,927 - am_extended - ERROR - Ollama API error: 404
2025-11-05 12:13:37,942 - am_extended - ERROR - Ollama API error: 404
2025-11-05 12:13:37,973 - am_extended - ERROR - Ollama API error: 404
2025-11-05 12:13:37,989 - am_extended - ERROR - Ollama API error: 404
2025-11-05 12:13:38,019 - am_extended - ERROR - Ollama API error: 404
2025-11-05 12:13:38,051 - am_extended - ERROR - Ollama API error: 404
2025-11-05 12:13:38,082 - am_extended - ERROR - Ollama API error: 404
2025-11-05 12:13:38,113 - am_extended - ERROR - Ollama API error: 404
2025-11-05 12:13:38,143 - am_extended - ERROR - Ollama API error: 404
2025-11-05 12:13:38,173 - am_extended - ERROR - Ollama API error: 404
2025-11-05 12:13:38,205 - am_extended - ERROR - Ollama API error: 404
2025-11-05 12:13:38,236 - am_extended - ERROR - Ollama API error: 404
2025-11-05 12:13:38,251 - am_extended - ERROR - Ollama API error: 404
2025-11-05 12:13:38,282 - am_extended - ERROR - Ollama API error: 404
2025-11-05 12:13:38,312 - am_extended - ERROR - Ollama API error: 404
2025-11-05 12:13:38,328 - am_extended - ERROR - Ollama API error: 404
2025-11-05 12:13:38,328 - am_extended - INFO -   Processed 20/374 pages
2025-11-05 12:13:38,358 - am_extended - ERROR - Ollama API error: 404
2025-11-05 12:13:38,373 - am_extended - ERROR - Ollama API error: 404
2025-11-05 12:13:38,405 - am_extended - ERROR - Ollama API error: 404
2025-11-05 12:13:38,435 - am_extended - ERROR - Ollama API error: 404
2025-11-05 12:13:38,467 - am_extended - ERROR - Ollama API error: 404
2025-11-05 12:13:38,497 - am_extended - ERROR - Ollama API error: 404
2025-11-05 12:13:38,528 - am_extended - ERROR - Ollama API error: 404
2025-11-05 12:13:38,544 - am_extended - ERROR - Ollama API error: 404
2025-11-05 12:13:38,544 - am_extended - INFO -   Processed 30/374 pages
2025-11-05 12:13:38,575 - am_extended - ERROR - Ollama API error: 404
2025-11-05 12:13:38,605 - am_extended - ERROR - Ollama API error: 404
2025-11-05 12:13:38,636 - am_extended - ERROR - Ollama API error: 404
2025-11-05 12:13:38,652 - am_extended - ERROR - Ollama API error: 404
2025-11-05 12:13:38,682 - am_extended - ERROR - Ollama API error: 404
2025-11-05 12:13:38,712 - am_extended - ERROR - Ollama API error: 404
2025-11-05 12:13:38,728 - am_extended - ERROR - Ollama API error: 404
2025-11-05 12:13:38,743 - am_extended - ERROR - Ollama API error: 404
2025-11-05 12:13:38,773 - am_extended - ERROR - Ollama API error: 404
2025-11-05 12:13:38,773 - am_extended - INFO -   Processed 40/374 pages
2025-11-05 12:13:38,788 - am_extended - ERROR - Ollama API error: 404
2025-11-05 12:13:38,804 - am_extended - ERROR - Ollama API error: 404
2025-11-05 12:13:38,819 - am_extended - ERROR - Ollama API error: 404
2025-11-05 12:13:38,850 - am_extended - ERROR - Ollama API error: 404
2025-11-05 12:13:38,881 - am_extended - ERROR - Ollama API error: 404
2025-11-05 12:13:38,912 - am_extended - ERROR - Ollama API error: 404
2025-11-05 12:13:38,914 - am_extended - ERROR - Ollama API error: 404
2025-11-05 12:13:38,927 - am_extended - ERROR - Ollama API error: 404
2025-11-05 12:13:38,943 - am_extended - ERROR - Ollama API error: 404
2025-11-05 12:13:38,957 - am_extended - ERROR - Ollama API error: 404
2025-11-05 12:13:38,958 - am_extended - INFO -   Processed 50/374 pages
2025-11-05 12:13:38,987 - am_extended - ERROR - Ollama API error: 404
2025-11-05 12:13:39,017 - am_extended - ERROR - Ollama API error: 404
2025-11-05 12:13:39,048 - am_extended - ERROR - Ollama API error: 404
2025-11-05 12:13:39,078 - am_extended - ERROR - Ollama API error: 404
2025-11-05 12:13:39,108 - am_extended - ERROR - Ollama API error: 404
2025-11-05 12:13:39,138 - am_extended - ERROR - Ollama API error: 404
2025-11-05 12:13:39,154 - am_extended - ERROR - Ollama API error: 404
2025-11-05 12:13:39,169 - am_extended - ERROR - Ollama API error: 404
2025-11-05 12:13:39,185 - am_extended - ERROR - Ollama API error: 404
2025-11-05 12:13:39,217 - am_extended - ERROR - Ollama API error: 404
2025-11-05 12:13:39,217 - am_extended - INFO -   Processed 60/374 pages
2025-11-05 12:13:39,247 - am_extended - ERROR - Ollama API error: 404
2025-11-05 12:13:39,279 - am_extended - ERROR - Ollama API error: 404
2025-11-05 12:13:39,310 - am_extended - ERROR - Ollama API error: 404
2025-11-05 12:13:39,342 - am_extended - ERROR - Ollama API error: 404
2025-11-05 12:13:39,357 - am_extended - ERROR - Ollama API error: 404
2025-11-05 12:13:39,386 - am_extended - ERROR - Ollama API error: 404
2025-11-05 12:13:39,417 - am_extended - ERROR - Ollama API error: 404
2025-11-05 12:13:39,447 - am_extended - ERROR - Ollama API error: 404
2025-11-05 12:13:39,462 - am_extended - ERROR - Ollama API error: 404
2025-11-05 12:13:39,493 - am_extended - ERROR - Ollama API error: 404
2025-11-05 12:13:39,493 - am_extended - INFO -   Processed 70/374 pages
2025-11-05 12:13:39,524 - am_extended - ERROR - Ollama API error: 404
2025-11-05 12:13:39,540 - am_extended - ERROR - Ollama API error: 404
2025-11-05 12:13:39,570 - am_extended - ERROR - Ollama API error: 404
2025-11-05 12:13:39,601 - am_extended - ERROR - Ollama API error: 404
2025-11-05 12:13:39,632 - am_extended - ERROR - Ollama API error: 404
2025-11-05 12:13:39,662 - am_extended - ERROR - Ollama API error: 404
2025-11-05 12:13:39,695 - am_extended - ERROR - Ollama API error: 404
2025-11-05 12:13:39,711 - am_extended - ERROR - Ollama API error: 404
2025-11-05 12:13:39,742 - am_extended - ERROR - Ollama API error: 404
2025-11-05 12:13:39,772 - am_extended - ERROR - Ollama API error: 404
2025-11-05 12:13:39,772 - am_extended - INFO -   Processed 80/374 pages
2025-11-05 12:13:39,804 - am_extended - ERROR - Ollama API error: 404
2025-11-05 12:13:39,834 - am_extended - ERROR - Ollama API error: 404
2025-11-05 12:13:39,864 - am_extended - ERROR - Ollama API error: 404
2025-11-05 12:13:39,895 - am_extended - ERROR - Ollama API error: 404
2025-11-05 12:13:39,925 - am_extended - ERROR - Ollama API error: 404
2025-11-05 12:13:39,955 - am_extended - ERROR - Ollama API error: 404
2025-11-05 12:13:39,986 - am_extended - ERROR - Ollama API error: 404
2025-11-05 12:13:40,017 - am_extended - ERROR - Ollama API error: 404
2025-11-05 12:13:40,048 - am_extended - ERROR - Ollama API error: 404
2025-11-05 12:13:40,079 - am_extended - ERROR - Ollama API error: 404
2025-11-05 12:13:40,080 - am_extended - INFO -   Processed 90/374 pages
2025-11-05 12:13:40,111 - am_extended - ERROR - Ollama API error: 404
2025-11-05 12:13:40,143 - am_extended - ERROR - Ollama API error: 404
2025-11-05 12:13:40,159 - am_extended - ERROR - Ollama API error: 404
2025-11-05 12:13:40,189 - am_extended - ERROR - Ollama API error: 404
2025-11-05 12:13:40,220 - am_extended - ERROR - Ollama API error: 404
2025-11-05 12:13:40,250 - am_extended - ERROR - Ollama API error: 404
2025-11-05 12:13:40,250 - am_extended - INFO -   Processed 100/374 pages
2025-11-05 12:13:40,281 - am_extended - ERROR - Ollama API error: 404
2025-11-05 12:13:40,312 - am_extended - ERROR - Ollama API error: 404
2025-11-05 12:13:40,341 - am_extended - ERROR - Ollama API error: 404
2025-11-05 12:13:40,372 - am_extended - ERROR - Ollama API error: 404
2025-11-05 12:13:40,375 - am_extended - ERROR - Ollama API error: 404
2025-11-05 12:13:40,402 - am_extended - ERROR - Ollama API error: 404
2025-11-05 12:13:40,417 - am_extended - ERROR - Ollama API error: 404
2025-11-05 12:13:40,432 - am_extended - ERROR - Ollama API error: 404
2025-11-05 12:13:40,464 - am_extended - ERROR - Ollama API error: 404
2025-11-05 12:13:40,495 - am_extended - ERROR - Ollama API error: 404
2025-11-05 12:13:40,495 - am_extended - INFO -   Processed 110/374 pages
2025-11-05 12:13:40,526 - am_extended - ERROR - Ollama API error: 404
2025-11-05 12:13:40,558 - am_extended - ERROR - Ollama API error: 404
2025-11-05 12:13:40,573 - am_extended - ERROR - Ollama API error: 404
2025-11-05 12:13:40,603 - am_extended - ERROR - Ollama API error: 404
2025-11-05 12:13:40,633 - am_extended - ERROR - Ollama API error: 404
2025-11-05 12:13:40,664 - am_extended - ERROR - Ollama API error: 404
2025-11-05 12:13:40,694 - am_extended - ERROR - Ollama API error: 404
2025-11-05 12:13:40,727 - am_extended - ERROR - Ollama API error: 404
2025-11-05 12:13:40,758 - am_extended - ERROR - Ollama API error: 404
2025-11-05 12:13:40,789 - am_extended - ERROR - Ollama API error: 404
2025-11-05 12:13:40,790 - am_extended - INFO -   Processed 120/374 pages
2025-11-05 12:13:40,820 - am_extended - ERROR - Ollama API error: 404
2025-11-05 12:13:40,851 - am_extended - ERROR - Ollama API error: 404
2025-11-05 12:13:40,882 - am_extended - ERROR - Ollama API error: 404
2025-11-05 12:13:40,913 - am_extended - ERROR - Ollama API error: 404
2025-11-05 12:13:40,944 - am_extended - ERROR - Ollama API error: 404
2025-11-05 12:13:40,974 - am_extended - ERROR - Ollama API error: 404
2025-11-05 12:13:40,990 - am_extended - ERROR - Ollama API error: 404
2025-11-05 12:13:40,993 - am_extended - ERROR - Ollama API error: 404
2025-11-05 12:13:41,005 - am_extended - ERROR - Ollama API error: 404
2025-11-05 12:13:41,021 - am_extended - ERROR - Ollama API error: 404
2025-11-05 12:13:41,021 - am_extended - INFO -   Processed 130/374 pages
2025-11-05 12:13:41,051 - am_extended - ERROR - Ollama API error: 404
2025-11-05 12:13:41,083 - am_extended - ERROR - Ollama API error: 404
2025-11-05 12:13:41,114 - am_extended - ERROR - Ollama API error: 404
2025-11-05 12:13:41,146 - am_extended - ERROR - Ollama API error: 404
2025-11-05 12:13:41,161 - am_extended - ERROR - Ollama API error: 404
2025-11-05 12:13:41,191 - am_extended - ERROR - Ollama API error: 404
2025-11-05 12:13:41,221 - am_extended - ERROR - Ollama API error: 404
2025-11-05 12:13:41,252 - am_extended - ERROR - Ollama API error: 404
2025-11-05 12:13:41,282 - am_extended - ERROR - Ollama API error: 404
2025-11-05 12:13:41,283 - am_extended - INFO -   Processed 140/374 pages
2025-11-05 12:13:41,314 - am_extended - ERROR - Ollama API error: 404
2025-11-05 12:13:41,345 - am_extended - ERROR - Ollama API error: 404
2025-11-05 12:13:41,376 - am_extended - ERROR - Ollama API error: 404
2025-11-05 12:13:41,407 - am_extended - ERROR - Ollama API error: 404
2025-11-05 12:13:41,423 - am_extended - ERROR - Ollama API error: 404
2025-11-05 12:13:41,453 - am_extended - ERROR - Ollama API error: 404
2025-11-05 12:13:41,483 - am_extended - ERROR - Ollama API error: 404
2025-11-05 12:13:41,514 - am_extended - ERROR - Ollama API error: 404
2025-11-05 12:13:41,545 - am_extended - ERROR - Ollama API error: 404
2025-11-05 12:13:41,576 - am_extended - ERROR - Ollama API error: 404
2025-11-05 12:13:41,576 - am_extended - INFO -   Processed 150/374 pages
2025-11-05 12:13:41,607 - am_extended - ERROR - Ollama API error: 404
2025-11-05 12:13:41,637 - am_extended - ERROR - Ollama API error: 404
2025-11-05 12:13:41,668 - am_extended - ERROR - Ollama API error: 404
2025-11-05 12:13:41,698 - am_extended - ERROR - Ollama API error: 404
2025-11-05 12:13:41,713 - am_extended - ERROR - Ollama API error: 404
2025-11-05 12:13:41,744 - am_extended - ERROR - Ollama API error: 404
2025-11-05 12:13:41,774 - am_extended - ERROR - Ollama API error: 404
2025-11-05 12:13:41,806 - am_extended - ERROR - Ollama API error: 404
2025-11-05 12:13:41,821 - am_extended - ERROR - Ollama API error: 404
2025-11-05 12:13:41,851 - am_extended - ERROR - Ollama API error: 404
2025-11-05 12:13:41,851 - am_extended - INFO -   Processed 160/374 pages
2025-11-05 12:13:41,882 - am_extended - ERROR - Ollama API error: 404
2025-11-05 12:13:41,912 - am_extended - ERROR - Ollama API error: 404
2025-11-05 12:13:41,941 - am_extended - ERROR - Ollama API error: 404
2025-11-05 12:13:41,973 - am_extended - ERROR - Ollama API error: 404
2025-11-05 12:13:42,004 - am_extended - ERROR - Ollama API error: 404
2025-11-05 12:13:42,035 - am_extended - ERROR - Ollama API error: 404
2025-11-05 12:13:42,066 - am_extended - ERROR - Ollama API error: 404
2025-11-05 12:13:42,097 - am_extended - ERROR - Ollama API error: 404
2025-11-05 12:13:42,128 - am_extended - ERROR - Ollama API error: 404
2025-11-05 12:13:42,159 - am_extended - ERROR - Ollama API error: 404
2025-11-05 12:13:42,159 - am_extended - INFO -   Processed 170/374 pages
2025-11-05 12:13:42,189 - am_extended - ERROR - Ollama API error: 404
2025-11-05 12:13:42,220 - am_extended - ERROR - Ollama API error: 404
2025-11-05 12:13:42,236 - am_extended - ERROR - Ollama API error: 404
2025-11-05 12:13:42,251 - am_extended - ERROR - Ollama API error: 404
2025-11-05 12:13:42,268 - am_extended - ERROR - Ollama API error: 404
2025-11-05 12:13:42,298 - am_extended - ERROR - Ollama API error: 404
2025-11-05 12:13:42,313 - am_extended - ERROR - Ollama API error: 404
2025-11-05 12:13:42,345 - am_extended - ERROR - Ollama API error: 404
2025-11-05 12:13:42,362 - am_extended - ERROR - Ollama API error: 404
2025-11-05 12:13:42,365 - am_extended - ERROR - Ollama API error: 404
2025-11-05 12:13:42,365 - am_extended - INFO -   Processed 180/374 pages
2025-11-05 12:13:42,392 - am_extended - ERROR - Ollama API error: 404
2025-11-05 12:13:42,395 - am_extended - ERROR - Ollama API error: 404
2025-11-05 12:13:42,397 - am_extended - ERROR - Ollama API error: 404
2025-11-05 12:13:42,423 - am_extended - ERROR - Ollama API error: 404
2025-11-05 12:13:42,453 - am_extended - ERROR - Ollama API error: 404
2025-11-05 12:13:42,456 - am_extended - ERROR - Ollama API error: 404
2025-11-05 12:13:42,484 - am_extended - ERROR - Ollama API error: 404
2025-11-05 12:13:42,487 - am_extended - ERROR - Ollama API error: 404
2025-11-05 12:13:42,489 - am_extended - ERROR - Ollama API error: 404
2025-11-05 12:13:42,491 - am_extended - ERROR - Ollama API error: 404
2025-11-05 12:13:42,492 - am_extended - INFO -   Processed 190/374 pages
2025-11-05 12:13:42,516 - am_extended - ERROR - Ollama API error: 404
2025-11-05 12:13:42,532 - am_extended - ERROR - Ollama API error: 404
2025-11-05 12:13:42,547 - am_extended - ERROR - Ollama API error: 404
2025-11-05 12:13:42,578 - am_extended - ERROR - Ollama API error: 404
2025-11-05 12:13:42,594 - am_extended - ERROR - Ollama API error: 404
2025-11-05 12:13:42,625 - am_extended - ERROR - Ollama API error: 404
2025-11-05 12:13:42,656 - am_extended - ERROR - Ollama API error: 404
2025-11-05 12:13:42,688 - am_extended - ERROR - Ollama API error: 404
2025-11-05 12:13:42,718 - am_extended - ERROR - Ollama API error: 404
2025-11-05 12:13:42,750 - am_extended - ERROR - Ollama API error: 404
2025-11-05 12:13:42,750 - am_extended - INFO -   Processed 200/374 pages
2025-11-05 12:13:42,781 - am_extended - ERROR - Ollama API error: 404
2025-11-05 12:13:42,810 - am_extended - ERROR - Ollama API error: 404
2025-11-05 12:13:42,842 - am_extended - ERROR - Ollama API error: 404
2025-11-05 12:13:42,873 - am_extended - ERROR - Ollama API error: 404
2025-11-05 12:13:42,904 - am_extended - ERROR - Ollama API error: 404
2025-11-05 12:13:42,934 - am_extended - ERROR - Ollama API error: 404
2025-11-05 12:13:42,965 - am_extended - ERROR - Ollama API error: 404
2025-11-05 12:13:42,996 - am_extended - ERROR - Ollama API error: 404
2025-11-05 12:13:42,996 - am_extended - INFO -   Processed 210/374 pages
2025-11-05 12:13:43,012 - am_extended - ERROR - Ollama API error: 404
2025-11-05 12:13:43,042 - am_extended - ERROR - Ollama API error: 404
2025-11-05 12:13:43,046 - am_extended - ERROR - Ollama API error: 404
2025-11-05 12:13:43,058 - am_extended - ERROR - Ollama API error: 404
2025-11-05 12:13:43,089 - am_extended - ERROR - Ollama API error: 404
2025-11-05 12:13:43,119 - am_extended - ERROR - Ollama API error: 404
2025-11-05 12:13:43,150 - am_extended - ERROR - Ollama API error: 404
2025-11-05 12:13:43,182 - am_extended - ERROR - Ollama API error: 404
2025-11-05 12:13:43,212 - am_extended - ERROR - Ollama API error: 404
2025-11-05 12:13:43,242 - am_extended - ERROR - Ollama API error: 404
2025-11-05 12:13:43,242 - am_extended - INFO -   Processed 220/374 pages
2025-11-05 12:13:43,273 - am_extended - ERROR - Ollama API error: 404
2025-11-05 12:13:43,303 - am_extended - ERROR - Ollama API error: 404
2025-11-05 12:13:43,334 - am_extended - ERROR - Ollama API error: 404
2025-11-05 12:13:43,365 - am_extended - ERROR - Ollama API error: 404
2025-11-05 12:13:43,380 - am_extended - ERROR - Ollama API error: 404
2025-11-05 12:13:43,411 - am_extended - ERROR - Ollama API error: 404
2025-11-05 12:13:43,441 - am_extended - ERROR - Ollama API error: 404
2025-11-05 12:13:43,478 - am_extended - ERROR - Ollama API error: 404
2025-11-05 12:13:43,503 - am_extended - ERROR - Ollama API error: 404
2025-11-05 12:13:43,503 - am_extended - INFO -   Processed 230/374 pages
2025-11-05 12:13:43,534 - am_extended - ERROR - Ollama API error: 404
2025-11-05 12:13:43,564 - am_extended - ERROR - Ollama API error: 404
2025-11-05 12:13:43,595 - am_extended - ERROR - Ollama API error: 404
2025-11-05 12:13:43,626 - am_extended - ERROR - Ollama API error: 404
2025-11-05 12:13:43,656 - am_extended - ERROR - Ollama API error: 404
2025-11-05 12:13:43,687 - am_extended - ERROR - Ollama API error: 404
2025-11-05 12:13:43,702 - am_extended - ERROR - Ollama API error: 404
2025-11-05 12:13:43,734 - am_extended - ERROR - Ollama API error: 404
2025-11-05 12:13:43,748 - am_extended - ERROR - Ollama API error: 404
2025-11-05 12:13:43,764 - am_extended - ERROR - Ollama API error: 404
2025-11-05 12:13:43,764 - am_extended - INFO -   Processed 240/374 pages
2025-11-05 12:13:43,794 - am_extended - ERROR - Ollama API error: 404
2025-11-05 12:13:43,825 - am_extended - ERROR - Ollama API error: 404
2025-11-05 12:13:43,855 - am_extended - ERROR - Ollama API error: 404
2025-11-05 12:13:43,887 - am_extended - ERROR - Ollama API error: 404
2025-11-05 12:13:43,917 - am_extended - ERROR - Ollama API error: 404
2025-11-05 12:13:43,947 - am_extended - ERROR - Ollama API error: 404
2025-11-05 12:13:43,979 - am_extended - ERROR - Ollama API error: 404
2025-11-05 12:13:44,011 - am_extended - ERROR - Ollama API error: 404
2025-11-05 12:13:44,040 - am_extended - ERROR - Ollama API error: 404
2025-11-05 12:13:44,041 - am_extended - INFO -   Processed 250/374 pages
2025-11-05 12:13:44,055 - am_extended - ERROR - Ollama API error: 404
2025-11-05 12:13:44,086 - am_extended - ERROR - Ollama API error: 404
2025-11-05 12:13:44,116 - am_extended - ERROR - Ollama API error: 404
2025-11-05 12:13:44,148 - am_extended - ERROR - Ollama API error: 404
2025-11-05 12:13:44,163 - am_extended - ERROR - Ollama API error: 404
2025-11-05 12:13:44,194 - am_extended - ERROR - Ollama API error: 404
2025-11-05 12:13:44,224 - am_extended - ERROR - Ollama API error: 404
2025-11-05 12:13:44,256 - am_extended - ERROR - Ollama API error: 404
2025-11-05 12:13:44,287 - am_extended - ERROR - Ollama API error: 404
2025-11-05 12:13:44,319 - am_extended - ERROR - Ollama API error: 404
2025-11-05 12:13:44,319 - am_extended - INFO -   Processed 260/374 pages
2025-11-05 12:13:44,350 - am_extended - ERROR - Ollama API error: 404
2025-11-05 12:13:44,381 - am_extended - ERROR - Ollama API error: 404
2025-11-05 12:13:44,412 - am_extended - ERROR - Ollama API error: 404
2025-11-05 12:13:44,428 - am_extended - ERROR - Ollama API error: 404
2025-11-05 12:13:44,458 - am_extended - ERROR - Ollama API error: 404
2025-11-05 12:13:44,489 - am_extended - ERROR - Ollama API error: 404
2025-11-05 12:13:44,521 - am_extended - ERROR - Ollama API error: 404
2025-11-05 12:13:44,552 - am_extended - ERROR - Ollama API error: 404
2025-11-05 12:13:44,583 - am_extended - ERROR - Ollama API error: 404
2025-11-05 12:13:44,614 - am_extended - ERROR - Ollama API error: 404
2025-11-05 12:13:44,614 - am_extended - INFO -   Processed 270/374 pages
2025-11-05 12:13:44,629 - am_extended - ERROR - Ollama API error: 404
2025-11-05 12:13:44,659 - am_extended - ERROR - Ollama API error: 404
2025-11-05 12:13:44,691 - am_extended - ERROR - Ollama API error: 404
2025-11-05 12:13:44,721 - am_extended - ERROR - Ollama API error: 404
2025-11-05 12:13:44,752 - am_extended - ERROR - Ollama API error: 404
2025-11-05 12:13:44,783 - am_extended - ERROR - Ollama API error: 404
2025-11-05 12:13:44,814 - am_extended - ERROR - Ollama API error: 404
2025-11-05 12:13:44,845 - am_extended - ERROR - Ollama API error: 404
2025-11-05 12:13:44,876 - am_extended - ERROR - Ollama API error: 404
2025-11-05 12:13:44,907 - am_extended - ERROR - Ollama API error: 404
2025-11-05 12:13:44,907 - am_extended - INFO -   Processed 280/374 pages
2025-11-05 12:13:44,923 - am_extended - ERROR - Ollama API error: 404
2025-11-05 12:13:44,954 - am_extended - ERROR - Ollama API error: 404
2025-11-05 12:13:44,986 - am_extended - ERROR - Ollama API error: 404
2025-11-05 12:13:45,017 - am_extended - ERROR - Ollama API error: 404
2025-11-05 12:13:45,048 - am_extended - ERROR - Ollama API error: 404
2025-11-05 12:13:45,078 - am_extended - ERROR - Ollama API error: 404
2025-11-05 12:13:45,110 - am_extended - ERROR - Ollama API error: 404
2025-11-05 12:13:45,141 - am_extended - ERROR - Ollama API error: 404
2025-11-05 12:13:45,172 - am_extended - ERROR - Ollama API error: 404
2025-11-05 12:13:45,202 - am_extended - ERROR - Ollama API error: 404
2025-11-05 12:13:45,203 - am_extended - INFO -   Processed 290/374 pages
2025-11-05 12:13:45,234 - am_extended - ERROR - Ollama API error: 404
2025-11-05 12:13:45,264 - am_extended - ERROR - Ollama API error: 404
2025-11-05 12:13:45,295 - am_extended - ERROR - Ollama API error: 404
2025-11-05 12:13:45,326 - am_extended - ERROR - Ollama API error: 404
2025-11-05 12:13:45,357 - am_extended - ERROR - Ollama API error: 404
2025-11-05 12:13:45,387 - am_extended - ERROR - Ollama API error: 404
2025-11-05 12:13:45,418 - am_extended - ERROR - Ollama API error: 404
2025-11-05 12:13:45,448 - am_extended - ERROR - Ollama API error: 404
2025-11-05 12:13:45,479 - am_extended - ERROR - Ollama API error: 404
2025-11-05 12:13:45,510 - am_extended - ERROR - Ollama API error: 404
2025-11-05 12:13:45,510 - am_extended - INFO -   Processed 300/374 pages
2025-11-05 12:13:45,541 - am_extended - ERROR - Ollama API error: 404
2025-11-05 12:13:45,557 - am_extended - ERROR - Ollama API error: 404
2025-11-05 12:13:45,572 - am_extended - ERROR - Ollama API error: 404
2025-11-05 12:13:45,603 - am_extended - ERROR - Ollama API error: 404
2025-11-05 12:13:45,634 - am_extended - ERROR - Ollama API error: 404
2025-11-05 12:13:45,664 - am_extended - ERROR - Ollama API error: 404
2025-11-05 12:13:45,680 - am_extended - ERROR - Ollama API error: 404
2025-11-05 12:13:45,711 - am_extended - ERROR - Ollama API error: 404
2025-11-05 12:13:45,741 - am_extended - ERROR - Ollama API error: 404
2025-11-05 12:13:45,771 - am_extended - ERROR - Ollama API error: 404
2025-11-05 12:13:45,771 - am_extended - INFO -   Processed 310/374 pages
2025-11-05 12:13:45,803 - am_extended - ERROR - Ollama API error: 404
2025-11-05 12:13:45,834 - am_extended - ERROR - Ollama API error: 404
2025-11-05 12:13:45,865 - am_extended - ERROR - Ollama API error: 404
2025-11-05 12:13:45,895 - am_extended - ERROR - Ollama API error: 404
2025-11-05 12:13:45,927 - am_extended - ERROR - Ollama API error: 404
2025-11-05 12:13:45,957 - am_extended - ERROR - Ollama API error: 404
2025-11-05 12:13:45,989 - am_extended - ERROR - Ollama API error: 404
2025-11-05 12:13:46,019 - am_extended - ERROR - Ollama API error: 404
2025-11-05 12:13:46,050 - am_extended - ERROR - Ollama API error: 404
2025-11-05 12:13:46,050 - am_extended - INFO -   Processed 320/374 pages
2025-11-05 12:13:46,080 - am_extended - ERROR - Ollama API error: 404
2025-11-05 12:13:46,112 - am_extended - ERROR - Ollama API error: 404
2025-11-05 12:13:46,127 - am_extended - ERROR - Ollama API error: 404
2025-11-05 12:13:46,159 - am_extended - ERROR - Ollama API error: 404
2025-11-05 12:13:46,174 - am_extended - ERROR - Ollama API error: 404
2025-11-05 12:13:46,205 - am_extended - ERROR - Ollama API error: 404
2025-11-05 12:13:46,236 - am_extended - ERROR - Ollama API error: 404
2025-11-05 12:13:46,251 - am_extended - ERROR - Ollama API error: 404
2025-11-05 12:13:46,283 - am_extended - ERROR - Ollama API error: 404
2025-11-05 12:13:46,283 - am_extended - INFO -   Processed 330/374 pages
2025-11-05 12:13:46,313 - am_extended - ERROR - Ollama API error: 404
2025-11-05 12:13:46,345 - am_extended - ERROR - Ollama API error: 404
2025-11-05 12:13:46,375 - am_extended - ERROR - Ollama API error: 404
2025-11-05 12:13:46,406 - am_extended - ERROR - Ollama API error: 404
2025-11-05 12:13:46,422 - am_extended - ERROR - Ollama API error: 404
2025-11-05 12:13:46,453 - am_extended - ERROR - Ollama API error: 404
2025-11-05 12:13:46,468 - am_extended - ERROR - Ollama API error: 404
2025-11-05 12:13:46,498 - am_extended - ERROR - Ollama API error: 404
2025-11-05 12:13:46,529 - am_extended - ERROR - Ollama API error: 404
2025-11-05 12:13:46,560 - am_extended - ERROR - Ollama API error: 404
2025-11-05 12:13:46,560 - am_extended - INFO -   Processed 340/374 pages
2025-11-05 12:13:46,592 - am_extended - ERROR - Ollama API error: 404
2025-11-05 12:13:46,623 - am_extended - ERROR - Ollama API error: 404
2025-11-05 12:13:46,654 - am_extended - ERROR - Ollama API error: 404
2025-11-05 12:13:46,685 - am_extended - ERROR - Ollama API error: 404
2025-11-05 12:13:46,715 - am_extended - ERROR - Ollama API error: 404
2025-11-05 12:13:46,746 - am_extended - ERROR - Ollama API error: 404
2025-11-05 12:13:46,777 - am_extended - ERROR - Ollama API error: 404
2025-11-05 12:13:46,808 - am_extended - ERROR - Ollama API error: 404
2025-11-05 12:13:46,839 - am_extended - ERROR - Ollama API error: 404
2025-11-05 12:13:46,870 - am_extended - ERROR - Ollama API error: 404
2025-11-05 12:13:46,870 - am_extended - INFO -   Processed 350/374 pages
2025-11-05 12:13:46,902 - am_extended - ERROR - Ollama API error: 404
2025-11-05 12:13:46,933 - am_extended - ERROR - Ollama API error: 404
2025-11-05 12:13:46,965 - am_extended - ERROR - Ollama API error: 404
2025-11-05 12:13:46,997 - am_extended - ERROR - Ollama API error: 404
2025-11-05 12:13:47,027 - am_extended - ERROR - Ollama API error: 404
2025-11-05 12:13:47,058 - am_extended - ERROR - Ollama API error: 404
2025-11-05 12:13:47,088 - am_extended - ERROR - Ollama API error: 404
2025-11-05 12:13:47,119 - am_extended - ERROR - Ollama API error: 404
2025-11-05 12:13:47,149 - am_extended - ERROR - Ollama API error: 404
2025-11-05 12:13:47,165 - am_extended - ERROR - Ollama API error: 404
2025-11-05 12:13:47,165 - am_extended - INFO -   Processed 360/374 pages
2025-11-05 12:13:47,195 - am_extended - ERROR - Ollama API error: 404
2025-11-05 12:13:47,227 - am_extended - ERROR - Ollama API error: 404
2025-11-05 12:13:47,258 - am_extended - ERROR - Ollama API error: 404
2025-11-05 12:13:47,289 - am_extended - ERROR - Ollama API error: 404
2025-11-05 12:13:47,305 - am_extended - ERROR - Ollama API error: 404
2025-11-05 12:13:47,319 - am_extended - ERROR - Ollama API error: 404
2025-11-05 12:13:47,335 - am_extended - ERROR - Ollama API error: 404
2025-11-05 12:13:47,351 - am_extended - ERROR - Ollama API error: 404
2025-11-05 12:13:47,354 - am_extended - ERROR - Ollama API error: 404
2025-11-05 12:13:47,397 - am_extended - ERROR - Ollama API error: 404
2025-11-05 12:13:47,397 - am_extended - INFO -   Processed 370/374 pages
2025-11-05 12:13:47,412 - am_extended - ERROR - Ollama API error: 404
2025-11-05 12:13:47,443 - am_extended - ERROR - Ollama API error: 404
2025-11-05 12:13:47,443 - am_extended - INFO - Extracted extended fields for 354 pages
2025-11-05 12:13:47,443 - am_common - INFO - Saving dataset: c:\scripts\1repo\data\datasets\extended\project_management_institute_-_руководство_к_своду_знаний_по_управлению_проектами_(руководство_pmbok)_и_стандарт_управления_проектом._седьмое_издание_-_2021.dataset.jsonl (374 cards)
2025-11-05 12:13:47,456 - am_common - INFO - Saved: 374 cards to project_management_institute_-_руководство_к_своду_знаний_по_управлению_проектами_(руководство_pmbok)_и_стандарт_управления_проектом._седьмое_издание_-_2021.dataset.jsonl (1.91 MB)
2025-11-05 12:13:47,457 - quality_tracker - INFO - Starting: track_quality
2025-11-05 12:13:47,457 - quality_tracker - INFO - extended metrics:
2025-11-05 12:13:47,457 - quality_tracker - INFO -   total_cards: 374
2025-11-05 12:13:47,457 - quality_tracker - INFO -   duplicates_found: 0
2025-11-05 12:13:47,457 - quality_tracker - INFO -   duplicate_ratio: 0.0000
2025-11-05 12:13:47,457 - quality_tracker - INFO -   continuity_gaps: 288
2025-11-05 12:13:47,457 - quality_tracker - INFO -   continuity_gap_ratio: 0.7721
2025-11-05 12:13:47,458 - quality_tracker - INFO -   avg_overlap: 0.0740
2025-11-05 12:13:47,458 - quality_tracker - INFO -   extended_fields_extracted: 354
2025-11-05 12:13:47,458 - quality_tracker - INFO -   extraction_coverage: 0.9465
2025-11-05 12:13:47,458 - quality_tracker - INFO -   lm_extraction_count: 0
2025-11-05 12:13:47,458 - quality_tracker - INFO -   lm_extraction_ratio: 0.0000
2025-11-05 12:13:47,458 - quality_tracker - INFO--- Logging error ---
Traceback (most recent call last):
  File "C:\Users\Dimon\AppData\Local\Programs\Python\Python313\Lib\logging\__init__.py", line 1154, in emit
    stream.write(msg + self.terminator)
    ~~~~~~~~~~~~^^^^^^^^^^^^^^^^^^^^^^^
  File "C:\Users\Dimon\AppData\Local\Programs\Python\Python313\Lib\site-packages\colorama\ansitowin32.py", line 47, in write
    self.__convertor.write(text)
    ~~~~~~~~~~~~~~~~~~~~~~^^^^^^
  File "C:\Users\Dimon\AppData\Local\Programs\Python\Python313\Lib\site-packages\colorama\ansitowin32.py", line 177, in write
    self.write_and_convert(text)
    ~~~~~~~~~~~~~~~~~~~~~~^^^^^^
  File "C:\Users\Dimon\AppData\Local\Programs\Python\Python313\Lib\site-packages\colorama\ansitowin32.py", line 205, in write_and_convert
    self.write_plain_text(text, cursor, len(text))
    ~~~~~~~~~~~~~~~~~~~~~^^^^^^^^^^^^^^^^^^^^^^^^^
  File "C:\Users\Dimon\AppData\Local\Programs\Python\Python313\Lib\site-packages\colorama\ansitowin32.py", line 210, in write_plain_text
    self.wrapped.write(text[start:end])
    ~~~~~~~~~~~~~~~~~~^^^^^^^^^^^^^^^^^
  File "C:\Users\Dimon\AppData\Local\Programs\Python\Python313\Lib\encodings\cp1251.py", line 19, in encode
    return codecs.charmap_encode(input,self.errors,encoding_table)[0]
           ~~~~~~~~~~~~~~~~~~~~~^^^^^^^^^^^^^^^^^^^^^^^^^^^^^^^^^^
UnicodeEncodeError: 'charmap' codec can't encode character '\u2713' in position 3: character maps to <undefined>
Call stack:
  File "c:\scripts\1repo\run_mvp.py", line 680, in <module>
    main()
  File "c:\scripts\1repo\run_mvp.py", line 652, in main
    results = orchestrator.run_single(
  File "c:\scripts\1repo\run_mvp.py", line 226, in run_single
    stage_result = self._run_stage(stage, current_input)
  File "c:\scripts\1repo\run_mvp.py", line 419, in _run_stage
    return processor.process_dataset(input_path, output_dir)
  File "c:\scripts\1repo\am_extended.py", line 612, in process_dataset
    self.quality_tracker.track('extended', input_path.name, metrics)
  File "c:\scripts\1repo\quality_tracker.py", line 171, in track
    logger.info(f"\u2713 Quality thresholds passed for {stage}")
Message: '\u2713 Quality thresholds passed for extended'
Arguments: ()
2025-11-05 12:13:47,471 - quality_tracker - INFO - Completed: track_quality (0.01s)
2025-11-05 12:13:47,471 - am_extended - INFO - Saved: project_management_institute_-_руководство_к_своду_знаний_по_управлению_проектами_(руководство_pmbok)_и_стандарт_управления_проектом._седьмое_издание_-_2021.dataset.jsonl
2025-11-05 12:13:47,472 - validate - INFO - Validating extended: project_management_institute_-_руководство_к_своду_знаний_по_управлению_проектами_(руководство_pmbok)_и_стандарт_управления_проектом._седьмое_издание_-_2021.dataset.jsonl
2025-11-05 12:13:47,472 - am_common - INFO - Loading dataset: c:\scripts\1repo\data\datasets\extended\project_management_institute_-_руководство_к_своду_знаний_по_управлению_проектами_(руководство_pmbok)_и_стандарт_управления_проектом._седьмое_издание_-_2021.dataset.jsonl
2025-11-05 12:13:47,492 - am_common - INFO - Loaded: 374 cards from project_management_institute_-_руководство_к_своду_знаний_по_управлению_проектами_(руководство_pmbok)_и_стандарт_управления_проектом._седьмое_издание_-_2021.dataset.jsonl
2025-11-05 12:13:47,495 - validate - WARNING - [X] INVALID - project_management_institute_-_руководство_к_своду_знаний_по_управлению_проектами_(руководство_pmbok)_и_стандарт_управления_проектом._седьмое_издание_-_2021.dataset.jsonl (2 errors)
2025-11-05 12:13:47,495 - __main__ - WARNING - Validation issues: 2 errors, 354 warnings
2025-11-05 12:13:47,495 - __main__ - WARNING - Validation issues: 2 errors
2025-11-05 12:13:47,495 - __main__ - INFO - ============================================================
2025-11-05 12:13:47,495 - __main__ - INFO--- Logging error ---
Traceback (most recent call last):
  File "C:\Users\Dimon\AppData\Local\Programs\Python\Python313\Lib\logging\__init__.py", line 1154, in emit
    stream.write(msg + self.terminator)
    ~~~~~~~~~~~~^^^^^^^^^^^^^^^^^^^^^^^
  File "C:\Users\Dimon\AppData\Local\Programs\Python\Python313\Lib\site-packages\colorama\ansitowin32.py", line 47, in write
    self.__convertor.write(text)
    ~~~~~~~~~~~~~~~~~~~~~~^^^^^^
  File "C:\Users\Dimon\AppData\Local\Programs\Python\Python313\Lib\site-packages\colorama\ansitowin32.py", line 177, in write
    self.write_and_convert(text)
    ~~~~~~~~~~~~~~~~~~~~~~^^^^^^
  File "C:\Users\Dimon\AppData\Local\Programs\Python\Python313\Lib\site-packages\colorama\ansitowin32.py", line 205, in write_and_convert
    self.write_plain_text(text, cursor, len(text))
    ~~~~~~~~~~~~~~~~~~~~~^^^^^^^^^^^^^^^^^^^^^^^^^
  File "C:\Users\Dimon\AppData\Local\Programs\Python\Python313\Lib\site-packages\colorama\ansitowin32.py", line 210, in write_plain_text
    self.wrapped.write(text[start:end])
    ~~~~~~~~~~~~~~~~~~^^^^^^^^^^^^^^^^^
  File "C:\Users\Dimon\AppData\Local\Programs\Python\Python313\Lib\encodings\cp1251.py", line 19, in encode
    return codecs.charmap_encode(input,self.errors,encoding_table)[0]
           ~~~~~~~~~~~~~~~~~~~~~^^^^^^^^^^^^^^^^^^^^^^^^^^^^^^^^^^
UnicodeEncodeError: 'charmap' codec can't encode character '\U0001f916' in position 5: character maps to <undefined>
Call stack:
  File "c:\scripts\1repo\run_mvp.py", line 680, in <module>
    main()
  File "c:\scripts\1repo\run_mvp.py", line 652, in main
    results = orchestrator.run_single(
  File "c:\scripts\1repo\run_mvp.py", line 253, in run_single
    log_stage(logger, stage, "Completed")
  File "c:\scripts\1repo\am_logging.py", line 613, in log_stage
    log_section(logger, f"{emoji} {action}: {stage.upper()}", "INFO")
  File "c:\scripts\1repo\am_logging.py", line 588, in log_section
    log_func(f"  {title}")
Message: '  \U0001f916 Completed: EXTENDED'
Arguments: ()
2025-11-05 12:13:47,496 - __main__ - INFO - ============================================================
2025-11-05 12:13:47,496 - __main__ - INFO - ============================================================
2025-11-05 12:13:47,496 - __main__ - INFO--- Logging error ---
Traceback (most recent call last):
  File "C:\Users\Dimon\AppData\Local\Programs\Python\Python313\Lib\logging\__init__.py", line 1154, in emit
    stream.write(msg + self.terminator)
    ~~~~~~~~~~~~^^^^^^^^^^^^^^^^^^^^^^^
  File "C:\Users\Dimon\AppData\Local\Programs\Python\Python313\Lib\site-packages\colorama\ansitowin32.py", line 47, in write
    self.__convertor.write(text)
    ~~~~~~~~~~~~~~~~~~~~~~^^^^^^
  File "C:\Users\Dimon\AppData\Local\Programs\Python\Python313\Lib\site-packages\colorama\ansitowin32.py", line 177, in write
    self.write_and_convert(text)
    ~~~~~~~~~~~~~~~~~~~~~~^^^^^^
  File "C:\Users\Dimon\AppData\Local\Programs\Python\Python313\Lib\site-packages\colorama\ansitowin32.py", line 205, in write_and_convert
    self.write_plain_text(text, cursor, len(text))
    ~~~~~~~~~~~~~~~~~~~~~^^^^^^^^^^^^^^^^^^^^^^^^^
  File "C:\Users\Dimon\AppData\Local\Programs\Python\Python313\Lib\site-packages\colorama\ansitowin32.py", line 210, in write_plain_text
    self.wrapped.write(text[start:end])
    ~~~~~~~~~~~~~~~~~~^^^^^^^^^^^^^^^^^
  File "C:\Users\Dimon\AppData\Local\Programs\Python\Python313\Lib\encodings\cp1251.py", line 19, in encode
    return codecs.charmap_encode(input,self.errors,encoding_table)[0]
           ~~~~~~~~~~~~~~~~~~~~~^^^^^^^^^^^^^^^^^^^^^^^^^^^^^^^^^^
UnicodeEncodeError: 'charmap' codec can't encode character '\u2705' in position 5: character maps to <undefined>
Call stack:
  File "c:\scripts\1repo\run_mvp.py", line 680, in <module>
    main()
  File "c:\scripts\1repo\run_mvp.py", line 652, in main
    results = orchestrator.run_single(
  File "c:\scripts\1repo\run_mvp.py", line 222, in run_single
    log_stage(logger, stage, "Starting")
  File "c:\scripts\1repo\am_logging.py", line 613, in log_stage
    log_section(logger, f"{emoji} {action}: {stage.upper()}", "INFO")
  File "c:\scripts\1repo\am_logging.py", line 588, in log_section
    log_func(f"  {title}")
Message: '  \u2705 Starting: FINALIZE'
Arguments: ()
2025-11-05 12:13:47,496 - __main__ - INFO - ============================================================
2025-11-05 12:13:47,496 - am_common - INFO - Loading config: config\batch_full.yaml
2025-11-05 12:13:47,511 - am_common - INFO - Config loaded successfully
2025-11-05 12:13:47,512 - am_finalize - INFO - Processing: project_management_institute_-_руководство_к_своду_знаний_по_управлению_проектами_(руководство_pmbok)_и_стандарт_управления_проектом._седьмое_издание_-_2021.dataset.jsonl
2025-11-05 12:13:47,512 - am_common - INFO - Loading dataset: c:\scripts\1repo\data\datasets\extended\project_management_institute_-_руководство_к_своду_знаний_по_управлению_проектами_(руководство_pmbok)_и_стандарт_управления_проектом._седьмое_издание_-_2021.dataset.jsonl
2025-11-05 12:13:47,525 - am_common - INFO - Loaded: 374 cards from project_management_institute_-_руководство_к_своду_знаний_по_управлению_проектами_(руководство_pmbok)_и_стандарт_управления_проектом._седьмое_издание_-_2021.dataset.jsonl
2025-11-05 12:13:47,526 - am_common - INFO - Saving dataset: c:\scripts\1repo\data\datasets\final\project_management_institute_-_руководство_к_своду_знаний_по_управлению_проектами_(руководство_pmbok)_и_стандарт_управления_проектом._седьмое_издание_-_2021.dataset.jsonl (374 cards)
2025-11-05 12:13:47,537 - am_common - INFO - Saved: 374 cards to project_management_institute_-_руководство_к_своду_знаний_по_управлению_проектами_(руководство_pmbok)_и_стандарт_управления_проектом._седьмое_издание_-_2021.dataset.jsonl (1.88 MB)
2025-11-05 12:13:47,538 - quality_tracker - INFO - Starting: track_quality
2025-11-05 12:13:47,539 - quality_tracker - INFO - finalize metrics:
2025-11-05 12:13:47,539 - quality_tracker - INFO -   total_cards: 374
2025-11-05 12:13:47,539 - quality_tracker - INFO -   validation_errors: 0
2025-11-05 12:13:47,539 - quality_tracker - INFO -   validation_warnings: 56
2025-11-05 12:13:47,539 - quality_tracker - INFO -   avg_completeness: 0.5920
2025-11-05 12:13:47,539 - quality_tracker - INFO -   cards_with_structure: 359
2025-11-05 12:13:47,539 - quality_tracker - INFO -   structure_coverage: 0.9599
2025-11-05 12:13:47,539 - quality_tracker - INFO -   cards_with_summaries: 360
2025-11-05 12:13:47,539 - quality_tracker - INFO -   summary_coverage: 0.9626
2025-11-05 12:13:47,539 - quality_tracker - INFO--- Logging error ---
Traceback (most recent call last):
  File "C:\Users\Dimon\AppData\Local\Programs\Python\Python313\Lib\logging\__init__.py", line 1154, in emit
    stream.write(msg + self.terminator)
    ~~~~~~~~~~~~^^^^^^^^^^^^^^^^^^^^^^^
  File "C:\Users\Dimon\AppData\Local\Programs\Python\Python313\Lib\site-packages\colorama\ansitowin32.py", line 47, in write
    self.__convertor.write(text)
    ~~~~~~~~~~~~~~~~~~~~~~^^^^^^
  File "C:\Users\Dimon\AppData\Local\Programs\Python\Python313\Lib\site-packages\colorama\ansitowin32.py", line 177, in write
    self.write_and_convert(text)
    ~~~~~~~~~~~~~~~~~~~~~~^^^^^^
  File "C:\Users\Dimon\AppData\Local\Programs\Python\Python313\Lib\site-packages\colorama\ansitowin32.py", line 205, in write_and_convert
    self.write_plain_text(text, cursor, len(text))
    ~~~~~~~~~~~~~~~~~~~~~^^^^^^^^^^^^^^^^^^^^^^^^^
  File "C:\Users\Dimon\AppData\Local\Programs\Python\Python313\Lib\site-packages\colorama\ansitowin32.py", line 210, in write_plain_text
    self.wrapped.write(text[start:end])
    ~~~~~~~~~~~~~~~~~~^^^^^^^^^^^^^^^^^
  File "C:\Users\Dimon\AppData\Local\Programs\Python\Python313\Lib\encodings\cp1251.py", line 19, in encode
    return codecs.charmap_encode(input,self.errors,encoding_table)[0]
           ~~~~~~~~~~~~~~~~~~~~~^^^^^^^^^^^^^^^^^^^^^^^^^^^^^^^^^^
UnicodeEncodeError: 'charmap' codec can't encode character '\u2713' in position 3: character maps to <undefined>
Call stack:
  File "c:\scripts\1repo\run_mvp.py", line 680, in <module>
    main()
  File "c:\scripts\1repo\run_mvp.py", line 652, in main
    results = orchestrator.run_single(
  File "c:\scripts\1repo\run_mvp.py", line 226, in run_single
    stage_result = self._run_stage(stage, current_input)
  File "c:\scripts\1repo\run_mvp.py", line 419, in _run_stage
    return processor.process_dataset(input_path, output_dir)
  File "c:\scripts\1repo\am_finalize.py", line 278, in process_dataset
    self.quality_tracker.track('finalize', input_path.name, metrics)
  File "c:\scripts\1repo\quality_tracker.py", line 171, in track
    logger.info(f"\u2713 Quality thresholds passed for {stage}")
Message: '\u2713 Quality thresholds passed for finalize'
Arguments: ()
2025-11-05 12:13:47,549 - quality_tracker - INFO - Completed: track_quality (0.01s)
2025-11-05 12:13:47,549 - am_finalize - INFO - Saved: project_management_institute_-_руководство_к_своду_знаний_по_управлению_проектами_(руководство_pmbok)_и_стандарт_управления_проектом._седьмое_издание_-_2021.dataset.jsonl
2025-11-05 12:13:47,550 - __main__ - ERROR - Validation failed: Unknown stage: finalize
2025-11-05 12:13:47,550 - __main__ - WARNING - Validation issues: 1 errors
2025-11-05 12:13:47,550 - __main__ - INFO - ============================================================
2025-11-05 12:13:47,550 - __main__ - INFO--- Logging error ---
Traceback (most recent call last):
  File "C:\Users\Dimon\AppData\Local\Programs\Python\Python313\Lib\logging\__init__.py", line 1154, in emit
    stream.write(msg + self.terminator)
    ~~~~~~~~~~~~^^^^^^^^^^^^^^^^^^^^^^^
  File "C:\Users\Dimon\AppData\Local\Programs\Python\Python313\Lib\site-packages\colorama\ansitowin32.py", line 47, in write
    self.__convertor.write(text)
    ~~~~~~~~~~~~~~~~~~~~~~^^^^^^
  File "C:\Users\Dimon\AppData\Local\Programs\Python\Python313\Lib\site-packages\colorama\ansitowin32.py", line 177, in write
    self.write_and_convert(text)
    ~~~~~~~~~~~~~~~~~~~~~~^^^^^^
  File "C:\Users\Dimon\AppData\Local\Programs\Python\Python313\Lib\site-packages\colorama\ansitowin32.py", line 205, in write_and_convert
    self.write_plain_text(text, cursor, len(text))
    ~~~~~~~~~~~~~~~~~~~~~^^^^^^^^^^^^^^^^^^^^^^^^^
  File "C:\Users\Dimon\AppData\Local\Programs\Python\Python313\Lib\site-packages\colorama\ansitowin32.py", line 210, in write_plain_text
    self.wrapped.write(text[start:end])
    ~~~~~~~~~~~~~~~~~~^^^^^^^^^^^^^^^^^
  File "C:\Users\Dimon\AppData\Local\Programs\Python\Python313\Lib\encodings\cp1251.py", line 19, in encode
    return codecs.charmap_encode(input,self.errors,encoding_table)[0]
           ~~~~~~~~~~~~~~~~~~~~~^^^^^^^^^^^^^^^^^^^^^^^^^^^^^^^^^^
UnicodeEncodeError: 'charmap' codec can't encode character '\u2705' in position 5: character maps to <undefined>
Call stack:
  File "c:\scripts\1repo\run_mvp.py", line 680, in <module>
    main()
  File "c:\scripts\1repo\run_mvp.py", line 652, in main
    results = orchestrator.run_single(
  File "c:\scripts\1repo\run_mvp.py", line 253, in run_single
    log_stage(logger, stage, "Completed")
  File "c:\scripts\1repo\am_logging.py", line 613, in log_stage
    log_section(logger, f"{emoji} {action}: {stage.upper()}", "INFO")
  File "c:\scripts\1repo\am_logging.py", line 588, in log_section
    log_func(f"  {title}")
Message: '  \u2705 Completed: FINALIZE'
Arguments: ()
2025-11-05 12:13:47,551 - __main__ - INFO - ============================================================
2025-11-05 12:13:47,551 - __main__ - INFO - ============================================================
2025-11-05 12:13:47,551 - __main__ - INFO--- Logging error ---
Traceback (most recent call last):
  File "C:\Users\Dimon\AppData\Local\Programs\Python\Python313\Lib\logging\__init__.py", line 1154, in emit
    stream.write(msg + self.terminator)
    ~~~~~~~~~~~~^^^^^^^^^^^^^^^^^^^^^^^
  File "C:\Users\Dimon\AppData\Local\Programs\Python\Python313\Lib\site-packages\colorama\ansitowin32.py", line 47, in write
    self.__convertor.write(text)
    ~~~~~~~~~~~~~~~~~~~~~~^^^^^^
  File "C:\Users\Dimon\AppData\Local\Programs\Python\Python313\Lib\site-packages\colorama\ansitowin32.py", line 177, in write
    self.write_and_convert(text)
    ~~~~~~~~~~~~~~~~~~~~~~^^^^^^
  File "C:\Users\Dimon\AppData\Local\Programs\Python\Python313\Lib\site-packages\colorama\ansitowin32.py", line 205, in write_and_convert
    self.write_plain_text(text, cursor, len(text))
    ~~~~~~~~~~~~~~~~~~~~~^^^^^^^^^^^^^^^^^^^^^^^^^
  File "C:\Users\Dimon\AppData\Local\Programs\Python\Python313\Lib\site-packages\colorama\ansitowin32.py", line 210, in write_plain_text
    self.wrapped.write(text[start:end])
    ~~~~~~~~~~~~~~~~~~^^^^^^^^^^^^^^^^^
  File "C:\Users\Dimon\AppData\Local\Programs\Python\Python313\Lib\encodings\cp1251.py", line 19, in encode
    return codecs.charmap_encode(input,self.errors,encoding_table)[0]
           ~~~~~~~~~~~~~~~~~~~~~^^^^^^^^^^^^^^^^^^^^^^^^^^^^^^^^^^
UnicodeEncodeError: 'charmap' codec can't encode character '\U0001f9e9' in position 5: character maps to <undefined>
Call stack:
  File "c:\scripts\1repo\run_mvp.py", line 680, in <module>
    main()
  File "c:\scripts\1repo\run_mvp.py", line 652, in main
    results = orchestrator.run_single(
  File "c:\scripts\1repo\run_mvp.py", line 222, in run_single
    log_stage(logger, stage, "Starting")
  File "c:\scripts\1repo\am_logging.py", line 613, in log_stage
    log_section(logger, f"{emoji} {action}: {stage.upper()}", "INFO")
  File "c:\scripts\1repo\am_logging.py", line 588, in log_section
    log_func(f"  {title}")
Message: '  \U0001f9e9 Starting: CHUNK'
Arguments: ()
2025-11-05 12:13:47,552 - __main__ - INFO - ============================================================
2025-11-05 12:13:47,552 - am_common - INFO - Loading config: config\batch_full.yaml
2025-11-05 12:13:47,567 - am_common - INFO - Config loaded successfully
2025-11-05 12:13:47,664 - am_chunk - INFO - Processing: project_management_institute_-_руководство_к_своду_знаний_по_управлению_проектами_(руководство_pmbok)_и_стандарт_управления_проектом._седьмое_издание_-_2021.dataset.jsonl
2025-11-05 12:13:47,664 - am_common - INFO - Loading dataset: c:\scripts\1repo\data\datasets\final\project_management_institute_-_руководство_к_своду_знаний_по_управлению_проектами_(руководство_pmbok)_и_стандарт_управления_проектом._седьмое_издание_-_2021.dataset.jsonl
2025-11-05 12:13:47,685 - am_common - INFO - Loaded: 374 cards from project_management_institute_-_руководство_к_своду_знаний_по_управлению_проектами_(руководство_pmbok)_и_стандарт_управления_проектом._седьмое_издание_-_2021.dataset.jsonl
2025-11-05 12:13:47,955 - am_chunk - INFO - Created 767 chunks from 374 pages
2025-11-05 12:13:47,970 - quality_tracker - INFO - Starting: track_quality
2025-11-05 12:13:47,971 - quality_tracker - INFO - chunk metrics:
2025-11-05 12:13:47,971 - quality_tracker - INFO -   total_chunks: 767
2025-11-05 12:13:47,971 - quality_tracker - INFO -   chunks_per_page: 2.0508
2025-11-05 12:13:47,971 - quality_tracker - INFO -   avg_chunk_tokens: 405.2464
2025-11-05 12:13:47,971 - quality_tracker - INFO -   min_chunk_tokens: 103
2025-11-05 12:13:47,971 - quality_tracker - INFO -   max_chunk_tokens: 1276
2025-11-05 12:13:47,971 - quality_tracker - INFO -   token_distribution: {'0-100': 0, '100-300': 178, '300-512': 540, '512+': 49}
2025-11-05 12:13:47,971 - quality_tracker - INFO -   context_completeness: 1.0000
2025-11-05 12:13:47,971 - quality_tracker - INFO--- Logging error ---
Traceback (most recent call last):
  File "C:\Users\Dimon\AppData\Local\Programs\Python\Python313\Lib\logging\__init__.py", line 1154, in emit
    stream.write(msg + self.terminator)
    ~~~~~~~~~~~~^^^^^^^^^^^^^^^^^^^^^^^
  File "C:\Users\Dimon\AppData\Local\Programs\Python\Python313\Lib\site-packages\colorama\ansitowin32.py", line 47, in write
    self.__convertor.write(text)
    ~~~~~~~~~~~~~~~~~~~~~~^^^^^^
  File "C:\Users\Dimon\AppData\Local\Programs\Python\Python313\Lib\site-packages\colorama\ansitowin32.py", line 177, in write
    self.write_and_convert(text)
    ~~~~~~~~~~~~~~~~~~~~~~^^^^^^
  File "C:\Users\Dimon\AppData\Local\Programs\Python\Python313\Lib\site-packages\colorama\ansitowin32.py", line 205, in write_and_convert
    self.write_plain_text(text, cursor, len(text))
    ~~~~~~~~~~~~~~~~~~~~~^^^^^^^^^^^^^^^^^^^^^^^^^
  File "C:\Users\Dimon\AppData\Local\Programs\Python\Python313\Lib\site-packages\colorama\ansitowin32.py", line 210, in write_plain_text
    self.wrapped.write(text[start:end])
    ~~~~~~~~~~~~~~~~~~^^^^^^^^^^^^^^^^^
  File "C:\Users\Dimon\AppData\Local\Programs\Python\Python313\Lib\encodings\cp1251.py", line 19, in encode
    return codecs.charmap_encode(input,self.errors,encoding_table)[0]
           ~~~~~~~~~~~~~~~~~~~~~^^^^^^^^^^^^^^^^^^^^^^^^^^^^^^^^^^
UnicodeEncodeError: 'charmap' codec can't encode character '\u2713' in position 3: character maps to <undefined>
Call stack:
  File "c:\scripts\1repo\run_mvp.py", line 680, in <module>
    main()
  File "c:\scripts\1repo\run_mvp.py", line 652, in main
    results = orchestrator.run_single(
  File "c:\scripts\1repo\run_mvp.py", line 226, in run_single
    stage_result = self._run_stage(stage, current_input)
  File "c:\scripts\1repo\run_mvp.py", line 419, in _run_stage
    return processor.process_dataset(input_path, output_dir)
  File "c:\scripts\1repo\am_chunk.py", line 309, in process_dataset
    self.quality_tracker.track('chunk', input_path.name, metrics)
  File "c:\scripts\1repo\quality_tracker.py", line 171, in track
    logger.info(f"\u2713 Quality thresholds passed for {stage}")
Message: '\u2713 Quality thresholds passed for chunk'
Arguments: ()
2025-11-05 12:13:47,987 - quality_tracker - INFO - Completed: track_quality (0.02s)
2025-11-05 12:13:47,987 - am_chunk - INFO - Saved: project_management_institute_-_руководство_к_своду_знаний_по_управлению_проектами_(руководство_pmbok)_и_стандарт_управления_проектом._седьмое_издание_-_2021.dataset.chunks.jsonl
2025-11-05 12:13:47,989 - __main__ - ERROR - Validation failed: Unknown stage: chunk
2025-11-05 12:13:47,989 - __main__ - WARNING - Validation issues: 1 errors
2025-11-05 12:13:47,989 - __main__ - INFO - ============================================================
2025-11-05 12:13:47,989 - __main__ - INFO--- Logging error ---
Traceback (most recent call last):
  File "C:\Users\Dimon\AppData\Local\Programs\Python\Python313\Lib\logging\__init__.py", line 1154, in emit
    stream.write(msg + self.terminator)
    ~~~~~~~~~~~~^^^^^^^^^^^^^^^^^^^^^^^
  File "C:\Users\Dimon\AppData\Local\Programs\Python\Python313\Lib\site-packages\colorama\ansitowin32.py", line 47, in write
    self.__convertor.write(text)
    ~~~~~~~~~~~~~~~~~~~~~~^^^^^^
  File "C:\Users\Dimon\AppData\Local\Programs\Python\Python313\Lib\site-packages\colorama\ansitowin32.py", line 177, in write
    self.write_and_convert(text)
    ~~~~~~~~~~~~~~~~~~~~~~^^^^^^
  File "C:\Users\Dimon\AppData\Local\Programs\Python\Python313\Lib\site-packages\colorama\ansitowin32.py", line 205, in write_and_convert
    self.write_plain_text(text, cursor, len(text))
    ~~~~~~~~~~~~~~~~~~~~~^^^^^^^^^^^^^^^^^^^^^^^^^
  File "C:\Users\Dimon\AppData\Local\Programs\Python\Python313\Lib\site-packages\colorama\ansitowin32.py", line 210, in write_plain_text
    self.wrapped.write(text[start:end])
    ~~~~~~~~~~~~~~~~~~^^^^^^^^^^^^^^^^^
  File "C:\Users\Dimon\AppData\Local\Programs\Python\Python313\Lib\encodings\cp1251.py", line 19, in encode
    return codecs.charmap_encode(input,self.errors,encoding_table)[0]
           ~~~~~~~~~~~~~~~~~~~~~^^^^^^^^^^^^^^^^^^^^^^^^^^^^^^^^^^
UnicodeEncodeError: 'charmap' codec can't encode character '\U0001f9e9' in position 5: character maps to <undefined>
Call stack:
  File "c:\scripts\1repo\run_mvp.py", line 680, in <module>
    main()
  File "c:\scripts\1repo\run_mvp.py", line 652, in main
    results = orchestrator.run_single(
  File "c:\scripts\1repo\run_mvp.py", line 253, in run_single
    log_stage(logger, stage, "Completed")
  File "c:\scripts\1repo\am_logging.py", line 613, in log_stage
    log_section(logger, f"{emoji} {action}: {stage.upper()}", "INFO")
  File "c:\scripts\1repo\am_logging.py", line 588, in log_section
    log_func(f"  {title}")
Message: '  \U0001f9e9 Completed: CHUNK'
Arguments: ()
2025-11-05 12:13:47,990 - __main__ - INFO - ============================================================
2025-11-05 12:13:47,990 - __main__ - INFO - ============================================================
2025-11-05 12:13:47,990 - __main__ - INFO--- Logging error ---
Traceback (most recent call last):
  File "C:\Users\Dimon\AppData\Local\Programs\Python\Python313\Lib\logging\__init__.py", line 1154, in emit
    stream.write(msg + self.terminator)
    ~~~~~~~~~~~~^^^^^^^^^^^^^^^^^^^^^^^
  File "C:\Users\Dimon\AppData\Local\Programs\Python\Python313\Lib\site-packages\colorama\ansitowin32.py", line 47, in write
    self.__convertor.write(text)
    ~~~~~~~~~~~~~~~~~~~~~~^^^^^^
  File "C:\Users\Dimon\AppData\Local\Programs\Python\Python313\Lib\site-packages\colorama\ansitowin32.py", line 177, in write
    self.write_and_convert(text)
    ~~~~~~~~~~~~~~~~~~~~~~^^^^^^
  File "C:\Users\Dimon\AppData\Local\Programs\Python\Python313\Lib\site-packages\colorama\ansitowin32.py", line 205, in write_and_convert
    self.write_plain_text(text, cursor, len(text))
    ~~~~~~~~~~~~~~~~~~~~~^^^^^^^^^^^^^^^^^^^^^^^^^
  File "C:\Users\Dimon\AppData\Local\Programs\Python\Python313\Lib\site-packages\colorama\ansitowin32.py", line 210, in write_plain_text
    self.wrapped.write(text[start:end])
    ~~~~~~~~~~~~~~~~~~^^^^^^^^^^^^^^^^^
  File "C:\Users\Dimon\AppData\Local\Programs\Python\Python313\Lib\encodings\cp1251.py", line 19, in encode
    return codecs.charmap_encode(input,self.errors,encoding_table)[0]
           ~~~~~~~~~~~~~~~~~~~~~^^^^^^^^^^^^^^^^^^^^^^^^^^^^^^^^^^
UnicodeEncodeError: 'charmap' codec can't encode character '\U0001f522' in position 5: character maps to <undefined>
Call stack:
  File "c:\scripts\1repo\run_mvp.py", line 680, in <module>
    main()
  File "c:\scripts\1repo\run_mvp.py", line 652, in main
    results = orchestrator.run_single(
  File "c:\scripts\1repo\run_mvp.py", line 222, in run_single
    log_stage(logger, stage, "Starting")
  File "c:\scripts\1repo\am_logging.py", line 613, in log_stage
    log_section(logger, f"{emoji} {action}: {stage.upper()}", "INFO")
  File "c:\scripts\1repo\am_logging.py", line 588, in log_section
    log_func(f"  {title}")
Message: '  \U0001f522 Starting: EMBED'
Arguments: ()
2025-11-05 12:13:47,990 - __main__ - INFO - ============================================================
2025-11-05 12:13:47,990 - am_common - INFO - Loading config: config\batch_full.yaml
2025-11-05 12:13:48,005 - am_common - INFO - Config loaded successfully
2025-11-05 12:13:48,005 - am_embed - INFO - [sentence-transformers] Loading model: all-MiniLM-L6-v2
2025-11-05 12:13:48,006 - sentence_transformers.SentenceTransformer - INFO - Use pytorch device_name: cpu
2025-11-05 12:13:48,006 - sentence_transformers.SentenceTransformer - INFO - Load pretrained SentenceTransformer: all-MiniLM-L6-v2
2025-11-05 12:14:03,407 - am_embed - INFO - [sentence-transformers] Embedding dimension: 384
2025-11-05 12:14:03,408 - am_embed - INFO - Processing: project_management_institute_-_руководство_к_своду_знаний_по_управлению_проектами_(руководство_pmbok)_и_стандарт_управления_проектом._седьмое_издание_-_2021.dataset.chunks.jsonl
2025-11-05 12:14:03,430 - am_embed - INFO - Loaded 767 chunks
2025-11-05 12:14:03,430 - am_embed - INFO - Encoding 767 chunks in 24 batches
2025-11-05 12:14:06,293 - am_embed - INFO - Processed batch 10/24
2025-11-05 12:14:09,095 - am_embed - INFO - Processed batch 20/24
2025-11-05 12:14:10,204 - am_embed - INFO - Encoded 767 embeddings, 0 failures
2025-11-05 12:14:10,204 - am_embed - INFO - Building FAISS index: flat, metric=cosine
2025-11-05 12:14:10,204 - am_embed - INFO - Vectors: 767, Dimension: 384
2025-11-05 12:14:10,204 - am_embed - INFO - FAISS index built: 767 vectors
2025-11-05 12:14:10,205 - __main__ - ERROR - Stage failed: Error in __cdecl faiss::FileIOWriter::FileIOWriter(const char *) at D:\a\faiss-wheels\faiss-wheels\third-party\faiss\faiss\impl\io.cpp:104: Error: 'f' failed: could not open c:\scripts\1repo\data\indexes\faiss\project_management_institute_-_руководство_к_своду_знаний_по_управлению_проектами_(руководство_pmbok)_и_стандарт_управления_проектом._седьмое_издание_-_2021.dataset.faiss for writing: Invalid argument
2025-11-05 12:14:10,205 - __main__ - ERROR - Error details:
Traceback (most recent call last):
  File "c:\scripts\1repo\run_mvp.py", line 226, in run_single
    stage_result = self._run_stage(stage, current_input)
  File "c:\scripts\1repo\run_mvp.py", line 428, in _run_stage
    return processor.process_chunks(input_path, output_dir=None)
           ~~~~~~~~~~~~~~~~~~~~~~~~^^^^^^^^^^^^^^^^^^^^^^^^^^^^^
  File "c:\scripts\1repo\am_embed.py", line 413, in process_chunks
    self.index_builder.save_index(index, index_path)
    ~~~~~~~~~~~~~~~~~~~~~~~~~~~~~^^^^^^^^^^^^^^^^^^^
  File "c:\scripts\1repo\am_embed.py", line 329, in save_index
    faiss.write_index(index, str(path))
    ~~~~~~~~~~~~~~~~~^^^^^^^^^^^^^^^^^^
  File "C:\Users\Dimon\AppData\Local\Programs\Python\Python313\Lib\site-packages\faiss\swigfaiss_avx2.py", line 11267, in write_index
    return _swigfaiss_avx2.write_index(*args)
           ~~~~~~~~~~~~~~~~~~~~~~~~~~~^^^^^^^
RuntimeError: Error in __cdecl faiss::FileIOWriter::FileIOWriter(const char *) at D:\a\faiss-wheels\faiss-wheels\third-party\faiss\faiss\impl\io.cpp:104: Error: 'f' failed: could not open c:\scripts\1repo\data\indexes\faiss\project_management_institute_-_руководство_к_своду_знаний_по_управлению_проектами_(руководство_pmbok)_и_стандарт_управления_проектом._седьмое_издание_-_2021.dataset.faiss for writing: Invalid argument
2025-11-05 12:14:10,238 - __main__ - WARNING - Non-critical stage failed, attempting to continue
2025-11-05 12:14:10,239 - __main__ - INFO - Pipeline status: partial
2025-11-05 12:14:10,239 - __main__ - INFO - Completed: run_single_pipeline (235.48s)
2025-11-05 12:14:10,239 - __main__ - INFO - ============================================================
2025-11-05 12:14:10,239 - __main__ - INFO--- Logging error ---
Traceback (most recent call last):
  File "C:\Users\Dimon\AppData\Local\Programs\Python\Python313\Lib\logging\__init__.py", line 1154, in emit
    stream.write(msg + self.terminator)
    ~~~~~~~~~~~~^^^^^^^^^^^^^^^^^^^^^^^
  File "C:\Users\Dimon\AppData\Local\Programs\Python\Python313\Lib\site-packages\colorama\ansitowin32.py", line 47, in write
    self.__convertor.write(text)
    ~~~~~~~~~~~~~~~~~~~~~~^^^^^^
  File "C:\Users\Dimon\AppData\Local\Programs\Python\Python313\Lib\site-packages\colorama\ansitowin32.py", line 177, in write
    self.write_and_convert(text)
    ~~~~~~~~~~~~~~~~~~~~~~^^^^^^
  File "C:\Users\Dimon\AppData\Local\Programs\Python\Python313\Lib\site-packages\colorama\ansitowin32.py", line 205, in write_and_convert
    self.write_plain_text(text, cursor, len(text))
    ~~~~~~~~~~~~~~~~~~~~~^^^^^^^^^^^^^^^^^^^^^^^^^
  File "C:\Users\Dimon\AppData\Local\Programs\Python\Python313\Lib\site-packages\colorama\ansitowin32.py", line 210, in write_plain_text
    self.wrapped.write(text[start:end])
    ~~~~~~~~~~~~~~~~~~^^^^^^^^^^^^^^^^^
  File "C:\Users\Dimon\AppData\Local\Programs\Python\Python313\Lib\encodings\cp1251.py", line 19, in encode
    return codecs.charmap_encode(input,self.errors,encoding_table)[0]
           ~~~~~~~~~~~~~~~~~~~~~^^^^^^^^^^^^^^^^^^^^^^^^^^^^^^^^^^
UnicodeEncodeError: 'charmap' codec can't encode character '\U0001f4ca' in position 5: character maps to <undefined>
Call stack:
  File "c:\scripts\1repo\run_mvp.py", line 680, in <module>
    main()
  File "c:\scripts\1repo\run_mvp.py", line 660, in main
    orchestrator.generate_reports()
  File "c:\scripts\1repo\run_mvp.py", line 502, in generate_reports
    log_section(logger, "\U0001f4ca FINAL REPORTS", "INFO")
  File "c:\scripts\1repo\am_logging.py", line 588, in log_section
    log_func(f"  {title}")
Message: '  \U0001f4ca FINAL REPORTS'
Arguments: ()
2025-11-05 12:14:10,240 - __main__ - INFO - ============================================================
2025-11-05 12:14:10,240 - __main__ - INFO - ============================================================
2025-11-05 12:14:10,240 - __main__ - INFO -   Performance Summary
2025-11-05 12:14:10,240 - __main__ - INFO - ============================================================
2025-11-05 12:14:10,240 - __main__ - INFO - 
run_single_pipeline:
2025-11-05 12:14:10,240 - __main__ - INFO -   Count: 1
2025-11-05 12:14:10,240 - __main__ - INFO -   Total: 235.48s
2025-11-05 12:14:10,240 - __main__ - INFO -   Avg: 235.48s
2025-11-05 12:14:10,240 - __main__ - INFO -   Min: 235.48s
2025-11-05 12:14:10,240 - __main__ - INFO -   Max: 235.48s
2025-11-05 12:14:10,240 - __main__ - INFO - 
track_quality:
2025-11-05 12:14:10,240 - __main__ - INFO -   Count: 6
2025-11-05 12:14:10,240 - __main__ - INFO -   Total: 0.09s
2025-11-05 12:14:10,240 - __main__ - INFO -   Avg: 0.01s
2025-11-05 12:14:10,240 - __main__ - INFO -   Min: 0.01s
2025-11-05 12:14:10,240 - __main__ - INFO -   Max: 0.02s
2025-11-05 12:14:10,240 - __main__ - INFO - No errors or warnings recorded
2025-11-05 12:14:10,240 - __main__ - INFO - 
2025-11-05 12:14:10,240 - quality_tracker - INFO - Starting: generate_quality_report
2025-11-05 12:14:10,241 - quality_tracker - INFO - Quality report saved: c:\scripts\1repo\data\quality\quality_report_20251105_121410.json
2025-11-05 12:14:10,242 - quality_tracker - INFO - Completed: generate_quality_report (0.00s)
2025-11-05 12:14:10,242 - quality_tracker - INFO - ============================================================
2025-11-05 12:14:10,242 - quality_tracker - INFO -   QUALITY REPORT
2025-11-05 12:14:10,242 - quality_tracker - INFO - ============================================================
2025-11-05 12:14:10,242 - quality_tracker - INFO - Generated: 2025-11-05T09:14:10Z
2025-11-05 12:14:10,242 - quality_tracker - INFO - Version: 2.0.0

2025-11-05 12:14:10,242 - quality_tracker - INFO - ------------------------------------------------------------
2025-11-05 12:14:10,242 - quality_tracker - INFO -   Stage: STRUCTURAL
2025-11-05 12:14:10,242 - quality_tracker - INFO - ------------------------------------------------------------
2025-11-05 12:14:10,242 - quality_tracker - INFO - Summary:
2025-11-05 12:14:10,242 - quality_tracker - INFO -   total_runs: 1
2025-11-05 12:14:10,243 - quality_tracker - INFO -   passed_threshold: 1
2025-11-05 12:14:10,243 - quality_tracker - INFO -   failed_threshold: 0
2025-11-05 12:14:10,243 - quality_tracker - INFO -   pass_rate: 100.0%
2025-11-05 12:14:10,243 - quality_tracker - INFO - 
Recent trend (last 1 runs):
2025-11-05 12:14:10,243 - quality_tracker - INFO -   Pass rate: 100.0%
2025-11-05 12:14:10,243 - quality_tracker - INFO - 
2025-11-05 12:14:10,243 - quality_tracker - INFO - ------------------------------------------------------------
2025-11-05 12:14:10,243 - quality_tracker - INFO -   Stage: STRUCTURE_DETECT
2025-11-05 12:14:10,243 - quality_tracker - INFO - ------------------------------------------------------------
2025-11-05 12:14:10,243 - quality_tracker - INFO - Summary:
2025-11-05 12:14:10,243 - quality_tracker - INFO -   total_runs: 1
2025-11-05 12:14:10,243 - quality_tracker - INFO -   passed_threshold: 1
2025-11-05 12:14:10,243 - quality_tracker - INFO -   failed_threshold: 0
2025-11-05 12:14:10,243 - quality_tracker - INFO -   pass_rate: 100.0%
2025-11-05 12:14:10,243 - quality_tracker - INFO - 
Recent trend (last 1 runs):
2025-11-05 12:14:10,243 - quality_tracker - INFO -   Pass rate: 100.0%
2025-11-05 12:14:10,243 - quality_tracker - INFO - 
2025-11-05 12:14:10,243 - quality_tracker - INFO - ------------------------------------------------------------
2025-11-05 12:14:10,243 - quality_tracker - INFO -   Stage: SUMMARIZE
2025-11-05 12:14:10,243 - quality_tracker - INFO - ------------------------------------------------------------
2025-11-05 12:14:10,243 - quality_tracker - INFO - Summary:
2025-11-05 12:14:10,243 - quality_tracker - INFO -   total_runs: 1
2025-11-05 12:14:10,243 - quality_tracker - INFO -   passed_threshold: 1
2025-11-05 12:14:10,243 - quality_tracker - INFO -   failed_threshold: 0
2025-11-05 12:14:10,243 - quality_tracker - INFO -   pass_rate: 100.0%
2025-11-05 12:14:10,243 - quality_tracker - INFO - 
Recent trend (last 1 runs):
2025-11-05 12:14:10,243 - quality_tracker - INFO -   Pass rate: 100.0%
2025-11-05 12:14:10,243 - quality_tracker - INFO - 
2025-11-05 12:14:10,243 - quality_tracker - INFO - ------------------------------------------------------------
2025-11-05 12:14:10,243 - quality_tracker - INFO -   Stage: EXTENDED
2025-11-05 12:14:10,243 - quality_tracker - INFO - ------------------------------------------------------------
2025-11-05 12:14:10,243 - quality_tracker - INFO - Summary:
2025-11-05 12:14:10,243 - quality_tracker - INFO -   total_runs: 1
2025-11-05 12:14:10,243 - quality_tracker - INFO -   passed_threshold: 1
2025-11-05 12:14:10,243 - quality_tracker - INFO -   failed_threshold: 0
2025-11-05 12:14:10,244 - quality_tracker - INFO -   pass_rate: 100.0%
2025-11-05 12:14:10,244 - quality_tracker - INFO - 
Recent trend (last 1 runs):
2025-11-05 12:14:10,244 - quality_tracker - INFO -   Pass rate: 100.0%
2025-11-05 12:14:10,244 - quality_tracker - INFO - 
2025-11-05 12:14:10,244 - quality_tracker - INFO - ------------------------------------------------------------
2025-11-05 12:14:10,244 - quality_tracker - INFO -   Stage: FINALIZE
2025-11-05 12:14:10,244 - quality_tracker - INFO - ------------------------------------------------------------
2025-11-05 12:14:10,244 - quality_tracker - INFO - Summary:
2025-11-05 12:14:10,244 - quality_tracker - INFO -   total_runs: 1
2025-11-05 12:14:10,244 - quality_tracker - INFO -   passed_threshold: 1
2025-11-05 12:14:10,244 - quality_tracker - INFO -   failed_threshold: 0
2025-11-05 12:14:10,244 - quality_tracker - INFO -   pass_rate: 100.0%
2025-11-05 12:14:10,244 - quality_tracker - INFO - 
Recent trend (last 1 runs):
2025-11-05 12:14:10,244 - quality_tracker - INFO -   Pass rate: 100.0%
2025-11-05 12:14:10,244 - quality_tracker - INFO - 
2025-11-05 12:14:10,244 - quality_tracker - INFO - ------------------------------------------------------------
2025-11-05 12:14:10,244 - quality_tracker - INFO -   Stage: CHUNK
2025-11-05 12:14:10,244 - quality_tracker - INFO - ------------------------------------------------------------
2025-11-05 12:14:10,244 - quality_tracker - INFO - Summary:
2025-11-05 12:14:10,244 - quality_tracker - INFO -   total_runs: 1
2025-11-05 12:14:10,244 - quality_tracker - INFO -   passed_threshold: 1
2025-11-05 12:14:10,244 - quality_tracker - INFO -   failed_threshold: 0
2025-11-05 12:14:10,244 - quality_tracker - INFO -   pass_rate: 100.0%
2025-11-05 12:14:10,244 - quality_tracker - INFO - 
Recent trend (last 1 runs):
2025-11-05 12:14:10,244 - quality_tracker - INFO -   Pass rate: 100.0%
2025-11-05 12:14:10,244 - quality_tracker - INFO - 
2025-11-05 12:14:10,244 - quality_tracker - INFO - ------------------------------------------------------------
2025-11-05 12:14:10,244 - quality_tracker - INFO -   PERFORMANCE SUMMARY
2025-11-05 12:14:10,244 - quality_tracker - INFO - ------------------------------------------------------------
2025-11-05 12:14:10,244 - quality_tracker - INFO - track_quality:
2025-11-05 12:14:10,244 - quality_tracker - INFO -   Count: 6, Avg: 0.01s
2025-11-05 12:14:10,244 - quality_tracker - INFO - run_single_pipeline:
2025-11-05 12:14:10,244 - quality_tracker - INFO -   Count: 1, Avg: 235.48s
2025-11-05 12:14:10,244 - __main__ - INFO - 
2025-11-05 12:14:10,245 - validate - INFO - ============================================================
2025-11-05 12:14:10,245 - validate - INFO -   Validation Summary
2025-11-05 12:14:10,245 - validate - INFO - ============================================================
2025-11-05 12:14:10,245 - validate - INFO - Overall Results:
2025-11-05 12:14:10,245 - validate - INFO -   total_datasets: 2
2025-11-05 12:14:10,245 - validate - INFO -   valid_datasets: 1
2025-11-05 12:14:10,245 - validate - INFO -   invalid_datasets: 1
2025-11-05 12:14:10,245 - validate - INFO -   total_errors: 2
2025-11-05 12:14:10,245 - validate - INFO -   total_warnings: 367
2025-11-05 12:14:10,245 - validate - INFO -   success_rate: 0.5000
2025-11-05 12:14:10,245 - validate - INFO -   timestamp: 2025-11-05T09:14:10.244995
2025-11-05 12:14:10,245 - validate - INFO - 
Per-dataset results:
2025-11-05 12:14:10,245 - validate - INFO--- Logging error ---
Traceback (most recent call last):
  File "C:\Users\Dimon\AppData\Local\Programs\Python\Python313\Lib\logging\__init__.py", line 1154, in emit
    stream.write(msg + self.terminator)
    ~~~~~~~~~~~~^^^^^^^^^^^^^^^^^^^^^^^
  File "C:\Users\Dimon\AppData\Local\Programs\Python\Python313\Lib\site-packages\colorama\ansitowin32.py", line 47, in write
    self.__convertor.write(text)
    ~~~~~~~~~~~~~~~~~~~~~~^^^^^^
  File "C:\Users\Dimon\AppData\Local\Programs\Python\Python313\Lib\site-packages\colorama\ansitowin32.py", line 177, in write
    self.write_and_convert(text)
    ~~~~~~~~~~~~~~~~~~~~~~^^^^^^
  File "C:\Users\Dimon\AppData\Local\Programs\Python\Python313\Lib\site-packages\colorama\ansitowin32.py", line 205, in write_and_convert
    self.write_plain_text(text, cursor, len(text))
    ~~~~~~~~~~~~~~~~~~~~~^^^^^^^^^^^^^^^^^^^^^^^^^
  File "C:\Users\Dimon\AppData\Local\Programs\Python\Python313\Lib\site-packages\colorama\ansitowin32.py", line 210, in write_plain_text
    self.wrapped.write(text[start:end])
    ~~~~~~~~~~~~~~~~~~^^^^^^^^^^^^^^^^^
  File "C:\Users\Dimon\AppData\Local\Programs\Python\Python313\Lib\encodings\cp1251.py", line 19, in encode
    return codecs.charmap_encode(input,self.errors,encoding_table)[0]
           ~~~~~~~~~~~~~~~~~~~~~^^^^^^^^^^^^^^^^^^^^^^^^^^^^^^^^^^
UnicodeEncodeError: 'charmap' codec can't encode character '\u2705' in position 5: character maps to <undefined>
Call stack:
  File "c:\scripts\1repo\run_mvp.py", line 680, in <module>
    main()
  File "c:\scripts\1repo\run_mvp.py", line 660, in main
    orchestrator.generate_reports()
  File "c:\scripts\1repo\run_mvp.py", line 522, in generate_reports
    self.validator.print_summary()
  File "c:\scripts\1repo\validate.py", line 784, in print_summary
    self.report.print_summary()
  File "c:\scripts\1repo\validate.py", line 644, in print_summary
    logger.info(f"  {status} - {dataset} (errors: {errors}, warnings: {warnings})")
Message: '  \u2705 VALID - project_management_institute_-_руководство_к_своду_знаний_по_управлению_проектами_(руководство_pmbok)_и_стандарт_управления_проектом._седьмое_издание_-_2021.dataset.jsonl (errors: 0, warnings: 13)'
Arguments: ()
2025-11-05 12:14:10,254 - validate - INFO--- Logging error ---
Traceback (most recent call last):
  File "C:\Users\Dimon\AppData\Local\Programs\Python\Python313\Lib\logging\__init__.py", line 1154, in emit
    stream.write(msg + self.terminator)
    ~~~~~~~~~~~~^^^^^^^^^^^^^^^^^^^^^^^
  File "C:\Users\Dimon\AppData\Local\Programs\Python\Python313\Lib\site-packages\colorama\ansitowin32.py", line 47, in write
    self.__convertor.write(text)
    ~~~~~~~~~~~~~~~~~~~~~~^^^^^^
  File "C:\Users\Dimon\AppData\Local\Programs\Python\Python313\Lib\site-packages\colorama\ansitowin32.py", line 177, in write
    self.write_and_convert(text)
    ~~~~~~~~~~~~~~~~~~~~~~^^^^^^
  File "C:\Users\Dimon\AppData\Local\Programs\Python\Python313\Lib\site-packages\colorama\ansitowin32.py", line 205, in write_and_convert
    self.write_plain_text(text, cursor, len(text))
    ~~~~~~~~~~~~~~~~~~~~~^^^^^^^^^^^^^^^^^^^^^^^^^
  File "C:\Users\Dimon\AppData\Local\Programs\Python\Python313\Lib\site-packages\colorama\ansitowin32.py", line 210, in write_plain_text
    self.wrapped.write(text[start:end])
    ~~~~~~~~~~~~~~~~~~^^^^^^^^^^^^^^^^^
  File "C:\Users\Dimon\AppData\Local\Programs\Python\Python313\Lib\encodings\cp1251.py", line 19, in encode
    return codecs.charmap_encode(input,self.errors,encoding_table)[0]
           ~~~~~~~~~~~~~~~~~~~~~^^^^^^^^^^^^^^^^^^^^^^^^^^^^^^^^^^
UnicodeEncodeError: 'charmap' codec can't encode character '\u274c' in position 5: character maps to <undefined>
Call stack:
  File "c:\scripts\1repo\run_mvp.py", line 680, in <module>
    main()
  File "c:\scripts\1repo\run_mvp.py", line 660, in main
    orchestrator.generate_reports()
  File "c:\scripts\1repo\run_mvp.py", line 522, in generate_reports
    self.validator.print_summary()
  File "c:\scripts\1repo\validate.py", line 784, in print_summary
    self.report.print_summary()
  File "c:\scripts\1repo\validate.py", line 644, in print_summary
    logger.info(f"  {status} - {dataset} (errors: {errors}, warnings: {warnings})")
Message: '  \u274c INVALID - project_management_institute_-_руководство_к_своду_знаний_по_управлению_проектами_(руководство_pmbok)_и_стандарт_управления_проектом._седьмое_издание_-_2021.dataset.jsonl (errors: 2, warnings: 354)'
Arguments: ()
