[WARN] OCR not available
2025-11-01 01:07:05,977 - faiss.loader - INFO - Loading faiss with AVX512 support.
2025-11-01 01:07:05,977 - faiss.loader - INFO - Could not load library with AVX512 support due to:
ModuleNotFoundError("No module named 'faiss.swigfaiss_avx512'")
2025-11-01 01:07:05,978 - faiss.loader - INFO - Loading faiss with AVX2 support.
2025-11-01 01:07:05,988 - faiss.loader - INFO - Successfully loaded faiss with AVX2 support.
2025-11-01 01:07:05,993 - am_common - INFO - Loading config: config\batch_full.yaml
2025-11-01 01:07:06,007 - am_common - INFO - Config loaded successfully
2025-11-01 01:07:06,015 - quality_tracker - INFO - Quality tracker initialized: C:\scripts\1repo\data\quality
2025-11-01 01:07:06,015 - __main__ - INFO - ============================================================
2025-11-01 01:07:06,015 - __main__ - INFO--- Logging error ---
Traceback (most recent call last):
  File "C:\Users\Dimon\AppData\Local\Programs\Python\Python313\Lib\logging\__init__.py", line 1154, in emit
    stream.write(msg + self.terminator)
    ~~~~~~~~~~~~^^^^^^^^^^^^^^^^^^^^^^^
  File "C:\Users\Dimon\AppData\Local\Programs\Python\Python313\Lib\site-packages\colorama\ansitowin32.py", line 47, in write
    self.__convertor.write(text)
    ~~~~~~~~~~~~~~~~~~~~~~^^^^^^
  File "C:\Users\Dimon\AppData\Local\Programs\Python\Python313\Lib\site-packages\colorama\ansitowin32.py", line 177, in write
    self.write_and_convert(text)
    ~~~~~~~~~~~~~~~~~~~~~~^^^^^^
  File "C:\Users\Dimon\AppData\Local\Programs\Python\Python313\Lib\site-packages\colorama\ansitowin32.py", line 205, in write_and_convert
    self.write_plain_text(text, cursor, len(text))
    ~~~~~~~~~~~~~~~~~~~~~^^^^^^^^^^^^^^^^^^^^^^^^^
  File "C:\Users\Dimon\AppData\Local\Programs\Python\Python313\Lib\site-packages\colorama\ansitowin32.py", line 210, in write_plain_text
    self.wrapped.write(text[start:end])
    ~~~~~~~~~~~~~~~~~~^^^^^^^^^^^^^^^^^
  File "C:\Users\Dimon\AppData\Local\Programs\Python\Python313\Lib\encodings\cp1251.py", line 19, in encode
    return codecs.charmap_encode(input,self.errors,encoding_table)[0]
           ~~~~~~~~~~~~~~~~~~~~~^^^^^^^^^^^^^^^^^^^^^^^^^^^^^^^^^^
UnicodeEncodeError: 'charmap' codec can't encode character '\U0001f680' in position 5: character maps to <undefined>
Call stack:
  File "C:\scripts\1repo\run_mvp.py", line 680, in <module>
    main()
  File "C:\scripts\1repo\run_mvp.py", line 605, in main
    orchestrator = PipelineOrchestrator(
  File "C:\scripts\1repo\run_mvp.py", line 136, in __init__
    log_section(logger, f"\U0001f680 {PRODUCT_NAME} {VERSION}", "INFO")
  File "C:\scripts\1repo\am_logging.py", line 588, in log_section
    log_func(f"  {title}")
Message: '  \U0001f680 archivist magika 2.0.0'
Arguments: ()
2025-11-01 01:07:06,016 - __main__ - INFO - ============================================================
2025-11-01 01:07:06,017 - __main__ - INFO - Quality check: enabled
2025-11-01 01:07:06,017 - __main__ - INFO - Validation: enabled
2025-11-01 01:07:06,017 - __main__ - INFO - Dry run: no
2025-11-01 01:07:06,017 - __main__ - INFO - Starting: run_single_pipeline
2025-11-01 01:07:06,017 - __main__ - INFO - Processing: Agile-Metrics-in-Action.pdf
2025-11-01 01:07:06,017 - __main__ - INFO--- Logging error ---
Traceback (most recent call last):
  File "C:\Users\Dimon\AppData\Local\Programs\Python\Python313\Lib\logging\__init__.py", line 1154, in emit
    stream.write(msg + self.terminator)
    ~~~~~~~~~~~~^^^^^^^^^^^^^^^^^^^^^^^
  File "C:\Users\Dimon\AppData\Local\Programs\Python\Python313\Lib\site-packages\colorama\ansitowin32.py", line 47, in write
    self.__convertor.write(text)
    ~~~~~~~~~~~~~~~~~~~~~~^^^^^^
  File "C:\Users\Dimon\AppData\Local\Programs\Python\Python313\Lib\site-packages\colorama\ansitowin32.py", line 177, in write
    self.write_and_convert(text)
    ~~~~~~~~~~~~~~~~~~~~~~^^^^^^
  File "C:\Users\Dimon\AppData\Local\Programs\Python\Python313\Lib\site-packages\colorama\ansitowin32.py", line 205, in write_and_convert
    self.write_plain_text(text, cursor, len(text))
    ~~~~~~~~~~~~~~~~~~~~~^^^^^^^^^^^^^^^^^^^^^^^^^
  File "C:\Users\Dimon\AppData\Local\Programs\Python\Python313\Lib\site-packages\colorama\ansitowin32.py", line 210, in write_plain_text
    self.wrapped.write(text[start:end])
    ~~~~~~~~~~~~~~~~~~^^^^^^^^^^^^^^^^^
  File "C:\Users\Dimon\AppData\Local\Programs\Python\Python313\Lib\encodings\cp1251.py", line 19, in encode
    return codecs.charmap_encode(input,self.errors,encoding_table)[0]
           ~~~~~~~~~~~~~~~~~~~~~^^^^^^^^^^^^^^^^^^^^^^^^^^^^^^^^^^
UnicodeEncodeError: 'charmap' codec can't encode character '\u2192' in position 24: character maps to <undefined>
Call stack:
  File "C:\scripts\1repo\run_mvp.py", line 680, in <module>
    main()
  File "C:\scripts\1repo\run_mvp.py", line 652, in main
    results = orchestrator.run_single(
  File "C:\scripts\1repo\run_mvp.py", line 196, in run_single
    logger.info(f"Pipeline: {start_stage} \u2192 {end_stage}")
Message: 'Pipeline: structural \u2192 embed'
Arguments: ()
2025-11-01 01:07:06,017 - __main__ - INFO--- Logging error ---
Traceback (most recent call last):
  File "C:\Users\Dimon\AppData\Local\Programs\Python\Python313\Lib\logging\__init__.py", line 1154, in emit
    stream.write(msg + self.terminator)
    ~~~~~~~~~~~~^^^^^^^^^^^^^^^^^^^^^^^
  File "C:\Users\Dimon\AppData\Local\Programs\Python\Python313\Lib\site-packages\colorama\ansitowin32.py", line 47, in write
    self.__convertor.write(text)
    ~~~~~~~~~~~~~~~~~~~~~~^^^^^^
  File "C:\Users\Dimon\AppData\Local\Programs\Python\Python313\Lib\site-packages\colorama\ansitowin32.py", line 177, in write
    self.write_and_convert(text)
    ~~~~~~~~~~~~~~~~~~~~~~^^^^^^
  File "C:\Users\Dimon\AppData\Local\Programs\Python\Python313\Lib\site-packages\colorama\ansitowin32.py", line 205, in write_and_convert
    self.write_plain_text(text, cursor, len(text))
    ~~~~~~~~~~~~~~~~~~~~~^^^^^^^^^^^^^^^^^^^^^^^^^
  File "C:\Users\Dimon\AppData\Local\Programs\Python\Python313\Lib\site-packages\colorama\ansitowin32.py", line 210, in write_plain_text
    self.wrapped.write(text[start:end])
    ~~~~~~~~~~~~~~~~~~^^^^^^^^^^^^^^^^^
  File "C:\Users\Dimon\AppData\Local\Programs\Python\Python313\Lib\encodings\cp1251.py", line 19, in encode
    return codecs.charmap_encode(input,self.errors,encoding_table)[0]
           ~~~~~~~~~~~~~~~~~~~~~^^^^^^^^^^^^^^^^^^^^^^^^^^^^^^^^^^
UnicodeEncodeError: 'charmap' codec can't encode character '\u2192' in position 22: character maps to <undefined>
Call stack:
  File "C:\scripts\1repo\run_mvp.py", line 680, in <module>
    main()
  File "C:\scripts\1repo\run_mvp.py", line 652, in main
    results = orchestrator.run_single(
  File "C:\scripts\1repo\run_mvp.py", line 209, in run_single
    logger.info(f"Stages: {' \u2192 '.join(stages)}")
Message: 'Stages: structural \u2192 structure_detect \u2192 summarize \u2192 extended \u2192 finalize \u2192 chunk \u2192 embed'
Arguments: ()
2025-11-01 01:07:06,018 - __main__ - INFO - ============================================================
2025-11-01 01:07:06,018 - __main__ - INFO--- Logging error ---
Traceback (most recent call last):
  File "C:\Users\Dimon\AppData\Local\Programs\Python\Python313\Lib\logging\__init__.py", line 1154, in emit
    stream.write(msg + self.terminator)
    ~~~~~~~~~~~~^^^^^^^^^^^^^^^^^^^^^^^
  File "C:\Users\Dimon\AppData\Local\Programs\Python\Python313\Lib\site-packages\colorama\ansitowin32.py", line 47, in write
    self.__convertor.write(text)
    ~~~~~~~~~~~~~~~~~~~~~~^^^^^^
  File "C:\Users\Dimon\AppData\Local\Programs\Python\Python313\Lib\site-packages\colorama\ansitowin32.py", line 177, in write
    self.write_and_convert(text)
    ~~~~~~~~~~~~~~~~~~~~~~^^^^^^
  File "C:\Users\Dimon\AppData\Local\Programs\Python\Python313\Lib\site-packages\colorama\ansitowin32.py", line 205, in write_and_convert
    self.write_plain_text(text, cursor, len(text))
    ~~~~~~~~~~~~~~~~~~~~~^^^^^^^^^^^^^^^^^^^^^^^^^
  File "C:\Users\Dimon\AppData\Local\Programs\Python\Python313\Lib\site-packages\colorama\ansitowin32.py", line 210, in write_plain_text
    self.wrapped.write(text[start:end])
    ~~~~~~~~~~~~~~~~~~^^^^^^^^^^^^^^^^^
  File "C:\Users\Dimon\AppData\Local\Programs\Python\Python313\Lib\encodings\cp1251.py", line 19, in encode
    return codecs.charmap_encode(input,self.errors,encoding_table)[0]
           ~~~~~~~~~~~~~~~~~~~~~^^^^^^^^^^^^^^^^^^^^^^^^^^^^^^^^^^
UnicodeEncodeError: 'charmap' codec can't encode character '\U0001f4c4' in position 5: character maps to <undefined>
Call stack:
  File "C:\scripts\1repo\run_mvp.py", line 680, in <module>
    main()
  File "C:\scripts\1repo\run_mvp.py", line 652, in main
    results = orchestrator.run_single(
  File "C:\scripts\1repo\run_mvp.py", line 222, in run_single
    log_stage(logger, stage, "Starting")
  File "C:\scripts\1repo\am_logging.py", line 613, in log_stage
    log_section(logger, f"{emoji} {action}: {stage.upper()}", "INFO")
  File "C:\scripts\1repo\am_logging.py", line 588, in log_section
    log_func(f"  {title}")
Message: '  \U0001f4c4 Starting: STRUCTURAL'
Arguments: ()
2025-11-01 01:07:06,019 - __main__ - INFO - ============================================================
2025-11-01 01:07:06,019 - am_common - INFO - Loading config: config\batch_full.yaml
2025-11-01 01:07:06,033 - am_common - INFO - Config loaded successfully
2025-11-01 01:07:06,033 - am_structural_robust - INFO - Text extractor chain: ['pdfminer', 'pdfplumber', 'pypdf2']
2025-11-01 01:07:06,033 - am_structural_robust - INFO - Table extractor chain: ['pdfplumber']
2025-11-01 01:07:06,033 - am_structural_robust - INFO - Processing: Agile-Metrics-in-Action.pdf
2025-11-01 01:07:06,834 - am_structural_robust - INFO - PDF: Agile Metrics in Action
2025-11-01 01:07:07,641 - am_structural_robust - INFO - Total pages: 270
2025-11-01 01:08:32,234 - am_structural_robust - INFO -   Processed 50/270 pages
2025-11-01 01:09:57,422 - am_structural_robust - INFO -   Processed 100/270 pages
2025-11-01 01:11:22,739 - am_structural_robust - INFO -   Processed 150/270 pages
2025-11-01 01:12:48,562 - am_structural_robust - INFO -   Processed 200/270 pages
2025-11-01 01:14:15,496 - am_structural_robust - INFO -   Processed 250/270 pages
2025-11-01 01:14:50,601 - am_structural_robust - INFO - Extraction complete: 270 success, 0 failed
2025-11-01 01:14:50,601 - am_structural_robust - INFO -   Methods used: {'pdfminer': 270}
2025-11-01 01:14:50,601 - am_structural_robust - INFO -   OCR used: 0 pages
2025-11-01 01:14:50,601 - am_structural_robust - INFO -   Tables found: 57
2025-11-01 01:14:50,616 - am_common - INFO - Saving dataset: C:\scripts\1repo\data\datasets\structural\agile-metrics-in-action.dataset.jsonl (270 cards)
2025-11-01 01:14:50,621 - am_common - INFO - Saved: 270 cards to agile-metrics-in-action.dataset.jsonl (599.61 KB)
2025-11-01 01:14:50,621 - am_structural_robust - INFO - Dataset saved: 599.61 KB
2025-11-01 01:14:50,621 - quality_tracker - INFO - Starting: track_quality
2025-11-01 01:14:50,622 - quality_tracker - INFO - structural metrics:
2025-11-01 01:14:50,622 - quality_tracker - INFO -   total_pages: 270
2025-11-01 01:14:50,622 - quality_tracker - INFO -   success_pages: 270
2025-11-01 01:14:50,622 - quality_tracker - INFO -   failed_pages: 0
2025-11-01 01:14:50,622 - quality_tracker - INFO -   success_ratio: 1.0000
2025-11-01 01:14:50,622 - quality_tracker - INFO -   empty_pages: 1
2025-11-01 01:14:50,622 - quality_tracker - INFO -   avg_page_length: 1900.6852
2025-11-01 01:14:50,622 - quality_tracker - INFO -   extraction_methods: {'pdfminer': 270}
2025-11-01 01:14:50,622 - quality_tracker - INFO -   ocr_used: 0
2025-11-01 01:14:50,622 - quality_tracker - INFO -   tables_found: 57
2025-11-01 01:14:50,622 - quality_tracker - INFO--- Logging error ---
Traceback (most recent call last):
  File "C:\Users\Dimon\AppData\Local\Programs\Python\Python313\Lib\logging\__init__.py", line 1154, in emit
    stream.write(msg + self.terminator)
    ~~~~~~~~~~~~^^^^^^^^^^^^^^^^^^^^^^^
  File "C:\Users\Dimon\AppData\Local\Programs\Python\Python313\Lib\site-packages\colorama\ansitowin32.py", line 47, in write
    self.__convertor.write(text)
    ~~~~~~~~~~~~~~~~~~~~~~^^^^^^
  File "C:\Users\Dimon\AppData\Local\Programs\Python\Python313\Lib\site-packages\colorama\ansitowin32.py", line 177, in write
    self.write_and_convert(text)
    ~~~~~~~~~~~~~~~~~~~~~~^^^^^^
  File "C:\Users\Dimon\AppData\Local\Programs\Python\Python313\Lib\site-packages\colorama\ansitowin32.py", line 205, in write_and_convert
    self.write_plain_text(text, cursor, len(text))
    ~~~~~~~~~~~~~~~~~~~~~^^^^^^^^^^^^^^^^^^^^^^^^^
  File "C:\Users\Dimon\AppData\Local\Programs\Python\Python313\Lib\site-packages\colorama\ansitowin32.py", line 210, in write_plain_text
    self.wrapped.write(text[start:end])
    ~~~~~~~~~~~~~~~~~~^^^^^^^^^^^^^^^^^
  File "C:\Users\Dimon\AppData\Local\Programs\Python\Python313\Lib\encodings\cp1251.py", line 19, in encode
    return codecs.charmap_encode(input,self.errors,encoding_table)[0]
           ~~~~~~~~~~~~~~~~~~~~~^^^^^^^^^^^^^^^^^^^^^^^^^^^^^^^^^^
UnicodeEncodeError: 'charmap' codec can't encode character '\u2713' in position 3: character maps to <undefined>
Call stack:
  File "C:\scripts\1repo\run_mvp.py", line 680, in <module>
    main()
  File "C:\scripts\1repo\run_mvp.py", line 652, in main
    results = orchestrator.run_single(
  File "C:\scripts\1repo\run_mvp.py", line 226, in run_single
    stage_result = self._run_stage(stage, current_input)
  File "C:\scripts\1repo\run_mvp.py", line 409, in _run_stage
    return processor.process_pdf(input_path, output_dir)
  File "C:\scripts\1repo\am_structural_robust.py", line 569, in process_pdf
    self.quality_tracker.track('structural', pdf_path.name, metrics)
  File "C:\scripts\1repo\quality_tracker.py", line 171, in track
    logger.info(f"\u2713 Quality thresholds passed for {stage}")
Message: '\u2713 Quality thresholds passed for structural'
Arguments: ()
2025-11-01 01:14:50,623 - quality_tracker - INFO - Completed: track_quality (0.00s)
2025-11-01 01:14:50,623 - am_structural_robust - INFO - [OK] Saved: agile-metrics-in-action.dataset.jsonl
2025-11-01 01:14:50,623 - validate - INFO - Validating structural: agile-metrics-in-action.dataset.jsonl
2025-11-01 01:14:50,623 - am_common - INFO - Loading dataset: C:\scripts\1repo\data\datasets\structural\agile-metrics-in-action.dataset.jsonl
2025-11-01 01:14:50,636 - am_common - INFO - Loaded: 270 cards from agile-metrics-in-action.dataset.jsonl
2025-11-01 01:14:50,638 - validate - INFO - [OK] VALID - agile-metrics-in-action.dataset.jsonl
2025-11-01 01:14:50,638 - __main__ - INFO - ============================================================
2025-11-01 01:14:50,638 - __main__ - INFO--- Logging error ---
Traceback (most recent call last):
  File "C:\Users\Dimon\AppData\Local\Programs\Python\Python313\Lib\logging\__init__.py", line 1154, in emit
    stream.write(msg + self.terminator)
    ~~~~~~~~~~~~^^^^^^^^^^^^^^^^^^^^^^^
  File "C:\Users\Dimon\AppData\Local\Programs\Python\Python313\Lib\site-packages\colorama\ansitowin32.py", line 47, in write
    self.__convertor.write(text)
    ~~~~~~~~~~~~~~~~~~~~~~^^^^^^
  File "C:\Users\Dimon\AppData\Local\Programs\Python\Python313\Lib\site-packages\colorama\ansitowin32.py", line 177, in write
    self.write_and_convert(text)
    ~~~~~~~~~~~~~~~~~~~~~~^^^^^^
  File "C:\Users\Dimon\AppData\Local\Programs\Python\Python313\Lib\site-packages\colorama\ansitowin32.py", line 205, in write_and_convert
    self.write_plain_text(text, cursor, len(text))
    ~~~~~~~~~~~~~~~~~~~~~^^^^^^^^^^^^^^^^^^^^^^^^^
  File "C:\Users\Dimon\AppData\Local\Programs\Python\Python313\Lib\site-packages\colorama\ansitowin32.py", line 210, in write_plain_text
    self.wrapped.write(text[start:end])
    ~~~~~~~~~~~~~~~~~~^^^^^^^^^^^^^^^^^
  File "C:\Users\Dimon\AppData\Local\Programs\Python\Python313\Lib\encodings\cp1251.py", line 19, in encode
    return codecs.charmap_encode(input,self.errors,encoding_table)[0]
           ~~~~~~~~~~~~~~~~~~~~~^^^^^^^^^^^^^^^^^^^^^^^^^^^^^^^^^^
UnicodeEncodeError: 'charmap' codec can't encode character '\U0001f4c4' in position 5: character maps to <undefined>
Call stack:
  File "C:\scripts\1repo\run_mvp.py", line 680, in <module>
    main()
  File "C:\scripts\1repo\run_mvp.py", line 652, in main
    results = orchestrator.run_single(
  File "C:\scripts\1repo\run_mvp.py", line 253, in run_single
    log_stage(logger, stage, "Completed")
  File "C:\scripts\1repo\am_logging.py", line 613, in log_stage
    log_section(logger, f"{emoji} {action}: {stage.upper()}", "INFO")
  File "C:\scripts\1repo\am_logging.py", line 588, in log_section
    log_func(f"  {title}")
Message: '  \U0001f4c4 Completed: STRUCTURAL'
Arguments: ()
2025-11-01 01:14:50,639 - __main__ - INFO - ============================================================
2025-11-01 01:14:50,639 - __main__ - INFO - ============================================================
2025-11-01 01:14:50,639 - __main__ - INFO--- Logging error ---
Traceback (most recent call last):
  File "C:\Users\Dimon\AppData\Local\Programs\Python\Python313\Lib\logging\__init__.py", line 1154, in emit
    stream.write(msg + self.terminator)
    ~~~~~~~~~~~~^^^^^^^^^^^^^^^^^^^^^^^
  File "C:\Users\Dimon\AppData\Local\Programs\Python\Python313\Lib\site-packages\colorama\ansitowin32.py", line 47, in write
    self.__convertor.write(text)
    ~~~~~~~~~~~~~~~~~~~~~~^^^^^^
  File "C:\Users\Dimon\AppData\Local\Programs\Python\Python313\Lib\site-packages\colorama\ansitowin32.py", line 177, in write
    self.write_and_convert(text)
    ~~~~~~~~~~~~~~~~~~~~~~^^^^^^
  File "C:\Users\Dimon\AppData\Local\Programs\Python\Python313\Lib\site-packages\colorama\ansitowin32.py", line 205, in write_and_convert
    self.write_plain_text(text, cursor, len(text))
    ~~~~~~~~~~~~~~~~~~~~~^^^^^^^^^^^^^^^^^^^^^^^^^
  File "C:\Users\Dimon\AppData\Local\Programs\Python\Python313\Lib\site-packages\colorama\ansitowin32.py", line 210, in write_plain_text
    self.wrapped.write(text[start:end])
    ~~~~~~~~~~~~~~~~~~^^^^^^^^^^^^^^^^^
  File "C:\Users\Dimon\AppData\Local\Programs\Python\Python313\Lib\encodings\cp1251.py", line 19, in encode
    return codecs.charmap_encode(input,self.errors,encoding_table)[0]
           ~~~~~~~~~~~~~~~~~~~~~^^^^^^^^^^^^^^^^^^^^^^^^^^^^^^^^^^
UnicodeEncodeError: 'charmap' codec can't encode character '\U0001f4d6' in position 5: character maps to <undefined>
Call stack:
  File "C:\scripts\1repo\run_mvp.py", line 680, in <module>
    main()
  File "C:\scripts\1repo\run_mvp.py", line 652, in main
    results = orchestrator.run_single(
  File "C:\scripts\1repo\run_mvp.py", line 222, in run_single
    log_stage(logger, stage, "Starting")
  File "C:\scripts\1repo\am_logging.py", line 613, in log_stage
    log_section(logger, f"{emoji} {action}: {stage.upper()}", "INFO")
  File "C:\scripts\1repo\am_logging.py", line 588, in log_section
    log_func(f"  {title}")
Message: '  \U0001f4d6 Starting: STRUCTURE_DETECT'
Arguments: ()
2025-11-01 01:14:50,639 - __main__ - INFO - ============================================================
2025-11-01 01:14:50,639 - am_common - INFO - Loading config: config\batch_full.yaml
2025-11-01 01:14:50,656 - am_common - INFO - Config loaded successfully
2025-11-01 01:14:50,657 - am_structure_detect - INFO - Processing: agile-metrics-in-action.dataset.jsonl
2025-11-01 01:14:50,657 - am_common - INFO - Loading dataset: C:\scripts\1repo\data\datasets\structural\agile-metrics-in-action.dataset.jsonl
2025-11-01 01:14:50,661 - am_common - INFO - Loaded: 270 cards from agile-metrics-in-action.dataset.jsonl
2025-11-01 01:14:50,661 - am_structure_detect - INFO - TOC found: pages 6-6
2025-11-01 01:14:50,662 - am_structure_detect - INFO - Detected 53 chapters
2025-11-01 01:14:50,664 - am_structure_detect - INFO - Detected 14 sections
2025-11-01 01:14:50,664 - am_common - INFO - Saving dataset: C:\scripts\1repo\data\datasets\structured\agile-metrics-in-action.dataset.jsonl (270 cards)
2025-11-01 01:14:50,669 - am_common - INFO - Saved: 270 cards to agile-metrics-in-action.dataset.jsonl (641.32 KB)
2025-11-01 01:14:50,669 - quality_tracker - INFO - Starting: track_quality
2025-11-01 01:14:50,669 - quality_tracker - INFO - structure_detect metrics:
2025-11-01 01:14:50,669 - quality_tracker - INFO -   total_pages: 270
2025-11-01 01:14:50,669 - quality_tracker - INFO -   chapters_detected: 53
2025-11-01 01:14:50,669 - quality_tracker - INFO -   sections_detected: 14
2025-11-01 01:14:50,669 - quality_tracker - INFO -   pages_with_structure: 262
2025-11-01 01:14:50,669 - quality_tracker - INFO -   structure_coverage: 0.9704
2025-11-01 01:14:50,669 - quality_tracker - INFO -   avg_chapter_length: 5.0943
2025-11-01 01:14:50,669 - quality_tracker - INFO--- Logging error ---
Traceback (most recent call last):
  File "C:\Users\Dimon\AppData\Local\Programs\Python\Python313\Lib\logging\__init__.py", line 1154, in emit
    stream.write(msg + self.terminator)
    ~~~~~~~~~~~~^^^^^^^^^^^^^^^^^^^^^^^
  File "C:\Users\Dimon\AppData\Local\Programs\Python\Python313\Lib\site-packages\colorama\ansitowin32.py", line 47, in write
    self.__convertor.write(text)
    ~~~~~~~~~~~~~~~~~~~~~~^^^^^^
  File "C:\Users\Dimon\AppData\Local\Programs\Python\Python313\Lib\site-packages\colorama\ansitowin32.py", line 177, in write
    self.write_and_convert(text)
    ~~~~~~~~~~~~~~~~~~~~~~^^^^^^
  File "C:\Users\Dimon\AppData\Local\Programs\Python\Python313\Lib\site-packages\colorama\ansitowin32.py", line 205, in write_and_convert
    self.write_plain_text(text, cursor, len(text))
    ~~~~~~~~~~~~~~~~~~~~~^^^^^^^^^^^^^^^^^^^^^^^^^
  File "C:\Users\Dimon\AppData\Local\Programs\Python\Python313\Lib\site-packages\colorama\ansitowin32.py", line 210, in write_plain_text
    self.wrapped.write(text[start:end])
    ~~~~~~~~~~~~~~~~~~^^^^^^^^^^^^^^^^^
  File "C:\Users\Dimon\AppData\Local\Programs\Python\Python313\Lib\encodings\cp1251.py", line 19, in encode
    return codecs.charmap_encode(input,self.errors,encoding_table)[0]
           ~~~~~~~~~~~~~~~~~~~~~^^^^^^^^^^^^^^^^^^^^^^^^^^^^^^^^^^
UnicodeEncodeError: 'charmap' codec can't encode character '\u2713' in position 3: character maps to <undefined>
Call stack:
  File "C:\scripts\1repo\run_mvp.py", line 680, in <module>
    main()
  File "C:\scripts\1repo\run_mvp.py", line 652, in main
    results = orchestrator.run_single(
  File "C:\scripts\1repo\run_mvp.py", line 226, in run_single
    stage_result = self._run_stage(stage, current_input)
  File "C:\scripts\1repo\run_mvp.py", line 419, in _run_stage
    return processor.process_dataset(input_path, output_dir)
  File "C:\scripts\1repo\am_structure_detect.py", line 309, in process_dataset
    self.quality_tracker.track('structure_detect', input_path.name, metrics)
  File "C:\scripts\1repo\quality_tracker.py", line 171, in track
    logger.info(f"\u2713 Quality thresholds passed for {stage}")
Message: '\u2713 Quality thresholds passed for structure_detect'
Arguments: ()
2025-11-01 01:14:50,670 - quality_tracker - INFO - Completed: track_quality (0.00s)
2025-11-01 01:14:50,670 - am_structure_detect - INFO - Saved: agile-metrics-in-action.dataset.jsonl
2025-11-01 01:14:50,671 - __main__ - ERROR - Validation failed: Unknown stage: structure_detect
2025-11-01 01:14:50,671 - __main__ - WARNING - Validation issues: 1 errors
2025-11-01 01:14:50,671 - __main__ - INFO - ============================================================
2025-11-01 01:14:50,671 - __main__ - INFO--- Logging error ---
Traceback (most recent call last):
  File "C:\Users\Dimon\AppData\Local\Programs\Python\Python313\Lib\logging\__init__.py", line 1154, in emit
    stream.write(msg + self.terminator)
    ~~~~~~~~~~~~^^^^^^^^^^^^^^^^^^^^^^^
  File "C:\Users\Dimon\AppData\Local\Programs\Python\Python313\Lib\site-packages\colorama\ansitowin32.py", line 47, in write
    self.__convertor.write(text)
    ~~~~~~~~~~~~~~~~~~~~~~^^^^^^
  File "C:\Users\Dimon\AppData\Local\Programs\Python\Python313\Lib\site-packages\colorama\ansitowin32.py", line 177, in write
    self.write_and_convert(text)
    ~~~~~~~~~~~~~~~~~~~~~~^^^^^^
  File "C:\Users\Dimon\AppData\Local\Programs\Python\Python313\Lib\site-packages\colorama\ansitowin32.py", line 205, in write_and_convert
    self.write_plain_text(text, cursor, len(text))
    ~~~~~~~~~~~~~~~~~~~~~^^^^^^^^^^^^^^^^^^^^^^^^^
  File "C:\Users\Dimon\AppData\Local\Programs\Python\Python313\Lib\site-packages\colorama\ansitowin32.py", line 210, in write_plain_text
    self.wrapped.write(text[start:end])
    ~~~~~~~~~~~~~~~~~~^^^^^^^^^^^^^^^^^
  File "C:\Users\Dimon\AppData\Local\Programs\Python\Python313\Lib\encodings\cp1251.py", line 19, in encode
    return codecs.charmap_encode(input,self.errors,encoding_table)[0]
           ~~~~~~~~~~~~~~~~~~~~~^^^^^^^^^^^^^^^^^^^^^^^^^^^^^^^^^^
UnicodeEncodeError: 'charmap' codec can't encode character '\U0001f4d6' in position 5: character maps to <undefined>
Call stack:
  File "C:\scripts\1repo\run_mvp.py", line 680, in <module>
    main()
  File "C:\scripts\1repo\run_mvp.py", line 652, in main
    results = orchestrator.run_single(
  File "C:\scripts\1repo\run_mvp.py", line 253, in run_single
    log_stage(logger, stage, "Completed")
  File "C:\scripts\1repo\am_logging.py", line 613, in log_stage
    log_section(logger, f"{emoji} {action}: {stage.upper()}", "INFO")
  File "C:\scripts\1repo\am_logging.py", line 588, in log_section
    log_func(f"  {title}")
Message: '  \U0001f4d6 Completed: STRUCTURE_DETECT'
Arguments: ()
2025-11-01 01:14:50,671 - __main__ - INFO - ============================================================
2025-11-01 01:14:50,671 - __main__ - INFO - ============================================================
2025-11-01 01:14:50,671 - __main__ - INFO--- Logging error ---
Traceback (most recent call last):
  File "C:\Users\Dimon\AppData\Local\Programs\Python\Python313\Lib\logging\__init__.py", line 1154, in emit
    stream.write(msg + self.terminator)
    ~~~~~~~~~~~~^^^^^^^^^^^^^^^^^^^^^^^
  File "C:\Users\Dimon\AppData\Local\Programs\Python\Python313\Lib\site-packages\colorama\ansitowin32.py", line 47, in write
    self.__convertor.write(text)
    ~~~~~~~~~~~~~~~~~~~~~~^^^^^^
  File "C:\Users\Dimon\AppData\Local\Programs\Python\Python313\Lib\site-packages\colorama\ansitowin32.py", line 177, in write
    self.write_and_convert(text)
    ~~~~~~~~~~~~~~~~~~~~~~^^^^^^
  File "C:\Users\Dimon\AppData\Local\Programs\Python\Python313\Lib\site-packages\colorama\ansitowin32.py", line 205, in write_and_convert
    self.write_plain_text(text, cursor, len(text))
    ~~~~~~~~~~~~~~~~~~~~~^^^^^^^^^^^^^^^^^^^^^^^^^
  File "C:\Users\Dimon\AppData\Local\Programs\Python\Python313\Lib\site-packages\colorama\ansitowin32.py", line 210, in write_plain_text
    self.wrapped.write(text[start:end])
    ~~~~~~~~~~~~~~~~~~^^^^^^^^^^^^^^^^^
  File "C:\Users\Dimon\AppData\Local\Programs\Python\Python313\Lib\encodings\cp1251.py", line 19, in encode
    return codecs.charmap_encode(input,self.errors,encoding_table)[0]
           ~~~~~~~~~~~~~~~~~~~~~^^^^^^^^^^^^^^^^^^^^^^^^^^^^^^^^^^
UnicodeEncodeError: 'charmap' codec can't encode character '\U0001f4dd' in position 5: character maps to <undefined>
Call stack:
  File "C:\scripts\1repo\run_mvp.py", line 680, in <module>
    main()
  File "C:\scripts\1repo\run_mvp.py", line 652, in main
    results = orchestrator.run_single(
  File "C:\scripts\1repo\run_mvp.py", line 222, in run_single
    log_stage(logger, stage, "Starting")
  File "C:\scripts\1repo\am_logging.py", line 613, in log_stage
    log_section(logger, f"{emoji} {action}: {stage.upper()}", "INFO")
  File "C:\scripts\1repo\am_logging.py", line 588, in log_section
    log_func(f"  {title}")
Message: '  \U0001f4dd Starting: SUMMARIZE'
Arguments: ()
2025-11-01 01:14:50,672 - __main__ - INFO - ============================================================
2025-11-01 01:14:50,672 - am_common - INFO - Loading config: config\batch_full.yaml
2025-11-01 01:14:50,687 - am_common - INFO - Config loaded successfully
2025-11-01 01:14:50,687 - am_summarize - INFO - Processing: agile-metrics-in-action.dataset.jsonl
2025-11-01 01:14:50,687 - am_common - INFO - Loading dataset: C:\scripts\1repo\data\datasets\structured\agile-metrics-in-action.dataset.jsonl
2025-11-01 01:14:50,700 - am_common - INFO - Loaded: 270 cards from agile-metrics-in-action.dataset.jsonl
2025-11-01 01:14:50,877 - am_summarize - INFO - Summarized 269 pages, skipped 1
2025-11-01 01:14:50,877 - am_common - INFO - Saving dataset: C:\scripts\1repo\data\datasets\summarized\agile-metrics-in-action.dataset.jsonl (270 cards)
2025-11-01 01:14:50,883 - am_common - INFO - Saved: 270 cards to agile-metrics-in-action.dataset.jsonl (819.77 KB)
2025-11-01 01:14:50,884 - quality_tracker - INFO - Starting: track_quality
2025-11-01 01:14:50,891 - quality_tracker - INFO - summarize metrics:
2025-11-01 01:14:50,891 - quality_tracker - INFO -   total_pages: 270
2025-11-01 01:14:50,891 - quality_tracker - INFO -   summarized_pages: 269
2025-11-01 01:14:50,891 - quality_tracker - INFO -   skipped_pages: 1
2025-11-01 01:14:50,891 - quality_tracker - INFO -   summary_coverage: 0.9963
2025-11-01 01:14:50,892 - quality_tracker - INFO -   avg_l1_length: 184.8996
2025-11-01 01:14:50,892 - quality_tracker - INFO -   avg_l2_length: 443.5836
2025-11-01 01:14:50,892 - quality_tracker - INFO -   avg_compression_ratio: 11.2800
2025-11-01 01:14:50,892 - quality_tracker - INFO--- Logging error ---
Traceback (most recent call last):
  File "C:\Users\Dimon\AppData\Local\Programs\Python\Python313\Lib\logging\__init__.py", line 1154, in emit
    stream.write(msg + self.terminator)
    ~~~~~~~~~~~~^^^^^^^^^^^^^^^^^^^^^^^
  File "C:\Users\Dimon\AppData\Local\Programs\Python\Python313\Lib\site-packages\colorama\ansitowin32.py", line 47, in write
    self.__convertor.write(text)
    ~~~~~~~~~~~~~~~~~~~~~~^^^^^^
  File "C:\Users\Dimon\AppData\Local\Programs\Python\Python313\Lib\site-packages\colorama\ansitowin32.py", line 177, in write
    self.write_and_convert(text)
    ~~~~~~~~~~~~~~~~~~~~~~^^^^^^
  File "C:\Users\Dimon\AppData\Local\Programs\Python\Python313\Lib\site-packages\colorama\ansitowin32.py", line 205, in write_and_convert
    self.write_plain_text(text, cursor, len(text))
    ~~~~~~~~~~~~~~~~~~~~~^^^^^^^^^^^^^^^^^^^^^^^^^
  File "C:\Users\Dimon\AppData\Local\Programs\Python\Python313\Lib\site-packages\colorama\ansitowin32.py", line 210, in write_plain_text
    self.wrapped.write(text[start:end])
    ~~~~~~~~~~~~~~~~~~^^^^^^^^^^^^^^^^^
  File "C:\Users\Dimon\AppData\Local\Programs\Python\Python313\Lib\encodings\cp1251.py", line 19, in encode
    return codecs.charmap_encode(input,self.errors,encoding_table)[0]
           ~~~~~~~~~~~~~~~~~~~~~^^^^^^^^^^^^^^^^^^^^^^^^^^^^^^^^^^
UnicodeEncodeError: 'charmap' codec can't encode character '\u2713' in position 3: character maps to <undefined>
Call stack:
  File "C:\scripts\1repo\run_mvp.py", line 680, in <module>
    main()
  File "C:\scripts\1repo\run_mvp.py", line 652, in main
    results = orchestrator.run_single(
  File "C:\scripts\1repo\run_mvp.py", line 226, in run_single
    stage_result = self._run_stage(stage, current_input)
  File "C:\scripts\1repo\run_mvp.py", line 419, in _run_stage
    return processor.process_dataset(input_path, output_dir)
  File "C:\scripts\1repo\am_summarize.py", line 281, in process_dataset
    self.quality_tracker.track('summarize', input_path.name, metrics)
  File "C:\scripts\1repo\quality_tracker.py", line 171, in track
    logger.info(f"\u2713 Quality thresholds passed for {stage}")
Message: '\u2713 Quality thresholds passed for summarize'
Arguments: ()
2025-11-01 01:14:50,892 - quality_tracker - INFO - Completed: track_quality (0.01s)
2025-11-01 01:14:50,893 - am_summarize - INFO - Saved: agile-metrics-in-action.dataset.jsonl
2025-11-01 01:14:50,893 - __main__ - ERROR - Validation failed: Unknown stage: summarize
2025-11-01 01:14:50,893 - __main__ - WARNING - Validation issues: 1 errors
2025-11-01 01:14:50,893 - __main__ - INFO - ============================================================
2025-11-01 01:14:50,893 - __main__ - INFO--- Logging error ---
Traceback (most recent call last):
  File "C:\Users\Dimon\AppData\Local\Programs\Python\Python313\Lib\logging\__init__.py", line 1154, in emit
    stream.write(msg + self.terminator)
    ~~~~~~~~~~~~^^^^^^^^^^^^^^^^^^^^^^^
  File "C:\Users\Dimon\AppData\Local\Programs\Python\Python313\Lib\site-packages\colorama\ansitowin32.py", line 47, in write
    self.__convertor.write(text)
    ~~~~~~~~~~~~~~~~~~~~~~^^^^^^
  File "C:\Users\Dimon\AppData\Local\Programs\Python\Python313\Lib\site-packages\colorama\ansitowin32.py", line 177, in write
    self.write_and_convert(text)
    ~~~~~~~~~~~~~~~~~~~~~~^^^^^^
  File "C:\Users\Dimon\AppData\Local\Programs\Python\Python313\Lib\site-packages\colorama\ansitowin32.py", line 205, in write_and_convert
    self.write_plain_text(text, cursor, len(text))
    ~~~~~~~~~~~~~~~~~~~~~^^^^^^^^^^^^^^^^^^^^^^^^^
  File "C:\Users\Dimon\AppData\Local\Programs\Python\Python313\Lib\site-packages\colorama\ansitowin32.py", line 210, in write_plain_text
    self.wrapped.write(text[start:end])
    ~~~~~~~~~~~~~~~~~~^^^^^^^^^^^^^^^^^
  File "C:\Users\Dimon\AppData\Local\Programs\Python\Python313\Lib\encodings\cp1251.py", line 19, in encode
    return codecs.charmap_encode(input,self.errors,encoding_table)[0]
           ~~~~~~~~~~~~~~~~~~~~~^^^^^^^^^^^^^^^^^^^^^^^^^^^^^^^^^^
UnicodeEncodeError: 'charmap' codec can't encode character '\U0001f4dd' in position 5: character maps to <undefined>
Call stack:
  File "C:\scripts\1repo\run_mvp.py", line 680, in <module>
    main()
  File "C:\scripts\1repo\run_mvp.py", line 652, in main
    results = orchestrator.run_single(
  File "C:\scripts\1repo\run_mvp.py", line 253, in run_single
    log_stage(logger, stage, "Completed")
  File "C:\scripts\1repo\am_logging.py", line 613, in log_stage
    log_section(logger, f"{emoji} {action}: {stage.upper()}", "INFO")
  File "C:\scripts\1repo\am_logging.py", line 588, in log_section
    log_func(f"  {title}")
Message: '  \U0001f4dd Completed: SUMMARIZE'
Arguments: ()
2025-11-01 01:14:50,894 - __main__ - INFO - ============================================================
2025-11-01 01:14:50,894 - __main__ - INFO - ============================================================
2025-11-01 01:14:50,894 - __main__ - INFO--- Logging error ---
Traceback (most recent call last):
  File "C:\Users\Dimon\AppData\Local\Programs\Python\Python313\Lib\logging\__init__.py", line 1154, in emit
    stream.write(msg + self.terminator)
    ~~~~~~~~~~~~^^^^^^^^^^^^^^^^^^^^^^^
  File "C:\Users\Dimon\AppData\Local\Programs\Python\Python313\Lib\site-packages\colorama\ansitowin32.py", line 47, in write
    self.__convertor.write(text)
    ~~~~~~~~~~~~~~~~~~~~~~^^^^^^
  File "C:\Users\Dimon\AppData\Local\Programs\Python\Python313\Lib\site-packages\colorama\ansitowin32.py", line 177, in write
    self.write_and_convert(text)
    ~~~~~~~~~~~~~~~~~~~~~~^^^^^^
  File "C:\Users\Dimon\AppData\Local\Programs\Python\Python313\Lib\site-packages\colorama\ansitowin32.py", line 205, in write_and_convert
    self.write_plain_text(text, cursor, len(text))
    ~~~~~~~~~~~~~~~~~~~~~^^^^^^^^^^^^^^^^^^^^^^^^^
  File "C:\Users\Dimon\AppData\Local\Programs\Python\Python313\Lib\site-packages\colorama\ansitowin32.py", line 210, in write_plain_text
    self.wrapped.write(text[start:end])
    ~~~~~~~~~~~~~~~~~~^^^^^^^^^^^^^^^^^
  File "C:\Users\Dimon\AppData\Local\Programs\Python\Python313\Lib\encodings\cp1251.py", line 19, in encode
    return codecs.charmap_encode(input,self.errors,encoding_table)[0]
           ~~~~~~~~~~~~~~~~~~~~~^^^^^^^^^^^^^^^^^^^^^^^^^^^^^^^^^^
UnicodeEncodeError: 'charmap' codec can't encode character '\U0001f916' in position 5: character maps to <undefined>
Call stack:
  File "C:\scripts\1repo\run_mvp.py", line 680, in <module>
    main()
  File "C:\scripts\1repo\run_mvp.py", line 652, in main
    results = orchestrator.run_single(
  File "C:\scripts\1repo\run_mvp.py", line 222, in run_single
    log_stage(logger, stage, "Starting")
  File "C:\scripts\1repo\am_logging.py", line 613, in log_stage
    log_section(logger, f"{emoji} {action}: {stage.upper()}", "INFO")
  File "C:\scripts\1repo\am_logging.py", line 588, in log_section
    log_func(f"  {title}")
Message: '  \U0001f916 Starting: EXTENDED'
Arguments: ()
2025-11-01 01:14:50,894 - __main__ - INFO - ============================================================
2025-11-01 01:14:50,894 - am_common - INFO - Loading config: config\batch_full.yaml
2025-11-01 01:14:50,910 - am_common - INFO - Config loaded successfully
2025-11-01 01:14:50,931 - am_extended - INFO - Ollama available, using model: llama3.2:3b
2025-11-01 01:14:50,931 - am_extended - INFO - Processing: agile-metrics-in-action.dataset.jsonl
2025-11-01 01:14:50,932 - am_common - INFO - Loading dataset: C:\scripts\1repo\data\datasets\summarized\agile-metrics-in-action.dataset.jsonl
2025-11-01 01:14:50,946 - am_common - INFO - Loaded: 270 cards from agile-metrics-in-action.dataset.jsonl
2025-11-01 01:14:50,953 - am_extended - INFO - Marked 0 duplicate pages
2025-11-01 01:14:50,982 - am_extended - INFO - Found 26 continuity gaps
2025-11-01 01:14:50,982 - am_extended - INFO - Extracting extended fields (this may take a while)...
2025-11-01 01:14:51,008 - am_extended - ERROR - Ollama API error: 404
2025-11-01 01:14:51,039 - am_extended - ERROR - Ollama API error: 404
2025-11-01 01:14:51,070 - am_extended - ERROR - Ollama API error: 404
2025-11-01 01:14:51,085 - am_extended - ERROR - Ollama API error: 404
2025-11-01 01:14:51,116 - am_extended - ERROR - Ollama API error: 404
2025-11-01 01:14:51,146 - am_extended - ERROR - Ollama API error: 404
2025-11-01 01:14:51,176 - am_extended - ERROR - Ollama API error: 404
2025-11-01 01:14:51,176 - am_extended - INFO -   Processed 10/270 pages
2025-11-01 01:14:51,208 - am_extended - ERROR - Ollama API error: 404
2025-11-01 01:14:51,239 - am_extended - ERROR - Ollama API error: 404
2025-11-01 01:14:51,269 - am_extended - ERROR - Ollama API error: 404
2025-11-01 01:14:51,301 - am_extended - ERROR - Ollama API error: 404
2025-11-01 01:14:51,317 - am_extended - ERROR - Ollama API error: 404
2025-11-01 01:14:51,347 - am_extended - ERROR - Ollama API error: 404
2025-11-01 01:14:51,378 - am_extended - ERROR - Ollama API error: 404
2025-11-01 01:14:51,393 - am_extended - ERROR - Ollama API error: 404
2025-11-01 01:14:51,424 - am_extended - ERROR - Ollama API error: 404
2025-11-01 01:14:51,425 - am_extended - INFO -   Processed 20/270 pages
2025-11-01 01:14:51,455 - am_extended - ERROR - Ollama API error: 404
2025-11-01 01:14:51,486 - am_extended - ERROR - Ollama API error: 404
2025-11-01 01:14:51,517 - am_extended - ERROR - Ollama API error: 404
2025-11-01 01:14:51,548 - am_extended - ERROR - Ollama API error: 404
2025-11-01 01:14:51,578 - am_extended - ERROR - Ollama API error: 404
2025-11-01 01:14:51,609 - am_extended - ERROR - Ollama API error: 404
2025-11-01 01:14:51,640 - am_extended - ERROR - Ollama API error: 404
2025-11-01 01:14:51,671 - am_extended - ERROR - Ollama API error: 404
2025-11-01 01:14:51,671 - am_extended - INFO -   Processed 30/270 pages
2025-11-01 01:14:51,702 - am_extended - ERROR - Ollama API error: 404
2025-11-01 01:14:51,733 - am_extended - ERROR - Ollama API error: 404
2025-11-01 01:14:51,750 - am_extended - ERROR - Ollama API error: 404
2025-11-01 01:14:51,765 - am_extended - ERROR - Ollama API error: 404
2025-11-01 01:14:51,796 - am_extended - ERROR - Ollama API error: 404
2025-11-01 01:14:51,826 - am_extended - ERROR - Ollama API error: 404
2025-11-01 01:14:51,858 - am_extended - ERROR - Ollama API error: 404
2025-11-01 01:14:51,874 - am_extended - ERROR - Ollama API error: 404
2025-11-01 01:14:51,904 - am_extended - ERROR - Ollama API error: 404
2025-11-01 01:14:51,936 - am_extended - ERROR - Ollama API error: 404
2025-11-01 01:14:51,936 - am_extended - INFO -   Processed 40/270 pages
2025-11-01 01:14:51,968 - am_extended - ERROR - Ollama API error: 404
2025-11-01 01:14:51,998 - am_extended - ERROR - Ollama API error: 404
2025-11-01 01:14:52,029 - am_extended - ERROR - Ollama API error: 404
2025-11-01 01:14:52,059 - am_extended - ERROR - Ollama API error: 404
2025-11-01 01:14:52,090 - am_extended - ERROR - Ollama API error: 404
2025-11-01 01:14:52,121 - am_extended - ERROR - Ollama API error: 404
2025-11-01 01:14:52,152 - am_extended - ERROR - Ollama API error: 404
2025-11-01 01:14:52,168 - am_extended - ERROR - Ollama API error: 404
2025-11-01 01:14:52,199 - am_extended - ERROR - Ollama API error: 404
2025-11-01 01:14:52,229 - am_extended - ERROR - Ollama API error: 404
2025-11-01 01:14:52,230 - am_extended - INFO -   Processed 50/270 pages
2025-11-01 01:14:52,244 - am_extended - ERROR - Ollama API error: 404
2025-11-01 01:14:52,260 - am_extended - ERROR - Ollama API error: 404
2025-11-01 01:14:52,291 - am_extended - ERROR - Ollama API error: 404
2025-11-01 01:14:52,307 - am_extended - ERROR - Ollama API error: 404
2025-11-01 01:14:52,321 - am_extended - ERROR - Ollama API error: 404
2025-11-01 01:14:52,353 - am_extended - ERROR - Ollama API error: 404
2025-11-01 01:14:52,382 - am_extended - ERROR - Ollama API error: 404
2025-11-01 01:14:52,397 - am_extended - ERROR - Ollama API error: 404
2025-11-01 01:14:52,398 - am_extended - INFO -   Processed 60/270 pages
2025-11-01 01:14:52,413 - am_extended - ERROR - Ollama API error: 404
2025-11-01 01:14:52,443 - am_extended - ERROR - Ollama API error: 404
2025-11-01 01:14:52,474 - am_extended - ERROR - Ollama API error: 404
2025-11-01 01:14:52,505 - am_extended - ERROR - Ollama API error: 404
2025-11-01 01:14:52,536 - am_extended - ERROR - Ollama API error: 404
2025-11-01 01:14:52,568 - am_extended - ERROR - Ollama API error: 404
2025-11-01 01:14:52,599 - am_extended - ERROR - Ollama API error: 404
2025-11-01 01:14:52,630 - am_extended - ERROR - Ollama API error: 404
2025-11-01 01:14:52,660 - am_extended - ERROR - Ollama API error: 404
2025-11-01 01:14:52,676 - am_extended - ERROR - Ollama API error: 404
2025-11-01 01:14:52,676 - am_extended - INFO -   Processed 70/270 pages
2025-11-01 01:14:52,706 - am_extended - ERROR - Ollama API error: 404
2025-11-01 01:14:52,722 - am_extended - ERROR - Ollama API error: 404
2025-11-01 01:14:52,753 - am_extended - ERROR - Ollama API error: 404
2025-11-01 01:14:52,783 - am_extended - ERROR - Ollama API error: 404
2025-11-01 01:14:52,814 - am_extended - ERROR - Ollama API error: 404
2025-11-01 01:14:52,830 - am_extended - ERROR - Ollama API error: 404
2025-11-01 01:14:52,860 - am_extended - ERROR - Ollama API error: 404
2025-11-01 01:14:52,891 - am_extended - ERROR - Ollama API error: 404
2025-11-01 01:14:52,923 - am_extended - ERROR - Ollama API error: 404
2025-11-01 01:14:52,953 - am_extended - ERROR - Ollama API error: 404
2025-11-01 01:14:52,954 - am_extended - INFO -   Processed 80/270 pages
2025-11-01 01:14:52,984 - am_extended - ERROR - Ollama API error: 404
2025-11-01 01:14:53,015 - am_extended - ERROR - Ollama API error: 404
2025-11-01 01:14:53,030 - am_extended - ERROR - Ollama API error: 404
2025-11-01 01:14:53,062 - am_extended - ERROR - Ollama API error: 404
2025-11-01 01:14:53,077 - am_extended - ERROR - Ollama API error: 404
2025-11-01 01:14:53,108 - am_extended - ERROR - Ollama API error: 404
2025-11-01 01:14:53,139 - am_extended - ERROR - Ollama API error: 404
2025-11-01 01:14:53,169 - am_extended - ERROR - Ollama API error: 404
2025-11-01 01:14:53,201 - am_extended - ERROR - Ollama API error: 404
2025-11-01 01:14:53,233 - am_extended - ERROR - Ollama API error: 404
2025-11-01 01:14:53,233 - am_extended - INFO -   Processed 90/270 pages
2025-11-01 01:14:53,248 - am_extended - ERROR - Ollama API error: 404
2025-11-01 01:14:53,279 - am_extended - ERROR - Ollama API error: 404
2025-11-01 01:14:53,294 - am_extended - ERROR - Ollama API error: 404
2025-11-01 01:14:53,325 - am_extended - ERROR - Ollama API error: 404
2025-11-01 01:14:53,357 - am_extended - ERROR - Ollama API error: 404
2025-11-01 01:14:53,388 - am_extended - ERROR - Ollama API error: 404
2025-11-01 01:14:53,418 - am_extended - ERROR - Ollama API error: 404
2025-11-01 01:14:53,421 - am_extended - ERROR - Ollama API error: 404
2025-11-01 01:14:53,464 - am_extended - ERROR - Ollama API error: 404
2025-11-01 01:14:53,495 - am_extended - ERROR - Ollama API error: 404
2025-11-01 01:14:53,495 - am_extended - INFO -   Processed 100/270 pages
2025-11-01 01:14:53,526 - am_extended - ERROR - Ollama API error: 404
2025-11-01 01:14:53,557 - am_extended - ERROR - Ollama API error: 404
2025-11-01 01:14:53,588 - am_extended - ERROR - Ollama API error: 404
2025-11-01 01:14:53,619 - am_extended - ERROR - Ollama API error: 404
2025-11-01 01:14:53,635 - am_extended - ERROR - Ollama API error: 404
2025-11-01 01:14:53,650 - am_extended - ERROR - Ollama API error: 404
2025-11-01 01:14:53,666 - am_extended - ERROR - Ollama API error: 404
2025-11-01 01:14:53,697 - am_extended - ERROR - Ollama API error: 404
2025-11-01 01:14:53,712 - am_extended - ERROR - Ollama API error: 404
2025-11-01 01:14:53,741 - am_extended - ERROR - Ollama API error: 404
2025-11-01 01:14:53,741 - am_extended - INFO -   Processed 110/270 pages
2025-11-01 01:14:53,773 - am_extended - ERROR - Ollama API error: 404
2025-11-01 01:14:53,804 - am_extended - ERROR - Ollama API error: 404
2025-11-01 01:14:53,836 - am_extended - ERROR - Ollama API error: 404
2025-11-01 01:14:53,866 - am_extended - ERROR - Ollama API error: 404
2025-11-01 01:14:53,881 - am_extended - ERROR - Ollama API error: 404
2025-11-01 01:14:53,912 - am_extended - ERROR - Ollama API error: 404
2025-11-01 01:14:53,943 - am_extended - ERROR - Ollama API error: 404
2025-11-01 01:14:53,973 - am_extended - ERROR - Ollama API error: 404
2025-11-01 01:14:54,004 - am_extended - ERROR - Ollama API error: 404
2025-11-01 01:14:54,035 - am_extended - ERROR - Ollama API error: 404
2025-11-01 01:14:54,035 - am_extended - INFO -   Processed 120/270 pages
2025-11-01 01:14:54,066 - am_extended - ERROR - Ollama API error: 404
2025-11-01 01:14:54,097 - am_extended - ERROR - Ollama API error: 404
2025-11-01 01:14:54,127 - am_extended - ERROR - Ollama API error: 404
2025-11-01 01:14:54,158 - am_extended - ERROR - Ollama API error: 404
2025-11-01 01:14:54,173 - am_extended - ERROR - Ollama API error: 404
2025-11-01 01:14:54,204 - am_extended - ERROR - Ollama API error: 404
2025-11-01 01:14:54,235 - am_extended - ERROR - Ollama API error: 404
2025-11-01 01:14:54,265 - am_extended - ERROR - Ollama API error: 404
2025-11-01 01:14:54,282 - am_extended - ERROR - Ollama API error: 404
2025-11-01 01:14:54,296 - am_extended - ERROR - Ollama API error: 404
2025-11-01 01:14:54,297 - am_extended - INFO -   Processed 130/270 pages
2025-11-01 01:14:54,327 - am_extended - ERROR - Ollama API error: 404
2025-11-01 01:14:54,359 - am_extended - ERROR - Ollama API error: 404
2025-11-01 01:14:54,390 - am_extended - ERROR - Ollama API error: 404
2025-11-01 01:14:54,420 - am_extended - ERROR - Ollama API error: 404
2025-11-01 01:14:54,452 - am_extended - ERROR - Ollama API error: 404
2025-11-01 01:14:54,483 - am_extended - ERROR - Ollama API error: 404
2025-11-01 01:14:54,499 - am_extended - ERROR - Ollama API error: 404
2025-11-01 01:14:54,529 - am_extended - ERROR - Ollama API error: 404
2025-11-01 01:14:54,560 - am_extended - ERROR - Ollama API error: 404
2025-11-01 01:14:54,591 - am_extended - ERROR - Ollama API error: 404
2025-11-01 01:14:54,591 - am_extended - INFO -   Processed 140/270 pages
2025-11-01 01:14:54,621 - am_extended - ERROR - Ollama API error: 404
2025-11-01 01:14:54,637 - am_extended - ERROR - Ollama API error: 404
2025-11-01 01:14:54,640 - am_extended - ERROR - Ollama API error: 404
2025-11-01 01:14:54,683 - am_extended - ERROR - Ollama API error: 404
2025-11-01 01:14:54,714 - am_extended - ERROR - Ollama API error: 404
2025-11-01 01:14:54,745 - am_extended - ERROR - Ollama API error: 404
2025-11-01 01:14:54,776 - am_extended - ERROR - Ollama API error: 404
2025-11-01 01:14:54,807 - am_extended - ERROR - Ollama API error: 404
2025-11-01 01:14:54,837 - am_extended - ERROR - Ollama API error: 404
2025-11-01 01:14:54,838 - am_extended - INFO -   Processed 150/270 pages
2025-11-01 01:14:54,867 - am_extended - ERROR - Ollama API error: 404
2025-11-01 01:14:54,884 - am_extended - ERROR - Ollama API error: 404
2025-11-01 01:14:54,914 - am_extended - ERROR - Ollama API error: 404
2025-11-01 01:14:54,945 - am_extended - ERROR - Ollama API error: 404
2025-11-01 01:14:54,975 - am_extended - ERROR - Ollama API error: 404
2025-11-01 01:14:55,007 - am_extended - ERROR - Ollama API error: 404
2025-11-01 01:14:55,022 - am_extended - ERROR - Ollama API error: 404
2025-11-01 01:14:55,052 - am_extended - ERROR - Ollama API error: 404
2025-11-01 01:14:55,083 - am_extended - ERROR - Ollama API error: 404
2025-11-01 01:14:55,099 - am_extended - ERROR - Ollama API error: 404
2025-11-01 01:14:55,099 - am_extended - INFO -   Processed 160/270 pages
2025-11-01 01:14:55,128 - am_extended - ERROR - Ollama API error: 404
2025-11-01 01:14:55,160 - am_extended - ERROR - Ollama API error: 404
2025-11-01 01:14:55,175 - am_extended - ERROR - Ollama API error: 404
2025-11-01 01:14:55,206 - am_extended - ERROR - Ollama API error: 404
2025-11-01 01:14:55,236 - am_extended - ERROR - Ollama API error: 404
2025-11-01 01:14:55,252 - am_extended - ERROR - Ollama API error: 404
2025-11-01 01:14:55,281 - am_extended - ERROR - Ollama API error: 404
2025-11-01 01:14:55,313 - am_extended - ERROR - Ollama API error: 404
2025-11-01 01:14:55,344 - am_extended - ERROR - Ollama API error: 404
2025-11-01 01:14:55,375 - am_extended - ERROR - Ollama API error: 404
2025-11-01 01:14:55,375 - am_extended - INFO -   Processed 170/270 pages
2025-11-01 01:14:55,390 - am_extended - ERROR - Ollama API error: 404
2025-11-01 01:14:55,421 - am_extended - ERROR - Ollama API error: 404
2025-11-01 01:14:55,450 - am_extended - ERROR - Ollama API error: 404
2025-11-01 01:14:55,481 - am_extended - ERROR - Ollama API error: 404
2025-11-01 01:14:55,512 - am_extended - ERROR - Ollama API error: 404
2025-11-01 01:14:55,527 - am_extended - ERROR - Ollama API error: 404
2025-11-01 01:14:55,557 - am_extended - ERROR - Ollama API error: 404
2025-11-01 01:14:55,587 - am_extended - ERROR - Ollama API error: 404
2025-11-01 01:14:55,618 - am_extended - ERROR - Ollama API error: 404
2025-11-01 01:14:55,649 - am_extended - ERROR - Ollama API error: 404
2025-11-01 01:14:55,649 - am_extended - INFO -   Processed 180/270 pages
2025-11-01 01:14:55,679 - am_extended - ERROR - Ollama API error: 404
2025-11-01 01:14:55,709 - am_extended - ERROR - Ollama API error: 404
2025-11-01 01:14:55,725 - am_extended - ERROR - Ollama API error: 404
2025-11-01 01:14:55,740 - am_extended - ERROR - Ollama API error: 404
2025-11-01 01:14:55,772 - am_extended - ERROR - Ollama API error: 404
2025-11-01 01:14:55,803 - am_extended - ERROR - Ollama API error: 404
2025-11-01 01:14:55,818 - am_extended - ERROR - Ollama API error: 404
2025-11-01 01:14:55,835 - am_extended - ERROR - Ollama API error: 404
2025-11-01 01:14:55,837 - am_extended - ERROR - Ollama API error: 404
2025-11-01 01:14:55,865 - am_extended - ERROR - Ollama API error: 404
2025-11-01 01:14:55,865 - am_extended - INFO -   Processed 190/270 pages
2025-11-01 01:14:55,895 - am_extended - ERROR - Ollama API error: 404
2025-11-01 01:14:55,925 - am_extended - ERROR - Ollama API error: 404
2025-11-01 01:14:55,941 - am_extended - ERROR - Ollama API error: 404
2025-11-01 01:14:55,972 - am_extended - ERROR - Ollama API error: 404
2025-11-01 01:14:56,001 - am_extended - ERROR - Ollama API error: 404
2025-11-01 01:14:56,017 - am_extended - ERROR - Ollama API error: 404
2025-11-01 01:14:56,048 - am_extended - ERROR - Ollama API error: 404
2025-11-01 01:14:56,063 - am_extended - ERROR - Ollama API error: 404
2025-11-01 01:14:56,067 - am_extended - ERROR - Ollama API error: 404
2025-11-01 01:14:56,070 - am_extended - ERROR - Ollama API error: 404
2025-11-01 01:14:56,070 - am_extended - INFO -   Processed 200/270 pages
2025-11-01 01:14:56,095 - am_extended - ERROR - Ollama API error: 404
2025-11-01 01:14:56,126 - am_extended - ERROR - Ollama API error: 404
2025-11-01 01:14:56,141 - am_extended - ERROR - Ollama API error: 404
2025-11-01 01:14:56,172 - am_extended - ERROR - Ollama API error: 404
2025-11-01 01:14:56,188 - am_extended - ERROR - Ollama API error: 404
2025-11-01 01:14:56,219 - am_extended - ERROR - Ollama API error: 404
2025-11-01 01:14:56,251 - am_extended - ERROR - Ollama API error: 404
2025-11-01 01:14:56,282 - am_extended - ERROR - Ollama API error: 404
2025-11-01 01:14:56,312 - am_extended - ERROR - Ollama API error: 404
2025-11-01 01:14:56,343 - am_extended - ERROR - Ollama API error: 404
2025-11-01 01:14:56,344 - am_extended - INFO -   Processed 210/270 pages
2025-11-01 01:14:56,374 - am_extended - ERROR - Ollama API error: 404
2025-11-01 01:14:56,390 - am_extended - ERROR - Ollama API error: 404
2025-11-01 01:14:56,420 - am_extended - ERROR - Ollama API error: 404
2025-11-01 01:14:56,452 - am_extended - ERROR - Ollama API error: 404
2025-11-01 01:14:56,483 - am_extended - ERROR - Ollama API error: 404
2025-11-01 01:14:56,514 - am_extended - ERROR - Ollama API error: 404
2025-11-01 01:14:56,530 - am_extended - ERROR - Ollama API error: 404
2025-11-01 01:14:56,546 - am_extended - ERROR - Ollama API error: 404
2025-11-01 01:14:56,549 - am_extended - ERROR - Ollama API error: 404
2025-11-01 01:14:56,576 - am_extended - ERROR - Ollama API error: 404
2025-11-01 01:14:56,577 - am_extended - INFO -   Processed 220/270 pages
2025-11-01 01:14:56,592 - am_extended - ERROR - Ollama API error: 404
2025-11-01 01:14:56,623 - am_extended - ERROR - Ollama API error: 404
2025-11-01 01:14:56,654 - am_extended - ERROR - Ollama API error: 404
2025-11-01 01:14:56,669 - am_extended - ERROR - Ollama API error: 404
2025-11-01 01:14:56,685 - am_extended - ERROR - Ollama API error: 404
2025-11-01 01:14:56,716 - am_extended - ERROR - Ollama API error: 404
2025-11-01 01:14:56,747 - am_extended - ERROR - Ollama API error: 404
2025-11-01 01:14:56,762 - am_extended - ERROR - Ollama API error: 404
2025-11-01 01:14:56,778 - am_extended - ERROR - Ollama API error: 404
2025-11-01 01:14:56,781 - am_extended - ERROR - Ollama API error: 404
2025-11-01 01:14:56,781 - am_extended - INFO -   Processed 230/270 pages
2025-11-01 01:14:56,809 - am_extended - ERROR - Ollama API error: 404
2025-11-01 01:14:56,823 - am_extended - ERROR - Ollama API error: 404
2025-11-01 01:14:56,855 - am_extended - ERROR - Ollama API error: 404
2025-11-01 01:14:56,870 - am_extended - ERROR - Ollama API error: 404
2025-11-01 01:14:56,886 - am_extended - ERROR - Ollama API error: 404
2025-11-01 01:14:56,917 - am_extended - ERROR - Ollama API error: 404
2025-11-01 01:14:56,934 - am_extended - ERROR - Ollama API error: 404
2025-11-01 01:14:56,965 - am_extended - ERROR - Ollama API error: 404
2025-11-01 01:14:56,995 - am_extended - ERROR - Ollama API error: 404
2025-11-01 01:14:57,027 - am_extended - ERROR - Ollama API error: 404
2025-11-01 01:14:57,027 - am_extended - INFO -   Processed 240/270 pages
2025-11-01 01:14:57,059 - am_extended - ERROR - Ollama API error: 404
2025-11-01 01:14:57,090 - am_extended - ERROR - Ollama API error: 404
2025-11-01 01:14:57,093 - am_extended - ERROR - Ollama API error: 404
2025-11-01 01:14:57,120 - am_extended - ERROR - Ollama API error: 404
2025-11-01 01:14:57,151 - am_extended - ERROR - Ollama API error: 404
2025-11-01 01:14:57,182 - am_extended - ERROR - Ollama API error: 404
2025-11-01 01:14:57,213 - am_extended - ERROR - Ollama API error: 404
2025-11-01 01:14:57,228 - am_extended - ERROR - Ollama API error: 404
2025-11-01 01:14:57,259 - am_extended - ERROR - Ollama API error: 404
2025-11-01 01:14:57,290 - am_extended - ERROR - Ollama API error: 404
2025-11-01 01:14:57,290 - am_extended - INFO -   Processed 250/270 pages
2025-11-01 01:14:57,293 - am_extended - ERROR - Ollama API error: 404
2025-11-01 01:14:57,320 - am_extended - ERROR - Ollama API error: 404
2025-11-01 01:14:57,352 - am_extended - ERROR - Ollama API error: 404
2025-11-01 01:14:57,384 - am_extended - ERROR - Ollama API error: 404
2025-11-01 01:14:57,414 - am_extended - ERROR - Ollama API error: 404
2025-11-01 01:14:57,445 - am_extended - ERROR - Ollama API error: 404
2025-11-01 01:14:57,476 - am_extended - ERROR - Ollama API error: 404
2025-11-01 01:14:57,493 - am_extended - ERROR - Ollama API error: 404
2025-11-01 01:14:57,523 - am_extended - ERROR - Ollama API error: 404
2025-11-01 01:14:57,554 - am_extended - ERROR - Ollama API error: 404
2025-11-01 01:14:57,554 - am_extended - INFO -   Processed 260/270 pages
2025-11-01 01:14:57,571 - am_extended - ERROR - Ollama API error: 404
2025-11-01 01:14:57,586 - am_extended - ERROR - Ollama API error: 404
2025-11-01 01:14:57,617 - am_extended - ERROR - Ollama API error: 404
2025-11-01 01:14:57,648 - am_extended - ERROR - Ollama API error: 404
2025-11-01 01:14:57,679 - am_extended - ERROR - Ollama API error: 404
2025-11-01 01:14:57,710 - am_extended - ERROR - Ollama API error: 404
2025-11-01 01:14:57,741 - am_extended - ERROR - Ollama API error: 404
2025-11-01 01:14:57,772 - am_extended - ERROR - Ollama API error: 404
2025-11-01 01:14:57,804 - am_extended - ERROR - Ollama API error: 404
2025-11-01 01:14:57,835 - am_extended - ERROR - Ollama API error: 404
2025-11-01 01:14:57,835 - am_extended - INFO -   Processed 270/270 pages
2025-11-01 01:14:57,835 - am_extended - INFO - Extracted extended fields for 261 pages
2025-11-01 01:14:57,835 - am_common - INFO - Saving dataset: C:\scripts\1repo\data\datasets\extended\agile-metrics-in-action.dataset.jsonl (270 cards)
2025-11-01 01:14:57,842 - am_common - INFO - Saved: 270 cards to agile-metrics-in-action.dataset.jsonl (912.12 KB)
2025-11-01 01:14:57,843 - quality_tracker - INFO - Starting: track_quality
2025-11-01 01:14:57,843 - quality_tracker - INFO - extended metrics:
2025-11-01 01:14:57,843 - quality_tracker - INFO -   total_cards: 270
2025-11-01 01:14:57,843 - quality_tracker - INFO -   duplicates_found: 0
2025-11-01 01:14:57,843 - quality_tracker - INFO -   duplicate_ratio: 0.0000
2025-11-01 01:14:57,843 - quality_tracker - INFO -   continuity_gaps: 26
2025-11-01 01:14:57,843 - quality_tracker - INFO -   continuity_gap_ratio: 0.0967
2025-11-01 01:14:57,843 - quality_tracker - INFO -   avg_overlap: 0.1710
2025-11-01 01:14:57,843 - quality_tracker - INFO -   extended_fields_extracted: 261
2025-11-01 01:14:57,843 - quality_tracker - INFO -   extraction_coverage: 0.9667
2025-11-01 01:14:57,844 - quality_tracker - INFO -   lm_extraction_count: 0
2025-11-01 01:14:57,844 - quality_tracker - INFO -   lm_extraction_ratio: 0.0000
2025-11-01 01:14:57,844 - quality_tracker - INFO--- Logging error ---
Traceback (most recent call last):
  File "C:\Users\Dimon\AppData\Local\Programs\Python\Python313\Lib\logging\__init__.py", line 1154, in emit
    stream.write(msg + self.terminator)
    ~~~~~~~~~~~~^^^^^^^^^^^^^^^^^^^^^^^
  File "C:\Users\Dimon\AppData\Local\Programs\Python\Python313\Lib\site-packages\colorama\ansitowin32.py", line 47, in write
    self.__convertor.write(text)
    ~~~~~~~~~~~~~~~~~~~~~~^^^^^^
  File "C:\Users\Dimon\AppData\Local\Programs\Python\Python313\Lib\site-packages\colorama\ansitowin32.py", line 177, in write
    self.write_and_convert(text)
    ~~~~~~~~~~~~~~~~~~~~~~^^^^^^
  File "C:\Users\Dimon\AppData\Local\Programs\Python\Python313\Lib\site-packages\colorama\ansitowin32.py", line 205, in write_and_convert
    self.write_plain_text(text, cursor, len(text))
    ~~~~~~~~~~~~~~~~~~~~~^^^^^^^^^^^^^^^^^^^^^^^^^
  File "C:\Users\Dimon\AppData\Local\Programs\Python\Python313\Lib\site-packages\colorama\ansitowin32.py", line 210, in write_plain_text
    self.wrapped.write(text[start:end])
    ~~~~~~~~~~~~~~~~~~^^^^^^^^^^^^^^^^^
  File "C:\Users\Dimon\AppData\Local\Programs\Python\Python313\Lib\encodings\cp1251.py", line 19, in encode
    return codecs.charmap_encode(input,self.errors,encoding_table)[0]
           ~~~~~~~~~~~~~~~~~~~~~^^^^^^^^^^^^^^^^^^^^^^^^^^^^^^^^^^
UnicodeEncodeError: 'charmap' codec can't encode character '\u2713' in position 3: character maps to <undefined>
Call stack:
  File "C:\scripts\1repo\run_mvp.py", line 680, in <module>
    main()
  File "C:\scripts\1repo\run_mvp.py", line 652, in main
    results = orchestrator.run_single(
  File "C:\scripts\1repo\run_mvp.py", line 226, in run_single
    stage_result = self._run_stage(stage, current_input)
  File "C:\scripts\1repo\run_mvp.py", line 419, in _run_stage
    return processor.process_dataset(input_path, output_dir)
  File "C:\scripts\1repo\am_extended.py", line 612, in process_dataset
    self.quality_tracker.track('extended', input_path.name, metrics)
  File "C:\scripts\1repo\quality_tracker.py", line 171, in track
    logger.info(f"\u2713 Quality thresholds passed for {stage}")
Message: '\u2713 Quality thresholds passed for extended'
Arguments: ()
2025-11-01 01:14:57,845 - quality_tracker - INFO - Completed: track_quality (0.00s)
2025-11-01 01:14:57,845 - am_extended - INFO - Saved: agile-metrics-in-action.dataset.jsonl
2025-11-01 01:14:57,845 - validate - INFO - Validating extended: agile-metrics-in-action.dataset.jsonl
2025-11-01 01:14:57,845 - am_common - INFO - Loading dataset: C:\scripts\1repo\data\datasets\extended\agile-metrics-in-action.dataset.jsonl
2025-11-01 01:14:57,861 - am_common - INFO - Loaded: 270 cards from agile-metrics-in-action.dataset.jsonl
2025-11-01 01:14:57,862 - validate - WARNING - [X] INVALID - agile-metrics-in-action.dataset.jsonl (2 errors)
2025-11-01 01:14:57,862 - __main__ - WARNING - Validation issues: 2 errors, 261 warnings
2025-11-01 01:14:57,862 - __main__ - WARNING - Validation issues: 2 errors
2025-11-01 01:14:57,862 - __main__ - INFO - ============================================================
2025-11-01 01:14:57,862 - __main__ - INFO--- Logging error ---
Traceback (most recent call last):
  File "C:\Users\Dimon\AppData\Local\Programs\Python\Python313\Lib\logging\__init__.py", line 1154, in emit
    stream.write(msg + self.terminator)
    ~~~~~~~~~~~~^^^^^^^^^^^^^^^^^^^^^^^
  File "C:\Users\Dimon\AppData\Local\Programs\Python\Python313\Lib\site-packages\colorama\ansitowin32.py", line 47, in write
    self.__convertor.write(text)
    ~~~~~~~~~~~~~~~~~~~~~~^^^^^^
  File "C:\Users\Dimon\AppData\Local\Programs\Python\Python313\Lib\site-packages\colorama\ansitowin32.py", line 177, in write
    self.write_and_convert(text)
    ~~~~~~~~~~~~~~~~~~~~~~^^^^^^
  File "C:\Users\Dimon\AppData\Local\Programs\Python\Python313\Lib\site-packages\colorama\ansitowin32.py", line 205, in write_and_convert
    self.write_plain_text(text, cursor, len(text))
    ~~~~~~~~~~~~~~~~~~~~~^^^^^^^^^^^^^^^^^^^^^^^^^
  File "C:\Users\Dimon\AppData\Local\Programs\Python\Python313\Lib\site-packages\colorama\ansitowin32.py", line 210, in write_plain_text
    self.wrapped.write(text[start:end])
    ~~~~~~~~~~~~~~~~~~^^^^^^^^^^^^^^^^^
  File "C:\Users\Dimon\AppData\Local\Programs\Python\Python313\Lib\encodings\cp1251.py", line 19, in encode
    return codecs.charmap_encode(input,self.errors,encoding_table)[0]
           ~~~~~~~~~~~~~~~~~~~~~^^^^^^^^^^^^^^^^^^^^^^^^^^^^^^^^^^
UnicodeEncodeError: 'charmap' codec can't encode character '\U0001f916' in position 5: character maps to <undefined>
Call stack:
  File "C:\scripts\1repo\run_mvp.py", line 680, in <module>
    main()
  File "C:\scripts\1repo\run_mvp.py", line 652, in main
    results = orchestrator.run_single(
  File "C:\scripts\1repo\run_mvp.py", line 253, in run_single
    log_stage(logger, stage, "Completed")
  File "C:\scripts\1repo\am_logging.py", line 613, in log_stage
    log_section(logger, f"{emoji} {action}: {stage.upper()}", "INFO")
  File "C:\scripts\1repo\am_logging.py", line 588, in log_section
    log_func(f"  {title}")
Message: '  \U0001f916 Completed: EXTENDED'
Arguments: ()
2025-11-01 01:14:57,863 - __main__ - INFO - ============================================================
2025-11-01 01:14:57,863 - __main__ - INFO - ============================================================
2025-11-01 01:14:57,863 - __main__ - INFO--- Logging error ---
Traceback (most recent call last):
  File "C:\Users\Dimon\AppData\Local\Programs\Python\Python313\Lib\logging\__init__.py", line 1154, in emit
    stream.write(msg + self.terminator)
    ~~~~~~~~~~~~^^^^^^^^^^^^^^^^^^^^^^^
  File "C:\Users\Dimon\AppData\Local\Programs\Python\Python313\Lib\site-packages\colorama\ansitowin32.py", line 47, in write
    self.__convertor.write(text)
    ~~~~~~~~~~~~~~~~~~~~~~^^^^^^
  File "C:\Users\Dimon\AppData\Local\Programs\Python\Python313\Lib\site-packages\colorama\ansitowin32.py", line 177, in write
    self.write_and_convert(text)
    ~~~~~~~~~~~~~~~~~~~~~~^^^^^^
  File "C:\Users\Dimon\AppData\Local\Programs\Python\Python313\Lib\site-packages\colorama\ansitowin32.py", line 205, in write_and_convert
    self.write_plain_text(text, cursor, len(text))
    ~~~~~~~~~~~~~~~~~~~~~^^^^^^^^^^^^^^^^^^^^^^^^^
  File "C:\Users\Dimon\AppData\Local\Programs\Python\Python313\Lib\site-packages\colorama\ansitowin32.py", line 210, in write_plain_text
    self.wrapped.write(text[start:end])
    ~~~~~~~~~~~~~~~~~~^^^^^^^^^^^^^^^^^
  File "C:\Users\Dimon\AppData\Local\Programs\Python\Python313\Lib\encodings\cp1251.py", line 19, in encode
    return codecs.charmap_encode(input,self.errors,encoding_table)[0]
           ~~~~~~~~~~~~~~~~~~~~~^^^^^^^^^^^^^^^^^^^^^^^^^^^^^^^^^^
UnicodeEncodeError: 'charmap' codec can't encode character '\u2705' in position 5: character maps to <undefined>
Call stack:
  File "C:\scripts\1repo\run_mvp.py", line 680, in <module>
    main()
  File "C:\scripts\1repo\run_mvp.py", line 652, in main
    results = orchestrator.run_single(
  File "C:\scripts\1repo\run_mvp.py", line 222, in run_single
    log_stage(logger, stage, "Starting")
  File "C:\scripts\1repo\am_logging.py", line 613, in log_stage
    log_section(logger, f"{emoji} {action}: {stage.upper()}", "INFO")
  File "C:\scripts\1repo\am_logging.py", line 588, in log_section
    log_func(f"  {title}")
Message: '  \u2705 Starting: FINALIZE'
Arguments: ()
2025-11-01 01:14:57,864 - __main__ - INFO - ============================================================
2025-11-01 01:14:57,864 - am_common - INFO - Loading config: config\batch_full.yaml
2025-11-01 01:14:57,879 - am_common - INFO - Config loaded successfully
2025-11-01 01:14:57,879 - am_finalize - INFO - Processing: agile-metrics-in-action.dataset.jsonl
2025-11-01 01:14:57,879 - am_common - INFO - Loading dataset: C:\scripts\1repo\data\datasets\extended\agile-metrics-in-action.dataset.jsonl
2025-11-01 01:14:57,886 - am_common - INFO - Loaded: 270 cards from agile-metrics-in-action.dataset.jsonl
2025-11-01 01:14:57,888 - am_common - INFO - Saving dataset: C:\scripts\1repo\data\datasets\final\agile-metrics-in-action.dataset.jsonl (270 cards)
2025-11-01 01:14:57,894 - am_common - INFO - Saved: 270 cards to agile-metrics-in-action.dataset.jsonl (909.84 KB)
2025-11-01 01:14:57,894 - quality_tracker - INFO - Starting: track_quality
2025-11-01 01:14:57,895 - quality_tracker - INFO - finalize metrics:
2025-11-01 01:14:57,895 - quality_tracker - INFO -   total_cards: 270
2025-11-01 01:14:57,895 - quality_tracker - INFO -   validation_errors: 0
2025-11-01 01:14:57,895 - quality_tracker - INFO -   validation_warnings: 4
2025-11-01 01:14:57,895 - quality_tracker - INFO -   avg_completeness: 0.7890
2025-11-01 01:14:57,895 - quality_tracker - INFO -   cards_with_structure: 262
2025-11-01 01:14:57,895 - quality_tracker - INFO -   structure_coverage: 0.9704
2025-11-01 01:14:57,895 - quality_tracker - INFO -   cards_with_summaries: 269
2025-11-01 01:14:57,895 - quality_tracker - INFO -   summary_coverage: 0.9963
2025-11-01 01:14:57,895 - quality_tracker - INFO--- Logging error ---
Traceback (most recent call last):
  File "C:\Users\Dimon\AppData\Local\Programs\Python\Python313\Lib\logging\__init__.py", line 1154, in emit
    stream.write(msg + self.terminator)
    ~~~~~~~~~~~~^^^^^^^^^^^^^^^^^^^^^^^
  File "C:\Users\Dimon\AppData\Local\Programs\Python\Python313\Lib\site-packages\colorama\ansitowin32.py", line 47, in write
    self.__convertor.write(text)
    ~~~~~~~~~~~~~~~~~~~~~~^^^^^^
  File "C:\Users\Dimon\AppData\Local\Programs\Python\Python313\Lib\site-packages\colorama\ansitowin32.py", line 177, in write
    self.write_and_convert(text)
    ~~~~~~~~~~~~~~~~~~~~~~^^^^^^
  File "C:\Users\Dimon\AppData\Local\Programs\Python\Python313\Lib\site-packages\colorama\ansitowin32.py", line 205, in write_and_convert
    self.write_plain_text(text, cursor, len(text))
    ~~~~~~~~~~~~~~~~~~~~~^^^^^^^^^^^^^^^^^^^^^^^^^
  File "C:\Users\Dimon\AppData\Local\Programs\Python\Python313\Lib\site-packages\colorama\ansitowin32.py", line 210, in write_plain_text
    self.wrapped.write(text[start:end])
    ~~~~~~~~~~~~~~~~~~^^^^^^^^^^^^^^^^^
  File "C:\Users\Dimon\AppData\Local\Programs\Python\Python313\Lib\encodings\cp1251.py", line 19, in encode
    return codecs.charmap_encode(input,self.errors,encoding_table)[0]
           ~~~~~~~~~~~~~~~~~~~~~^^^^^^^^^^^^^^^^^^^^^^^^^^^^^^^^^^
UnicodeEncodeError: 'charmap' codec can't encode character '\u2713' in position 3: character maps to <undefined>
Call stack:
  File "C:\scripts\1repo\run_mvp.py", line 680, in <module>
    main()
  File "C:\scripts\1repo\run_mvp.py", line 652, in main
    results = orchestrator.run_single(
  File "C:\scripts\1repo\run_mvp.py", line 226, in run_single
    stage_result = self._run_stage(stage, current_input)
  File "C:\scripts\1repo\run_mvp.py", line 419, in _run_stage
    return processor.process_dataset(input_path, output_dir)
  File "C:\scripts\1repo\am_finalize.py", line 278, in process_dataset
    self.quality_tracker.track('finalize', input_path.name, metrics)
  File "C:\scripts\1repo\quality_tracker.py", line 171, in track
    logger.info(f"\u2713 Quality thresholds passed for {stage}")
Message: '\u2713 Quality thresholds passed for finalize'
Arguments: ()
2025-11-01 01:14:57,896 - quality_tracker - INFO - Completed: track_quality (0.00s)
2025-11-01 01:14:57,896 - am_finalize - INFO - Saved: agile-metrics-in-action.dataset.jsonl
2025-11-01 01:14:57,896 - __main__ - ERROR - Validation failed: Unknown stage: finalize
2025-11-01 01:14:57,896 - __main__ - WARNING - Validation issues: 1 errors
2025-11-01 01:14:57,896 - __main__ - INFO - ============================================================
2025-11-01 01:14:57,897 - __main__ - INFO--- Logging error ---
Traceback (most recent call last):
  File "C:\Users\Dimon\AppData\Local\Programs\Python\Python313\Lib\logging\__init__.py", line 1154, in emit
    stream.write(msg + self.terminator)
    ~~~~~~~~~~~~^^^^^^^^^^^^^^^^^^^^^^^
  File "C:\Users\Dimon\AppData\Local\Programs\Python\Python313\Lib\site-packages\colorama\ansitowin32.py", line 47, in write
    self.__convertor.write(text)
    ~~~~~~~~~~~~~~~~~~~~~~^^^^^^
  File "C:\Users\Dimon\AppData\Local\Programs\Python\Python313\Lib\site-packages\colorama\ansitowin32.py", line 177, in write
    self.write_and_convert(text)
    ~~~~~~~~~~~~~~~~~~~~~~^^^^^^
  File "C:\Users\Dimon\AppData\Local\Programs\Python\Python313\Lib\site-packages\colorama\ansitowin32.py", line 205, in write_and_convert
    self.write_plain_text(text, cursor, len(text))
    ~~~~~~~~~~~~~~~~~~~~~^^^^^^^^^^^^^^^^^^^^^^^^^
  File "C:\Users\Dimon\AppData\Local\Programs\Python\Python313\Lib\site-packages\colorama\ansitowin32.py", line 210, in write_plain_text
    self.wrapped.write(text[start:end])
    ~~~~~~~~~~~~~~~~~~^^^^^^^^^^^^^^^^^
  File "C:\Users\Dimon\AppData\Local\Programs\Python\Python313\Lib\encodings\cp1251.py", line 19, in encode
    return codecs.charmap_encode(input,self.errors,encoding_table)[0]
           ~~~~~~~~~~~~~~~~~~~~~^^^^^^^^^^^^^^^^^^^^^^^^^^^^^^^^^^
UnicodeEncodeError: 'charmap' codec can't encode character '\u2705' in position 5: character maps to <undefined>
Call stack:
  File "C:\scripts\1repo\run_mvp.py", line 680, in <module>
    main()
  File "C:\scripts\1repo\run_mvp.py", line 652, in main
    results = orchestrator.run_single(
  File "C:\scripts\1repo\run_mvp.py", line 253, in run_single
    log_stage(logger, stage, "Completed")
  File "C:\scripts\1repo\am_logging.py", line 613, in log_stage
    log_section(logger, f"{emoji} {action}: {stage.upper()}", "INFO")
  File "C:\scripts\1repo\am_logging.py", line 588, in log_section
    log_func(f"  {title}")
Message: '  \u2705 Completed: FINALIZE'
Arguments: ()
2025-11-01 01:14:57,897 - __main__ - INFO - ============================================================
2025-11-01 01:14:57,897 - __main__ - INFO - ============================================================
2025-11-01 01:14:57,897 - __main__ - INFO--- Logging error ---
Traceback (most recent call last):
  File "C:\Users\Dimon\AppData\Local\Programs\Python\Python313\Lib\logging\__init__.py", line 1154, in emit
    stream.write(msg + self.terminator)
    ~~~~~~~~~~~~^^^^^^^^^^^^^^^^^^^^^^^
  File "C:\Users\Dimon\AppData\Local\Programs\Python\Python313\Lib\site-packages\colorama\ansitowin32.py", line 47, in write
    self.__convertor.write(text)
    ~~~~~~~~~~~~~~~~~~~~~~^^^^^^
  File "C:\Users\Dimon\AppData\Local\Programs\Python\Python313\Lib\site-packages\colorama\ansitowin32.py", line 177, in write
    self.write_and_convert(text)
    ~~~~~~~~~~~~~~~~~~~~~~^^^^^^
  File "C:\Users\Dimon\AppData\Local\Programs\Python\Python313\Lib\site-packages\colorama\ansitowin32.py", line 205, in write_and_convert
    self.write_plain_text(text, cursor, len(text))
    ~~~~~~~~~~~~~~~~~~~~~^^^^^^^^^^^^^^^^^^^^^^^^^
  File "C:\Users\Dimon\AppData\Local\Programs\Python\Python313\Lib\site-packages\colorama\ansitowin32.py", line 210, in write_plain_text
    self.wrapped.write(text[start:end])
    ~~~~~~~~~~~~~~~~~~^^^^^^^^^^^^^^^^^
  File "C:\Users\Dimon\AppData\Local\Programs\Python\Python313\Lib\encodings\cp1251.py", line 19, in encode
    return codecs.charmap_encode(input,self.errors,encoding_table)[0]
           ~~~~~~~~~~~~~~~~~~~~~^^^^^^^^^^^^^^^^^^^^^^^^^^^^^^^^^^
UnicodeEncodeError: 'charmap' codec can't encode character '\U0001f9e9' in position 5: character maps to <undefined>
Call stack:
  File "C:\scripts\1repo\run_mvp.py", line 680, in <module>
    main()
  File "C:\scripts\1repo\run_mvp.py", line 652, in main
    results = orchestrator.run_single(
  File "C:\scripts\1repo\run_mvp.py", line 222, in run_single
    log_stage(logger, stage, "Starting")
  File "C:\scripts\1repo\am_logging.py", line 613, in log_stage
    log_section(logger, f"{emoji} {action}: {stage.upper()}", "INFO")
  File "C:\scripts\1repo\am_logging.py", line 588, in log_section
    log_func(f"  {title}")
Message: '  \U0001f9e9 Starting: CHUNK'
Arguments: ()
2025-11-01 01:14:57,898 - __main__ - INFO - ============================================================
2025-11-01 01:14:57,898 - am_common - INFO - Loading config: config\batch_full.yaml
2025-11-01 01:14:57,913 - am_common - INFO - Config loaded successfully
2025-11-01 01:14:57,993 - am_chunk - INFO - Processing: agile-metrics-in-action.dataset.jsonl
2025-11-01 01:14:57,993 - am_common - INFO - Loading dataset: C:\scripts\1repo\data\datasets\final\agile-metrics-in-action.dataset.jsonl
2025-11-01 01:14:58,008 - am_common - INFO - Loaded: 270 cards from agile-metrics-in-action.dataset.jsonl
2025-11-01 01:14:58,133 - am_chunk - INFO - Created 341 chunks from 270 pages
2025-11-01 01:14:58,141 - quality_tracker - INFO - Starting: track_quality
2025-11-01 01:14:58,142 - quality_tracker - INFO - chunk metrics:
2025-11-01 01:14:58,142 - quality_tracker - INFO -   total_chunks: 341
2025-11-01 01:14:58,142 - quality_tracker - INFO -   chunks_per_page: 1.2630
2025-11-01 01:14:58,142 - quality_tracker - INFO -   avg_chunk_tokens: 365.4340
2025-11-01 01:14:58,142 - quality_tracker - INFO -   min_chunk_tokens: 105
2025-11-01 01:14:58,142 - quality_tracker - INFO -   max_chunk_tokens: 514
2025-11-01 01:14:58,142 - quality_tracker - INFO -   token_distribution: {'0-100': 0, '100-300': 113, '300-512': 224, '512+': 4}
2025-11-01 01:14:58,142 - quality_tracker - INFO -   context_completeness: 1.0000
2025-11-01 01:14:58,142 - quality_tracker - INFO--- Logging error ---
Traceback (most recent call last):
  File "C:\Users\Dimon\AppData\Local\Programs\Python\Python313\Lib\logging\__init__.py", line 1154, in emit
    stream.write(msg + self.terminator)
    ~~~~~~~~~~~~^^^^^^^^^^^^^^^^^^^^^^^
  File "C:\Users\Dimon\AppData\Local\Programs\Python\Python313\Lib\site-packages\colorama\ansitowin32.py", line 47, in write
    self.__convertor.write(text)
    ~~~~~~~~~~~~~~~~~~~~~~^^^^^^
  File "C:\Users\Dimon\AppData\Local\Programs\Python\Python313\Lib\site-packages\colorama\ansitowin32.py", line 177, in write
    self.write_and_convert(text)
    ~~~~~~~~~~~~~~~~~~~~~~^^^^^^
  File "C:\Users\Dimon\AppData\Local\Programs\Python\Python313\Lib\site-packages\colorama\ansitowin32.py", line 205, in write_and_convert
    self.write_plain_text(text, cursor, len(text))
    ~~~~~~~~~~~~~~~~~~~~~^^^^^^^^^^^^^^^^^^^^^^^^^
  File "C:\Users\Dimon\AppData\Local\Programs\Python\Python313\Lib\site-packages\colorama\ansitowin32.py", line 210, in write_plain_text
    self.wrapped.write(text[start:end])
    ~~~~~~~~~~~~~~~~~~^^^^^^^^^^^^^^^^^
  File "C:\Users\Dimon\AppData\Local\Programs\Python\Python313\Lib\encodings\cp1251.py", line 19, in encode
    return codecs.charmap_encode(input,self.errors,encoding_table)[0]
           ~~~~~~~~~~~~~~~~~~~~~^^^^^^^^^^^^^^^^^^^^^^^^^^^^^^^^^^
UnicodeEncodeError: 'charmap' codec can't encode character '\u2713' in position 3: character maps to <undefined>
Call stack:
  File "C:\scripts\1repo\run_mvp.py", line 680, in <module>
    main()
  File "C:\scripts\1repo\run_mvp.py", line 652, in main
    results = orchestrator.run_single(
  File "C:\scripts\1repo\run_mvp.py", line 226, in run_single
    stage_result = self._run_stage(stage, current_input)
  File "C:\scripts\1repo\run_mvp.py", line 419, in _run_stage
    return processor.process_dataset(input_path, output_dir)
  File "C:\scripts\1repo\am_chunk.py", line 309, in process_dataset
    self.quality_tracker.track('chunk', input_path.name, metrics)
  File "C:\scripts\1repo\quality_tracker.py", line 171, in track
    logger.info(f"\u2713 Quality thresholds passed for {stage}")
Message: '\u2713 Quality thresholds passed for chunk'
Arguments: ()
2025-11-01 01:14:58,143 - quality_tracker - INFO - Completed: track_quality (0.00s)
2025-11-01 01:14:58,143 - am_chunk - INFO - Saved: agile-metrics-in-action.dataset.chunks.jsonl
2025-11-01 01:14:58,144 - __main__ - ERROR - Validation failed: Unknown stage: chunk
2025-11-01 01:14:58,144 - __main__ - WARNING - Validation issues: 1 errors
2025-11-01 01:14:58,144 - __main__ - INFO - ============================================================
2025-11-01 01:14:58,144 - __main__ - INFO--- Logging error ---
Traceback (most recent call last):
  File "C:\Users\Dimon\AppData\Local\Programs\Python\Python313\Lib\logging\__init__.py", line 1154, in emit
    stream.write(msg + self.terminator)
    ~~~~~~~~~~~~^^^^^^^^^^^^^^^^^^^^^^^
  File "C:\Users\Dimon\AppData\Local\Programs\Python\Python313\Lib\site-packages\colorama\ansitowin32.py", line 47, in write
    self.__convertor.write(text)
    ~~~~~~~~~~~~~~~~~~~~~~^^^^^^
  File "C:\Users\Dimon\AppData\Local\Programs\Python\Python313\Lib\site-packages\colorama\ansitowin32.py", line 177, in write
    self.write_and_convert(text)
    ~~~~~~~~~~~~~~~~~~~~~~^^^^^^
  File "C:\Users\Dimon\AppData\Local\Programs\Python\Python313\Lib\site-packages\colorama\ansitowin32.py", line 205, in write_and_convert
    self.write_plain_text(text, cursor, len(text))
    ~~~~~~~~~~~~~~~~~~~~~^^^^^^^^^^^^^^^^^^^^^^^^^
  File "C:\Users\Dimon\AppData\Local\Programs\Python\Python313\Lib\site-packages\colorama\ansitowin32.py", line 210, in write_plain_text
    self.wrapped.write(text[start:end])
    ~~~~~~~~~~~~~~~~~~^^^^^^^^^^^^^^^^^
  File "C:\Users\Dimon\AppData\Local\Programs\Python\Python313\Lib\encodings\cp1251.py", line 19, in encode
    return codecs.charmap_encode(input,self.errors,encoding_table)[0]
           ~~~~~~~~~~~~~~~~~~~~~^^^^^^^^^^^^^^^^^^^^^^^^^^^^^^^^^^
UnicodeEncodeError: 'charmap' codec can't encode character '\U0001f9e9' in position 5: character maps to <undefined>
Call stack:
  File "C:\scripts\1repo\run_mvp.py", line 680, in <module>
    main()
  File "C:\scripts\1repo\run_mvp.py", line 652, in main
    results = orchestrator.run_single(
  File "C:\scripts\1repo\run_mvp.py", line 253, in run_single
    log_stage(logger, stage, "Completed")
  File "C:\scripts\1repo\am_logging.py", line 613, in log_stage
    log_section(logger, f"{emoji} {action}: {stage.upper()}", "INFO")
  File "C:\scripts\1repo\am_logging.py", line 588, in log_section
    log_func(f"  {title}")
Message: '  \U0001f9e9 Completed: CHUNK'
Arguments: ()
2025-11-01 01:14:58,145 - __main__ - INFO - ============================================================
2025-11-01 01:14:58,145 - __main__ - INFO - ============================================================
2025-11-01 01:14:58,145 - __main__ - INFO--- Logging error ---
Traceback (most recent call last):
  File "C:\Users\Dimon\AppData\Local\Programs\Python\Python313\Lib\logging\__init__.py", line 1154, in emit
    stream.write(msg + self.terminator)
    ~~~~~~~~~~~~^^^^^^^^^^^^^^^^^^^^^^^
  File "C:\Users\Dimon\AppData\Local\Programs\Python\Python313\Lib\site-packages\colorama\ansitowin32.py", line 47, in write
    self.__convertor.write(text)
    ~~~~~~~~~~~~~~~~~~~~~~^^^^^^
  File "C:\Users\Dimon\AppData\Local\Programs\Python\Python313\Lib\site-packages\colorama\ansitowin32.py", line 177, in write
    self.write_and_convert(text)
    ~~~~~~~~~~~~~~~~~~~~~~^^^^^^
  File "C:\Users\Dimon\AppData\Local\Programs\Python\Python313\Lib\site-packages\colorama\ansitowin32.py", line 205, in write_and_convert
    self.write_plain_text(text, cursor, len(text))
    ~~~~~~~~~~~~~~~~~~~~~^^^^^^^^^^^^^^^^^^^^^^^^^
  File "C:\Users\Dimon\AppData\Local\Programs\Python\Python313\Lib\site-packages\colorama\ansitowin32.py", line 210, in write_plain_text
    self.wrapped.write(text[start:end])
    ~~~~~~~~~~~~~~~~~~^^^^^^^^^^^^^^^^^
  File "C:\Users\Dimon\AppData\Local\Programs\Python\Python313\Lib\encodings\cp1251.py", line 19, in encode
    return codecs.charmap_encode(input,self.errors,encoding_table)[0]
           ~~~~~~~~~~~~~~~~~~~~~^^^^^^^^^^^^^^^^^^^^^^^^^^^^^^^^^^
UnicodeEncodeError: 'charmap' codec can't encode character '\U0001f522' in position 5: character maps to <undefined>
Call stack:
  File "C:\scripts\1repo\run_mvp.py", line 680, in <module>
    main()
  File "C:\scripts\1repo\run_mvp.py", line 652, in main
    results = orchestrator.run_single(
  File "C:\scripts\1repo\run_mvp.py", line 222, in run_single
    log_stage(logger, stage, "Starting")
  File "C:\scripts\1repo\am_logging.py", line 613, in log_stage
    log_section(logger, f"{emoji} {action}: {stage.upper()}", "INFO")
  File "C:\scripts\1repo\am_logging.py", line 588, in log_section
    log_func(f"  {title}")
Message: '  \U0001f522 Starting: EMBED'
Arguments: ()
2025-11-01 01:14:58,146 - __main__ - INFO - ============================================================
2025-11-01 01:14:58,146 - am_common - INFO - Loading config: config\batch_full.yaml
2025-11-01 01:14:58,160 - am_common - INFO - Config loaded successfully
2025-11-01 01:14:58,160 - am_embed - INFO - [sentence-transformers] Loading model: all-MiniLM-L6-v2
2025-11-01 01:14:58,161 - sentence_transformers.SentenceTransformer - INFO - Use pytorch device_name: cpu
2025-11-01 01:14:58,161 - sentence_transformers.SentenceTransformer - INFO - Load pretrained SentenceTransformer: all-MiniLM-L6-v2
2025-11-01 01:15:02,051 - am_embed - INFO - [sentence-transformers] Embedding dimension: 384
2025-11-01 01:15:02,051 - am_embed - INFO - Processing: agile-metrics-in-action.dataset.chunks.jsonl
2025-11-01 01:15:02,067 - am_embed - INFO - Loaded 341 chunks
2025-11-01 01:15:02,067 - am_embed - INFO - Encoding 341 chunks in 11 batches
2025-11-01 01:15:05,086 - am_embed - INFO - Processed batch 10/11
2025-11-01 01:15:05,278 - am_embed - INFO - Encoded 341 embeddings, 0 failures
2025-11-01 01:15:05,279 - am_embed - INFO - Building FAISS index: flat, metric=cosine
2025-11-01 01:15:05,279 - am_embed - INFO - Vectors: 341, Dimension: 384
2025-11-01 01:15:05,279 - am_embed - INFO - FAISS index built: 341 vectors
2025-11-01 01:15:05,280 - am_embed - INFO - Saved FAISS index: agile-metrics-in-action.dataset.faiss (511.54 KB)
2025-11-01 01:15:05,282 - am_embed - INFO - Saved metadata: agile-metrics-in-action.dataset.pkl (683.96 KB)
2025-11-01 01:15:05,283 - quality_tracker - INFO - Starting: track_quality
2025-11-01 01:15:05,284 - quality_tracker - INFO - embed metrics:
2025-11-01 01:15:05,284 - quality_tracker - INFO -   total_vectors: 341
2025-11-01 01:15:05,284 - quality_tracker - INFO -   embedding_dim: 384
2025-11-01 01:15:05,284 - quality_tracker - INFO -   embedding_failures: 0
2025-11-01 01:15:05,284 - quality_tracker - INFO -   failure_rate: 0.0000
2025-11-01 01:15:05,284 - quality_tracker - INFO -   avg_norm: 1.0000
2025-11-01 01:15:05,284 - quality_tracker - INFO -   min_norm: 1.0000
2025-11-01 01:15:05,284 - quality_tracker - INFO -   max_norm: 1.0000
2025-11-01 01:15:05,284 - quality_tracker - INFO--- Logging error ---
Traceback (most recent call last):
  File "C:\Users\Dimon\AppData\Local\Programs\Python\Python313\Lib\logging\__init__.py", line 1154, in emit
    stream.write(msg + self.terminator)
    ~~~~~~~~~~~~^^^^^^^^^^^^^^^^^^^^^^^
  File "C:\Users\Dimon\AppData\Local\Programs\Python\Python313\Lib\site-packages\colorama\ansitowin32.py", line 47, in write
    self.__convertor.write(text)
    ~~~~~~~~~~~~~~~~~~~~~~^^^^^^
  File "C:\Users\Dimon\AppData\Local\Programs\Python\Python313\Lib\site-packages\colorama\ansitowin32.py", line 177, in write
    self.write_and_convert(text)
    ~~~~~~~~~~~~~~~~~~~~~~^^^^^^
  File "C:\Users\Dimon\AppData\Local\Programs\Python\Python313\Lib\site-packages\colorama\ansitowin32.py", line 205, in write_and_convert
    self.write_plain_text(text, cursor, len(text))
    ~~~~~~~~~~~~~~~~~~~~~^^^^^^^^^^^^^^^^^^^^^^^^^
  File "C:\Users\Dimon\AppData\Local\Programs\Python\Python313\Lib\site-packages\colorama\ansitowin32.py", line 210, in write_plain_text
    self.wrapped.write(text[start:end])
    ~~~~~~~~~~~~~~~~~~^^^^^^^^^^^^^^^^^
  File "C:\Users\Dimon\AppData\Local\Programs\Python\Python313\Lib\encodings\cp1251.py", line 19, in encode
    return codecs.charmap_encode(input,self.errors,encoding_table)[0]
           ~~~~~~~~~~~~~~~~~~~~~^^^^^^^^^^^^^^^^^^^^^^^^^^^^^^^^^^
UnicodeEncodeError: 'charmap' codec can't encode character '\u2713' in position 3: character maps to <undefined>
Call stack:
  File "C:\scripts\1repo\run_mvp.py", line 680, in <module>
    main()
  File "C:\scripts\1repo\run_mvp.py", line 652, in main
    results = orchestrator.run_single(
  File "C:\scripts\1repo\run_mvp.py", line 226, in run_single
    stage_result = self._run_stage(stage, current_input)
  File "C:\scripts\1repo\run_mvp.py", line 428, in _run_stage
    return processor.process_chunks(input_path, output_dir=None)
  File "C:\scripts\1repo\am_embed.py", line 426, in process_chunks
    self.quality_tracker.track('embed', chunks_path.name, metrics)
  File "C:\scripts\1repo\quality_tracker.py", line 171, in track
    logger.info(f"\u2713 Quality thresholds passed for {stage}")
Message: '\u2713 Quality thresholds passed for embed'
Arguments: ()
2025-11-01 01:15:05,285 - quality_tracker - INFO - Completed: track_quality (0.00s)
2025-11-01 01:15:05,285 - am_embed - INFO - Saved: agile-metrics-in-action.dataset.faiss, agile-metrics-in-action.dataset.pkl
2025-11-01 01:15:05,285 - __main__ - INFO - ============================================================
2025-11-01 01:15:05,285 - __main__ - INFO--- Logging error ---
Traceback (most recent call last):
  File "C:\Users\Dimon\AppData\Local\Programs\Python\Python313\Lib\logging\__init__.py", line 1154, in emit
    stream.write(msg + self.terminator)
    ~~~~~~~~~~~~^^^^^^^^^^^^^^^^^^^^^^^
  File "C:\Users\Dimon\AppData\Local\Programs\Python\Python313\Lib\site-packages\colorama\ansitowin32.py", line 47, in write
    self.__convertor.write(text)
    ~~~~~~~~~~~~~~~~~~~~~~^^^^^^
  File "C:\Users\Dimon\AppData\Local\Programs\Python\Python313\Lib\site-packages\colorama\ansitowin32.py", line 177, in write
    self.write_and_convert(text)
    ~~~~~~~~~~~~~~~~~~~~~~^^^^^^
  File "C:\Users\Dimon\AppData\Local\Programs\Python\Python313\Lib\site-packages\colorama\ansitowin32.py", line 205, in write_and_convert
    self.write_plain_text(text, cursor, len(text))
    ~~~~~~~~~~~~~~~~~~~~~^^^^^^^^^^^^^^^^^^^^^^^^^
  File "C:\Users\Dimon\AppData\Local\Programs\Python\Python313\Lib\site-packages\colorama\ansitowin32.py", line 210, in write_plain_text
    self.wrapped.write(text[start:end])
    ~~~~~~~~~~~~~~~~~~^^^^^^^^^^^^^^^^^
  File "C:\Users\Dimon\AppData\Local\Programs\Python\Python313\Lib\encodings\cp1251.py", line 19, in encode
    return codecs.charmap_encode(input,self.errors,encoding_table)[0]
           ~~~~~~~~~~~~~~~~~~~~~^^^^^^^^^^^^^^^^^^^^^^^^^^^^^^^^^^
UnicodeEncodeError: 'charmap' codec can't encode character '\U0001f522' in position 5: character maps to <undefined>
Call stack:
  File "C:\scripts\1repo\run_mvp.py", line 680, in <module>
    main()
  File "C:\scripts\1repo\run_mvp.py", line 652, in main
    results = orchestrator.run_single(
  File "C:\scripts\1repo\run_mvp.py", line 253, in run_single
    log_stage(logger, stage, "Completed")
  File "C:\scripts\1repo\am_logging.py", line 613, in log_stage
    log_section(logger, f"{emoji} {action}: {stage.upper()}", "INFO")
  File "C:\scripts\1repo\am_logging.py", line 588, in log_section
    log_func(f"  {title}")
Message: '  \U0001f522 Completed: EMBED'
Arguments: ()
2025-11-01 01:15:05,286 - __main__ - INFO - ============================================================
2025-11-01 01:15:05,286 - __main__ - INFO - Pipeline status: completed
2025-11-01 01:15:05,286 - __main__ - INFO - Completed: run_single_pipeline (479.27s)
2025-11-01 01:15:05,286 - __main__ - INFO - ============================================================
2025-11-01 01:15:05,286 - __main__ - INFO--- Logging error ---
Traceback (most recent call last):
  File "C:\Users\Dimon\AppData\Local\Programs\Python\Python313\Lib\logging\__init__.py", line 1154, in emit
    stream.write(msg + self.terminator)
    ~~~~~~~~~~~~^^^^^^^^^^^^^^^^^^^^^^^
  File "C:\Users\Dimon\AppData\Local\Programs\Python\Python313\Lib\site-packages\colorama\ansitowin32.py", line 47, in write
    self.__convertor.write(text)
    ~~~~~~~~~~~~~~~~~~~~~~^^^^^^
  File "C:\Users\Dimon\AppData\Local\Programs\Python\Python313\Lib\site-packages\colorama\ansitowin32.py", line 177, in write
    self.write_and_convert(text)
    ~~~~~~~~~~~~~~~~~~~~~~^^^^^^
  File "C:\Users\Dimon\AppData\Local\Programs\Python\Python313\Lib\site-packages\colorama\ansitowin32.py", line 205, in write_and_convert
    self.write_plain_text(text, cursor, len(text))
    ~~~~~~~~~~~~~~~~~~~~~^^^^^^^^^^^^^^^^^^^^^^^^^
  File "C:\Users\Dimon\AppData\Local\Programs\Python\Python313\Lib\site-packages\colorama\ansitowin32.py", line 210, in write_plain_text
    self.wrapped.write(text[start:end])
    ~~~~~~~~~~~~~~~~~~^^^^^^^^^^^^^^^^^
  File "C:\Users\Dimon\AppData\Local\Programs\Python\Python313\Lib\encodings\cp1251.py", line 19, in encode
    return codecs.charmap_encode(input,self.errors,encoding_table)[0]
           ~~~~~~~~~~~~~~~~~~~~~^^^^^^^^^^^^^^^^^^^^^^^^^^^^^^^^^^
UnicodeEncodeError: 'charmap' codec can't encode character '\U0001f4ca' in position 5: character maps to <undefined>
Call stack:
  File "C:\scripts\1repo\run_mvp.py", line 680, in <module>
    main()
  File "C:\scripts\1repo\run_mvp.py", line 660, in main
    orchestrator.generate_reports()
  File "C:\scripts\1repo\run_mvp.py", line 502, in generate_reports
    log_section(logger, "\U0001f4ca FINAL REPORTS", "INFO")
  File "C:\scripts\1repo\am_logging.py", line 588, in log_section
    log_func(f"  {title}")
Message: '  \U0001f4ca FINAL REPORTS'
Arguments: ()
2025-11-01 01:15:05,287 - __main__ - INFO - ============================================================
2025-11-01 01:15:05,287 - __main__ - INFO - ============================================================
2025-11-01 01:15:05,287 - __main__ - INFO -   Performance Summary
2025-11-01 01:15:05,287 - __main__ - INFO - ============================================================
2025-11-01 01:15:05,287 - __main__ - INFO - 
run_single_pipeline:
2025-11-01 01:15:05,287 - __main__ - INFO -   Count: 1
2025-11-01 01:15:05,287 - __main__ - INFO -   Total: 479.27s
2025-11-01 01:15:05,287 - __main__ - INFO -   Avg: 479.27s
2025-11-01 01:15:05,287 - __main__ - INFO -   Min: 479.27s
2025-11-01 01:15:05,287 - __main__ - INFO -   Max: 479.27s
2025-11-01 01:15:05,287 - __main__ - INFO - 
track_quality:
2025-11-01 01:15:05,287 - __main__ - INFO -   Count: 7
2025-11-01 01:15:05,287 - __main__ - INFO -   Total: 0.02s
2025-11-01 01:15:05,287 - __main__ - INFO -   Avg: 0.00s
2025-11-01 01:15:05,287 - __main__ - INFO -   Min: 0.00s
2025-11-01 01:15:05,287 - __main__ - INFO -   Max: 0.01s
2025-11-01 01:15:05,287 - __main__ - INFO - No errors or warnings recorded
2025-11-01 01:15:05,287 - __main__ - INFO - 
2025-11-01 01:15:05,288 - quality_tracker - INFO - Starting: generate_quality_report
2025-11-01 01:15:05,289 - quality_tracker - INFO - Quality report saved: C:\scripts\1repo\data\quality\quality_report_20251101_011505.json
2025-11-01 01:15:05,289 - quality_tracker - INFO - Completed: generate_quality_report (0.00s)
2025-11-01 01:15:05,289 - quality_tracker - INFO - ============================================================
2025-11-01 01:15:05,290 - quality_tracker - INFO -   QUALITY REPORT
2025-11-01 01:15:05,290 - quality_tracker - INFO - ============================================================
2025-11-01 01:15:05,290 - quality_tracker - INFO - Generated: 2025-10-31T22:15:05Z
2025-11-01 01:15:05,290 - quality_tracker - INFO - Version: 2.0.0

2025-11-01 01:15:05,290 - quality_tracker - INFO - ------------------------------------------------------------
2025-11-01 01:15:05,290 - quality_tracker - INFO -   Stage: STRUCTURAL
2025-11-01 01:15:05,290 - quality_tracker - INFO - ------------------------------------------------------------
2025-11-01 01:15:05,290 - quality_tracker - INFO - Summary:
2025-11-01 01:15:05,290 - quality_tracker - INFO -   total_runs: 1
2025-11-01 01:15:05,290 - quality_tracker - INFO -   passed_threshold: 1
2025-11-01 01:15:05,290 - quality_tracker - INFO -   failed_threshold: 0
2025-11-01 01:15:05,290 - quality_tracker - INFO -   pass_rate: 100.0%
2025-11-01 01:15:05,290 - quality_tracker - INFO - 
Recent trend (last 1 runs):
2025-11-01 01:15:05,290 - quality_tracker - INFO -   Pass rate: 100.0%
2025-11-01 01:15:05,290 - quality_tracker - INFO - 
2025-11-01 01:15:05,290 - quality_tracker - INFO - ------------------------------------------------------------
2025-11-01 01:15:05,290 - quality_tracker - INFO -   Stage: STRUCTURE_DETECT
2025-11-01 01:15:05,290 - quality_tracker - INFO - ------------------------------------------------------------
2025-11-01 01:15:05,290 - quality_tracker - INFO - Summary:
2025-11-01 01:15:05,290 - quality_tracker - INFO -   total_runs: 1
2025-11-01 01:15:05,290 - quality_tracker - INFO -   passed_threshold: 1
2025-11-01 01:15:05,291 - quality_tracker - INFO -   failed_threshold: 0
2025-11-01 01:15:05,291 - quality_tracker - INFO -   pass_rate: 100.0%
2025-11-01 01:15:05,291 - quality_tracker - INFO - 
Recent trend (last 1 runs):
2025-11-01 01:15:05,291 - quality_tracker - INFO -   Pass rate: 100.0%
2025-11-01 01:15:05,291 - quality_tracker - INFO - 
2025-11-01 01:15:05,291 - quality_tracker - INFO - ------------------------------------------------------------
2025-11-01 01:15:05,291 - quality_tracker - INFO -   Stage: SUMMARIZE
2025-11-01 01:15:05,291 - quality_tracker - INFO - ------------------------------------------------------------
2025-11-01 01:15:05,291 - quality_tracker - INFO - Summary:
2025-11-01 01:15:05,291 - quality_tracker - INFO -   total_runs: 1
2025-11-01 01:15:05,291 - quality_tracker - INFO -   passed_threshold: 1
2025-11-01 01:15:05,291 - quality_tracker - INFO -   failed_threshold: 0
2025-11-01 01:15:05,291 - quality_tracker - INFO -   pass_rate: 100.0%
2025-11-01 01:15:05,291 - quality_tracker - INFO - 
Recent trend (last 1 runs):
2025-11-01 01:15:05,291 - quality_tracker - INFO -   Pass rate: 100.0%
2025-11-01 01:15:05,291 - quality_tracker - INFO - 
2025-11-01 01:15:05,291 - quality_tracker - INFO - ------------------------------------------------------------
2025-11-01 01:15:05,291 - quality_tracker - INFO -   Stage: EXTENDED
2025-11-01 01:15:05,291 - quality_tracker - INFO - ------------------------------------------------------------
2025-11-01 01:15:05,291 - quality_tracker - INFO - Summary:
2025-11-01 01:15:05,291 - quality_tracker - INFO -   total_runs: 1
2025-11-01 01:15:05,291 - quality_tracker - INFO -   passed_threshold: 1
2025-11-01 01:15:05,291 - quality_tracker - INFO -   failed_threshold: 0
2025-11-01 01:15:05,291 - quality_tracker - INFO -   pass_rate: 100.0%
2025-11-01 01:15:05,292 - quality_tracker - INFO - 
Recent trend (last 1 runs):
2025-11-01 01:15:05,292 - quality_tracker - INFO -   Pass rate: 100.0%
2025-11-01 01:15:05,292 - quality_tracker - INFO - 
2025-11-01 01:15:05,292 - quality_tracker - INFO - ------------------------------------------------------------
2025-11-01 01:15:05,292 - quality_tracker - INFO -   Stage: FINALIZE
2025-11-01 01:15:05,292 - quality_tracker - INFO - ------------------------------------------------------------
2025-11-01 01:15:05,292 - quality_tracker - INFO - Summary:
2025-11-01 01:15:05,292 - quality_tracker - INFO -   total_runs: 1
2025-11-01 01:15:05,292 - quality_tracker - INFO -   passed_threshold: 1
2025-11-01 01:15:05,292 - quality_tracker - INFO -   failed_threshold: 0
2025-11-01 01:15:05,292 - quality_tracker - INFO -   pass_rate: 100.0%
2025-11-01 01:15:05,292 - quality_tracker - INFO - 
Recent trend (last 1 runs):
2025-11-01 01:15:05,292 - quality_tracker - INFO -   Pass rate: 100.0%
2025-11-01 01:15:05,292 - quality_tracker - INFO - 
2025-11-01 01:15:05,292 - quality_tracker - INFO - ------------------------------------------------------------
2025-11-01 01:15:05,292 - quality_tracker - INFO -   Stage: CHUNK
2025-11-01 01:15:05,292 - quality_tracker - INFO - ------------------------------------------------------------
2025-11-01 01:15:05,292 - quality_tracker - INFO - Summary:
2025-11-01 01:15:05,292 - quality_tracker - INFO -   total_runs: 1
2025-11-01 01:15:05,293 - quality_tracker - INFO -   passed_threshold: 1
2025-11-01 01:15:05,293 - quality_tracker - INFO -   failed_threshold: 0
2025-11-01 01:15:05,293 - quality_tracker - INFO -   pass_rate: 100.0%
2025-11-01 01:15:05,293 - quality_tracker - INFO - 
Recent trend (last 1 runs):
2025-11-01 01:15:05,293 - quality_tracker - INFO -   Pass rate: 100.0%
2025-11-01 01:15:05,293 - quality_tracker - INFO - 
2025-11-01 01:15:05,293 - quality_tracker - INFO - ------------------------------------------------------------
2025-11-01 01:15:05,293 - quality_tracker - INFO -   Stage: EMBED
2025-11-01 01:15:05,293 - quality_tracker - INFO - ------------------------------------------------------------
2025-11-01 01:15:05,293 - quality_tracker - INFO - Summary:
2025-11-01 01:15:05,293 - quality_tracker - INFO -   total_runs: 1
2025-11-01 01:15:05,293 - quality_tracker - INFO -   passed_threshold: 1
2025-11-01 01:15:05,293 - quality_tracker - INFO -   failed_threshold: 0
2025-11-01 01:15:05,293 - quality_tracker - INFO -   pass_rate: 100.0%
2025-11-01 01:15:05,293 - quality_tracker - INFO - 
Recent trend (last 1 runs):
2025-11-01 01:15:05,293 - quality_tracker - INFO -   Pass rate: 100.0%
2025-11-01 01:15:05,293 - quality_tracker - INFO - 
2025-11-01 01:15:05,293 - quality_tracker - INFO - ------------------------------------------------------------
2025-11-01 01:15:05,293 - quality_tracker - INFO -   PERFORMANCE SUMMARY
2025-11-01 01:15:05,293 - quality_tracker - INFO - ------------------------------------------------------------
2025-11-01 01:15:05,293 - quality_tracker - INFO - track_quality:
2025-11-01 01:15:05,293 - quality_tracker - INFO -   Count: 7, Avg: 0.00s
2025-11-01 01:15:05,293 - quality_tracker - INFO - run_single_pipeline:
2025-11-01 01:15:05,294 - quality_tracker - INFO -   Count: 1, Avg: 479.27s
2025-11-01 01:15:05,294 - __main__ - INFO - 
2025-11-01 01:15:05,294 - validate - INFO - ============================================================
2025-11-01 01:15:05,294 - validate - INFO -   Validation Summary
2025-11-01 01:15:05,294 - validate - INFO - ============================================================
2025-11-01 01:15:05,294 - validate - INFO - Overall Results:
2025-11-01 01:15:05,294 - validate - INFO -   total_datasets: 2
2025-11-01 01:15:05,294 - validate - INFO -   valid_datasets: 1
2025-11-01 01:15:05,294 - validate - INFO -   invalid_datasets: 1
2025-11-01 01:15:05,294 - validate - INFO -   total_errors: 2
2025-11-01 01:15:05,294 - validate - INFO -   total_warnings: 261
2025-11-01 01:15:05,294 - validate - INFO -   success_rate: 0.5000
2025-11-01 01:15:05,294 - validate - INFO -   timestamp: 2025-10-31T22:15:05.294126
2025-11-01 01:15:05,294 - validate - INFO - 
Per-dataset results:
2025-11-01 01:15:05,294 - validate - INFO--- Logging error ---
Traceback (most recent call last):
  File "C:\Users\Dimon\AppData\Local\Programs\Python\Python313\Lib\logging\__init__.py", line 1154, in emit
    stream.write(msg + self.terminator)
    ~~~~~~~~~~~~^^^^^^^^^^^^^^^^^^^^^^^
  File "C:\Users\Dimon\AppData\Local\Programs\Python\Python313\Lib\site-packages\colorama\ansitowin32.py", line 47, in write
    self.__convertor.write(text)
    ~~~~~~~~~~~~~~~~~~~~~~^^^^^^
  File "C:\Users\Dimon\AppData\Local\Programs\Python\Python313\Lib\site-packages\colorama\ansitowin32.py", line 177, in write
    self.write_and_convert(text)
    ~~~~~~~~~~~~~~~~~~~~~~^^^^^^
  File "C:\Users\Dimon\AppData\Local\Programs\Python\Python313\Lib\site-packages\colorama\ansitowin32.py", line 205, in write_and_convert
    self.write_plain_text(text, cursor, len(text))
    ~~~~~~~~~~~~~~~~~~~~~^^^^^^^^^^^^^^^^^^^^^^^^^
  File "C:\Users\Dimon\AppData\Local\Programs\Python\Python313\Lib\site-packages\colorama\ansitowin32.py", line 210, in write_plain_text
    self.wrapped.write(text[start:end])
    ~~~~~~~~~~~~~~~~~~^^^^^^^^^^^^^^^^^
  File "C:\Users\Dimon\AppData\Local\Programs\Python\Python313\Lib\encodings\cp1251.py", line 19, in encode
    return codecs.charmap_encode(input,self.errors,encoding_table)[0]
           ~~~~~~~~~~~~~~~~~~~~~^^^^^^^^^^^^^^^^^^^^^^^^^^^^^^^^^^
UnicodeEncodeError: 'charmap' codec can't encode character '\u2705' in position 5: character maps to <undefined>
Call stack:
  File "C:\scripts\1repo\run_mvp.py", line 680, in <module>
    main()
  File "C:\scripts\1repo\run_mvp.py", line 660, in main
    orchestrator.generate_reports()
  File "C:\scripts\1repo\run_mvp.py", line 522, in generate_reports
    self.validator.print_summary()
  File "C:\scripts\1repo\validate.py", line 784, in print_summary
    self.report.print_summary()
  File "C:\scripts\1repo\validate.py", line 644, in print_summary
    logger.info(f"  {status} - {dataset} (errors: {errors}, warnings: {warnings})")
Message: '  \u2705 VALID - agile-metrics-in-action.dataset.jsonl (errors: 0, warnings: 0)'
Arguments: ()
2025-11-01 01:15:05,295 - validate - INFO--- Logging error ---
Traceback (most recent call last):
  File "C:\Users\Dimon\AppData\Local\Programs\Python\Python313\Lib\logging\__init__.py", line 1154, in emit
    stream.write(msg + self.terminator)
    ~~~~~~~~~~~~^^^^^^^^^^^^^^^^^^^^^^^
  File "C:\Users\Dimon\AppData\Local\Programs\Python\Python313\Lib\site-packages\colorama\ansitowin32.py", line 47, in write
    self.__convertor.write(text)
    ~~~~~~~~~~~~~~~~~~~~~~^^^^^^
  File "C:\Users\Dimon\AppData\Local\Programs\Python\Python313\Lib\site-packages\colorama\ansitowin32.py", line 177, in write
    self.write_and_convert(text)
    ~~~~~~~~~~~~~~~~~~~~~~^^^^^^
  File "C:\Users\Dimon\AppData\Local\Programs\Python\Python313\Lib\site-packages\colorama\ansitowin32.py", line 205, in write_and_convert
    self.write_plain_text(text, cursor, len(text))
    ~~~~~~~~~~~~~~~~~~~~~^^^^^^^^^^^^^^^^^^^^^^^^^
  File "C:\Users\Dimon\AppData\Local\Programs\Python\Python313\Lib\site-packages\colorama\ansitowin32.py", line 210, in write_plain_text
    self.wrapped.write(text[start:end])
    ~~~~~~~~~~~~~~~~~~^^^^^^^^^^^^^^^^^
  File "C:\Users\Dimon\AppData\Local\Programs\Python\Python313\Lib\encodings\cp1251.py", line 19, in encode
    return codecs.charmap_encode(input,self.errors,encoding_table)[0]
           ~~~~~~~~~~~~~~~~~~~~~^^^^^^^^^^^^^^^^^^^^^^^^^^^^^^^^^^
UnicodeEncodeError: 'charmap' codec can't encode character '\u274c' in position 5: character maps to <undefined>
Call stack:
  File "C:\scripts\1repo\run_mvp.py", line 680, in <module>
    main()
  File "C:\scripts\1repo\run_mvp.py", line 660, in main
    orchestrator.generate_reports()
  File "C:\scripts\1repo\run_mvp.py", line 522, in generate_reports
    self.validator.print_summary()
  File "C:\scripts\1repo\validate.py", line 784, in print_summary
    self.report.print_summary()
  File "C:\scripts\1repo\validate.py", line 644, in print_summary
    logger.info(f"  {status} - {dataset} (errors: {errors}, warnings: {warnings})")
Message: '  \u274c INVALID - agile-metrics-in-action.dataset.jsonl (errors: 2, warnings: 261)'
Arguments: ()
2025-11-01 01:15:05,296 - __main__ - INFO - ============================================================
2025-11-01 01:15:05,296 - __main__ - INFO--- Logging error ---
Traceback (most recent call last):
  File "C:\Users\Dimon\AppData\Local\Programs\Python\Python313\Lib\logging\__init__.py", line 1154, in emit
    stream.write(msg + self.terminator)
    ~~~~~~~~~~~~^^^^^^^^^^^^^^^^^^^^^^^
  File "C:\Users\Dimon\AppData\Local\Programs\Python\Python313\Lib\site-packages\colorama\ansitowin32.py", line 47, in write
    self.__convertor.write(text)
    ~~~~~~~~~~~~~~~~~~~~~~^^^^^^
  File "C:\Users\Dimon\AppData\Local\Programs\Python\Python313\Lib\site-packages\colorama\ansitowin32.py", line 177, in write
    self.write_and_convert(text)
    ~~~~~~~~~~~~~~~~~~~~~~^^^^^^
  File "C:\Users\Dimon\AppData\Local\Programs\Python\Python313\Lib\site-packages\colorama\ansitowin32.py", line 205, in write_and_convert
    self.write_plain_text(text, cursor, len(text))
    ~~~~~~~~~~~~~~~~~~~~~^^^^^^^^^^^^^^^^^^^^^^^^^
  File "C:\Users\Dimon\AppData\Local\Programs\Python\Python313\Lib\site-packages\colorama\ansitowin32.py", line 210, in write_plain_text
    self.wrapped.write(text[start:end])
    ~~~~~~~~~~~~~~~~~~^^^^^^^^^^^^^^^^^
  File "C:\Users\Dimon\AppData\Local\Programs\Python\Python313\Lib\encodings\cp1251.py", line 19, in encode
    return codecs.charmap_encode(input,self.errors,encoding_table)[0]
           ~~~~~~~~~~~~~~~~~~~~~^^^^^^^^^^^^^^^^^^^^^^^^^^^^^^^^^^
UnicodeEncodeError: 'charmap' codec can't encode character '\u2705' in position 5: character maps to <undefined>
Call stack:
  File "C:\scripts\1repo\run_mvp.py", line 680, in <module>
    main()
  File "C:\scripts\1repo\run_mvp.py", line 667, in main
    log_section(logger, "\u2705 PIPELINE COMPLETED SUCCESSFULLY", "INFO")
  File "C:\scripts\1repo\am_logging.py", line 588, in log_section
    log_func(f"  {title}")
Message: '  \u2705 PIPELINE COMPLETED SUCCESSFULLY'
Arguments: ()
2025-11-01 01:15:05,297 - __main__ - INFO - ============================================================
