[WARN] OCR not available
2025-11-01 01:15:09,417 - faiss.loader - INFO - Loading faiss with AVX512 support.
2025-11-01 01:15:09,417 - faiss.loader - INFO - Could not load library with AVX512 support due to:
ModuleNotFoundError("No module named 'faiss.swigfaiss_avx512'")
2025-11-01 01:15:09,417 - faiss.loader - INFO - Loading faiss with AVX2 support.
2025-11-01 01:15:09,428 - faiss.loader - INFO - Successfully loaded faiss with AVX2 support.
2025-11-01 01:15:09,434 - am_common - INFO - Loading config: config\batch_full.yaml
2025-11-01 01:15:09,448 - am_common - INFO - Config loaded successfully
2025-11-01 01:15:09,455 - quality_tracker - INFO - Quality tracker initialized: C:\scripts\1repo\data\quality
2025-11-01 01:15:09,456 - __main__ - INFO - ============================================================
2025-11-01 01:15:09,456 - __main__ - INFO--- Logging error ---
Traceback (most recent call last):
  File "C:\Users\Dimon\AppData\Local\Programs\Python\Python313\Lib\logging\__init__.py", line 1154, in emit
    stream.write(msg + self.terminator)
    ~~~~~~~~~~~~^^^^^^^^^^^^^^^^^^^^^^^
  File "C:\Users\Dimon\AppData\Local\Programs\Python\Python313\Lib\site-packages\colorama\ansitowin32.py", line 47, in write
    self.__convertor.write(text)
    ~~~~~~~~~~~~~~~~~~~~~~^^^^^^
  File "C:\Users\Dimon\AppData\Local\Programs\Python\Python313\Lib\site-packages\colorama\ansitowin32.py", line 177, in write
    self.write_and_convert(text)
    ~~~~~~~~~~~~~~~~~~~~~~^^^^^^
  File "C:\Users\Dimon\AppData\Local\Programs\Python\Python313\Lib\site-packages\colorama\ansitowin32.py", line 205, in write_and_convert
    self.write_plain_text(text, cursor, len(text))
    ~~~~~~~~~~~~~~~~~~~~~^^^^^^^^^^^^^^^^^^^^^^^^^
  File "C:\Users\Dimon\AppData\Local\Programs\Python\Python313\Lib\site-packages\colorama\ansitowin32.py", line 210, in write_plain_text
    self.wrapped.write(text[start:end])
    ~~~~~~~~~~~~~~~~~~^^^^^^^^^^^^^^^^^
  File "C:\Users\Dimon\AppData\Local\Programs\Python\Python313\Lib\encodings\cp1251.py", line 19, in encode
    return codecs.charmap_encode(input,self.errors,encoding_table)[0]
           ~~~~~~~~~~~~~~~~~~~~~^^^^^^^^^^^^^^^^^^^^^^^^^^^^^^^^^^
UnicodeEncodeError: 'charmap' codec can't encode character '\U0001f680' in position 5: character maps to <undefined>
Call stack:
  File "C:\scripts\1repo\run_mvp.py", line 680, in <module>
    main()
  File "C:\scripts\1repo\run_mvp.py", line 605, in main
    orchestrator = PipelineOrchestrator(
  File "C:\scripts\1repo\run_mvp.py", line 136, in __init__
    log_section(logger, f"\U0001f680 {PRODUCT_NAME} {VERSION}", "INFO")
  File "C:\scripts\1repo\am_logging.py", line 588, in log_section
    log_func(f"  {title}")
Message: '  \U0001f680 archivist magika 2.0.0'
Arguments: ()
2025-11-01 01:15:09,458 - __main__ - INFO - ============================================================
2025-11-01 01:15:09,458 - __main__ - INFO - Quality check: enabled
2025-11-01 01:15:09,458 - __main__ - INFO - Validation: enabled
2025-11-01 01:15:09,458 - __main__ - INFO - Dry run: no
2025-11-01 01:15:09,458 - __main__ - INFO - Starting: run_single_pipeline
2025-11-01 01:15:09,458 - __main__ - INFO - Processing: baza-znanij-safe®-russia.pdf
2025-11-01 01:15:09,458 - __main__ - INFO--- Logging error ---
Traceback (most recent call last):
  File "C:\Users\Dimon\AppData\Local\Programs\Python\Python313\Lib\logging\__init__.py", line 1154, in emit
    stream.write(msg + self.terminator)
    ~~~~~~~~~~~~^^^^^^^^^^^^^^^^^^^^^^^
  File "C:\Users\Dimon\AppData\Local\Programs\Python\Python313\Lib\site-packages\colorama\ansitowin32.py", line 47, in write
    self.__convertor.write(text)
    ~~~~~~~~~~~~~~~~~~~~~~^^^^^^
  File "C:\Users\Dimon\AppData\Local\Programs\Python\Python313\Lib\site-packages\colorama\ansitowin32.py", line 177, in write
    self.write_and_convert(text)
    ~~~~~~~~~~~~~~~~~~~~~~^^^^^^
  File "C:\Users\Dimon\AppData\Local\Programs\Python\Python313\Lib\site-packages\colorama\ansitowin32.py", line 205, in write_and_convert
    self.write_plain_text(text, cursor, len(text))
    ~~~~~~~~~~~~~~~~~~~~~^^^^^^^^^^^^^^^^^^^^^^^^^
  File "C:\Users\Dimon\AppData\Local\Programs\Python\Python313\Lib\site-packages\colorama\ansitowin32.py", line 210, in write_plain_text
    self.wrapped.write(text[start:end])
    ~~~~~~~~~~~~~~~~~~^^^^^^^^^^^^^^^^^
  File "C:\Users\Dimon\AppData\Local\Programs\Python\Python313\Lib\encodings\cp1251.py", line 19, in encode
    return codecs.charmap_encode(input,self.errors,encoding_table)[0]
           ~~~~~~~~~~~~~~~~~~~~~^^^^^^^^^^^^^^^^^^^^^^^^^^^^^^^^^^
UnicodeEncodeError: 'charmap' codec can't encode character '\u2192' in position 24: character maps to <undefined>
Call stack:
  File "C:\scripts\1repo\run_mvp.py", line 680, in <module>
    main()
  File "C:\scripts\1repo\run_mvp.py", line 652, in main
    results = orchestrator.run_single(
  File "C:\scripts\1repo\run_mvp.py", line 196, in run_single
    logger.info(f"Pipeline: {start_stage} \u2192 {end_stage}")
Message: 'Pipeline: structural \u2192 embed'
Arguments: ()
2025-11-01 01:15:09,458 - __main__ - INFO--- Logging error ---
Traceback (most recent call last):
  File "C:\Users\Dimon\AppData\Local\Programs\Python\Python313\Lib\logging\__init__.py", line 1154, in emit
    stream.write(msg + self.terminator)
    ~~~~~~~~~~~~^^^^^^^^^^^^^^^^^^^^^^^
  File "C:\Users\Dimon\AppData\Local\Programs\Python\Python313\Lib\site-packages\colorama\ansitowin32.py", line 47, in write
    self.__convertor.write(text)
    ~~~~~~~~~~~~~~~~~~~~~~^^^^^^
  File "C:\Users\Dimon\AppData\Local\Programs\Python\Python313\Lib\site-packages\colorama\ansitowin32.py", line 177, in write
    self.write_and_convert(text)
    ~~~~~~~~~~~~~~~~~~~~~~^^^^^^
  File "C:\Users\Dimon\AppData\Local\Programs\Python\Python313\Lib\site-packages\colorama\ansitowin32.py", line 205, in write_and_convert
    self.write_plain_text(text, cursor, len(text))
    ~~~~~~~~~~~~~~~~~~~~~^^^^^^^^^^^^^^^^^^^^^^^^^
  File "C:\Users\Dimon\AppData\Local\Programs\Python\Python313\Lib\site-packages\colorama\ansitowin32.py", line 210, in write_plain_text
    self.wrapped.write(text[start:end])
    ~~~~~~~~~~~~~~~~~~^^^^^^^^^^^^^^^^^
  File "C:\Users\Dimon\AppData\Local\Programs\Python\Python313\Lib\encodings\cp1251.py", line 19, in encode
    return codecs.charmap_encode(input,self.errors,encoding_table)[0]
           ~~~~~~~~~~~~~~~~~~~~~^^^^^^^^^^^^^^^^^^^^^^^^^^^^^^^^^^
UnicodeEncodeError: 'charmap' codec can't encode character '\u2192' in position 22: character maps to <undefined>
Call stack:
  File "C:\scripts\1repo\run_mvp.py", line 680, in <module>
    main()
  File "C:\scripts\1repo\run_mvp.py", line 652, in main
    results = orchestrator.run_single(
  File "C:\scripts\1repo\run_mvp.py", line 209, in run_single
    logger.info(f"Stages: {' \u2192 '.join(stages)}")
Message: 'Stages: structural \u2192 structure_detect \u2192 summarize \u2192 extended \u2192 finalize \u2192 chunk \u2192 embed'
Arguments: ()
2025-11-01 01:15:09,459 - __main__ - INFO - ============================================================
2025-11-01 01:15:09,459 - __main__ - INFO--- Logging error ---
Traceback (most recent call last):
  File "C:\Users\Dimon\AppData\Local\Programs\Python\Python313\Lib\logging\__init__.py", line 1154, in emit
    stream.write(msg + self.terminator)
    ~~~~~~~~~~~~^^^^^^^^^^^^^^^^^^^^^^^
  File "C:\Users\Dimon\AppData\Local\Programs\Python\Python313\Lib\site-packages\colorama\ansitowin32.py", line 47, in write
    self.__convertor.write(text)
    ~~~~~~~~~~~~~~~~~~~~~~^^^^^^
  File "C:\Users\Dimon\AppData\Local\Programs\Python\Python313\Lib\site-packages\colorama\ansitowin32.py", line 177, in write
    self.write_and_convert(text)
    ~~~~~~~~~~~~~~~~~~~~~~^^^^^^
  File "C:\Users\Dimon\AppData\Local\Programs\Python\Python313\Lib\site-packages\colorama\ansitowin32.py", line 205, in write_and_convert
    self.write_plain_text(text, cursor, len(text))
    ~~~~~~~~~~~~~~~~~~~~~^^^^^^^^^^^^^^^^^^^^^^^^^
  File "C:\Users\Dimon\AppData\Local\Programs\Python\Python313\Lib\site-packages\colorama\ansitowin32.py", line 210, in write_plain_text
    self.wrapped.write(text[start:end])
    ~~~~~~~~~~~~~~~~~~^^^^^^^^^^^^^^^^^
  File "C:\Users\Dimon\AppData\Local\Programs\Python\Python313\Lib\encodings\cp1251.py", line 19, in encode
    return codecs.charmap_encode(input,self.errors,encoding_table)[0]
           ~~~~~~~~~~~~~~~~~~~~~^^^^^^^^^^^^^^^^^^^^^^^^^^^^^^^^^^
UnicodeEncodeError: 'charmap' codec can't encode character '\U0001f4c4' in position 5: character maps to <undefined>
Call stack:
  File "C:\scripts\1repo\run_mvp.py", line 680, in <module>
    main()
  File "C:\scripts\1repo\run_mvp.py", line 652, in main
    results = orchestrator.run_single(
  File "C:\scripts\1repo\run_mvp.py", line 222, in run_single
    log_stage(logger, stage, "Starting")
  File "C:\scripts\1repo\am_logging.py", line 613, in log_stage
    log_section(logger, f"{emoji} {action}: {stage.upper()}", "INFO")
  File "C:\scripts\1repo\am_logging.py", line 588, in log_section
    log_func(f"  {title}")
Message: '  \U0001f4c4 Starting: STRUCTURAL'
Arguments: ()
2025-11-01 01:15:09,460 - __main__ - INFO - ============================================================
2025-11-01 01:15:09,460 - am_common - INFO - Loading config: config\batch_full.yaml
2025-11-01 01:15:09,475 - am_common - INFO - Config loaded successfully
2025-11-01 01:15:09,475 - am_structural_robust - INFO - Text extractor chain: ['pdfminer', 'pdfplumber', 'pypdf2']
2025-11-01 01:15:09,475 - am_structural_robust - INFO - Table extractor chain: ['pdfplumber']
2025-11-01 01:15:09,475 - am_structural_robust - INFO - Processing: baza-znanij-safe®-russia.pdf
2025-11-01 01:15:09,496 - am_structural_robust - INFO - PDF: Áàçà çíàíèé SAFe® Russia
2025-11-01 01:15:09,518 - am_structural_robust - INFO - Total pages: 86
2025-11-01 01:15:15,991 - am_structural_robust - INFO -   Processed 50/86 pages
2025-11-01 01:15:19,717 - am_structural_robust - INFO - Extraction complete: 86 success, 0 failed
2025-11-01 01:15:19,717 - am_structural_robust - INFO -   Methods used: {'pdfminer': 86}
2025-11-01 01:15:19,717 - am_structural_robust - INFO -   OCR used: 0 pages
2025-11-01 01:15:19,717 - am_structural_robust - INFO -   Tables found: 0
2025-11-01 01:15:19,724 - am_common - INFO - Saving dataset: C:\scripts\1repo\data\datasets\structural\baza-znanij-safe®-russia.dataset.jsonl (86 cards)
2025-11-01 01:15:19,726 - am_common - INFO - Saved: 86 cards to baza-znanij-safe®-russia.dataset.jsonl (163.08 KB)
2025-11-01 01:15:19,726 - am_structural_robust - INFO - Dataset saved: 163.08 KB
2025-11-01 01:15:19,726 - quality_tracker - INFO - Starting: track_quality
2025-11-01 01:15:19,727 - quality_tracker - INFO - structural metrics:
2025-11-01 01:15:19,727 - quality_tracker - INFO -   total_pages: 86
2025-11-01 01:15:19,727 - quality_tracker - INFO -   success_pages: 86
2025-11-01 01:15:19,727 - quality_tracker - INFO -   failed_pages: 0
2025-11-01 01:15:19,727 - quality_tracker - INFO -   success_ratio: 1.0000
2025-11-01 01:15:19,727 - quality_tracker - INFO -   empty_pages: 0
2025-11-01 01:15:19,727 - quality_tracker - INFO -   avg_page_length: 1180.1395
2025-11-01 01:15:19,727 - quality_tracker - INFO -   extraction_methods: {'pdfminer': 86}
2025-11-01 01:15:19,727 - quality_tracker - INFO -   ocr_used: 0
2025-11-01 01:15:19,727 - quality_tracker - INFO -   tables_found: 0
2025-11-01 01:15:19,727 - quality_tracker - INFO--- Logging error ---
Traceback (most recent call last):
  File "C:\Users\Dimon\AppData\Local\Programs\Python\Python313\Lib\logging\__init__.py", line 1154, in emit
    stream.write(msg + self.terminator)
    ~~~~~~~~~~~~^^^^^^^^^^^^^^^^^^^^^^^
  File "C:\Users\Dimon\AppData\Local\Programs\Python\Python313\Lib\site-packages\colorama\ansitowin32.py", line 47, in write
    self.__convertor.write(text)
    ~~~~~~~~~~~~~~~~~~~~~~^^^^^^
  File "C:\Users\Dimon\AppData\Local\Programs\Python\Python313\Lib\site-packages\colorama\ansitowin32.py", line 177, in write
    self.write_and_convert(text)
    ~~~~~~~~~~~~~~~~~~~~~~^^^^^^
  File "C:\Users\Dimon\AppData\Local\Programs\Python\Python313\Lib\site-packages\colorama\ansitowin32.py", line 205, in write_and_convert
    self.write_plain_text(text, cursor, len(text))
    ~~~~~~~~~~~~~~~~~~~~~^^^^^^^^^^^^^^^^^^^^^^^^^
  File "C:\Users\Dimon\AppData\Local\Programs\Python\Python313\Lib\site-packages\colorama\ansitowin32.py", line 210, in write_plain_text
    self.wrapped.write(text[start:end])
    ~~~~~~~~~~~~~~~~~~^^^^^^^^^^^^^^^^^
  File "C:\Users\Dimon\AppData\Local\Programs\Python\Python313\Lib\encodings\cp1251.py", line 19, in encode
    return codecs.charmap_encode(input,self.errors,encoding_table)[0]
           ~~~~~~~~~~~~~~~~~~~~~^^^^^^^^^^^^^^^^^^^^^^^^^^^^^^^^^^
UnicodeEncodeError: 'charmap' codec can't encode character '\u2713' in position 3: character maps to <undefined>
Call stack:
  File "C:\scripts\1repo\run_mvp.py", line 680, in <module>
    main()
  File "C:\scripts\1repo\run_mvp.py", line 652, in main
    results = orchestrator.run_single(
  File "C:\scripts\1repo\run_mvp.py", line 226, in run_single
    stage_result = self._run_stage(stage, current_input)
  File "C:\scripts\1repo\run_mvp.py", line 409, in _run_stage
    return processor.process_pdf(input_path, output_dir)
  File "C:\scripts\1repo\am_structural_robust.py", line 569, in process_pdf
    self.quality_tracker.track('structural', pdf_path.name, metrics)
  File "C:\scripts\1repo\quality_tracker.py", line 171, in track
    logger.info(f"\u2713 Quality thresholds passed for {stage}")
Message: '\u2713 Quality thresholds passed for structural'
Arguments: ()
2025-11-01 01:15:19,729 - quality_tracker - INFO - Completed: track_quality (0.00s)
2025-11-01 01:15:19,729 - am_structural_robust - INFO - [OK] Saved: baza-znanij-safe®-russia.dataset.jsonl
2025-11-01 01:15:19,729 - validate - INFO - Validating structural: baza-znanij-safe®-russia.dataset.jsonl
2025-11-01 01:15:19,729 - am_common - INFO - Loading dataset: C:\scripts\1repo\data\datasets\structural\baza-znanij-safe®-russia.dataset.jsonl
2025-11-01 01:15:19,738 - am_common - INFO - Loaded: 86 cards from baza-znanij-safe®-russia.dataset.jsonl
2025-11-01 01:15:19,738 - validate - INFO - [OK] VALID - baza-znanij-safe®-russia.dataset.jsonl
2025-11-01 01:15:19,739 - __main__ - INFO - ============================================================
2025-11-01 01:15:19,739 - __main__ - INFO--- Logging error ---
Traceback (most recent call last):
  File "C:\Users\Dimon\AppData\Local\Programs\Python\Python313\Lib\logging\__init__.py", line 1154, in emit
    stream.write(msg + self.terminator)
    ~~~~~~~~~~~~^^^^^^^^^^^^^^^^^^^^^^^
  File "C:\Users\Dimon\AppData\Local\Programs\Python\Python313\Lib\site-packages\colorama\ansitowin32.py", line 47, in write
    self.__convertor.write(text)
    ~~~~~~~~~~~~~~~~~~~~~~^^^^^^
  File "C:\Users\Dimon\AppData\Local\Programs\Python\Python313\Lib\site-packages\colorama\ansitowin32.py", line 177, in write
    self.write_and_convert(text)
    ~~~~~~~~~~~~~~~~~~~~~~^^^^^^
  File "C:\Users\Dimon\AppData\Local\Programs\Python\Python313\Lib\site-packages\colorama\ansitowin32.py", line 205, in write_and_convert
    self.write_plain_text(text, cursor, len(text))
    ~~~~~~~~~~~~~~~~~~~~~^^^^^^^^^^^^^^^^^^^^^^^^^
  File "C:\Users\Dimon\AppData\Local\Programs\Python\Python313\Lib\site-packages\colorama\ansitowin32.py", line 210, in write_plain_text
    self.wrapped.write(text[start:end])
    ~~~~~~~~~~~~~~~~~~^^^^^^^^^^^^^^^^^
  File "C:\Users\Dimon\AppData\Local\Programs\Python\Python313\Lib\encodings\cp1251.py", line 19, in encode
    return codecs.charmap_encode(input,self.errors,encoding_table)[0]
           ~~~~~~~~~~~~~~~~~~~~~^^^^^^^^^^^^^^^^^^^^^^^^^^^^^^^^^^
UnicodeEncodeError: 'charmap' codec can't encode character '\U0001f4c4' in position 5: character maps to <undefined>
Call stack:
  File "C:\scripts\1repo\run_mvp.py", line 680, in <module>
    main()
  File "C:\scripts\1repo\run_mvp.py", line 652, in main
    results = orchestrator.run_single(
  File "C:\scripts\1repo\run_mvp.py", line 253, in run_single
    log_stage(logger, stage, "Completed")
  File "C:\scripts\1repo\am_logging.py", line 613, in log_stage
    log_section(logger, f"{emoji} {action}: {stage.upper()}", "INFO")
  File "C:\scripts\1repo\am_logging.py", line 588, in log_section
    log_func(f"  {title}")
Message: '  \U0001f4c4 Completed: STRUCTURAL'
Arguments: ()
2025-11-01 01:15:19,739 - __main__ - INFO - ============================================================
2025-11-01 01:15:19,739 - __main__ - INFO - ============================================================
2025-11-01 01:15:19,739 - __main__ - INFO--- Logging error ---
Traceback (most recent call last):
  File "C:\Users\Dimon\AppData\Local\Programs\Python\Python313\Lib\logging\__init__.py", line 1154, in emit
    stream.write(msg + self.terminator)
    ~~~~~~~~~~~~^^^^^^^^^^^^^^^^^^^^^^^
  File "C:\Users\Dimon\AppData\Local\Programs\Python\Python313\Lib\site-packages\colorama\ansitowin32.py", line 47, in write
    self.__convertor.write(text)
    ~~~~~~~~~~~~~~~~~~~~~~^^^^^^
  File "C:\Users\Dimon\AppData\Local\Programs\Python\Python313\Lib\site-packages\colorama\ansitowin32.py", line 177, in write
    self.write_and_convert(text)
    ~~~~~~~~~~~~~~~~~~~~~~^^^^^^
  File "C:\Users\Dimon\AppData\Local\Programs\Python\Python313\Lib\site-packages\colorama\ansitowin32.py", line 205, in write_and_convert
    self.write_plain_text(text, cursor, len(text))
    ~~~~~~~~~~~~~~~~~~~~~^^^^^^^^^^^^^^^^^^^^^^^^^
  File "C:\Users\Dimon\AppData\Local\Programs\Python\Python313\Lib\site-packages\colorama\ansitowin32.py", line 210, in write_plain_text
    self.wrapped.write(text[start:end])
    ~~~~~~~~~~~~~~~~~~^^^^^^^^^^^^^^^^^
  File "C:\Users\Dimon\AppData\Local\Programs\Python\Python313\Lib\encodings\cp1251.py", line 19, in encode
    return codecs.charmap_encode(input,self.errors,encoding_table)[0]
           ~~~~~~~~~~~~~~~~~~~~~^^^^^^^^^^^^^^^^^^^^^^^^^^^^^^^^^^
UnicodeEncodeError: 'charmap' codec can't encode character '\U0001f4d6' in position 5: character maps to <undefined>
Call stack:
  File "C:\scripts\1repo\run_mvp.py", line 680, in <module>
    main()
  File "C:\scripts\1repo\run_mvp.py", line 652, in main
    results = orchestrator.run_single(
  File "C:\scripts\1repo\run_mvp.py", line 222, in run_single
    log_stage(logger, stage, "Starting")
  File "C:\scripts\1repo\am_logging.py", line 613, in log_stage
    log_section(logger, f"{emoji} {action}: {stage.upper()}", "INFO")
  File "C:\scripts\1repo\am_logging.py", line 588, in log_section
    log_func(f"  {title}")
Message: '  \U0001f4d6 Starting: STRUCTURE_DETECT'
Arguments: ()
2025-11-01 01:15:19,740 - __main__ - INFO - ============================================================
2025-11-01 01:15:19,740 - am_common - INFO - Loading config: config\batch_full.yaml
2025-11-01 01:15:19,755 - am_common - INFO - Config loaded successfully
2025-11-01 01:15:19,756 - am_structure_detect - INFO - Processing: baza-znanij-safe®-russia.dataset.jsonl
2025-11-01 01:15:19,756 - am_common - INFO - Loading dataset: C:\scripts\1repo\data\datasets\structural\baza-znanij-safe®-russia.dataset.jsonl
2025-11-01 01:15:19,757 - am_common - INFO - Loaded: 86 cards from baza-znanij-safe®-russia.dataset.jsonl
2025-11-01 01:15:19,758 - am_structure_detect - INFO - TOC found: pages 1-9
2025-11-01 01:15:19,758 - am_structure_detect - INFO - Detected 0 chapters
2025-11-01 01:15:19,759 - am_structure_detect - INFO - Detected 0 sections
2025-11-01 01:15:19,759 - am_common - INFO - Saving dataset: C:\scripts\1repo\data\datasets\structured\baza-znanij-safe®-russia.dataset.jsonl (86 cards)
2025-11-01 01:15:19,760 - am_common - INFO - Saved: 86 cards to baza-znanij-safe®-russia.dataset.jsonl (170.56 KB)
2025-11-01 01:15:19,761 - quality_tracker - INFO - Starting: track_quality
2025-11-01 01:15:19,761 - quality_tracker - INFO - structure_detect metrics:
2025-11-01 01:15:19,761 - quality_tracker - INFO -   total_pages: 86
2025-11-01 01:15:19,761 - quality_tracker - INFO -   chapters_detected: 0
2025-11-01 01:15:19,761 - quality_tracker - INFO -   sections_detected: 0
2025-11-01 01:15:19,761 - quality_tracker - INFO -   pages_with_structure: 0
2025-11-01 01:15:19,761 - quality_tracker - INFO -   structure_coverage: 0.0000
2025-11-01 01:15:19,761 - quality_tracker - INFO -   avg_chapter_length: 0
2025-11-01 01:15:19,761 - quality_tracker - INFO--- Logging error ---
Traceback (most recent call last):
  File "C:\Users\Dimon\AppData\Local\Programs\Python\Python313\Lib\logging\__init__.py", line 1154, in emit
    stream.write(msg + self.terminator)
    ~~~~~~~~~~~~^^^^^^^^^^^^^^^^^^^^^^^
  File "C:\Users\Dimon\AppData\Local\Programs\Python\Python313\Lib\site-packages\colorama\ansitowin32.py", line 47, in write
    self.__convertor.write(text)
    ~~~~~~~~~~~~~~~~~~~~~~^^^^^^
  File "C:\Users\Dimon\AppData\Local\Programs\Python\Python313\Lib\site-packages\colorama\ansitowin32.py", line 177, in write
    self.write_and_convert(text)
    ~~~~~~~~~~~~~~~~~~~~~~^^^^^^
  File "C:\Users\Dimon\AppData\Local\Programs\Python\Python313\Lib\site-packages\colorama\ansitowin32.py", line 205, in write_and_convert
    self.write_plain_text(text, cursor, len(text))
    ~~~~~~~~~~~~~~~~~~~~~^^^^^^^^^^^^^^^^^^^^^^^^^
  File "C:\Users\Dimon\AppData\Local\Programs\Python\Python313\Lib\site-packages\colorama\ansitowin32.py", line 210, in write_plain_text
    self.wrapped.write(text[start:end])
    ~~~~~~~~~~~~~~~~~~^^^^^^^^^^^^^^^^^
  File "C:\Users\Dimon\AppData\Local\Programs\Python\Python313\Lib\encodings\cp1251.py", line 19, in encode
    return codecs.charmap_encode(input,self.errors,encoding_table)[0]
           ~~~~~~~~~~~~~~~~~~~~~^^^^^^^^^^^^^^^^^^^^^^^^^^^^^^^^^^
UnicodeEncodeError: 'charmap' codec can't encode character '\u2713' in position 3: character maps to <undefined>
Call stack:
  File "C:\scripts\1repo\run_mvp.py", line 680, in <module>
    main()
  File "C:\scripts\1repo\run_mvp.py", line 652, in main
    results = orchestrator.run_single(
  File "C:\scripts\1repo\run_mvp.py", line 226, in run_single
    stage_result = self._run_stage(stage, current_input)
  File "C:\scripts\1repo\run_mvp.py", line 419, in _run_stage
    return processor.process_dataset(input_path, output_dir)
  File "C:\scripts\1repo\am_structure_detect.py", line 309, in process_dataset
    self.quality_tracker.track('structure_detect', input_path.name, metrics)
  File "C:\scripts\1repo\quality_tracker.py", line 171, in track
    logger.info(f"\u2713 Quality thresholds passed for {stage}")
Message: '\u2713 Quality thresholds passed for structure_detect'
Arguments: ()
2025-11-01 01:15:19,762 - quality_tracker - INFO - Completed: track_quality (0.00s)
2025-11-01 01:15:19,762 - am_structure_detect - INFO - Saved: baza-znanij-safe®-russia.dataset.jsonl
2025-11-01 01:15:19,762 - __main__ - ERROR - Validation failed: Unknown stage: structure_detect
2025-11-01 01:15:19,762 - __main__ - WARNING - Validation issues: 1 errors
2025-11-01 01:15:19,762 - __main__ - INFO - ============================================================
2025-11-01 01:15:19,763 - __main__ - INFO--- Logging error ---
Traceback (most recent call last):
  File "C:\Users\Dimon\AppData\Local\Programs\Python\Python313\Lib\logging\__init__.py", line 1154, in emit
    stream.write(msg + self.terminator)
    ~~~~~~~~~~~~^^^^^^^^^^^^^^^^^^^^^^^
  File "C:\Users\Dimon\AppData\Local\Programs\Python\Python313\Lib\site-packages\colorama\ansitowin32.py", line 47, in write
    self.__convertor.write(text)
    ~~~~~~~~~~~~~~~~~~~~~~^^^^^^
  File "C:\Users\Dimon\AppData\Local\Programs\Python\Python313\Lib\site-packages\colorama\ansitowin32.py", line 177, in write
    self.write_and_convert(text)
    ~~~~~~~~~~~~~~~~~~~~~~^^^^^^
  File "C:\Users\Dimon\AppData\Local\Programs\Python\Python313\Lib\site-packages\colorama\ansitowin32.py", line 205, in write_and_convert
    self.write_plain_text(text, cursor, len(text))
    ~~~~~~~~~~~~~~~~~~~~~^^^^^^^^^^^^^^^^^^^^^^^^^
  File "C:\Users\Dimon\AppData\Local\Programs\Python\Python313\Lib\site-packages\colorama\ansitowin32.py", line 210, in write_plain_text
    self.wrapped.write(text[start:end])
    ~~~~~~~~~~~~~~~~~~^^^^^^^^^^^^^^^^^
  File "C:\Users\Dimon\AppData\Local\Programs\Python\Python313\Lib\encodings\cp1251.py", line 19, in encode
    return codecs.charmap_encode(input,self.errors,encoding_table)[0]
           ~~~~~~~~~~~~~~~~~~~~~^^^^^^^^^^^^^^^^^^^^^^^^^^^^^^^^^^
UnicodeEncodeError: 'charmap' codec can't encode character '\U0001f4d6' in position 5: character maps to <undefined>
Call stack:
  File "C:\scripts\1repo\run_mvp.py", line 680, in <module>
    main()
  File "C:\scripts\1repo\run_mvp.py", line 652, in main
    results = orchestrator.run_single(
  File "C:\scripts\1repo\run_mvp.py", line 253, in run_single
    log_stage(logger, stage, "Completed")
  File "C:\scripts\1repo\am_logging.py", line 613, in log_stage
    log_section(logger, f"{emoji} {action}: {stage.upper()}", "INFO")
  File "C:\scripts\1repo\am_logging.py", line 588, in log_section
    log_func(f"  {title}")
Message: '  \U0001f4d6 Completed: STRUCTURE_DETECT'
Arguments: ()
2025-11-01 01:15:19,763 - __main__ - INFO - ============================================================
2025-11-01 01:15:19,763 - __main__ - INFO - ============================================================
2025-11-01 01:15:19,763 - __main__ - INFO--- Logging error ---
Traceback (most recent call last):
  File "C:\Users\Dimon\AppData\Local\Programs\Python\Python313\Lib\logging\__init__.py", line 1154, in emit
    stream.write(msg + self.terminator)
    ~~~~~~~~~~~~^^^^^^^^^^^^^^^^^^^^^^^
  File "C:\Users\Dimon\AppData\Local\Programs\Python\Python313\Lib\site-packages\colorama\ansitowin32.py", line 47, in write
    self.__convertor.write(text)
    ~~~~~~~~~~~~~~~~~~~~~~^^^^^^
  File "C:\Users\Dimon\AppData\Local\Programs\Python\Python313\Lib\site-packages\colorama\ansitowin32.py", line 177, in write
    self.write_and_convert(text)
    ~~~~~~~~~~~~~~~~~~~~~~^^^^^^
  File "C:\Users\Dimon\AppData\Local\Programs\Python\Python313\Lib\site-packages\colorama\ansitowin32.py", line 205, in write_and_convert
    self.write_plain_text(text, cursor, len(text))
    ~~~~~~~~~~~~~~~~~~~~~^^^^^^^^^^^^^^^^^^^^^^^^^
  File "C:\Users\Dimon\AppData\Local\Programs\Python\Python313\Lib\site-packages\colorama\ansitowin32.py", line 210, in write_plain_text
    self.wrapped.write(text[start:end])
    ~~~~~~~~~~~~~~~~~~^^^^^^^^^^^^^^^^^
  File "C:\Users\Dimon\AppData\Local\Programs\Python\Python313\Lib\encodings\cp1251.py", line 19, in encode
    return codecs.charmap_encode(input,self.errors,encoding_table)[0]
           ~~~~~~~~~~~~~~~~~~~~~^^^^^^^^^^^^^^^^^^^^^^^^^^^^^^^^^^
UnicodeEncodeError: 'charmap' codec can't encode character '\U0001f4dd' in position 5: character maps to <undefined>
Call stack:
  File "C:\scripts\1repo\run_mvp.py", line 680, in <module>
    main()
  File "C:\scripts\1repo\run_mvp.py", line 652, in main
    results = orchestrator.run_single(
  File "C:\scripts\1repo\run_mvp.py", line 222, in run_single
    log_stage(logger, stage, "Starting")
  File "C:\scripts\1repo\am_logging.py", line 613, in log_stage
    log_section(logger, f"{emoji} {action}: {stage.upper()}", "INFO")
  File "C:\scripts\1repo\am_logging.py", line 588, in log_section
    log_func(f"  {title}")
Message: '  \U0001f4dd Starting: SUMMARIZE'
Arguments: ()
2025-11-01 01:15:19,764 - __main__ - INFO - ============================================================
2025-11-01 01:15:19,764 - am_common - INFO - Loading config: config\batch_full.yaml
2025-11-01 01:15:19,778 - am_common - INFO - Config loaded successfully
2025-11-01 01:15:19,778 - am_summarize - INFO - Processing: baza-znanij-safe®-russia.dataset.jsonl
2025-11-01 01:15:19,778 - am_common - INFO - Loading dataset: C:\scripts\1repo\data\datasets\structured\baza-znanij-safe®-russia.dataset.jsonl
2025-11-01 01:15:19,787 - am_common - INFO - Loaded: 86 cards from baza-znanij-safe®-russia.dataset.jsonl
2025-11-01 01:15:19,817 - am_summarize - INFO - Summarized 86 pages, skipped 0
2025-11-01 01:15:19,818 - am_common - INFO - Saving dataset: C:\scripts\1repo\data\datasets\summarized\baza-znanij-safe®-russia.dataset.jsonl (86 cards)
2025-11-01 01:15:19,820 - am_common - INFO - Saved: 86 cards to baza-znanij-safe®-russia.dataset.jsonl (292.92 KB)
2025-11-01 01:15:19,820 - quality_tracker - INFO - Starting: track_quality
2025-11-01 01:15:19,821 - quality_tracker - INFO - summarize metrics:
2025-11-01 01:15:19,821 - quality_tracker - INFO -   total_pages: 86
2025-11-01 01:15:19,821 - quality_tracker - INFO -   summarized_pages: 86
2025-11-01 01:15:19,821 - quality_tracker - INFO -   skipped_pages: 0
2025-11-01 01:15:19,821 - quality_tracker - INFO -   summary_coverage: 1.0000
2025-11-01 01:15:19,821 - quality_tracker - INFO -   avg_l1_length: 256.8488
2025-11-01 01:15:19,821 - quality_tracker - INFO -   avg_l2_length: 658.6047
2025-11-01 01:15:19,821 - quality_tracker - INFO -   avg_compression_ratio: 4.6500
2025-11-01 01:15:19,821 - quality_tracker - INFO--- Logging error ---
Traceback (most recent call last):
  File "C:\Users\Dimon\AppData\Local\Programs\Python\Python313\Lib\logging\__init__.py", line 1154, in emit
    stream.write(msg + self.terminator)
    ~~~~~~~~~~~~^^^^^^^^^^^^^^^^^^^^^^^
  File "C:\Users\Dimon\AppData\Local\Programs\Python\Python313\Lib\site-packages\colorama\ansitowin32.py", line 47, in write
    self.__convertor.write(text)
    ~~~~~~~~~~~~~~~~~~~~~~^^^^^^
  File "C:\Users\Dimon\AppData\Local\Programs\Python\Python313\Lib\site-packages\colorama\ansitowin32.py", line 177, in write
    self.write_and_convert(text)
    ~~~~~~~~~~~~~~~~~~~~~~^^^^^^
  File "C:\Users\Dimon\AppData\Local\Programs\Python\Python313\Lib\site-packages\colorama\ansitowin32.py", line 205, in write_and_convert
    self.write_plain_text(text, cursor, len(text))
    ~~~~~~~~~~~~~~~~~~~~~^^^^^^^^^^^^^^^^^^^^^^^^^
  File "C:\Users\Dimon\AppData\Local\Programs\Python\Python313\Lib\site-packages\colorama\ansitowin32.py", line 210, in write_plain_text
    self.wrapped.write(text[start:end])
    ~~~~~~~~~~~~~~~~~~^^^^^^^^^^^^^^^^^
  File "C:\Users\Dimon\AppData\Local\Programs\Python\Python313\Lib\encodings\cp1251.py", line 19, in encode
    return codecs.charmap_encode(input,self.errors,encoding_table)[0]
           ~~~~~~~~~~~~~~~~~~~~~^^^^^^^^^^^^^^^^^^^^^^^^^^^^^^^^^^
UnicodeEncodeError: 'charmap' codec can't encode character '\u2713' in position 3: character maps to <undefined>
Call stack:
  File "C:\scripts\1repo\run_mvp.py", line 680, in <module>
    main()
  File "C:\scripts\1repo\run_mvp.py", line 652, in main
    results = orchestrator.run_single(
  File "C:\scripts\1repo\run_mvp.py", line 226, in run_single
    stage_result = self._run_stage(stage, current_input)
  File "C:\scripts\1repo\run_mvp.py", line 419, in _run_stage
    return processor.process_dataset(input_path, output_dir)
  File "C:\scripts\1repo\am_summarize.py", line 281, in process_dataset
    self.quality_tracker.track('summarize', input_path.name, metrics)
  File "C:\scripts\1repo\quality_tracker.py", line 171, in track
    logger.info(f"\u2713 Quality thresholds passed for {stage}")
Message: '\u2713 Quality thresholds passed for summarize'
Arguments: ()
2025-11-01 01:15:19,822 - quality_tracker - INFO - Completed: track_quality (0.00s)
2025-11-01 01:15:19,822 - am_summarize - INFO - Saved: baza-znanij-safe®-russia.dataset.jsonl
2025-11-01 01:15:19,822 - __main__ - ERROR - Validation failed: Unknown stage: summarize
2025-11-01 01:15:19,822 - __main__ - WARNING - Validation issues: 1 errors
2025-11-01 01:15:19,822 - __main__ - INFO - ============================================================
2025-11-01 01:15:19,822 - __main__ - INFO--- Logging error ---
Traceback (most recent call last):
  File "C:\Users\Dimon\AppData\Local\Programs\Python\Python313\Lib\logging\__init__.py", line 1154, in emit
    stream.write(msg + self.terminator)
    ~~~~~~~~~~~~^^^^^^^^^^^^^^^^^^^^^^^
  File "C:\Users\Dimon\AppData\Local\Programs\Python\Python313\Lib\site-packages\colorama\ansitowin32.py", line 47, in write
    self.__convertor.write(text)
    ~~~~~~~~~~~~~~~~~~~~~~^^^^^^
  File "C:\Users\Dimon\AppData\Local\Programs\Python\Python313\Lib\site-packages\colorama\ansitowin32.py", line 177, in write
    self.write_and_convert(text)
    ~~~~~~~~~~~~~~~~~~~~~~^^^^^^
  File "C:\Users\Dimon\AppData\Local\Programs\Python\Python313\Lib\site-packages\colorama\ansitowin32.py", line 205, in write_and_convert
    self.write_plain_text(text, cursor, len(text))
    ~~~~~~~~~~~~~~~~~~~~~^^^^^^^^^^^^^^^^^^^^^^^^^
  File "C:\Users\Dimon\AppData\Local\Programs\Python\Python313\Lib\site-packages\colorama\ansitowin32.py", line 210, in write_plain_text
    self.wrapped.write(text[start:end])
    ~~~~~~~~~~~~~~~~~~^^^^^^^^^^^^^^^^^
  File "C:\Users\Dimon\AppData\Local\Programs\Python\Python313\Lib\encodings\cp1251.py", line 19, in encode
    return codecs.charmap_encode(input,self.errors,encoding_table)[0]
           ~~~~~~~~~~~~~~~~~~~~~^^^^^^^^^^^^^^^^^^^^^^^^^^^^^^^^^^
UnicodeEncodeError: 'charmap' codec can't encode character '\U0001f4dd' in position 5: character maps to <undefined>
Call stack:
  File "C:\scripts\1repo\run_mvp.py", line 680, in <module>
    main()
  File "C:\scripts\1repo\run_mvp.py", line 652, in main
    results = orchestrator.run_single(
  File "C:\scripts\1repo\run_mvp.py", line 253, in run_single
    log_stage(logger, stage, "Completed")
  File "C:\scripts\1repo\am_logging.py", line 613, in log_stage
    log_section(logger, f"{emoji} {action}: {stage.upper()}", "INFO")
  File "C:\scripts\1repo\am_logging.py", line 588, in log_section
    log_func(f"  {title}")
Message: '  \U0001f4dd Completed: SUMMARIZE'
Arguments: ()
2025-11-01 01:15:19,823 - __main__ - INFO - ============================================================
2025-11-01 01:15:19,823 - __main__ - INFO - ============================================================
2025-11-01 01:15:19,823 - __main__ - INFO--- Logging error ---
Traceback (most recent call last):
  File "C:\Users\Dimon\AppData\Local\Programs\Python\Python313\Lib\logging\__init__.py", line 1154, in emit
    stream.write(msg + self.terminator)
    ~~~~~~~~~~~~^^^^^^^^^^^^^^^^^^^^^^^
  File "C:\Users\Dimon\AppData\Local\Programs\Python\Python313\Lib\site-packages\colorama\ansitowin32.py", line 47, in write
    self.__convertor.write(text)
    ~~~~~~~~~~~~~~~~~~~~~~^^^^^^
  File "C:\Users\Dimon\AppData\Local\Programs\Python\Python313\Lib\site-packages\colorama\ansitowin32.py", line 177, in write
    self.write_and_convert(text)
    ~~~~~~~~~~~~~~~~~~~~~~^^^^^^
  File "C:\Users\Dimon\AppData\Local\Programs\Python\Python313\Lib\site-packages\colorama\ansitowin32.py", line 205, in write_and_convert
    self.write_plain_text(text, cursor, len(text))
    ~~~~~~~~~~~~~~~~~~~~~^^^^^^^^^^^^^^^^^^^^^^^^^
  File "C:\Users\Dimon\AppData\Local\Programs\Python\Python313\Lib\site-packages\colorama\ansitowin32.py", line 210, in write_plain_text
    self.wrapped.write(text[start:end])
    ~~~~~~~~~~~~~~~~~~^^^^^^^^^^^^^^^^^
  File "C:\Users\Dimon\AppData\Local\Programs\Python\Python313\Lib\encodings\cp1251.py", line 19, in encode
    return codecs.charmap_encode(input,self.errors,encoding_table)[0]
           ~~~~~~~~~~~~~~~~~~~~~^^^^^^^^^^^^^^^^^^^^^^^^^^^^^^^^^^
UnicodeEncodeError: 'charmap' codec can't encode character '\U0001f916' in position 5: character maps to <undefined>
Call stack:
  File "C:\scripts\1repo\run_mvp.py", line 680, in <module>
    main()
  File "C:\scripts\1repo\run_mvp.py", line 652, in main
    results = orchestrator.run_single(
  File "C:\scripts\1repo\run_mvp.py", line 222, in run_single
    log_stage(logger, stage, "Starting")
  File "C:\scripts\1repo\am_logging.py", line 613, in log_stage
    log_section(logger, f"{emoji} {action}: {stage.upper()}", "INFO")
  File "C:\scripts\1repo\am_logging.py", line 588, in log_section
    log_func(f"  {title}")
Message: '  \U0001f916 Starting: EXTENDED'
Arguments: ()
2025-11-01 01:15:19,824 - __main__ - INFO - ============================================================
2025-11-01 01:15:19,824 - am_common - INFO - Loading config: config\batch_full.yaml
2025-11-01 01:15:19,838 - am_common - INFO - Config loaded successfully
2025-11-01 01:15:19,856 - am_extended - INFO - Ollama available, using model: llama3.2:3b
2025-11-01 01:15:19,856 - am_extended - INFO - Processing: baza-znanij-safe®-russia.dataset.jsonl
2025-11-01 01:15:19,856 - am_common - INFO - Loading dataset: C:\scripts\1repo\data\datasets\summarized\baza-znanij-safe®-russia.dataset.jsonl
2025-11-01 01:15:19,866 - am_common - INFO - Loaded: 86 cards from baza-znanij-safe®-russia.dataset.jsonl
2025-11-01 01:15:19,868 - am_extended - INFO - Marked 0 duplicate pages
2025-11-01 01:15:19,873 - am_extended - INFO - Found 3 continuity gaps
2025-11-01 01:15:19,873 - am_extended - INFO - Extracting extended fields (this may take a while)...
2025-11-01 01:15:19,903 - am_extended - ERROR - Ollama API error: 404
2025-11-01 01:15:19,933 - am_extended - ERROR - Ollama API error: 404
2025-11-01 01:15:19,964 - am_extended - ERROR - Ollama API error: 404
2025-11-01 01:15:19,995 - am_extended - ERROR - Ollama API error: 404
2025-11-01 01:15:20,025 - am_extended - ERROR - Ollama API error: 404
2025-11-01 01:15:20,056 - am_extended - ERROR - Ollama API error: 404
2025-11-01 01:15:20,088 - am_extended - ERROR - Ollama API error: 404
2025-11-01 01:15:20,118 - am_extended - ERROR - Ollama API error: 404
2025-11-01 01:15:20,133 - am_extended - ERROR - Ollama API error: 404
2025-11-01 01:15:20,163 - am_extended - ERROR - Ollama API error: 404
2025-11-01 01:15:20,163 - am_extended - INFO -   Processed 10/86 pages
2025-11-01 01:15:20,194 - am_extended - ERROR - Ollama API error: 404
2025-11-01 01:15:20,224 - am_extended - ERROR - Ollama API error: 404
2025-11-01 01:15:20,255 - am_extended - ERROR - Ollama API error: 404
2025-11-01 01:15:20,285 - am_extended - ERROR - Ollama API error: 404
2025-11-01 01:15:20,317 - am_extended - ERROR - Ollama API error: 404
2025-11-01 01:15:20,348 - am_extended - ERROR - Ollama API error: 404
2025-11-01 01:15:20,378 - am_extended - ERROR - Ollama API error: 404
2025-11-01 01:15:20,409 - am_extended - ERROR - Ollama API error: 404
2025-11-01 01:15:20,440 - am_extended - ERROR - Ollama API error: 404
2025-11-01 01:15:20,470 - am_extended - ERROR - Ollama API error: 404
2025-11-01 01:15:20,470 - am_extended - INFO -   Processed 20/86 pages
2025-11-01 01:15:20,500 - am_extended - ERROR - Ollama API error: 404
2025-11-01 01:15:20,516 - am_extended - ERROR - Ollama API error: 404
2025-11-01 01:15:20,546 - am_extended - ERROR - Ollama API error: 404
2025-11-01 01:15:20,577 - am_extended - ERROR - Ollama API error: 404
2025-11-01 01:15:20,607 - am_extended - ERROR - Ollama API error: 404
2025-11-01 01:15:20,638 - am_extended - ERROR - Ollama API error: 404
2025-11-01 01:15:20,670 - am_extended - ERROR - Ollama API error: 404
2025-11-01 01:15:20,701 - am_extended - ERROR - Ollama API error: 404
2025-11-01 01:15:20,731 - am_extended - ERROR - Ollama API error: 404
2025-11-01 01:15:20,762 - am_extended - ERROR - Ollama API error: 404
2025-11-01 01:15:20,762 - am_extended - INFO -   Processed 30/86 pages
2025-11-01 01:15:20,793 - am_extended - ERROR - Ollama API error: 404
2025-11-01 01:15:20,824 - am_extended - ERROR - Ollama API error: 404
2025-11-01 01:15:20,854 - am_extended - ERROR - Ollama API error: 404
2025-11-01 01:15:20,884 - am_extended - ERROR - Ollama API error: 404
2025-11-01 01:15:20,915 - am_extended - ERROR - Ollama API error: 404
2025-11-01 01:15:20,930 - am_extended - ERROR - Ollama API error: 404
2025-11-01 01:15:20,945 - am_extended - ERROR - Ollama API error: 404
2025-11-01 01:15:20,976 - am_extended - ERROR - Ollama API error: 404
2025-11-01 01:15:21,007 - am_extended - ERROR - Ollama API error: 404
2025-11-01 01:15:21,022 - am_extended - ERROR - Ollama API error: 404
2025-11-01 01:15:21,023 - am_extended - INFO -   Processed 40/86 pages
2025-11-01 01:15:21,053 - am_extended - ERROR - Ollama API error: 404
2025-11-01 01:15:21,068 - am_extended - ERROR - Ollama API error: 404
2025-11-01 01:15:21,098 - am_extended - ERROR - Ollama API error: 404
2025-11-01 01:15:21,129 - am_extended - ERROR - Ollama API error: 404
2025-11-01 01:15:21,145 - am_extended - ERROR - Ollama API error: 404
2025-11-01 01:15:21,174 - am_extended - ERROR - Ollama API error: 404
2025-11-01 01:15:21,190 - am_extended - ERROR - Ollama API error: 404
2025-11-01 01:15:21,220 - am_extended - ERROR - Ollama API error: 404
2025-11-01 01:15:21,251 - am_extended - ERROR - Ollama API error: 404
2025-11-01 01:15:21,283 - am_extended - ERROR - Ollama API error: 404
2025-11-01 01:15:21,283 - am_extended - INFO -   Processed 50/86 pages
2025-11-01 01:15:21,312 - am_extended - ERROR - Ollama API error: 404
2025-11-01 01:15:21,344 - am_extended - ERROR - Ollama API error: 404
2025-11-01 01:15:21,375 - am_extended - ERROR - Ollama API error: 404
2025-11-01 01:15:21,406 - am_extended - ERROR - Ollama API error: 404
2025-11-01 01:15:21,439 - am_extended - ERROR - Ollama API error: 404
2025-11-01 01:15:21,455 - am_extended - ERROR - Ollama API error: 404
2025-11-01 01:15:21,485 - am_extended - ERROR - Ollama API error: 404
2025-11-01 01:15:21,516 - am_extended - ERROR - Ollama API error: 404
2025-11-01 01:15:21,547 - am_extended - ERROR - Ollama API error: 404
2025-11-01 01:15:21,577 - am_extended - ERROR - Ollama API error: 404
2025-11-01 01:15:21,578 - am_extended - INFO -   Processed 60/86 pages
2025-11-01 01:15:21,608 - am_extended - ERROR - Ollama API error: 404
2025-11-01 01:15:21,624 - am_extended - ERROR - Ollama API error: 404
2025-11-01 01:15:21,640 - am_extended - ERROR - Ollama API error: 404
2025-11-01 01:15:21,672 - am_extended - ERROR - Ollama API error: 404
2025-11-01 01:15:21,688 - am_extended - ERROR - Ollama API error: 404
2025-11-01 01:15:21,719 - am_extended - ERROR - Ollama API error: 404
2025-11-01 01:15:21,722 - am_extended - ERROR - Ollama API error: 404
2025-11-01 01:15:21,750 - am_extended - ERROR - Ollama API error: 404
2025-11-01 01:15:21,781 - am_extended - ERROR - Ollama API error: 404
2025-11-01 01:15:21,811 - am_extended - ERROR - Ollama API error: 404
2025-11-01 01:15:21,812 - am_extended - INFO -   Processed 70/86 pages
2025-11-01 01:15:21,843 - am_extended - ERROR - Ollama API error: 404
2025-11-01 01:15:21,858 - am_extended - ERROR - Ollama API error: 404
2025-11-01 01:15:21,889 - am_extended - ERROR - Ollama API error: 404
2025-11-01 01:15:21,905 - am_extended - ERROR - Ollama API error: 404
2025-11-01 01:15:21,936 - am_extended - ERROR - Ollama API error: 404
2025-11-01 01:15:21,967 - am_extended - ERROR - Ollama API error: 404
2025-11-01 01:15:21,982 - am_extended - ERROR - Ollama API error: 404
2025-11-01 01:15:22,013 - am_extended - ERROR - Ollama API error: 404
2025-11-01 01:15:22,043 - am_extended - ERROR - Ollama API error: 404
2025-11-01 01:15:22,074 - am_extended - ERROR - Ollama API error: 404
2025-11-01 01:15:22,075 - am_extended - INFO -   Processed 80/86 pages
2025-11-01 01:15:22,090 - am_extended - ERROR - Ollama API error: 404
2025-11-01 01:15:22,120 - am_extended - ERROR - Ollama API error: 404
2025-11-01 01:15:22,150 - am_extended - ERROR - Ollama API error: 404
2025-11-01 01:15:22,180 - am_extended - ERROR - Ollama API error: 404
2025-11-01 01:15:22,211 - am_extended - ERROR - Ollama API error: 404
2025-11-01 01:15:22,242 - am_extended - ERROR - Ollama API error: 404
2025-11-01 01:15:22,242 - am_extended - INFO - Extracted extended fields for 86 pages
2025-11-01 01:15:22,242 - am_common - INFO - Saving dataset: C:\scripts\1repo\data\datasets\extended\baza-znanij-safe®-russia.dataset.jsonl (86 cards)
2025-11-01 01:15:22,245 - am_common - INFO - Saved: 86 cards to baza-znanij-safe®-russia.dataset.jsonl (325.17 KB)
2025-11-01 01:15:22,245 - quality_tracker - INFO - Starting: track_quality
2025-11-01 01:15:22,246 - quality_tracker - INFO - extended metrics:
2025-11-01 01:15:22,246 - quality_tracker - INFO -   total_cards: 86
2025-11-01 01:15:22,246 - quality_tracker - INFO -   duplicates_found: 0
2025-11-01 01:15:22,246 - quality_tracker - INFO -   duplicate_ratio: 0.0000
2025-11-01 01:15:22,246 - quality_tracker - INFO -   continuity_gaps: 3
2025-11-01 01:15:22,246 - quality_tracker - INFO -   continuity_gap_ratio: 0.0353
2025-11-01 01:15:22,246 - quality_tracker - INFO -   avg_overlap: 0.1830
2025-11-01 01:15:22,246 - quality_tracker - INFO -   extended_fields_extracted: 86
2025-11-01 01:15:22,247 - quality_tracker - INFO -   extraction_coverage: 1.0000
2025-11-01 01:15:22,247 - quality_tracker - INFO -   lm_extraction_count: 0
2025-11-01 01:15:22,247 - quality_tracker - INFO -   lm_extraction_ratio: 0.0000
2025-11-01 01:15:22,247 - quality_tracker - INFO--- Logging error ---
Traceback (most recent call last):
  File "C:\Users\Dimon\AppData\Local\Programs\Python\Python313\Lib\logging\__init__.py", line 1154, in emit
    stream.write(msg + self.terminator)
    ~~~~~~~~~~~~^^^^^^^^^^^^^^^^^^^^^^^
  File "C:\Users\Dimon\AppData\Local\Programs\Python\Python313\Lib\site-packages\colorama\ansitowin32.py", line 47, in write
    self.__convertor.write(text)
    ~~~~~~~~~~~~~~~~~~~~~~^^^^^^
  File "C:\Users\Dimon\AppData\Local\Programs\Python\Python313\Lib\site-packages\colorama\ansitowin32.py", line 177, in write
    self.write_and_convert(text)
    ~~~~~~~~~~~~~~~~~~~~~~^^^^^^
  File "C:\Users\Dimon\AppData\Local\Programs\Python\Python313\Lib\site-packages\colorama\ansitowin32.py", line 205, in write_and_convert
    self.write_plain_text(text, cursor, len(text))
    ~~~~~~~~~~~~~~~~~~~~~^^^^^^^^^^^^^^^^^^^^^^^^^
  File "C:\Users\Dimon\AppData\Local\Programs\Python\Python313\Lib\site-packages\colorama\ansitowin32.py", line 210, in write_plain_text
    self.wrapped.write(text[start:end])
    ~~~~~~~~~~~~~~~~~~^^^^^^^^^^^^^^^^^
  File "C:\Users\Dimon\AppData\Local\Programs\Python\Python313\Lib\encodings\cp1251.py", line 19, in encode
    return codecs.charmap_encode(input,self.errors,encoding_table)[0]
           ~~~~~~~~~~~~~~~~~~~~~^^^^^^^^^^^^^^^^^^^^^^^^^^^^^^^^^^
UnicodeEncodeError: 'charmap' codec can't encode character '\u2713' in position 3: character maps to <undefined>
Call stack:
  File "C:\scripts\1repo\run_mvp.py", line 680, in <module>
    main()
  File "C:\scripts\1repo\run_mvp.py", line 652, in main
    results = orchestrator.run_single(
  File "C:\scripts\1repo\run_mvp.py", line 226, in run_single
    stage_result = self._run_stage(stage, current_input)
  File "C:\scripts\1repo\run_mvp.py", line 419, in _run_stage
    return processor.process_dataset(input_path, output_dir)
  File "C:\scripts\1repo\am_extended.py", line 612, in process_dataset
    self.quality_tracker.track('extended', input_path.name, metrics)
  File "C:\scripts\1repo\quality_tracker.py", line 171, in track
    logger.info(f"\u2713 Quality thresholds passed for {stage}")
Message: '\u2713 Quality thresholds passed for extended'
Arguments: ()
2025-11-01 01:15:22,248 - quality_tracker - INFO - Completed: track_quality (0.00s)
2025-11-01 01:15:22,248 - am_extended - INFO - Saved: baza-znanij-safe®-russia.dataset.jsonl
2025-11-01 01:15:22,248 - validate - INFO - Validating extended: baza-znanij-safe®-russia.dataset.jsonl
2025-11-01 01:15:22,248 - am_common - INFO - Loading dataset: C:\scripts\1repo\data\datasets\extended\baza-znanij-safe®-russia.dataset.jsonl
2025-11-01 01:15:22,258 - am_common - INFO - Loaded: 86 cards from baza-znanij-safe®-russia.dataset.jsonl
2025-11-01 01:15:22,259 - validate - WARNING - [X] INVALID - baza-znanij-safe®-russia.dataset.jsonl (2 errors)
2025-11-01 01:15:22,259 - __main__ - WARNING - Validation issues: 2 errors, 86 warnings
2025-11-01 01:15:22,259 - __main__ - WARNING - Validation issues: 2 errors
2025-11-01 01:15:22,259 - __main__ - INFO - ============================================================
2025-11-01 01:15:22,259 - __main__ - INFO--- Logging error ---
Traceback (most recent call last):
  File "C:\Users\Dimon\AppData\Local\Programs\Python\Python313\Lib\logging\__init__.py", line 1154, in emit
    stream.write(msg + self.terminator)
    ~~~~~~~~~~~~^^^^^^^^^^^^^^^^^^^^^^^
  File "C:\Users\Dimon\AppData\Local\Programs\Python\Python313\Lib\site-packages\colorama\ansitowin32.py", line 47, in write
    self.__convertor.write(text)
    ~~~~~~~~~~~~~~~~~~~~~~^^^^^^
  File "C:\Users\Dimon\AppData\Local\Programs\Python\Python313\Lib\site-packages\colorama\ansitowin32.py", line 177, in write
    self.write_and_convert(text)
    ~~~~~~~~~~~~~~~~~~~~~~^^^^^^
  File "C:\Users\Dimon\AppData\Local\Programs\Python\Python313\Lib\site-packages\colorama\ansitowin32.py", line 205, in write_and_convert
    self.write_plain_text(text, cursor, len(text))
    ~~~~~~~~~~~~~~~~~~~~~^^^^^^^^^^^^^^^^^^^^^^^^^
  File "C:\Users\Dimon\AppData\Local\Programs\Python\Python313\Lib\site-packages\colorama\ansitowin32.py", line 210, in write_plain_text
    self.wrapped.write(text[start:end])
    ~~~~~~~~~~~~~~~~~~^^^^^^^^^^^^^^^^^
  File "C:\Users\Dimon\AppData\Local\Programs\Python\Python313\Lib\encodings\cp1251.py", line 19, in encode
    return codecs.charmap_encode(input,self.errors,encoding_table)[0]
           ~~~~~~~~~~~~~~~~~~~~~^^^^^^^^^^^^^^^^^^^^^^^^^^^^^^^^^^
UnicodeEncodeError: 'charmap' codec can't encode character '\U0001f916' in position 5: character maps to <undefined>
Call stack:
  File "C:\scripts\1repo\run_mvp.py", line 680, in <module>
    main()
  File "C:\scripts\1repo\run_mvp.py", line 652, in main
    results = orchestrator.run_single(
  File "C:\scripts\1repo\run_mvp.py", line 253, in run_single
    log_stage(logger, stage, "Completed")
  File "C:\scripts\1repo\am_logging.py", line 613, in log_stage
    log_section(logger, f"{emoji} {action}: {stage.upper()}", "INFO")
  File "C:\scripts\1repo\am_logging.py", line 588, in log_section
    log_func(f"  {title}")
Message: '  \U0001f916 Completed: EXTENDED'
Arguments: ()
2025-11-01 01:15:22,260 - __main__ - INFO - ============================================================
2025-11-01 01:15:22,260 - __main__ - INFO - ============================================================
2025-11-01 01:15:22,260 - __main__ - INFO--- Logging error ---
Traceback (most recent call last):
  File "C:\Users\Dimon\AppData\Local\Programs\Python\Python313\Lib\logging\__init__.py", line 1154, in emit
    stream.write(msg + self.terminator)
    ~~~~~~~~~~~~^^^^^^^^^^^^^^^^^^^^^^^
  File "C:\Users\Dimon\AppData\Local\Programs\Python\Python313\Lib\site-packages\colorama\ansitowin32.py", line 47, in write
    self.__convertor.write(text)
    ~~~~~~~~~~~~~~~~~~~~~~^^^^^^
  File "C:\Users\Dimon\AppData\Local\Programs\Python\Python313\Lib\site-packages\colorama\ansitowin32.py", line 177, in write
    self.write_and_convert(text)
    ~~~~~~~~~~~~~~~~~~~~~~^^^^^^
  File "C:\Users\Dimon\AppData\Local\Programs\Python\Python313\Lib\site-packages\colorama\ansitowin32.py", line 205, in write_and_convert
    self.write_plain_text(text, cursor, len(text))
    ~~~~~~~~~~~~~~~~~~~~~^^^^^^^^^^^^^^^^^^^^^^^^^
  File "C:\Users\Dimon\AppData\Local\Programs\Python\Python313\Lib\site-packages\colorama\ansitowin32.py", line 210, in write_plain_text
    self.wrapped.write(text[start:end])
    ~~~~~~~~~~~~~~~~~~^^^^^^^^^^^^^^^^^
  File "C:\Users\Dimon\AppData\Local\Programs\Python\Python313\Lib\encodings\cp1251.py", line 19, in encode
    return codecs.charmap_encode(input,self.errors,encoding_table)[0]
           ~~~~~~~~~~~~~~~~~~~~~^^^^^^^^^^^^^^^^^^^^^^^^^^^^^^^^^^
UnicodeEncodeError: 'charmap' codec can't encode character '\u2705' in position 5: character maps to <undefined>
Call stack:
  File "C:\scripts\1repo\run_mvp.py", line 680, in <module>
    main()
  File "C:\scripts\1repo\run_mvp.py", line 652, in main
    results = orchestrator.run_single(
  File "C:\scripts\1repo\run_mvp.py", line 222, in run_single
    log_stage(logger, stage, "Starting")
  File "C:\scripts\1repo\am_logging.py", line 613, in log_stage
    log_section(logger, f"{emoji} {action}: {stage.upper()}", "INFO")
  File "C:\scripts\1repo\am_logging.py", line 588, in log_section
    log_func(f"  {title}")
Message: '  \u2705 Starting: FINALIZE'
Arguments: ()
2025-11-01 01:15:22,260 - __main__ - INFO - ============================================================
2025-11-01 01:15:22,260 - am_common - INFO - Loading config: config\batch_full.yaml
2025-11-01 01:15:22,275 - am_common - INFO - Config loaded successfully
2025-11-01 01:15:22,275 - am_finalize - INFO - Processing: baza-znanij-safe®-russia.dataset.jsonl
2025-11-01 01:15:22,275 - am_common - INFO - Loading dataset: C:\scripts\1repo\data\datasets\extended\baza-znanij-safe®-russia.dataset.jsonl
2025-11-01 01:15:22,277 - am_common - INFO - Loaded: 86 cards from baza-znanij-safe®-russia.dataset.jsonl
2025-11-01 01:15:22,277 - am_common - INFO - Saving dataset: C:\scripts\1repo\data\datasets\final\baza-znanij-safe®-russia.dataset.jsonl (86 cards)
2025-11-01 01:15:22,280 - am_common - INFO - Saved: 86 cards to baza-znanij-safe®-russia.dataset.jsonl (318.05 KB)
2025-11-01 01:15:22,280 - quality_tracker - INFO - Starting: track_quality
2025-11-01 01:15:22,281 - quality_tracker - INFO - finalize metrics:
2025-11-01 01:15:22,281 - quality_tracker - INFO -   total_cards: 86
2025-11-01 01:15:22,281 - quality_tracker - INFO -   validation_errors: 0
2025-11-01 01:15:22,281 - quality_tracker - INFO -   validation_warnings: 2
2025-11-01 01:15:22,281 - quality_tracker - INFO -   avg_completeness: 0.3980
2025-11-01 01:15:22,281 - quality_tracker - INFO -   cards_with_structure: 0
2025-11-01 01:15:22,281 - quality_tracker - INFO -   structure_coverage: 0.0000
2025-11-01 01:15:22,281 - quality_tracker - INFO -   cards_with_summaries: 86
2025-11-01 01:15:22,281 - quality_tracker - INFO -   summary_coverage: 1.0000
2025-11-01 01:15:22,281 - quality_tracker - INFO--- Logging error ---
Traceback (most recent call last):
  File "C:\Users\Dimon\AppData\Local\Programs\Python\Python313\Lib\logging\__init__.py", line 1154, in emit
    stream.write(msg + self.terminator)
    ~~~~~~~~~~~~^^^^^^^^^^^^^^^^^^^^^^^
  File "C:\Users\Dimon\AppData\Local\Programs\Python\Python313\Lib\site-packages\colorama\ansitowin32.py", line 47, in write
    self.__convertor.write(text)
    ~~~~~~~~~~~~~~~~~~~~~~^^^^^^
  File "C:\Users\Dimon\AppData\Local\Programs\Python\Python313\Lib\site-packages\colorama\ansitowin32.py", line 177, in write
    self.write_and_convert(text)
    ~~~~~~~~~~~~~~~~~~~~~~^^^^^^
  File "C:\Users\Dimon\AppData\Local\Programs\Python\Python313\Lib\site-packages\colorama\ansitowin32.py", line 205, in write_and_convert
    self.write_plain_text(text, cursor, len(text))
    ~~~~~~~~~~~~~~~~~~~~~^^^^^^^^^^^^^^^^^^^^^^^^^
  File "C:\Users\Dimon\AppData\Local\Programs\Python\Python313\Lib\site-packages\colorama\ansitowin32.py", line 210, in write_plain_text
    self.wrapped.write(text[start:end])
    ~~~~~~~~~~~~~~~~~~^^^^^^^^^^^^^^^^^
  File "C:\Users\Dimon\AppData\Local\Programs\Python\Python313\Lib\encodings\cp1251.py", line 19, in encode
    return codecs.charmap_encode(input,self.errors,encoding_table)[0]
           ~~~~~~~~~~~~~~~~~~~~~^^^^^^^^^^^^^^^^^^^^^^^^^^^^^^^^^^
UnicodeEncodeError: 'charmap' codec can't encode character '\u2713' in position 3: character maps to <undefined>
Call stack:
  File "C:\scripts\1repo\run_mvp.py", line 680, in <module>
    main()
  File "C:\scripts\1repo\run_mvp.py", line 652, in main
    results = orchestrator.run_single(
  File "C:\scripts\1repo\run_mvp.py", line 226, in run_single
    stage_result = self._run_stage(stage, current_input)
  File "C:\scripts\1repo\run_mvp.py", line 419, in _run_stage
    return processor.process_dataset(input_path, output_dir)
  File "C:\scripts\1repo\am_finalize.py", line 278, in process_dataset
    self.quality_tracker.track('finalize', input_path.name, metrics)
  File "C:\scripts\1repo\quality_tracker.py", line 171, in track
    logger.info(f"\u2713 Quality thresholds passed for {stage}")
Message: '\u2713 Quality thresholds passed for finalize'
Arguments: ()
2025-11-01 01:15:22,282 - quality_tracker - INFO - Completed: track_quality (0.00s)
2025-11-01 01:15:22,282 - am_finalize - INFO - Saved: baza-znanij-safe®-russia.dataset.jsonl
2025-11-01 01:15:22,282 - __main__ - ERROR - Validation failed: Unknown stage: finalize
2025-11-01 01:15:22,282 - __main__ - WARNING - Validation issues: 1 errors
2025-11-01 01:15:22,282 - __main__ - INFO - ============================================================
2025-11-01 01:15:22,282 - __main__ - INFO--- Logging error ---
Traceback (most recent call last):
  File "C:\Users\Dimon\AppData\Local\Programs\Python\Python313\Lib\logging\__init__.py", line 1154, in emit
    stream.write(msg + self.terminator)
    ~~~~~~~~~~~~^^^^^^^^^^^^^^^^^^^^^^^
  File "C:\Users\Dimon\AppData\Local\Programs\Python\Python313\Lib\site-packages\colorama\ansitowin32.py", line 47, in write
    self.__convertor.write(text)
    ~~~~~~~~~~~~~~~~~~~~~~^^^^^^
  File "C:\Users\Dimon\AppData\Local\Programs\Python\Python313\Lib\site-packages\colorama\ansitowin32.py", line 177, in write
    self.write_and_convert(text)
    ~~~~~~~~~~~~~~~~~~~~~~^^^^^^
  File "C:\Users\Dimon\AppData\Local\Programs\Python\Python313\Lib\site-packages\colorama\ansitowin32.py", line 205, in write_and_convert
    self.write_plain_text(text, cursor, len(text))
    ~~~~~~~~~~~~~~~~~~~~~^^^^^^^^^^^^^^^^^^^^^^^^^
  File "C:\Users\Dimon\AppData\Local\Programs\Python\Python313\Lib\site-packages\colorama\ansitowin32.py", line 210, in write_plain_text
    self.wrapped.write(text[start:end])
    ~~~~~~~~~~~~~~~~~~^^^^^^^^^^^^^^^^^
  File "C:\Users\Dimon\AppData\Local\Programs\Python\Python313\Lib\encodings\cp1251.py", line 19, in encode
    return codecs.charmap_encode(input,self.errors,encoding_table)[0]
           ~~~~~~~~~~~~~~~~~~~~~^^^^^^^^^^^^^^^^^^^^^^^^^^^^^^^^^^
UnicodeEncodeError: 'charmap' codec can't encode character '\u2705' in position 5: character maps to <undefined>
Call stack:
  File "C:\scripts\1repo\run_mvp.py", line 680, in <module>
    main()
  File "C:\scripts\1repo\run_mvp.py", line 652, in main
    results = orchestrator.run_single(
  File "C:\scripts\1repo\run_mvp.py", line 253, in run_single
    log_stage(logger, stage, "Completed")
  File "C:\scripts\1repo\am_logging.py", line 613, in log_stage
    log_section(logger, f"{emoji} {action}: {stage.upper()}", "INFO")
  File "C:\scripts\1repo\am_logging.py", line 588, in log_section
    log_func(f"  {title}")
Message: '  \u2705 Completed: FINALIZE'
Arguments: ()
2025-11-01 01:15:22,283 - __main__ - INFO - ============================================================
2025-11-01 01:15:22,283 - __main__ - INFO - ============================================================
2025-11-01 01:15:22,283 - __main__ - INFO--- Logging error ---
Traceback (most recent call last):
  File "C:\Users\Dimon\AppData\Local\Programs\Python\Python313\Lib\logging\__init__.py", line 1154, in emit
    stream.write(msg + self.terminator)
    ~~~~~~~~~~~~^^^^^^^^^^^^^^^^^^^^^^^
  File "C:\Users\Dimon\AppData\Local\Programs\Python\Python313\Lib\site-packages\colorama\ansitowin32.py", line 47, in write
    self.__convertor.write(text)
    ~~~~~~~~~~~~~~~~~~~~~~^^^^^^
  File "C:\Users\Dimon\AppData\Local\Programs\Python\Python313\Lib\site-packages\colorama\ansitowin32.py", line 177, in write
    self.write_and_convert(text)
    ~~~~~~~~~~~~~~~~~~~~~~^^^^^^
  File "C:\Users\Dimon\AppData\Local\Programs\Python\Python313\Lib\site-packages\colorama\ansitowin32.py", line 205, in write_and_convert
    self.write_plain_text(text, cursor, len(text))
    ~~~~~~~~~~~~~~~~~~~~~^^^^^^^^^^^^^^^^^^^^^^^^^
  File "C:\Users\Dimon\AppData\Local\Programs\Python\Python313\Lib\site-packages\colorama\ansitowin32.py", line 210, in write_plain_text
    self.wrapped.write(text[start:end])
    ~~~~~~~~~~~~~~~~~~^^^^^^^^^^^^^^^^^
  File "C:\Users\Dimon\AppData\Local\Programs\Python\Python313\Lib\encodings\cp1251.py", line 19, in encode
    return codecs.charmap_encode(input,self.errors,encoding_table)[0]
           ~~~~~~~~~~~~~~~~~~~~~^^^^^^^^^^^^^^^^^^^^^^^^^^^^^^^^^^
UnicodeEncodeError: 'charmap' codec can't encode character '\U0001f9e9' in position 5: character maps to <undefined>
Call stack:
  File "C:\scripts\1repo\run_mvp.py", line 680, in <module>
    main()
  File "C:\scripts\1repo\run_mvp.py", line 652, in main
    results = orchestrator.run_single(
  File "C:\scripts\1repo\run_mvp.py", line 222, in run_single
    log_stage(logger, stage, "Starting")
  File "C:\scripts\1repo\am_logging.py", line 613, in log_stage
    log_section(logger, f"{emoji} {action}: {stage.upper()}", "INFO")
  File "C:\scripts\1repo\am_logging.py", line 588, in log_section
    log_func(f"  {title}")
Message: '  \U0001f9e9 Starting: CHUNK'
Arguments: ()
2025-11-01 01:15:22,283 - __main__ - INFO - ============================================================
2025-11-01 01:15:22,284 - am_common - INFO - Loading config: config\batch_full.yaml
2025-11-01 01:15:22,298 - am_common - INFO - Config loaded successfully
2025-11-01 01:15:22,376 - am_chunk - INFO - Processing: baza-znanij-safe®-russia.dataset.jsonl
2025-11-01 01:15:22,376 - am_common - INFO - Loading dataset: C:\scripts\1repo\data\datasets\final\baza-znanij-safe®-russia.dataset.jsonl
2025-11-01 01:15:22,389 - am_common - INFO - Loaded: 86 cards from baza-znanij-safe®-russia.dataset.jsonl
2025-11-01 01:15:22,422 - am_chunk - INFO - Created 97 chunks from 86 pages
2025-11-01 01:15:22,425 - quality_tracker - INFO - Starting: track_quality
2025-11-01 01:15:22,425 - quality_tracker - INFO - chunk metrics:
2025-11-01 01:15:22,426 - quality_tracker - INFO -   total_chunks: 97
2025-11-01 01:15:22,426 - quality_tracker - INFO -   chunks_per_page: 1.1279
2025-11-01 01:15:22,426 - quality_tracker - INFO -   avg_chunk_tokens: 354.2268
2025-11-01 01:15:22,426 - quality_tracker - INFO -   min_chunk_tokens: 115
2025-11-01 01:15:22,426 - quality_tracker - INFO -   max_chunk_tokens: 524
2025-11-01 01:15:22,426 - quality_tracker - INFO -   token_distribution: {'0-100': 0, '100-300': 37, '300-512': 54, '512+': 6}
2025-11-01 01:15:22,426 - quality_tracker - INFO -   context_completeness: 1.0000
2025-11-01 01:15:22,426 - quality_tracker - INFO--- Logging error ---
Traceback (most recent call last):
  File "C:\Users\Dimon\AppData\Local\Programs\Python\Python313\Lib\logging\__init__.py", line 1154, in emit
    stream.write(msg + self.terminator)
    ~~~~~~~~~~~~^^^^^^^^^^^^^^^^^^^^^^^
  File "C:\Users\Dimon\AppData\Local\Programs\Python\Python313\Lib\site-packages\colorama\ansitowin32.py", line 47, in write
    self.__convertor.write(text)
    ~~~~~~~~~~~~~~~~~~~~~~^^^^^^
  File "C:\Users\Dimon\AppData\Local\Programs\Python\Python313\Lib\site-packages\colorama\ansitowin32.py", line 177, in write
    self.write_and_convert(text)
    ~~~~~~~~~~~~~~~~~~~~~~^^^^^^
  File "C:\Users\Dimon\AppData\Local\Programs\Python\Python313\Lib\site-packages\colorama\ansitowin32.py", line 205, in write_and_convert
    self.write_plain_text(text, cursor, len(text))
    ~~~~~~~~~~~~~~~~~~~~~^^^^^^^^^^^^^^^^^^^^^^^^^
  File "C:\Users\Dimon\AppData\Local\Programs\Python\Python313\Lib\site-packages\colorama\ansitowin32.py", line 210, in write_plain_text
    self.wrapped.write(text[start:end])
    ~~~~~~~~~~~~~~~~~~^^^^^^^^^^^^^^^^^
  File "C:\Users\Dimon\AppData\Local\Programs\Python\Python313\Lib\encodings\cp1251.py", line 19, in encode
    return codecs.charmap_encode(input,self.errors,encoding_table)[0]
           ~~~~~~~~~~~~~~~~~~~~~^^^^^^^^^^^^^^^^^^^^^^^^^^^^^^^^^^
UnicodeEncodeError: 'charmap' codec can't encode character '\u2713' in position 3: character maps to <undefined>
Call stack:
  File "C:\scripts\1repo\run_mvp.py", line 680, in <module>
    main()
  File "C:\scripts\1repo\run_mvp.py", line 652, in main
    results = orchestrator.run_single(
  File "C:\scripts\1repo\run_mvp.py", line 226, in run_single
    stage_result = self._run_stage(stage, current_input)
  File "C:\scripts\1repo\run_mvp.py", line 419, in _run_stage
    return processor.process_dataset(input_path, output_dir)
  File "C:\scripts\1repo\am_chunk.py", line 309, in process_dataset
    self.quality_tracker.track('chunk', input_path.name, metrics)
  File "C:\scripts\1repo\quality_tracker.py", line 171, in track
    logger.info(f"\u2713 Quality thresholds passed for {stage}")
Message: '\u2713 Quality thresholds passed for chunk'
Arguments: ()
2025-11-01 01:15:22,427 - quality_tracker - INFO - Completed: track_quality (0.00s)
2025-11-01 01:15:22,427 - am_chunk - INFO - Saved: baza-znanij-safe®-russia.dataset.chunks.jsonl
2025-11-01 01:15:22,427 - __main__ - ERROR - Validation failed: Unknown stage: chunk
2025-11-01 01:15:22,427 - __main__ - WARNING - Validation issues: 1 errors
2025-11-01 01:15:22,427 - __main__ - INFO - ============================================================
2025-11-01 01:15:22,427 - __main__ - INFO--- Logging error ---
Traceback (most recent call last):
  File "C:\Users\Dimon\AppData\Local\Programs\Python\Python313\Lib\logging\__init__.py", line 1154, in emit
    stream.write(msg + self.terminator)
    ~~~~~~~~~~~~^^^^^^^^^^^^^^^^^^^^^^^
  File "C:\Users\Dimon\AppData\Local\Programs\Python\Python313\Lib\site-packages\colorama\ansitowin32.py", line 47, in write
    self.__convertor.write(text)
    ~~~~~~~~~~~~~~~~~~~~~~^^^^^^
  File "C:\Users\Dimon\AppData\Local\Programs\Python\Python313\Lib\site-packages\colorama\ansitowin32.py", line 177, in write
    self.write_and_convert(text)
    ~~~~~~~~~~~~~~~~~~~~~~^^^^^^
  File "C:\Users\Dimon\AppData\Local\Programs\Python\Python313\Lib\site-packages\colorama\ansitowin32.py", line 205, in write_and_convert
    self.write_plain_text(text, cursor, len(text))
    ~~~~~~~~~~~~~~~~~~~~~^^^^^^^^^^^^^^^^^^^^^^^^^
  File "C:\Users\Dimon\AppData\Local\Programs\Python\Python313\Lib\site-packages\colorama\ansitowin32.py", line 210, in write_plain_text
    self.wrapped.write(text[start:end])
    ~~~~~~~~~~~~~~~~~~^^^^^^^^^^^^^^^^^
  File "C:\Users\Dimon\AppData\Local\Programs\Python\Python313\Lib\encodings\cp1251.py", line 19, in encode
    return codecs.charmap_encode(input,self.errors,encoding_table)[0]
           ~~~~~~~~~~~~~~~~~~~~~^^^^^^^^^^^^^^^^^^^^^^^^^^^^^^^^^^
UnicodeEncodeError: 'charmap' codec can't encode character '\U0001f9e9' in position 5: character maps to <undefined>
Call stack:
  File "C:\scripts\1repo\run_mvp.py", line 680, in <module>
    main()
  File "C:\scripts\1repo\run_mvp.py", line 652, in main
    results = orchestrator.run_single(
  File "C:\scripts\1repo\run_mvp.py", line 253, in run_single
    log_stage(logger, stage, "Completed")
  File "C:\scripts\1repo\am_logging.py", line 613, in log_stage
    log_section(logger, f"{emoji} {action}: {stage.upper()}", "INFO")
  File "C:\scripts\1repo\am_logging.py", line 588, in log_section
    log_func(f"  {title}")
Message: '  \U0001f9e9 Completed: CHUNK'
Arguments: ()
2025-11-01 01:15:22,428 - __main__ - INFO - ============================================================
2025-11-01 01:15:22,428 - __main__ - INFO - ============================================================
2025-11-01 01:15:22,428 - __main__ - INFO--- Logging error ---
Traceback (most recent call last):
  File "C:\Users\Dimon\AppData\Local\Programs\Python\Python313\Lib\logging\__init__.py", line 1154, in emit
    stream.write(msg + self.terminator)
    ~~~~~~~~~~~~^^^^^^^^^^^^^^^^^^^^^^^
  File "C:\Users\Dimon\AppData\Local\Programs\Python\Python313\Lib\site-packages\colorama\ansitowin32.py", line 47, in write
    self.__convertor.write(text)
    ~~~~~~~~~~~~~~~~~~~~~~^^^^^^
  File "C:\Users\Dimon\AppData\Local\Programs\Python\Python313\Lib\site-packages\colorama\ansitowin32.py", line 177, in write
    self.write_and_convert(text)
    ~~~~~~~~~~~~~~~~~~~~~~^^^^^^
  File "C:\Users\Dimon\AppData\Local\Programs\Python\Python313\Lib\site-packages\colorama\ansitowin32.py", line 205, in write_and_convert
    self.write_plain_text(text, cursor, len(text))
    ~~~~~~~~~~~~~~~~~~~~~^^^^^^^^^^^^^^^^^^^^^^^^^
  File "C:\Users\Dimon\AppData\Local\Programs\Python\Python313\Lib\site-packages\colorama\ansitowin32.py", line 210, in write_plain_text
    self.wrapped.write(text[start:end])
    ~~~~~~~~~~~~~~~~~~^^^^^^^^^^^^^^^^^
  File "C:\Users\Dimon\AppData\Local\Programs\Python\Python313\Lib\encodings\cp1251.py", line 19, in encode
    return codecs.charmap_encode(input,self.errors,encoding_table)[0]
           ~~~~~~~~~~~~~~~~~~~~~^^^^^^^^^^^^^^^^^^^^^^^^^^^^^^^^^^
UnicodeEncodeError: 'charmap' codec can't encode character '\U0001f522' in position 5: character maps to <undefined>
Call stack:
  File "C:\scripts\1repo\run_mvp.py", line 680, in <module>
    main()
  File "C:\scripts\1repo\run_mvp.py", line 652, in main
    results = orchestrator.run_single(
  File "C:\scripts\1repo\run_mvp.py", line 222, in run_single
    log_stage(logger, stage, "Starting")
  File "C:\scripts\1repo\am_logging.py", line 613, in log_stage
    log_section(logger, f"{emoji} {action}: {stage.upper()}", "INFO")
  File "C:\scripts\1repo\am_logging.py", line 588, in log_section
    log_func(f"  {title}")
Message: '  \U0001f522 Starting: EMBED'
Arguments: ()
2025-11-01 01:15:22,429 - __main__ - INFO - ============================================================
2025-11-01 01:15:22,429 - am_common - INFO - Loading config: config\batch_full.yaml
2025-11-01 01:15:22,446 - am_common - INFO - Config loaded successfully
2025-11-01 01:15:22,447 - am_embed - INFO - [sentence-transformers] Loading model: all-MiniLM-L6-v2
2025-11-01 01:15:22,447 - sentence_transformers.SentenceTransformer - INFO - Use pytorch device_name: cpu
2025-11-01 01:15:22,447 - sentence_transformers.SentenceTransformer - INFO - Load pretrained SentenceTransformer: all-MiniLM-L6-v2
2025-11-01 01:15:26,415 - am_embed - INFO - [sentence-transformers] Embedding dimension: 384
2025-11-01 01:15:26,415 - am_embed - INFO - Processing: baza-znanij-safe®-russia.dataset.chunks.jsonl
2025-11-01 01:15:26,424 - am_embed - INFO - Loaded 97 chunks
2025-11-01 01:15:26,424 - am_embed - INFO - Encoding 97 chunks in 4 batches
2025-11-01 01:15:27,379 - am_embed - INFO - Encoded 97 embeddings, 0 failures
2025-11-01 01:15:27,379 - am_embed - INFO - Building FAISS index: flat, metric=cosine
2025-11-01 01:15:27,379 - am_embed - INFO - Vectors: 97, Dimension: 384
2025-11-01 01:15:27,379 - am_embed - INFO - FAISS index built: 97 vectors
2025-11-01 01:15:27,380 - __main__ - ERROR - Stage failed: [WinError 2] Íå óäàåòñÿ íàéòè óêàçàííûé ôàéë: 'C:\\scripts\\1repo\\data\\indexes\\faiss\\baza-znanij-safe®-russia.dataset.faiss'
2025-11-01 01:15:27,380 - __main__ - ERROR - Error details:
Traceback (most recent call last):
  File "C:\scripts\1repo\run_mvp.py", line 226, in run_single
    stage_result = self._run_stage(stage, current_input)
  File "C:\scripts\1repo\run_mvp.py", line 428, in _run_stage
    return processor.process_chunks(input_path, output_dir=None)
           ~~~~~~~~~~~~~~~~~~~~~~~~^^^^^^^^^^^^^^^^^^^^^^^^^^^^^
  File "C:\scripts\1repo\am_embed.py", line 413, in process_chunks
    self.index_builder.save_index(index, index_path)
    ~~~~~~~~~~~~~~~~~~~~~~~~~~~~~^^^^^^^^^^^^^^^^^^^
  File "C:\scripts\1repo\am_embed.py", line 331, in save_index
    index_size = path.stat().st_size
                 ~~~~~~~~~^^
  File "C:\Users\Dimon\AppData\Local\Programs\Python\Python313\Lib\pathlib\_local.py", line 515, in stat
    return os.stat(self, follow_symlinks=follow_symlinks)
           ~~~~~~~^^^^^^^^^^^^^^^^^^^^^^^^^^^^^^^^^^^^^^^
FileNotFoundError: [WinError 2] Íå óäàåòñÿ íàéòè óêàçàííûé ôàéë: 'C:\\scripts\\1repo\\data\\indexes\\faiss\\baza-znanij-safe®-russia.dataset.faiss'
2025-11-01 01:15:27,381 - __main__ - WARNING - Non-critical stage failed, attempting to continue
2025-11-01 01:15:27,381 - __main__ - INFO - Pipeline status: partial
2025-11-01 01:15:27,381 - __main__ - INFO - Completed: run_single_pipeline (17.92s)
2025-11-01 01:15:27,381 - __main__ - INFO - ============================================================
2025-11-01 01:15:27,381 - __main__ - INFO--- Logging error ---
Traceback (most recent call last):
  File "C:\Users\Dimon\AppData\Local\Programs\Python\Python313\Lib\logging\__init__.py", line 1154, in emit
    stream.write(msg + self.terminator)
    ~~~~~~~~~~~~^^^^^^^^^^^^^^^^^^^^^^^
  File "C:\Users\Dimon\AppData\Local\Programs\Python\Python313\Lib\site-packages\colorama\ansitowin32.py", line 47, in write
    self.__convertor.write(text)
    ~~~~~~~~~~~~~~~~~~~~~~^^^^^^
  File "C:\Users\Dimon\AppData\Local\Programs\Python\Python313\Lib\site-packages\colorama\ansitowin32.py", line 177, in write
    self.write_and_convert(text)
    ~~~~~~~~~~~~~~~~~~~~~~^^^^^^
  File "C:\Users\Dimon\AppData\Local\Programs\Python\Python313\Lib\site-packages\colorama\ansitowin32.py", line 205, in write_and_convert
    self.write_plain_text(text, cursor, len(text))
    ~~~~~~~~~~~~~~~~~~~~~^^^^^^^^^^^^^^^^^^^^^^^^^
  File "C:\Users\Dimon\AppData\Local\Programs\Python\Python313\Lib\site-packages\colorama\ansitowin32.py", line 210, in write_plain_text
    self.wrapped.write(text[start:end])
    ~~~~~~~~~~~~~~~~~~^^^^^^^^^^^^^^^^^
  File "C:\Users\Dimon\AppData\Local\Programs\Python\Python313\Lib\encodings\cp1251.py", line 19, in encode
    return codecs.charmap_encode(input,self.errors,encoding_table)[0]
           ~~~~~~~~~~~~~~~~~~~~~^^^^^^^^^^^^^^^^^^^^^^^^^^^^^^^^^^
UnicodeEncodeError: 'charmap' codec can't encode character '\U0001f4ca' in position 5: character maps to <undefined>
Call stack:
  File "C:\scripts\1repo\run_mvp.py", line 680, in <module>
    main()
  File "C:\scripts\1repo\run_mvp.py", line 660, in main
    orchestrator.generate_reports()
  File "C:\scripts\1repo\run_mvp.py", line 502, in generate_reports
    log_section(logger, "\U0001f4ca FINAL REPORTS", "INFO")
  File "C:\scripts\1repo\am_logging.py", line 588, in log_section
    log_func(f"  {title}")
Message: '  \U0001f4ca FINAL REPORTS'
Arguments: ()
2025-11-01 01:15:27,382 - __main__ - INFO - ============================================================
2025-11-01 01:15:27,382 - __main__ - INFO - ============================================================
2025-11-01 01:15:27,382 - __main__ - INFO -   Performance Summary
2025-11-01 01:15:27,382 - __main__ - INFO - ============================================================
2025-11-01 01:15:27,382 - __main__ - INFO - 
run_single_pipeline:
2025-11-01 01:15:27,382 - __main__ - INFO -   Count: 1
2025-11-01 01:15:27,382 - __main__ - INFO -   Total: 17.92s
2025-11-01 01:15:27,382 - __main__ - INFO -   Avg: 17.92s
2025-11-01 01:15:27,382 - __main__ - INFO -   Min: 17.92s
2025-11-01 01:15:27,382 - __main__ - INFO -   Max: 17.92s
2025-11-01 01:15:27,382 - __main__ - INFO - 
track_quality:
2025-11-01 01:15:27,382 - __main__ - INFO -   Count: 6
2025-11-01 01:15:27,382 - __main__ - INFO -   Total: 0.01s
2025-11-01 01:15:27,382 - __main__ - INFO -   Avg: 0.00s
2025-11-01 01:15:27,382 - __main__ - INFO -   Min: 0.00s
2025-11-01 01:15:27,382 - __main__ - INFO -   Max: 0.00s
2025-11-01 01:15:27,382 - __main__ - INFO - No errors or warnings recorded
2025-11-01 01:15:27,383 - __main__ - INFO - 
2025-11-01 01:15:27,383 - quality_tracker - INFO - Starting: generate_quality_report
2025-11-01 01:15:27,384 - quality_tracker - INFO - Quality report saved: C:\scripts\1repo\data\quality\quality_report_20251101_011527.json
2025-11-01 01:15:27,385 - quality_tracker - INFO - Completed: generate_quality_report (0.00s)
2025-11-01 01:15:27,385 - quality_tracker - INFO - ============================================================
2025-11-01 01:15:27,385 - quality_tracker - INFO -   QUALITY REPORT
2025-11-01 01:15:27,385 - quality_tracker - INFO - ============================================================
2025-11-01 01:15:27,385 - quality_tracker - INFO - Generated: 2025-10-31T22:15:27Z
2025-11-01 01:15:27,385 - quality_tracker - INFO - Version: 2.0.0

2025-11-01 01:15:27,385 - quality_tracker - INFO - ------------------------------------------------------------
2025-11-01 01:15:27,385 - quality_tracker - INFO -   Stage: STRUCTURAL
2025-11-01 01:15:27,385 - quality_tracker - INFO - ------------------------------------------------------------
2025-11-01 01:15:27,385 - quality_tracker - INFO - Summary:
2025-11-01 01:15:27,385 - quality_tracker - INFO -   total_runs: 1
2025-11-01 01:15:27,385 - quality_tracker - INFO -   passed_threshold: 1
2025-11-01 01:15:27,385 - quality_tracker - INFO -   failed_threshold: 0
2025-11-01 01:15:27,385 - quality_tracker - INFO -   pass_rate: 100.0%
2025-11-01 01:15:27,385 - quality_tracker - INFO - 
Recent trend (last 1 runs):
2025-11-01 01:15:27,385 - quality_tracker - INFO -   Pass rate: 100.0%
2025-11-01 01:15:27,385 - quality_tracker - INFO - 
2025-11-01 01:15:27,385 - quality_tracker - INFO - ------------------------------------------------------------
2025-11-01 01:15:27,385 - quality_tracker - INFO -   Stage: STRUCTURE_DETECT
2025-11-01 01:15:27,385 - quality_tracker - INFO - ------------------------------------------------------------
2025-11-01 01:15:27,385 - quality_tracker - INFO - Summary:
2025-11-01 01:15:27,385 - quality_tracker - INFO -   total_runs: 1
2025-11-01 01:15:27,385 - quality_tracker - INFO -   passed_threshold: 1
2025-11-01 01:15:27,385 - quality_tracker - INFO -   failed_threshold: 0
2025-11-01 01:15:27,385 - quality_tracker - INFO -   pass_rate: 100.0%
2025-11-01 01:15:27,385 - quality_tracker - INFO - 
Recent trend (last 1 runs):
2025-11-01 01:15:27,386 - quality_tracker - INFO -   Pass rate: 100.0%
2025-11-01 01:15:27,386 - quality_tracker - INFO - 
2025-11-01 01:15:27,386 - quality_tracker - INFO - ------------------------------------------------------------
2025-11-01 01:15:27,386 - quality_tracker - INFO -   Stage: SUMMARIZE
2025-11-01 01:15:27,386 - quality_tracker - INFO - ------------------------------------------------------------
2025-11-01 01:15:27,386 - quality_tracker - INFO - Summary:
2025-11-01 01:15:27,386 - quality_tracker - INFO -   total_runs: 1
2025-11-01 01:15:27,386 - quality_tracker - INFO -   passed_threshold: 1
2025-11-01 01:15:27,386 - quality_tracker - INFO -   failed_threshold: 0
2025-11-01 01:15:27,386 - quality_tracker - INFO -   pass_rate: 100.0%
2025-11-01 01:15:27,386 - quality_tracker - INFO - 
Recent trend (last 1 runs):
2025-11-01 01:15:27,386 - quality_tracker - INFO -   Pass rate: 100.0%
2025-11-01 01:15:27,386 - quality_tracker - INFO - 
2025-11-01 01:15:27,386 - quality_tracker - INFO - ------------------------------------------------------------
2025-11-01 01:15:27,386 - quality_tracker - INFO -   Stage: EXTENDED
2025-11-01 01:15:27,386 - quality_tracker - INFO - ------------------------------------------------------------
2025-11-01 01:15:27,386 - quality_tracker - INFO - Summary:
2025-11-01 01:15:27,386 - quality_tracker - INFO -   total_runs: 1
2025-11-01 01:15:27,386 - quality_tracker - INFO -   passed_threshold: 1
2025-11-01 01:15:27,386 - quality_tracker - INFO -   failed_threshold: 0
2025-11-01 01:15:27,386 - quality_tracker - INFO -   pass_rate: 100.0%
2025-11-01 01:15:27,386 - quality_tracker - INFO - 
Recent trend (last 1 runs):
2025-11-01 01:15:27,386 - quality_tracker - INFO -   Pass rate: 100.0%
2025-11-01 01:15:27,386 - quality_tracker - INFO - 
2025-11-01 01:15:27,386 - quality_tracker - INFO - ------------------------------------------------------------
2025-11-01 01:15:27,386 - quality_tracker - INFO -   Stage: FINALIZE
2025-11-01 01:15:27,386 - quality_tracker - INFO - ------------------------------------------------------------
2025-11-01 01:15:27,386 - quality_tracker - INFO - Summary:
2025-11-01 01:15:27,386 - quality_tracker - INFO -   total_runs: 1
2025-11-01 01:15:27,386 - quality_tracker - INFO -   passed_threshold: 1
2025-11-01 01:15:27,386 - quality_tracker - INFO -   failed_threshold: 0
2025-11-01 01:15:27,387 - quality_tracker - INFO -   pass_rate: 100.0%
2025-11-01 01:15:27,387 - quality_tracker - INFO - 
Recent trend (last 1 runs):
2025-11-01 01:15:27,387 - quality_tracker - INFO -   Pass rate: 100.0%
2025-11-01 01:15:27,387 - quality_tracker - INFO - 
2025-11-01 01:15:27,387 - quality_tracker - INFO - ------------------------------------------------------------
2025-11-01 01:15:27,387 - quality_tracker - INFO -   Stage: CHUNK
2025-11-01 01:15:27,387 - quality_tracker - INFO - ------------------------------------------------------------
2025-11-01 01:15:27,387 - quality_tracker - INFO - Summary:
2025-11-01 01:15:27,387 - quality_tracker - INFO -   total_runs: 1
2025-11-01 01:15:27,387 - quality_tracker - INFO -   passed_threshold: 1
2025-11-01 01:15:27,387 - quality_tracker - INFO -   failed_threshold: 0
2025-11-01 01:15:27,387 - quality_tracker - INFO -   pass_rate: 100.0%
2025-11-01 01:15:27,387 - quality_tracker - INFO - 
Recent trend (last 1 runs):
2025-11-01 01:15:27,387 - quality_tracker - INFO -   Pass rate: 100.0%
2025-11-01 01:15:27,387 - quality_tracker - INFO - 
2025-11-01 01:15:27,387 - quality_tracker - INFO - ------------------------------------------------------------
2025-11-01 01:15:27,387 - quality_tracker - INFO -   PERFORMANCE SUMMARY
2025-11-01 01:15:27,387 - quality_tracker - INFO - ------------------------------------------------------------
2025-11-01 01:15:27,387 - quality_tracker - INFO - track_quality:
2025-11-01 01:15:27,387 - quality_tracker - INFO -   Count: 6, Avg: 0.00s
2025-11-01 01:15:27,387 - quality_tracker - INFO - run_single_pipeline:
2025-11-01 01:15:27,387 - quality_tracker - INFO -   Count: 1, Avg: 17.92s
2025-11-01 01:15:27,387 - __main__ - INFO - 
2025-11-01 01:15:27,387 - validate - INFO - ============================================================
2025-11-01 01:15:27,387 - validate - INFO -   Validation Summary
2025-11-01 01:15:27,387 - validate - INFO - ============================================================
2025-11-01 01:15:27,387 - validate - INFO - Overall Results:
2025-11-01 01:15:27,387 - validate - INFO -   total_datasets: 2
2025-11-01 01:15:27,387 - validate - INFO -   valid_datasets: 1
2025-11-01 01:15:27,387 - validate - INFO -   invalid_datasets: 1
2025-11-01 01:15:27,387 - validate - INFO -   total_errors: 2
2025-11-01 01:15:27,388 - validate - INFO -   total_warnings: 86
2025-11-01 01:15:27,388 - validate - INFO -   success_rate: 0.5000
2025-11-01 01:15:27,388 - validate - INFO -   timestamp: 2025-10-31T22:15:27.387760
2025-11-01 01:15:27,388 - validate - INFO - 
Per-dataset results:
2025-11-01 01:15:27,388 - validate - INFO--- Logging error ---
Traceback (most recent call last):
  File "C:\Users\Dimon\AppData\Local\Programs\Python\Python313\Lib\logging\__init__.py", line 1154, in emit
    stream.write(msg + self.terminator)
    ~~~~~~~~~~~~^^^^^^^^^^^^^^^^^^^^^^^
  File "C:\Users\Dimon\AppData\Local\Programs\Python\Python313\Lib\site-packages\colorama\ansitowin32.py", line 47, in write
    self.__convertor.write(text)
    ~~~~~~~~~~~~~~~~~~~~~~^^^^^^
  File "C:\Users\Dimon\AppData\Local\Programs\Python\Python313\Lib\site-packages\colorama\ansitowin32.py", line 177, in write
    self.write_and_convert(text)
    ~~~~~~~~~~~~~~~~~~~~~~^^^^^^
  File "C:\Users\Dimon\AppData\Local\Programs\Python\Python313\Lib\site-packages\colorama\ansitowin32.py", line 205, in write_and_convert
    self.write_plain_text(text, cursor, len(text))
    ~~~~~~~~~~~~~~~~~~~~~^^^^^^^^^^^^^^^^^^^^^^^^^
  File "C:\Users\Dimon\AppData\Local\Programs\Python\Python313\Lib\site-packages\colorama\ansitowin32.py", line 210, in write_plain_text
    self.wrapped.write(text[start:end])
    ~~~~~~~~~~~~~~~~~~^^^^^^^^^^^^^^^^^
  File "C:\Users\Dimon\AppData\Local\Programs\Python\Python313\Lib\encodings\cp1251.py", line 19, in encode
    return codecs.charmap_encode(input,self.errors,encoding_table)[0]
           ~~~~~~~~~~~~~~~~~~~~~^^^^^^^^^^^^^^^^^^^^^^^^^^^^^^^^^^
UnicodeEncodeError: 'charmap' codec can't encode character '\u2705' in position 5: character maps to <undefined>
Call stack:
  File "C:\scripts\1repo\run_mvp.py", line 680, in <module>
    main()
  File "C:\scripts\1repo\run_mvp.py", line 660, in main
    orchestrator.generate_reports()
  File "C:\scripts\1repo\run_mvp.py", line 522, in generate_reports
    self.validator.print_summary()
  File "C:\scripts\1repo\validate.py", line 784, in print_summary
    self.report.print_summary()
  File "C:\scripts\1repo\validate.py", line 644, in print_summary
    logger.info(f"  {status} - {dataset} (errors: {errors}, warnings: {warnings})")
Message: '  \u2705 VALID - baza-znanij-safe®-russia.dataset.jsonl (errors: 0, warnings: 0)'
Arguments: ()
2025-11-01 01:15:27,389 - validate - INFO--- Logging error ---
Traceback (most recent call last):
  File "C:\Users\Dimon\AppData\Local\Programs\Python\Python313\Lib\logging\__init__.py", line 1154, in emit
    stream.write(msg + self.terminator)
    ~~~~~~~~~~~~^^^^^^^^^^^^^^^^^^^^^^^
  File "C:\Users\Dimon\AppData\Local\Programs\Python\Python313\Lib\site-packages\colorama\ansitowin32.py", line 47, in write
    self.__convertor.write(text)
    ~~~~~~~~~~~~~~~~~~~~~~^^^^^^
  File "C:\Users\Dimon\AppData\Local\Programs\Python\Python313\Lib\site-packages\colorama\ansitowin32.py", line 177, in write
    self.write_and_convert(text)
    ~~~~~~~~~~~~~~~~~~~~~~^^^^^^
  File "C:\Users\Dimon\AppData\Local\Programs\Python\Python313\Lib\site-packages\colorama\ansitowin32.py", line 205, in write_and_convert
    self.write_plain_text(text, cursor, len(text))
    ~~~~~~~~~~~~~~~~~~~~~^^^^^^^^^^^^^^^^^^^^^^^^^
  File "C:\Users\Dimon\AppData\Local\Programs\Python\Python313\Lib\site-packages\colorama\ansitowin32.py", line 210, in write_plain_text
    self.wrapped.write(text[start:end])
    ~~~~~~~~~~~~~~~~~~^^^^^^^^^^^^^^^^^
  File "C:\Users\Dimon\AppData\Local\Programs\Python\Python313\Lib\encodings\cp1251.py", line 19, in encode
    return codecs.charmap_encode(input,self.errors,encoding_table)[0]
           ~~~~~~~~~~~~~~~~~~~~~^^^^^^^^^^^^^^^^^^^^^^^^^^^^^^^^^^
UnicodeEncodeError: 'charmap' codec can't encode character '\u274c' in position 5: character maps to <undefined>
Call stack:
  File "C:\scripts\1repo\run_mvp.py", line 680, in <module>
    main()
  File "C:\scripts\1repo\run_mvp.py", line 660, in main
    orchestrator.generate_reports()
  File "C:\scripts\1repo\run_mvp.py", line 522, in generate_reports
    self.validator.print_summary()
  File "C:\scripts\1repo\validate.py", line 784, in print_summary
    self.report.print_summary()
  File "C:\scripts\1repo\validate.py", line 644, in print_summary
    logger.info(f"  {status} - {dataset} (errors: {errors}, warnings: {warnings})")
Message: '  \u274c INVALID - baza-znanij-safe®-russia.dataset.jsonl (errors: 2, warnings: 86)'
Arguments: ()
