[WARN] OCR not available
2025-11-01 01:15:31,744 - faiss.loader - INFO - Loading faiss with AVX512 support.
2025-11-01 01:15:31,744 - faiss.loader - INFO - Could not load library with AVX512 support due to:
ModuleNotFoundError("No module named 'faiss.swigfaiss_avx512'")
2025-11-01 01:15:31,744 - faiss.loader - INFO - Loading faiss with AVX2 support.
2025-11-01 01:15:31,758 - faiss.loader - INFO - Successfully loaded faiss with AVX2 support.
2025-11-01 01:15:31,763 - am_common - INFO - Loading config: config\batch_full.yaml
2025-11-01 01:15:31,778 - am_common - INFO - Config loaded successfully
2025-11-01 01:15:31,778 - quality_tracker - INFO - Quality tracker initialized: C:\scripts\1repo\data\quality
2025-11-01 01:15:31,779 - __main__ - INFO - ============================================================
2025-11-01 01:15:31,779 - __main__ - INFO--- Logging error ---
Traceback (most recent call last):
  File "C:\Users\Dimon\AppData\Local\Programs\Python\Python313\Lib\logging\__init__.py", line 1154, in emit
    stream.write(msg + self.terminator)
    ~~~~~~~~~~~~^^^^^^^^^^^^^^^^^^^^^^^
  File "C:\Users\Dimon\AppData\Local\Programs\Python\Python313\Lib\site-packages\colorama\ansitowin32.py", line 47, in write
    self.__convertor.write(text)
    ~~~~~~~~~~~~~~~~~~~~~~^^^^^^
  File "C:\Users\Dimon\AppData\Local\Programs\Python\Python313\Lib\site-packages\colorama\ansitowin32.py", line 177, in write
    self.write_and_convert(text)
    ~~~~~~~~~~~~~~~~~~~~~~^^^^^^
  File "C:\Users\Dimon\AppData\Local\Programs\Python\Python313\Lib\site-packages\colorama\ansitowin32.py", line 205, in write_and_convert
    self.write_plain_text(text, cursor, len(text))
    ~~~~~~~~~~~~~~~~~~~~~^^^^^^^^^^^^^^^^^^^^^^^^^
  File "C:\Users\Dimon\AppData\Local\Programs\Python\Python313\Lib\site-packages\colorama\ansitowin32.py", line 210, in write_plain_text
    self.wrapped.write(text[start:end])
    ~~~~~~~~~~~~~~~~~~^^^^^^^^^^^^^^^^^
  File "C:\Users\Dimon\AppData\Local\Programs\Python\Python313\Lib\encodings\cp1251.py", line 19, in encode
    return codecs.charmap_encode(input,self.errors,encoding_table)[0]
           ~~~~~~~~~~~~~~~~~~~~~^^^^^^^^^^^^^^^^^^^^^^^^^^^^^^^^^^
UnicodeEncodeError: 'charmap' codec can't encode character '\U0001f680' in position 5: character maps to <undefined>
Call stack:
  File "C:\scripts\1repo\run_mvp.py", line 680, in <module>
    main()
  File "C:\scripts\1repo\run_mvp.py", line 605, in main
    orchestrator = PipelineOrchestrator(
  File "C:\scripts\1repo\run_mvp.py", line 136, in __init__
    log_section(logger, f"\U0001f680 {PRODUCT_NAME} {VERSION}", "INFO")
  File "C:\scripts\1repo\am_logging.py", line 588, in log_section
    log_func(f"  {title}")
Message: '  \U0001f680 archivist magika 2.0.0'
Arguments: ()
2025-11-01 01:15:31,780 - __main__ - INFO - ============================================================
2025-11-01 01:15:31,780 - __main__ - INFO - Quality check: enabled
2025-11-01 01:15:31,780 - __main__ - INFO - Validation: enabled
2025-11-01 01:15:31,780 - __main__ - INFO - Dry run: no
2025-11-01 01:15:31,781 - __main__ - INFO - Starting: run_single_pipeline
2025-11-01 01:15:31,781 - __main__ - INFO - Processing: Continuous_Discovery_Habits_-_Teresa_Torres.pdf
2025-11-01 01:15:31,781 - __main__ - INFO--- Logging error ---
Traceback (most recent call last):
  File "C:\Users\Dimon\AppData\Local\Programs\Python\Python313\Lib\logging\__init__.py", line 1154, in emit
    stream.write(msg + self.terminator)
    ~~~~~~~~~~~~^^^^^^^^^^^^^^^^^^^^^^^
  File "C:\Users\Dimon\AppData\Local\Programs\Python\Python313\Lib\site-packages\colorama\ansitowin32.py", line 47, in write
    self.__convertor.write(text)
    ~~~~~~~~~~~~~~~~~~~~~~^^^^^^
  File "C:\Users\Dimon\AppData\Local\Programs\Python\Python313\Lib\site-packages\colorama\ansitowin32.py", line 177, in write
    self.write_and_convert(text)
    ~~~~~~~~~~~~~~~~~~~~~~^^^^^^
  File "C:\Users\Dimon\AppData\Local\Programs\Python\Python313\Lib\site-packages\colorama\ansitowin32.py", line 205, in write_and_convert
    self.write_plain_text(text, cursor, len(text))
    ~~~~~~~~~~~~~~~~~~~~~^^^^^^^^^^^^^^^^^^^^^^^^^
  File "C:\Users\Dimon\AppData\Local\Programs\Python\Python313\Lib\site-packages\colorama\ansitowin32.py", line 210, in write_plain_text
    self.wrapped.write(text[start:end])
    ~~~~~~~~~~~~~~~~~~^^^^^^^^^^^^^^^^^
  File "C:\Users\Dimon\AppData\Local\Programs\Python\Python313\Lib\encodings\cp1251.py", line 19, in encode
    return codecs.charmap_encode(input,self.errors,encoding_table)[0]
           ~~~~~~~~~~~~~~~~~~~~~^^^^^^^^^^^^^^^^^^^^^^^^^^^^^^^^^^
UnicodeEncodeError: 'charmap' codec can't encode character '\u2192' in position 24: character maps to <undefined>
Call stack:
  File "C:\scripts\1repo\run_mvp.py", line 680, in <module>
    main()
  File "C:\scripts\1repo\run_mvp.py", line 652, in main
    results = orchestrator.run_single(
  File "C:\scripts\1repo\run_mvp.py", line 196, in run_single
    logger.info(f"Pipeline: {start_stage} \u2192 {end_stage}")
Message: 'Pipeline: structural \u2192 embed'
Arguments: ()
2025-11-01 01:15:31,781 - __main__ - INFO--- Logging error ---
Traceback (most recent call last):
  File "C:\Users\Dimon\AppData\Local\Programs\Python\Python313\Lib\logging\__init__.py", line 1154, in emit
    stream.write(msg + self.terminator)
    ~~~~~~~~~~~~^^^^^^^^^^^^^^^^^^^^^^^
  File "C:\Users\Dimon\AppData\Local\Programs\Python\Python313\Lib\site-packages\colorama\ansitowin32.py", line 47, in write
    self.__convertor.write(text)
    ~~~~~~~~~~~~~~~~~~~~~~^^^^^^
  File "C:\Users\Dimon\AppData\Local\Programs\Python\Python313\Lib\site-packages\colorama\ansitowin32.py", line 177, in write
    self.write_and_convert(text)
    ~~~~~~~~~~~~~~~~~~~~~~^^^^^^
  File "C:\Users\Dimon\AppData\Local\Programs\Python\Python313\Lib\site-packages\colorama\ansitowin32.py", line 205, in write_and_convert
    self.write_plain_text(text, cursor, len(text))
    ~~~~~~~~~~~~~~~~~~~~~^^^^^^^^^^^^^^^^^^^^^^^^^
  File "C:\Users\Dimon\AppData\Local\Programs\Python\Python313\Lib\site-packages\colorama\ansitowin32.py", line 210, in write_plain_text
    self.wrapped.write(text[start:end])
    ~~~~~~~~~~~~~~~~~~^^^^^^^^^^^^^^^^^
  File "C:\Users\Dimon\AppData\Local\Programs\Python\Python313\Lib\encodings\cp1251.py", line 19, in encode
    return codecs.charmap_encode(input,self.errors,encoding_table)[0]
           ~~~~~~~~~~~~~~~~~~~~~^^^^^^^^^^^^^^^^^^^^^^^^^^^^^^^^^^
UnicodeEncodeError: 'charmap' codec can't encode character '\u2192' in position 22: character maps to <undefined>
Call stack:
  File "C:\scripts\1repo\run_mvp.py", line 680, in <module>
    main()
  File "C:\scripts\1repo\run_mvp.py", line 652, in main
    results = orchestrator.run_single(
  File "C:\scripts\1repo\run_mvp.py", line 209, in run_single
    logger.info(f"Stages: {' \u2192 '.join(stages)}")
Message: 'Stages: structural \u2192 structure_detect \u2192 summarize \u2192 extended \u2192 finalize \u2192 chunk \u2192 embed'
Arguments: ()
2025-11-01 01:15:31,782 - __main__ - INFO - ============================================================
2025-11-01 01:15:31,782 - __main__ - INFO--- Logging error ---
Traceback (most recent call last):
  File "C:\Users\Dimon\AppData\Local\Programs\Python\Python313\Lib\logging\__init__.py", line 1154, in emit
    stream.write(msg + self.terminator)
    ~~~~~~~~~~~~^^^^^^^^^^^^^^^^^^^^^^^
  File "C:\Users\Dimon\AppData\Local\Programs\Python\Python313\Lib\site-packages\colorama\ansitowin32.py", line 47, in write
    self.__convertor.write(text)
    ~~~~~~~~~~~~~~~~~~~~~~^^^^^^
  File "C:\Users\Dimon\AppData\Local\Programs\Python\Python313\Lib\site-packages\colorama\ansitowin32.py", line 177, in write
    self.write_and_convert(text)
    ~~~~~~~~~~~~~~~~~~~~~~^^^^^^
  File "C:\Users\Dimon\AppData\Local\Programs\Python\Python313\Lib\site-packages\colorama\ansitowin32.py", line 205, in write_and_convert
    self.write_plain_text(text, cursor, len(text))
    ~~~~~~~~~~~~~~~~~~~~~^^^^^^^^^^^^^^^^^^^^^^^^^
  File "C:\Users\Dimon\AppData\Local\Programs\Python\Python313\Lib\site-packages\colorama\ansitowin32.py", line 210, in write_plain_text
    self.wrapped.write(text[start:end])
    ~~~~~~~~~~~~~~~~~~^^^^^^^^^^^^^^^^^
  File "C:\Users\Dimon\AppData\Local\Programs\Python\Python313\Lib\encodings\cp1251.py", line 19, in encode
    return codecs.charmap_encode(input,self.errors,encoding_table)[0]
           ~~~~~~~~~~~~~~~~~~~~~^^^^^^^^^^^^^^^^^^^^^^^^^^^^^^^^^^
UnicodeEncodeError: 'charmap' codec can't encode character '\U0001f4c4' in position 5: character maps to <undefined>
Call stack:
  File "C:\scripts\1repo\run_mvp.py", line 680, in <module>
    main()
  File "C:\scripts\1repo\run_mvp.py", line 652, in main
    results = orchestrator.run_single(
  File "C:\scripts\1repo\run_mvp.py", line 222, in run_single
    log_stage(logger, stage, "Starting")
  File "C:\scripts\1repo\am_logging.py", line 613, in log_stage
    log_section(logger, f"{emoji} {action}: {stage.upper()}", "INFO")
  File "C:\scripts\1repo\am_logging.py", line 588, in log_section
    log_func(f"  {title}")
Message: '  \U0001f4c4 Starting: STRUCTURAL'
Arguments: ()
2025-11-01 01:15:31,783 - __main__ - INFO - ============================================================
2025-11-01 01:15:31,783 - am_common - INFO - Loading config: config\batch_full.yaml
2025-11-01 01:15:31,797 - am_common - INFO - Config loaded successfully
2025-11-01 01:15:31,798 - am_structural_robust - INFO - Text extractor chain: ['pdfminer', 'pdfplumber', 'pypdf2']
2025-11-01 01:15:31,798 - am_structural_robust - INFO - Table extractor chain: ['pdfplumber']
2025-11-01 01:15:31,798 - am_structural_robust - INFO - Processing: Continuous_Discovery_Habits_-_Teresa_Torres.pdf
2025-11-01 01:15:31,837 - am_structural_robust - INFO - PDF: Continuous Discovery Habits: Discover Products that Create Customer Value and Business Value
2025-11-01 01:15:31,881 - am_structural_robust - INFO - Total pages: 201
2025-11-01 01:15:31,975 - am_structural_robust - ERROR - [X] Page 0: All extractors failed
2025-11-01 01:15:32,103 - am_structural_robust - ERROR - [X] Page 1: All extractors failed
2025-11-01 01:15:38,819 - am_structural_robust - INFO -   Processed 50/201 pages
2025-11-01 01:15:45,530 - am_structural_robust - ERROR - [X] Page 96: All extractors failed
2025-11-01 01:15:45,937 - am_structural_robust - INFO -   Processed 100/201 pages
2025-11-01 01:15:53,496 - am_structural_robust - INFO -   Processed 150/201 pages
2025-11-01 01:16:01,059 - am_structural_robust - ERROR - [X] Page 199: All extractors failed
2025-11-01 01:16:01,096 - am_structural_robust - INFO -   Processed 200/201 pages
2025-11-01 01:16:01,236 - am_structural_robust - INFO - Extraction complete: 201 success, 0 failed
2025-11-01 01:16:01,236 - am_structural_robust - INFO -   Methods used: {'pypdf2': 3, 'pdfminer': 194}
2025-11-01 01:16:01,236 - am_structural_robust - INFO -   OCR used: 0 pages
2025-11-01 01:16:01,236 - am_structural_robust - INFO -   Tables found: 0
2025-11-01 01:16:01,238 - am_common - INFO - Saving dataset: C:\scripts\1repo\data\datasets\structural\continuous_discovery_habits_-_teresa_torres.dataset.jsonl (201 cards)
2025-11-01 01:16:01,242 - am_common - INFO - Saved: 201 cards to continuous_discovery_habits_-_teresa_torres.dataset.jsonl (415.64 KB)
2025-11-01 01:16:01,242 - am_structural_robust - INFO - Dataset saved: 415.64 KB
2025-11-01 01:16:01,242 - quality_tracker - INFO - Starting: track_quality
2025-11-01 01:16:01,243 - quality_tracker - INFO - structural metrics:
2025-11-01 01:16:01,243 - quality_tracker - INFO -   total_pages: 201
2025-11-01 01:16:01,243 - quality_tracker - INFO -   success_pages: 201
2025-11-01 01:16:01,243 - quality_tracker - INFO -   failed_pages: 0
2025-11-01 01:16:01,243 - quality_tracker - INFO -   success_ratio: 1.0000
2025-11-01 01:16:01,243 - quality_tracker - INFO -   empty_pages: 8
2025-11-01 01:16:01,243 - quality_tracker - INFO -   avg_page_length: 1858.7363
2025-11-01 01:16:01,243 - quality_tracker - INFO -   extraction_methods: {'pypdf2': 3, 'pdfminer': 194}
2025-11-01 01:16:01,243 - quality_tracker - INFO -   ocr_used: 0
2025-11-01 01:16:01,243 - quality_tracker - INFO -   tables_found: 0
2025-11-01 01:16:01,244 - quality_tracker - INFO--- Logging error ---
Traceback (most recent call last):
  File "C:\Users\Dimon\AppData\Local\Programs\Python\Python313\Lib\logging\__init__.py", line 1154, in emit
    stream.write(msg + self.terminator)
    ~~~~~~~~~~~~^^^^^^^^^^^^^^^^^^^^^^^
  File "C:\Users\Dimon\AppData\Local\Programs\Python\Python313\Lib\site-packages\colorama\ansitowin32.py", line 47, in write
    self.__convertor.write(text)
    ~~~~~~~~~~~~~~~~~~~~~~^^^^^^
  File "C:\Users\Dimon\AppData\Local\Programs\Python\Python313\Lib\site-packages\colorama\ansitowin32.py", line 177, in write
    self.write_and_convert(text)
    ~~~~~~~~~~~~~~~~~~~~~~^^^^^^
  File "C:\Users\Dimon\AppData\Local\Programs\Python\Python313\Lib\site-packages\colorama\ansitowin32.py", line 205, in write_and_convert
    self.write_plain_text(text, cursor, len(text))
    ~~~~~~~~~~~~~~~~~~~~~^^^^^^^^^^^^^^^^^^^^^^^^^
  File "C:\Users\Dimon\AppData\Local\Programs\Python\Python313\Lib\site-packages\colorama\ansitowin32.py", line 210, in write_plain_text
    self.wrapped.write(text[start:end])
    ~~~~~~~~~~~~~~~~~~^^^^^^^^^^^^^^^^^
  File "C:\Users\Dimon\AppData\Local\Programs\Python\Python313\Lib\encodings\cp1251.py", line 19, in encode
    return codecs.charmap_encode(input,self.errors,encoding_table)[0]
           ~~~~~~~~~~~~~~~~~~~~~^^^^^^^^^^^^^^^^^^^^^^^^^^^^^^^^^^
UnicodeEncodeError: 'charmap' codec can't encode character '\u2713' in position 3: character maps to <undefined>
Call stack:
  File "C:\scripts\1repo\run_mvp.py", line 680, in <module>
    main()
  File "C:\scripts\1repo\run_mvp.py", line 652, in main
    results = orchestrator.run_single(
  File "C:\scripts\1repo\run_mvp.py", line 226, in run_single
    stage_result = self._run_stage(stage, current_input)
  File "C:\scripts\1repo\run_mvp.py", line 409, in _run_stage
    return processor.process_pdf(input_path, output_dir)
  File "C:\scripts\1repo\am_structural_robust.py", line 569, in process_pdf
    self.quality_tracker.track('structural', pdf_path.name, metrics)
  File "C:\scripts\1repo\quality_tracker.py", line 171, in track
    logger.info(f"\u2713 Quality thresholds passed for {stage}")
Message: '\u2713 Quality thresholds passed for structural'
Arguments: ()
2025-11-01 01:16:01,245 - quality_tracker - INFO - Completed: track_quality (0.00s)
2025-11-01 01:16:01,245 - am_structural_robust - INFO - [OK] Saved: continuous_discovery_habits_-_teresa_torres.dataset.jsonl
2025-11-01 01:16:01,245 - validate - INFO - Validating structural: continuous_discovery_habits_-_teresa_torres.dataset.jsonl
2025-11-01 01:16:01,245 - am_common - INFO - Loading dataset: C:\scripts\1repo\data\datasets\structural\continuous_discovery_habits_-_teresa_torres.dataset.jsonl
2025-11-01 01:16:01,261 - am_common - INFO - Loaded: 201 cards from continuous_discovery_habits_-_teresa_torres.dataset.jsonl
2025-11-01 01:16:01,262 - validate - INFO - [OK] VALID - continuous_discovery_habits_-_teresa_torres.dataset.jsonl
2025-11-01 01:16:01,262 - __main__ - INFO - ============================================================
2025-11-01 01:16:01,262 - __main__ - INFO--- Logging error ---
Traceback (most recent call last):
  File "C:\Users\Dimon\AppData\Local\Programs\Python\Python313\Lib\logging\__init__.py", line 1154, in emit
    stream.write(msg + self.terminator)
    ~~~~~~~~~~~~^^^^^^^^^^^^^^^^^^^^^^^
  File "C:\Users\Dimon\AppData\Local\Programs\Python\Python313\Lib\site-packages\colorama\ansitowin32.py", line 47, in write
    self.__convertor.write(text)
    ~~~~~~~~~~~~~~~~~~~~~~^^^^^^
  File "C:\Users\Dimon\AppData\Local\Programs\Python\Python313\Lib\site-packages\colorama\ansitowin32.py", line 177, in write
    self.write_and_convert(text)
    ~~~~~~~~~~~~~~~~~~~~~~^^^^^^
  File "C:\Users\Dimon\AppData\Local\Programs\Python\Python313\Lib\site-packages\colorama\ansitowin32.py", line 205, in write_and_convert
    self.write_plain_text(text, cursor, len(text))
    ~~~~~~~~~~~~~~~~~~~~~^^^^^^^^^^^^^^^^^^^^^^^^^
  File "C:\Users\Dimon\AppData\Local\Programs\Python\Python313\Lib\site-packages\colorama\ansitowin32.py", line 210, in write_plain_text
    self.wrapped.write(text[start:end])
    ~~~~~~~~~~~~~~~~~~^^^^^^^^^^^^^^^^^
  File "C:\Users\Dimon\AppData\Local\Programs\Python\Python313\Lib\encodings\cp1251.py", line 19, in encode
    return codecs.charmap_encode(input,self.errors,encoding_table)[0]
           ~~~~~~~~~~~~~~~~~~~~~^^^^^^^^^^^^^^^^^^^^^^^^^^^^^^^^^^
UnicodeEncodeError: 'charmap' codec can't encode character '\U0001f4c4' in position 5: character maps to <undefined>
Call stack:
  File "C:\scripts\1repo\run_mvp.py", line 680, in <module>
    main()
  File "C:\scripts\1repo\run_mvp.py", line 652, in main
    results = orchestrator.run_single(
  File "C:\scripts\1repo\run_mvp.py", line 253, in run_single
    log_stage(logger, stage, "Completed")
  File "C:\scripts\1repo\am_logging.py", line 613, in log_stage
    log_section(logger, f"{emoji} {action}: {stage.upper()}", "INFO")
  File "C:\scripts\1repo\am_logging.py", line 588, in log_section
    log_func(f"  {title}")
Message: '  \U0001f4c4 Completed: STRUCTURAL'
Arguments: ()
2025-11-01 01:16:01,263 - __main__ - INFO - ============================================================
2025-11-01 01:16:01,263 - __main__ - INFO - ============================================================
2025-11-01 01:16:01,263 - __main__ - INFO--- Logging error ---
Traceback (most recent call last):
  File "C:\Users\Dimon\AppData\Local\Programs\Python\Python313\Lib\logging\__init__.py", line 1154, in emit
    stream.write(msg + self.terminator)
    ~~~~~~~~~~~~^^^^^^^^^^^^^^^^^^^^^^^
  File "C:\Users\Dimon\AppData\Local\Programs\Python\Python313\Lib\site-packages\colorama\ansitowin32.py", line 47, in write
    self.__convertor.write(text)
    ~~~~~~~~~~~~~~~~~~~~~~^^^^^^
  File "C:\Users\Dimon\AppData\Local\Programs\Python\Python313\Lib\site-packages\colorama\ansitowin32.py", line 177, in write
    self.write_and_convert(text)
    ~~~~~~~~~~~~~~~~~~~~~~^^^^^^
  File "C:\Users\Dimon\AppData\Local\Programs\Python\Python313\Lib\site-packages\colorama\ansitowin32.py", line 205, in write_and_convert
    self.write_plain_text(text, cursor, len(text))
    ~~~~~~~~~~~~~~~~~~~~~^^^^^^^^^^^^^^^^^^^^^^^^^
  File "C:\Users\Dimon\AppData\Local\Programs\Python\Python313\Lib\site-packages\colorama\ansitowin32.py", line 210, in write_plain_text
    self.wrapped.write(text[start:end])
    ~~~~~~~~~~~~~~~~~~^^^^^^^^^^^^^^^^^
  File "C:\Users\Dimon\AppData\Local\Programs\Python\Python313\Lib\encodings\cp1251.py", line 19, in encode
    return codecs.charmap_encode(input,self.errors,encoding_table)[0]
           ~~~~~~~~~~~~~~~~~~~~~^^^^^^^^^^^^^^^^^^^^^^^^^^^^^^^^^^
UnicodeEncodeError: 'charmap' codec can't encode character '\U0001f4d6' in position 5: character maps to <undefined>
Call stack:
  File "C:\scripts\1repo\run_mvp.py", line 680, in <module>
    main()
  File "C:\scripts\1repo\run_mvp.py", line 652, in main
    results = orchestrator.run_single(
  File "C:\scripts\1repo\run_mvp.py", line 222, in run_single
    log_stage(logger, stage, "Starting")
  File "C:\scripts\1repo\am_logging.py", line 613, in log_stage
    log_section(logger, f"{emoji} {action}: {stage.upper()}", "INFO")
  File "C:\scripts\1repo\am_logging.py", line 588, in log_section
    log_func(f"  {title}")
Message: '  \U0001f4d6 Starting: STRUCTURE_DETECT'
Arguments: ()
2025-11-01 01:16:01,263 - __main__ - INFO - ============================================================
2025-11-01 01:16:01,264 - am_common - INFO - Loading config: config\batch_full.yaml
2025-11-01 01:16:01,279 - am_common - INFO - Config loaded successfully
2025-11-01 01:16:01,280 - am_structure_detect - INFO - Processing: continuous_discovery_habits_-_teresa_torres.dataset.jsonl
2025-11-01 01:16:01,280 - am_common - INFO - Loading dataset: C:\scripts\1repo\data\datasets\structural\continuous_discovery_habits_-_teresa_torres.dataset.jsonl
2025-11-01 01:16:01,283 - am_common - INFO - Loaded: 201 cards from continuous_discovery_habits_-_teresa_torres.dataset.jsonl
2025-11-01 01:16:01,284 - am_structure_detect - INFO - TOC found: pages 5-5
2025-11-01 01:16:01,285 - am_structure_detect - INFO - Detected 1 chapters
2025-11-01 01:16:01,286 - am_structure_detect - INFO - Detected 0 sections
2025-11-01 01:16:01,286 - am_common - INFO - Saving dataset: C:\scripts\1repo\data\datasets\structured\continuous_discovery_habits_-_teresa_torres.dataset.jsonl (201 cards)
2025-11-01 01:16:01,290 - am_common - INFO - Saved: 201 cards to continuous_discovery_habits_-_teresa_torres.dataset.jsonl (435.22 KB)
2025-11-01 01:16:01,290 - quality_tracker - INFO - Starting: track_quality
2025-11-01 01:16:01,291 - quality_tracker - INFO - structure_detect metrics:
2025-11-01 01:16:01,291 - quality_tracker - INFO -   total_pages: 201
2025-11-01 01:16:01,291 - quality_tracker - INFO -   chapters_detected: 1
2025-11-01 01:16:01,291 - quality_tracker - INFO -   sections_detected: 0
2025-11-01 01:16:01,291 - quality_tracker - INFO -   pages_with_structure: 30
2025-11-01 01:16:01,291 - quality_tracker - INFO -   structure_coverage: 0.1493
2025-11-01 01:16:01,291 - quality_tracker - INFO -   avg_chapter_length: 201.0000
2025-11-01 01:16:01,291 - quality_tracker - INFO--- Logging error ---
Traceback (most recent call last):
  File "C:\Users\Dimon\AppData\Local\Programs\Python\Python313\Lib\logging\__init__.py", line 1154, in emit
    stream.write(msg + self.terminator)
    ~~~~~~~~~~~~^^^^^^^^^^^^^^^^^^^^^^^
  File "C:\Users\Dimon\AppData\Local\Programs\Python\Python313\Lib\site-packages\colorama\ansitowin32.py", line 47, in write
    self.__convertor.write(text)
    ~~~~~~~~~~~~~~~~~~~~~~^^^^^^
  File "C:\Users\Dimon\AppData\Local\Programs\Python\Python313\Lib\site-packages\colorama\ansitowin32.py", line 177, in write
    self.write_and_convert(text)
    ~~~~~~~~~~~~~~~~~~~~~~^^^^^^
  File "C:\Users\Dimon\AppData\Local\Programs\Python\Python313\Lib\site-packages\colorama\ansitowin32.py", line 205, in write_and_convert
    self.write_plain_text(text, cursor, len(text))
    ~~~~~~~~~~~~~~~~~~~~~^^^^^^^^^^^^^^^^^^^^^^^^^
  File "C:\Users\Dimon\AppData\Local\Programs\Python\Python313\Lib\site-packages\colorama\ansitowin32.py", line 210, in write_plain_text
    self.wrapped.write(text[start:end])
    ~~~~~~~~~~~~~~~~~~^^^^^^^^^^^^^^^^^
  File "C:\Users\Dimon\AppData\Local\Programs\Python\Python313\Lib\encodings\cp1251.py", line 19, in encode
    return codecs.charmap_encode(input,self.errors,encoding_table)[0]
           ~~~~~~~~~~~~~~~~~~~~~^^^^^^^^^^^^^^^^^^^^^^^^^^^^^^^^^^
UnicodeEncodeError: 'charmap' codec can't encode character '\u2713' in position 3: character maps to <undefined>
Call stack:
  File "C:\scripts\1repo\run_mvp.py", line 680, in <module>
    main()
  File "C:\scripts\1repo\run_mvp.py", line 652, in main
    results = orchestrator.run_single(
  File "C:\scripts\1repo\run_mvp.py", line 226, in run_single
    stage_result = self._run_stage(stage, current_input)
  File "C:\scripts\1repo\run_mvp.py", line 419, in _run_stage
    return processor.process_dataset(input_path, output_dir)
  File "C:\scripts\1repo\am_structure_detect.py", line 309, in process_dataset
    self.quality_tracker.track('structure_detect', input_path.name, metrics)
  File "C:\scripts\1repo\quality_tracker.py", line 171, in track
    logger.info(f"\u2713 Quality thresholds passed for {stage}")
Message: '\u2713 Quality thresholds passed for structure_detect'
Arguments: ()
2025-11-01 01:16:01,292 - quality_tracker - INFO - Completed: track_quality (0.00s)
2025-11-01 01:16:01,292 - am_structure_detect - INFO - Saved: continuous_discovery_habits_-_teresa_torres.dataset.jsonl
2025-11-01 01:16:01,292 - __main__ - ERROR - Validation failed: Unknown stage: structure_detect
2025-11-01 01:16:01,292 - __main__ - WARNING - Validation issues: 1 errors
2025-11-01 01:16:01,292 - __main__ - INFO - ============================================================
2025-11-01 01:16:01,292 - __main__ - INFO--- Logging error ---
Traceback (most recent call last):
  File "C:\Users\Dimon\AppData\Local\Programs\Python\Python313\Lib\logging\__init__.py", line 1154, in emit
    stream.write(msg + self.terminator)
    ~~~~~~~~~~~~^^^^^^^^^^^^^^^^^^^^^^^
  File "C:\Users\Dimon\AppData\Local\Programs\Python\Python313\Lib\site-packages\colorama\ansitowin32.py", line 47, in write
    self.__convertor.write(text)
    ~~~~~~~~~~~~~~~~~~~~~~^^^^^^
  File "C:\Users\Dimon\AppData\Local\Programs\Python\Python313\Lib\site-packages\colorama\ansitowin32.py", line 177, in write
    self.write_and_convert(text)
    ~~~~~~~~~~~~~~~~~~~~~~^^^^^^
  File "C:\Users\Dimon\AppData\Local\Programs\Python\Python313\Lib\site-packages\colorama\ansitowin32.py", line 205, in write_and_convert
    self.write_plain_text(text, cursor, len(text))
    ~~~~~~~~~~~~~~~~~~~~~^^^^^^^^^^^^^^^^^^^^^^^^^
  File "C:\Users\Dimon\AppData\Local\Programs\Python\Python313\Lib\site-packages\colorama\ansitowin32.py", line 210, in write_plain_text
    self.wrapped.write(text[start:end])
    ~~~~~~~~~~~~~~~~~~^^^^^^^^^^^^^^^^^
  File "C:\Users\Dimon\AppData\Local\Programs\Python\Python313\Lib\encodings\cp1251.py", line 19, in encode
    return codecs.charmap_encode(input,self.errors,encoding_table)[0]
           ~~~~~~~~~~~~~~~~~~~~~^^^^^^^^^^^^^^^^^^^^^^^^^^^^^^^^^^
UnicodeEncodeError: 'charmap' codec can't encode character '\U0001f4d6' in position 5: character maps to <undefined>
Call stack:
  File "C:\scripts\1repo\run_mvp.py", line 680, in <module>
    main()
  File "C:\scripts\1repo\run_mvp.py", line 652, in main
    results = orchestrator.run_single(
  File "C:\scripts\1repo\run_mvp.py", line 253, in run_single
    log_stage(logger, stage, "Completed")
  File "C:\scripts\1repo\am_logging.py", line 613, in log_stage
    log_section(logger, f"{emoji} {action}: {stage.upper()}", "INFO")
  File "C:\scripts\1repo\am_logging.py", line 588, in log_section
    log_func(f"  {title}")
Message: '  \U0001f4d6 Completed: STRUCTURE_DETECT'
Arguments: ()
2025-11-01 01:16:01,293 - __main__ - INFO - ============================================================
2025-11-01 01:16:01,293 - __main__ - INFO - ============================================================
2025-11-01 01:16:01,293 - __main__ - INFO--- Logging error ---
Traceback (most recent call last):
  File "C:\Users\Dimon\AppData\Local\Programs\Python\Python313\Lib\logging\__init__.py", line 1154, in emit
    stream.write(msg + self.terminator)
    ~~~~~~~~~~~~^^^^^^^^^^^^^^^^^^^^^^^
  File "C:\Users\Dimon\AppData\Local\Programs\Python\Python313\Lib\site-packages\colorama\ansitowin32.py", line 47, in write
    self.__convertor.write(text)
    ~~~~~~~~~~~~~~~~~~~~~~^^^^^^
  File "C:\Users\Dimon\AppData\Local\Programs\Python\Python313\Lib\site-packages\colorama\ansitowin32.py", line 177, in write
    self.write_and_convert(text)
    ~~~~~~~~~~~~~~~~~~~~~~^^^^^^
  File "C:\Users\Dimon\AppData\Local\Programs\Python\Python313\Lib\site-packages\colorama\ansitowin32.py", line 205, in write_and_convert
    self.write_plain_text(text, cursor, len(text))
    ~~~~~~~~~~~~~~~~~~~~~^^^^^^^^^^^^^^^^^^^^^^^^^
  File "C:\Users\Dimon\AppData\Local\Programs\Python\Python313\Lib\site-packages\colorama\ansitowin32.py", line 210, in write_plain_text
    self.wrapped.write(text[start:end])
    ~~~~~~~~~~~~~~~~~~^^^^^^^^^^^^^^^^^
  File "C:\Users\Dimon\AppData\Local\Programs\Python\Python313\Lib\encodings\cp1251.py", line 19, in encode
    return codecs.charmap_encode(input,self.errors,encoding_table)[0]
           ~~~~~~~~~~~~~~~~~~~~~^^^^^^^^^^^^^^^^^^^^^^^^^^^^^^^^^^
UnicodeEncodeError: 'charmap' codec can't encode character '\U0001f4dd' in position 5: character maps to <undefined>
Call stack:
  File "C:\scripts\1repo\run_mvp.py", line 680, in <module>
    main()
  File "C:\scripts\1repo\run_mvp.py", line 652, in main
    results = orchestrator.run_single(
  File "C:\scripts\1repo\run_mvp.py", line 222, in run_single
    log_stage(logger, stage, "Starting")
  File "C:\scripts\1repo\am_logging.py", line 613, in log_stage
    log_section(logger, f"{emoji} {action}: {stage.upper()}", "INFO")
  File "C:\scripts\1repo\am_logging.py", line 588, in log_section
    log_func(f"  {title}")
Message: '  \U0001f4dd Starting: SUMMARIZE'
Arguments: ()
2025-11-01 01:16:01,294 - __main__ - INFO - ============================================================
2025-11-01 01:16:01,294 - am_common - INFO - Loading config: config\batch_full.yaml
2025-11-01 01:16:01,309 - am_common - INFO - Config loaded successfully
2025-11-01 01:16:01,310 - am_summarize - INFO - Processing: continuous_discovery_habits_-_teresa_torres.dataset.jsonl
2025-11-01 01:16:01,310 - am_common - INFO - Loading dataset: C:\scripts\1repo\data\datasets\structured\continuous_discovery_habits_-_teresa_torres.dataset.jsonl
2025-11-01 01:16:01,324 - am_common - INFO - Loaded: 201 cards from continuous_discovery_habits_-_teresa_torres.dataset.jsonl
2025-11-01 01:16:01,453 - am_summarize - INFO - Summarized 193 pages, skipped 8
2025-11-01 01:16:01,453 - am_common - INFO - Saving dataset: C:\scripts\1repo\data\datasets\summarized\continuous_discovery_habits_-_teresa_torres.dataset.jsonl (201 cards)
2025-11-01 01:16:01,458 - am_common - INFO - Saved: 201 cards to continuous_discovery_habits_-_teresa_torres.dataset.jsonl (584.58 KB)
2025-11-01 01:16:01,458 - quality_tracker - INFO - Starting: track_quality
2025-11-01 01:16:01,459 - quality_tracker - INFO - summarize metrics:
2025-11-01 01:16:01,459 - quality_tracker - INFO -   total_pages: 201
2025-11-01 01:16:01,459 - quality_tracker - INFO -   summarized_pages: 193
2025-11-01 01:16:01,459 - quality_tracker - INFO -   skipped_pages: 8
2025-11-01 01:16:01,459 - quality_tracker - INFO -   summary_coverage: 0.9602
2025-11-01 01:16:01,459 - quality_tracker - INFO -   avg_l1_length: 222.4611
2025-11-01 01:16:01,459 - quality_tracker - INFO -   avg_l2_length: 518.5648
2025-11-01 01:16:01,459 - quality_tracker - INFO -   avg_compression_ratio: 9.2800
2025-11-01 01:16:01,459 - quality_tracker - INFO--- Logging error ---
Traceback (most recent call last):
  File "C:\Users\Dimon\AppData\Local\Programs\Python\Python313\Lib\logging\__init__.py", line 1154, in emit
    stream.write(msg + self.terminator)
    ~~~~~~~~~~~~^^^^^^^^^^^^^^^^^^^^^^^
  File "C:\Users\Dimon\AppData\Local\Programs\Python\Python313\Lib\site-packages\colorama\ansitowin32.py", line 47, in write
    self.__convertor.write(text)
    ~~~~~~~~~~~~~~~~~~~~~~^^^^^^
  File "C:\Users\Dimon\AppData\Local\Programs\Python\Python313\Lib\site-packages\colorama\ansitowin32.py", line 177, in write
    self.write_and_convert(text)
    ~~~~~~~~~~~~~~~~~~~~~~^^^^^^
  File "C:\Users\Dimon\AppData\Local\Programs\Python\Python313\Lib\site-packages\colorama\ansitowin32.py", line 205, in write_and_convert
    self.write_plain_text(text, cursor, len(text))
    ~~~~~~~~~~~~~~~~~~~~~^^^^^^^^^^^^^^^^^^^^^^^^^
  File "C:\Users\Dimon\AppData\Local\Programs\Python\Python313\Lib\site-packages\colorama\ansitowin32.py", line 210, in write_plain_text
    self.wrapped.write(text[start:end])
    ~~~~~~~~~~~~~~~~~~^^^^^^^^^^^^^^^^^
  File "C:\Users\Dimon\AppData\Local\Programs\Python\Python313\Lib\encodings\cp1251.py", line 19, in encode
    return codecs.charmap_encode(input,self.errors,encoding_table)[0]
           ~~~~~~~~~~~~~~~~~~~~~^^^^^^^^^^^^^^^^^^^^^^^^^^^^^^^^^^
UnicodeEncodeError: 'charmap' codec can't encode character '\u2713' in position 3: character maps to <undefined>
Call stack:
  File "C:\scripts\1repo\run_mvp.py", line 680, in <module>
    main()
  File "C:\scripts\1repo\run_mvp.py", line 652, in main
    results = orchestrator.run_single(
  File "C:\scripts\1repo\run_mvp.py", line 226, in run_single
    stage_result = self._run_stage(stage, current_input)
  File "C:\scripts\1repo\run_mvp.py", line 419, in _run_stage
    return processor.process_dataset(input_path, output_dir)
  File "C:\scripts\1repo\am_summarize.py", line 281, in process_dataset
    self.quality_tracker.track('summarize', input_path.name, metrics)
  File "C:\scripts\1repo\quality_tracker.py", line 171, in track
    logger.info(f"\u2713 Quality thresholds passed for {stage}")
Message: '\u2713 Quality thresholds passed for summarize'
Arguments: ()
2025-11-01 01:16:01,460 - quality_tracker - INFO - Completed: track_quality (0.00s)
2025-11-01 01:16:01,460 - am_summarize - INFO - Saved: continuous_discovery_habits_-_teresa_torres.dataset.jsonl
2025-11-01 01:16:01,460 - __main__ - ERROR - Validation failed: Unknown stage: summarize
2025-11-01 01:16:01,460 - __main__ - WARNING - Validation issues: 1 errors
2025-11-01 01:16:01,461 - __main__ - INFO - ============================================================
2025-11-01 01:16:01,461 - __main__ - INFO--- Logging error ---
Traceback (most recent call last):
  File "C:\Users\Dimon\AppData\Local\Programs\Python\Python313\Lib\logging\__init__.py", line 1154, in emit
    stream.write(msg + self.terminator)
    ~~~~~~~~~~~~^^^^^^^^^^^^^^^^^^^^^^^
  File "C:\Users\Dimon\AppData\Local\Programs\Python\Python313\Lib\site-packages\colorama\ansitowin32.py", line 47, in write
    self.__convertor.write(text)
    ~~~~~~~~~~~~~~~~~~~~~~^^^^^^
  File "C:\Users\Dimon\AppData\Local\Programs\Python\Python313\Lib\site-packages\colorama\ansitowin32.py", line 177, in write
    self.write_and_convert(text)
    ~~~~~~~~~~~~~~~~~~~~~~^^^^^^
  File "C:\Users\Dimon\AppData\Local\Programs\Python\Python313\Lib\site-packages\colorama\ansitowin32.py", line 205, in write_and_convert
    self.write_plain_text(text, cursor, len(text))
    ~~~~~~~~~~~~~~~~~~~~~^^^^^^^^^^^^^^^^^^^^^^^^^
  File "C:\Users\Dimon\AppData\Local\Programs\Python\Python313\Lib\site-packages\colorama\ansitowin32.py", line 210, in write_plain_text
    self.wrapped.write(text[start:end])
    ~~~~~~~~~~~~~~~~~~^^^^^^^^^^^^^^^^^
  File "C:\Users\Dimon\AppData\Local\Programs\Python\Python313\Lib\encodings\cp1251.py", line 19, in encode
    return codecs.charmap_encode(input,self.errors,encoding_table)[0]
           ~~~~~~~~~~~~~~~~~~~~~^^^^^^^^^^^^^^^^^^^^^^^^^^^^^^^^^^
UnicodeEncodeError: 'charmap' codec can't encode character '\U0001f4dd' in position 5: character maps to <undefined>
Call stack:
  File "C:\scripts\1repo\run_mvp.py", line 680, in <module>
    main()
  File "C:\scripts\1repo\run_mvp.py", line 652, in main
    results = orchestrator.run_single(
  File "C:\scripts\1repo\run_mvp.py", line 253, in run_single
    log_stage(logger, stage, "Completed")
  File "C:\scripts\1repo\am_logging.py", line 613, in log_stage
    log_section(logger, f"{emoji} {action}: {stage.upper()}", "INFO")
  File "C:\scripts\1repo\am_logging.py", line 588, in log_section
    log_func(f"  {title}")
Message: '  \U0001f4dd Completed: SUMMARIZE'
Arguments: ()
2025-11-01 01:16:01,461 - __main__ - INFO - ============================================================
2025-11-01 01:16:01,461 - __main__ - INFO - ============================================================
2025-11-01 01:16:01,461 - __main__ - INFO--- Logging error ---
Traceback (most recent call last):
  File "C:\Users\Dimon\AppData\Local\Programs\Python\Python313\Lib\logging\__init__.py", line 1154, in emit
    stream.write(msg + self.terminator)
    ~~~~~~~~~~~~^^^^^^^^^^^^^^^^^^^^^^^
  File "C:\Users\Dimon\AppData\Local\Programs\Python\Python313\Lib\site-packages\colorama\ansitowin32.py", line 47, in write
    self.__convertor.write(text)
    ~~~~~~~~~~~~~~~~~~~~~~^^^^^^
  File "C:\Users\Dimon\AppData\Local\Programs\Python\Python313\Lib\site-packages\colorama\ansitowin32.py", line 177, in write
    self.write_and_convert(text)
    ~~~~~~~~~~~~~~~~~~~~~~^^^^^^
  File "C:\Users\Dimon\AppData\Local\Programs\Python\Python313\Lib\site-packages\colorama\ansitowin32.py", line 205, in write_and_convert
    self.write_plain_text(text, cursor, len(text))
    ~~~~~~~~~~~~~~~~~~~~~^^^^^^^^^^^^^^^^^^^^^^^^^
  File "C:\Users\Dimon\AppData\Local\Programs\Python\Python313\Lib\site-packages\colorama\ansitowin32.py", line 210, in write_plain_text
    self.wrapped.write(text[start:end])
    ~~~~~~~~~~~~~~~~~~^^^^^^^^^^^^^^^^^
  File "C:\Users\Dimon\AppData\Local\Programs\Python\Python313\Lib\encodings\cp1251.py", line 19, in encode
    return codecs.charmap_encode(input,self.errors,encoding_table)[0]
           ~~~~~~~~~~~~~~~~~~~~~^^^^^^^^^^^^^^^^^^^^^^^^^^^^^^^^^^
UnicodeEncodeError: 'charmap' codec can't encode character '\U0001f916' in position 5: character maps to <undefined>
Call stack:
  File "C:\scripts\1repo\run_mvp.py", line 680, in <module>
    main()
  File "C:\scripts\1repo\run_mvp.py", line 652, in main
    results = orchestrator.run_single(
  File "C:\scripts\1repo\run_mvp.py", line 222, in run_single
    log_stage(logger, stage, "Starting")
  File "C:\scripts\1repo\am_logging.py", line 613, in log_stage
    log_section(logger, f"{emoji} {action}: {stage.upper()}", "INFO")
  File "C:\scripts\1repo\am_logging.py", line 588, in log_section
    log_func(f"  {title}")
Message: '  \U0001f916 Starting: EXTENDED'
Arguments: ()
2025-11-01 01:16:01,462 - __main__ - INFO - ============================================================
2025-11-01 01:16:01,462 - am_common - INFO - Loading config: config\batch_full.yaml
2025-11-01 01:16:01,477 - am_common - INFO - Config loaded successfully
2025-11-01 01:16:01,509 - am_extended - INFO - Ollama available, using model: llama3.2:3b
2025-11-01 01:16:01,509 - am_extended - INFO - Processing: continuous_discovery_habits_-_teresa_torres.dataset.jsonl
2025-11-01 01:16:01,509 - am_common - INFO - Loading dataset: C:\scripts\1repo\data\datasets\summarized\continuous_discovery_habits_-_teresa_torres.dataset.jsonl
2025-11-01 01:16:01,522 - am_common - INFO - Loaded: 201 cards from continuous_discovery_habits_-_teresa_torres.dataset.jsonl
2025-11-01 01:16:01,528 - am_extended - INFO - Marked 0 duplicate pages
2025-11-01 01:16:01,550 - am_extended - INFO - Found 39 continuity gaps
2025-11-01 01:16:01,550 - am_extended - INFO - Extracting extended fields (this may take a while)...
2025-11-01 01:16:01,570 - am_extended - ERROR - Ollama API error: 404
2025-11-01 01:16:01,585 - am_extended - ERROR - Ollama API error: 404
2025-11-01 01:16:01,615 - am_extended - ERROR - Ollama API error: 404
2025-11-01 01:16:01,647 - am_extended - ERROR - Ollama API error: 404
2025-11-01 01:16:01,663 - am_extended - ERROR - Ollama API error: 404
2025-11-01 01:16:01,693 - am_extended - ERROR - Ollama API error: 404
2025-11-01 01:16:01,724 - am_extended - ERROR - Ollama API error: 404
2025-11-01 01:16:01,724 - am_extended - INFO -   Processed 10/201 pages
2025-11-01 01:16:01,756 - am_extended - ERROR - Ollama API error: 404
2025-11-01 01:16:01,771 - am_extended - ERROR - Ollama API error: 404
2025-11-01 01:16:01,787 - am_extended - ERROR - Ollama API error: 404
2025-11-01 01:16:01,803 - am_extended - ERROR - Ollama API error: 404
2025-11-01 01:16:01,818 - am_extended - ERROR - Ollama API error: 404
2025-11-01 01:16:01,849 - am_extended - ERROR - Ollama API error: 404
2025-11-01 01:16:01,880 - am_extended - ERROR - Ollama API error: 404
2025-11-01 01:16:01,911 - am_extended - ERROR - Ollama API error: 404
2025-11-01 01:16:01,927 - am_extended - ERROR - Ollama API error: 404
2025-11-01 01:16:01,927 - am_extended - INFO -   Processed 20/201 pages
2025-11-01 01:16:01,957 - am_extended - ERROR - Ollama API error: 404
2025-11-01 01:16:01,988 - am_extended - ERROR - Ollama API error: 404
2025-11-01 01:16:02,003 - am_extended - ERROR - Ollama API error: 404
2025-11-01 01:16:02,034 - am_extended - ERROR - Ollama API error: 404
2025-11-01 01:16:02,048 - am_extended - ERROR - Ollama API error: 404
2025-11-01 01:16:02,064 - am_extended - ERROR - Ollama API error: 404
2025-11-01 01:16:02,079 - am_extended - ERROR - Ollama API error: 404
2025-11-01 01:16:02,110 - am_extended - ERROR - Ollama API error: 404
2025-11-01 01:16:02,142 - am_extended - ERROR - Ollama API error: 404
2025-11-01 01:16:02,172 - am_extended - ERROR - Ollama API error: 404
2025-11-01 01:16:02,173 - am_extended - INFO -   Processed 30/201 pages
2025-11-01 01:16:02,202 - am_extended - ERROR - Ollama API error: 404
2025-11-01 01:16:02,233 - am_extended - ERROR - Ollama API error: 404
2025-11-01 01:16:02,264 - am_extended - ERROR - Ollama API error: 404
2025-11-01 01:16:02,294 - am_extended - ERROR - Ollama API error: 404
2025-11-01 01:16:02,324 - am_extended - ERROR - Ollama API error: 404
2025-11-01 01:16:02,356 - am_extended - ERROR - Ollama API error: 404
2025-11-01 01:16:02,387 - am_extended - ERROR - Ollama API error: 404
2025-11-01 01:16:02,417 - am_extended - ERROR - Ollama API error: 404
2025-11-01 01:16:02,447 - am_extended - ERROR - Ollama API error: 404
2025-11-01 01:16:02,477 - am_extended - ERROR - Ollama API error: 404
2025-11-01 01:16:02,477 - am_extended - INFO -   Processed 40/201 pages
2025-11-01 01:16:02,493 - am_extended - ERROR - Ollama API error: 404
2025-11-01 01:16:02,523 - am_extended - ERROR - Ollama API error: 404
2025-11-01 01:16:02,554 - am_extended - ERROR - Ollama API error: 404
2025-11-01 01:16:02,570 - am_extended - ERROR - Ollama API error: 404
2025-11-01 01:16:02,585 - am_extended - ERROR - Ollama API error: 404
2025-11-01 01:16:02,615 - am_extended - ERROR - Ollama API error: 404
2025-11-01 01:16:02,631 - am_extended - ERROR - Ollama API error: 404
2025-11-01 01:16:02,660 - am_extended - ERROR - Ollama API error: 404
2025-11-01 01:16:02,691 - am_extended - ERROR - Ollama API error: 404
2025-11-01 01:16:02,722 - am_extended - ERROR - Ollama API error: 404
2025-11-01 01:16:02,722 - am_extended - INFO -   Processed 50/201 pages
2025-11-01 01:16:02,739 - am_extended - ERROR - Ollama API error: 404
2025-11-01 01:16:02,768 - am_extended - ERROR - Ollama API error: 404
2025-11-01 01:16:02,784 - am_extended - ERROR - Ollama API error: 404
2025-11-01 01:16:02,799 - am_extended - ERROR - Ollama API error: 404
2025-11-01 01:16:02,830 - am_extended - ERROR - Ollama API error: 404
2025-11-01 01:16:02,845 - am_extended - ERROR - Ollama API error: 404
2025-11-01 01:16:02,875 - am_extended - ERROR - Ollama API error: 404
2025-11-01 01:16:02,906 - am_extended - ERROR - Ollama API error: 404
2025-11-01 01:16:02,936 - am_extended - ERROR - Ollama API error: 404
2025-11-01 01:16:02,936 - am_extended - INFO -   Processed 60/201 pages
2025-11-01 01:16:02,967 - am_extended - ERROR - Ollama API error: 404
2025-11-01 01:16:02,998 - am_extended - ERROR - Ollama API error: 404
2025-11-01 01:16:03,013 - am_extended - ERROR - Ollama API error: 404
2025-11-01 01:16:03,044 - am_extended - ERROR - Ollama API error: 404
2025-11-01 01:16:03,075 - am_extended - ERROR - Ollama API error: 404
2025-11-01 01:16:03,105 - am_extended - ERROR - Ollama API error: 404
2025-11-01 01:16:03,121 - am_extended - ERROR - Ollama API error: 404
2025-11-01 01:16:03,152 - am_extended - ERROR - Ollama API error: 404
2025-11-01 01:16:03,183 - am_extended - ERROR - Ollama API error: 404
2025-11-01 01:16:03,213 - am_extended - ERROR - Ollama API error: 404
2025-11-01 01:16:03,213 - am_extended - INFO -   Processed 70/201 pages
2025-11-01 01:16:03,244 - am_extended - ERROR - Ollama API error: 404
2025-11-01 01:16:03,261 - am_extended - ERROR - Ollama API error: 404
2025-11-01 01:16:03,291 - am_extended - ERROR - Ollama API error: 404
2025-11-01 01:16:03,322 - am_extended - ERROR - Ollama API error: 404
2025-11-01 01:16:03,353 - am_extended - ERROR - Ollama API error: 404
2025-11-01 01:16:03,370 - am_extended - ERROR - Ollama API error: 404
2025-11-01 01:16:03,400 - am_extended - ERROR - Ollama API error: 404
2025-11-01 01:16:03,431 - am_extended - ERROR - Ollama API error: 404
2025-11-01 01:16:03,447 - am_extended - ERROR - Ollama API error: 404
2025-11-01 01:16:03,476 - am_extended - ERROR - Ollama API error: 404
2025-11-01 01:16:03,477 - am_extended - INFO -   Processed 80/201 pages
2025-11-01 01:16:03,508 - am_extended - ERROR - Ollama API error: 404
2025-11-01 01:16:03,539 - am_extended - ERROR - Ollama API error: 404
2025-11-01 01:16:03,555 - am_extended - ERROR - Ollama API error: 404
2025-11-01 01:16:03,571 - am_extended - ERROR - Ollama API error: 404
2025-11-01 01:16:03,600 - am_extended - ERROR - Ollama API error: 404
2025-11-01 01:16:03,630 - am_extended - ERROR - Ollama API error: 404
2025-11-01 01:16:03,646 - am_extended - ERROR - Ollama API error: 404
2025-11-01 01:16:03,662 - am_extended - ERROR - Ollama API error: 404
2025-11-01 01:16:03,692 - am_extended - ERROR - Ollama API error: 404
2025-11-01 01:16:03,722 - am_extended - ERROR - Ollama API error: 404
2025-11-01 01:16:03,722 - am_extended - INFO -   Processed 90/201 pages
2025-11-01 01:16:03,753 - am_extended - ERROR - Ollama API error: 404
2025-11-01 01:16:03,783 - am_extended - ERROR - Ollama API error: 404
2025-11-01 01:16:03,814 - am_extended - ERROR - Ollama API error: 404
2025-11-01 01:16:03,844 - am_extended - ERROR - Ollama API error: 404
2025-11-01 01:16:03,875 - am_extended - ERROR - Ollama API error: 404
2025-11-01 01:16:03,892 - am_extended - ERROR - Ollama API error: 404
2025-11-01 01:16:03,922 - am_extended - ERROR - Ollama API error: 404
2025-11-01 01:16:03,953 - am_extended - ERROR - Ollama API error: 404
2025-11-01 01:16:03,984 - am_extended - ERROR - Ollama API error: 404
2025-11-01 01:16:03,985 - am_extended - INFO -   Processed 100/201 pages
2025-11-01 01:16:04,015 - am_extended - ERROR - Ollama API error: 404
2025-11-01 01:16:04,030 - am_extended - ERROR - Ollama API error: 404
2025-11-01 01:16:04,061 - am_extended - ERROR - Ollama API error: 404
2025-11-01 01:16:04,092 - am_extended - ERROR - Ollama API error: 404
2025-11-01 01:16:04,124 - am_extended - ERROR - Ollama API error: 404
2025-11-01 01:16:04,155 - am_extended - ERROR - Ollama API error: 404
2025-11-01 01:16:04,186 - am_extended - ERROR - Ollama API error: 404
2025-11-01 01:16:04,201 - am_extended - ERROR - Ollama API error: 404
2025-11-01 01:16:04,217 - am_extended - ERROR - Ollama API error: 404
2025-11-01 01:16:04,247 - am_extended - ERROR - Ollama API error: 404
2025-11-01 01:16:04,247 - am_extended - INFO -   Processed 110/201 pages
2025-11-01 01:16:04,263 - am_extended - ERROR - Ollama API error: 404
2025-11-01 01:16:04,293 - am_extended - ERROR - Ollama API error: 404
2025-11-01 01:16:04,323 - am_extended - ERROR - Ollama API error: 404
2025-11-01 01:16:04,354 - am_extended - ERROR - Ollama API error: 404
2025-11-01 01:16:04,385 - am_extended - ERROR - Ollama API error: 404
2025-11-01 01:16:04,416 - am_extended - ERROR - Ollama API error: 404
2025-11-01 01:16:04,446 - am_extended - ERROR - Ollama API error: 404
2025-11-01 01:16:04,476 - am_extended - ERROR - Ollama API error: 404
2025-11-01 01:16:04,506 - am_extended - ERROR - Ollama API error: 404
2025-11-01 01:16:04,537 - am_extended - ERROR - Ollama API error: 404
2025-11-01 01:16:04,538 - am_extended - INFO -   Processed 120/201 pages
2025-11-01 01:16:04,553 - am_extended - ERROR - Ollama API error: 404
2025-11-01 01:16:04,584 - am_extended - ERROR - Ollama API error: 404
2025-11-01 01:16:04,615 - am_extended - ERROR - Ollama API error: 404
2025-11-01 01:16:04,632 - am_extended - ERROR - Ollama API error: 404
2025-11-01 01:16:04,663 - am_extended - ERROR - Ollama API error: 404
2025-11-01 01:16:04,693 - am_extended - ERROR - Ollama API error: 404
2025-11-01 01:16:04,710 - am_extended - ERROR - Ollama API error: 404
2025-11-01 01:16:04,726 - am_extended - ERROR - Ollama API error: 404
2025-11-01 01:16:04,741 - am_extended - ERROR - Ollama API error: 404
2025-11-01 01:16:04,771 - am_extended - ERROR - Ollama API error: 404
2025-11-01 01:16:04,771 - am_extended - INFO -   Processed 130/201 pages
2025-11-01 01:16:04,801 - am_extended - ERROR - Ollama API error: 404
2025-11-01 01:16:04,831 - am_extended - ERROR - Ollama API error: 404
2025-11-01 01:16:04,862 - am_extended - ERROR - Ollama API error: 404
2025-11-01 01:16:04,877 - am_extended - ERROR - Ollama API error: 404
2025-11-01 01:16:04,893 - am_extended - ERROR - Ollama API error: 404
2025-11-01 01:16:04,924 - am_extended - ERROR - Ollama API error: 404
2025-11-01 01:16:04,955 - am_extended - ERROR - Ollama API error: 404
2025-11-01 01:16:04,986 - am_extended - ERROR - Ollama API error: 404
2025-11-01 01:16:05,016 - am_extended - ERROR - Ollama API error: 404
2025-11-01 01:16:05,032 - am_extended - ERROR - Ollama API error: 404
2025-11-01 01:16:05,032 - am_extended - INFO -   Processed 140/201 pages
2025-11-01 01:16:05,063 - am_extended - ERROR - Ollama API error: 404
2025-11-01 01:16:05,094 - am_extended - ERROR - Ollama API error: 404
2025-11-01 01:16:05,124 - am_extended - ERROR - Ollama API error: 404
2025-11-01 01:16:05,156 - am_extended - ERROR - Ollama API error: 404
2025-11-01 01:16:05,186 - am_extended - ERROR - Ollama API error: 404
2025-11-01 01:16:05,217 - am_extended - ERROR - Ollama API error: 404
2025-11-01 01:16:05,248 - am_extended - ERROR - Ollama API error: 404
2025-11-01 01:16:05,278 - am_extended - ERROR - Ollama API error: 404
2025-11-01 01:16:05,309 - am_extended - ERROR - Ollama API error: 404
2025-11-01 01:16:05,326 - am_extended - ERROR - Ollama API error: 404
2025-11-01 01:16:05,326 - am_extended - INFO -   Processed 150/201 pages
2025-11-01 01:16:05,356 - am_extended - ERROR - Ollama API error: 404
2025-11-01 01:16:05,387 - am_extended - ERROR - Ollama API error: 404
2025-11-01 01:16:05,418 - am_extended - ERROR - Ollama API error: 404
2025-11-01 01:16:05,448 - am_extended - ERROR - Ollama API error: 404
2025-11-01 01:16:05,479 - am_extended - ERROR - Ollama API error: 404
2025-11-01 01:16:05,510 - am_extended - ERROR - Ollama API error: 404
2025-11-01 01:16:05,541 - am_extended - ERROR - Ollama API error: 404
2025-11-01 01:16:05,571 - am_extended - ERROR - Ollama API error: 404
2025-11-01 01:16:05,602 - am_extended - ERROR - Ollama API error: 404
2025-11-01 01:16:05,618 - am_extended - ERROR - Ollama API error: 404
2025-11-01 01:16:05,618 - am_extended - INFO -   Processed 160/201 pages
2025-11-01 01:16:05,648 - am_extended - ERROR - Ollama API error: 404
2025-11-01 01:16:05,680 - am_extended - ERROR - Ollama API error: 404
2025-11-01 01:16:05,711 - am_extended - ERROR - Ollama API error: 404
2025-11-01 01:16:05,714 - am_extended - ERROR - Ollama API error: 404
2025-11-01 01:16:05,757 - am_extended - ERROR - Ollama API error: 404
2025-11-01 01:16:05,788 - am_extended - ERROR - Ollama API error: 404
2025-11-01 01:16:05,819 - am_extended - ERROR - Ollama API error: 404
2025-11-01 01:16:05,850 - am_extended - ERROR - Ollama API error: 404
2025-11-01 01:16:05,866 - am_extended - ERROR - Ollama API error: 404
2025-11-01 01:16:05,897 - am_extended - ERROR - Ollama API error: 404
2025-11-01 01:16:05,897 - am_extended - INFO -   Processed 170/201 pages
2025-11-01 01:16:05,928 - am_extended - ERROR - Ollama API error: 404
2025-11-01 01:16:05,960 - am_extended - ERROR - Ollama API error: 404
2025-11-01 01:16:05,991 - am_extended - ERROR - Ollama API error: 404
2025-11-01 01:16:06,021 - am_extended - ERROR - Ollama API error: 404
2025-11-01 01:16:06,052 - am_extended - ERROR - Ollama API error: 404
2025-11-01 01:16:06,067 - am_extended - ERROR - Ollama API error: 404
2025-11-01 01:16:06,098 - am_extended - ERROR - Ollama API error: 404
2025-11-01 01:16:06,130 - am_extended - ERROR - Ollama API error: 404
2025-11-01 01:16:06,160 - am_extended - ERROR - Ollama API error: 404
2025-11-01 01:16:06,191 - am_extended - ERROR - Ollama API error: 404
2025-11-01 01:16:06,191 - am_extended - INFO -   Processed 180/201 pages
2025-11-01 01:16:06,222 - am_extended - ERROR - Ollama API error: 404
2025-11-01 01:16:06,253 - am_extended - ERROR - Ollama API error: 404
2025-11-01 01:16:06,283 - am_extended - ERROR - Ollama API error: 404
2025-11-01 01:16:06,315 - am_extended - ERROR - Ollama API error: 404
2025-11-01 01:16:06,346 - am_extended - ERROR - Ollama API error: 404
2025-11-01 01:16:06,376 - am_extended - ERROR - Ollama API error: 404
2025-11-01 01:16:06,407 - am_extended - ERROR - Ollama API error: 404
2025-11-01 01:16:06,437 - am_extended - ERROR - Ollama API error: 404
2025-11-01 01:16:06,467 - am_extended - ERROR - Ollama API error: 404
2025-11-01 01:16:06,468 - am_extended - INFO -   Processed 190/201 pages
2025-11-01 01:16:06,484 - am_extended - ERROR - Ollama API error: 404
2025-11-01 01:16:06,514 - am_extended - ERROR - Ollama API error: 404
2025-11-01 01:16:06,530 - am_extended - ERROR - Ollama API error: 404
2025-11-01 01:16:06,561 - am_extended - ERROR - Ollama API error: 404
2025-11-01 01:16:06,592 - am_extended - ERROR - Ollama API error: 404
2025-11-01 01:16:06,623 - am_extended - ERROR - Ollama API error: 404
2025-11-01 01:16:06,653 - am_extended - ERROR - Ollama API error: 404
2025-11-01 01:16:06,683 - am_extended - ERROR - Ollama API error: 404
2025-11-01 01:16:06,713 - am_extended - ERROR - Ollama API error: 404
2025-11-01 01:16:06,713 - am_extended - INFO - Extracted extended fields for 192 pages
2025-11-01 01:16:06,713 - am_common - INFO - Saving dataset: C:\scripts\1repo\data\datasets\extended\continuous_discovery_habits_-_teresa_torres.dataset.jsonl (201 cards)
2025-11-01 01:16:06,718 - am_common - INFO - Saved: 201 cards to continuous_discovery_habits_-_teresa_torres.dataset.jsonl (655.12 KB)
2025-11-01 01:16:06,718 - quality_tracker - INFO - Starting: track_quality
2025-11-01 01:16:06,719 - quality_tracker - INFO - extended metrics:
2025-11-01 01:16:06,719 - quality_tracker - INFO -   total_cards: 201
2025-11-01 01:16:06,719 - quality_tracker - INFO -   duplicates_found: 0
2025-11-01 01:16:06,719 - quality_tracker - INFO -   duplicate_ratio: 0.0000
2025-11-01 01:16:06,719 - quality_tracker - INFO -   continuity_gaps: 39
2025-11-01 01:16:06,719 - quality_tracker - INFO -   continuity_gap_ratio: 0.1950
2025-11-01 01:16:06,719 - quality_tracker - INFO -   avg_overlap: 0.1370
2025-11-01 01:16:06,719 - quality_tracker - INFO -   extended_fields_extracted: 192
2025-11-01 01:16:06,719 - quality_tracker - INFO -   extraction_coverage: 0.9552
2025-11-01 01:16:06,719 - quality_tracker - INFO -   lm_extraction_count: 0
2025-11-01 01:16:06,719 - quality_tracker - INFO -   lm_extraction_ratio: 0.0000
2025-11-01 01:16:06,719 - quality_tracker - INFO--- Logging error ---
Traceback (most recent call last):
  File "C:\Users\Dimon\AppData\Local\Programs\Python\Python313\Lib\logging\__init__.py", line 1154, in emit
    stream.write(msg + self.terminator)
    ~~~~~~~~~~~~^^^^^^^^^^^^^^^^^^^^^^^
  File "C:\Users\Dimon\AppData\Local\Programs\Python\Python313\Lib\site-packages\colorama\ansitowin32.py", line 47, in write
    self.__convertor.write(text)
    ~~~~~~~~~~~~~~~~~~~~~~^^^^^^
  File "C:\Users\Dimon\AppData\Local\Programs\Python\Python313\Lib\site-packages\colorama\ansitowin32.py", line 177, in write
    self.write_and_convert(text)
    ~~~~~~~~~~~~~~~~~~~~~~^^^^^^
  File "C:\Users\Dimon\AppData\Local\Programs\Python\Python313\Lib\site-packages\colorama\ansitowin32.py", line 205, in write_and_convert
    self.write_plain_text(text, cursor, len(text))
    ~~~~~~~~~~~~~~~~~~~~~^^^^^^^^^^^^^^^^^^^^^^^^^
  File "C:\Users\Dimon\AppData\Local\Programs\Python\Python313\Lib\site-packages\colorama\ansitowin32.py", line 210, in write_plain_text
    self.wrapped.write(text[start:end])
    ~~~~~~~~~~~~~~~~~~^^^^^^^^^^^^^^^^^
  File "C:\Users\Dimon\AppData\Local\Programs\Python\Python313\Lib\encodings\cp1251.py", line 19, in encode
    return codecs.charmap_encode(input,self.errors,encoding_table)[0]
           ~~~~~~~~~~~~~~~~~~~~~^^^^^^^^^^^^^^^^^^^^^^^^^^^^^^^^^^
UnicodeEncodeError: 'charmap' codec can't encode character '\u2713' in position 3: character maps to <undefined>
Call stack:
  File "C:\scripts\1repo\run_mvp.py", line 680, in <module>
    main()
  File "C:\scripts\1repo\run_mvp.py", line 652, in main
    results = orchestrator.run_single(
  File "C:\scripts\1repo\run_mvp.py", line 226, in run_single
    stage_result = self._run_stage(stage, current_input)
  File "C:\scripts\1repo\run_mvp.py", line 419, in _run_stage
    return processor.process_dataset(input_path, output_dir)
  File "C:\scripts\1repo\am_extended.py", line 612, in process_dataset
    self.quality_tracker.track('extended', input_path.name, metrics)
  File "C:\scripts\1repo\quality_tracker.py", line 171, in track
    logger.info(f"\u2713 Quality thresholds passed for {stage}")
Message: '\u2713 Quality thresholds passed for extended'
Arguments: ()
2025-11-01 01:16:06,720 - quality_tracker - INFO - Completed: track_quality (0.00s)
2025-11-01 01:16:06,720 - am_extended - INFO - Saved: continuous_discovery_habits_-_teresa_torres.dataset.jsonl
2025-11-01 01:16:06,720 - validate - INFO - Validating extended: continuous_discovery_habits_-_teresa_torres.dataset.jsonl
2025-11-01 01:16:06,721 - am_common - INFO - Loading dataset: C:\scripts\1repo\data\datasets\extended\continuous_discovery_habits_-_teresa_torres.dataset.jsonl
2025-11-01 01:16:06,735 - am_common - INFO - Loaded: 201 cards from continuous_discovery_habits_-_teresa_torres.dataset.jsonl
2025-11-01 01:16:06,736 - validate - WARNING - [X] INVALID - continuous_discovery_habits_-_teresa_torres.dataset.jsonl (2 errors)
2025-11-01 01:16:06,736 - __main__ - WARNING - Validation issues: 2 errors, 192 warnings
2025-11-01 01:16:06,736 - __main__ - WARNING - Validation issues: 2 errors
2025-11-01 01:16:06,736 - __main__ - INFO - ============================================================
2025-11-01 01:16:06,736 - __main__ - INFO--- Logging error ---
Traceback (most recent call last):
  File "C:\Users\Dimon\AppData\Local\Programs\Python\Python313\Lib\logging\__init__.py", line 1154, in emit
    stream.write(msg + self.terminator)
    ~~~~~~~~~~~~^^^^^^^^^^^^^^^^^^^^^^^
  File "C:\Users\Dimon\AppData\Local\Programs\Python\Python313\Lib\site-packages\colorama\ansitowin32.py", line 47, in write
    self.__convertor.write(text)
    ~~~~~~~~~~~~~~~~~~~~~~^^^^^^
  File "C:\Users\Dimon\AppData\Local\Programs\Python\Python313\Lib\site-packages\colorama\ansitowin32.py", line 177, in write
    self.write_and_convert(text)
    ~~~~~~~~~~~~~~~~~~~~~~^^^^^^
  File "C:\Users\Dimon\AppData\Local\Programs\Python\Python313\Lib\site-packages\colorama\ansitowin32.py", line 205, in write_and_convert
    self.write_plain_text(text, cursor, len(text))
    ~~~~~~~~~~~~~~~~~~~~~^^^^^^^^^^^^^^^^^^^^^^^^^
  File "C:\Users\Dimon\AppData\Local\Programs\Python\Python313\Lib\site-packages\colorama\ansitowin32.py", line 210, in write_plain_text
    self.wrapped.write(text[start:end])
    ~~~~~~~~~~~~~~~~~~^^^^^^^^^^^^^^^^^
  File "C:\Users\Dimon\AppData\Local\Programs\Python\Python313\Lib\encodings\cp1251.py", line 19, in encode
    return codecs.charmap_encode(input,self.errors,encoding_table)[0]
           ~~~~~~~~~~~~~~~~~~~~~^^^^^^^^^^^^^^^^^^^^^^^^^^^^^^^^^^
UnicodeEncodeError: 'charmap' codec can't encode character '\U0001f916' in position 5: character maps to <undefined>
Call stack:
  File "C:\scripts\1repo\run_mvp.py", line 680, in <module>
    main()
  File "C:\scripts\1repo\run_mvp.py", line 652, in main
    results = orchestrator.run_single(
  File "C:\scripts\1repo\run_mvp.py", line 253, in run_single
    log_stage(logger, stage, "Completed")
  File "C:\scripts\1repo\am_logging.py", line 613, in log_stage
    log_section(logger, f"{emoji} {action}: {stage.upper()}", "INFO")
  File "C:\scripts\1repo\am_logging.py", line 588, in log_section
    log_func(f"  {title}")
Message: '  \U0001f916 Completed: EXTENDED'
Arguments: ()
2025-11-01 01:16:06,737 - __main__ - INFO - ============================================================
2025-11-01 01:16:06,737 - __main__ - INFO - ============================================================
2025-11-01 01:16:06,737 - __main__ - INFO--- Logging error ---
Traceback (most recent call last):
  File "C:\Users\Dimon\AppData\Local\Programs\Python\Python313\Lib\logging\__init__.py", line 1154, in emit
    stream.write(msg + self.terminator)
    ~~~~~~~~~~~~^^^^^^^^^^^^^^^^^^^^^^^
  File "C:\Users\Dimon\AppData\Local\Programs\Python\Python313\Lib\site-packages\colorama\ansitowin32.py", line 47, in write
    self.__convertor.write(text)
    ~~~~~~~~~~~~~~~~~~~~~~^^^^^^
  File "C:\Users\Dimon\AppData\Local\Programs\Python\Python313\Lib\site-packages\colorama\ansitowin32.py", line 177, in write
    self.write_and_convert(text)
    ~~~~~~~~~~~~~~~~~~~~~~^^^^^^
  File "C:\Users\Dimon\AppData\Local\Programs\Python\Python313\Lib\site-packages\colorama\ansitowin32.py", line 205, in write_and_convert
    self.write_plain_text(text, cursor, len(text))
    ~~~~~~~~~~~~~~~~~~~~~^^^^^^^^^^^^^^^^^^^^^^^^^
  File "C:\Users\Dimon\AppData\Local\Programs\Python\Python313\Lib\site-packages\colorama\ansitowin32.py", line 210, in write_plain_text
    self.wrapped.write(text[start:end])
    ~~~~~~~~~~~~~~~~~~^^^^^^^^^^^^^^^^^
  File "C:\Users\Dimon\AppData\Local\Programs\Python\Python313\Lib\encodings\cp1251.py", line 19, in encode
    return codecs.charmap_encode(input,self.errors,encoding_table)[0]
           ~~~~~~~~~~~~~~~~~~~~~^^^^^^^^^^^^^^^^^^^^^^^^^^^^^^^^^^
UnicodeEncodeError: 'charmap' codec can't encode character '\u2705' in position 5: character maps to <undefined>
Call stack:
  File "C:\scripts\1repo\run_mvp.py", line 680, in <module>
    main()
  File "C:\scripts\1repo\run_mvp.py", line 652, in main
    results = orchestrator.run_single(
  File "C:\scripts\1repo\run_mvp.py", line 222, in run_single
    log_stage(logger, stage, "Starting")
  File "C:\scripts\1repo\am_logging.py", line 613, in log_stage
    log_section(logger, f"{emoji} {action}: {stage.upper()}", "INFO")
  File "C:\scripts\1repo\am_logging.py", line 588, in log_section
    log_func(f"  {title}")
Message: '  \u2705 Starting: FINALIZE'
Arguments: ()
2025-11-01 01:16:06,737 - __main__ - INFO - ============================================================
2025-11-01 01:16:06,737 - am_common - INFO - Loading config: config\batch_full.yaml
2025-11-01 01:16:06,752 - am_common - INFO - Config loaded successfully
2025-11-01 01:16:06,753 - am_finalize - INFO - Processing: continuous_discovery_habits_-_teresa_torres.dataset.jsonl
2025-11-01 01:16:06,753 - am_common - INFO - Loading dataset: C:\scripts\1repo\data\datasets\extended\continuous_discovery_habits_-_teresa_torres.dataset.jsonl
2025-11-01 01:16:06,758 - am_common - INFO - Loaded: 201 cards from continuous_discovery_habits_-_teresa_torres.dataset.jsonl
2025-11-01 01:16:06,759 - am_common - INFO - Saving dataset: C:\scripts\1repo\data\datasets\final\continuous_discovery_habits_-_teresa_torres.dataset.jsonl (201 cards)
2025-11-01 01:16:06,763 - am_common - INFO - Saved: 201 cards to continuous_discovery_habits_-_teresa_torres.dataset.jsonl (637.62 KB)
2025-11-01 01:16:06,763 - quality_tracker - INFO - Starting: track_quality
2025-11-01 01:16:06,764 - quality_tracker - INFO - finalize metrics:
2025-11-01 01:16:06,764 - quality_tracker - INFO -   total_cards: 201
2025-11-01 01:16:06,764 - quality_tracker - INFO -   validation_errors: 0
2025-11-01 01:16:06,764 - quality_tracker - INFO -   validation_warnings: 26
2025-11-01 01:16:06,764 - quality_tracker - INFO -   avg_completeness: 0.4210
2025-11-01 01:16:06,764 - quality_tracker - INFO -   cards_with_structure: 30
2025-11-01 01:16:06,764 - quality_tracker - INFO -   structure_coverage: 0.1493
2025-11-01 01:16:06,764 - quality_tracker - INFO -   cards_with_summaries: 193
2025-11-01 01:16:06,764 - quality_tracker - INFO -   summary_coverage: 0.9602
2025-11-01 01:16:06,764 - quality_tracker - INFO--- Logging error ---
Traceback (most recent call last):
  File "C:\Users\Dimon\AppData\Local\Programs\Python\Python313\Lib\logging\__init__.py", line 1154, in emit
    stream.write(msg + self.terminator)
    ~~~~~~~~~~~~^^^^^^^^^^^^^^^^^^^^^^^
  File "C:\Users\Dimon\AppData\Local\Programs\Python\Python313\Lib\site-packages\colorama\ansitowin32.py", line 47, in write
    self.__convertor.write(text)
    ~~~~~~~~~~~~~~~~~~~~~~^^^^^^
  File "C:\Users\Dimon\AppData\Local\Programs\Python\Python313\Lib\site-packages\colorama\ansitowin32.py", line 177, in write
    self.write_and_convert(text)
    ~~~~~~~~~~~~~~~~~~~~~~^^^^^^
  File "C:\Users\Dimon\AppData\Local\Programs\Python\Python313\Lib\site-packages\colorama\ansitowin32.py", line 205, in write_and_convert
    self.write_plain_text(text, cursor, len(text))
    ~~~~~~~~~~~~~~~~~~~~~^^^^^^^^^^^^^^^^^^^^^^^^^
  File "C:\Users\Dimon\AppData\Local\Programs\Python\Python313\Lib\site-packages\colorama\ansitowin32.py", line 210, in write_plain_text
    self.wrapped.write(text[start:end])
    ~~~~~~~~~~~~~~~~~~^^^^^^^^^^^^^^^^^
  File "C:\Users\Dimon\AppData\Local\Programs\Python\Python313\Lib\encodings\cp1251.py", line 19, in encode
    return codecs.charmap_encode(input,self.errors,encoding_table)[0]
           ~~~~~~~~~~~~~~~~~~~~~^^^^^^^^^^^^^^^^^^^^^^^^^^^^^^^^^^
UnicodeEncodeError: 'charmap' codec can't encode character '\u2713' in position 3: character maps to <undefined>
Call stack:
  File "C:\scripts\1repo\run_mvp.py", line 680, in <module>
    main()
  File "C:\scripts\1repo\run_mvp.py", line 652, in main
    results = orchestrator.run_single(
  File "C:\scripts\1repo\run_mvp.py", line 226, in run_single
    stage_result = self._run_stage(stage, current_input)
  File "C:\scripts\1repo\run_mvp.py", line 419, in _run_stage
    return processor.process_dataset(input_path, output_dir)
  File "C:\scripts\1repo\am_finalize.py", line 278, in process_dataset
    self.quality_tracker.track('finalize', input_path.name, metrics)
  File "C:\scripts\1repo\quality_tracker.py", line 171, in track
    logger.info(f"\u2713 Quality thresholds passed for {stage}")
Message: '\u2713 Quality thresholds passed for finalize'
Arguments: ()
2025-11-01 01:16:06,765 - quality_tracker - INFO - Completed: track_quality (0.00s)
2025-11-01 01:16:06,765 - am_finalize - INFO - Saved: continuous_discovery_habits_-_teresa_torres.dataset.jsonl
2025-11-01 01:16:06,765 - __main__ - ERROR - Validation failed: Unknown stage: finalize
2025-11-01 01:16:06,765 - __main__ - WARNING - Validation issues: 1 errors
2025-11-01 01:16:06,765 - __main__ - INFO - ============================================================
2025-11-01 01:16:06,765 - __main__ - INFO--- Logging error ---
Traceback (most recent call last):
  File "C:\Users\Dimon\AppData\Local\Programs\Python\Python313\Lib\logging\__init__.py", line 1154, in emit
    stream.write(msg + self.terminator)
    ~~~~~~~~~~~~^^^^^^^^^^^^^^^^^^^^^^^
  File "C:\Users\Dimon\AppData\Local\Programs\Python\Python313\Lib\site-packages\colorama\ansitowin32.py", line 47, in write
    self.__convertor.write(text)
    ~~~~~~~~~~~~~~~~~~~~~~^^^^^^
  File "C:\Users\Dimon\AppData\Local\Programs\Python\Python313\Lib\site-packages\colorama\ansitowin32.py", line 177, in write
    self.write_and_convert(text)
    ~~~~~~~~~~~~~~~~~~~~~~^^^^^^
  File "C:\Users\Dimon\AppData\Local\Programs\Python\Python313\Lib\site-packages\colorama\ansitowin32.py", line 205, in write_and_convert
    self.write_plain_text(text, cursor, len(text))
    ~~~~~~~~~~~~~~~~~~~~~^^^^^^^^^^^^^^^^^^^^^^^^^
  File "C:\Users\Dimon\AppData\Local\Programs\Python\Python313\Lib\site-packages\colorama\ansitowin32.py", line 210, in write_plain_text
    self.wrapped.write(text[start:end])
    ~~~~~~~~~~~~~~~~~~^^^^^^^^^^^^^^^^^
  File "C:\Users\Dimon\AppData\Local\Programs\Python\Python313\Lib\encodings\cp1251.py", line 19, in encode
    return codecs.charmap_encode(input,self.errors,encoding_table)[0]
           ~~~~~~~~~~~~~~~~~~~~~^^^^^^^^^^^^^^^^^^^^^^^^^^^^^^^^^^
UnicodeEncodeError: 'charmap' codec can't encode character '\u2705' in position 5: character maps to <undefined>
Call stack:
  File "C:\scripts\1repo\run_mvp.py", line 680, in <module>
    main()
  File "C:\scripts\1repo\run_mvp.py", line 652, in main
    results = orchestrator.run_single(
  File "C:\scripts\1repo\run_mvp.py", line 253, in run_single
    log_stage(logger, stage, "Completed")
  File "C:\scripts\1repo\am_logging.py", line 613, in log_stage
    log_section(logger, f"{emoji} {action}: {stage.upper()}", "INFO")
  File "C:\scripts\1repo\am_logging.py", line 588, in log_section
    log_func(f"  {title}")
Message: '  \u2705 Completed: FINALIZE'
Arguments: ()
2025-11-01 01:16:06,766 - __main__ - INFO - ============================================================
2025-11-01 01:16:06,766 - __main__ - INFO - ============================================================
2025-11-01 01:16:06,766 - __main__ - INFO--- Logging error ---
Traceback (most recent call last):
  File "C:\Users\Dimon\AppData\Local\Programs\Python\Python313\Lib\logging\__init__.py", line 1154, in emit
    stream.write(msg + self.terminator)
    ~~~~~~~~~~~~^^^^^^^^^^^^^^^^^^^^^^^
  File "C:\Users\Dimon\AppData\Local\Programs\Python\Python313\Lib\site-packages\colorama\ansitowin32.py", line 47, in write
    self.__convertor.write(text)
    ~~~~~~~~~~~~~~~~~~~~~~^^^^^^
  File "C:\Users\Dimon\AppData\Local\Programs\Python\Python313\Lib\site-packages\colorama\ansitowin32.py", line 177, in write
    self.write_and_convert(text)
    ~~~~~~~~~~~~~~~~~~~~~~^^^^^^
  File "C:\Users\Dimon\AppData\Local\Programs\Python\Python313\Lib\site-packages\colorama\ansitowin32.py", line 205, in write_and_convert
    self.write_plain_text(text, cursor, len(text))
    ~~~~~~~~~~~~~~~~~~~~~^^^^^^^^^^^^^^^^^^^^^^^^^
  File "C:\Users\Dimon\AppData\Local\Programs\Python\Python313\Lib\site-packages\colorama\ansitowin32.py", line 210, in write_plain_text
    self.wrapped.write(text[start:end])
    ~~~~~~~~~~~~~~~~~~^^^^^^^^^^^^^^^^^
  File "C:\Users\Dimon\AppData\Local\Programs\Python\Python313\Lib\encodings\cp1251.py", line 19, in encode
    return codecs.charmap_encode(input,self.errors,encoding_table)[0]
           ~~~~~~~~~~~~~~~~~~~~~^^^^^^^^^^^^^^^^^^^^^^^^^^^^^^^^^^
UnicodeEncodeError: 'charmap' codec can't encode character '\U0001f9e9' in position 5: character maps to <undefined>
Call stack:
  File "C:\scripts\1repo\run_mvp.py", line 680, in <module>
    main()
  File "C:\scripts\1repo\run_mvp.py", line 652, in main
    results = orchestrator.run_single(
  File "C:\scripts\1repo\run_mvp.py", line 222, in run_single
    log_stage(logger, stage, "Starting")
  File "C:\scripts\1repo\am_logging.py", line 613, in log_stage
    log_section(logger, f"{emoji} {action}: {stage.upper()}", "INFO")
  File "C:\scripts\1repo\am_logging.py", line 588, in log_section
    log_func(f"  {title}")
Message: '  \U0001f9e9 Starting: CHUNK'
Arguments: ()
2025-11-01 01:16:06,767 - __main__ - INFO - ============================================================
2025-11-01 01:16:06,767 - am_common - INFO - Loading config: config\batch_full.yaml
2025-11-01 01:16:06,781 - am_common - INFO - Config loaded successfully
2025-11-01 01:16:06,858 - am_chunk - INFO - Processing: continuous_discovery_habits_-_teresa_torres.dataset.jsonl
2025-11-01 01:16:06,859 - am_common - INFO - Loading dataset: C:\scripts\1repo\data\datasets\final\continuous_discovery_habits_-_teresa_torres.dataset.jsonl
2025-11-01 01:16:06,872 - am_common - INFO - Loaded: 201 cards from continuous_discovery_habits_-_teresa_torres.dataset.jsonl
2025-11-01 01:16:06,954 - am_chunk - INFO - Created 229 chunks from 201 pages
2025-11-01 01:16:06,960 - quality_tracker - INFO - Starting: track_quality
2025-11-01 01:16:06,961 - quality_tracker - INFO - chunk metrics:
2025-11-01 01:16:06,961 - quality_tracker - INFO -   total_chunks: 229
2025-11-01 01:16:06,961 - quality_tracker - INFO -   chunks_per_page: 1.1393
2025-11-01 01:16:06,961 - quality_tracker - INFO -   avg_chunk_tokens: 366.5677
2025-11-01 01:16:06,961 - quality_tracker - INFO -   min_chunk_tokens: 115
2025-11-01 01:16:06,961 - quality_tracker - INFO -   max_chunk_tokens: 522
2025-11-01 01:16:06,961 - quality_tracker - INFO -   token_distribution: {'0-100': 0, '100-300': 72, '300-512': 156, '512+': 1}
2025-11-01 01:16:06,961 - quality_tracker - INFO -   context_completeness: 1.0000
2025-11-01 01:16:06,961 - quality_tracker - INFO--- Logging error ---
Traceback (most recent call last):
  File "C:\Users\Dimon\AppData\Local\Programs\Python\Python313\Lib\logging\__init__.py", line 1154, in emit
    stream.write(msg + self.terminator)
    ~~~~~~~~~~~~^^^^^^^^^^^^^^^^^^^^^^^
  File "C:\Users\Dimon\AppData\Local\Programs\Python\Python313\Lib\site-packages\colorama\ansitowin32.py", line 47, in write
    self.__convertor.write(text)
    ~~~~~~~~~~~~~~~~~~~~~~^^^^^^
  File "C:\Users\Dimon\AppData\Local\Programs\Python\Python313\Lib\site-packages\colorama\ansitowin32.py", line 177, in write
    self.write_and_convert(text)
    ~~~~~~~~~~~~~~~~~~~~~~^^^^^^
  File "C:\Users\Dimon\AppData\Local\Programs\Python\Python313\Lib\site-packages\colorama\ansitowin32.py", line 205, in write_and_convert
    self.write_plain_text(text, cursor, len(text))
    ~~~~~~~~~~~~~~~~~~~~~^^^^^^^^^^^^^^^^^^^^^^^^^
  File "C:\Users\Dimon\AppData\Local\Programs\Python\Python313\Lib\site-packages\colorama\ansitowin32.py", line 210, in write_plain_text
    self.wrapped.write(text[start:end])
    ~~~~~~~~~~~~~~~~~~^^^^^^^^^^^^^^^^^
  File "C:\Users\Dimon\AppData\Local\Programs\Python\Python313\Lib\encodings\cp1251.py", line 19, in encode
    return codecs.charmap_encode(input,self.errors,encoding_table)[0]
           ~~~~~~~~~~~~~~~~~~~~~^^^^^^^^^^^^^^^^^^^^^^^^^^^^^^^^^^
UnicodeEncodeError: 'charmap' codec can't encode character '\u2713' in position 3: character maps to <undefined>
Call stack:
  File "C:\scripts\1repo\run_mvp.py", line 680, in <module>
    main()
  File "C:\scripts\1repo\run_mvp.py", line 652, in main
    results = orchestrator.run_single(
  File "C:\scripts\1repo\run_mvp.py", line 226, in run_single
    stage_result = self._run_stage(stage, current_input)
  File "C:\scripts\1repo\run_mvp.py", line 419, in _run_stage
    return processor.process_dataset(input_path, output_dir)
  File "C:\scripts\1repo\am_chunk.py", line 309, in process_dataset
    self.quality_tracker.track('chunk', input_path.name, metrics)
  File "C:\scripts\1repo\quality_tracker.py", line 171, in track
    logger.info(f"\u2713 Quality thresholds passed for {stage}")
Message: '\u2713 Quality thresholds passed for chunk'
Arguments: ()
2025-11-01 01:16:06,962 - quality_tracker - INFO - Completed: track_quality (0.00s)
2025-11-01 01:16:06,962 - am_chunk - INFO - Saved: continuous_discovery_habits_-_teresa_torres.dataset.chunks.jsonl
2025-11-01 01:16:06,962 - __main__ - ERROR - Validation failed: Unknown stage: chunk
2025-11-01 01:16:06,962 - __main__ - WARNING - Validation issues: 1 errors
2025-11-01 01:16:06,962 - __main__ - INFO - ============================================================
2025-11-01 01:16:06,962 - __main__ - INFO--- Logging error ---
Traceback (most recent call last):
  File "C:\Users\Dimon\AppData\Local\Programs\Python\Python313\Lib\logging\__init__.py", line 1154, in emit
    stream.write(msg + self.terminator)
    ~~~~~~~~~~~~^^^^^^^^^^^^^^^^^^^^^^^
  File "C:\Users\Dimon\AppData\Local\Programs\Python\Python313\Lib\site-packages\colorama\ansitowin32.py", line 47, in write
    self.__convertor.write(text)
    ~~~~~~~~~~~~~~~~~~~~~~^^^^^^
  File "C:\Users\Dimon\AppData\Local\Programs\Python\Python313\Lib\site-packages\colorama\ansitowin32.py", line 177, in write
    self.write_and_convert(text)
    ~~~~~~~~~~~~~~~~~~~~~~^^^^^^
  File "C:\Users\Dimon\AppData\Local\Programs\Python\Python313\Lib\site-packages\colorama\ansitowin32.py", line 205, in write_and_convert
    self.write_plain_text(text, cursor, len(text))
    ~~~~~~~~~~~~~~~~~~~~~^^^^^^^^^^^^^^^^^^^^^^^^^
  File "C:\Users\Dimon\AppData\Local\Programs\Python\Python313\Lib\site-packages\colorama\ansitowin32.py", line 210, in write_plain_text
    self.wrapped.write(text[start:end])
    ~~~~~~~~~~~~~~~~~~^^^^^^^^^^^^^^^^^
  File "C:\Users\Dimon\AppData\Local\Programs\Python\Python313\Lib\encodings\cp1251.py", line 19, in encode
    return codecs.charmap_encode(input,self.errors,encoding_table)[0]
           ~~~~~~~~~~~~~~~~~~~~~^^^^^^^^^^^^^^^^^^^^^^^^^^^^^^^^^^
UnicodeEncodeError: 'charmap' codec can't encode character '\U0001f9e9' in position 5: character maps to <undefined>
Call stack:
  File "C:\scripts\1repo\run_mvp.py", line 680, in <module>
    main()
  File "C:\scripts\1repo\run_mvp.py", line 652, in main
    results = orchestrator.run_single(
  File "C:\scripts\1repo\run_mvp.py", line 253, in run_single
    log_stage(logger, stage, "Completed")
  File "C:\scripts\1repo\am_logging.py", line 613, in log_stage
    log_section(logger, f"{emoji} {action}: {stage.upper()}", "INFO")
  File "C:\scripts\1repo\am_logging.py", line 588, in log_section
    log_func(f"  {title}")
Message: '  \U0001f9e9 Completed: CHUNK'
Arguments: ()
2025-11-01 01:16:06,963 - __main__ - INFO - ============================================================
2025-11-01 01:16:06,963 - __main__ - INFO - ============================================================
2025-11-01 01:16:06,963 - __main__ - INFO--- Logging error ---
Traceback (most recent call last):
  File "C:\Users\Dimon\AppData\Local\Programs\Python\Python313\Lib\logging\__init__.py", line 1154, in emit
    stream.write(msg + self.terminator)
    ~~~~~~~~~~~~^^^^^^^^^^^^^^^^^^^^^^^
  File "C:\Users\Dimon\AppData\Local\Programs\Python\Python313\Lib\site-packages\colorama\ansitowin32.py", line 47, in write
    self.__convertor.write(text)
    ~~~~~~~~~~~~~~~~~~~~~~^^^^^^
  File "C:\Users\Dimon\AppData\Local\Programs\Python\Python313\Lib\site-packages\colorama\ansitowin32.py", line 177, in write
    self.write_and_convert(text)
    ~~~~~~~~~~~~~~~~~~~~~~^^^^^^
  File "C:\Users\Dimon\AppData\Local\Programs\Python\Python313\Lib\site-packages\colorama\ansitowin32.py", line 205, in write_and_convert
    self.write_plain_text(text, cursor, len(text))
    ~~~~~~~~~~~~~~~~~~~~~^^^^^^^^^^^^^^^^^^^^^^^^^
  File "C:\Users\Dimon\AppData\Local\Programs\Python\Python313\Lib\site-packages\colorama\ansitowin32.py", line 210, in write_plain_text
    self.wrapped.write(text[start:end])
    ~~~~~~~~~~~~~~~~~~^^^^^^^^^^^^^^^^^
  File "C:\Users\Dimon\AppData\Local\Programs\Python\Python313\Lib\encodings\cp1251.py", line 19, in encode
    return codecs.charmap_encode(input,self.errors,encoding_table)[0]
           ~~~~~~~~~~~~~~~~~~~~~^^^^^^^^^^^^^^^^^^^^^^^^^^^^^^^^^^
UnicodeEncodeError: 'charmap' codec can't encode character '\U0001f522' in position 5: character maps to <undefined>
Call stack:
  File "C:\scripts\1repo\run_mvp.py", line 680, in <module>
    main()
  File "C:\scripts\1repo\run_mvp.py", line 652, in main
    results = orchestrator.run_single(
  File "C:\scripts\1repo\run_mvp.py", line 222, in run_single
    log_stage(logger, stage, "Starting")
  File "C:\scripts\1repo\am_logging.py", line 613, in log_stage
    log_section(logger, f"{emoji} {action}: {stage.upper()}", "INFO")
  File "C:\scripts\1repo\am_logging.py", line 588, in log_section
    log_func(f"  {title}")
Message: '  \U0001f522 Starting: EMBED'
Arguments: ()
2025-11-01 01:16:06,964 - __main__ - INFO - ============================================================
2025-11-01 01:16:06,964 - am_common - INFO - Loading config: config\batch_full.yaml
2025-11-01 01:16:06,979 - am_common - INFO - Config loaded successfully
2025-11-01 01:16:06,979 - am_embed - INFO - [sentence-transformers] Loading model: all-MiniLM-L6-v2
2025-11-01 01:16:06,980 - sentence_transformers.SentenceTransformer - INFO - Use pytorch device_name: cpu
2025-11-01 01:16:06,980 - sentence_transformers.SentenceTransformer - INFO - Load pretrained SentenceTransformer: all-MiniLM-L6-v2
2025-11-01 01:16:10,925 - am_embed - INFO - [sentence-transformers] Embedding dimension: 384
2025-11-01 01:16:10,926 - am_embed - INFO - Processing: continuous_discovery_habits_-_teresa_torres.dataset.chunks.jsonl
2025-11-01 01:16:10,939 - am_embed - INFO - Loaded 229 chunks
2025-11-01 01:16:10,939 - am_embed - INFO - Encoding 229 chunks in 8 batches
2025-11-01 01:16:13,345 - am_embed - INFO - Encoded 229 embeddings, 0 failures
2025-11-01 01:16:13,346 - am_embed - INFO - Building FAISS index: flat, metric=cosine
2025-11-01 01:16:13,346 - am_embed - INFO - Vectors: 229, Dimension: 384
2025-11-01 01:16:13,346 - am_embed - INFO - FAISS index built: 229 vectors
2025-11-01 01:16:13,347 - am_embed - INFO - Saved FAISS index: continuous_discovery_habits_-_teresa_torres.dataset.faiss (343.54 KB)
2025-11-01 01:16:13,349 - am_embed - INFO - Saved metadata: continuous_discovery_habits_-_teresa_torres.dataset.pkl (454.30 KB)
2025-11-01 01:16:13,349 - quality_tracker - INFO - Starting: track_quality
2025-11-01 01:16:13,351 - quality_tracker - INFO - embed metrics:
2025-11-01 01:16:13,351 - quality_tracker - INFO -   total_vectors: 229
2025-11-01 01:16:13,351 - quality_tracker - INFO -   embedding_dim: 384
2025-11-01 01:16:13,351 - quality_tracker - INFO -   embedding_failures: 0
2025-11-01 01:16:13,351 - quality_tracker - INFO -   failure_rate: 0.0000
2025-11-01 01:16:13,351 - quality_tracker - INFO -   avg_norm: 1.0000
2025-11-01 01:16:13,351 - quality_tracker - INFO -   min_norm: 1.0000
2025-11-01 01:16:13,351 - quality_tracker - INFO -   max_norm: 1.0000
2025-11-01 01:16:13,351 - quality_tracker - INFO--- Logging error ---
Traceback (most recent call last):
  File "C:\Users\Dimon\AppData\Local\Programs\Python\Python313\Lib\logging\__init__.py", line 1154, in emit
    stream.write(msg + self.terminator)
    ~~~~~~~~~~~~^^^^^^^^^^^^^^^^^^^^^^^
  File "C:\Users\Dimon\AppData\Local\Programs\Python\Python313\Lib\site-packages\colorama\ansitowin32.py", line 47, in write
    self.__convertor.write(text)
    ~~~~~~~~~~~~~~~~~~~~~~^^^^^^
  File "C:\Users\Dimon\AppData\Local\Programs\Python\Python313\Lib\site-packages\colorama\ansitowin32.py", line 177, in write
    self.write_and_convert(text)
    ~~~~~~~~~~~~~~~~~~~~~~^^^^^^
  File "C:\Users\Dimon\AppData\Local\Programs\Python\Python313\Lib\site-packages\colorama\ansitowin32.py", line 205, in write_and_convert
    self.write_plain_text(text, cursor, len(text))
    ~~~~~~~~~~~~~~~~~~~~~^^^^^^^^^^^^^^^^^^^^^^^^^
  File "C:\Users\Dimon\AppData\Local\Programs\Python\Python313\Lib\site-packages\colorama\ansitowin32.py", line 210, in write_plain_text
    self.wrapped.write(text[start:end])
    ~~~~~~~~~~~~~~~~~~^^^^^^^^^^^^^^^^^
  File "C:\Users\Dimon\AppData\Local\Programs\Python\Python313\Lib\encodings\cp1251.py", line 19, in encode
    return codecs.charmap_encode(input,self.errors,encoding_table)[0]
           ~~~~~~~~~~~~~~~~~~~~~^^^^^^^^^^^^^^^^^^^^^^^^^^^^^^^^^^
UnicodeEncodeError: 'charmap' codec can't encode character '\u2713' in position 3: character maps to <undefined>
Call stack:
  File "C:\scripts\1repo\run_mvp.py", line 680, in <module>
    main()
  File "C:\scripts\1repo\run_mvp.py", line 652, in main
    results = orchestrator.run_single(
  File "C:\scripts\1repo\run_mvp.py", line 226, in run_single
    stage_result = self._run_stage(stage, current_input)
  File "C:\scripts\1repo\run_mvp.py", line 428, in _run_stage
    return processor.process_chunks(input_path, output_dir=None)
  File "C:\scripts\1repo\am_embed.py", line 426, in process_chunks
    self.quality_tracker.track('embed', chunks_path.name, metrics)
  File "C:\scripts\1repo\quality_tracker.py", line 171, in track
    logger.info(f"\u2713 Quality thresholds passed for {stage}")
Message: '\u2713 Quality thresholds passed for embed'
Arguments: ()
2025-11-01 01:16:13,352 - quality_tracker - INFO - Completed: track_quality (0.00s)
2025-11-01 01:16:13,352 - am_embed - INFO - Saved: continuous_discovery_habits_-_teresa_torres.dataset.faiss, continuous_discovery_habits_-_teresa_torres.dataset.pkl
2025-11-01 01:16:13,353 - __main__ - INFO - ============================================================
2025-11-01 01:16:13,353 - __main__ - INFO--- Logging error ---
Traceback (most recent call last):
  File "C:\Users\Dimon\AppData\Local\Programs\Python\Python313\Lib\logging\__init__.py", line 1154, in emit
    stream.write(msg + self.terminator)
    ~~~~~~~~~~~~^^^^^^^^^^^^^^^^^^^^^^^
  File "C:\Users\Dimon\AppData\Local\Programs\Python\Python313\Lib\site-packages\colorama\ansitowin32.py", line 47, in write
    self.__convertor.write(text)
    ~~~~~~~~~~~~~~~~~~~~~~^^^^^^
  File "C:\Users\Dimon\AppData\Local\Programs\Python\Python313\Lib\site-packages\colorama\ansitowin32.py", line 177, in write
    self.write_and_convert(text)
    ~~~~~~~~~~~~~~~~~~~~~~^^^^^^
  File "C:\Users\Dimon\AppData\Local\Programs\Python\Python313\Lib\site-packages\colorama\ansitowin32.py", line 205, in write_and_convert
    self.write_plain_text(text, cursor, len(text))
    ~~~~~~~~~~~~~~~~~~~~~^^^^^^^^^^^^^^^^^^^^^^^^^
  File "C:\Users\Dimon\AppData\Local\Programs\Python\Python313\Lib\site-packages\colorama\ansitowin32.py", line 210, in write_plain_text
    self.wrapped.write(text[start:end])
    ~~~~~~~~~~~~~~~~~~^^^^^^^^^^^^^^^^^
  File "C:\Users\Dimon\AppData\Local\Programs\Python\Python313\Lib\encodings\cp1251.py", line 19, in encode
    return codecs.charmap_encode(input,self.errors,encoding_table)[0]
           ~~~~~~~~~~~~~~~~~~~~~^^^^^^^^^^^^^^^^^^^^^^^^^^^^^^^^^^
UnicodeEncodeError: 'charmap' codec can't encode character '\U0001f522' in position 5: character maps to <undefined>
Call stack:
  File "C:\scripts\1repo\run_mvp.py", line 680, in <module>
    main()
  File "C:\scripts\1repo\run_mvp.py", line 652, in main
    results = orchestrator.run_single(
  File "C:\scripts\1repo\run_mvp.py", line 253, in run_single
    log_stage(logger, stage, "Completed")
  File "C:\scripts\1repo\am_logging.py", line 613, in log_stage
    log_section(logger, f"{emoji} {action}: {stage.upper()}", "INFO")
  File "C:\scripts\1repo\am_logging.py", line 588, in log_section
    log_func(f"  {title}")
Message: '  \U0001f522 Completed: EMBED'
Arguments: ()
2025-11-01 01:16:13,354 - __main__ - INFO - ============================================================
2025-11-01 01:16:13,354 - __main__ - INFO - Pipeline status: completed
2025-11-01 01:16:13,354 - __main__ - INFO - Completed: run_single_pipeline (41.57s)
2025-11-01 01:16:13,354 - __main__ - INFO - ============================================================
2025-11-01 01:16:13,354 - __main__ - INFO--- Logging error ---
Traceback (most recent call last):
  File "C:\Users\Dimon\AppData\Local\Programs\Python\Python313\Lib\logging\__init__.py", line 1154, in emit
    stream.write(msg + self.terminator)
    ~~~~~~~~~~~~^^^^^^^^^^^^^^^^^^^^^^^
  File "C:\Users\Dimon\AppData\Local\Programs\Python\Python313\Lib\site-packages\colorama\ansitowin32.py", line 47, in write
    self.__convertor.write(text)
    ~~~~~~~~~~~~~~~~~~~~~~^^^^^^
  File "C:\Users\Dimon\AppData\Local\Programs\Python\Python313\Lib\site-packages\colorama\ansitowin32.py", line 177, in write
    self.write_and_convert(text)
    ~~~~~~~~~~~~~~~~~~~~~~^^^^^^
  File "C:\Users\Dimon\AppData\Local\Programs\Python\Python313\Lib\site-packages\colorama\ansitowin32.py", line 205, in write_and_convert
    self.write_plain_text(text, cursor, len(text))
    ~~~~~~~~~~~~~~~~~~~~~^^^^^^^^^^^^^^^^^^^^^^^^^
  File "C:\Users\Dimon\AppData\Local\Programs\Python\Python313\Lib\site-packages\colorama\ansitowin32.py", line 210, in write_plain_text
    self.wrapped.write(text[start:end])
    ~~~~~~~~~~~~~~~~~~^^^^^^^^^^^^^^^^^
  File "C:\Users\Dimon\AppData\Local\Programs\Python\Python313\Lib\encodings\cp1251.py", line 19, in encode
    return codecs.charmap_encode(input,self.errors,encoding_table)[0]
           ~~~~~~~~~~~~~~~~~~~~~^^^^^^^^^^^^^^^^^^^^^^^^^^^^^^^^^^
UnicodeEncodeError: 'charmap' codec can't encode character '\U0001f4ca' in position 5: character maps to <undefined>
Call stack:
  File "C:\scripts\1repo\run_mvp.py", line 680, in <module>
    main()
  File "C:\scripts\1repo\run_mvp.py", line 660, in main
    orchestrator.generate_reports()
  File "C:\scripts\1repo\run_mvp.py", line 502, in generate_reports
    log_section(logger, "\U0001f4ca FINAL REPORTS", "INFO")
  File "C:\scripts\1repo\am_logging.py", line 588, in log_section
    log_func(f"  {title}")
Message: '  \U0001f4ca FINAL REPORTS'
Arguments: ()
2025-11-01 01:16:13,354 - __main__ - INFO - ============================================================
2025-11-01 01:16:13,354 - __main__ - INFO - ============================================================
2025-11-01 01:16:13,354 - __main__ - INFO -   Performance Summary
2025-11-01 01:16:13,354 - __main__ - INFO - ============================================================
2025-11-01 01:16:13,354 - __main__ - INFO - 
run_single_pipeline:
2025-11-01 01:16:13,355 - __main__ - INFO -   Count: 1
2025-11-01 01:16:13,355 - __main__ - INFO -   Total: 41.57s
2025-11-01 01:16:13,355 - __main__ - INFO -   Avg: 41.57s
2025-11-01 01:16:13,355 - __main__ - INFO -   Min: 41.57s
2025-11-01 01:16:13,355 - __main__ - INFO -   Max: 41.57s
2025-11-01 01:16:13,355 - __main__ - INFO - 
track_quality:
2025-11-01 01:16:13,355 - __main__ - INFO -   Count: 7
2025-11-01 01:16:13,355 - __main__ - INFO -   Total: 0.02s
2025-11-01 01:16:13,355 - __main__ - INFO -   Avg: 0.00s
2025-11-01 01:16:13,355 - __main__ - INFO -   Min: 0.00s
2025-11-01 01:16:13,355 - __main__ - INFO -   Max: 0.00s
2025-11-01 01:16:13,355 - __main__ - INFO - No errors or warnings recorded
2025-11-01 01:16:13,355 - __main__ - INFO - 
2025-11-01 01:16:13,355 - quality_tracker - INFO - Starting: generate_quality_report
2025-11-01 01:16:13,356 - quality_tracker - INFO - Quality report saved: C:\scripts\1repo\data\quality\quality_report_20251101_011613.json
2025-11-01 01:16:13,357 - quality_tracker - INFO - Completed: generate_quality_report (0.00s)
2025-11-01 01:16:13,357 - quality_tracker - INFO - ============================================================
2025-11-01 01:16:13,357 - quality_tracker - INFO -   QUALITY REPORT
2025-11-01 01:16:13,357 - quality_tracker - INFO - ============================================================
2025-11-01 01:16:13,357 - quality_tracker - INFO - Generated: 2025-10-31T22:16:13Z
2025-11-01 01:16:13,357 - quality_tracker - INFO - Version: 2.0.0

2025-11-01 01:16:13,357 - quality_tracker - INFO - ------------------------------------------------------------
2025-11-01 01:16:13,357 - quality_tracker - INFO -   Stage: STRUCTURAL
2025-11-01 01:16:13,357 - quality_tracker - INFO - ------------------------------------------------------------
2025-11-01 01:16:13,357 - quality_tracker - INFO - Summary:
2025-11-01 01:16:13,357 - quality_tracker - INFO -   total_runs: 1
2025-11-01 01:16:13,357 - quality_tracker - INFO -   passed_threshold: 1
2025-11-01 01:16:13,357 - quality_tracker - INFO -   failed_threshold: 0
2025-11-01 01:16:13,357 - quality_tracker - INFO -   pass_rate: 100.0%
2025-11-01 01:16:13,357 - quality_tracker - INFO - 
Recent trend (last 1 runs):
2025-11-01 01:16:13,357 - quality_tracker - INFO -   Pass rate: 100.0%
2025-11-01 01:16:13,357 - quality_tracker - INFO - 
2025-11-01 01:16:13,357 - quality_tracker - INFO - ------------------------------------------------------------
2025-11-01 01:16:13,357 - quality_tracker - INFO -   Stage: STRUCTURE_DETECT
2025-11-01 01:16:13,358 - quality_tracker - INFO - ------------------------------------------------------------
2025-11-01 01:16:13,358 - quality_tracker - INFO - Summary:
2025-11-01 01:16:13,358 - quality_tracker - INFO -   total_runs: 1
2025-11-01 01:16:13,358 - quality_tracker - INFO -   passed_threshold: 1
2025-11-01 01:16:13,358 - quality_tracker - INFO -   failed_threshold: 0
2025-11-01 01:16:13,358 - quality_tracker - INFO -   pass_rate: 100.0%
2025-11-01 01:16:13,358 - quality_tracker - INFO - 
Recent trend (last 1 runs):
2025-11-01 01:16:13,358 - quality_tracker - INFO -   Pass rate: 100.0%
2025-11-01 01:16:13,358 - quality_tracker - INFO - 
2025-11-01 01:16:13,358 - quality_tracker - INFO - ------------------------------------------------------------
2025-11-01 01:16:13,358 - quality_tracker - INFO -   Stage: SUMMARIZE
2025-11-01 01:16:13,358 - quality_tracker - INFO - ------------------------------------------------------------
2025-11-01 01:16:13,358 - quality_tracker - INFO - Summary:
2025-11-01 01:16:13,358 - quality_tracker - INFO -   total_runs: 1
2025-11-01 01:16:13,358 - quality_tracker - INFO -   passed_threshold: 1
2025-11-01 01:16:13,358 - quality_tracker - INFO -   failed_threshold: 0
2025-11-01 01:16:13,358 - quality_tracker - INFO -   pass_rate: 100.0%
2025-11-01 01:16:13,358 - quality_tracker - INFO - 
Recent trend (last 1 runs):
2025-11-01 01:16:13,358 - quality_tracker - INFO -   Pass rate: 100.0%
2025-11-01 01:16:13,358 - quality_tracker - INFO - 
2025-11-01 01:16:13,358 - quality_tracker - INFO - ------------------------------------------------------------
2025-11-01 01:16:13,358 - quality_tracker - INFO -   Stage: EXTENDED
2025-11-01 01:16:13,358 - quality_tracker - INFO - ------------------------------------------------------------
2025-11-01 01:16:13,358 - quality_tracker - INFO - Summary:
2025-11-01 01:16:13,358 - quality_tracker - INFO -   total_runs: 1
2025-11-01 01:16:13,358 - quality_tracker - INFO -   passed_threshold: 1
2025-11-01 01:16:13,358 - quality_tracker - INFO -   failed_threshold: 0
2025-11-01 01:16:13,358 - quality_tracker - INFO -   pass_rate: 100.0%
2025-11-01 01:16:13,358 - quality_tracker - INFO - 
Recent trend (last 1 runs):
2025-11-01 01:16:13,358 - quality_tracker - INFO -   Pass rate: 100.0%
2025-11-01 01:16:13,358 - quality_tracker - INFO - 
2025-11-01 01:16:13,358 - quality_tracker - INFO - ------------------------------------------------------------
2025-11-01 01:16:13,359 - quality_tracker - INFO -   Stage: FINALIZE
2025-11-01 01:16:13,359 - quality_tracker - INFO - ------------------------------------------------------------
2025-11-01 01:16:13,359 - quality_tracker - INFO - Summary:
2025-11-01 01:16:13,359 - quality_tracker - INFO -   total_runs: 1
2025-11-01 01:16:13,359 - quality_tracker - INFO -   passed_threshold: 1
2025-11-01 01:16:13,359 - quality_tracker - INFO -   failed_threshold: 0
2025-11-01 01:16:13,359 - quality_tracker - INFO -   pass_rate: 100.0%
2025-11-01 01:16:13,359 - quality_tracker - INFO - 
Recent trend (last 1 runs):
2025-11-01 01:16:13,359 - quality_tracker - INFO -   Pass rate: 100.0%
2025-11-01 01:16:13,359 - quality_tracker - INFO - 
2025-11-01 01:16:13,359 - quality_tracker - INFO - ------------------------------------------------------------
2025-11-01 01:16:13,359 - quality_tracker - INFO -   Stage: CHUNK
2025-11-01 01:16:13,359 - quality_tracker - INFO - ------------------------------------------------------------
2025-11-01 01:16:13,359 - quality_tracker - INFO - Summary:
2025-11-01 01:16:13,359 - quality_tracker - INFO -   total_runs: 1
2025-11-01 01:16:13,359 - quality_tracker - INFO -   passed_threshold: 1
2025-11-01 01:16:13,359 - quality_tracker - INFO -   failed_threshold: 0
2025-11-01 01:16:13,359 - quality_tracker - INFO -   pass_rate: 100.0%
2025-11-01 01:16:13,359 - quality_tracker - INFO - 
Recent trend (last 1 runs):
2025-11-01 01:16:13,359 - quality_tracker - INFO -   Pass rate: 100.0%
2025-11-01 01:16:13,359 - quality_tracker - INFO - 
2025-11-01 01:16:13,359 - quality_tracker - INFO - ------------------------------------------------------------
2025-11-01 01:16:13,359 - quality_tracker - INFO -   Stage: EMBED
2025-11-01 01:16:13,359 - quality_tracker - INFO - ------------------------------------------------------------
2025-11-01 01:16:13,359 - quality_tracker - INFO - Summary:
2025-11-01 01:16:13,359 - quality_tracker - INFO -   total_runs: 1
2025-11-01 01:16:13,359 - quality_tracker - INFO -   passed_threshold: 1
2025-11-01 01:16:13,359 - quality_tracker - INFO -   failed_threshold: 0
2025-11-01 01:16:13,359 - quality_tracker - INFO -   pass_rate: 100.0%
2025-11-01 01:16:13,359 - quality_tracker - INFO - 
Recent trend (last 1 runs):
2025-11-01 01:16:13,359 - quality_tracker - INFO -   Pass rate: 100.0%
2025-11-01 01:16:13,359 - quality_tracker - INFO - 
2025-11-01 01:16:13,360 - quality_tracker - INFO - ------------------------------------------------------------
2025-11-01 01:16:13,360 - quality_tracker - INFO -   PERFORMANCE SUMMARY
2025-11-01 01:16:13,360 - quality_tracker - INFO - ------------------------------------------------------------
2025-11-01 01:16:13,360 - quality_tracker - INFO - track_quality:
2025-11-01 01:16:13,360 - quality_tracker - INFO -   Count: 7, Avg: 0.00s
2025-11-01 01:16:13,360 - quality_tracker - INFO - run_single_pipeline:
2025-11-01 01:16:13,360 - quality_tracker - INFO -   Count: 1, Avg: 41.57s
2025-11-01 01:16:13,360 - __main__ - INFO - 
2025-11-01 01:16:13,360 - validate - INFO - ============================================================
2025-11-01 01:16:13,360 - validate - INFO -   Validation Summary
2025-11-01 01:16:13,360 - validate - INFO - ============================================================
2025-11-01 01:16:13,360 - validate - INFO - Overall Results:
2025-11-01 01:16:13,360 - validate - INFO -   total_datasets: 2
2025-11-01 01:16:13,360 - validate - INFO -   valid_datasets: 1
2025-11-01 01:16:13,360 - validate - INFO -   invalid_datasets: 1
2025-11-01 01:16:13,360 - validate - INFO -   total_errors: 2
2025-11-01 01:16:13,360 - validate - INFO -   total_warnings: 196
2025-11-01 01:16:13,360 - validate - INFO -   success_rate: 0.5000
2025-11-01 01:16:13,360 - validate - INFO -   timestamp: 2025-10-31T22:16:13.360279
2025-11-01 01:16:13,360 - validate - INFO - 
Per-dataset results:
2025-11-01 01:16:13,360 - validate - INFO--- Logging error ---
Traceback (most recent call last):
  File "C:\Users\Dimon\AppData\Local\Programs\Python\Python313\Lib\logging\__init__.py", line 1154, in emit
    stream.write(msg + self.terminator)
    ~~~~~~~~~~~~^^^^^^^^^^^^^^^^^^^^^^^
  File "C:\Users\Dimon\AppData\Local\Programs\Python\Python313\Lib\site-packages\colorama\ansitowin32.py", line 47, in write
    self.__convertor.write(text)
    ~~~~~~~~~~~~~~~~~~~~~~^^^^^^
  File "C:\Users\Dimon\AppData\Local\Programs\Python\Python313\Lib\site-packages\colorama\ansitowin32.py", line 177, in write
    self.write_and_convert(text)
    ~~~~~~~~~~~~~~~~~~~~~~^^^^^^
  File "C:\Users\Dimon\AppData\Local\Programs\Python\Python313\Lib\site-packages\colorama\ansitowin32.py", line 205, in write_and_convert
    self.write_plain_text(text, cursor, len(text))
    ~~~~~~~~~~~~~~~~~~~~~^^^^^^^^^^^^^^^^^^^^^^^^^
  File "C:\Users\Dimon\AppData\Local\Programs\Python\Python313\Lib\site-packages\colorama\ansitowin32.py", line 210, in write_plain_text
    self.wrapped.write(text[start:end])
    ~~~~~~~~~~~~~~~~~~^^^^^^^^^^^^^^^^^
  File "C:\Users\Dimon\AppData\Local\Programs\Python\Python313\Lib\encodings\cp1251.py", line 19, in encode
    return codecs.charmap_encode(input,self.errors,encoding_table)[0]
           ~~~~~~~~~~~~~~~~~~~~~^^^^^^^^^^^^^^^^^^^^^^^^^^^^^^^^^^
UnicodeEncodeError: 'charmap' codec can't encode character '\u2705' in position 5: character maps to <undefined>
Call stack:
  File "C:\scripts\1repo\run_mvp.py", line 680, in <module>
    main()
  File "C:\scripts\1repo\run_mvp.py", line 660, in main
    orchestrator.generate_reports()
  File "C:\scripts\1repo\run_mvp.py", line 522, in generate_reports
    self.validator.print_summary()
  File "C:\scripts\1repo\validate.py", line 784, in print_summary
    self.report.print_summary()
  File "C:\scripts\1repo\validate.py", line 644, in print_summary
    logger.info(f"  {status} - {dataset} (errors: {errors}, warnings: {warnings})")
Message: '  \u2705 VALID - continuous_discovery_habits_-_teresa_torres.dataset.jsonl (errors: 0, warnings: 4)'
Arguments: ()
2025-11-01 01:16:13,361 - validate - INFO--- Logging error ---
Traceback (most recent call last):
  File "C:\Users\Dimon\AppData\Local\Programs\Python\Python313\Lib\logging\__init__.py", line 1154, in emit
    stream.write(msg + self.terminator)
    ~~~~~~~~~~~~^^^^^^^^^^^^^^^^^^^^^^^
  File "C:\Users\Dimon\AppData\Local\Programs\Python\Python313\Lib\site-packages\colorama\ansitowin32.py", line 47, in write
    self.__convertor.write(text)
    ~~~~~~~~~~~~~~~~~~~~~~^^^^^^
  File "C:\Users\Dimon\AppData\Local\Programs\Python\Python313\Lib\site-packages\colorama\ansitowin32.py", line 177, in write
    self.write_and_convert(text)
    ~~~~~~~~~~~~~~~~~~~~~~^^^^^^
  File "C:\Users\Dimon\AppData\Local\Programs\Python\Python313\Lib\site-packages\colorama\ansitowin32.py", line 205, in write_and_convert
    self.write_plain_text(text, cursor, len(text))
    ~~~~~~~~~~~~~~~~~~~~~^^^^^^^^^^^^^^^^^^^^^^^^^
  File "C:\Users\Dimon\AppData\Local\Programs\Python\Python313\Lib\site-packages\colorama\ansitowin32.py", line 210, in write_plain_text
    self.wrapped.write(text[start:end])
    ~~~~~~~~~~~~~~~~~~^^^^^^^^^^^^^^^^^
  File "C:\Users\Dimon\AppData\Local\Programs\Python\Python313\Lib\encodings\cp1251.py", line 19, in encode
    return codecs.charmap_encode(input,self.errors,encoding_table)[0]
           ~~~~~~~~~~~~~~~~~~~~~^^^^^^^^^^^^^^^^^^^^^^^^^^^^^^^^^^
UnicodeEncodeError: 'charmap' codec can't encode character '\u274c' in position 5: character maps to <undefined>
Call stack:
  File "C:\scripts\1repo\run_mvp.py", line 680, in <module>
    main()
  File "C:\scripts\1repo\run_mvp.py", line 660, in main
    orchestrator.generate_reports()
  File "C:\scripts\1repo\run_mvp.py", line 522, in generate_reports
    self.validator.print_summary()
  File "C:\scripts\1repo\validate.py", line 784, in print_summary
    self.report.print_summary()
  File "C:\scripts\1repo\validate.py", line 644, in print_summary
    logger.info(f"  {status} - {dataset} (errors: {errors}, warnings: {warnings})")
Message: '  \u274c INVALID - continuous_discovery_habits_-_teresa_torres.dataset.jsonl (errors: 2, warnings: 192)'
Arguments: ()
2025-11-01 01:16:13,362 - __main__ - INFO - ============================================================
2025-11-01 01:16:13,362 - __main__ - INFO--- Logging error ---
Traceback (most recent call last):
  File "C:\Users\Dimon\AppData\Local\Programs\Python\Python313\Lib\logging\__init__.py", line 1154, in emit
    stream.write(msg + self.terminator)
    ~~~~~~~~~~~~^^^^^^^^^^^^^^^^^^^^^^^
  File "C:\Users\Dimon\AppData\Local\Programs\Python\Python313\Lib\site-packages\colorama\ansitowin32.py", line 47, in write
    self.__convertor.write(text)
    ~~~~~~~~~~~~~~~~~~~~~~^^^^^^
  File "C:\Users\Dimon\AppData\Local\Programs\Python\Python313\Lib\site-packages\colorama\ansitowin32.py", line 177, in write
    self.write_and_convert(text)
    ~~~~~~~~~~~~~~~~~~~~~~^^^^^^
  File "C:\Users\Dimon\AppData\Local\Programs\Python\Python313\Lib\site-packages\colorama\ansitowin32.py", line 205, in write_and_convert
    self.write_plain_text(text, cursor, len(text))
    ~~~~~~~~~~~~~~~~~~~~~^^^^^^^^^^^^^^^^^^^^^^^^^
  File "C:\Users\Dimon\AppData\Local\Programs\Python\Python313\Lib\site-packages\colorama\ansitowin32.py", line 210, in write_plain_text
    self.wrapped.write(text[start:end])
    ~~~~~~~~~~~~~~~~~~^^^^^^^^^^^^^^^^^
  File "C:\Users\Dimon\AppData\Local\Programs\Python\Python313\Lib\encodings\cp1251.py", line 19, in encode
    return codecs.charmap_encode(input,self.errors,encoding_table)[0]
           ~~~~~~~~~~~~~~~~~~~~~^^^^^^^^^^^^^^^^^^^^^^^^^^^^^^^^^^
UnicodeEncodeError: 'charmap' codec can't encode character '\u2705' in position 5: character maps to <undefined>
Call stack:
  File "C:\scripts\1repo\run_mvp.py", line 680, in <module>
    main()
  File "C:\scripts\1repo\run_mvp.py", line 667, in main
    log_section(logger, "\u2705 PIPELINE COMPLETED SUCCESSFULLY", "INFO")
  File "C:\scripts\1repo\am_logging.py", line 588, in log_section
    log_func(f"  {title}")
Message: '  \u2705 PIPELINE COMPLETED SUCCESSFULLY'
Arguments: ()
2025-11-01 01:16:13,362 - __main__ - INFO - ============================================================
