[WARN] OCR not available
2025-11-01 01:16:17,547 - faiss.loader - INFO - Loading faiss with AVX512 support.
2025-11-01 01:16:17,548 - faiss.loader - INFO - Could not load library with AVX512 support due to:
ModuleNotFoundError("No module named 'faiss.swigfaiss_avx512'")
2025-11-01 01:16:17,548 - faiss.loader - INFO - Loading faiss with AVX2 support.
2025-11-01 01:16:17,558 - faiss.loader - INFO - Successfully loaded faiss with AVX2 support.
2025-11-01 01:16:17,570 - am_common - INFO - Loading config: config\batch_full.yaml
2025-11-01 01:16:17,585 - am_common - INFO - Config loaded successfully
2025-11-01 01:16:17,585 - quality_tracker - INFO - Quality tracker initialized: C:\scripts\1repo\data\quality
2025-11-01 01:16:17,586 - __main__ - INFO - ============================================================
2025-11-01 01:16:17,586 - __main__ - INFO--- Logging error ---
Traceback (most recent call last):
  File "C:\Users\Dimon\AppData\Local\Programs\Python\Python313\Lib\logging\__init__.py", line 1154, in emit
    stream.write(msg + self.terminator)
    ~~~~~~~~~~~~^^^^^^^^^^^^^^^^^^^^^^^
  File "C:\Users\Dimon\AppData\Local\Programs\Python\Python313\Lib\site-packages\colorama\ansitowin32.py", line 47, in write
    self.__convertor.write(text)
    ~~~~~~~~~~~~~~~~~~~~~~^^^^^^
  File "C:\Users\Dimon\AppData\Local\Programs\Python\Python313\Lib\site-packages\colorama\ansitowin32.py", line 177, in write
    self.write_and_convert(text)
    ~~~~~~~~~~~~~~~~~~~~~~^^^^^^
  File "C:\Users\Dimon\AppData\Local\Programs\Python\Python313\Lib\site-packages\colorama\ansitowin32.py", line 205, in write_and_convert
    self.write_plain_text(text, cursor, len(text))
    ~~~~~~~~~~~~~~~~~~~~~^^^^^^^^^^^^^^^^^^^^^^^^^
  File "C:\Users\Dimon\AppData\Local\Programs\Python\Python313\Lib\site-packages\colorama\ansitowin32.py", line 210, in write_plain_text
    self.wrapped.write(text[start:end])
    ~~~~~~~~~~~~~~~~~~^^^^^^^^^^^^^^^^^
  File "C:\Users\Dimon\AppData\Local\Programs\Python\Python313\Lib\encodings\cp1251.py", line 19, in encode
    return codecs.charmap_encode(input,self.errors,encoding_table)[0]
           ~~~~~~~~~~~~~~~~~~~~~^^^^^^^^^^^^^^^^^^^^^^^^^^^^^^^^^^
UnicodeEncodeError: 'charmap' codec can't encode character '\U0001f680' in position 5: character maps to <undefined>
Call stack:
  File "C:\scripts\1repo\run_mvp.py", line 680, in <module>
    main()
  File "C:\scripts\1repo\run_mvp.py", line 605, in main
    orchestrator = PipelineOrchestrator(
  File "C:\scripts\1repo\run_mvp.py", line 136, in __init__
    log_section(logger, f"\U0001f680 {PRODUCT_NAME} {VERSION}", "INFO")
  File "C:\scripts\1repo\am_logging.py", line 588, in log_section
    log_func(f"  {title}")
Message: '  \U0001f680 archivist magika 2.0.0'
Arguments: ()
2025-11-01 01:16:17,587 - __main__ - INFO - ============================================================
2025-11-01 01:16:17,587 - __main__ - INFO - Quality check: enabled
2025-11-01 01:16:17,587 - __main__ - INFO - Validation: enabled
2025-11-01 01:16:17,587 - __main__ - INFO - Dry run: no
2025-11-01 01:16:17,588 - __main__ - INFO - Starting: run_single_pipeline
2025-11-01 01:16:17,588 - __main__ - INFO - Processing: data-driven-organization-design-sustaining-the-competitive-edge-through-organizational-analytics.pdf
2025-11-01 01:16:17,588 - __main__ - INFO--- Logging error ---
Traceback (most recent call last):
  File "C:\Users\Dimon\AppData\Local\Programs\Python\Python313\Lib\logging\__init__.py", line 1154, in emit
    stream.write(msg + self.terminator)
    ~~~~~~~~~~~~^^^^^^^^^^^^^^^^^^^^^^^
  File "C:\Users\Dimon\AppData\Local\Programs\Python\Python313\Lib\site-packages\colorama\ansitowin32.py", line 47, in write
    self.__convertor.write(text)
    ~~~~~~~~~~~~~~~~~~~~~~^^^^^^
  File "C:\Users\Dimon\AppData\Local\Programs\Python\Python313\Lib\site-packages\colorama\ansitowin32.py", line 177, in write
    self.write_and_convert(text)
    ~~~~~~~~~~~~~~~~~~~~~~^^^^^^
  File "C:\Users\Dimon\AppData\Local\Programs\Python\Python313\Lib\site-packages\colorama\ansitowin32.py", line 205, in write_and_convert
    self.write_plain_text(text, cursor, len(text))
    ~~~~~~~~~~~~~~~~~~~~~^^^^^^^^^^^^^^^^^^^^^^^^^
  File "C:\Users\Dimon\AppData\Local\Programs\Python\Python313\Lib\site-packages\colorama\ansitowin32.py", line 210, in write_plain_text
    self.wrapped.write(text[start:end])
    ~~~~~~~~~~~~~~~~~~^^^^^^^^^^^^^^^^^
  File "C:\Users\Dimon\AppData\Local\Programs\Python\Python313\Lib\encodings\cp1251.py", line 19, in encode
    return codecs.charmap_encode(input,self.errors,encoding_table)[0]
           ~~~~~~~~~~~~~~~~~~~~~^^^^^^^^^^^^^^^^^^^^^^^^^^^^^^^^^^
UnicodeEncodeError: 'charmap' codec can't encode character '\u2192' in position 24: character maps to <undefined>
Call stack:
  File "C:\scripts\1repo\run_mvp.py", line 680, in <module>
    main()
  File "C:\scripts\1repo\run_mvp.py", line 652, in main
    results = orchestrator.run_single(
  File "C:\scripts\1repo\run_mvp.py", line 196, in run_single
    logger.info(f"Pipeline: {start_stage} \u2192 {end_stage}")
Message: 'Pipeline: structural \u2192 embed'
Arguments: ()
2025-11-01 01:16:17,588 - __main__ - INFO--- Logging error ---
Traceback (most recent call last):
  File "C:\Users\Dimon\AppData\Local\Programs\Python\Python313\Lib\logging\__init__.py", line 1154, in emit
    stream.write(msg + self.terminator)
    ~~~~~~~~~~~~^^^^^^^^^^^^^^^^^^^^^^^
  File "C:\Users\Dimon\AppData\Local\Programs\Python\Python313\Lib\site-packages\colorama\ansitowin32.py", line 47, in write
    self.__convertor.write(text)
    ~~~~~~~~~~~~~~~~~~~~~~^^^^^^
  File "C:\Users\Dimon\AppData\Local\Programs\Python\Python313\Lib\site-packages\colorama\ansitowin32.py", line 177, in write
    self.write_and_convert(text)
    ~~~~~~~~~~~~~~~~~~~~~~^^^^^^
  File "C:\Users\Dimon\AppData\Local\Programs\Python\Python313\Lib\site-packages\colorama\ansitowin32.py", line 205, in write_and_convert
    self.write_plain_text(text, cursor, len(text))
    ~~~~~~~~~~~~~~~~~~~~~^^^^^^^^^^^^^^^^^^^^^^^^^
  File "C:\Users\Dimon\AppData\Local\Programs\Python\Python313\Lib\site-packages\colorama\ansitowin32.py", line 210, in write_plain_text
    self.wrapped.write(text[start:end])
    ~~~~~~~~~~~~~~~~~~^^^^^^^^^^^^^^^^^
  File "C:\Users\Dimon\AppData\Local\Programs\Python\Python313\Lib\encodings\cp1251.py", line 19, in encode
    return codecs.charmap_encode(input,self.errors,encoding_table)[0]
           ~~~~~~~~~~~~~~~~~~~~~^^^^^^^^^^^^^^^^^^^^^^^^^^^^^^^^^^
UnicodeEncodeError: 'charmap' codec can't encode character '\u2192' in position 22: character maps to <undefined>
Call stack:
  File "C:\scripts\1repo\run_mvp.py", line 680, in <module>
    main()
  File "C:\scripts\1repo\run_mvp.py", line 652, in main
    results = orchestrator.run_single(
  File "C:\scripts\1repo\run_mvp.py", line 209, in run_single
    logger.info(f"Stages: {' \u2192 '.join(stages)}")
Message: 'Stages: structural \u2192 structure_detect \u2192 summarize \u2192 extended \u2192 finalize \u2192 chunk \u2192 embed'
Arguments: ()
2025-11-01 01:16:17,589 - __main__ - INFO - ============================================================
2025-11-01 01:16:17,589 - __main__ - INFO--- Logging error ---
Traceback (most recent call last):
  File "C:\Users\Dimon\AppData\Local\Programs\Python\Python313\Lib\logging\__init__.py", line 1154, in emit
    stream.write(msg + self.terminator)
    ~~~~~~~~~~~~^^^^^^^^^^^^^^^^^^^^^^^
  File "C:\Users\Dimon\AppData\Local\Programs\Python\Python313\Lib\site-packages\colorama\ansitowin32.py", line 47, in write
    self.__convertor.write(text)
    ~~~~~~~~~~~~~~~~~~~~~~^^^^^^
  File "C:\Users\Dimon\AppData\Local\Programs\Python\Python313\Lib\site-packages\colorama\ansitowin32.py", line 177, in write
    self.write_and_convert(text)
    ~~~~~~~~~~~~~~~~~~~~~~^^^^^^
  File "C:\Users\Dimon\AppData\Local\Programs\Python\Python313\Lib\site-packages\colorama\ansitowin32.py", line 205, in write_and_convert
    self.write_plain_text(text, cursor, len(text))
    ~~~~~~~~~~~~~~~~~~~~~^^^^^^^^^^^^^^^^^^^^^^^^^
  File "C:\Users\Dimon\AppData\Local\Programs\Python\Python313\Lib\site-packages\colorama\ansitowin32.py", line 210, in write_plain_text
    self.wrapped.write(text[start:end])
    ~~~~~~~~~~~~~~~~~~^^^^^^^^^^^^^^^^^
  File "C:\Users\Dimon\AppData\Local\Programs\Python\Python313\Lib\encodings\cp1251.py", line 19, in encode
    return codecs.charmap_encode(input,self.errors,encoding_table)[0]
           ~~~~~~~~~~~~~~~~~~~~~^^^^^^^^^^^^^^^^^^^^^^^^^^^^^^^^^^
UnicodeEncodeError: 'charmap' codec can't encode character '\U0001f4c4' in position 5: character maps to <undefined>
Call stack:
  File "C:\scripts\1repo\run_mvp.py", line 680, in <module>
    main()
  File "C:\scripts\1repo\run_mvp.py", line 652, in main
    results = orchestrator.run_single(
  File "C:\scripts\1repo\run_mvp.py", line 222, in run_single
    log_stage(logger, stage, "Starting")
  File "C:\scripts\1repo\am_logging.py", line 613, in log_stage
    log_section(logger, f"{emoji} {action}: {stage.upper()}", "INFO")
  File "C:\scripts\1repo\am_logging.py", line 588, in log_section
    log_func(f"  {title}")
Message: '  \U0001f4c4 Starting: STRUCTURAL'
Arguments: ()
2025-11-01 01:16:17,590 - __main__ - INFO - ============================================================
2025-11-01 01:16:17,590 - am_common - INFO - Loading config: config\batch_full.yaml
2025-11-01 01:16:17,605 - am_common - INFO - Config loaded successfully
2025-11-01 01:16:17,605 - am_structural_robust - INFO - Text extractor chain: ['pdfminer', 'pdfplumber', 'pypdf2']
2025-11-01 01:16:17,605 - am_structural_robust - INFO - Table extractor chain: ['pdfplumber']
2025-11-01 01:16:17,606 - am_structural_robust - INFO - Processing: data-driven-organization-design-sustaining-the-competitive-edge-through-organizational-analytics.pdf
2025-11-01 01:16:17,699 - am_structural_robust - INFO - PDF: Data-driven Organization Design
2025-11-01 01:16:17,794 - am_structural_robust - INFO - Total pages: 375
2025-11-01 01:16:17,994 - am_structural_robust - ERROR - [X] Page 0: All extractors failed
2025-11-01 01:16:34,617 - am_structural_robust - INFO -   Processed 50/375 pages
2025-11-01 01:16:51,522 - am_structural_robust - INFO -   Processed 100/375 pages
2025-11-01 01:17:10,500 - am_structural_robust - INFO -   Processed 150/375 pages
2025-11-01 01:17:26,647 - am_structural_robust - INFO -   Processed 200/375 pages
2025-11-01 01:17:43,138 - am_structural_robust - INFO -   Processed 250/375 pages
2025-11-01 01:17:59,400 - am_structural_robust - INFO -   Processed 300/375 pages
2025-11-01 01:18:17,619 - am_structural_robust - INFO -   Processed 350/375 pages
2025-11-01 01:18:25,309 - am_structural_robust - INFO - Extraction complete: 375 success, 0 failed
2025-11-01 01:18:25,309 - am_structural_robust - INFO -   Methods used: {'pdfminer': 374}
2025-11-01 01:18:25,309 - am_structural_robust - INFO -   OCR used: 0 pages
2025-11-01 01:18:25,309 - am_structural_robust - INFO -   Tables found: 0
2025-11-01 01:18:25,315 - am_common - INFO - Saving dataset: C:\scripts\1repo\data\datasets\structural\data-driven-organization-design-sustaining-the-competitive-edge-through-organizational-analytics.dataset.jsonl (375 cards)
2025-11-01 01:18:25,322 - am_common - INFO - Saved: 375 cards to data-driven-organization-design-sustaining-the-competitive-edge-through-organizational-analytics.dataset.jsonl (860.24 KB)
2025-11-01 01:18:25,322 - am_structural_robust - INFO - Dataset saved: 860.24 KB
2025-11-01 01:18:25,322 - quality_tracker - INFO - Starting: track_quality
2025-11-01 01:18:25,323 - quality_tracker - INFO - structural metrics:
2025-11-01 01:18:25,323 - quality_tracker - INFO -   total_pages: 375
2025-11-01 01:18:25,323 - quality_tracker - INFO -   success_pages: 375
2025-11-01 01:18:25,323 - quality_tracker - INFO -   failed_pages: 0
2025-11-01 01:18:25,323 - quality_tracker - INFO -   success_ratio: 1.0000
2025-11-01 01:18:25,323 - quality_tracker - INFO -   empty_pages: 1
2025-11-01 01:18:25,323 - quality_tracker - INFO -   avg_page_length: 1961.8347
2025-11-01 01:18:25,323 - quality_tracker - INFO -   extraction_methods: {'pdfminer': 374}
2025-11-01 01:18:25,323 - quality_tracker - INFO -   ocr_used: 0
2025-11-01 01:18:25,323 - quality_tracker - INFO -   tables_found: 0
2025-11-01 01:18:25,323 - quality_tracker - INFO--- Logging error ---
Traceback (most recent call last):
  File "C:\Users\Dimon\AppData\Local\Programs\Python\Python313\Lib\logging\__init__.py", line 1154, in emit
    stream.write(msg + self.terminator)
    ~~~~~~~~~~~~^^^^^^^^^^^^^^^^^^^^^^^
  File "C:\Users\Dimon\AppData\Local\Programs\Python\Python313\Lib\site-packages\colorama\ansitowin32.py", line 47, in write
    self.__convertor.write(text)
    ~~~~~~~~~~~~~~~~~~~~~~^^^^^^
  File "C:\Users\Dimon\AppData\Local\Programs\Python\Python313\Lib\site-packages\colorama\ansitowin32.py", line 177, in write
    self.write_and_convert(text)
    ~~~~~~~~~~~~~~~~~~~~~~^^^^^^
  File "C:\Users\Dimon\AppData\Local\Programs\Python\Python313\Lib\site-packages\colorama\ansitowin32.py", line 205, in write_and_convert
    self.write_plain_text(text, cursor, len(text))
    ~~~~~~~~~~~~~~~~~~~~~^^^^^^^^^^^^^^^^^^^^^^^^^
  File "C:\Users\Dimon\AppData\Local\Programs\Python\Python313\Lib\site-packages\colorama\ansitowin32.py", line 210, in write_plain_text
    self.wrapped.write(text[start:end])
    ~~~~~~~~~~~~~~~~~~^^^^^^^^^^^^^^^^^
  File "C:\Users\Dimon\AppData\Local\Programs\Python\Python313\Lib\encodings\cp1251.py", line 19, in encode
    return codecs.charmap_encode(input,self.errors,encoding_table)[0]
           ~~~~~~~~~~~~~~~~~~~~~^^^^^^^^^^^^^^^^^^^^^^^^^^^^^^^^^^
UnicodeEncodeError: 'charmap' codec can't encode character '\u2713' in position 3: character maps to <undefined>
Call stack:
  File "C:\scripts\1repo\run_mvp.py", line 680, in <module>
    main()
  File "C:\scripts\1repo\run_mvp.py", line 652, in main
    results = orchestrator.run_single(
  File "C:\scripts\1repo\run_mvp.py", line 226, in run_single
    stage_result = self._run_stage(stage, current_input)
  File "C:\scripts\1repo\run_mvp.py", line 409, in _run_stage
    return processor.process_pdf(input_path, output_dir)
  File "C:\scripts\1repo\am_structural_robust.py", line 569, in process_pdf
    self.quality_tracker.track('structural', pdf_path.name, metrics)
  File "C:\scripts\1repo\quality_tracker.py", line 171, in track
    logger.info(f"\u2713 Quality thresholds passed for {stage}")
Message: '\u2713 Quality thresholds passed for structural'
Arguments: ()
2025-11-01 01:18:25,324 - quality_tracker - INFO - Completed: track_quality (0.00s)
2025-11-01 01:18:25,324 - am_structural_robust - INFO - [OK] Saved: data-driven-organization-design-sustaining-the-competitive-edge-through-organizational-analytics.dataset.jsonl
2025-11-01 01:18:25,325 - validate - INFO - Validating structural: data-driven-organization-design-sustaining-the-competitive-edge-through-organizational-analytics.dataset.jsonl
2025-11-01 01:18:25,325 - am_common - INFO - Loading dataset: C:\scripts\1repo\data\datasets\structural\data-driven-organization-design-sustaining-the-competitive-edge-through-organizational-analytics.dataset.jsonl
2025-11-01 01:18:25,340 - am_common - INFO - Loaded: 375 cards from data-driven-organization-design-sustaining-the-competitive-edge-through-organizational-analytics.dataset.jsonl
2025-11-01 01:18:25,342 - validate - INFO - [OK] VALID - data-driven-organization-design-sustaining-the-competitive-edge-through-organizational-analytics.dataset.jsonl
2025-11-01 01:18:25,342 - __main__ - INFO - ============================================================
2025-11-01 01:18:25,342 - __main__ - INFO--- Logging error ---
Traceback (most recent call last):
  File "C:\Users\Dimon\AppData\Local\Programs\Python\Python313\Lib\logging\__init__.py", line 1154, in emit
    stream.write(msg + self.terminator)
    ~~~~~~~~~~~~^^^^^^^^^^^^^^^^^^^^^^^
  File "C:\Users\Dimon\AppData\Local\Programs\Python\Python313\Lib\site-packages\colorama\ansitowin32.py", line 47, in write
    self.__convertor.write(text)
    ~~~~~~~~~~~~~~~~~~~~~~^^^^^^
  File "C:\Users\Dimon\AppData\Local\Programs\Python\Python313\Lib\site-packages\colorama\ansitowin32.py", line 177, in write
    self.write_and_convert(text)
    ~~~~~~~~~~~~~~~~~~~~~~^^^^^^
  File "C:\Users\Dimon\AppData\Local\Programs\Python\Python313\Lib\site-packages\colorama\ansitowin32.py", line 205, in write_and_convert
    self.write_plain_text(text, cursor, len(text))
    ~~~~~~~~~~~~~~~~~~~~~^^^^^^^^^^^^^^^^^^^^^^^^^
  File "C:\Users\Dimon\AppData\Local\Programs\Python\Python313\Lib\site-packages\colorama\ansitowin32.py", line 210, in write_plain_text
    self.wrapped.write(text[start:end])
    ~~~~~~~~~~~~~~~~~~^^^^^^^^^^^^^^^^^
  File "C:\Users\Dimon\AppData\Local\Programs\Python\Python313\Lib\encodings\cp1251.py", line 19, in encode
    return codecs.charmap_encode(input,self.errors,encoding_table)[0]
           ~~~~~~~~~~~~~~~~~~~~~^^^^^^^^^^^^^^^^^^^^^^^^^^^^^^^^^^
UnicodeEncodeError: 'charmap' codec can't encode character '\U0001f4c4' in position 5: character maps to <undefined>
Call stack:
  File "C:\scripts\1repo\run_mvp.py", line 680, in <module>
    main()
  File "C:\scripts\1repo\run_mvp.py", line 652, in main
    results = orchestrator.run_single(
  File "C:\scripts\1repo\run_mvp.py", line 253, in run_single
    log_stage(logger, stage, "Completed")
  File "C:\scripts\1repo\am_logging.py", line 613, in log_stage
    log_section(logger, f"{emoji} {action}: {stage.upper()}", "INFO")
  File "C:\scripts\1repo\am_logging.py", line 588, in log_section
    log_func(f"  {title}")
Message: '  \U0001f4c4 Completed: STRUCTURAL'
Arguments: ()
2025-11-01 01:18:25,343 - __main__ - INFO - ============================================================
2025-11-01 01:18:25,343 - __main__ - INFO - ============================================================
2025-11-01 01:18:25,343 - __main__ - INFO--- Logging error ---
Traceback (most recent call last):
  File "C:\Users\Dimon\AppData\Local\Programs\Python\Python313\Lib\logging\__init__.py", line 1154, in emit
    stream.write(msg + self.terminator)
    ~~~~~~~~~~~~^^^^^^^^^^^^^^^^^^^^^^^
  File "C:\Users\Dimon\AppData\Local\Programs\Python\Python313\Lib\site-packages\colorama\ansitowin32.py", line 47, in write
    self.__convertor.write(text)
    ~~~~~~~~~~~~~~~~~~~~~~^^^^^^
  File "C:\Users\Dimon\AppData\Local\Programs\Python\Python313\Lib\site-packages\colorama\ansitowin32.py", line 177, in write
    self.write_and_convert(text)
    ~~~~~~~~~~~~~~~~~~~~~~^^^^^^
  File "C:\Users\Dimon\AppData\Local\Programs\Python\Python313\Lib\site-packages\colorama\ansitowin32.py", line 205, in write_and_convert
    self.write_plain_text(text, cursor, len(text))
    ~~~~~~~~~~~~~~~~~~~~~^^^^^^^^^^^^^^^^^^^^^^^^^
  File "C:\Users\Dimon\AppData\Local\Programs\Python\Python313\Lib\site-packages\colorama\ansitowin32.py", line 210, in write_plain_text
    self.wrapped.write(text[start:end])
    ~~~~~~~~~~~~~~~~~~^^^^^^^^^^^^^^^^^
  File "C:\Users\Dimon\AppData\Local\Programs\Python\Python313\Lib\encodings\cp1251.py", line 19, in encode
    return codecs.charmap_encode(input,self.errors,encoding_table)[0]
           ~~~~~~~~~~~~~~~~~~~~~^^^^^^^^^^^^^^^^^^^^^^^^^^^^^^^^^^
UnicodeEncodeError: 'charmap' codec can't encode character '\U0001f4d6' in position 5: character maps to <undefined>
Call stack:
  File "C:\scripts\1repo\run_mvp.py", line 680, in <module>
    main()
  File "C:\scripts\1repo\run_mvp.py", line 652, in main
    results = orchestrator.run_single(
  File "C:\scripts\1repo\run_mvp.py", line 222, in run_single
    log_stage(logger, stage, "Starting")
  File "C:\scripts\1repo\am_logging.py", line 613, in log_stage
    log_section(logger, f"{emoji} {action}: {stage.upper()}", "INFO")
  File "C:\scripts\1repo\am_logging.py", line 588, in log_section
    log_func(f"  {title}")
Message: '  \U0001f4d6 Starting: STRUCTURE_DETECT'
Arguments: ()
2025-11-01 01:18:25,343 - __main__ - INFO - ============================================================
2025-11-01 01:18:25,343 - am_common - INFO - Loading config: config\batch_full.yaml
2025-11-01 01:18:25,358 - am_common - INFO - Config loaded successfully
2025-11-01 01:18:25,359 - am_structure_detect - INFO - Processing: data-driven-organization-design-sustaining-the-competitive-edge-through-organizational-analytics.dataset.jsonl
2025-11-01 01:18:25,359 - am_common - INFO - Loading dataset: C:\scripts\1repo\data\datasets\structural\data-driven-organization-design-sustaining-the-competitive-edge-through-organizational-analytics.dataset.jsonl
2025-11-01 01:18:25,365 - am_common - INFO - Loaded: 375 cards from data-driven-organization-design-sustaining-the-competitive-edge-through-organizational-analytics.dataset.jsonl
2025-11-01 01:18:25,365 - am_structure_detect - INFO - TOC found: pages 4-4
2025-11-01 01:18:25,367 - am_structure_detect - INFO - Detected 2 chapters
2025-11-01 01:18:25,368 - am_structure_detect - INFO - Detected 6 sections
2025-11-01 01:18:25,369 - am_common - INFO - Saving dataset: C:\scripts\1repo\data\datasets\structured\data-driven-organization-design-sustaining-the-competitive-edge-through-organizational-analytics.dataset.jsonl (375 cards)
2025-11-01 01:18:25,375 - am_common - INFO - Saved: 375 cards to data-driven-organization-design-sustaining-the-competitive-edge-through-organizational-analytics.dataset.jsonl (943.57 KB)
2025-11-01 01:18:25,375 - quality_tracker - INFO - Starting: track_quality
2025-11-01 01:18:25,375 - quality_tracker - INFO - structure_detect metrics:
2025-11-01 01:18:25,375 - quality_tracker - INFO -   total_pages: 375
2025-11-01 01:18:25,375 - quality_tracker - INFO -   chapters_detected: 2
2025-11-01 01:18:25,375 - quality_tracker - INFO -   sections_detected: 6
2025-11-01 01:18:25,376 - quality_tracker - INFO -   pages_with_structure: 371
2025-11-01 01:18:25,376 - quality_tracker - INFO -   structure_coverage: 0.9893
2025-11-01 01:18:25,376 - quality_tracker - INFO -   avg_chapter_length: 187.5000
2025-11-01 01:18:25,376 - quality_tracker - INFO--- Logging error ---
Traceback (most recent call last):
  File "C:\Users\Dimon\AppData\Local\Programs\Python\Python313\Lib\logging\__init__.py", line 1154, in emit
    stream.write(msg + self.terminator)
    ~~~~~~~~~~~~^^^^^^^^^^^^^^^^^^^^^^^
  File "C:\Users\Dimon\AppData\Local\Programs\Python\Python313\Lib\site-packages\colorama\ansitowin32.py", line 47, in write
    self.__convertor.write(text)
    ~~~~~~~~~~~~~~~~~~~~~~^^^^^^
  File "C:\Users\Dimon\AppData\Local\Programs\Python\Python313\Lib\site-packages\colorama\ansitowin32.py", line 177, in write
    self.write_and_convert(text)
    ~~~~~~~~~~~~~~~~~~~~~~^^^^^^
  File "C:\Users\Dimon\AppData\Local\Programs\Python\Python313\Lib\site-packages\colorama\ansitowin32.py", line 205, in write_and_convert
    self.write_plain_text(text, cursor, len(text))
    ~~~~~~~~~~~~~~~~~~~~~^^^^^^^^^^^^^^^^^^^^^^^^^
  File "C:\Users\Dimon\AppData\Local\Programs\Python\Python313\Lib\site-packages\colorama\ansitowin32.py", line 210, in write_plain_text
    self.wrapped.write(text[start:end])
    ~~~~~~~~~~~~~~~~~~^^^^^^^^^^^^^^^^^
  File "C:\Users\Dimon\AppData\Local\Programs\Python\Python313\Lib\encodings\cp1251.py", line 19, in encode
    return codecs.charmap_encode(input,self.errors,encoding_table)[0]
           ~~~~~~~~~~~~~~~~~~~~~^^^^^^^^^^^^^^^^^^^^^^^^^^^^^^^^^^
UnicodeEncodeError: 'charmap' codec can't encode character '\u2713' in position 3: character maps to <undefined>
Call stack:
  File "C:\scripts\1repo\run_mvp.py", line 680, in <module>
    main()
  File "C:\scripts\1repo\run_mvp.py", line 652, in main
    results = orchestrator.run_single(
  File "C:\scripts\1repo\run_mvp.py", line 226, in run_single
    stage_result = self._run_stage(stage, current_input)
  File "C:\scripts\1repo\run_mvp.py", line 419, in _run_stage
    return processor.process_dataset(input_path, output_dir)
  File "C:\scripts\1repo\am_structure_detect.py", line 309, in process_dataset
    self.quality_tracker.track('structure_detect', input_path.name, metrics)
  File "C:\scripts\1repo\quality_tracker.py", line 171, in track
    logger.info(f"\u2713 Quality thresholds passed for {stage}")
Message: '\u2713 Quality thresholds passed for structure_detect'
Arguments: ()
2025-11-01 01:18:25,377 - quality_tracker - INFO - Completed: track_quality (0.00s)
2025-11-01 01:18:25,377 - am_structure_detect - INFO - Saved: data-driven-organization-design-sustaining-the-competitive-edge-through-organizational-analytics.dataset.jsonl
2025-11-01 01:18:25,377 - __main__ - ERROR - Validation failed: Unknown stage: structure_detect
2025-11-01 01:18:25,377 - __main__ - WARNING - Validation issues: 1 errors
2025-11-01 01:18:25,377 - __main__ - INFO - ============================================================
2025-11-01 01:18:25,377 - __main__ - INFO--- Logging error ---
Traceback (most recent call last):
  File "C:\Users\Dimon\AppData\Local\Programs\Python\Python313\Lib\logging\__init__.py", line 1154, in emit
    stream.write(msg + self.terminator)
    ~~~~~~~~~~~~^^^^^^^^^^^^^^^^^^^^^^^
  File "C:\Users\Dimon\AppData\Local\Programs\Python\Python313\Lib\site-packages\colorama\ansitowin32.py", line 47, in write
    self.__convertor.write(text)
    ~~~~~~~~~~~~~~~~~~~~~~^^^^^^
  File "C:\Users\Dimon\AppData\Local\Programs\Python\Python313\Lib\site-packages\colorama\ansitowin32.py", line 177, in write
    self.write_and_convert(text)
    ~~~~~~~~~~~~~~~~~~~~~~^^^^^^
  File "C:\Users\Dimon\AppData\Local\Programs\Python\Python313\Lib\site-packages\colorama\ansitowin32.py", line 205, in write_and_convert
    self.write_plain_text(text, cursor, len(text))
    ~~~~~~~~~~~~~~~~~~~~~^^^^^^^^^^^^^^^^^^^^^^^^^
  File "C:\Users\Dimon\AppData\Local\Programs\Python\Python313\Lib\site-packages\colorama\ansitowin32.py", line 210, in write_plain_text
    self.wrapped.write(text[start:end])
    ~~~~~~~~~~~~~~~~~~^^^^^^^^^^^^^^^^^
  File "C:\Users\Dimon\AppData\Local\Programs\Python\Python313\Lib\encodings\cp1251.py", line 19, in encode
    return codecs.charmap_encode(input,self.errors,encoding_table)[0]
           ~~~~~~~~~~~~~~~~~~~~~^^^^^^^^^^^^^^^^^^^^^^^^^^^^^^^^^^
UnicodeEncodeError: 'charmap' codec can't encode character '\U0001f4d6' in position 5: character maps to <undefined>
Call stack:
  File "C:\scripts\1repo\run_mvp.py", line 680, in <module>
    main()
  File "C:\scripts\1repo\run_mvp.py", line 652, in main
    results = orchestrator.run_single(
  File "C:\scripts\1repo\run_mvp.py", line 253, in run_single
    log_stage(logger, stage, "Completed")
  File "C:\scripts\1repo\am_logging.py", line 613, in log_stage
    log_section(logger, f"{emoji} {action}: {stage.upper()}", "INFO")
  File "C:\scripts\1repo\am_logging.py", line 588, in log_section
    log_func(f"  {title}")
Message: '  \U0001f4d6 Completed: STRUCTURE_DETECT'
Arguments: ()
2025-11-01 01:18:25,378 - __main__ - INFO - ============================================================
2025-11-01 01:18:25,378 - __main__ - INFO - ============================================================
2025-11-01 01:18:25,378 - __main__ - INFO--- Logging error ---
Traceback (most recent call last):
  File "C:\Users\Dimon\AppData\Local\Programs\Python\Python313\Lib\logging\__init__.py", line 1154, in emit
    stream.write(msg + self.terminator)
    ~~~~~~~~~~~~^^^^^^^^^^^^^^^^^^^^^^^
  File "C:\Users\Dimon\AppData\Local\Programs\Python\Python313\Lib\site-packages\colorama\ansitowin32.py", line 47, in write
    self.__convertor.write(text)
    ~~~~~~~~~~~~~~~~~~~~~~^^^^^^
  File "C:\Users\Dimon\AppData\Local\Programs\Python\Python313\Lib\site-packages\colorama\ansitowin32.py", line 177, in write
    self.write_and_convert(text)
    ~~~~~~~~~~~~~~~~~~~~~~^^^^^^
  File "C:\Users\Dimon\AppData\Local\Programs\Python\Python313\Lib\site-packages\colorama\ansitowin32.py", line 205, in write_and_convert
    self.write_plain_text(text, cursor, len(text))
    ~~~~~~~~~~~~~~~~~~~~~^^^^^^^^^^^^^^^^^^^^^^^^^
  File "C:\Users\Dimon\AppData\Local\Programs\Python\Python313\Lib\site-packages\colorama\ansitowin32.py", line 210, in write_plain_text
    self.wrapped.write(text[start:end])
    ~~~~~~~~~~~~~~~~~~^^^^^^^^^^^^^^^^^
  File "C:\Users\Dimon\AppData\Local\Programs\Python\Python313\Lib\encodings\cp1251.py", line 19, in encode
    return codecs.charmap_encode(input,self.errors,encoding_table)[0]
           ~~~~~~~~~~~~~~~~~~~~~^^^^^^^^^^^^^^^^^^^^^^^^^^^^^^^^^^
UnicodeEncodeError: 'charmap' codec can't encode character '\U0001f4dd' in position 5: character maps to <undefined>
Call stack:
  File "C:\scripts\1repo\run_mvp.py", line 680, in <module>
    main()
  File "C:\scripts\1repo\run_mvp.py", line 652, in main
    results = orchestrator.run_single(
  File "C:\scripts\1repo\run_mvp.py", line 222, in run_single
    log_stage(logger, stage, "Starting")
  File "C:\scripts\1repo\am_logging.py", line 613, in log_stage
    log_section(logger, f"{emoji} {action}: {stage.upper()}", "INFO")
  File "C:\scripts\1repo\am_logging.py", line 588, in log_section
    log_func(f"  {title}")
Message: '  \U0001f4dd Starting: SUMMARIZE'
Arguments: ()
2025-11-01 01:18:25,378 - __main__ - INFO - ============================================================
2025-11-01 01:18:25,378 - am_common - INFO - Loading config: config\batch_full.yaml
2025-11-01 01:18:25,395 - am_common - INFO - Config loaded successfully
2025-11-01 01:18:25,395 - am_summarize - INFO - Processing: data-driven-organization-design-sustaining-the-competitive-edge-through-organizational-analytics.dataset.jsonl
2025-11-01 01:18:25,395 - am_common - INFO - Loading dataset: C:\scripts\1repo\data\datasets\structured\data-driven-organization-design-sustaining-the-competitive-edge-through-organizational-analytics.dataset.jsonl
2025-11-01 01:18:25,409 - am_common - INFO - Loaded: 375 cards from data-driven-organization-design-sustaining-the-competitive-edge-through-organizational-analytics.dataset.jsonl
2025-11-01 01:18:25,672 - am_summarize - INFO - Summarized 374 pages, skipped 1
2025-11-01 01:18:25,673 - am_common - INFO - Saving dataset: C:\scripts\1repo\data\datasets\summarized\data-driven-organization-design-sustaining-the-competitive-edge-through-organizational-analytics.dataset.jsonl (375 cards)
2025-11-01 01:18:25,681 - am_common - INFO - Saved: 375 cards to data-driven-organization-design-sustaining-the-competitive-edge-through-organizational-analytics.dataset.jsonl (1.20 MB)
2025-11-01 01:18:25,681 - quality_tracker - INFO - Starting: track_quality
2025-11-01 01:18:25,682 - quality_tracker - INFO - summarize metrics:
2025-11-01 01:18:25,682 - quality_tracker - INFO -   total_pages: 375
2025-11-01 01:18:25,682 - quality_tracker - INFO -   summarized_pages: 374
2025-11-01 01:18:25,682 - quality_tracker - INFO -   skipped_pages: 1
2025-11-01 01:18:25,682 - quality_tracker - INFO -   summary_coverage: 0.9973
2025-11-01 01:18:25,682 - quality_tracker - INFO -   avg_l1_length: 220.0722
2025-11-01 01:18:25,682 - quality_tracker - INFO -   avg_l2_length: 488.7406
2025-11-01 01:18:25,682 - quality_tracker - INFO -   avg_compression_ratio: 10.1000
2025-11-01 01:18:25,682 - quality_tracker - INFO--- Logging error ---
Traceback (most recent call last):
  File "C:\Users\Dimon\AppData\Local\Programs\Python\Python313\Lib\logging\__init__.py", line 1154, in emit
    stream.write(msg + self.terminator)
    ~~~~~~~~~~~~^^^^^^^^^^^^^^^^^^^^^^^
  File "C:\Users\Dimon\AppData\Local\Programs\Python\Python313\Lib\site-packages\colorama\ansitowin32.py", line 47, in write
    self.__convertor.write(text)
    ~~~~~~~~~~~~~~~~~~~~~~^^^^^^
  File "C:\Users\Dimon\AppData\Local\Programs\Python\Python313\Lib\site-packages\colorama\ansitowin32.py", line 177, in write
    self.write_and_convert(text)
    ~~~~~~~~~~~~~~~~~~~~~~^^^^^^
  File "C:\Users\Dimon\AppData\Local\Programs\Python\Python313\Lib\site-packages\colorama\ansitowin32.py", line 205, in write_and_convert
    self.write_plain_text(text, cursor, len(text))
    ~~~~~~~~~~~~~~~~~~~~~^^^^^^^^^^^^^^^^^^^^^^^^^
  File "C:\Users\Dimon\AppData\Local\Programs\Python\Python313\Lib\site-packages\colorama\ansitowin32.py", line 210, in write_plain_text
    self.wrapped.write(text[start:end])
    ~~~~~~~~~~~~~~~~~~^^^^^^^^^^^^^^^^^
  File "C:\Users\Dimon\AppData\Local\Programs\Python\Python313\Lib\encodings\cp1251.py", line 19, in encode
    return codecs.charmap_encode(input,self.errors,encoding_table)[0]
           ~~~~~~~~~~~~~~~~~~~~~^^^^^^^^^^^^^^^^^^^^^^^^^^^^^^^^^^
UnicodeEncodeError: 'charmap' codec can't encode character '\u2713' in position 3: character maps to <undefined>
Call stack:
  File "C:\scripts\1repo\run_mvp.py", line 680, in <module>
    main()
  File "C:\scripts\1repo\run_mvp.py", line 652, in main
    results = orchestrator.run_single(
  File "C:\scripts\1repo\run_mvp.py", line 226, in run_single
    stage_result = self._run_stage(stage, current_input)
  File "C:\scripts\1repo\run_mvp.py", line 419, in _run_stage
    return processor.process_dataset(input_path, output_dir)
  File "C:\scripts\1repo\am_summarize.py", line 281, in process_dataset
    self.quality_tracker.track('summarize', input_path.name, metrics)
  File "C:\scripts\1repo\quality_tracker.py", line 171, in track
    logger.info(f"\u2713 Quality thresholds passed for {stage}")
Message: '\u2713 Quality thresholds passed for summarize'
Arguments: ()
2025-11-01 01:18:25,683 - quality_tracker - INFO - Completed: track_quality (0.00s)
2025-11-01 01:18:25,683 - am_summarize - INFO - Saved: data-driven-organization-design-sustaining-the-competitive-edge-through-organizational-analytics.dataset.jsonl
2025-11-01 01:18:25,683 - __main__ - ERROR - Validation failed: Unknown stage: summarize
2025-11-01 01:18:25,683 - __main__ - WARNING - Validation issues: 1 errors
2025-11-01 01:18:25,683 - __main__ - INFO - ============================================================
2025-11-01 01:18:25,683 - __main__ - INFO--- Logging error ---
Traceback (most recent call last):
  File "C:\Users\Dimon\AppData\Local\Programs\Python\Python313\Lib\logging\__init__.py", line 1154, in emit
    stream.write(msg + self.terminator)
    ~~~~~~~~~~~~^^^^^^^^^^^^^^^^^^^^^^^
  File "C:\Users\Dimon\AppData\Local\Programs\Python\Python313\Lib\site-packages\colorama\ansitowin32.py", line 47, in write
    self.__convertor.write(text)
    ~~~~~~~~~~~~~~~~~~~~~~^^^^^^
  File "C:\Users\Dimon\AppData\Local\Programs\Python\Python313\Lib\site-packages\colorama\ansitowin32.py", line 177, in write
    self.write_and_convert(text)
    ~~~~~~~~~~~~~~~~~~~~~~^^^^^^
  File "C:\Users\Dimon\AppData\Local\Programs\Python\Python313\Lib\site-packages\colorama\ansitowin32.py", line 205, in write_and_convert
    self.write_plain_text(text, cursor, len(text))
    ~~~~~~~~~~~~~~~~~~~~~^^^^^^^^^^^^^^^^^^^^^^^^^
  File "C:\Users\Dimon\AppData\Local\Programs\Python\Python313\Lib\site-packages\colorama\ansitowin32.py", line 210, in write_plain_text
    self.wrapped.write(text[start:end])
    ~~~~~~~~~~~~~~~~~~^^^^^^^^^^^^^^^^^
  File "C:\Users\Dimon\AppData\Local\Programs\Python\Python313\Lib\encodings\cp1251.py", line 19, in encode
    return codecs.charmap_encode(input,self.errors,encoding_table)[0]
           ~~~~~~~~~~~~~~~~~~~~~^^^^^^^^^^^^^^^^^^^^^^^^^^^^^^^^^^
UnicodeEncodeError: 'charmap' codec can't encode character '\U0001f4dd' in position 5: character maps to <undefined>
Call stack:
  File "C:\scripts\1repo\run_mvp.py", line 680, in <module>
    main()
  File "C:\scripts\1repo\run_mvp.py", line 652, in main
    results = orchestrator.run_single(
  File "C:\scripts\1repo\run_mvp.py", line 253, in run_single
    log_stage(logger, stage, "Completed")
  File "C:\scripts\1repo\am_logging.py", line 613, in log_stage
    log_section(logger, f"{emoji} {action}: {stage.upper()}", "INFO")
  File "C:\scripts\1repo\am_logging.py", line 588, in log_section
    log_func(f"  {title}")
Message: '  \U0001f4dd Completed: SUMMARIZE'
Arguments: ()
2025-11-01 01:18:25,684 - __main__ - INFO - ============================================================
2025-11-01 01:18:25,684 - __main__ - INFO - ============================================================
2025-11-01 01:18:25,684 - __main__ - INFO--- Logging error ---
Traceback (most recent call last):
  File "C:\Users\Dimon\AppData\Local\Programs\Python\Python313\Lib\logging\__init__.py", line 1154, in emit
    stream.write(msg + self.terminator)
    ~~~~~~~~~~~~^^^^^^^^^^^^^^^^^^^^^^^
  File "C:\Users\Dimon\AppData\Local\Programs\Python\Python313\Lib\site-packages\colorama\ansitowin32.py", line 47, in write
    self.__convertor.write(text)
    ~~~~~~~~~~~~~~~~~~~~~~^^^^^^
  File "C:\Users\Dimon\AppData\Local\Programs\Python\Python313\Lib\site-packages\colorama\ansitowin32.py", line 177, in write
    self.write_and_convert(text)
    ~~~~~~~~~~~~~~~~~~~~~~^^^^^^
  File "C:\Users\Dimon\AppData\Local\Programs\Python\Python313\Lib\site-packages\colorama\ansitowin32.py", line 205, in write_and_convert
    self.write_plain_text(text, cursor, len(text))
    ~~~~~~~~~~~~~~~~~~~~~^^^^^^^^^^^^^^^^^^^^^^^^^
  File "C:\Users\Dimon\AppData\Local\Programs\Python\Python313\Lib\site-packages\colorama\ansitowin32.py", line 210, in write_plain_text
    self.wrapped.write(text[start:end])
    ~~~~~~~~~~~~~~~~~~^^^^^^^^^^^^^^^^^
  File "C:\Users\Dimon\AppData\Local\Programs\Python\Python313\Lib\encodings\cp1251.py", line 19, in encode
    return codecs.charmap_encode(input,self.errors,encoding_table)[0]
           ~~~~~~~~~~~~~~~~~~~~~^^^^^^^^^^^^^^^^^^^^^^^^^^^^^^^^^^
UnicodeEncodeError: 'charmap' codec can't encode character '\U0001f916' in position 5: character maps to <undefined>
Call stack:
  File "C:\scripts\1repo\run_mvp.py", line 680, in <module>
    main()
  File "C:\scripts\1repo\run_mvp.py", line 652, in main
    results = orchestrator.run_single(
  File "C:\scripts\1repo\run_mvp.py", line 222, in run_single
    log_stage(logger, stage, "Starting")
  File "C:\scripts\1repo\am_logging.py", line 613, in log_stage
    log_section(logger, f"{emoji} {action}: {stage.upper()}", "INFO")
  File "C:\scripts\1repo\am_logging.py", line 588, in log_section
    log_func(f"  {title}")
Message: '  \U0001f916 Starting: EXTENDED'
Arguments: ()
2025-11-01 01:18:25,685 - __main__ - INFO - ============================================================
2025-11-01 01:18:25,685 - am_common - INFO - Loading config: config\batch_full.yaml
2025-11-01 01:18:25,699 - am_common - INFO - Config loaded successfully
2025-11-01 01:18:25,731 - am_extended - INFO - Ollama available, using model: llama3.2:3b
2025-11-01 01:18:25,732 - am_extended - INFO - Processing: data-driven-organization-design-sustaining-the-competitive-edge-through-organizational-analytics.dataset.jsonl
2025-11-01 01:18:25,732 - am_common - INFO - Loading dataset: C:\scripts\1repo\data\datasets\summarized\data-driven-organization-design-sustaining-the-competitive-edge-through-organizational-analytics.dataset.jsonl
2025-11-01 01:18:25,747 - am_common - INFO - Loaded: 375 cards from data-driven-organization-design-sustaining-the-competitive-edge-through-organizational-analytics.dataset.jsonl
2025-11-01 01:18:25,758 - am_extended - INFO - Marked 10 duplicate pages
2025-11-01 01:18:25,799 - am_extended - INFO - Found 3 continuity gaps
2025-11-01 01:18:25,799 - am_extended - INFO - Extracting extended fields (this may take a while)...
2025-11-01 01:18:25,834 - am_extended - ERROR - Ollama API error: 404
2025-11-01 01:18:25,849 - am_extended - ERROR - Ollama API error: 404
2025-11-01 01:18:25,864 - am_extended - ERROR - Ollama API error: 404
2025-11-01 01:18:25,895 - am_extended - ERROR - Ollama API error: 404
2025-11-01 01:18:25,925 - am_extended - ERROR - Ollama API error: 404
2025-11-01 01:18:25,957 - am_extended - ERROR - Ollama API error: 404
2025-11-01 01:18:25,973 - am_extended - ERROR - Ollama API error: 404
2025-11-01 01:18:26,003 - am_extended - ERROR - Ollama API error: 404
2025-11-01 01:18:26,019 - am_extended - ERROR - Ollama API error: 404
2025-11-01 01:18:26,019 - am_extended - INFO -   Processed 10/375 pages
2025-11-01 01:18:26,035 - am_extended - ERROR - Ollama API error: 404
2025-11-01 01:18:26,066 - am_extended - ERROR - Ollama API error: 404
2025-11-01 01:18:26,096 - am_extended - ERROR - Ollama API error: 404
2025-11-01 01:18:26,127 - am_extended - ERROR - Ollama API error: 404
2025-11-01 01:18:26,157 - am_extended - ERROR - Ollama API error: 404
2025-11-01 01:18:26,188 - am_extended - ERROR - Ollama API error: 404
2025-11-01 01:18:26,219 - am_extended - ERROR - Ollama API error: 404
2025-11-01 01:18:26,251 - am_extended - ERROR - Ollama API error: 404
2025-11-01 01:18:26,280 - am_extended - ERROR - Ollama API error: 404
2025-11-01 01:18:26,281 - am_extended - INFO -   Processed 20/375 pages
2025-11-01 01:18:26,296 - am_extended - ERROR - Ollama API error: 404
2025-11-01 01:18:26,312 - am_extended - ERROR - Ollama API error: 404
2025-11-01 01:18:26,342 - am_extended - ERROR - Ollama API error: 404
2025-11-01 01:18:26,373 - am_extended - ERROR - Ollama API error: 404
2025-11-01 01:18:26,404 - am_extended - ERROR - Ollama API error: 404
2025-11-01 01:18:26,435 - am_extended - ERROR - Ollama API error: 404
2025-11-01 01:18:26,466 - am_extended - ERROR - Ollama API error: 404
2025-11-01 01:18:26,496 - am_extended - ERROR - Ollama API error: 404
2025-11-01 01:18:26,528 - am_extended - ERROR - Ollama API error: 404
2025-11-01 01:18:26,543 - am_extended - ERROR - Ollama API error: 404
2025-11-01 01:18:26,543 - am_extended - INFO -   Processed 30/375 pages
2025-11-01 01:18:26,574 - am_extended - ERROR - Ollama API error: 404
2025-11-01 01:18:26,606 - am_extended - ERROR - Ollama API error: 404
2025-11-01 01:18:26,635 - am_extended - ERROR - Ollama API error: 404
2025-11-01 01:18:26,667 - am_extended - ERROR - Ollama API error: 404
2025-11-01 01:18:26,698 - am_extended - ERROR - Ollama API error: 404
2025-11-01 01:18:26,713 - am_extended - ERROR - Ollama API error: 404
2025-11-01 01:18:26,744 - am_extended - ERROR - Ollama API error: 404
2025-11-01 01:18:26,760 - am_extended - ERROR - Ollama API error: 404
2025-11-01 01:18:26,790 - am_extended - ERROR - Ollama API error: 404
2025-11-01 01:18:26,806 - am_extended - ERROR - Ollama API error: 404
2025-11-01 01:18:26,806 - am_extended - INFO -   Processed 40/375 pages
2025-11-01 01:18:26,822 - am_extended - ERROR - Ollama API error: 404
2025-11-01 01:18:26,853 - am_extended - ERROR - Ollama API error: 404
2025-11-01 01:18:26,883 - am_extended - ERROR - Ollama API error: 404
2025-11-01 01:18:26,915 - am_extended - ERROR - Ollama API error: 404
2025-11-01 01:18:26,945 - am_extended - ERROR - Ollama API error: 404
2025-11-01 01:18:26,975 - am_extended - ERROR - Ollama API error: 404
2025-11-01 01:18:27,006 - am_extended - ERROR - Ollama API error: 404
2025-11-01 01:18:27,037 - am_extended - ERROR - Ollama API error: 404
2025-11-01 01:18:27,068 - am_extended - ERROR - Ollama API error: 404
2025-11-01 01:18:27,099 - am_extended - ERROR - Ollama API error: 404
2025-11-01 01:18:27,099 - am_extended - INFO -   Processed 50/375 pages
2025-11-01 01:18:27,130 - am_extended - ERROR - Ollama API error: 404
2025-11-01 01:18:27,146 - am_extended - ERROR - Ollama API error: 404
2025-11-01 01:18:27,176 - am_extended - ERROR - Ollama API error: 404
2025-11-01 01:18:27,207 - am_extended - ERROR - Ollama API error: 404
2025-11-01 01:18:27,237 - am_extended - ERROR - Ollama API error: 404
2025-11-01 01:18:27,253 - am_extended - ERROR - Ollama API error: 404
2025-11-01 01:18:27,268 - am_extended - ERROR - Ollama API error: 404
2025-11-01 01:18:27,300 - am_extended - ERROR - Ollama API error: 404
2025-11-01 01:18:27,331 - am_extended - ERROR - Ollama API error: 404
2025-11-01 01:18:27,362 - am_extended - ERROR - Ollama API error: 404
2025-11-01 01:18:27,363 - am_extended - INFO -   Processed 60/375 pages
2025-11-01 01:18:27,394 - am_extended - ERROR - Ollama API error: 404
2025-11-01 01:18:27,425 - am_extended - ERROR - Ollama API error: 404
2025-11-01 01:18:27,456 - am_extended - ERROR - Ollama API error: 404
2025-11-01 01:18:27,487 - am_extended - ERROR - Ollama API error: 404
2025-11-01 01:18:27,517 - am_extended - ERROR - Ollama API error: 404
2025-11-01 01:18:27,548 - am_extended - ERROR - Ollama API error: 404
2025-11-01 01:18:27,563 - am_extended - ERROR - Ollama API error: 404
2025-11-01 01:18:27,593 - am_extended - ERROR - Ollama API error: 404
2025-11-01 01:18:27,625 - am_extended - ERROR - Ollama API error: 404
2025-11-01 01:18:27,655 - am_extended - ERROR - Ollama API error: 404
2025-11-01 01:18:27,686 - am_extended - ERROR - Ollama API error: 404
2025-11-01 01:18:27,718 - am_extended - ERROR - Ollama API error: 404
2025-11-01 01:18:27,748 - am_extended - ERROR - Ollama API error: 404
2025-11-01 01:18:27,764 - am_extended - ERROR - Ollama API error: 404
2025-11-01 01:18:27,780 - am_extended - ERROR - Ollama API error: 404
2025-11-01 01:18:27,811 - am_extended - ERROR - Ollama API error: 404
2025-11-01 01:18:27,842 - am_extended - ERROR - Ollama API error: 404
2025-11-01 01:18:27,842 - am_extended - INFO -   Processed 80/375 pages
2025-11-01 01:18:27,873 - am_extended - ERROR - Ollama API error: 404
2025-11-01 01:18:27,904 - am_extended - ERROR - Ollama API error: 404
2025-11-01 01:18:27,919 - am_extended - ERROR - Ollama API error: 404
2025-11-01 01:18:27,950 - am_extended - ERROR - Ollama API error: 404
2025-11-01 01:18:27,981 - am_extended - ERROR - Ollama API error: 404
2025-11-01 01:18:28,011 - am_extended - ERROR - Ollama API error: 404
2025-11-01 01:18:28,043 - am_extended - ERROR - Ollama API error: 404
2025-11-01 01:18:28,073 - am_extended - ERROR - Ollama API error: 404
2025-11-01 01:18:28,104 - am_extended - ERROR - Ollama API error: 404
2025-11-01 01:18:28,135 - am_extended - ERROR - Ollama API error: 404
2025-11-01 01:18:28,135 - am_extended - INFO -   Processed 90/375 pages
2025-11-01 01:18:28,165 - am_extended - ERROR - Ollama API error: 404
2025-11-01 01:18:28,195 - am_extended - ERROR - Ollama API error: 404
2025-11-01 01:18:28,226 - am_extended - ERROR - Ollama API error: 404
2025-11-01 01:18:28,257 - am_extended - ERROR - Ollama API error: 404
2025-11-01 01:18:28,288 - am_extended - ERROR - Ollama API error: 404
2025-11-01 01:18:28,304 - am_extended - ERROR - Ollama API error: 404
2025-11-01 01:18:28,334 - am_extended - ERROR - Ollama API error: 404
2025-11-01 01:18:28,366 - am_extended - ERROR - Ollama API error: 404
2025-11-01 01:18:28,397 - am_extended - ERROR - Ollama API error: 404
2025-11-01 01:18:28,428 - am_extended - ERROR - Ollama API error: 404
2025-11-01 01:18:28,428 - am_extended - INFO -   Processed 100/375 pages
2025-11-01 01:18:28,457 - am_extended - ERROR - Ollama API error: 404
2025-11-01 01:18:28,488 - am_extended - ERROR - Ollama API error: 404
2025-11-01 01:18:28,519 - am_extended - ERROR - Ollama API error: 404
2025-11-01 01:18:28,549 - am_extended - ERROR - Ollama API error: 404
2025-11-01 01:18:28,579 - am_extended - ERROR - Ollama API error: 404
2025-11-01 01:18:28,610 - am_extended - ERROR - Ollama API error: 404
2025-11-01 01:18:28,640 - am_extended - ERROR - Ollama API error: 404
2025-11-01 01:18:28,671 - am_extended - ERROR - Ollama API error: 404
2025-11-01 01:18:28,687 - am_extended - ERROR - Ollama API error: 404
2025-11-01 01:18:28,687 - am_extended - INFO -   Processed 110/375 pages
2025-11-01 01:18:28,717 - am_extended - ERROR - Ollama API error: 404
2025-11-01 01:18:28,734 - am_extended - ERROR - Ollama API error: 404
2025-11-01 01:18:28,763 - am_extended - ERROR - Ollama API error: 404
2025-11-01 01:18:28,779 - am_extended - ERROR - Ollama API error: 404
2025-11-01 01:18:28,810 - am_extended - ERROR - Ollama API error: 404
2025-11-01 01:18:28,840 - am_extended - ERROR - Ollama API error: 404
2025-11-01 01:18:28,870 - am_extended - ERROR - Ollama API error: 404
2025-11-01 01:18:28,887 - am_extended - ERROR - Ollama API error: 404
2025-11-01 01:18:28,902 - am_extended - ERROR - Ollama API error: 404
2025-11-01 01:18:28,932 - am_extended - ERROR - Ollama API error: 404
2025-11-01 01:18:28,932 - am_extended - INFO -   Processed 120/375 pages
2025-11-01 01:18:28,964 - am_extended - ERROR - Ollama API error: 404
2025-11-01 01:18:28,994 - am_extended - ERROR - Ollama API error: 404
2025-11-01 01:18:29,025 - am_extended - ERROR - Ollama API error: 404
2025-11-01 01:18:29,041 - am_extended - ERROR - Ollama API error: 404
2025-11-01 01:18:29,056 - am_extended - ERROR - Ollama API error: 404
2025-11-01 01:18:29,086 - am_extended - ERROR - Ollama API error: 404
2025-11-01 01:18:29,117 - am_extended - ERROR - Ollama API error: 404
2025-11-01 01:18:29,132 - am_extended - ERROR - Ollama API error: 404
2025-11-01 01:18:29,148 - am_extended - ERROR - Ollama API error: 404
2025-11-01 01:18:29,179 - am_extended - ERROR - Ollama API error: 404
2025-11-01 01:18:29,179 - am_extended - INFO -   Processed 130/375 pages
2025-11-01 01:18:29,209 - am_extended - ERROR - Ollama API error: 404
2025-11-01 01:18:29,225 - am_extended - ERROR - Ollama API error: 404
2025-11-01 01:18:29,241 - am_extended - ERROR - Ollama API error: 404
2025-11-01 01:18:29,256 - am_extended - ERROR - Ollama API error: 404
2025-11-01 01:18:29,287 - am_extended - ERROR - Ollama API error: 404
2025-11-01 01:18:29,316 - am_extended - ERROR - Ollama API error: 404
2025-11-01 01:18:29,332 - am_extended - ERROR - Ollama API error: 404
2025-11-01 01:18:29,348 - am_extended - ERROR - Ollama API error: 404
2025-11-01 01:18:29,363 - am_extended - ERROR - Ollama API error: 404
2025-11-01 01:18:29,394 - am_extended - ERROR - Ollama API error: 404
2025-11-01 01:18:29,394 - am_extended - INFO -   Processed 140/375 pages
2025-11-01 01:18:29,425 - am_extended - ERROR - Ollama API error: 404
2025-11-01 01:18:29,455 - am_extended - ERROR - Ollama API error: 404
2025-11-01 01:18:29,486 - am_extended - ERROR - Ollama API error: 404
2025-11-01 01:18:29,516 - am_extended - ERROR - Ollama API error: 404
2025-11-01 01:18:29,547 - am_extended - ERROR - Ollama API error: 404
2025-11-01 01:18:29,576 - am_extended - ERROR - Ollama API error: 404
2025-11-01 01:18:29,592 - am_extended - ERROR - Ollama API error: 404
2025-11-01 01:18:29,623 - am_extended - ERROR - Ollama API error: 404
2025-11-01 01:18:29,654 - am_extended - ERROR - Ollama API error: 404
2025-11-01 01:18:29,685 - am_extended - ERROR - Ollama API error: 404
2025-11-01 01:18:29,685 - am_extended - INFO -   Processed 150/375 pages
2025-11-01 01:18:29,716 - am_extended - ERROR - Ollama API error: 404
2025-11-01 01:18:29,732 - am_extended - ERROR - Ollama API error: 404
2025-11-01 01:18:29,763 - am_extended - ERROR - Ollama API error: 404
2025-11-01 01:18:29,792 - am_extended - ERROR - Ollama API error: 404
2025-11-01 01:18:29,807 - am_extended - ERROR - Ollama API error: 404
2025-11-01 01:18:29,823 - am_extended - ERROR - Ollama API error: 404
2025-11-01 01:18:29,853 - am_extended - ERROR - Ollama API error: 404
2025-11-01 01:18:29,883 - am_extended - ERROR - Ollama API error: 404
2025-11-01 01:18:29,913 - am_extended - ERROR - Ollama API error: 404
2025-11-01 01:18:29,945 - am_extended - ERROR - Ollama API error: 404
2025-11-01 01:18:29,945 - am_extended - INFO -   Processed 160/375 pages
2025-11-01 01:18:29,976 - am_extended - ERROR - Ollama API error: 404
2025-11-01 01:18:29,992 - am_extended - ERROR - Ollama API error: 404
2025-11-01 01:18:30,022 - am_extended - ERROR - Ollama API error: 404
2025-11-01 01:18:30,054 - am_extended - ERROR - Ollama API error: 404
2025-11-01 01:18:30,084 - am_extended - ERROR - Ollama API error: 404
2025-11-01 01:18:30,115 - am_extended - ERROR - Ollama API error: 404
2025-11-01 01:18:30,146 - am_extended - ERROR - Ollama API error: 404
2025-11-01 01:18:30,178 - am_extended - ERROR - Ollama API error: 404
2025-11-01 01:18:30,209 - am_extended - ERROR - Ollama API error: 404
2025-11-01 01:18:30,240 - am_extended - ERROR - Ollama API error: 404
2025-11-01 01:18:30,240 - am_extended - INFO -   Processed 170/375 pages
2025-11-01 01:18:30,272 - am_extended - ERROR - Ollama API error: 404
2025-11-01 01:18:30,302 - am_extended - ERROR - Ollama API error: 404
2025-11-01 01:18:30,332 - am_extended - ERROR - Ollama API error: 404
2025-11-01 01:18:30,362 - am_extended - ERROR - Ollama API error: 404
2025-11-01 01:18:30,393 - am_extended - ERROR - Ollama API error: 404
2025-11-01 01:18:30,424 - am_extended - ERROR - Ollama API error: 404
2025-11-01 01:18:30,455 - am_extended - ERROR - Ollama API error: 404
2025-11-01 01:18:30,470 - am_extended - ERROR - Ollama API error: 404
2025-11-01 01:18:30,507 - am_extended - ERROR - Ollama API error: 404
2025-11-01 01:18:30,547 - am_extended - ERROR - Ollama API error: 404
2025-11-01 01:18:30,547 - am_extended - INFO -   Processed 180/375 pages
2025-11-01 01:18:30,579 - am_extended - ERROR - Ollama API error: 404
2025-11-01 01:18:30,610 - am_extended - ERROR - Ollama API error: 404
2025-11-01 01:18:30,641 - am_extended - ERROR - Ollama API error: 404
2025-11-01 01:18:30,673 - am_extended - ERROR - Ollama API error: 404
2025-11-01 01:18:30,704 - am_extended - ERROR - Ollama API error: 404
2025-11-01 01:18:30,735 - am_extended - ERROR - Ollama API error: 404
2025-11-01 01:18:30,766 - am_extended - ERROR - Ollama API error: 404
2025-11-01 01:18:30,796 - am_extended - ERROR - Ollama API error: 404
2025-11-01 01:18:30,828 - am_extended - ERROR - Ollama API error: 404
2025-11-01 01:18:30,859 - am_extended - ERROR - Ollama API error: 404
2025-11-01 01:18:30,859 - am_extended - INFO -   Processed 190/375 pages
2025-11-01 01:18:30,889 - am_extended - ERROR - Ollama API error: 404
2025-11-01 01:18:30,905 - am_extended - ERROR - Ollama API error: 404
2025-11-01 01:18:30,935 - am_extended - ERROR - Ollama API error: 404
2025-11-01 01:18:30,967 - am_extended - ERROR - Ollama API error: 404
2025-11-01 01:18:30,998 - am_extended - ERROR - Ollama API error: 404
2025-11-01 01:18:31,028 - am_extended - ERROR - Ollama API error: 404
2025-11-01 01:18:31,059 - am_extended - ERROR - Ollama API error: 404
2025-11-01 01:18:31,089 - am_extended - ERROR - Ollama API error: 404
2025-11-01 01:18:31,120 - am_extended - ERROR - Ollama API error: 404
2025-11-01 01:18:31,150 - am_extended - ERROR - Ollama API error: 404
2025-11-01 01:18:31,151 - am_extended - INFO -   Processed 200/375 pages
2025-11-01 01:18:31,182 - am_extended - ERROR - Ollama API error: 404
2025-11-01 01:18:31,212 - am_extended - ERROR - Ollama API error: 404
2025-11-01 01:18:31,243 - am_extended - ERROR - Ollama API error: 404
2025-11-01 01:18:31,273 - am_extended - ERROR - Ollama API error: 404
2025-11-01 01:18:31,304 - am_extended - ERROR - Ollama API error: 404
2025-11-01 01:18:31,319 - am_extended - ERROR - Ollama API error: 404
2025-11-01 01:18:31,335 - am_extended - ERROR - Ollama API error: 404
2025-11-01 01:18:31,365 - am_extended - ERROR - Ollama API error: 404
2025-11-01 01:18:31,396 - am_extended - ERROR - Ollama API error: 404
2025-11-01 01:18:31,427 - am_extended - ERROR - Ollama API error: 404
2025-11-01 01:18:31,427 - am_extended - INFO -   Processed 210/375 pages
2025-11-01 01:18:31,457 - am_extended - ERROR - Ollama API error: 404
2025-11-01 01:18:31,488 - am_extended - ERROR - Ollama API error: 404
2025-11-01 01:18:31,519 - am_extended - ERROR - Ollama API error: 404
2025-11-01 01:18:31,550 - am_extended - ERROR - Ollama API error: 404
2025-11-01 01:18:31,580 - am_extended - ERROR - Ollama API error: 404
2025-11-01 01:18:31,610 - am_extended - ERROR - Ollama API error: 404
2025-11-01 01:18:31,641 - am_extended - ERROR - Ollama API error: 404
2025-11-01 01:18:31,657 - am_extended - ERROR - Ollama API error: 404
2025-11-01 01:18:31,687 - am_extended - ERROR - Ollama API error: 404
2025-11-01 01:18:31,718 - am_extended - ERROR - Ollama API error: 404
2025-11-01 01:18:31,718 - am_extended - INFO -   Processed 220/375 pages
2025-11-01 01:18:31,749 - am_extended - ERROR - Ollama API error: 404
2025-11-01 01:18:31,779 - am_extended - ERROR - Ollama API error: 404
2025-11-01 01:18:31,810 - am_extended - ERROR - Ollama API error: 404
2025-11-01 01:18:31,841 - am_extended - ERROR - Ollama API error: 404
2025-11-01 01:18:31,857 - am_extended - ERROR - Ollama API error: 404
2025-11-01 01:18:31,888 - am_extended - ERROR - Ollama API error: 404
2025-11-01 01:18:31,919 - am_extended - ERROR - Ollama API error: 404
2025-11-01 01:18:31,950 - am_extended - ERROR - Ollama API error: 404
2025-11-01 01:18:31,981 - am_extended - ERROR - Ollama API error: 404
2025-11-01 01:18:32,012 - am_extended - ERROR - Ollama API error: 404
2025-11-01 01:18:32,012 - am_extended - INFO -   Processed 230/375 pages
2025-11-01 01:18:32,028 - am_extended - ERROR - Ollama API error: 404
2025-11-01 01:18:32,042 - am_extended - ERROR - Ollama API error: 404
2025-11-01 01:18:32,072 - am_extended - ERROR - Ollama API error: 404
2025-11-01 01:18:32,104 - am_extended - ERROR - Ollama API error: 404
2025-11-01 01:18:32,135 - am_extended - ERROR - Ollama API error: 404
2025-11-01 01:18:32,165 - am_extended - ERROR - Ollama API error: 404
2025-11-01 01:18:32,196 - am_extended - ERROR - Ollama API error: 404
2025-11-01 01:18:32,227 - am_extended - ERROR - Ollama API error: 404
2025-11-01 01:18:32,244 - am_extended - ERROR - Ollama API error: 404
2025-11-01 01:18:32,258 - am_extended - ERROR - Ollama API error: 404
2025-11-01 01:18:32,259 - am_extended - INFO -   Processed 240/375 pages
2025-11-01 01:18:32,289 - am_extended - ERROR - Ollama API error: 404
2025-11-01 01:18:32,305 - am_extended - ERROR - Ollama API error: 404
2025-11-01 01:18:32,336 - am_extended - ERROR - Ollama API error: 404
2025-11-01 01:18:32,366 - am_extended - ERROR - Ollama API error: 404
2025-11-01 01:18:32,397 - am_extended - ERROR - Ollama API error: 404
2025-11-01 01:18:32,412 - am_extended - ERROR - Ollama API error: 404
2025-11-01 01:18:32,442 - am_extended - ERROR - Ollama API error: 404
2025-11-01 01:18:32,472 - am_extended - ERROR - Ollama API error: 404
2025-11-01 01:18:32,502 - am_extended - ERROR - Ollama API error: 404
2025-11-01 01:18:32,519 - am_extended - ERROR - Ollama API error: 404
2025-11-01 01:18:32,519 - am_extended - INFO -   Processed 250/375 pages
2025-11-01 01:18:32,534 - am_extended - ERROR - Ollama API error: 404
2025-11-01 01:18:32,549 - am_extended - ERROR - Ollama API error: 404
2025-11-01 01:18:32,580 - am_extended - ERROR - Ollama API error: 404
2025-11-01 01:18:32,595 - am_extended - ERROR - Ollama API error: 404
2025-11-01 01:18:32,597 - am_extended - ERROR - Ollama API error: 404
2025-11-01 01:18:32,640 - am_extended - ERROR - Ollama API error: 404
2025-11-01 01:18:32,671 - am_extended - ERROR - Ollama API error: 404
2025-11-01 01:18:32,701 - am_extended - ERROR - Ollama API error: 404
2025-11-01 01:18:32,732 - am_extended - ERROR - Ollama API error: 404
2025-11-01 01:18:32,732 - am_extended - INFO -   Processed 260/375 pages
2025-11-01 01:18:32,748 - am_extended - ERROR - Ollama API error: 404
2025-11-01 01:18:32,778 - am_extended - ERROR - Ollama API error: 404
2025-11-01 01:18:32,809 - am_extended - ERROR - Ollama API error: 404
2025-11-01 01:18:32,826 - am_extended - ERROR - Ollama API error: 404
2025-11-01 01:18:32,855 - am_extended - ERROR - Ollama API error: 404
2025-11-01 01:18:32,885 - am_extended - ERROR - Ollama API error: 404
2025-11-01 01:18:32,902 - am_extended - ERROR - Ollama API error: 404
2025-11-01 01:18:32,932 - am_extended - ERROR - Ollama API error: 404
2025-11-01 01:18:32,948 - am_extended - ERROR - Ollama API error: 404
2025-11-01 01:18:32,948 - am_extended - INFO -   Processed 270/375 pages
2025-11-01 01:18:32,979 - am_extended - ERROR - Ollama API error: 404
2025-11-01 01:18:33,010 - am_extended - ERROR - Ollama API error: 404
2025-11-01 01:18:33,040 - am_extended - ERROR - Ollama API error: 404
2025-11-01 01:18:33,071 - am_extended - ERROR - Ollama API error: 404
2025-11-01 01:18:33,087 - am_extended - ERROR - Ollama API error: 404
2025-11-01 01:18:33,102 - am_extended - ERROR - Ollama API error: 404
2025-11-01 01:18:33,132 - am_extended - ERROR - Ollama API error: 404
2025-11-01 01:18:33,148 - am_extended - ERROR - Ollama API error: 404
2025-11-01 01:18:33,178 - am_extended - ERROR - Ollama API error: 404
2025-11-01 01:18:33,208 - am_extended - ERROR - Ollama API error: 404
2025-11-01 01:18:33,209 - am_extended - INFO -   Processed 280/375 pages
2025-11-01 01:18:33,245 - am_extended - ERROR - Ollama API error: 404
2025-11-01 01:18:33,286 - am_extended - ERROR - Ollama API error: 404
2025-11-01 01:18:33,317 - am_extended - ERROR - Ollama API error: 404
2025-11-01 01:18:33,348 - am_extended - ERROR - Ollama API error: 404
2025-11-01 01:18:33,363 - am_extended - ERROR - Ollama API error: 404
2025-11-01 01:18:33,393 - am_extended - ERROR - Ollama API error: 404
2025-11-01 01:18:33,424 - am_extended - ERROR - Ollama API error: 404
2025-11-01 01:18:33,454 - am_extended - ERROR - Ollama API error: 404
2025-11-01 01:18:33,486 - am_extended - ERROR - Ollama API error: 404
2025-11-01 01:18:33,517 - am_extended - ERROR - Ollama API error: 404
2025-11-01 01:18:33,517 - am_extended - INFO -   Processed 290/375 pages
2025-11-01 01:18:33,548 - am_extended - ERROR - Ollama API error: 404
2025-11-01 01:18:33,578 - am_extended - ERROR - Ollama API error: 404
2025-11-01 01:18:33,609 - am_extended - ERROR - Ollama API error: 404
2025-11-01 01:18:33,639 - am_extended - ERROR - Ollama API error: 404
2025-11-01 01:18:33,671 - am_extended - ERROR - Ollama API error: 404
2025-11-01 01:18:33,701 - am_extended - ERROR - Ollama API error: 404
2025-11-01 01:18:33,732 - am_extended - ERROR - Ollama API error: 404
2025-11-01 01:18:33,762 - am_extended - ERROR - Ollama API error: 404
2025-11-01 01:18:33,794 - am_extended - ERROR - Ollama API error: 404
2025-11-01 01:18:33,825 - am_extended - ERROR - Ollama API error: 404
2025-11-01 01:18:33,825 - am_extended - INFO -   Processed 300/375 pages
2025-11-01 01:18:33,855 - am_extended - ERROR - Ollama API error: 404
2025-11-01 01:18:33,885 - am_extended - ERROR - Ollama API error: 404
2025-11-01 01:18:33,901 - am_extended - ERROR - Ollama API error: 404
2025-11-01 01:18:33,931 - am_extended - ERROR - Ollama API error: 404
2025-11-01 01:18:33,962 - am_extended - ERROR - Ollama API error: 404
2025-11-01 01:18:33,993 - am_extended - ERROR - Ollama API error: 404
2025-11-01 01:18:34,025 - am_extended - ERROR - Ollama API error: 404
2025-11-01 01:18:34,040 - am_extended - ERROR - Ollama API error: 404
2025-11-01 01:18:34,071 - am_extended - ERROR - Ollama API error: 404
2025-11-01 01:18:34,101 - am_extended - ERROR - Ollama API error: 404
2025-11-01 01:18:34,102 - am_extended - INFO -   Processed 310/375 pages
2025-11-01 01:18:34,132 - am_extended - ERROR - Ollama API error: 404
2025-11-01 01:18:34,147 - am_extended - ERROR - Ollama API error: 404
2025-11-01 01:18:34,177 - am_extended - ERROR - Ollama API error: 404
2025-11-01 01:18:34,208 - am_extended - ERROR - Ollama API error: 404
2025-11-01 01:18:34,239 - am_extended - ERROR - Ollama API error: 404
2025-11-01 01:18:34,270 - am_extended - ERROR - Ollama API error: 404
2025-11-01 01:18:34,300 - am_extended - ERROR - Ollama API error: 404
2025-11-01 01:18:34,332 - am_extended - ERROR - Ollama API error: 404
2025-11-01 01:18:34,363 - am_extended - ERROR - Ollama API error: 404
2025-11-01 01:18:34,394 - am_extended - ERROR - Ollama API error: 404
2025-11-01 01:18:34,394 - am_extended - INFO -   Processed 320/375 pages
2025-11-01 01:18:34,410 - am_extended - ERROR - Ollama API error: 404
2025-11-01 01:18:34,425 - am_extended - ERROR - Ollama API error: 404
2025-11-01 01:18:34,455 - am_extended - ERROR - Ollama API error: 404
2025-11-01 01:18:34,487 - am_extended - ERROR - Ollama API error: 404
2025-11-01 01:18:34,503 - am_extended - ERROR - Ollama API error: 404
2025-11-01 01:18:34,533 - am_extended - ERROR - Ollama API error: 404
2025-11-01 01:18:34,566 - am_extended - ERROR - Ollama API error: 404
2025-11-01 01:18:34,597 - am_extended - ERROR - Ollama API error: 404
2025-11-01 01:18:34,628 - am_extended - ERROR - Ollama API error: 404
2025-11-01 01:18:34,659 - am_extended - ERROR - Ollama API error: 404
2025-11-01 01:18:34,659 - am_extended - INFO -   Processed 330/375 pages
2025-11-01 01:18:34,689 - am_extended - ERROR - Ollama API error: 404
2025-11-01 01:18:34,720 - am_extended - ERROR - Ollama API error: 404
2025-11-01 01:18:34,750 - am_extended - ERROR - Ollama API error: 404
2025-11-01 01:18:34,782 - am_extended - ERROR - Ollama API error: 404
2025-11-01 01:18:34,797 - am_extended - ERROR - Ollama API error: 404
2025-11-01 01:18:34,827 - am_extended - ERROR - Ollama API error: 404
2025-11-01 01:18:34,842 - am_extended - ERROR - Ollama API error: 404
2025-11-01 01:18:34,873 - am_extended - ERROR - Ollama API error: 404
2025-11-01 01:18:34,890 - am_extended - ERROR - Ollama API error: 404
2025-11-01 01:18:34,919 - am_extended - ERROR - Ollama API error: 404
2025-11-01 01:18:34,920 - am_extended - INFO -   Processed 340/375 pages
2025-11-01 01:18:34,951 - am_extended - ERROR - Ollama API error: 404
2025-11-01 01:18:34,982 - am_extended - ERROR - Ollama API error: 404
2025-11-01 01:18:34,998 - am_extended - ERROR - Ollama API error: 404
2025-11-01 01:18:35,013 - am_extended - ERROR - Ollama API error: 404
2025-11-01 01:18:35,044 - am_extended - ERROR - Ollama API error: 404
2025-11-01 01:18:35,075 - am_extended - ERROR - Ollama API error: 404
2025-11-01 01:18:35,107 - am_extended - ERROR - Ollama API error: 404
2025-11-01 01:18:35,137 - am_extended - ERROR - Ollama API error: 404
2025-11-01 01:18:35,167 - am_extended - ERROR - Ollama API error: 404
2025-11-01 01:18:35,199 - am_extended - ERROR - Ollama API error: 404
2025-11-01 01:18:35,199 - am_extended - INFO -   Processed 350/375 pages
2025-11-01 01:18:35,230 - am_extended - ERROR - Ollama API error: 404
2025-11-01 01:18:35,245 - am_extended - ERROR - Ollama API error: 404
2025-11-01 01:18:35,276 - am_extended - ERROR - Ollama API error: 404
2025-11-01 01:18:35,306 - am_extended - ERROR - Ollama API error: 404
2025-11-01 01:18:35,338 - am_extended - ERROR - Ollama API error: 404
2025-11-01 01:18:35,354 - am_extended - ERROR - Ollama API error: 404
2025-11-01 01:18:35,384 - am_extended - ERROR - Ollama API error: 404
2025-11-01 01:18:35,414 - am_extended - ERROR - Ollama API error: 404
2025-11-01 01:18:35,446 - am_extended - ERROR - Ollama API error: 404
2025-11-01 01:18:35,476 - am_extended - ERROR - Ollama API error: 404
2025-11-01 01:18:35,507 - am_extended - ERROR - Ollama API error: 404
2025-11-01 01:18:35,538 - am_extended - ERROR - Ollama API error: 404
2025-11-01 01:18:35,568 - am_extended - ERROR - Ollama API error: 404
2025-11-01 01:18:35,598 - am_extended - ERROR - Ollama API error: 404
2025-11-01 01:18:35,613 - am_extended - ERROR - Ollama API error: 404
2025-11-01 01:18:35,643 - am_extended - ERROR - Ollama API error: 404
2025-11-01 01:18:35,673 - am_extended - ERROR - Ollama API error: 404
2025-11-01 01:18:35,674 - am_extended - INFO -   Processed 370/375 pages
2025-11-01 01:18:35,689 - am_extended - ERROR - Ollama API error: 404
2025-11-01 01:18:35,704 - am_extended - ERROR - Ollama API error: 404
2025-11-01 01:18:35,735 - am_extended - ERROR - Ollama API error: 404
2025-11-01 01:18:35,751 - am_extended - ERROR - Ollama API error: 404
2025-11-01 01:18:35,780 - am_extended - ERROR - Ollama API error: 404
2025-11-01 01:18:35,780 - am_extended - INFO - Extracted extended fields for 364 pages
2025-11-01 01:18:35,780 - am_common - INFO - Saving dataset: C:\scripts\1repo\data\datasets\extended\data-driven-organization-design-sustaining-the-competitive-edge-through-organizational-analytics.dataset.jsonl (375 cards)
2025-11-01 01:18:35,790 - am_common - INFO - Saved: 375 cards to data-driven-organization-design-sustaining-the-competitive-edge-through-organizational-analytics.dataset.jsonl (1.32 MB)
2025-11-01 01:18:35,791 - quality_tracker - INFO - Starting: track_quality
2025-11-01 01:18:35,791 - quality_tracker - INFO - extended metrics:
2025-11-01 01:18:35,791 - quality_tracker - INFO -   total_cards: 375
2025-11-01 01:18:35,791 - quality_tracker - INFO -   duplicates_found: 10
2025-11-01 01:18:35,791 - quality_tracker - INFO -   duplicate_ratio: 0.0267
2025-11-01 01:18:35,791 - quality_tracker - INFO -   continuity_gaps: 3
2025-11-01 01:18:35,791 - quality_tracker - INFO -   continuity_gap_ratio: 0.0080
2025-11-01 01:18:35,791 - quality_tracker - INFO -   avg_overlap: 0.2030
2025-11-01 01:18:35,791 - quality_tracker - INFO -   extended_fields_extracted: 364
2025-11-01 01:18:35,792 - quality_tracker - INFO -   extraction_coverage: 0.9707
2025-11-01 01:18:35,792 - quality_tracker - INFO -   lm_extraction_count: 0
2025-11-01 01:18:35,792 - quality_tracker - INFO -   lm_extraction_ratio: 0.0000
2025-11-01 01:18:35,792 - quality_tracker - INFO--- Logging error ---
Traceback (most recent call last):
  File "C:\Users\Dimon\AppData\Local\Programs\Python\Python313\Lib\logging\__init__.py", line 1154, in emit
    stream.write(msg + self.terminator)
    ~~~~~~~~~~~~^^^^^^^^^^^^^^^^^^^^^^^
  File "C:\Users\Dimon\AppData\Local\Programs\Python\Python313\Lib\site-packages\colorama\ansitowin32.py", line 47, in write
    self.__convertor.write(text)
    ~~~~~~~~~~~~~~~~~~~~~~^^^^^^
  File "C:\Users\Dimon\AppData\Local\Programs\Python\Python313\Lib\site-packages\colorama\ansitowin32.py", line 177, in write
    self.write_and_convert(text)
    ~~~~~~~~~~~~~~~~~~~~~~^^^^^^
  File "C:\Users\Dimon\AppData\Local\Programs\Python\Python313\Lib\site-packages\colorama\ansitowin32.py", line 205, in write_and_convert
    self.write_plain_text(text, cursor, len(text))
    ~~~~~~~~~~~~~~~~~~~~~^^^^^^^^^^^^^^^^^^^^^^^^^
  File "C:\Users\Dimon\AppData\Local\Programs\Python\Python313\Lib\site-packages\colorama\ansitowin32.py", line 210, in write_plain_text
    self.wrapped.write(text[start:end])
    ~~~~~~~~~~~~~~~~~~^^^^^^^^^^^^^^^^^
  File "C:\Users\Dimon\AppData\Local\Programs\Python\Python313\Lib\encodings\cp1251.py", line 19, in encode
    return codecs.charmap_encode(input,self.errors,encoding_table)[0]
           ~~~~~~~~~~~~~~~~~~~~~^^^^^^^^^^^^^^^^^^^^^^^^^^^^^^^^^^
UnicodeEncodeError: 'charmap' codec can't encode character '\u2713' in position 3: character maps to <undefined>
Call stack:
  File "C:\scripts\1repo\run_mvp.py", line 680, in <module>
    main()
  File "C:\scripts\1repo\run_mvp.py", line 652, in main
    results = orchestrator.run_single(
  File "C:\scripts\1repo\run_mvp.py", line 226, in run_single
    stage_result = self._run_stage(stage, current_input)
  File "C:\scripts\1repo\run_mvp.py", line 419, in _run_stage
    return processor.process_dataset(input_path, output_dir)
  File "C:\scripts\1repo\am_extended.py", line 612, in process_dataset
    self.quality_tracker.track('extended', input_path.name, metrics)
  File "C:\scripts\1repo\quality_tracker.py", line 171, in track
    logger.info(f"\u2713 Quality thresholds passed for {stage}")
Message: '\u2713 Quality thresholds passed for extended'
Arguments: ()
2025-11-01 01:18:35,793 - quality_tracker - INFO - Completed: track_quality (0.00s)
2025-11-01 01:18:35,793 - am_extended - INFO - Saved: data-driven-organization-design-sustaining-the-competitive-edge-through-organizational-analytics.dataset.jsonl
2025-11-01 01:18:35,793 - validate - INFO - Validating extended: data-driven-organization-design-sustaining-the-competitive-edge-through-organizational-analytics.dataset.jsonl
2025-11-01 01:18:35,793 - am_common - INFO - Loading dataset: C:\scripts\1repo\data\datasets\extended\data-driven-organization-design-sustaining-the-competitive-edge-through-organizational-analytics.dataset.jsonl
2025-11-01 01:18:35,812 - am_common - INFO - Loaded: 375 cards from data-driven-organization-design-sustaining-the-competitive-edge-through-organizational-analytics.dataset.jsonl
2025-11-01 01:18:35,814 - validate - WARNING - [X] INVALID - data-driven-organization-design-sustaining-the-competitive-edge-through-organizational-analytics.dataset.jsonl (2 errors)
2025-11-01 01:18:35,814 - __main__ - WARNING - Validation issues: 2 errors, 364 warnings
2025-11-01 01:18:35,814 - __main__ - WARNING - Validation issues: 2 errors
2025-11-01 01:18:35,814 - __main__ - INFO - ============================================================
2025-11-01 01:18:35,814 - __main__ - INFO--- Logging error ---
Traceback (most recent call last):
  File "C:\Users\Dimon\AppData\Local\Programs\Python\Python313\Lib\logging\__init__.py", line 1154, in emit
    stream.write(msg + self.terminator)
    ~~~~~~~~~~~~^^^^^^^^^^^^^^^^^^^^^^^
  File "C:\Users\Dimon\AppData\Local\Programs\Python\Python313\Lib\site-packages\colorama\ansitowin32.py", line 47, in write
    self.__convertor.write(text)
    ~~~~~~~~~~~~~~~~~~~~~~^^^^^^
  File "C:\Users\Dimon\AppData\Local\Programs\Python\Python313\Lib\site-packages\colorama\ansitowin32.py", line 177, in write
    self.write_and_convert(text)
    ~~~~~~~~~~~~~~~~~~~~~~^^^^^^
  File "C:\Users\Dimon\AppData\Local\Programs\Python\Python313\Lib\site-packages\colorama\ansitowin32.py", line 205, in write_and_convert
    self.write_plain_text(text, cursor, len(text))
    ~~~~~~~~~~~~~~~~~~~~~^^^^^^^^^^^^^^^^^^^^^^^^^
  File "C:\Users\Dimon\AppData\Local\Programs\Python\Python313\Lib\site-packages\colorama\ansitowin32.py", line 210, in write_plain_text
    self.wrapped.write(text[start:end])
    ~~~~~~~~~~~~~~~~~~^^^^^^^^^^^^^^^^^
  File "C:\Users\Dimon\AppData\Local\Programs\Python\Python313\Lib\encodings\cp1251.py", line 19, in encode
    return codecs.charmap_encode(input,self.errors,encoding_table)[0]
           ~~~~~~~~~~~~~~~~~~~~~^^^^^^^^^^^^^^^^^^^^^^^^^^^^^^^^^^
UnicodeEncodeError: 'charmap' codec can't encode character '\U0001f916' in position 5: character maps to <undefined>
Call stack:
  File "C:\scripts\1repo\run_mvp.py", line 680, in <module>
    main()
  File "C:\scripts\1repo\run_mvp.py", line 652, in main
    results = orchestrator.run_single(
  File "C:\scripts\1repo\run_mvp.py", line 253, in run_single
    log_stage(logger, stage, "Completed")
  File "C:\scripts\1repo\am_logging.py", line 613, in log_stage
    log_section(logger, f"{emoji} {action}: {stage.upper()}", "INFO")
  File "C:\scripts\1repo\am_logging.py", line 588, in log_section
    log_func(f"  {title}")
Message: '  \U0001f916 Completed: EXTENDED'
Arguments: ()
2025-11-01 01:18:35,815 - __main__ - INFO - ============================================================
2025-11-01 01:18:35,815 - __main__ - INFO - ============================================================
2025-11-01 01:18:35,815 - __main__ - INFO--- Logging error ---
Traceback (most recent call last):
  File "C:\Users\Dimon\AppData\Local\Programs\Python\Python313\Lib\logging\__init__.py", line 1154, in emit
    stream.write(msg + self.terminator)
    ~~~~~~~~~~~~^^^^^^^^^^^^^^^^^^^^^^^
  File "C:\Users\Dimon\AppData\Local\Programs\Python\Python313\Lib\site-packages\colorama\ansitowin32.py", line 47, in write
    self.__convertor.write(text)
    ~~~~~~~~~~~~~~~~~~~~~~^^^^^^
  File "C:\Users\Dimon\AppData\Local\Programs\Python\Python313\Lib\site-packages\colorama\ansitowin32.py", line 177, in write
    self.write_and_convert(text)
    ~~~~~~~~~~~~~~~~~~~~~~^^^^^^
  File "C:\Users\Dimon\AppData\Local\Programs\Python\Python313\Lib\site-packages\colorama\ansitowin32.py", line 205, in write_and_convert
    self.write_plain_text(text, cursor, len(text))
    ~~~~~~~~~~~~~~~~~~~~~^^^^^^^^^^^^^^^^^^^^^^^^^
  File "C:\Users\Dimon\AppData\Local\Programs\Python\Python313\Lib\site-packages\colorama\ansitowin32.py", line 210, in write_plain_text
    self.wrapped.write(text[start:end])
    ~~~~~~~~~~~~~~~~~~^^^^^^^^^^^^^^^^^
  File "C:\Users\Dimon\AppData\Local\Programs\Python\Python313\Lib\encodings\cp1251.py", line 19, in encode
    return codecs.charmap_encode(input,self.errors,encoding_table)[0]
           ~~~~~~~~~~~~~~~~~~~~~^^^^^^^^^^^^^^^^^^^^^^^^^^^^^^^^^^
UnicodeEncodeError: 'charmap' codec can't encode character '\u2705' in position 5: character maps to <undefined>
Call stack:
  File "C:\scripts\1repo\run_mvp.py", line 680, in <module>
    main()
  File "C:\scripts\1repo\run_mvp.py", line 652, in main
    results = orchestrator.run_single(
  File "C:\scripts\1repo\run_mvp.py", line 222, in run_single
    log_stage(logger, stage, "Starting")
  File "C:\scripts\1repo\am_logging.py", line 613, in log_stage
    log_section(logger, f"{emoji} {action}: {stage.upper()}", "INFO")
  File "C:\scripts\1repo\am_logging.py", line 588, in log_section
    log_func(f"  {title}")
Message: '  \u2705 Starting: FINALIZE'
Arguments: ()
2025-11-01 01:18:35,815 - __main__ - INFO - ============================================================
2025-11-01 01:18:35,815 - am_common - INFO - Loading config: config\batch_full.yaml
2025-11-01 01:18:35,830 - am_common - INFO - Config loaded successfully
2025-11-01 01:18:35,831 - am_finalize - INFO - Processing: data-driven-organization-design-sustaining-the-competitive-edge-through-organizational-analytics.dataset.jsonl
2025-11-01 01:18:35,831 - am_common - INFO - Loading dataset: C:\scripts\1repo\data\datasets\extended\data-driven-organization-design-sustaining-the-competitive-edge-through-organizational-analytics.dataset.jsonl
2025-11-01 01:18:35,842 - am_common - INFO - Loaded: 375 cards from data-driven-organization-design-sustaining-the-competitive-edge-through-organizational-analytics.dataset.jsonl
2025-11-01 01:18:35,843 - am_common - INFO - Saving dataset: C:\scripts\1repo\data\datasets\final\data-driven-organization-design-sustaining-the-competitive-edge-through-organizational-analytics.dataset.jsonl (375 cards)
2025-11-01 01:18:35,852 - am_common - INFO - Saved: 375 cards to data-driven-organization-design-sustaining-the-competitive-edge-through-organizational-analytics.dataset.jsonl (1.32 MB)
2025-11-01 01:18:35,853 - quality_tracker - INFO - Starting: track_quality
2025-11-01 01:18:35,853 - quality_tracker - INFO - finalize metrics:
2025-11-01 01:18:35,853 - quality_tracker - INFO -   total_cards: 375
2025-11-01 01:18:35,853 - quality_tracker - INFO -   validation_errors: 0
2025-11-01 01:18:35,853 - quality_tracker - INFO -   validation_warnings: 6
2025-11-01 01:18:35,853 - quality_tracker - INFO -   avg_completeness: 0.7500
2025-11-01 01:18:35,853 - quality_tracker - INFO -   cards_with_structure: 371
2025-11-01 01:18:35,853 - quality_tracker - INFO -   structure_coverage: 0.9893
2025-11-01 01:18:35,853 - quality_tracker - INFO -   cards_with_summaries: 374
2025-11-01 01:18:35,853 - quality_tracker - INFO -   summary_coverage: 0.9973
2025-11-01 01:18:35,854 - quality_tracker - INFO--- Logging error ---
Traceback (most recent call last):
  File "C:\Users\Dimon\AppData\Local\Programs\Python\Python313\Lib\logging\__init__.py", line 1154, in emit
    stream.write(msg + self.terminator)
    ~~~~~~~~~~~~^^^^^^^^^^^^^^^^^^^^^^^
  File "C:\Users\Dimon\AppData\Local\Programs\Python\Python313\Lib\site-packages\colorama\ansitowin32.py", line 47, in write
    self.__convertor.write(text)
    ~~~~~~~~~~~~~~~~~~~~~~^^^^^^
  File "C:\Users\Dimon\AppData\Local\Programs\Python\Python313\Lib\site-packages\colorama\ansitowin32.py", line 177, in write
    self.write_and_convert(text)
    ~~~~~~~~~~~~~~~~~~~~~~^^^^^^
  File "C:\Users\Dimon\AppData\Local\Programs\Python\Python313\Lib\site-packages\colorama\ansitowin32.py", line 205, in write_and_convert
    self.write_plain_text(text, cursor, len(text))
    ~~~~~~~~~~~~~~~~~~~~~^^^^^^^^^^^^^^^^^^^^^^^^^
  File "C:\Users\Dimon\AppData\Local\Programs\Python\Python313\Lib\site-packages\colorama\ansitowin32.py", line 210, in write_plain_text
    self.wrapped.write(text[start:end])
    ~~~~~~~~~~~~~~~~~~^^^^^^^^^^^^^^^^^
  File "C:\Users\Dimon\AppData\Local\Programs\Python\Python313\Lib\encodings\cp1251.py", line 19, in encode
    return codecs.charmap_encode(input,self.errors,encoding_table)[0]
           ~~~~~~~~~~~~~~~~~~~~~^^^^^^^^^^^^^^^^^^^^^^^^^^^^^^^^^^
UnicodeEncodeError: 'charmap' codec can't encode character '\u2713' in position 3: character maps to <undefined>
Call stack:
  File "C:\scripts\1repo\run_mvp.py", line 680, in <module>
    main()
  File "C:\scripts\1repo\run_mvp.py", line 652, in main
    results = orchestrator.run_single(
  File "C:\scripts\1repo\run_mvp.py", line 226, in run_single
    stage_result = self._run_stage(stage, current_input)
  File "C:\scripts\1repo\run_mvp.py", line 419, in _run_stage
    return processor.process_dataset(input_path, output_dir)
  File "C:\scripts\1repo\am_finalize.py", line 278, in process_dataset
    self.quality_tracker.track('finalize', input_path.name, metrics)
  File "C:\scripts\1repo\quality_tracker.py", line 171, in track
    logger.info(f"\u2713 Quality thresholds passed for {stage}")
Message: '\u2713 Quality thresholds passed for finalize'
Arguments: ()
2025-11-01 01:18:35,854 - quality_tracker - INFO - Completed: track_quality (0.00s)
2025-11-01 01:18:35,854 - am_finalize - INFO - Saved: data-driven-organization-design-sustaining-the-competitive-edge-through-organizational-analytics.dataset.jsonl
2025-11-01 01:18:35,855 - __main__ - ERROR - Validation failed: Unknown stage: finalize
2025-11-01 01:18:35,855 - __main__ - WARNING - Validation issues: 1 errors
2025-11-01 01:18:35,855 - __main__ - INFO - ============================================================
2025-11-01 01:18:35,855 - __main__ - INFO--- Logging error ---
Traceback (most recent call last):
  File "C:\Users\Dimon\AppData\Local\Programs\Python\Python313\Lib\logging\__init__.py", line 1154, in emit
    stream.write(msg + self.terminator)
    ~~~~~~~~~~~~^^^^^^^^^^^^^^^^^^^^^^^
  File "C:\Users\Dimon\AppData\Local\Programs\Python\Python313\Lib\site-packages\colorama\ansitowin32.py", line 47, in write
    self.__convertor.write(text)
    ~~~~~~~~~~~~~~~~~~~~~~^^^^^^
  File "C:\Users\Dimon\AppData\Local\Programs\Python\Python313\Lib\site-packages\colorama\ansitowin32.py", line 177, in write
    self.write_and_convert(text)
    ~~~~~~~~~~~~~~~~~~~~~~^^^^^^
  File "C:\Users\Dimon\AppData\Local\Programs\Python\Python313\Lib\site-packages\colorama\ansitowin32.py", line 205, in write_and_convert
    self.write_plain_text(text, cursor, len(text))
    ~~~~~~~~~~~~~~~~~~~~~^^^^^^^^^^^^^^^^^^^^^^^^^
  File "C:\Users\Dimon\AppData\Local\Programs\Python\Python313\Lib\site-packages\colorama\ansitowin32.py", line 210, in write_plain_text
    self.wrapped.write(text[start:end])
    ~~~~~~~~~~~~~~~~~~^^^^^^^^^^^^^^^^^
  File "C:\Users\Dimon\AppData\Local\Programs\Python\Python313\Lib\encodings\cp1251.py", line 19, in encode
    return codecs.charmap_encode(input,self.errors,encoding_table)[0]
           ~~~~~~~~~~~~~~~~~~~~~^^^^^^^^^^^^^^^^^^^^^^^^^^^^^^^^^^
UnicodeEncodeError: 'charmap' codec can't encode character '\u2705' in position 5: character maps to <undefined>
Call stack:
  File "C:\scripts\1repo\run_mvp.py", line 680, in <module>
    main()
  File "C:\scripts\1repo\run_mvp.py", line 652, in main
    results = orchestrator.run_single(
  File "C:\scripts\1repo\run_mvp.py", line 253, in run_single
    log_stage(logger, stage, "Completed")
  File "C:\scripts\1repo\am_logging.py", line 613, in log_stage
    log_section(logger, f"{emoji} {action}: {stage.upper()}", "INFO")
  File "C:\scripts\1repo\am_logging.py", line 588, in log_section
    log_func(f"  {title}")
Message: '  \u2705 Completed: FINALIZE'
Arguments: ()
2025-11-01 01:18:35,856 - __main__ - INFO - ============================================================
2025-11-01 01:18:35,856 - __main__ - INFO - ============================================================
2025-11-01 01:18:35,856 - __main__ - INFO--- Logging error ---
Traceback (most recent call last):
  File "C:\Users\Dimon\AppData\Local\Programs\Python\Python313\Lib\logging\__init__.py", line 1154, in emit
    stream.write(msg + self.terminator)
    ~~~~~~~~~~~~^^^^^^^^^^^^^^^^^^^^^^^
  File "C:\Users\Dimon\AppData\Local\Programs\Python\Python313\Lib\site-packages\colorama\ansitowin32.py", line 47, in write
    self.__convertor.write(text)
    ~~~~~~~~~~~~~~~~~~~~~~^^^^^^
  File "C:\Users\Dimon\AppData\Local\Programs\Python\Python313\Lib\site-packages\colorama\ansitowin32.py", line 177, in write
    self.write_and_convert(text)
    ~~~~~~~~~~~~~~~~~~~~~~^^^^^^
  File "C:\Users\Dimon\AppData\Local\Programs\Python\Python313\Lib\site-packages\colorama\ansitowin32.py", line 205, in write_and_convert
    self.write_plain_text(text, cursor, len(text))
    ~~~~~~~~~~~~~~~~~~~~~^^^^^^^^^^^^^^^^^^^^^^^^^
  File "C:\Users\Dimon\AppData\Local\Programs\Python\Python313\Lib\site-packages\colorama\ansitowin32.py", line 210, in write_plain_text
    self.wrapped.write(text[start:end])
    ~~~~~~~~~~~~~~~~~~^^^^^^^^^^^^^^^^^
  File "C:\Users\Dimon\AppData\Local\Programs\Python\Python313\Lib\encodings\cp1251.py", line 19, in encode
    return codecs.charmap_encode(input,self.errors,encoding_table)[0]
           ~~~~~~~~~~~~~~~~~~~~~^^^^^^^^^^^^^^^^^^^^^^^^^^^^^^^^^^
UnicodeEncodeError: 'charmap' codec can't encode character '\U0001f9e9' in position 5: character maps to <undefined>
Call stack:
  File "C:\scripts\1repo\run_mvp.py", line 680, in <module>
    main()
  File "C:\scripts\1repo\run_mvp.py", line 652, in main
    results = orchestrator.run_single(
  File "C:\scripts\1repo\run_mvp.py", line 222, in run_single
    log_stage(logger, stage, "Starting")
  File "C:\scripts\1repo\am_logging.py", line 613, in log_stage
    log_section(logger, f"{emoji} {action}: {stage.upper()}", "INFO")
  File "C:\scripts\1repo\am_logging.py", line 588, in log_section
    log_func(f"  {title}")
Message: '  \U0001f9e9 Starting: CHUNK'
Arguments: ()
2025-11-01 01:18:35,856 - __main__ - INFO - ============================================================
2025-11-01 01:18:35,856 - am_common - INFO - Loading config: config\batch_full.yaml
2025-11-01 01:18:35,871 - am_common - INFO - Config loaded successfully
2025-11-01 01:18:35,947 - am_chunk - INFO - Processing: data-driven-organization-design-sustaining-the-competitive-edge-through-organizational-analytics.dataset.jsonl
2025-11-01 01:18:35,947 - am_common - INFO - Loading dataset: C:\scripts\1repo\data\datasets\final\data-driven-organization-design-sustaining-the-competitive-edge-through-organizational-analytics.dataset.jsonl
2025-11-01 01:18:35,965 - am_common - INFO - Loaded: 375 cards from data-driven-organization-design-sustaining-the-competitive-edge-through-organizational-analytics.dataset.jsonl
2025-11-01 01:18:36,158 - am_chunk - INFO - Created 532 chunks from 375 pages
2025-11-01 01:18:36,170 - quality_tracker - INFO - Starting: track_quality
2025-11-01 01:18:36,170 - quality_tracker - INFO - chunk metrics:
2025-11-01 01:18:36,170 - quality_tracker - INFO -   total_chunks: 532
2025-11-01 01:18:36,170 - quality_tracker - INFO -   chunks_per_page: 1.4187
2025-11-01 01:18:36,170 - quality_tracker - INFO -   avg_chunk_tokens: 365.9211
2025-11-01 01:18:36,170 - quality_tracker - INFO -   min_chunk_tokens: 100
2025-11-01 01:18:36,170 - quality_tracker - INFO -   max_chunk_tokens: 534
2025-11-01 01:18:36,170 - quality_tracker - INFO -   token_distribution: {'0-100': 0, '100-300': 173, '300-512': 354, '512+': 5}
2025-11-01 01:18:36,170 - quality_tracker - INFO -   context_completeness: 1.0000
2025-11-01 01:18:36,171 - quality_tracker - INFO--- Logging error ---
Traceback (most recent call last):
  File "C:\Users\Dimon\AppData\Local\Programs\Python\Python313\Lib\logging\__init__.py", line 1154, in emit
    stream.write(msg + self.terminator)
    ~~~~~~~~~~~~^^^^^^^^^^^^^^^^^^^^^^^
  File "C:\Users\Dimon\AppData\Local\Programs\Python\Python313\Lib\site-packages\colorama\ansitowin32.py", line 47, in write
    self.__convertor.write(text)
    ~~~~~~~~~~~~~~~~~~~~~~^^^^^^
  File "C:\Users\Dimon\AppData\Local\Programs\Python\Python313\Lib\site-packages\colorama\ansitowin32.py", line 177, in write
    self.write_and_convert(text)
    ~~~~~~~~~~~~~~~~~~~~~~^^^^^^
  File "C:\Users\Dimon\AppData\Local\Programs\Python\Python313\Lib\site-packages\colorama\ansitowin32.py", line 205, in write_and_convert
    self.write_plain_text(text, cursor, len(text))
    ~~~~~~~~~~~~~~~~~~~~~^^^^^^^^^^^^^^^^^^^^^^^^^
  File "C:\Users\Dimon\AppData\Local\Programs\Python\Python313\Lib\site-packages\colorama\ansitowin32.py", line 210, in write_plain_text
    self.wrapped.write(text[start:end])
    ~~~~~~~~~~~~~~~~~~^^^^^^^^^^^^^^^^^
  File "C:\Users\Dimon\AppData\Local\Programs\Python\Python313\Lib\encodings\cp1251.py", line 19, in encode
    return codecs.charmap_encode(input,self.errors,encoding_table)[0]
           ~~~~~~~~~~~~~~~~~~~~~^^^^^^^^^^^^^^^^^^^^^^^^^^^^^^^^^^
UnicodeEncodeError: 'charmap' codec can't encode character '\u2713' in position 3: character maps to <undefined>
Call stack:
  File "C:\scripts\1repo\run_mvp.py", line 680, in <module>
    main()
  File "C:\scripts\1repo\run_mvp.py", line 652, in main
    results = orchestrator.run_single(
  File "C:\scripts\1repo\run_mvp.py", line 226, in run_single
    stage_result = self._run_stage(stage, current_input)
  File "C:\scripts\1repo\run_mvp.py", line 419, in _run_stage
    return processor.process_dataset(input_path, output_dir)
  File "C:\scripts\1repo\am_chunk.py", line 309, in process_dataset
    self.quality_tracker.track('chunk', input_path.name, metrics)
  File "C:\scripts\1repo\quality_tracker.py", line 171, in track
    logger.info(f"\u2713 Quality thresholds passed for {stage}")
Message: '\u2713 Quality thresholds passed for chunk'
Arguments: ()
2025-11-01 01:18:36,172 - quality_tracker - INFO - Completed: track_quality (0.00s)
2025-11-01 01:18:36,172 - am_chunk - INFO - Saved: data-driven-organization-design-sustaining-the-competitive-edge-through-organizational-analytics.dataset.chunks.jsonl
2025-11-01 01:18:36,173 - __main__ - ERROR - Validation failed: Unknown stage: chunk
2025-11-01 01:18:36,173 - __main__ - WARNING - Validation issues: 1 errors
2025-11-01 01:18:36,173 - __main__ - INFO - ============================================================
2025-11-01 01:18:36,173 - __main__ - INFO--- Logging error ---
Traceback (most recent call last):
  File "C:\Users\Dimon\AppData\Local\Programs\Python\Python313\Lib\logging\__init__.py", line 1154, in emit
    stream.write(msg + self.terminator)
    ~~~~~~~~~~~~^^^^^^^^^^^^^^^^^^^^^^^
  File "C:\Users\Dimon\AppData\Local\Programs\Python\Python313\Lib\site-packages\colorama\ansitowin32.py", line 47, in write
    self.__convertor.write(text)
    ~~~~~~~~~~~~~~~~~~~~~~^^^^^^
  File "C:\Users\Dimon\AppData\Local\Programs\Python\Python313\Lib\site-packages\colorama\ansitowin32.py", line 177, in write
    self.write_and_convert(text)
    ~~~~~~~~~~~~~~~~~~~~~~^^^^^^
  File "C:\Users\Dimon\AppData\Local\Programs\Python\Python313\Lib\site-packages\colorama\ansitowin32.py", line 205, in write_and_convert
    self.write_plain_text(text, cursor, len(text))
    ~~~~~~~~~~~~~~~~~~~~~^^^^^^^^^^^^^^^^^^^^^^^^^
  File "C:\Users\Dimon\AppData\Local\Programs\Python\Python313\Lib\site-packages\colorama\ansitowin32.py", line 210, in write_plain_text
    self.wrapped.write(text[start:end])
    ~~~~~~~~~~~~~~~~~~^^^^^^^^^^^^^^^^^
  File "C:\Users\Dimon\AppData\Local\Programs\Python\Python313\Lib\encodings\cp1251.py", line 19, in encode
    return codecs.charmap_encode(input,self.errors,encoding_table)[0]
           ~~~~~~~~~~~~~~~~~~~~~^^^^^^^^^^^^^^^^^^^^^^^^^^^^^^^^^^
UnicodeEncodeError: 'charmap' codec can't encode character '\U0001f9e9' in position 5: character maps to <undefined>
Call stack:
  File "C:\scripts\1repo\run_mvp.py", line 680, in <module>
    main()
  File "C:\scripts\1repo\run_mvp.py", line 652, in main
    results = orchestrator.run_single(
  File "C:\scripts\1repo\run_mvp.py", line 253, in run_single
    log_stage(logger, stage, "Completed")
  File "C:\scripts\1repo\am_logging.py", line 613, in log_stage
    log_section(logger, f"{emoji} {action}: {stage.upper()}", "INFO")
  File "C:\scripts\1repo\am_logging.py", line 588, in log_section
    log_func(f"  {title}")
Message: '  \U0001f9e9 Completed: CHUNK'
Arguments: ()
2025-11-01 01:18:36,173 - __main__ - INFO - ============================================================
2025-11-01 01:18:36,173 - __main__ - INFO - ============================================================
2025-11-01 01:18:36,173 - __main__ - INFO--- Logging error ---
Traceback (most recent call last):
  File "C:\Users\Dimon\AppData\Local\Programs\Python\Python313\Lib\logging\__init__.py", line 1154, in emit
    stream.write(msg + self.terminator)
    ~~~~~~~~~~~~^^^^^^^^^^^^^^^^^^^^^^^
  File "C:\Users\Dimon\AppData\Local\Programs\Python\Python313\Lib\site-packages\colorama\ansitowin32.py", line 47, in write
    self.__convertor.write(text)
    ~~~~~~~~~~~~~~~~~~~~~~^^^^^^
  File "C:\Users\Dimon\AppData\Local\Programs\Python\Python313\Lib\site-packages\colorama\ansitowin32.py", line 177, in write
    self.write_and_convert(text)
    ~~~~~~~~~~~~~~~~~~~~~~^^^^^^
  File "C:\Users\Dimon\AppData\Local\Programs\Python\Python313\Lib\site-packages\colorama\ansitowin32.py", line 205, in write_and_convert
    self.write_plain_text(text, cursor, len(text))
    ~~~~~~~~~~~~~~~~~~~~~^^^^^^^^^^^^^^^^^^^^^^^^^
  File "C:\Users\Dimon\AppData\Local\Programs\Python\Python313\Lib\site-packages\colorama\ansitowin32.py", line 210, in write_plain_text
    self.wrapped.write(text[start:end])
    ~~~~~~~~~~~~~~~~~~^^^^^^^^^^^^^^^^^
  File "C:\Users\Dimon\AppData\Local\Programs\Python\Python313\Lib\encodings\cp1251.py", line 19, in encode
    return codecs.charmap_encode(input,self.errors,encoding_table)[0]
           ~~~~~~~~~~~~~~~~~~~~~^^^^^^^^^^^^^^^^^^^^^^^^^^^^^^^^^^
UnicodeEncodeError: 'charmap' codec can't encode character '\U0001f522' in position 5: character maps to <undefined>
Call stack:
  File "C:\scripts\1repo\run_mvp.py", line 680, in <module>
    main()
  File "C:\scripts\1repo\run_mvp.py", line 652, in main
    results = orchestrator.run_single(
  File "C:\scripts\1repo\run_mvp.py", line 222, in run_single
    log_stage(logger, stage, "Starting")
  File "C:\scripts\1repo\am_logging.py", line 613, in log_stage
    log_section(logger, f"{emoji} {action}: {stage.upper()}", "INFO")
  File "C:\scripts\1repo\am_logging.py", line 588, in log_section
    log_func(f"  {title}")
Message: '  \U0001f522 Starting: EMBED'
Arguments: ()
2025-11-01 01:18:36,174 - __main__ - INFO - ============================================================
2025-11-01 01:18:36,174 - am_common - INFO - Loading config: config\batch_full.yaml
2025-11-01 01:18:36,189 - am_common - INFO - Config loaded successfully
2025-11-01 01:18:36,189 - am_embed - INFO - [sentence-transformers] Loading model: all-MiniLM-L6-v2
2025-11-01 01:18:36,190 - sentence_transformers.SentenceTransformer - INFO - Use pytorch device_name: cpu
2025-11-01 01:18:36,190 - sentence_transformers.SentenceTransformer - INFO - Load pretrained SentenceTransformer: all-MiniLM-L6-v2
2025-11-01 01:18:39,859 - am_embed - INFO - [sentence-transformers] Embedding dimension: 384
2025-11-01 01:18:39,859 - am_embed - INFO - Processing: data-driven-organization-design-sustaining-the-competitive-edge-through-organizational-analytics.dataset.chunks.jsonl
2025-11-01 01:18:39,880 - am_embed - INFO - Loaded 532 chunks
2025-11-01 01:18:39,880 - am_embed - INFO - Encoding 532 chunks in 17 batches
2025-11-01 01:18:43,014 - am_embed - INFO - Processed batch 10/17
2025-11-01 01:18:45,059 - am_embed - INFO - Encoded 532 embeddings, 0 failures
2025-11-01 01:18:45,059 - am_embed - INFO - Building FAISS index: flat, metric=cosine
2025-11-01 01:18:45,059 - am_embed - INFO - Vectors: 532, Dimension: 384
2025-11-01 01:18:45,060 - am_embed - INFO - FAISS index built: 532 vectors
2025-11-01 01:18:45,061 - am_embed - INFO - Saved FAISS index: data-driven-organization-design-sustaining-the-competitive-edge-through-organizational-analytics.dataset.faiss (798.04 KB)
2025-11-01 01:18:45,064 - am_embed - INFO - Saved metadata: data-driven-organization-design-sustaining-the-competitive-edge-through-organizational-analytics.dataset.pkl (1.17 MB)
2025-11-01 01:18:45,065 - quality_tracker - INFO - Starting: track_quality
2025-11-01 01:18:45,065 - quality_tracker - INFO - embed metrics:
2025-11-01 01:18:45,065 - quality_tracker - INFO -   total_vectors: 532
2025-11-01 01:18:45,065 - quality_tracker - INFO -   embedding_dim: 384
2025-11-01 01:18:45,065 - quality_tracker - INFO -   embedding_failures: 0
2025-11-01 01:18:45,065 - quality_tracker - INFO -   failure_rate: 0.0000
2025-11-01 01:18:45,065 - quality_tracker - INFO -   avg_norm: 1.0000
2025-11-01 01:18:45,065 - quality_tracker - INFO -   min_norm: 1.0000
2025-11-01 01:18:45,065 - quality_tracker - INFO -   max_norm: 1.0000
2025-11-01 01:18:45,065 - quality_tracker - INFO--- Logging error ---
Traceback (most recent call last):
  File "C:\Users\Dimon\AppData\Local\Programs\Python\Python313\Lib\logging\__init__.py", line 1154, in emit
    stream.write(msg + self.terminator)
    ~~~~~~~~~~~~^^^^^^^^^^^^^^^^^^^^^^^
  File "C:\Users\Dimon\AppData\Local\Programs\Python\Python313\Lib\site-packages\colorama\ansitowin32.py", line 47, in write
    self.__convertor.write(text)
    ~~~~~~~~~~~~~~~~~~~~~~^^^^^^
  File "C:\Users\Dimon\AppData\Local\Programs\Python\Python313\Lib\site-packages\colorama\ansitowin32.py", line 177, in write
    self.write_and_convert(text)
    ~~~~~~~~~~~~~~~~~~~~~~^^^^^^
  File "C:\Users\Dimon\AppData\Local\Programs\Python\Python313\Lib\site-packages\colorama\ansitowin32.py", line 205, in write_and_convert
    self.write_plain_text(text, cursor, len(text))
    ~~~~~~~~~~~~~~~~~~~~~^^^^^^^^^^^^^^^^^^^^^^^^^
  File "C:\Users\Dimon\AppData\Local\Programs\Python\Python313\Lib\site-packages\colorama\ansitowin32.py", line 210, in write_plain_text
    self.wrapped.write(text[start:end])
    ~~~~~~~~~~~~~~~~~~^^^^^^^^^^^^^^^^^
  File "C:\Users\Dimon\AppData\Local\Programs\Python\Python313\Lib\encodings\cp1251.py", line 19, in encode
    return codecs.charmap_encode(input,self.errors,encoding_table)[0]
           ~~~~~~~~~~~~~~~~~~~~~^^^^^^^^^^^^^^^^^^^^^^^^^^^^^^^^^^
UnicodeEncodeError: 'charmap' codec can't encode character '\u2713' in position 3: character maps to <undefined>
Call stack:
  File "C:\scripts\1repo\run_mvp.py", line 680, in <module>
    main()
  File "C:\scripts\1repo\run_mvp.py", line 652, in main
    results = orchestrator.run_single(
  File "C:\scripts\1repo\run_mvp.py", line 226, in run_single
    stage_result = self._run_stage(stage, current_input)
  File "C:\scripts\1repo\run_mvp.py", line 428, in _run_stage
    return processor.process_chunks(input_path, output_dir=None)
  File "C:\scripts\1repo\am_embed.py", line 426, in process_chunks
    self.quality_tracker.track('embed', chunks_path.name, metrics)
  File "C:\scripts\1repo\quality_tracker.py", line 171, in track
    logger.info(f"\u2713 Quality thresholds passed for {stage}")
Message: '\u2713 Quality thresholds passed for embed'
Arguments: ()
2025-11-01 01:18:45,066 - quality_tracker - INFO - Completed: track_quality (0.00s)
2025-11-01 01:18:45,066 - am_embed - INFO - Saved: data-driven-organization-design-sustaining-the-competitive-edge-through-organizational-analytics.dataset.faiss, data-driven-organization-design-sustaining-the-competitive-edge-through-organizational-analytics.dataset.pkl
2025-11-01 01:18:45,067 - __main__ - INFO - ============================================================
2025-11-01 01:18:45,067 - __main__ - INFO--- Logging error ---
Traceback (most recent call last):
  File "C:\Users\Dimon\AppData\Local\Programs\Python\Python313\Lib\logging\__init__.py", line 1154, in emit
    stream.write(msg + self.terminator)
    ~~~~~~~~~~~~^^^^^^^^^^^^^^^^^^^^^^^
  File "C:\Users\Dimon\AppData\Local\Programs\Python\Python313\Lib\site-packages\colorama\ansitowin32.py", line 47, in write
    self.__convertor.write(text)
    ~~~~~~~~~~~~~~~~~~~~~~^^^^^^
  File "C:\Users\Dimon\AppData\Local\Programs\Python\Python313\Lib\site-packages\colorama\ansitowin32.py", line 177, in write
    self.write_and_convert(text)
    ~~~~~~~~~~~~~~~~~~~~~~^^^^^^
  File "C:\Users\Dimon\AppData\Local\Programs\Python\Python313\Lib\site-packages\colorama\ansitowin32.py", line 205, in write_and_convert
    self.write_plain_text(text, cursor, len(text))
    ~~~~~~~~~~~~~~~~~~~~~^^^^^^^^^^^^^^^^^^^^^^^^^
  File "C:\Users\Dimon\AppData\Local\Programs\Python\Python313\Lib\site-packages\colorama\ansitowin32.py", line 210, in write_plain_text
    self.wrapped.write(text[start:end])
    ~~~~~~~~~~~~~~~~~~^^^^^^^^^^^^^^^^^
  File "C:\Users\Dimon\AppData\Local\Programs\Python\Python313\Lib\encodings\cp1251.py", line 19, in encode
    return codecs.charmap_encode(input,self.errors,encoding_table)[0]
           ~~~~~~~~~~~~~~~~~~~~~^^^^^^^^^^^^^^^^^^^^^^^^^^^^^^^^^^
UnicodeEncodeError: 'charmap' codec can't encode character '\U0001f522' in position 5: character maps to <undefined>
Call stack:
  File "C:\scripts\1repo\run_mvp.py", line 680, in <module>
    main()
  File "C:\scripts\1repo\run_mvp.py", line 652, in main
    results = orchestrator.run_single(
  File "C:\scripts\1repo\run_mvp.py", line 253, in run_single
    log_stage(logger, stage, "Completed")
  File "C:\scripts\1repo\am_logging.py", line 613, in log_stage
    log_section(logger, f"{emoji} {action}: {stage.upper()}", "INFO")
  File "C:\scripts\1repo\am_logging.py", line 588, in log_section
    log_func(f"  {title}")
Message: '  \U0001f522 Completed: EMBED'
Arguments: ()
2025-11-01 01:18:45,067 - __main__ - INFO - ============================================================
2025-11-01 01:18:45,067 - __main__ - INFO - Pipeline status: completed
2025-11-01 01:18:45,067 - __main__ - INFO - Completed: run_single_pipeline (147.48s)
2025-11-01 01:18:45,068 - __main__ - INFO - ============================================================
2025-11-01 01:18:45,068 - __main__ - INFO--- Logging error ---
Traceback (most recent call last):
  File "C:\Users\Dimon\AppData\Local\Programs\Python\Python313\Lib\logging\__init__.py", line 1154, in emit
    stream.write(msg + self.terminator)
    ~~~~~~~~~~~~^^^^^^^^^^^^^^^^^^^^^^^
  File "C:\Users\Dimon\AppData\Local\Programs\Python\Python313\Lib\site-packages\colorama\ansitowin32.py", line 47, in write
    self.__convertor.write(text)
    ~~~~~~~~~~~~~~~~~~~~~~^^^^^^
  File "C:\Users\Dimon\AppData\Local\Programs\Python\Python313\Lib\site-packages\colorama\ansitowin32.py", line 177, in write
    self.write_and_convert(text)
    ~~~~~~~~~~~~~~~~~~~~~~^^^^^^
  File "C:\Users\Dimon\AppData\Local\Programs\Python\Python313\Lib\site-packages\colorama\ansitowin32.py", line 205, in write_and_convert
    self.write_plain_text(text, cursor, len(text))
    ~~~~~~~~~~~~~~~~~~~~~^^^^^^^^^^^^^^^^^^^^^^^^^
  File "C:\Users\Dimon\AppData\Local\Programs\Python\Python313\Lib\site-packages\colorama\ansitowin32.py", line 210, in write_plain_text
    self.wrapped.write(text[start:end])
    ~~~~~~~~~~~~~~~~~~^^^^^^^^^^^^^^^^^
  File "C:\Users\Dimon\AppData\Local\Programs\Python\Python313\Lib\encodings\cp1251.py", line 19, in encode
    return codecs.charmap_encode(input,self.errors,encoding_table)[0]
           ~~~~~~~~~~~~~~~~~~~~~^^^^^^^^^^^^^^^^^^^^^^^^^^^^^^^^^^
UnicodeEncodeError: 'charmap' codec can't encode character '\U0001f4ca' in position 5: character maps to <undefined>
Call stack:
  File "C:\scripts\1repo\run_mvp.py", line 680, in <module>
    main()
  File "C:\scripts\1repo\run_mvp.py", line 660, in main
    orchestrator.generate_reports()
  File "C:\scripts\1repo\run_mvp.py", line 502, in generate_reports
    log_section(logger, "\U0001f4ca FINAL REPORTS", "INFO")
  File "C:\scripts\1repo\am_logging.py", line 588, in log_section
    log_func(f"  {title}")
Message: '  \U0001f4ca FINAL REPORTS'
Arguments: ()
2025-11-01 01:18:45,068 - __main__ - INFO - ============================================================
2025-11-01 01:18:45,068 - __main__ - INFO - ============================================================
2025-11-01 01:18:45,068 - __main__ - INFO -   Performance Summary
2025-11-01 01:18:45,068 - __main__ - INFO - ============================================================
2025-11-01 01:18:45,068 - __main__ - INFO - 
run_single_pipeline:
2025-11-01 01:18:45,068 - __main__ - INFO -   Count: 1
2025-11-01 01:18:45,068 - __main__ - INFO -   Total: 147.48s
2025-11-01 01:18:45,068 - __main__ - INFO -   Avg: 147.48s
2025-11-01 01:18:45,068 - __main__ - INFO -   Min: 147.48s
2025-11-01 01:18:45,069 - __main__ - INFO -   Max: 147.48s
2025-11-01 01:18:45,069 - __main__ - INFO - 
track_quality:
2025-11-01 01:18:45,069 - __main__ - INFO -   Count: 7
2025-11-01 01:18:45,069 - __main__ - INFO -   Total: 0.01s
2025-11-01 01:18:45,069 - __main__ - INFO -   Avg: 0.00s
2025-11-01 01:18:45,069 - __main__ - INFO -   Min: 0.00s
2025-11-01 01:18:45,069 - __main__ - INFO -   Max: 0.00s
2025-11-01 01:18:45,069 - __main__ - INFO - No errors or warnings recorded
2025-11-01 01:18:45,069 - __main__ - INFO - 
2025-11-01 01:18:45,069 - quality_tracker - INFO - Starting: generate_quality_report
2025-11-01 01:18:45,070 - quality_tracker - INFO - Quality report saved: C:\scripts\1repo\data\quality\quality_report_20251101_011845.json
2025-11-01 01:18:45,071 - quality_tracker - INFO - Completed: generate_quality_report (0.00s)
2025-11-01 01:18:45,071 - quality_tracker - INFO - ============================================================
2025-11-01 01:18:45,071 - quality_tracker - INFO -   QUALITY REPORT
2025-11-01 01:18:45,071 - quality_tracker - INFO - ============================================================
2025-11-01 01:18:45,071 - quality_tracker - INFO - Generated: 2025-10-31T22:18:45Z
2025-11-01 01:18:45,071 - quality_tracker - INFO - Version: 2.0.0

2025-11-01 01:18:45,071 - quality_tracker - INFO - ------------------------------------------------------------
2025-11-01 01:18:45,071 - quality_tracker - INFO -   Stage: STRUCTURAL
2025-11-01 01:18:45,071 - quality_tracker - INFO - ------------------------------------------------------------
2025-11-01 01:18:45,071 - quality_tracker - INFO - Summary:
2025-11-01 01:18:45,071 - quality_tracker - INFO -   total_runs: 1
2025-11-01 01:18:45,071 - quality_tracker - INFO -   passed_threshold: 1
2025-11-01 01:18:45,071 - quality_tracker - INFO -   failed_threshold: 0
2025-11-01 01:18:45,071 - quality_tracker - INFO -   pass_rate: 100.0%
2025-11-01 01:18:45,071 - quality_tracker - INFO - 
Recent trend (last 1 runs):
2025-11-01 01:18:45,071 - quality_tracker - INFO -   Pass rate: 100.0%
2025-11-01 01:18:45,071 - quality_tracker - INFO - 
2025-11-01 01:18:45,071 - quality_tracker - INFO - ------------------------------------------------------------
2025-11-01 01:18:45,071 - quality_tracker - INFO -   Stage: STRUCTURE_DETECT
2025-11-01 01:18:45,071 - quality_tracker - INFO - ------------------------------------------------------------
2025-11-01 01:18:45,071 - quality_tracker - INFO - Summary:
2025-11-01 01:18:45,071 - quality_tracker - INFO -   total_runs: 1
2025-11-01 01:18:45,071 - quality_tracker - INFO -   passed_threshold: 1
2025-11-01 01:18:45,071 - quality_tracker - INFO -   failed_threshold: 0
2025-11-01 01:18:45,072 - quality_tracker - INFO -   pass_rate: 100.0%
2025-11-01 01:18:45,072 - quality_tracker - INFO - 
Recent trend (last 1 runs):
2025-11-01 01:18:45,072 - quality_tracker - INFO -   Pass rate: 100.0%
2025-11-01 01:18:45,072 - quality_tracker - INFO - 
2025-11-01 01:18:45,072 - quality_tracker - INFO - ------------------------------------------------------------
2025-11-01 01:18:45,072 - quality_tracker - INFO -   Stage: SUMMARIZE
2025-11-01 01:18:45,072 - quality_tracker - INFO - ------------------------------------------------------------
2025-11-01 01:18:45,072 - quality_tracker - INFO - Summary:
2025-11-01 01:18:45,072 - quality_tracker - INFO -   total_runs: 1
2025-11-01 01:18:45,072 - quality_tracker - INFO -   passed_threshold: 1
2025-11-01 01:18:45,072 - quality_tracker - INFO -   failed_threshold: 0
2025-11-01 01:18:45,072 - quality_tracker - INFO -   pass_rate: 100.0%
2025-11-01 01:18:45,072 - quality_tracker - INFO - 
Recent trend (last 1 runs):
2025-11-01 01:18:45,072 - quality_tracker - INFO -   Pass rate: 100.0%
2025-11-01 01:18:45,072 - quality_tracker - INFO - 
2025-11-01 01:18:45,072 - quality_tracker - INFO - ------------------------------------------------------------
2025-11-01 01:18:45,072 - quality_tracker - INFO -   Stage: EXTENDED
2025-11-01 01:18:45,072 - quality_tracker - INFO - ------------------------------------------------------------
2025-11-01 01:18:45,072 - quality_tracker - INFO - Summary:
2025-11-01 01:18:45,072 - quality_tracker - INFO -   total_runs: 1
2025-11-01 01:18:45,072 - quality_tracker - INFO -   passed_threshold: 1
2025-11-01 01:18:45,072 - quality_tracker - INFO -   failed_threshold: 0
2025-11-01 01:18:45,072 - quality_tracker - INFO -   pass_rate: 100.0%
2025-11-01 01:18:45,072 - quality_tracker - INFO - 
Recent trend (last 1 runs):
2025-11-01 01:18:45,072 - quality_tracker - INFO -   Pass rate: 100.0%
2025-11-01 01:18:45,072 - quality_tracker - INFO - 
2025-11-01 01:18:45,072 - quality_tracker - INFO - ------------------------------------------------------------
2025-11-01 01:18:45,072 - quality_tracker - INFO -   Stage: FINALIZE
2025-11-01 01:18:45,072 - quality_tracker - INFO - ------------------------------------------------------------
2025-11-01 01:18:45,072 - quality_tracker - INFO - Summary:
2025-11-01 01:18:45,072 - quality_tracker - INFO -   total_runs: 1
2025-11-01 01:18:45,072 - quality_tracker - INFO -   passed_threshold: 1
2025-11-01 01:18:45,073 - quality_tracker - INFO -   failed_threshold: 0
2025-11-01 01:18:45,073 - quality_tracker - INFO -   pass_rate: 100.0%
2025-11-01 01:18:45,073 - quality_tracker - INFO - 
Recent trend (last 1 runs):
2025-11-01 01:18:45,073 - quality_tracker - INFO -   Pass rate: 100.0%
2025-11-01 01:18:45,073 - quality_tracker - INFO - 
2025-11-01 01:18:45,073 - quality_tracker - INFO - ------------------------------------------------------------
2025-11-01 01:18:45,073 - quality_tracker - INFO -   Stage: CHUNK
2025-11-01 01:18:45,073 - quality_tracker - INFO - ------------------------------------------------------------
2025-11-01 01:18:45,073 - quality_tracker - INFO - Summary:
2025-11-01 01:18:45,073 - quality_tracker - INFO -   total_runs: 1
2025-11-01 01:18:45,073 - quality_tracker - INFO -   passed_threshold: 1
2025-11-01 01:18:45,073 - quality_tracker - INFO -   failed_threshold: 0
2025-11-01 01:18:45,073 - quality_tracker - INFO -   pass_rate: 100.0%
2025-11-01 01:18:45,073 - quality_tracker - INFO - 
Recent trend (last 1 runs):
2025-11-01 01:18:45,073 - quality_tracker - INFO -   Pass rate: 100.0%
2025-11-01 01:18:45,073 - quality_tracker - INFO - 
2025-11-01 01:18:45,073 - quality_tracker - INFO - ------------------------------------------------------------
2025-11-01 01:18:45,073 - quality_tracker - INFO -   Stage: EMBED
2025-11-01 01:18:45,073 - quality_tracker - INFO - ------------------------------------------------------------
2025-11-01 01:18:45,073 - quality_tracker - INFO - Summary:
2025-11-01 01:18:45,073 - quality_tracker - INFO -   total_runs: 1
2025-11-01 01:18:45,073 - quality_tracker - INFO -   passed_threshold: 1
2025-11-01 01:18:45,073 - quality_tracker - INFO -   failed_threshold: 0
2025-11-01 01:18:45,073 - quality_tracker - INFO -   pass_rate: 100.0%
2025-11-01 01:18:45,073 - quality_tracker - INFO - 
Recent trend (last 1 runs):
2025-11-01 01:18:45,073 - quality_tracker - INFO -   Pass rate: 100.0%
2025-11-01 01:18:45,073 - quality_tracker - INFO - 
2025-11-01 01:18:45,073 - quality_tracker - INFO - ------------------------------------------------------------
2025-11-01 01:18:45,073 - quality_tracker - INFO -   PERFORMANCE SUMMARY
2025-11-01 01:18:45,073 - quality_tracker - INFO - ------------------------------------------------------------
2025-11-01 01:18:45,073 - quality_tracker - INFO - track_quality:
2025-11-01 01:18:45,073 - quality_tracker - INFO -   Count: 7, Avg: 0.00s
2025-11-01 01:18:45,073 - quality_tracker - INFO - run_single_pipeline:
2025-11-01 01:18:45,074 - quality_tracker - INFO -   Count: 1, Avg: 147.48s
2025-11-01 01:18:45,074 - __main__ - INFO - 
2025-11-01 01:18:45,074 - validate - INFO - ============================================================
2025-11-01 01:18:45,074 - validate - INFO -   Validation Summary
2025-11-01 01:18:45,074 - validate - INFO - ============================================================
2025-11-01 01:18:45,074 - validate - INFO - Overall Results:
2025-11-01 01:18:45,074 - validate - INFO -   total_datasets: 2
2025-11-01 01:18:45,074 - validate - INFO -   valid_datasets: 1
2025-11-01 01:18:45,074 - validate - INFO -   invalid_datasets: 1
2025-11-01 01:18:45,074 - validate - INFO -   total_errors: 2
2025-11-01 01:18:45,074 - validate - INFO -   total_warnings: 365
2025-11-01 01:18:45,074 - validate - INFO -   success_rate: 0.5000
2025-11-01 01:18:45,074 - validate - INFO -   timestamp: 2025-10-31T22:18:45.074091
2025-11-01 01:18:45,074 - validate - INFO - 
Per-dataset results:
2025-11-01 01:18:45,074 - validate - INFO--- Logging error ---
Traceback (most recent call last):
  File "C:\Users\Dimon\AppData\Local\Programs\Python\Python313\Lib\logging\__init__.py", line 1154, in emit
    stream.write(msg + self.terminator)
    ~~~~~~~~~~~~^^^^^^^^^^^^^^^^^^^^^^^
  File "C:\Users\Dimon\AppData\Local\Programs\Python\Python313\Lib\site-packages\colorama\ansitowin32.py", line 47, in write
    self.__convertor.write(text)
    ~~~~~~~~~~~~~~~~~~~~~~^^^^^^
  File "C:\Users\Dimon\AppData\Local\Programs\Python\Python313\Lib\site-packages\colorama\ansitowin32.py", line 177, in write
    self.write_and_convert(text)
    ~~~~~~~~~~~~~~~~~~~~~~^^^^^^
  File "C:\Users\Dimon\AppData\Local\Programs\Python\Python313\Lib\site-packages\colorama\ansitowin32.py", line 205, in write_and_convert
    self.write_plain_text(text, cursor, len(text))
    ~~~~~~~~~~~~~~~~~~~~~^^^^^^^^^^^^^^^^^^^^^^^^^
  File "C:\Users\Dimon\AppData\Local\Programs\Python\Python313\Lib\site-packages\colorama\ansitowin32.py", line 210, in write_plain_text
    self.wrapped.write(text[start:end])
    ~~~~~~~~~~~~~~~~~~^^^^^^^^^^^^^^^^^
  File "C:\Users\Dimon\AppData\Local\Programs\Python\Python313\Lib\encodings\cp1251.py", line 19, in encode
    return codecs.charmap_encode(input,self.errors,encoding_table)[0]
           ~~~~~~~~~~~~~~~~~~~~~^^^^^^^^^^^^^^^^^^^^^^^^^^^^^^^^^^
UnicodeEncodeError: 'charmap' codec can't encode character '\u2705' in position 5: character maps to <undefined>
Call stack:
  File "C:\scripts\1repo\run_mvp.py", line 680, in <module>
    main()
  File "C:\scripts\1repo\run_mvp.py", line 660, in main
    orchestrator.generate_reports()
  File "C:\scripts\1repo\run_mvp.py", line 522, in generate_reports
    self.validator.print_summary()
  File "C:\scripts\1repo\validate.py", line 784, in print_summary
    self.report.print_summary()
  File "C:\scripts\1repo\validate.py", line 644, in print_summary
    logger.info(f"  {status} - {dataset} (errors: {errors}, warnings: {warnings})")
Message: '  \u2705 VALID - data-driven-organization-design-sustaining-the-competitive-edge-through-organizational-analytics.dataset.jsonl (errors: 0, warnings: 1)'
Arguments: ()
2025-11-01 01:18:45,075 - validate - INFO--- Logging error ---
Traceback (most recent call last):
  File "C:\Users\Dimon\AppData\Local\Programs\Python\Python313\Lib\logging\__init__.py", line 1154, in emit
    stream.write(msg + self.terminator)
    ~~~~~~~~~~~~^^^^^^^^^^^^^^^^^^^^^^^
  File "C:\Users\Dimon\AppData\Local\Programs\Python\Python313\Lib\site-packages\colorama\ansitowin32.py", line 47, in write
    self.__convertor.write(text)
    ~~~~~~~~~~~~~~~~~~~~~~^^^^^^
  File "C:\Users\Dimon\AppData\Local\Programs\Python\Python313\Lib\site-packages\colorama\ansitowin32.py", line 177, in write
    self.write_and_convert(text)
    ~~~~~~~~~~~~~~~~~~~~~~^^^^^^
  File "C:\Users\Dimon\AppData\Local\Programs\Python\Python313\Lib\site-packages\colorama\ansitowin32.py", line 205, in write_and_convert
    self.write_plain_text(text, cursor, len(text))
    ~~~~~~~~~~~~~~~~~~~~~^^^^^^^^^^^^^^^^^^^^^^^^^
  File "C:\Users\Dimon\AppData\Local\Programs\Python\Python313\Lib\site-packages\colorama\ansitowin32.py", line 210, in write_plain_text
    self.wrapped.write(text[start:end])
    ~~~~~~~~~~~~~~~~~~^^^^^^^^^^^^^^^^^
  File "C:\Users\Dimon\AppData\Local\Programs\Python\Python313\Lib\encodings\cp1251.py", line 19, in encode
    return codecs.charmap_encode(input,self.errors,encoding_table)[0]
           ~~~~~~~~~~~~~~~~~~~~~^^^^^^^^^^^^^^^^^^^^^^^^^^^^^^^^^^
UnicodeEncodeError: 'charmap' codec can't encode character '\u274c' in position 5: character maps to <undefined>
Call stack:
  File "C:\scripts\1repo\run_mvp.py", line 680, in <module>
    main()
  File "C:\scripts\1repo\run_mvp.py", line 660, in main
    orchestrator.generate_reports()
  File "C:\scripts\1repo\run_mvp.py", line 522, in generate_reports
    self.validator.print_summary()
  File "C:\scripts\1repo\validate.py", line 784, in print_summary
    self.report.print_summary()
  File "C:\scripts\1repo\validate.py", line 644, in print_summary
    logger.info(f"  {status} - {dataset} (errors: {errors}, warnings: {warnings})")
Message: '  \u274c INVALID - data-driven-organization-design-sustaining-the-competitive-edge-through-organizational-analytics.dataset.jsonl (errors: 2, warnings: 364)'
Arguments: ()
2025-11-01 01:18:45,076 - __main__ - INFO - ============================================================
2025-11-01 01:18:45,076 - __main__ - INFO--- Logging error ---
Traceback (most recent call last):
  File "C:\Users\Dimon\AppData\Local\Programs\Python\Python313\Lib\logging\__init__.py", line 1154, in emit
    stream.write(msg + self.terminator)
    ~~~~~~~~~~~~^^^^^^^^^^^^^^^^^^^^^^^
  File "C:\Users\Dimon\AppData\Local\Programs\Python\Python313\Lib\site-packages\colorama\ansitowin32.py", line 47, in write
    self.__convertor.write(text)
    ~~~~~~~~~~~~~~~~~~~~~~^^^^^^
  File "C:\Users\Dimon\AppData\Local\Programs\Python\Python313\Lib\site-packages\colorama\ansitowin32.py", line 177, in write
    self.write_and_convert(text)
    ~~~~~~~~~~~~~~~~~~~~~~^^^^^^
  File "C:\Users\Dimon\AppData\Local\Programs\Python\Python313\Lib\site-packages\colorama\ansitowin32.py", line 205, in write_and_convert
    self.write_plain_text(text, cursor, len(text))
    ~~~~~~~~~~~~~~~~~~~~~^^^^^^^^^^^^^^^^^^^^^^^^^
  File "C:\Users\Dimon\AppData\Local\Programs\Python\Python313\Lib\site-packages\colorama\ansitowin32.py", line 210, in write_plain_text
    self.wrapped.write(text[start:end])
    ~~~~~~~~~~~~~~~~~~^^^^^^^^^^^^^^^^^
  File "C:\Users\Dimon\AppData\Local\Programs\Python\Python313\Lib\encodings\cp1251.py", line 19, in encode
    return codecs.charmap_encode(input,self.errors,encoding_table)[0]
           ~~~~~~~~~~~~~~~~~~~~~^^^^^^^^^^^^^^^^^^^^^^^^^^^^^^^^^^
UnicodeEncodeError: 'charmap' codec can't encode character '\u2705' in position 5: character maps to <undefined>
Call stack:
  File "C:\scripts\1repo\run_mvp.py", line 680, in <module>
    main()
  File "C:\scripts\1repo\run_mvp.py", line 667, in main
    log_section(logger, "\u2705 PIPELINE COMPLETED SUCCESSFULLY", "INFO")
  File "C:\scripts\1repo\am_logging.py", line 588, in log_section
    log_func(f"  {title}")
Message: '  \u2705 PIPELINE COMPLETED SUCCESSFULLY'
Arguments: ()
2025-11-01 01:18:45,076 - __main__ - INFO - ============================================================
