[WARN] OCR not available
2025-11-01 01:21:16,217 - faiss.loader - INFO - Loading faiss with AVX512 support.
2025-11-01 01:21:16,217 - faiss.loader - INFO - Could not load library with AVX512 support due to:
ModuleNotFoundError("No module named 'faiss.swigfaiss_avx512'")
2025-11-01 01:21:16,217 - faiss.loader - INFO - Loading faiss with AVX2 support.
2025-11-01 01:21:16,227 - faiss.loader - INFO - Successfully loaded faiss with AVX2 support.
2025-11-01 01:21:16,233 - am_common - INFO - Loading config: config\batch_full.yaml
2025-11-01 01:21:16,247 - am_common - INFO - Config loaded successfully
2025-11-01 01:21:16,248 - quality_tracker - INFO - Quality tracker initialized: C:\scripts\1repo\data\quality
2025-11-01 01:21:16,248 - __main__ - INFO - ============================================================
2025-11-01 01:21:16,248 - __main__ - INFO--- Logging error ---
Traceback (most recent call last):
  File "C:\Users\Dimon\AppData\Local\Programs\Python\Python313\Lib\logging\__init__.py", line 1154, in emit
    stream.write(msg + self.terminator)
    ~~~~~~~~~~~~^^^^^^^^^^^^^^^^^^^^^^^
  File "C:\Users\Dimon\AppData\Local\Programs\Python\Python313\Lib\site-packages\colorama\ansitowin32.py", line 47, in write
    self.__convertor.write(text)
    ~~~~~~~~~~~~~~~~~~~~~~^^^^^^
  File "C:\Users\Dimon\AppData\Local\Programs\Python\Python313\Lib\site-packages\colorama\ansitowin32.py", line 177, in write
    self.write_and_convert(text)
    ~~~~~~~~~~~~~~~~~~~~~~^^^^^^
  File "C:\Users\Dimon\AppData\Local\Programs\Python\Python313\Lib\site-packages\colorama\ansitowin32.py", line 205, in write_and_convert
    self.write_plain_text(text, cursor, len(text))
    ~~~~~~~~~~~~~~~~~~~~~^^^^^^^^^^^^^^^^^^^^^^^^^
  File "C:\Users\Dimon\AppData\Local\Programs\Python\Python313\Lib\site-packages\colorama\ansitowin32.py", line 210, in write_plain_text
    self.wrapped.write(text[start:end])
    ~~~~~~~~~~~~~~~~~~^^^^^^^^^^^^^^^^^
  File "C:\Users\Dimon\AppData\Local\Programs\Python\Python313\Lib\encodings\cp1251.py", line 19, in encode
    return codecs.charmap_encode(input,self.errors,encoding_table)[0]
           ~~~~~~~~~~~~~~~~~~~~~^^^^^^^^^^^^^^^^^^^^^^^^^^^^^^^^^^
UnicodeEncodeError: 'charmap' codec can't encode character '\U0001f680' in position 5: character maps to <undefined>
Call stack:
  File "C:\scripts\1repo\run_mvp.py", line 680, in <module>
    main()
  File "C:\scripts\1repo\run_mvp.py", line 605, in main
    orchestrator = PipelineOrchestrator(
  File "C:\scripts\1repo\run_mvp.py", line 136, in __init__
    log_section(logger, f"\U0001f680 {PRODUCT_NAME} {VERSION}", "INFO")
  File "C:\scripts\1repo\am_logging.py", line 588, in log_section
    log_func(f"  {title}")
Message: '  \U0001f680 archivist magika 2.0.0'
Arguments: ()
2025-11-01 01:21:16,250 - __main__ - INFO - ============================================================
2025-11-01 01:21:16,250 - __main__ - INFO - Quality check: enabled
2025-11-01 01:21:16,250 - __main__ - INFO - Validation: enabled
2025-11-01 01:21:16,250 - __main__ - INFO - Dry run: no
2025-11-01 01:21:16,250 - __main__ - INFO - Starting: run_single_pipeline
2025-11-01 01:21:16,250 - __main__ - INFO - Processing: Escaping_the_build_trap_-_Melissa_Perri.pdf
2025-11-01 01:21:16,250 - __main__ - INFO--- Logging error ---
Traceback (most recent call last):
  File "C:\Users\Dimon\AppData\Local\Programs\Python\Python313\Lib\logging\__init__.py", line 1154, in emit
    stream.write(msg + self.terminator)
    ~~~~~~~~~~~~^^^^^^^^^^^^^^^^^^^^^^^
  File "C:\Users\Dimon\AppData\Local\Programs\Python\Python313\Lib\site-packages\colorama\ansitowin32.py", line 47, in write
    self.__convertor.write(text)
    ~~~~~~~~~~~~~~~~~~~~~~^^^^^^
  File "C:\Users\Dimon\AppData\Local\Programs\Python\Python313\Lib\site-packages\colorama\ansitowin32.py", line 177, in write
    self.write_and_convert(text)
    ~~~~~~~~~~~~~~~~~~~~~~^^^^^^
  File "C:\Users\Dimon\AppData\Local\Programs\Python\Python313\Lib\site-packages\colorama\ansitowin32.py", line 205, in write_and_convert
    self.write_plain_text(text, cursor, len(text))
    ~~~~~~~~~~~~~~~~~~~~~^^^^^^^^^^^^^^^^^^^^^^^^^
  File "C:\Users\Dimon\AppData\Local\Programs\Python\Python313\Lib\site-packages\colorama\ansitowin32.py", line 210, in write_plain_text
    self.wrapped.write(text[start:end])
    ~~~~~~~~~~~~~~~~~~^^^^^^^^^^^^^^^^^
  File "C:\Users\Dimon\AppData\Local\Programs\Python\Python313\Lib\encodings\cp1251.py", line 19, in encode
    return codecs.charmap_encode(input,self.errors,encoding_table)[0]
           ~~~~~~~~~~~~~~~~~~~~~^^^^^^^^^^^^^^^^^^^^^^^^^^^^^^^^^^
UnicodeEncodeError: 'charmap' codec can't encode character '\u2192' in position 24: character maps to <undefined>
Call stack:
  File "C:\scripts\1repo\run_mvp.py", line 680, in <module>
    main()
  File "C:\scripts\1repo\run_mvp.py", line 652, in main
    results = orchestrator.run_single(
  File "C:\scripts\1repo\run_mvp.py", line 196, in run_single
    logger.info(f"Pipeline: {start_stage} \u2192 {end_stage}")
Message: 'Pipeline: structural \u2192 embed'
Arguments: ()
2025-11-01 01:21:16,251 - __main__ - INFO--- Logging error ---
Traceback (most recent call last):
  File "C:\Users\Dimon\AppData\Local\Programs\Python\Python313\Lib\logging\__init__.py", line 1154, in emit
    stream.write(msg + self.terminator)
    ~~~~~~~~~~~~^^^^^^^^^^^^^^^^^^^^^^^
  File "C:\Users\Dimon\AppData\Local\Programs\Python\Python313\Lib\site-packages\colorama\ansitowin32.py", line 47, in write
    self.__convertor.write(text)
    ~~~~~~~~~~~~~~~~~~~~~~^^^^^^
  File "C:\Users\Dimon\AppData\Local\Programs\Python\Python313\Lib\site-packages\colorama\ansitowin32.py", line 177, in write
    self.write_and_convert(text)
    ~~~~~~~~~~~~~~~~~~~~~~^^^^^^
  File "C:\Users\Dimon\AppData\Local\Programs\Python\Python313\Lib\site-packages\colorama\ansitowin32.py", line 205, in write_and_convert
    self.write_plain_text(text, cursor, len(text))
    ~~~~~~~~~~~~~~~~~~~~~^^^^^^^^^^^^^^^^^^^^^^^^^
  File "C:\Users\Dimon\AppData\Local\Programs\Python\Python313\Lib\site-packages\colorama\ansitowin32.py", line 210, in write_plain_text
    self.wrapped.write(text[start:end])
    ~~~~~~~~~~~~~~~~~~^^^^^^^^^^^^^^^^^
  File "C:\Users\Dimon\AppData\Local\Programs\Python\Python313\Lib\encodings\cp1251.py", line 19, in encode
    return codecs.charmap_encode(input,self.errors,encoding_table)[0]
           ~~~~~~~~~~~~~~~~~~~~~^^^^^^^^^^^^^^^^^^^^^^^^^^^^^^^^^^
UnicodeEncodeError: 'charmap' codec can't encode character '\u2192' in position 22: character maps to <undefined>
Call stack:
  File "C:\scripts\1repo\run_mvp.py", line 680, in <module>
    main()
  File "C:\scripts\1repo\run_mvp.py", line 652, in main
    results = orchestrator.run_single(
  File "C:\scripts\1repo\run_mvp.py", line 209, in run_single
    logger.info(f"Stages: {' \u2192 '.join(stages)}")
Message: 'Stages: structural \u2192 structure_detect \u2192 summarize \u2192 extended \u2192 finalize \u2192 chunk \u2192 embed'
Arguments: ()
2025-11-01 01:21:16,252 - __main__ - INFO - ============================================================
2025-11-01 01:21:16,252 - __main__ - INFO--- Logging error ---
Traceback (most recent call last):
  File "C:\Users\Dimon\AppData\Local\Programs\Python\Python313\Lib\logging\__init__.py", line 1154, in emit
    stream.write(msg + self.terminator)
    ~~~~~~~~~~~~^^^^^^^^^^^^^^^^^^^^^^^
  File "C:\Users\Dimon\AppData\Local\Programs\Python\Python313\Lib\site-packages\colorama\ansitowin32.py", line 47, in write
    self.__convertor.write(text)
    ~~~~~~~~~~~~~~~~~~~~~~^^^^^^
  File "C:\Users\Dimon\AppData\Local\Programs\Python\Python313\Lib\site-packages\colorama\ansitowin32.py", line 177, in write
    self.write_and_convert(text)
    ~~~~~~~~~~~~~~~~~~~~~~^^^^^^
  File "C:\Users\Dimon\AppData\Local\Programs\Python\Python313\Lib\site-packages\colorama\ansitowin32.py", line 205, in write_and_convert
    self.write_plain_text(text, cursor, len(text))
    ~~~~~~~~~~~~~~~~~~~~~^^^^^^^^^^^^^^^^^^^^^^^^^
  File "C:\Users\Dimon\AppData\Local\Programs\Python\Python313\Lib\site-packages\colorama\ansitowin32.py", line 210, in write_plain_text
    self.wrapped.write(text[start:end])
    ~~~~~~~~~~~~~~~~~~^^^^^^^^^^^^^^^^^
  File "C:\Users\Dimon\AppData\Local\Programs\Python\Python313\Lib\encodings\cp1251.py", line 19, in encode
    return codecs.charmap_encode(input,self.errors,encoding_table)[0]
           ~~~~~~~~~~~~~~~~~~~~~^^^^^^^^^^^^^^^^^^^^^^^^^^^^^^^^^^
UnicodeEncodeError: 'charmap' codec can't encode character '\U0001f4c4' in position 5: character maps to <undefined>
Call stack:
  File "C:\scripts\1repo\run_mvp.py", line 680, in <module>
    main()
  File "C:\scripts\1repo\run_mvp.py", line 652, in main
    results = orchestrator.run_single(
  File "C:\scripts\1repo\run_mvp.py", line 222, in run_single
    log_stage(logger, stage, "Starting")
  File "C:\scripts\1repo\am_logging.py", line 613, in log_stage
    log_section(logger, f"{emoji} {action}: {stage.upper()}", "INFO")
  File "C:\scripts\1repo\am_logging.py", line 588, in log_section
    log_func(f"  {title}")
Message: '  \U0001f4c4 Starting: STRUCTURAL'
Arguments: ()
2025-11-01 01:21:16,252 - __main__ - INFO - ============================================================
2025-11-01 01:21:16,252 - am_common - INFO - Loading config: config\batch_full.yaml
2025-11-01 01:21:16,267 - am_common - INFO - Config loaded successfully
2025-11-01 01:21:16,267 - am_structural_robust - INFO - Text extractor chain: ['pdfminer', 'pdfplumber', 'pypdf2']
2025-11-01 01:21:16,267 - am_structural_robust - INFO - Table extractor chain: ['pdfplumber']
2025-11-01 01:21:16,268 - am_structural_robust - INFO - Processing: Escaping_the_build_trap_-_Melissa_Perri.pdf
2025-11-01 01:21:16,344 - am_structural_robust - INFO - PDF: Escaping the Build Trap
2025-11-01 01:21:16,424 - am_structural_robust - INFO - Total pages: 199
2025-11-01 01:21:16,809 - am_structural_robust - ERROR - [X] Page 1: All extractors failed
2025-11-01 01:21:17,756 - am_structural_robust - ERROR - [X] Page 5: All extractors failed
2025-11-01 01:21:18,859 - am_structural_robust - ERROR - [X] Page 11: All extractors failed
2025-11-01 01:21:23,876 - am_structural_robust - ERROR - [X] Page 35: All extractors failed
2025-11-01 01:21:25,053 - am_structural_robust - ERROR - [X] Page 41: All extractors failed
2025-11-01 01:21:26,947 - am_structural_robust - INFO -   Processed 50/199 pages
2025-11-01 01:21:30,280 - am_structural_robust - ERROR - [X] Page 65: All extractors failed
2025-11-01 01:21:32,941 - am_structural_robust - ERROR - [X] Page 77: All extractors failed
2025-11-01 01:21:33,756 - am_structural_robust - ERROR - [X] Page 81: All extractors failed
2025-11-01 01:21:37,592 - am_structural_robust - INFO -   Processed 100/199 pages
2025-11-01 01:21:39,251 - am_structural_robust - ERROR - [X] Page 107: All extractors failed
2025-11-01 01:21:40,561 - am_structural_robust - ERROR - [X] Page 113: All extractors failed
2025-11-01 01:21:45,262 - am_structural_robust - ERROR - [X] Page 135: All extractors failed
2025-11-01 01:21:48,358 - am_structural_robust - ERROR - [X] Page 149: All extractors failed
2025-11-01 01:21:48,433 - am_structural_robust - INFO -   Processed 150/199 pages
2025-11-01 01:21:51,307 - am_structural_robust - ERROR - [X] Page 163: All extractors failed
2025-11-01 01:21:53,955 - am_structural_robust - ERROR - [X] Page 175: All extractors failed
2025-11-01 01:21:58,704 - am_structural_robust - INFO - Extraction complete: 199 success, 0 failed
2025-11-01 01:21:58,704 - am_structural_robust - INFO -   Methods used: {'pdfminer': 185}
2025-11-01 01:21:58,704 - am_structural_robust - INFO -   OCR used: 0 pages
2025-11-01 01:21:58,705 - am_structural_robust - INFO -   Tables found: 3
2025-11-01 01:21:58,722 - am_common - INFO - Saving dataset: C:\scripts\1repo\data\datasets\structural\escaping_the_build_trap_-_melissa_perri.dataset.jsonl (199 cards)
2025-11-01 01:21:58,726 - am_common - INFO - Saved: 199 cards to escaping_the_build_trap_-_melissa_perri.dataset.jsonl (395.50 KB)
2025-11-01 01:21:58,726 - am_structural_robust - INFO - Dataset saved: 395.50 KB
2025-11-01 01:21:58,726 - quality_tracker - INFO - Starting: track_quality
2025-11-01 01:21:58,726 - quality_tracker - INFO - structural metrics:
2025-11-01 01:21:58,726 - quality_tracker - INFO -   total_pages: 199
2025-11-01 01:21:58,726 - quality_tracker - INFO -   success_pages: 199
2025-11-01 01:21:58,726 - quality_tracker - INFO -   failed_pages: 0
2025-11-01 01:21:58,726 - quality_tracker - INFO -   success_ratio: 1.0000
2025-11-01 01:21:58,727 - quality_tracker - INFO -   empty_pages: 14
2025-11-01 01:21:58,727 - quality_tracker - INFO -   avg_page_length: 1752.5930
2025-11-01 01:21:58,727 - quality_tracker - INFO -   extraction_methods: {'pdfminer': 185}
2025-11-01 01:21:58,727 - quality_tracker - INFO -   ocr_used: 0
2025-11-01 01:21:58,727 - quality_tracker - INFO -   tables_found: 3
2025-11-01 01:21:58,727 - quality_tracker - INFO--- Logging error ---
Traceback (most recent call last):
  File "C:\Users\Dimon\AppData\Local\Programs\Python\Python313\Lib\logging\__init__.py", line 1154, in emit
    stream.write(msg + self.terminator)
    ~~~~~~~~~~~~^^^^^^^^^^^^^^^^^^^^^^^
  File "C:\Users\Dimon\AppData\Local\Programs\Python\Python313\Lib\site-packages\colorama\ansitowin32.py", line 47, in write
    self.__convertor.write(text)
    ~~~~~~~~~~~~~~~~~~~~~~^^^^^^
  File "C:\Users\Dimon\AppData\Local\Programs\Python\Python313\Lib\site-packages\colorama\ansitowin32.py", line 177, in write
    self.write_and_convert(text)
    ~~~~~~~~~~~~~~~~~~~~~~^^^^^^
  File "C:\Users\Dimon\AppData\Local\Programs\Python\Python313\Lib\site-packages\colorama\ansitowin32.py", line 205, in write_and_convert
    self.write_plain_text(text, cursor, len(text))
    ~~~~~~~~~~~~~~~~~~~~~^^^^^^^^^^^^^^^^^^^^^^^^^
  File "C:\Users\Dimon\AppData\Local\Programs\Python\Python313\Lib\site-packages\colorama\ansitowin32.py", line 210, in write_plain_text
    self.wrapped.write(text[start:end])
    ~~~~~~~~~~~~~~~~~~^^^^^^^^^^^^^^^^^
  File "C:\Users\Dimon\AppData\Local\Programs\Python\Python313\Lib\encodings\cp1251.py", line 19, in encode
    return codecs.charmap_encode(input,self.errors,encoding_table)[0]
           ~~~~~~~~~~~~~~~~~~~~~^^^^^^^^^^^^^^^^^^^^^^^^^^^^^^^^^^
UnicodeEncodeError: 'charmap' codec can't encode character '\u2713' in position 3: character maps to <undefined>
Call stack:
  File "C:\scripts\1repo\run_mvp.py", line 680, in <module>
    main()
  File "C:\scripts\1repo\run_mvp.py", line 652, in main
    results = orchestrator.run_single(
  File "C:\scripts\1repo\run_mvp.py", line 226, in run_single
    stage_result = self._run_stage(stage, current_input)
  File "C:\scripts\1repo\run_mvp.py", line 409, in _run_stage
    return processor.process_pdf(input_path, output_dir)
  File "C:\scripts\1repo\am_structural_robust.py", line 569, in process_pdf
    self.quality_tracker.track('structural', pdf_path.name, metrics)
  File "C:\scripts\1repo\quality_tracker.py", line 171, in track
    logger.info(f"\u2713 Quality thresholds passed for {stage}")
Message: '\u2713 Quality thresholds passed for structural'
Arguments: ()
2025-11-01 01:21:58,728 - quality_tracker - INFO - Completed: track_quality (0.00s)
2025-11-01 01:21:58,728 - am_structural_robust - INFO - [OK] Saved: escaping_the_build_trap_-_melissa_perri.dataset.jsonl
2025-11-01 01:21:58,728 - validate - INFO - Validating structural: escaping_the_build_trap_-_melissa_perri.dataset.jsonl
2025-11-01 01:21:58,728 - am_common - INFO - Loading dataset: C:\scripts\1repo\data\datasets\structural\escaping_the_build_trap_-_melissa_perri.dataset.jsonl
2025-11-01 01:21:58,739 - am_common - INFO - Loaded: 199 cards from escaping_the_build_trap_-_melissa_perri.dataset.jsonl
2025-11-01 01:21:58,740 - validate - INFO - [OK] VALID - escaping_the_build_trap_-_melissa_perri.dataset.jsonl
2025-11-01 01:21:58,740 - __main__ - INFO - ============================================================
2025-11-01 01:21:58,740 - __main__ - INFO--- Logging error ---
Traceback (most recent call last):
  File "C:\Users\Dimon\AppData\Local\Programs\Python\Python313\Lib\logging\__init__.py", line 1154, in emit
    stream.write(msg + self.terminator)
    ~~~~~~~~~~~~^^^^^^^^^^^^^^^^^^^^^^^
  File "C:\Users\Dimon\AppData\Local\Programs\Python\Python313\Lib\site-packages\colorama\ansitowin32.py", line 47, in write
    self.__convertor.write(text)
    ~~~~~~~~~~~~~~~~~~~~~~^^^^^^
  File "C:\Users\Dimon\AppData\Local\Programs\Python\Python313\Lib\site-packages\colorama\ansitowin32.py", line 177, in write
    self.write_and_convert(text)
    ~~~~~~~~~~~~~~~~~~~~~~^^^^^^
  File "C:\Users\Dimon\AppData\Local\Programs\Python\Python313\Lib\site-packages\colorama\ansitowin32.py", line 205, in write_and_convert
    self.write_plain_text(text, cursor, len(text))
    ~~~~~~~~~~~~~~~~~~~~~^^^^^^^^^^^^^^^^^^^^^^^^^
  File "C:\Users\Dimon\AppData\Local\Programs\Python\Python313\Lib\site-packages\colorama\ansitowin32.py", line 210, in write_plain_text
    self.wrapped.write(text[start:end])
    ~~~~~~~~~~~~~~~~~~^^^^^^^^^^^^^^^^^
  File "C:\Users\Dimon\AppData\Local\Programs\Python\Python313\Lib\encodings\cp1251.py", line 19, in encode
    return codecs.charmap_encode(input,self.errors,encoding_table)[0]
           ~~~~~~~~~~~~~~~~~~~~~^^^^^^^^^^^^^^^^^^^^^^^^^^^^^^^^^^
UnicodeEncodeError: 'charmap' codec can't encode character '\U0001f4c4' in position 5: character maps to <undefined>
Call stack:
  File "C:\scripts\1repo\run_mvp.py", line 680, in <module>
    main()
  File "C:\scripts\1repo\run_mvp.py", line 652, in main
    results = orchestrator.run_single(
  File "C:\scripts\1repo\run_mvp.py", line 253, in run_single
    log_stage(logger, stage, "Completed")
  File "C:\scripts\1repo\am_logging.py", line 613, in log_stage
    log_section(logger, f"{emoji} {action}: {stage.upper()}", "INFO")
  File "C:\scripts\1repo\am_logging.py", line 588, in log_section
    log_func(f"  {title}")
Message: '  \U0001f4c4 Completed: STRUCTURAL'
Arguments: ()
2025-11-01 01:21:58,741 - __main__ - INFO - ============================================================
2025-11-01 01:21:58,741 - __main__ - INFO - ============================================================
2025-11-01 01:21:58,741 - __main__ - INFO--- Logging error ---
Traceback (most recent call last):
  File "C:\Users\Dimon\AppData\Local\Programs\Python\Python313\Lib\logging\__init__.py", line 1154, in emit
    stream.write(msg + self.terminator)
    ~~~~~~~~~~~~^^^^^^^^^^^^^^^^^^^^^^^
  File "C:\Users\Dimon\AppData\Local\Programs\Python\Python313\Lib\site-packages\colorama\ansitowin32.py", line 47, in write
    self.__convertor.write(text)
    ~~~~~~~~~~~~~~~~~~~~~~^^^^^^
  File "C:\Users\Dimon\AppData\Local\Programs\Python\Python313\Lib\site-packages\colorama\ansitowin32.py", line 177, in write
    self.write_and_convert(text)
    ~~~~~~~~~~~~~~~~~~~~~~^^^^^^
  File "C:\Users\Dimon\AppData\Local\Programs\Python\Python313\Lib\site-packages\colorama\ansitowin32.py", line 205, in write_and_convert
    self.write_plain_text(text, cursor, len(text))
    ~~~~~~~~~~~~~~~~~~~~~^^^^^^^^^^^^^^^^^^^^^^^^^
  File "C:\Users\Dimon\AppData\Local\Programs\Python\Python313\Lib\site-packages\colorama\ansitowin32.py", line 210, in write_plain_text
    self.wrapped.write(text[start:end])
    ~~~~~~~~~~~~~~~~~~^^^^^^^^^^^^^^^^^
  File "C:\Users\Dimon\AppData\Local\Programs\Python\Python313\Lib\encodings\cp1251.py", line 19, in encode
    return codecs.charmap_encode(input,self.errors,encoding_table)[0]
           ~~~~~~~~~~~~~~~~~~~~~^^^^^^^^^^^^^^^^^^^^^^^^^^^^^^^^^^
UnicodeEncodeError: 'charmap' codec can't encode character '\U0001f4d6' in position 5: character maps to <undefined>
Call stack:
  File "C:\scripts\1repo\run_mvp.py", line 680, in <module>
    main()
  File "C:\scripts\1repo\run_mvp.py", line 652, in main
    results = orchestrator.run_single(
  File "C:\scripts\1repo\run_mvp.py", line 222, in run_single
    log_stage(logger, stage, "Starting")
  File "C:\scripts\1repo\am_logging.py", line 613, in log_stage
    log_section(logger, f"{emoji} {action}: {stage.upper()}", "INFO")
  File "C:\scripts\1repo\am_logging.py", line 588, in log_section
    log_func(f"  {title}")
Message: '  \U0001f4d6 Starting: STRUCTURE_DETECT'
Arguments: ()
2025-11-01 01:21:58,742 - __main__ - INFO - ============================================================
2025-11-01 01:21:58,742 - am_common - INFO - Loading config: config\batch_full.yaml
2025-11-01 01:21:58,756 - am_common - INFO - Config loaded successfully
2025-11-01 01:21:58,757 - am_structure_detect - INFO - Processing: escaping_the_build_trap_-_melissa_perri.dataset.jsonl
2025-11-01 01:21:58,757 - am_common - INFO - Loading dataset: C:\scripts\1repo\data\datasets\structural\escaping_the_build_trap_-_melissa_perri.dataset.jsonl
2025-11-01 01:21:58,759 - am_common - INFO - Loaded: 199 cards from escaping_the_build_trap_-_melissa_perri.dataset.jsonl
2025-11-01 01:21:58,760 - am_structure_detect - INFO - TOC found: pages 9-10
2025-11-01 01:21:58,760 - am_structure_detect - INFO - Detected 0 chapters
2025-11-01 01:21:58,761 - am_structure_detect - INFO - Detected 0 sections
2025-11-01 01:21:58,761 - am_common - INFO - Saving dataset: C:\scripts\1repo\data\datasets\structured\escaping_the_build_trap_-_melissa_perri.dataset.jsonl (199 cards)
2025-11-01 01:21:58,765 - am_common - INFO - Saved: 199 cards to escaping_the_build_trap_-_melissa_perri.dataset.jsonl (412.68 KB)
2025-11-01 01:21:58,765 - quality_tracker - INFO - Starting: track_quality
2025-11-01 01:21:58,766 - quality_tracker - INFO - structure_detect metrics:
2025-11-01 01:21:58,766 - quality_tracker - INFO -   total_pages: 199
2025-11-01 01:21:58,766 - quality_tracker - INFO -   chapters_detected: 0
2025-11-01 01:21:58,766 - quality_tracker - INFO -   sections_detected: 0
2025-11-01 01:21:58,766 - quality_tracker - INFO -   pages_with_structure: 0
2025-11-01 01:21:58,766 - quality_tracker - INFO -   structure_coverage: 0.0000
2025-11-01 01:21:58,766 - quality_tracker - INFO -   avg_chapter_length: 0
2025-11-01 01:21:58,766 - quality_tracker - INFO--- Logging error ---
Traceback (most recent call last):
  File "C:\Users\Dimon\AppData\Local\Programs\Python\Python313\Lib\logging\__init__.py", line 1154, in emit
    stream.write(msg + self.terminator)
    ~~~~~~~~~~~~^^^^^^^^^^^^^^^^^^^^^^^
  File "C:\Users\Dimon\AppData\Local\Programs\Python\Python313\Lib\site-packages\colorama\ansitowin32.py", line 47, in write
    self.__convertor.write(text)
    ~~~~~~~~~~~~~~~~~~~~~~^^^^^^
  File "C:\Users\Dimon\AppData\Local\Programs\Python\Python313\Lib\site-packages\colorama\ansitowin32.py", line 177, in write
    self.write_and_convert(text)
    ~~~~~~~~~~~~~~~~~~~~~~^^^^^^
  File "C:\Users\Dimon\AppData\Local\Programs\Python\Python313\Lib\site-packages\colorama\ansitowin32.py", line 205, in write_and_convert
    self.write_plain_text(text, cursor, len(text))
    ~~~~~~~~~~~~~~~~~~~~~^^^^^^^^^^^^^^^^^^^^^^^^^
  File "C:\Users\Dimon\AppData\Local\Programs\Python\Python313\Lib\site-packages\colorama\ansitowin32.py", line 210, in write_plain_text
    self.wrapped.write(text[start:end])
    ~~~~~~~~~~~~~~~~~~^^^^^^^^^^^^^^^^^
  File "C:\Users\Dimon\AppData\Local\Programs\Python\Python313\Lib\encodings\cp1251.py", line 19, in encode
    return codecs.charmap_encode(input,self.errors,encoding_table)[0]
           ~~~~~~~~~~~~~~~~~~~~~^^^^^^^^^^^^^^^^^^^^^^^^^^^^^^^^^^
UnicodeEncodeError: 'charmap' codec can't encode character '\u2713' in position 3: character maps to <undefined>
Call stack:
  File "C:\scripts\1repo\run_mvp.py", line 680, in <module>
    main()
  File "C:\scripts\1repo\run_mvp.py", line 652, in main
    results = orchestrator.run_single(
  File "C:\scripts\1repo\run_mvp.py", line 226, in run_single
    stage_result = self._run_stage(stage, current_input)
  File "C:\scripts\1repo\run_mvp.py", line 419, in _run_stage
    return processor.process_dataset(input_path, output_dir)
  File "C:\scripts\1repo\am_structure_detect.py", line 309, in process_dataset
    self.quality_tracker.track('structure_detect', input_path.name, metrics)
  File "C:\scripts\1repo\quality_tracker.py", line 171, in track
    logger.info(f"\u2713 Quality thresholds passed for {stage}")
Message: '\u2713 Quality thresholds passed for structure_detect'
Arguments: ()
2025-11-01 01:21:58,767 - quality_tracker - INFO - Completed: track_quality (0.00s)
2025-11-01 01:21:58,767 - am_structure_detect - INFO - Saved: escaping_the_build_trap_-_melissa_perri.dataset.jsonl
2025-11-01 01:21:58,767 - __main__ - ERROR - Validation failed: Unknown stage: structure_detect
2025-11-01 01:21:58,767 - __main__ - WARNING - Validation issues: 1 errors
2025-11-01 01:21:58,767 - __main__ - INFO - ============================================================
2025-11-01 01:21:58,767 - __main__ - INFO--- Logging error ---
Traceback (most recent call last):
  File "C:\Users\Dimon\AppData\Local\Programs\Python\Python313\Lib\logging\__init__.py", line 1154, in emit
    stream.write(msg + self.terminator)
    ~~~~~~~~~~~~^^^^^^^^^^^^^^^^^^^^^^^
  File "C:\Users\Dimon\AppData\Local\Programs\Python\Python313\Lib\site-packages\colorama\ansitowin32.py", line 47, in write
    self.__convertor.write(text)
    ~~~~~~~~~~~~~~~~~~~~~~^^^^^^
  File "C:\Users\Dimon\AppData\Local\Programs\Python\Python313\Lib\site-packages\colorama\ansitowin32.py", line 177, in write
    self.write_and_convert(text)
    ~~~~~~~~~~~~~~~~~~~~~~^^^^^^
  File "C:\Users\Dimon\AppData\Local\Programs\Python\Python313\Lib\site-packages\colorama\ansitowin32.py", line 205, in write_and_convert
    self.write_plain_text(text, cursor, len(text))
    ~~~~~~~~~~~~~~~~~~~~~^^^^^^^^^^^^^^^^^^^^^^^^^
  File "C:\Users\Dimon\AppData\Local\Programs\Python\Python313\Lib\site-packages\colorama\ansitowin32.py", line 210, in write_plain_text
    self.wrapped.write(text[start:end])
    ~~~~~~~~~~~~~~~~~~^^^^^^^^^^^^^^^^^
  File "C:\Users\Dimon\AppData\Local\Programs\Python\Python313\Lib\encodings\cp1251.py", line 19, in encode
    return codecs.charmap_encode(input,self.errors,encoding_table)[0]
           ~~~~~~~~~~~~~~~~~~~~~^^^^^^^^^^^^^^^^^^^^^^^^^^^^^^^^^^
UnicodeEncodeError: 'charmap' codec can't encode character '\U0001f4d6' in position 5: character maps to <undefined>
Call stack:
  File "C:\scripts\1repo\run_mvp.py", line 680, in <module>
    main()
  File "C:\scripts\1repo\run_mvp.py", line 652, in main
    results = orchestrator.run_single(
  File "C:\scripts\1repo\run_mvp.py", line 253, in run_single
    log_stage(logger, stage, "Completed")
  File "C:\scripts\1repo\am_logging.py", line 613, in log_stage
    log_section(logger, f"{emoji} {action}: {stage.upper()}", "INFO")
  File "C:\scripts\1repo\am_logging.py", line 588, in log_section
    log_func(f"  {title}")
Message: '  \U0001f4d6 Completed: STRUCTURE_DETECT'
Arguments: ()
2025-11-01 01:21:58,768 - __main__ - INFO - ============================================================
2025-11-01 01:21:58,768 - __main__ - INFO - ============================================================
2025-11-01 01:21:58,768 - __main__ - INFO--- Logging error ---
Traceback (most recent call last):
  File "C:\Users\Dimon\AppData\Local\Programs\Python\Python313\Lib\logging\__init__.py", line 1154, in emit
    stream.write(msg + self.terminator)
    ~~~~~~~~~~~~^^^^^^^^^^^^^^^^^^^^^^^
  File "C:\Users\Dimon\AppData\Local\Programs\Python\Python313\Lib\site-packages\colorama\ansitowin32.py", line 47, in write
    self.__convertor.write(text)
    ~~~~~~~~~~~~~~~~~~~~~~^^^^^^
  File "C:\Users\Dimon\AppData\Local\Programs\Python\Python313\Lib\site-packages\colorama\ansitowin32.py", line 177, in write
    self.write_and_convert(text)
    ~~~~~~~~~~~~~~~~~~~~~~^^^^^^
  File "C:\Users\Dimon\AppData\Local\Programs\Python\Python313\Lib\site-packages\colorama\ansitowin32.py", line 205, in write_and_convert
    self.write_plain_text(text, cursor, len(text))
    ~~~~~~~~~~~~~~~~~~~~~^^^^^^^^^^^^^^^^^^^^^^^^^
  File "C:\Users\Dimon\AppData\Local\Programs\Python\Python313\Lib\site-packages\colorama\ansitowin32.py", line 210, in write_plain_text
    self.wrapped.write(text[start:end])
    ~~~~~~~~~~~~~~~~~~^^^^^^^^^^^^^^^^^
  File "C:\Users\Dimon\AppData\Local\Programs\Python\Python313\Lib\encodings\cp1251.py", line 19, in encode
    return codecs.charmap_encode(input,self.errors,encoding_table)[0]
           ~~~~~~~~~~~~~~~~~~~~~^^^^^^^^^^^^^^^^^^^^^^^^^^^^^^^^^^
UnicodeEncodeError: 'charmap' codec can't encode character '\U0001f4dd' in position 5: character maps to <undefined>
Call stack:
  File "C:\scripts\1repo\run_mvp.py", line 680, in <module>
    main()
  File "C:\scripts\1repo\run_mvp.py", line 652, in main
    results = orchestrator.run_single(
  File "C:\scripts\1repo\run_mvp.py", line 222, in run_single
    log_stage(logger, stage, "Starting")
  File "C:\scripts\1repo\am_logging.py", line 613, in log_stage
    log_section(logger, f"{emoji} {action}: {stage.upper()}", "INFO")
  File "C:\scripts\1repo\am_logging.py", line 588, in log_section
    log_func(f"  {title}")
Message: '  \U0001f4dd Starting: SUMMARIZE'
Arguments: ()
2025-11-01 01:21:58,768 - __main__ - INFO - ============================================================
2025-11-01 01:21:58,768 - am_common - INFO - Loading config: config\batch_full.yaml
2025-11-01 01:21:58,783 - am_common - INFO - Config loaded successfully
2025-11-01 01:21:58,783 - am_summarize - INFO - Processing: escaping_the_build_trap_-_melissa_perri.dataset.jsonl
2025-11-01 01:21:58,783 - am_common - INFO - Loading dataset: C:\scripts\1repo\data\datasets\structured\escaping_the_build_trap_-_melissa_perri.dataset.jsonl
2025-11-01 01:21:58,793 - am_common - INFO - Loaded: 199 cards from escaping_the_build_trap_-_melissa_perri.dataset.jsonl
2025-11-01 01:21:58,919 - am_summarize - INFO - Summarized 185 pages, skipped 14
2025-11-01 01:21:58,920 - am_common - INFO - Saving dataset: C:\scripts\1repo\data\datasets\summarized\escaping_the_build_trap_-_melissa_perri.dataset.jsonl (199 cards)
2025-11-01 01:21:58,924 - am_common - INFO - Saved: 199 cards to escaping_the_build_trap_-_melissa_perri.dataset.jsonl (546.01 KB)
2025-11-01 01:21:58,924 - quality_tracker - INFO - Starting: track_quality
2025-11-01 01:21:58,925 - quality_tracker - INFO - summarize metrics:
2025-11-01 01:21:58,925 - quality_tracker - INFO -   total_pages: 199
2025-11-01 01:21:58,925 - quality_tracker - INFO -   summarized_pages: 185
2025-11-01 01:21:58,925 - quality_tracker - INFO -   skipped_pages: 14
2025-11-01 01:21:58,925 - quality_tracker - INFO -   summary_coverage: 0.9296
2025-11-01 01:21:58,925 - quality_tracker - INFO -   avg_l1_length: 206.6649
2025-11-01 01:21:58,925 - quality_tracker - INFO -   avg_l2_length: 481.3676
2025-11-01 01:21:58,925 - quality_tracker - INFO -   avg_compression_ratio: 10.0800
2025-11-01 01:21:58,925 - quality_tracker - INFO--- Logging error ---
Traceback (most recent call last):
  File "C:\Users\Dimon\AppData\Local\Programs\Python\Python313\Lib\logging\__init__.py", line 1154, in emit
    stream.write(msg + self.terminator)
    ~~~~~~~~~~~~^^^^^^^^^^^^^^^^^^^^^^^
  File "C:\Users\Dimon\AppData\Local\Programs\Python\Python313\Lib\site-packages\colorama\ansitowin32.py", line 47, in write
    self.__convertor.write(text)
    ~~~~~~~~~~~~~~~~~~~~~~^^^^^^
  File "C:\Users\Dimon\AppData\Local\Programs\Python\Python313\Lib\site-packages\colorama\ansitowin32.py", line 177, in write
    self.write_and_convert(text)
    ~~~~~~~~~~~~~~~~~~~~~~^^^^^^
  File "C:\Users\Dimon\AppData\Local\Programs\Python\Python313\Lib\site-packages\colorama\ansitowin32.py", line 205, in write_and_convert
    self.write_plain_text(text, cursor, len(text))
    ~~~~~~~~~~~~~~~~~~~~~^^^^^^^^^^^^^^^^^^^^^^^^^
  File "C:\Users\Dimon\AppData\Local\Programs\Python\Python313\Lib\site-packages\colorama\ansitowin32.py", line 210, in write_plain_text
    self.wrapped.write(text[start:end])
    ~~~~~~~~~~~~~~~~~~^^^^^^^^^^^^^^^^^
  File "C:\Users\Dimon\AppData\Local\Programs\Python\Python313\Lib\encodings\cp1251.py", line 19, in encode
    return codecs.charmap_encode(input,self.errors,encoding_table)[0]
           ~~~~~~~~~~~~~~~~~~~~~^^^^^^^^^^^^^^^^^^^^^^^^^^^^^^^^^^
UnicodeEncodeError: 'charmap' codec can't encode character '\u2713' in position 3: character maps to <undefined>
Call stack:
  File "C:\scripts\1repo\run_mvp.py", line 680, in <module>
    main()
  File "C:\scripts\1repo\run_mvp.py", line 652, in main
    results = orchestrator.run_single(
  File "C:\scripts\1repo\run_mvp.py", line 226, in run_single
    stage_result = self._run_stage(stage, current_input)
  File "C:\scripts\1repo\run_mvp.py", line 419, in _run_stage
    return processor.process_dataset(input_path, output_dir)
  File "C:\scripts\1repo\am_summarize.py", line 281, in process_dataset
    self.quality_tracker.track('summarize', input_path.name, metrics)
  File "C:\scripts\1repo\quality_tracker.py", line 171, in track
    logger.info(f"\u2713 Quality thresholds passed for {stage}")
Message: '\u2713 Quality thresholds passed for summarize'
Arguments: ()
2025-11-01 01:21:58,926 - quality_tracker - INFO - Completed: track_quality (0.00s)
2025-11-01 01:21:58,926 - am_summarize - INFO - Saved: escaping_the_build_trap_-_melissa_perri.dataset.jsonl
2025-11-01 01:21:58,926 - __main__ - ERROR - Validation failed: Unknown stage: summarize
2025-11-01 01:21:58,926 - __main__ - WARNING - Validation issues: 1 errors
2025-11-01 01:21:58,926 - __main__ - INFO - ============================================================
2025-11-01 01:21:58,926 - __main__ - INFO--- Logging error ---
Traceback (most recent call last):
  File "C:\Users\Dimon\AppData\Local\Programs\Python\Python313\Lib\logging\__init__.py", line 1154, in emit
    stream.write(msg + self.terminator)
    ~~~~~~~~~~~~^^^^^^^^^^^^^^^^^^^^^^^
  File "C:\Users\Dimon\AppData\Local\Programs\Python\Python313\Lib\site-packages\colorama\ansitowin32.py", line 47, in write
    self.__convertor.write(text)
    ~~~~~~~~~~~~~~~~~~~~~~^^^^^^
  File "C:\Users\Dimon\AppData\Local\Programs\Python\Python313\Lib\site-packages\colorama\ansitowin32.py", line 177, in write
    self.write_and_convert(text)
    ~~~~~~~~~~~~~~~~~~~~~~^^^^^^
  File "C:\Users\Dimon\AppData\Local\Programs\Python\Python313\Lib\site-packages\colorama\ansitowin32.py", line 205, in write_and_convert
    self.write_plain_text(text, cursor, len(text))
    ~~~~~~~~~~~~~~~~~~~~~^^^^^^^^^^^^^^^^^^^^^^^^^
  File "C:\Users\Dimon\AppData\Local\Programs\Python\Python313\Lib\site-packages\colorama\ansitowin32.py", line 210, in write_plain_text
    self.wrapped.write(text[start:end])
    ~~~~~~~~~~~~~~~~~~^^^^^^^^^^^^^^^^^
  File "C:\Users\Dimon\AppData\Local\Programs\Python\Python313\Lib\encodings\cp1251.py", line 19, in encode
    return codecs.charmap_encode(input,self.errors,encoding_table)[0]
           ~~~~~~~~~~~~~~~~~~~~~^^^^^^^^^^^^^^^^^^^^^^^^^^^^^^^^^^
UnicodeEncodeError: 'charmap' codec can't encode character '\U0001f4dd' in position 5: character maps to <undefined>
Call stack:
  File "C:\scripts\1repo\run_mvp.py", line 680, in <module>
    main()
  File "C:\scripts\1repo\run_mvp.py", line 652, in main
    results = orchestrator.run_single(
  File "C:\scripts\1repo\run_mvp.py", line 253, in run_single
    log_stage(logger, stage, "Completed")
  File "C:\scripts\1repo\am_logging.py", line 613, in log_stage
    log_section(logger, f"{emoji} {action}: {stage.upper()}", "INFO")
  File "C:\scripts\1repo\am_logging.py", line 588, in log_section
    log_func(f"  {title}")
Message: '  \U0001f4dd Completed: SUMMARIZE'
Arguments: ()
2025-11-01 01:21:58,927 - __main__ - INFO - ============================================================
2025-11-01 01:21:58,927 - __main__ - INFO - ============================================================
2025-11-01 01:21:58,927 - __main__ - INFO--- Logging error ---
Traceback (most recent call last):
  File "C:\Users\Dimon\AppData\Local\Programs\Python\Python313\Lib\logging\__init__.py", line 1154, in emit
    stream.write(msg + self.terminator)
    ~~~~~~~~~~~~^^^^^^^^^^^^^^^^^^^^^^^
  File "C:\Users\Dimon\AppData\Local\Programs\Python\Python313\Lib\site-packages\colorama\ansitowin32.py", line 47, in write
    self.__convertor.write(text)
    ~~~~~~~~~~~~~~~~~~~~~~^^^^^^
  File "C:\Users\Dimon\AppData\Local\Programs\Python\Python313\Lib\site-packages\colorama\ansitowin32.py", line 177, in write
    self.write_and_convert(text)
    ~~~~~~~~~~~~~~~~~~~~~~^^^^^^
  File "C:\Users\Dimon\AppData\Local\Programs\Python\Python313\Lib\site-packages\colorama\ansitowin32.py", line 205, in write_and_convert
    self.write_plain_text(text, cursor, len(text))
    ~~~~~~~~~~~~~~~~~~~~~^^^^^^^^^^^^^^^^^^^^^^^^^
  File "C:\Users\Dimon\AppData\Local\Programs\Python\Python313\Lib\site-packages\colorama\ansitowin32.py", line 210, in write_plain_text
    self.wrapped.write(text[start:end])
    ~~~~~~~~~~~~~~~~~~^^^^^^^^^^^^^^^^^
  File "C:\Users\Dimon\AppData\Local\Programs\Python\Python313\Lib\encodings\cp1251.py", line 19, in encode
    return codecs.charmap_encode(input,self.errors,encoding_table)[0]
           ~~~~~~~~~~~~~~~~~~~~~^^^^^^^^^^^^^^^^^^^^^^^^^^^^^^^^^^
UnicodeEncodeError: 'charmap' codec can't encode character '\U0001f916' in position 5: character maps to <undefined>
Call stack:
  File "C:\scripts\1repo\run_mvp.py", line 680, in <module>
    main()
  File "C:\scripts\1repo\run_mvp.py", line 652, in main
    results = orchestrator.run_single(
  File "C:\scripts\1repo\run_mvp.py", line 222, in run_single
    log_stage(logger, stage, "Starting")
  File "C:\scripts\1repo\am_logging.py", line 613, in log_stage
    log_section(logger, f"{emoji} {action}: {stage.upper()}", "INFO")
  File "C:\scripts\1repo\am_logging.py", line 588, in log_section
    log_func(f"  {title}")
Message: '  \U0001f916 Starting: EXTENDED'
Arguments: ()
2025-11-01 01:21:58,927 - __main__ - INFO - ============================================================
2025-11-01 01:21:58,927 - am_common - INFO - Loading config: config\batch_full.yaml
2025-11-01 01:21:58,944 - am_common - INFO - Config loaded successfully
2025-11-01 01:21:58,968 - am_extended - INFO - Ollama available, using model: llama3.2:3b
2025-11-01 01:21:58,968 - am_extended - INFO - Processing: escaping_the_build_trap_-_melissa_perri.dataset.jsonl
2025-11-01 01:21:58,968 - am_common - INFO - Loading dataset: C:\scripts\1repo\data\datasets\summarized\escaping_the_build_trap_-_melissa_perri.dataset.jsonl
2025-11-01 01:21:58,980 - am_common - INFO - Loaded: 199 cards from escaping_the_build_trap_-_melissa_perri.dataset.jsonl
2025-11-01 01:21:58,984 - am_extended - INFO - Marked 0 duplicate pages
2025-11-01 01:21:59,004 - am_extended - INFO - Found 37 continuity gaps
2025-11-01 01:21:59,004 - am_extended - INFO - Extracting extended fields (this may take a while)...
2025-11-01 01:21:59,045 - am_extended - ERROR - Ollama API error: 404
2025-11-01 01:21:59,076 - am_extended - ERROR - Ollama API error: 404
2025-11-01 01:21:59,079 - am_extended - ERROR - Ollama API error: 404
2025-11-01 01:21:59,107 - am_extended - ERROR - Ollama API error: 404
2025-11-01 01:21:59,122 - am_extended - ERROR - Ollama API error: 404
2025-11-01 01:21:59,137 - am_extended - ERROR - Ollama API error: 404
2025-11-01 01:21:59,137 - am_extended - INFO -   Processed 10/199 pages
2025-11-01 01:21:59,152 - am_extended - ERROR - Ollama API error: 404
2025-11-01 01:21:59,168 - am_extended - ERROR - Ollama API error: 404
2025-11-01 01:21:59,184 - am_extended - ERROR - Ollama API error: 404
2025-11-01 01:21:59,199 - am_extended - ERROR - Ollama API error: 404
2025-11-01 01:21:59,215 - am_extended - ERROR - Ollama API error: 404
2025-11-01 01:21:59,246 - am_extended - ERROR - Ollama API error: 404
2025-11-01 01:21:59,261 - am_extended - ERROR - Ollama API error: 404
2025-11-01 01:21:59,292 - am_extended - ERROR - Ollama API error: 404
2025-11-01 01:21:59,322 - am_extended - ERROR - Ollama API error: 404
2025-11-01 01:21:59,322 - am_extended - INFO -   Processed 20/199 pages
2025-11-01 01:21:59,353 - am_extended - ERROR - Ollama API error: 404
2025-11-01 01:21:59,383 - am_extended - ERROR - Ollama API error: 404
2025-11-01 01:21:59,399 - am_extended - ERROR - Ollama API error: 404
2025-11-01 01:21:59,414 - am_extended - ERROR - Ollama API error: 404
2025-11-01 01:21:59,430 - am_extended - ERROR - Ollama API error: 404
2025-11-01 01:21:59,445 - am_extended - ERROR - Ollama API error: 404
2025-11-01 01:21:59,475 - am_extended - ERROR - Ollama API error: 404
2025-11-01 01:21:59,507 - am_extended - ERROR - Ollama API error: 404
2025-11-01 01:21:59,539 - am_extended - ERROR - Ollama API error: 404
2025-11-01 01:21:59,542 - am_extended - ERROR - Ollama API error: 404
2025-11-01 01:21:59,542 - am_extended - INFO -   Processed 30/199 pages
2025-11-01 01:21:59,570 - am_extended - ERROR - Ollama API error: 404
2025-11-01 01:21:59,585 - am_extended - ERROR - Ollama API error: 404
2025-11-01 01:21:59,615 - am_extended - ERROR - Ollama API error: 404
2025-11-01 01:21:59,630 - am_extended - ERROR - Ollama API error: 404
2025-11-01 01:21:59,661 - am_extended - ERROR - Ollama API error: 404
2025-11-01 01:21:59,691 - am_extended - ERROR - Ollama API error: 404
2025-11-01 01:21:59,723 - am_extended - ERROR - Ollama API error: 404
2025-11-01 01:21:59,754 - am_extended - ERROR - Ollama API error: 404
2025-11-01 01:21:59,784 - am_extended - ERROR - Ollama API error: 404
2025-11-01 01:21:59,785 - am_extended - INFO -   Processed 40/199 pages
2025-11-01 01:21:59,815 - am_extended - ERROR - Ollama API error: 404
2025-11-01 01:21:59,831 - am_extended - ERROR - Ollama API error: 404
2025-11-01 01:21:59,846 - am_extended - ERROR - Ollama API error: 404
2025-11-01 01:21:59,876 - am_extended - ERROR - Ollama API error: 404
2025-11-01 01:21:59,907 - am_extended - ERROR - Ollama API error: 404
2025-11-01 01:21:59,938 - am_extended - ERROR - Ollama API error: 404
2025-11-01 01:21:59,968 - am_extended - ERROR - Ollama API error: 404
2025-11-01 01:21:59,999 - am_extended - ERROR - Ollama API error: 404
2025-11-01 01:22:00,031 - am_extended - ERROR - Ollama API error: 404
2025-11-01 01:22:00,031 - am_extended - INFO -   Processed 50/199 pages
2025-11-01 01:22:00,061 - am_extended - ERROR - Ollama API error: 404
2025-11-01 01:22:00,092 - am_extended - ERROR - Ollama API error: 404
2025-11-01 01:22:00,122 - am_extended - ERROR - Ollama API error: 404
2025-11-01 01:22:00,152 - am_extended - ERROR - Ollama API error: 404
2025-11-01 01:22:00,169 - am_extended - ERROR - Ollama API error: 404
2025-11-01 01:22:00,185 - am_extended - ERROR - Ollama API error: 404
2025-11-01 01:22:00,199 - am_extended - ERROR - Ollama API error: 404
2025-11-01 01:22:00,231 - am_extended - ERROR - Ollama API error: 404
2025-11-01 01:22:00,247 - am_extended - ERROR - Ollama API error: 404
2025-11-01 01:22:00,277 - am_extended - ERROR - Ollama API error: 404
2025-11-01 01:22:00,277 - am_extended - INFO -   Processed 60/199 pages
2025-11-01 01:22:00,308 - am_extended - ERROR - Ollama API error: 404
2025-11-01 01:22:00,324 - am_extended - ERROR - Ollama API error: 404
2025-11-01 01:22:00,355 - am_extended - ERROR - Ollama API error: 404
2025-11-01 01:22:00,385 - am_extended - ERROR - Ollama API error: 404
2025-11-01 01:22:00,415 - am_extended - ERROR - Ollama API error: 404
2025-11-01 01:22:00,447 - am_extended - ERROR - Ollama API error: 404
2025-11-01 01:22:00,478 - am_extended - ERROR - Ollama API error: 404
2025-11-01 01:22:00,493 - am_extended - ERROR - Ollama API error: 404
2025-11-01 01:22:00,524 - am_extended - ERROR - Ollama API error: 404
2025-11-01 01:22:00,524 - am_extended - INFO -   Processed 70/199 pages
2025-11-01 01:22:00,540 - am_extended - ERROR - Ollama API error: 404
2025-11-01 01:22:00,542 - am_extended - ERROR - Ollama API error: 404
2025-11-01 01:22:00,555 - am_extended - ERROR - Ollama API error: 404
2025-11-01 01:22:00,570 - am_extended - ERROR - Ollama API error: 404
2025-11-01 01:22:00,602 - am_extended - ERROR - Ollama API error: 404
2025-11-01 01:22:00,617 - am_extended - ERROR - Ollama API error: 404
2025-11-01 01:22:00,633 - am_extended - ERROR - Ollama API error: 404
2025-11-01 01:22:00,664 - am_extended - ERROR - Ollama API error: 404
2025-11-01 01:22:00,681 - am_extended - ERROR - Ollama API error: 404
2025-11-01 01:22:00,681 - am_extended - INFO -   Processed 80/199 pages
2025-11-01 01:22:00,711 - am_extended - ERROR - Ollama API error: 404
2025-11-01 01:22:00,742 - am_extended - ERROR - Ollama API error: 404
2025-11-01 01:22:00,758 - am_extended - ERROR - Ollama API error: 404
2025-11-01 01:22:00,773 - am_extended - ERROR - Ollama API error: 404
2025-11-01 01:22:00,804 - am_extended - ERROR - Ollama API error: 404
2025-11-01 01:22:00,834 - am_extended - ERROR - Ollama API error: 404
2025-11-01 01:22:00,850 - am_extended - ERROR - Ollama API error: 404
2025-11-01 01:22:00,865 - am_extended - ERROR - Ollama API error: 404
2025-11-01 01:22:00,881 - am_extended - ERROR - Ollama API error: 404
2025-11-01 01:22:00,881 - am_extended - INFO -   Processed 90/199 pages
2025-11-01 01:22:00,912 - am_extended - ERROR - Ollama API error: 404
2025-11-01 01:22:00,944 - am_extended - ERROR - Ollama API error: 404
2025-11-01 01:22:00,975 - am_extended - ERROR - Ollama API error: 404
2025-11-01 01:22:00,991 - am_extended - ERROR - Ollama API error: 404
2025-11-01 01:22:01,022 - am_extended - ERROR - Ollama API error: 404
2025-11-01 01:22:01,053 - am_extended - ERROR - Ollama API error: 404
2025-11-01 01:22:01,084 - am_extended - ERROR - Ollama API error: 404
2025-11-01 01:22:01,116 - am_extended - ERROR - Ollama API error: 404
2025-11-01 01:22:01,148 - am_extended - ERROR - Ollama API error: 404
2025-11-01 01:22:01,180 - am_extended - ERROR - Ollama API error: 404
2025-11-01 01:22:01,180 - am_extended - INFO -   Processed 100/199 pages
2025-11-01 01:22:01,211 - am_extended - ERROR - Ollama API error: 404
2025-11-01 01:22:01,215 - am_extended - ERROR - Ollama API error: 404
2025-11-01 01:22:01,257 - am_extended - ERROR - Ollama API error: 404
2025-11-01 01:22:01,288 - am_extended - ERROR - Ollama API error: 404
2025-11-01 01:22:01,318 - am_extended - ERROR - Ollama API error: 404
2025-11-01 01:22:01,349 - am_extended - ERROR - Ollama API error: 404
2025-11-01 01:22:01,379 - am_extended - ERROR - Ollama API error: 404
2025-11-01 01:22:01,395 - am_extended - ERROR - Ollama API error: 404
2025-11-01 01:22:01,412 - am_extended - ERROR - Ollama API error: 404
2025-11-01 01:22:01,412 - am_extended - INFO -   Processed 110/199 pages
2025-11-01 01:22:01,442 - am_extended - ERROR - Ollama API error: 404
2025-11-01 01:22:01,474 - am_extended - ERROR - Ollama API error: 404
2025-11-01 01:22:01,476 - am_extended - ERROR - Ollama API error: 404
2025-11-01 01:22:01,478 - am_extended - ERROR - Ollama API error: 404
2025-11-01 01:22:01,504 - am_extended - ERROR - Ollama API error: 404
2025-11-01 01:22:01,535 - am_extended - ERROR - Ollama API error: 404
2025-11-01 01:22:01,566 - am_extended - ERROR - Ollama API error: 404
2025-11-01 01:22:01,581 - am_extended - ERROR - Ollama API error: 404
2025-11-01 01:22:01,597 - am_extended - ERROR - Ollama API error: 404
2025-11-01 01:22:01,598 - am_extended - INFO -   Processed 120/199 pages
2025-11-01 01:22:01,613 - am_extended - ERROR - Ollama API error: 404
2025-11-01 01:22:01,615 - am_extended - ERROR - Ollama API error: 404
2025-11-01 01:22:01,644 - am_extended - ERROR - Ollama API error: 404
2025-11-01 01:22:01,675 - am_extended - ERROR - Ollama API error: 404
2025-11-01 01:22:01,707 - am_extended - ERROR - Ollama API error: 404
2025-11-01 01:22:01,722 - am_extended - ERROR - Ollama API error: 404
2025-11-01 01:22:01,737 - am_extended - ERROR - Ollama API error: 404
2025-11-01 01:22:01,768 - am_extended - ERROR - Ollama API error: 404
2025-11-01 01:22:01,784 - am_extended - ERROR - Ollama API error: 404
2025-11-01 01:22:01,821 - am_extended - ERROR - Ollama API error: 404
2025-11-01 01:22:01,821 - am_extended - INFO -   Processed 130/199 pages
2025-11-01 01:22:01,862 - am_extended - ERROR - Ollama API error: 404
2025-11-01 01:22:01,878 - am_extended - ERROR - Ollama API error: 404
2025-11-01 01:22:01,894 - am_extended - ERROR - Ollama API error: 404
2025-11-01 01:22:01,925 - am_extended - ERROR - Ollama API error: 404
2025-11-01 01:22:01,956 - am_extended - ERROR - Ollama API error: 404
2025-11-01 01:22:01,987 - am_extended - ERROR - Ollama API error: 404
2025-11-01 01:22:02,018 - am_extended - ERROR - Ollama API error: 404
2025-11-01 01:22:02,048 - am_extended - ERROR - Ollama API error: 404
2025-11-01 01:22:02,078 - am_extended - ERROR - Ollama API error: 404
2025-11-01 01:22:02,078 - am_extended - INFO -   Processed 140/199 pages
2025-11-01 01:22:02,094 - am_extended - ERROR - Ollama API error: 404
2025-11-01 01:22:02,125 - am_extended - ERROR - Ollama API error: 404
2025-11-01 01:22:02,157 - am_extended - ERROR - Ollama API error: 404
2025-11-01 01:22:02,188 - am_extended - ERROR - Ollama API error: 404
2025-11-01 01:22:02,219 - am_extended - ERROR - Ollama API error: 404
2025-11-01 01:22:02,250 - am_extended - ERROR - Ollama API error: 404
2025-11-01 01:22:02,281 - am_extended - ERROR - Ollama API error: 404
2025-11-01 01:22:02,284 - am_extended - ERROR - Ollama API error: 404
2025-11-01 01:22:02,311 - am_extended - ERROR - Ollama API error: 404
2025-11-01 01:22:02,327 - am_extended - ERROR - Ollama API error: 404
2025-11-01 01:22:02,357 - am_extended - ERROR - Ollama API error: 404
2025-11-01 01:22:02,389 - am_extended - ERROR - Ollama API error: 404
2025-11-01 01:22:02,420 - am_extended - ERROR - Ollama API error: 404
2025-11-01 01:22:02,451 - am_extended - ERROR - Ollama API error: 404
2025-11-01 01:22:02,482 - am_extended - ERROR - Ollama API error: 404
2025-11-01 01:22:02,513 - am_extended - ERROR - Ollama API error: 404
2025-11-01 01:22:02,529 - am_extended - ERROR - Ollama API error: 404
2025-11-01 01:22:02,560 - am_extended - ERROR - Ollama API error: 404
2025-11-01 01:22:02,591 - am_extended - ERROR - Ollama API error: 404
2025-11-01 01:22:02,591 - am_extended - INFO -   Processed 160/199 pages
2025-11-01 01:22:02,623 - am_extended - ERROR - Ollama API error: 404
2025-11-01 01:22:02,637 - am_extended - ERROR - Ollama API error: 404
2025-11-01 01:22:02,669 - am_extended - ERROR - Ollama API error: 404
2025-11-01 01:22:02,700 - am_extended - ERROR - Ollama API error: 404
2025-11-01 01:22:02,731 - am_extended - ERROR - Ollama API error: 404
2025-11-01 01:22:02,762 - am_extended - ERROR - Ollama API error: 404
2025-11-01 01:22:02,794 - am_extended - ERROR - Ollama API error: 404
2025-11-01 01:22:02,809 - am_extended - ERROR - Ollama API error: 404
2025-11-01 01:22:02,824 - am_extended - ERROR - Ollama API error: 404
2025-11-01 01:22:02,824 - am_extended - INFO -   Processed 170/199 pages
2025-11-01 01:22:02,840 - am_extended - ERROR - Ollama API error: 404
2025-11-01 01:22:02,855 - am_extended - ERROR - Ollama API error: 404
2025-11-01 01:22:02,886 - am_extended - ERROR - Ollama API error: 404
2025-11-01 01:22:02,918 - am_extended - ERROR - Ollama API error: 404
2025-11-01 01:22:02,949 - am_extended - ERROR - Ollama API error: 404
2025-11-01 01:22:02,980 - am_extended - ERROR - Ollama API error: 404
2025-11-01 01:22:03,010 - am_extended - ERROR - Ollama API error: 404
2025-11-01 01:22:03,041 - am_extended - ERROR - Ollama API error: 404
2025-11-01 01:22:03,072 - am_extended - ERROR - Ollama API error: 404
2025-11-01 01:22:03,072 - am_extended - INFO -   Processed 180/199 pages
2025-11-01 01:22:03,103 - am_extended - ERROR - Ollama API error: 404
2025-11-01 01:22:03,135 - am_extended - ERROR - Ollama API error: 404
2025-11-01 01:22:03,165 - am_extended - ERROR - Ollama API error: 404
2025-11-01 01:22:03,196 - am_extended - ERROR - Ollama API error: 404
2025-11-01 01:22:03,227 - am_extended - ERROR - Ollama API error: 404
2025-11-01 01:22:03,243 - am_extended - ERROR - Ollama API error: 404
2025-11-01 01:22:03,273 - am_extended - ERROR - Ollama API error: 404
2025-11-01 01:22:03,303 - am_extended - ERROR - Ollama API error: 404
2025-11-01 01:22:03,333 - am_extended - ERROR - Ollama API error: 404
2025-11-01 01:22:03,349 - am_extended - ERROR - Ollama API error: 404
2025-11-01 01:22:03,349 - am_extended - INFO -   Processed 190/199 pages
2025-11-01 01:22:03,380 - am_extended - ERROR - Ollama API error: 404
2025-11-01 01:22:03,396 - am_extended - ERROR - Ollama API error: 404
2025-11-01 01:22:03,428 - am_extended - ERROR - Ollama API error: 404
2025-11-01 01:22:03,459 - am_extended - ERROR - Ollama API error: 404
2025-11-01 01:22:03,489 - am_extended - ERROR - Ollama API error: 404
2025-11-01 01:22:03,507 - am_extended - ERROR - Ollama API error: 404
2025-11-01 01:22:03,536 - am_extended - ERROR - Ollama API error: 404
2025-11-01 01:22:03,567 - am_extended - ERROR - Ollama API error: 404
2025-11-01 01:22:03,597 - am_extended - ERROR - Ollama API error: 404
2025-11-01 01:22:03,598 - am_extended - INFO - Extracted extended fields for 183 pages
2025-11-01 01:22:03,598 - am_common - INFO - Saving dataset: C:\scripts\1repo\data\datasets\extended\escaping_the_build_trap_-_melissa_perri.dataset.jsonl (199 cards)
2025-11-01 01:22:03,603 - am_common - INFO - Saved: 199 cards to escaping_the_build_trap_-_melissa_perri.dataset.jsonl (612.89 KB)
2025-11-01 01:22:03,603 - quality_tracker - INFO - Starting: track_quality
2025-11-01 01:22:03,603 - quality_tracker - INFO - extended metrics:
2025-11-01 01:22:03,603 - quality_tracker - INFO -   total_cards: 199
2025-11-01 01:22:03,604 - quality_tracker - INFO -   duplicates_found: 0
2025-11-01 01:22:03,604 - quality_tracker - INFO -   duplicate_ratio: 0.0000
2025-11-01 01:22:03,604 - quality_tracker - INFO -   continuity_gaps: 37
2025-11-01 01:22:03,604 - quality_tracker - INFO -   continuity_gap_ratio: 0.1869
2025-11-01 01:22:03,604 - quality_tracker - INFO -   avg_overlap: 0.1330
2025-11-01 01:22:03,604 - quality_tracker - INFO -   extended_fields_extracted: 183
2025-11-01 01:22:03,604 - quality_tracker - INFO -   extraction_coverage: 0.9196
2025-11-01 01:22:03,604 - quality_tracker - INFO -   lm_extraction_count: 0
2025-11-01 01:22:03,604 - quality_tracker - INFO -   lm_extraction_ratio: 0.0000
2025-11-01 01:22:03,604 - quality_tracker - INFO--- Logging error ---
Traceback (most recent call last):
  File "C:\Users\Dimon\AppData\Local\Programs\Python\Python313\Lib\logging\__init__.py", line 1154, in emit
    stream.write(msg + self.terminator)
    ~~~~~~~~~~~~^^^^^^^^^^^^^^^^^^^^^^^
  File "C:\Users\Dimon\AppData\Local\Programs\Python\Python313\Lib\site-packages\colorama\ansitowin32.py", line 47, in write
    self.__convertor.write(text)
    ~~~~~~~~~~~~~~~~~~~~~~^^^^^^
  File "C:\Users\Dimon\AppData\Local\Programs\Python\Python313\Lib\site-packages\colorama\ansitowin32.py", line 177, in write
    self.write_and_convert(text)
    ~~~~~~~~~~~~~~~~~~~~~~^^^^^^
  File "C:\Users\Dimon\AppData\Local\Programs\Python\Python313\Lib\site-packages\colorama\ansitowin32.py", line 205, in write_and_convert
    self.write_plain_text(text, cursor, len(text))
    ~~~~~~~~~~~~~~~~~~~~~^^^^^^^^^^^^^^^^^^^^^^^^^
  File "C:\Users\Dimon\AppData\Local\Programs\Python\Python313\Lib\site-packages\colorama\ansitowin32.py", line 210, in write_plain_text
    self.wrapped.write(text[start:end])
    ~~~~~~~~~~~~~~~~~~^^^^^^^^^^^^^^^^^
  File "C:\Users\Dimon\AppData\Local\Programs\Python\Python313\Lib\encodings\cp1251.py", line 19, in encode
    return codecs.charmap_encode(input,self.errors,encoding_table)[0]
           ~~~~~~~~~~~~~~~~~~~~~^^^^^^^^^^^^^^^^^^^^^^^^^^^^^^^^^^
UnicodeEncodeError: 'charmap' codec can't encode character '\u2713' in position 3: character maps to <undefined>
Call stack:
  File "C:\scripts\1repo\run_mvp.py", line 680, in <module>
    main()
  File "C:\scripts\1repo\run_mvp.py", line 652, in main
    results = orchestrator.run_single(
  File "C:\scripts\1repo\run_mvp.py", line 226, in run_single
    stage_result = self._run_stage(stage, current_input)
  File "C:\scripts\1repo\run_mvp.py", line 419, in _run_stage
    return processor.process_dataset(input_path, output_dir)
  File "C:\scripts\1repo\am_extended.py", line 612, in process_dataset
    self.quality_tracker.track('extended', input_path.name, metrics)
  File "C:\scripts\1repo\quality_tracker.py", line 171, in track
    logger.info(f"\u2713 Quality thresholds passed for {stage}")
Message: '\u2713 Quality thresholds passed for extended'
Arguments: ()
2025-11-01 01:22:03,605 - quality_tracker - INFO - Completed: track_quality (0.00s)
2025-11-01 01:22:03,605 - am_extended - INFO - Saved: escaping_the_build_trap_-_melissa_perri.dataset.jsonl
2025-11-01 01:22:03,605 - validate - INFO - Validating extended: escaping_the_build_trap_-_melissa_perri.dataset.jsonl
2025-11-01 01:22:03,605 - am_common - INFO - Loading dataset: C:\scripts\1repo\data\datasets\extended\escaping_the_build_trap_-_melissa_perri.dataset.jsonl
2025-11-01 01:22:03,617 - am_common - INFO - Loaded: 199 cards from escaping_the_build_trap_-_melissa_perri.dataset.jsonl
2025-11-01 01:22:03,619 - validate - WARNING - [X] INVALID - escaping_the_build_trap_-_melissa_perri.dataset.jsonl (2 errors)
2025-11-01 01:22:03,619 - __main__ - WARNING - Validation issues: 2 errors, 183 warnings
2025-11-01 01:22:03,619 - __main__ - WARNING - Validation issues: 2 errors
2025-11-01 01:22:03,619 - __main__ - INFO - ============================================================
2025-11-01 01:22:03,619 - __main__ - INFO--- Logging error ---
Traceback (most recent call last):
  File "C:\Users\Dimon\AppData\Local\Programs\Python\Python313\Lib\logging\__init__.py", line 1154, in emit
    stream.write(msg + self.terminator)
    ~~~~~~~~~~~~^^^^^^^^^^^^^^^^^^^^^^^
  File "C:\Users\Dimon\AppData\Local\Programs\Python\Python313\Lib\site-packages\colorama\ansitowin32.py", line 47, in write
    self.__convertor.write(text)
    ~~~~~~~~~~~~~~~~~~~~~~^^^^^^
  File "C:\Users\Dimon\AppData\Local\Programs\Python\Python313\Lib\site-packages\colorama\ansitowin32.py", line 177, in write
    self.write_and_convert(text)
    ~~~~~~~~~~~~~~~~~~~~~~^^^^^^
  File "C:\Users\Dimon\AppData\Local\Programs\Python\Python313\Lib\site-packages\colorama\ansitowin32.py", line 205, in write_and_convert
    self.write_plain_text(text, cursor, len(text))
    ~~~~~~~~~~~~~~~~~~~~~^^^^^^^^^^^^^^^^^^^^^^^^^
  File "C:\Users\Dimon\AppData\Local\Programs\Python\Python313\Lib\site-packages\colorama\ansitowin32.py", line 210, in write_plain_text
    self.wrapped.write(text[start:end])
    ~~~~~~~~~~~~~~~~~~^^^^^^^^^^^^^^^^^
  File "C:\Users\Dimon\AppData\Local\Programs\Python\Python313\Lib\encodings\cp1251.py", line 19, in encode
    return codecs.charmap_encode(input,self.errors,encoding_table)[0]
           ~~~~~~~~~~~~~~~~~~~~~^^^^^^^^^^^^^^^^^^^^^^^^^^^^^^^^^^
UnicodeEncodeError: 'charmap' codec can't encode character '\U0001f916' in position 5: character maps to <undefined>
Call stack:
  File "C:\scripts\1repo\run_mvp.py", line 680, in <module>
    main()
  File "C:\scripts\1repo\run_mvp.py", line 652, in main
    results = orchestrator.run_single(
  File "C:\scripts\1repo\run_mvp.py", line 253, in run_single
    log_stage(logger, stage, "Completed")
  File "C:\scripts\1repo\am_logging.py", line 613, in log_stage
    log_section(logger, f"{emoji} {action}: {stage.upper()}", "INFO")
  File "C:\scripts\1repo\am_logging.py", line 588, in log_section
    log_func(f"  {title}")
Message: '  \U0001f916 Completed: EXTENDED'
Arguments: ()
2025-11-01 01:22:03,620 - __main__ - INFO - ============================================================
2025-11-01 01:22:03,620 - __main__ - INFO - ============================================================
2025-11-01 01:22:03,620 - __main__ - INFO--- Logging error ---
Traceback (most recent call last):
  File "C:\Users\Dimon\AppData\Local\Programs\Python\Python313\Lib\logging\__init__.py", line 1154, in emit
    stream.write(msg + self.terminator)
    ~~~~~~~~~~~~^^^^^^^^^^^^^^^^^^^^^^^
  File "C:\Users\Dimon\AppData\Local\Programs\Python\Python313\Lib\site-packages\colorama\ansitowin32.py", line 47, in write
    self.__convertor.write(text)
    ~~~~~~~~~~~~~~~~~~~~~~^^^^^^
  File "C:\Users\Dimon\AppData\Local\Programs\Python\Python313\Lib\site-packages\colorama\ansitowin32.py", line 177, in write
    self.write_and_convert(text)
    ~~~~~~~~~~~~~~~~~~~~~~^^^^^^
  File "C:\Users\Dimon\AppData\Local\Programs\Python\Python313\Lib\site-packages\colorama\ansitowin32.py", line 205, in write_and_convert
    self.write_plain_text(text, cursor, len(text))
    ~~~~~~~~~~~~~~~~~~~~~^^^^^^^^^^^^^^^^^^^^^^^^^
  File "C:\Users\Dimon\AppData\Local\Programs\Python\Python313\Lib\site-packages\colorama\ansitowin32.py", line 210, in write_plain_text
    self.wrapped.write(text[start:end])
    ~~~~~~~~~~~~~~~~~~^^^^^^^^^^^^^^^^^
  File "C:\Users\Dimon\AppData\Local\Programs\Python\Python313\Lib\encodings\cp1251.py", line 19, in encode
    return codecs.charmap_encode(input,self.errors,encoding_table)[0]
           ~~~~~~~~~~~~~~~~~~~~~^^^^^^^^^^^^^^^^^^^^^^^^^^^^^^^^^^
UnicodeEncodeError: 'charmap' codec can't encode character '\u2705' in position 5: character maps to <undefined>
Call stack:
  File "C:\scripts\1repo\run_mvp.py", line 680, in <module>
    main()
  File "C:\scripts\1repo\run_mvp.py", line 652, in main
    results = orchestrator.run_single(
  File "C:\scripts\1repo\run_mvp.py", line 222, in run_single
    log_stage(logger, stage, "Starting")
  File "C:\scripts\1repo\am_logging.py", line 613, in log_stage
    log_section(logger, f"{emoji} {action}: {stage.upper()}", "INFO")
  File "C:\scripts\1repo\am_logging.py", line 588, in log_section
    log_func(f"  {title}")
Message: '  \u2705 Starting: FINALIZE'
Arguments: ()
2025-11-01 01:22:03,620 - __main__ - INFO - ============================================================
2025-11-01 01:22:03,620 - am_common - INFO - Loading config: config\batch_full.yaml
2025-11-01 01:22:03,635 - am_common - INFO - Config loaded successfully
2025-11-01 01:22:03,635 - am_finalize - INFO - Processing: escaping_the_build_trap_-_melissa_perri.dataset.jsonl
2025-11-01 01:22:03,635 - am_common - INFO - Loading dataset: C:\scripts\1repo\data\datasets\extended\escaping_the_build_trap_-_melissa_perri.dataset.jsonl
2025-11-01 01:22:03,641 - am_common - INFO - Loaded: 199 cards from escaping_the_build_trap_-_melissa_perri.dataset.jsonl
2025-11-01 01:22:03,641 - am_common - INFO - Saving dataset: C:\scripts\1repo\data\datasets\final\escaping_the_build_trap_-_melissa_perri.dataset.jsonl (199 cards)
2025-11-01 01:22:03,646 - am_common - INFO - Saved: 199 cards to escaping_the_build_trap_-_melissa_perri.dataset.jsonl (594.33 KB)
2025-11-01 01:22:03,646 - quality_tracker - INFO - Starting: track_quality
2025-11-01 01:22:03,647 - quality_tracker - INFO - finalize metrics:
2025-11-01 01:22:03,647 - quality_tracker - INFO -   total_cards: 199
2025-11-01 01:22:03,647 - quality_tracker - INFO -   validation_errors: 0
2025-11-01 01:22:03,647 - quality_tracker - INFO -   validation_warnings: 58
2025-11-01 01:22:03,647 - quality_tracker - INFO -   avg_completeness: 0.3860
2025-11-01 01:22:03,647 - quality_tracker - INFO -   cards_with_structure: 0
2025-11-01 01:22:03,647 - quality_tracker - INFO -   structure_coverage: 0.0000
2025-11-01 01:22:03,647 - quality_tracker - INFO -   cards_with_summaries: 185
2025-11-01 01:22:03,647 - quality_tracker - INFO -   summary_coverage: 0.9296
2025-11-01 01:22:03,647 - quality_tracker - INFO--- Logging error ---
Traceback (most recent call last):
  File "C:\Users\Dimon\AppData\Local\Programs\Python\Python313\Lib\logging\__init__.py", line 1154, in emit
    stream.write(msg + self.terminator)
    ~~~~~~~~~~~~^^^^^^^^^^^^^^^^^^^^^^^
  File "C:\Users\Dimon\AppData\Local\Programs\Python\Python313\Lib\site-packages\colorama\ansitowin32.py", line 47, in write
    self.__convertor.write(text)
    ~~~~~~~~~~~~~~~~~~~~~~^^^^^^
  File "C:\Users\Dimon\AppData\Local\Programs\Python\Python313\Lib\site-packages\colorama\ansitowin32.py", line 177, in write
    self.write_and_convert(text)
    ~~~~~~~~~~~~~~~~~~~~~~^^^^^^
  File "C:\Users\Dimon\AppData\Local\Programs\Python\Python313\Lib\site-packages\colorama\ansitowin32.py", line 205, in write_and_convert
    self.write_plain_text(text, cursor, len(text))
    ~~~~~~~~~~~~~~~~~~~~~^^^^^^^^^^^^^^^^^^^^^^^^^
  File "C:\Users\Dimon\AppData\Local\Programs\Python\Python313\Lib\site-packages\colorama\ansitowin32.py", line 210, in write_plain_text
    self.wrapped.write(text[start:end])
    ~~~~~~~~~~~~~~~~~~^^^^^^^^^^^^^^^^^
  File "C:\Users\Dimon\AppData\Local\Programs\Python\Python313\Lib\encodings\cp1251.py", line 19, in encode
    return codecs.charmap_encode(input,self.errors,encoding_table)[0]
           ~~~~~~~~~~~~~~~~~~~~~^^^^^^^^^^^^^^^^^^^^^^^^^^^^^^^^^^
UnicodeEncodeError: 'charmap' codec can't encode character '\u2713' in position 3: character maps to <undefined>
Call stack:
  File "C:\scripts\1repo\run_mvp.py", line 680, in <module>
    main()
  File "C:\scripts\1repo\run_mvp.py", line 652, in main
    results = orchestrator.run_single(
  File "C:\scripts\1repo\run_mvp.py", line 226, in run_single
    stage_result = self._run_stage(stage, current_input)
  File "C:\scripts\1repo\run_mvp.py", line 419, in _run_stage
    return processor.process_dataset(input_path, output_dir)
  File "C:\scripts\1repo\am_finalize.py", line 278, in process_dataset
    self.quality_tracker.track('finalize', input_path.name, metrics)
  File "C:\scripts\1repo\quality_tracker.py", line 171, in track
    logger.info(f"\u2713 Quality thresholds passed for {stage}")
Message: '\u2713 Quality thresholds passed for finalize'
Arguments: ()
2025-11-01 01:22:03,648 - quality_tracker - INFO - Completed: track_quality (0.00s)
2025-11-01 01:22:03,648 - am_finalize - INFO - Saved: escaping_the_build_trap_-_melissa_perri.dataset.jsonl
2025-11-01 01:22:03,648 - __main__ - ERROR - Validation failed: Unknown stage: finalize
2025-11-01 01:22:03,649 - __main__ - WARNING - Validation issues: 1 errors
2025-11-01 01:22:03,649 - __main__ - INFO - ============================================================
2025-11-01 01:22:03,649 - __main__ - INFO--- Logging error ---
Traceback (most recent call last):
  File "C:\Users\Dimon\AppData\Local\Programs\Python\Python313\Lib\logging\__init__.py", line 1154, in emit
    stream.write(msg + self.terminator)
    ~~~~~~~~~~~~^^^^^^^^^^^^^^^^^^^^^^^
  File "C:\Users\Dimon\AppData\Local\Programs\Python\Python313\Lib\site-packages\colorama\ansitowin32.py", line 47, in write
    self.__convertor.write(text)
    ~~~~~~~~~~~~~~~~~~~~~~^^^^^^
  File "C:\Users\Dimon\AppData\Local\Programs\Python\Python313\Lib\site-packages\colorama\ansitowin32.py", line 177, in write
    self.write_and_convert(text)
    ~~~~~~~~~~~~~~~~~~~~~~^^^^^^
  File "C:\Users\Dimon\AppData\Local\Programs\Python\Python313\Lib\site-packages\colorama\ansitowin32.py", line 205, in write_and_convert
    self.write_plain_text(text, cursor, len(text))
    ~~~~~~~~~~~~~~~~~~~~~^^^^^^^^^^^^^^^^^^^^^^^^^
  File "C:\Users\Dimon\AppData\Local\Programs\Python\Python313\Lib\site-packages\colorama\ansitowin32.py", line 210, in write_plain_text
    self.wrapped.write(text[start:end])
    ~~~~~~~~~~~~~~~~~~^^^^^^^^^^^^^^^^^
  File "C:\Users\Dimon\AppData\Local\Programs\Python\Python313\Lib\encodings\cp1251.py", line 19, in encode
    return codecs.charmap_encode(input,self.errors,encoding_table)[0]
           ~~~~~~~~~~~~~~~~~~~~~^^^^^^^^^^^^^^^^^^^^^^^^^^^^^^^^^^
UnicodeEncodeError: 'charmap' codec can't encode character '\u2705' in position 5: character maps to <undefined>
Call stack:
  File "C:\scripts\1repo\run_mvp.py", line 680, in <module>
    main()
  File "C:\scripts\1repo\run_mvp.py", line 652, in main
    results = orchestrator.run_single(
  File "C:\scripts\1repo\run_mvp.py", line 253, in run_single
    log_stage(logger, stage, "Completed")
  File "C:\scripts\1repo\am_logging.py", line 613, in log_stage
    log_section(logger, f"{emoji} {action}: {stage.upper()}", "INFO")
  File "C:\scripts\1repo\am_logging.py", line 588, in log_section
    log_func(f"  {title}")
Message: '  \u2705 Completed: FINALIZE'
Arguments: ()
2025-11-01 01:22:03,649 - __main__ - INFO - ============================================================
2025-11-01 01:22:03,649 - __main__ - INFO - ============================================================
2025-11-01 01:22:03,649 - __main__ - INFO--- Logging error ---
Traceback (most recent call last):
  File "C:\Users\Dimon\AppData\Local\Programs\Python\Python313\Lib\logging\__init__.py", line 1154, in emit
    stream.write(msg + self.terminator)
    ~~~~~~~~~~~~^^^^^^^^^^^^^^^^^^^^^^^
  File "C:\Users\Dimon\AppData\Local\Programs\Python\Python313\Lib\site-packages\colorama\ansitowin32.py", line 47, in write
    self.__convertor.write(text)
    ~~~~~~~~~~~~~~~~~~~~~~^^^^^^
  File "C:\Users\Dimon\AppData\Local\Programs\Python\Python313\Lib\site-packages\colorama\ansitowin32.py", line 177, in write
    self.write_and_convert(text)
    ~~~~~~~~~~~~~~~~~~~~~~^^^^^^
  File "C:\Users\Dimon\AppData\Local\Programs\Python\Python313\Lib\site-packages\colorama\ansitowin32.py", line 205, in write_and_convert
    self.write_plain_text(text, cursor, len(text))
    ~~~~~~~~~~~~~~~~~~~~~^^^^^^^^^^^^^^^^^^^^^^^^^
  File "C:\Users\Dimon\AppData\Local\Programs\Python\Python313\Lib\site-packages\colorama\ansitowin32.py", line 210, in write_plain_text
    self.wrapped.write(text[start:end])
    ~~~~~~~~~~~~~~~~~~^^^^^^^^^^^^^^^^^
  File "C:\Users\Dimon\AppData\Local\Programs\Python\Python313\Lib\encodings\cp1251.py", line 19, in encode
    return codecs.charmap_encode(input,self.errors,encoding_table)[0]
           ~~~~~~~~~~~~~~~~~~~~~^^^^^^^^^^^^^^^^^^^^^^^^^^^^^^^^^^
UnicodeEncodeError: 'charmap' codec can't encode character '\U0001f9e9' in position 5: character maps to <undefined>
Call stack:
  File "C:\scripts\1repo\run_mvp.py", line 680, in <module>
    main()
  File "C:\scripts\1repo\run_mvp.py", line 652, in main
    results = orchestrator.run_single(
  File "C:\scripts\1repo\run_mvp.py", line 222, in run_single
    log_stage(logger, stage, "Starting")
  File "C:\scripts\1repo\am_logging.py", line 613, in log_stage
    log_section(logger, f"{emoji} {action}: {stage.upper()}", "INFO")
  File "C:\scripts\1repo\am_logging.py", line 588, in log_section
    log_func(f"  {title}")
Message: '  \U0001f9e9 Starting: CHUNK'
Arguments: ()
2025-11-01 01:22:03,650 - __main__ - INFO - ============================================================
2025-11-01 01:22:03,650 - am_common - INFO - Loading config: config\batch_full.yaml
2025-11-01 01:22:03,664 - am_common - INFO - Config loaded successfully
2025-11-01 01:22:03,743 - am_chunk - INFO - Processing: escaping_the_build_trap_-_melissa_perri.dataset.jsonl
2025-11-01 01:22:03,743 - am_common - INFO - Loading dataset: C:\scripts\1repo\data\datasets\final\escaping_the_build_trap_-_melissa_perri.dataset.jsonl
2025-11-01 01:22:03,757 - am_common - INFO - Loaded: 199 cards from escaping_the_build_trap_-_melissa_perri.dataset.jsonl
2025-11-01 01:22:03,838 - am_chunk - INFO - Created 237 chunks from 199 pages
2025-11-01 01:22:03,844 - quality_tracker - INFO - Starting: track_quality
2025-11-01 01:22:03,844 - quality_tracker - INFO - chunk metrics:
2025-11-01 01:22:03,845 - quality_tracker - INFO -   total_chunks: 237
2025-11-01 01:22:03,845 - quality_tracker - INFO -   chunks_per_page: 1.1910
2025-11-01 01:22:03,845 - quality_tracker - INFO -   avg_chunk_tokens: 346.8523
2025-11-01 01:22:03,845 - quality_tracker - INFO -   min_chunk_tokens: 101
2025-11-01 01:22:03,845 - quality_tracker - INFO -   max_chunk_tokens: 700
2025-11-01 01:22:03,845 - quality_tracker - INFO -   token_distribution: {'0-100': 0, '100-300': 94, '300-512': 136, '512+': 7}
2025-11-01 01:22:03,845 - quality_tracker - INFO -   context_completeness: 1.0000
2025-11-01 01:22:03,845 - quality_tracker - INFO--- Logging error ---
Traceback (most recent call last):
  File "C:\Users\Dimon\AppData\Local\Programs\Python\Python313\Lib\logging\__init__.py", line 1154, in emit
    stream.write(msg + self.terminator)
    ~~~~~~~~~~~~^^^^^^^^^^^^^^^^^^^^^^^
  File "C:\Users\Dimon\AppData\Local\Programs\Python\Python313\Lib\site-packages\colorama\ansitowin32.py", line 47, in write
    self.__convertor.write(text)
    ~~~~~~~~~~~~~~~~~~~~~~^^^^^^
  File "C:\Users\Dimon\AppData\Local\Programs\Python\Python313\Lib\site-packages\colorama\ansitowin32.py", line 177, in write
    self.write_and_convert(text)
    ~~~~~~~~~~~~~~~~~~~~~~^^^^^^
  File "C:\Users\Dimon\AppData\Local\Programs\Python\Python313\Lib\site-packages\colorama\ansitowin32.py", line 205, in write_and_convert
    self.write_plain_text(text, cursor, len(text))
    ~~~~~~~~~~~~~~~~~~~~~^^^^^^^^^^^^^^^^^^^^^^^^^
  File "C:\Users\Dimon\AppData\Local\Programs\Python\Python313\Lib\site-packages\colorama\ansitowin32.py", line 210, in write_plain_text
    self.wrapped.write(text[start:end])
    ~~~~~~~~~~~~~~~~~~^^^^^^^^^^^^^^^^^
  File "C:\Users\Dimon\AppData\Local\Programs\Python\Python313\Lib\encodings\cp1251.py", line 19, in encode
    return codecs.charmap_encode(input,self.errors,encoding_table)[0]
           ~~~~~~~~~~~~~~~~~~~~~^^^^^^^^^^^^^^^^^^^^^^^^^^^^^^^^^^
UnicodeEncodeError: 'charmap' codec can't encode character '\u2713' in position 3: character maps to <undefined>
Call stack:
  File "C:\scripts\1repo\run_mvp.py", line 680, in <module>
    main()
  File "C:\scripts\1repo\run_mvp.py", line 652, in main
    results = orchestrator.run_single(
  File "C:\scripts\1repo\run_mvp.py", line 226, in run_single
    stage_result = self._run_stage(stage, current_input)
  File "C:\scripts\1repo\run_mvp.py", line 419, in _run_stage
    return processor.process_dataset(input_path, output_dir)
  File "C:\scripts\1repo\am_chunk.py", line 309, in process_dataset
    self.quality_tracker.track('chunk', input_path.name, metrics)
  File "C:\scripts\1repo\quality_tracker.py", line 171, in track
    logger.info(f"\u2713 Quality thresholds passed for {stage}")
Message: '\u2713 Quality thresholds passed for chunk'
Arguments: ()
2025-11-01 01:22:03,846 - quality_tracker - INFO - Completed: track_quality (0.00s)
2025-11-01 01:22:03,846 - am_chunk - INFO - Saved: escaping_the_build_trap_-_melissa_perri.dataset.chunks.jsonl
2025-11-01 01:22:03,846 - __main__ - ERROR - Validation failed: Unknown stage: chunk
2025-11-01 01:22:03,846 - __main__ - WARNING - Validation issues: 1 errors
2025-11-01 01:22:03,846 - __main__ - INFO - ============================================================
2025-11-01 01:22:03,846 - __main__ - INFO--- Logging error ---
Traceback (most recent call last):
  File "C:\Users\Dimon\AppData\Local\Programs\Python\Python313\Lib\logging\__init__.py", line 1154, in emit
    stream.write(msg + self.terminator)
    ~~~~~~~~~~~~^^^^^^^^^^^^^^^^^^^^^^^
  File "C:\Users\Dimon\AppData\Local\Programs\Python\Python313\Lib\site-packages\colorama\ansitowin32.py", line 47, in write
    self.__convertor.write(text)
    ~~~~~~~~~~~~~~~~~~~~~~^^^^^^
  File "C:\Users\Dimon\AppData\Local\Programs\Python\Python313\Lib\site-packages\colorama\ansitowin32.py", line 177, in write
    self.write_and_convert(text)
    ~~~~~~~~~~~~~~~~~~~~~~^^^^^^
  File "C:\Users\Dimon\AppData\Local\Programs\Python\Python313\Lib\site-packages\colorama\ansitowin32.py", line 205, in write_and_convert
    self.write_plain_text(text, cursor, len(text))
    ~~~~~~~~~~~~~~~~~~~~~^^^^^^^^^^^^^^^^^^^^^^^^^
  File "C:\Users\Dimon\AppData\Local\Programs\Python\Python313\Lib\site-packages\colorama\ansitowin32.py", line 210, in write_plain_text
    self.wrapped.write(text[start:end])
    ~~~~~~~~~~~~~~~~~~^^^^^^^^^^^^^^^^^
  File "C:\Users\Dimon\AppData\Local\Programs\Python\Python313\Lib\encodings\cp1251.py", line 19, in encode
    return codecs.charmap_encode(input,self.errors,encoding_table)[0]
           ~~~~~~~~~~~~~~~~~~~~~^^^^^^^^^^^^^^^^^^^^^^^^^^^^^^^^^^
UnicodeEncodeError: 'charmap' codec can't encode character '\U0001f9e9' in position 5: character maps to <undefined>
Call stack:
  File "C:\scripts\1repo\run_mvp.py", line 680, in <module>
    main()
  File "C:\scripts\1repo\run_mvp.py", line 652, in main
    results = orchestrator.run_single(
  File "C:\scripts\1repo\run_mvp.py", line 253, in run_single
    log_stage(logger, stage, "Completed")
  File "C:\scripts\1repo\am_logging.py", line 613, in log_stage
    log_section(logger, f"{emoji} {action}: {stage.upper()}", "INFO")
  File "C:\scripts\1repo\am_logging.py", line 588, in log_section
    log_func(f"  {title}")
Message: '  \U0001f9e9 Completed: CHUNK'
Arguments: ()
2025-11-01 01:22:03,847 - __main__ - INFO - ============================================================
2025-11-01 01:22:03,847 - __main__ - INFO - ============================================================
2025-11-01 01:22:03,847 - __main__ - INFO--- Logging error ---
Traceback (most recent call last):
  File "C:\Users\Dimon\AppData\Local\Programs\Python\Python313\Lib\logging\__init__.py", line 1154, in emit
    stream.write(msg + self.terminator)
    ~~~~~~~~~~~~^^^^^^^^^^^^^^^^^^^^^^^
  File "C:\Users\Dimon\AppData\Local\Programs\Python\Python313\Lib\site-packages\colorama\ansitowin32.py", line 47, in write
    self.__convertor.write(text)
    ~~~~~~~~~~~~~~~~~~~~~~^^^^^^
  File "C:\Users\Dimon\AppData\Local\Programs\Python\Python313\Lib\site-packages\colorama\ansitowin32.py", line 177, in write
    self.write_and_convert(text)
    ~~~~~~~~~~~~~~~~~~~~~~^^^^^^
  File "C:\Users\Dimon\AppData\Local\Programs\Python\Python313\Lib\site-packages\colorama\ansitowin32.py", line 205, in write_and_convert
    self.write_plain_text(text, cursor, len(text))
    ~~~~~~~~~~~~~~~~~~~~~^^^^^^^^^^^^^^^^^^^^^^^^^
  File "C:\Users\Dimon\AppData\Local\Programs\Python\Python313\Lib\site-packages\colorama\ansitowin32.py", line 210, in write_plain_text
    self.wrapped.write(text[start:end])
    ~~~~~~~~~~~~~~~~~~^^^^^^^^^^^^^^^^^
  File "C:\Users\Dimon\AppData\Local\Programs\Python\Python313\Lib\encodings\cp1251.py", line 19, in encode
    return codecs.charmap_encode(input,self.errors,encoding_table)[0]
           ~~~~~~~~~~~~~~~~~~~~~^^^^^^^^^^^^^^^^^^^^^^^^^^^^^^^^^^
UnicodeEncodeError: 'charmap' codec can't encode character '\U0001f522' in position 5: character maps to <undefined>
Call stack:
  File "C:\scripts\1repo\run_mvp.py", line 680, in <module>
    main()
  File "C:\scripts\1repo\run_mvp.py", line 652, in main
    results = orchestrator.run_single(
  File "C:\scripts\1repo\run_mvp.py", line 222, in run_single
    log_stage(logger, stage, "Starting")
  File "C:\scripts\1repo\am_logging.py", line 613, in log_stage
    log_section(logger, f"{emoji} {action}: {stage.upper()}", "INFO")
  File "C:\scripts\1repo\am_logging.py", line 588, in log_section
    log_func(f"  {title}")
Message: '  \U0001f522 Starting: EMBED'
Arguments: ()
2025-11-01 01:22:03,848 - __main__ - INFO - ============================================================
2025-11-01 01:22:03,848 - am_common - INFO - Loading config: config\batch_full.yaml
2025-11-01 01:22:03,862 - am_common - INFO - Config loaded successfully
2025-11-01 01:22:03,862 - am_embed - INFO - [sentence-transformers] Loading model: all-MiniLM-L6-v2
2025-11-01 01:22:03,863 - sentence_transformers.SentenceTransformer - INFO - Use pytorch device_name: cpu
2025-11-01 01:22:03,863 - sentence_transformers.SentenceTransformer - INFO - Load pretrained SentenceTransformer: all-MiniLM-L6-v2
2025-11-01 01:22:07,668 - am_embed - INFO - [sentence-transformers] Embedding dimension: 384
2025-11-01 01:22:07,669 - am_embed - INFO - Processing: escaping_the_build_trap_-_melissa_perri.dataset.chunks.jsonl
2025-11-01 01:22:07,681 - am_embed - INFO - Loaded 237 chunks
2025-11-01 01:22:07,681 - am_embed - INFO - Encoding 237 chunks in 8 batches
2025-11-01 01:22:09,881 - am_embed - INFO - Encoded 237 embeddings, 0 failures
2025-11-01 01:22:09,881 - am_embed - INFO - Building FAISS index: flat, metric=cosine
2025-11-01 01:22:09,881 - am_embed - INFO - Vectors: 237, Dimension: 384
2025-11-01 01:22:09,881 - am_embed - INFO - FAISS index built: 237 vectors
2025-11-01 01:22:09,882 - am_embed - INFO - Saved FAISS index: escaping_the_build_trap_-_melissa_perri.dataset.faiss (355.54 KB)
2025-11-01 01:22:09,884 - am_embed - INFO - Saved metadata: escaping_the_build_trap_-_melissa_perri.dataset.pkl (434.27 KB)
2025-11-01 01:22:09,885 - quality_tracker - INFO - Starting: track_quality
2025-11-01 01:22:09,892 - quality_tracker - INFO - embed metrics:
2025-11-01 01:22:09,892 - quality_tracker - INFO -   total_vectors: 237
2025-11-01 01:22:09,893 - quality_tracker - INFO -   embedding_dim: 384
2025-11-01 01:22:09,893 - quality_tracker - INFO -   embedding_failures: 0
2025-11-01 01:22:09,893 - quality_tracker - INFO -   failure_rate: 0.0000
2025-11-01 01:22:09,893 - quality_tracker - INFO -   avg_norm: 1.0000
2025-11-01 01:22:09,893 - quality_tracker - INFO -   min_norm: 1.0000
2025-11-01 01:22:09,893 - quality_tracker - INFO -   max_norm: 1.0000
2025-11-01 01:22:09,893 - quality_tracker - INFO--- Logging error ---
Traceback (most recent call last):
  File "C:\Users\Dimon\AppData\Local\Programs\Python\Python313\Lib\logging\__init__.py", line 1154, in emit
    stream.write(msg + self.terminator)
    ~~~~~~~~~~~~^^^^^^^^^^^^^^^^^^^^^^^
  File "C:\Users\Dimon\AppData\Local\Programs\Python\Python313\Lib\site-packages\colorama\ansitowin32.py", line 47, in write
    self.__convertor.write(text)
    ~~~~~~~~~~~~~~~~~~~~~~^^^^^^
  File "C:\Users\Dimon\AppData\Local\Programs\Python\Python313\Lib\site-packages\colorama\ansitowin32.py", line 177, in write
    self.write_and_convert(text)
    ~~~~~~~~~~~~~~~~~~~~~~^^^^^^
  File "C:\Users\Dimon\AppData\Local\Programs\Python\Python313\Lib\site-packages\colorama\ansitowin32.py", line 205, in write_and_convert
    self.write_plain_text(text, cursor, len(text))
    ~~~~~~~~~~~~~~~~~~~~~^^^^^^^^^^^^^^^^^^^^^^^^^
  File "C:\Users\Dimon\AppData\Local\Programs\Python\Python313\Lib\site-packages\colorama\ansitowin32.py", line 210, in write_plain_text
    self.wrapped.write(text[start:end])
    ~~~~~~~~~~~~~~~~~~^^^^^^^^^^^^^^^^^
  File "C:\Users\Dimon\AppData\Local\Programs\Python\Python313\Lib\encodings\cp1251.py", line 19, in encode
    return codecs.charmap_encode(input,self.errors,encoding_table)[0]
           ~~~~~~~~~~~~~~~~~~~~~^^^^^^^^^^^^^^^^^^^^^^^^^^^^^^^^^^
UnicodeEncodeError: 'charmap' codec can't encode character '\u2713' in position 3: character maps to <undefined>
Call stack:
  File "C:\scripts\1repo\run_mvp.py", line 680, in <module>
    main()
  File "C:\scripts\1repo\run_mvp.py", line 652, in main
    results = orchestrator.run_single(
  File "C:\scripts\1repo\run_mvp.py", line 226, in run_single
    stage_result = self._run_stage(stage, current_input)
  File "C:\scripts\1repo\run_mvp.py", line 428, in _run_stage
    return processor.process_chunks(input_path, output_dir=None)
  File "C:\scripts\1repo\am_embed.py", line 426, in process_chunks
    self.quality_tracker.track('embed', chunks_path.name, metrics)
  File "C:\scripts\1repo\quality_tracker.py", line 171, in track
    logger.info(f"\u2713 Quality thresholds passed for {stage}")
Message: '\u2713 Quality thresholds passed for embed'
Arguments: ()
2025-11-01 01:22:09,894 - quality_tracker - INFO - Completed: track_quality (0.01s)
2025-11-01 01:22:09,894 - am_embed - INFO - Saved: escaping_the_build_trap_-_melissa_perri.dataset.faiss, escaping_the_build_trap_-_melissa_perri.dataset.pkl
2025-11-01 01:22:09,894 - __main__ - INFO - ============================================================
2025-11-01 01:22:09,894 - __main__ - INFO--- Logging error ---
Traceback (most recent call last):
  File "C:\Users\Dimon\AppData\Local\Programs\Python\Python313\Lib\logging\__init__.py", line 1154, in emit
    stream.write(msg + self.terminator)
    ~~~~~~~~~~~~^^^^^^^^^^^^^^^^^^^^^^^
  File "C:\Users\Dimon\AppData\Local\Programs\Python\Python313\Lib\site-packages\colorama\ansitowin32.py", line 47, in write
    self.__convertor.write(text)
    ~~~~~~~~~~~~~~~~~~~~~~^^^^^^
  File "C:\Users\Dimon\AppData\Local\Programs\Python\Python313\Lib\site-packages\colorama\ansitowin32.py", line 177, in write
    self.write_and_convert(text)
    ~~~~~~~~~~~~~~~~~~~~~~^^^^^^
  File "C:\Users\Dimon\AppData\Local\Programs\Python\Python313\Lib\site-packages\colorama\ansitowin32.py", line 205, in write_and_convert
    self.write_plain_text(text, cursor, len(text))
    ~~~~~~~~~~~~~~~~~~~~~^^^^^^^^^^^^^^^^^^^^^^^^^
  File "C:\Users\Dimon\AppData\Local\Programs\Python\Python313\Lib\site-packages\colorama\ansitowin32.py", line 210, in write_plain_text
    self.wrapped.write(text[start:end])
    ~~~~~~~~~~~~~~~~~~^^^^^^^^^^^^^^^^^
  File "C:\Users\Dimon\AppData\Local\Programs\Python\Python313\Lib\encodings\cp1251.py", line 19, in encode
    return codecs.charmap_encode(input,self.errors,encoding_table)[0]
           ~~~~~~~~~~~~~~~~~~~~~^^^^^^^^^^^^^^^^^^^^^^^^^^^^^^^^^^
UnicodeEncodeError: 'charmap' codec can't encode character '\U0001f522' in position 5: character maps to <undefined>
Call stack:
  File "C:\scripts\1repo\run_mvp.py", line 680, in <module>
    main()
  File "C:\scripts\1repo\run_mvp.py", line 652, in main
    results = orchestrator.run_single(
  File "C:\scripts\1repo\run_mvp.py", line 253, in run_single
    log_stage(logger, stage, "Completed")
  File "C:\scripts\1repo\am_logging.py", line 613, in log_stage
    log_section(logger, f"{emoji} {action}: {stage.upper()}", "INFO")
  File "C:\scripts\1repo\am_logging.py", line 588, in log_section
    log_func(f"  {title}")
Message: '  \U0001f522 Completed: EMBED'
Arguments: ()
2025-11-01 01:22:09,895 - __main__ - INFO - ============================================================
2025-11-01 01:22:09,895 - __main__ - INFO - Pipeline status: completed
2025-11-01 01:22:09,895 - __main__ - INFO - Completed: run_single_pipeline (53.64s)
2025-11-01 01:22:09,895 - __main__ - INFO - ============================================================
2025-11-01 01:22:09,895 - __main__ - INFO--- Logging error ---
Traceback (most recent call last):
  File "C:\Users\Dimon\AppData\Local\Programs\Python\Python313\Lib\logging\__init__.py", line 1154, in emit
    stream.write(msg + self.terminator)
    ~~~~~~~~~~~~^^^^^^^^^^^^^^^^^^^^^^^
  File "C:\Users\Dimon\AppData\Local\Programs\Python\Python313\Lib\site-packages\colorama\ansitowin32.py", line 47, in write
    self.__convertor.write(text)
    ~~~~~~~~~~~~~~~~~~~~~~^^^^^^
  File "C:\Users\Dimon\AppData\Local\Programs\Python\Python313\Lib\site-packages\colorama\ansitowin32.py", line 177, in write
    self.write_and_convert(text)
    ~~~~~~~~~~~~~~~~~~~~~~^^^^^^
  File "C:\Users\Dimon\AppData\Local\Programs\Python\Python313\Lib\site-packages\colorama\ansitowin32.py", line 205, in write_and_convert
    self.write_plain_text(text, cursor, len(text))
    ~~~~~~~~~~~~~~~~~~~~~^^^^^^^^^^^^^^^^^^^^^^^^^
  File "C:\Users\Dimon\AppData\Local\Programs\Python\Python313\Lib\site-packages\colorama\ansitowin32.py", line 210, in write_plain_text
    self.wrapped.write(text[start:end])
    ~~~~~~~~~~~~~~~~~~^^^^^^^^^^^^^^^^^
  File "C:\Users\Dimon\AppData\Local\Programs\Python\Python313\Lib\encodings\cp1251.py", line 19, in encode
    return codecs.charmap_encode(input,self.errors,encoding_table)[0]
           ~~~~~~~~~~~~~~~~~~~~~^^^^^^^^^^^^^^^^^^^^^^^^^^^^^^^^^^
UnicodeEncodeError: 'charmap' codec can't encode character '\U0001f4ca' in position 5: character maps to <undefined>
Call stack:
  File "C:\scripts\1repo\run_mvp.py", line 680, in <module>
    main()
  File "C:\scripts\1repo\run_mvp.py", line 660, in main
    orchestrator.generate_reports()
  File "C:\scripts\1repo\run_mvp.py", line 502, in generate_reports
    log_section(logger, "\U0001f4ca FINAL REPORTS", "INFO")
  File "C:\scripts\1repo\am_logging.py", line 588, in log_section
    log_func(f"  {title}")
Message: '  \U0001f4ca FINAL REPORTS'
Arguments: ()
2025-11-01 01:22:09,895 - __main__ - INFO - ============================================================
2025-11-01 01:22:09,896 - __main__ - INFO - ============================================================
2025-11-01 01:22:09,896 - __main__ - INFO -   Performance Summary
2025-11-01 01:22:09,896 - __main__ - INFO - ============================================================
2025-11-01 01:22:09,896 - __main__ - INFO - 
run_single_pipeline:
2025-11-01 01:22:09,896 - __main__ - INFO -   Count: 1
2025-11-01 01:22:09,896 - __main__ - INFO -   Total: 53.64s
2025-11-01 01:22:09,896 - __main__ - INFO -   Avg: 53.64s
2025-11-01 01:22:09,896 - __main__ - INFO -   Min: 53.64s
2025-11-01 01:22:09,896 - __main__ - INFO -   Max: 53.64s
2025-11-01 01:22:09,896 - __main__ - INFO - 
track_quality:
2025-11-01 01:22:09,896 - __main__ - INFO -   Count: 7
2025-11-01 01:22:09,896 - __main__ - INFO -   Total: 0.02s
2025-11-01 01:22:09,896 - __main__ - INFO -   Avg: 0.00s
2025-11-01 01:22:09,896 - __main__ - INFO -   Min: 0.00s
2025-11-01 01:22:09,896 - __main__ - INFO -   Max: 0.01s
2025-11-01 01:22:09,896 - __main__ - INFO - No errors or warnings recorded
2025-11-01 01:22:09,896 - __main__ - INFO - 
2025-11-01 01:22:09,896 - quality_tracker - INFO - Starting: generate_quality_report
2025-11-01 01:22:09,897 - quality_tracker - INFO - Quality report saved: C:\scripts\1repo\data\quality\quality_report_20251101_012209.json
2025-11-01 01:22:09,898 - quality_tracker - INFO - Completed: generate_quality_report (0.00s)
2025-11-01 01:22:09,898 - quality_tracker - INFO - ============================================================
2025-11-01 01:22:09,898 - quality_tracker - INFO -   QUALITY REPORT
2025-11-01 01:22:09,898 - quality_tracker - INFO - ============================================================
2025-11-01 01:22:09,898 - quality_tracker - INFO - Generated: 2025-10-31T22:22:09Z
2025-11-01 01:22:09,898 - quality_tracker - INFO - Version: 2.0.0

2025-11-01 01:22:09,899 - quality_tracker - INFO - ------------------------------------------------------------
2025-11-01 01:22:09,899 - quality_tracker - INFO -   Stage: STRUCTURAL
2025-11-01 01:22:09,899 - quality_tracker - INFO - ------------------------------------------------------------
2025-11-01 01:22:09,899 - quality_tracker - INFO - Summary:
2025-11-01 01:22:09,899 - quality_tracker - INFO -   total_runs: 1
2025-11-01 01:22:09,899 - quality_tracker - INFO -   passed_threshold: 1
2025-11-01 01:22:09,899 - quality_tracker - INFO -   failed_threshold: 0
2025-11-01 01:22:09,899 - quality_tracker - INFO -   pass_rate: 100.0%
2025-11-01 01:22:09,899 - quality_tracker - INFO - 
Recent trend (last 1 runs):
2025-11-01 01:22:09,899 - quality_tracker - INFO -   Pass rate: 100.0%
2025-11-01 01:22:09,899 - quality_tracker - INFO - 
2025-11-01 01:22:09,899 - quality_tracker - INFO - ------------------------------------------------------------
2025-11-01 01:22:09,899 - quality_tracker - INFO -   Stage: STRUCTURE_DETECT
2025-11-01 01:22:09,899 - quality_tracker - INFO - ------------------------------------------------------------
2025-11-01 01:22:09,899 - quality_tracker - INFO - Summary:
2025-11-01 01:22:09,899 - quality_tracker - INFO -   total_runs: 1
2025-11-01 01:22:09,899 - quality_tracker - INFO -   passed_threshold: 1
2025-11-01 01:22:09,899 - quality_tracker - INFO -   failed_threshold: 0
2025-11-01 01:22:09,899 - quality_tracker - INFO -   pass_rate: 100.0%
2025-11-01 01:22:09,899 - quality_tracker - INFO - 
Recent trend (last 1 runs):
2025-11-01 01:22:09,899 - quality_tracker - INFO -   Pass rate: 100.0%
2025-11-01 01:22:09,899 - quality_tracker - INFO - 
2025-11-01 01:22:09,899 - quality_tracker - INFO - ------------------------------------------------------------
2025-11-01 01:22:09,899 - quality_tracker - INFO -   Stage: SUMMARIZE
2025-11-01 01:22:09,900 - quality_tracker - INFO - ------------------------------------------------------------
2025-11-01 01:22:09,900 - quality_tracker - INFO - Summary:
2025-11-01 01:22:09,900 - quality_tracker - INFO -   total_runs: 1
2025-11-01 01:22:09,900 - quality_tracker - INFO -   passed_threshold: 1
2025-11-01 01:22:09,900 - quality_tracker - INFO -   failed_threshold: 0
2025-11-01 01:22:09,900 - quality_tracker - INFO -   pass_rate: 100.0%
2025-11-01 01:22:09,900 - quality_tracker - INFO - 
Recent trend (last 1 runs):
2025-11-01 01:22:09,900 - quality_tracker - INFO -   Pass rate: 100.0%
2025-11-01 01:22:09,900 - quality_tracker - INFO - 
2025-11-01 01:22:09,900 - quality_tracker - INFO - ------------------------------------------------------------
2025-11-01 01:22:09,900 - quality_tracker - INFO -   Stage: EXTENDED
2025-11-01 01:22:09,900 - quality_tracker - INFO - ------------------------------------------------------------
2025-11-01 01:22:09,900 - quality_tracker - INFO - Summary:
2025-11-01 01:22:09,900 - quality_tracker - INFO -   total_runs: 1
2025-11-01 01:22:09,900 - quality_tracker - INFO -   passed_threshold: 1
2025-11-01 01:22:09,900 - quality_tracker - INFO -   failed_threshold: 0
2025-11-01 01:22:09,900 - quality_tracker - INFO -   pass_rate: 100.0%
2025-11-01 01:22:09,900 - quality_tracker - INFO - 
Recent trend (last 1 runs):
2025-11-01 01:22:09,900 - quality_tracker - INFO -   Pass rate: 100.0%
2025-11-01 01:22:09,900 - quality_tracker - INFO - 
2025-11-01 01:22:09,900 - quality_tracker - INFO - ------------------------------------------------------------
2025-11-01 01:22:09,900 - quality_tracker - INFO -   Stage: FINALIZE
2025-11-01 01:22:09,900 - quality_tracker - INFO - ------------------------------------------------------------
2025-11-01 01:22:09,900 - quality_tracker - INFO - Summary:
2025-11-01 01:22:09,901 - quality_tracker - INFO -   total_runs: 1
2025-11-01 01:22:09,901 - quality_tracker - INFO -   passed_threshold: 1
2025-11-01 01:22:09,901 - quality_tracker - INFO -   failed_threshold: 0
2025-11-01 01:22:09,901 - quality_tracker - INFO -   pass_rate: 100.0%
2025-11-01 01:22:09,901 - quality_tracker - INFO - 
Recent trend (last 1 runs):
2025-11-01 01:22:09,901 - quality_tracker - INFO -   Pass rate: 100.0%
2025-11-01 01:22:09,901 - quality_tracker - INFO - 
2025-11-01 01:22:09,901 - quality_tracker - INFO - ------------------------------------------------------------
2025-11-01 01:22:09,901 - quality_tracker - INFO -   Stage: CHUNK
2025-11-01 01:22:09,901 - quality_tracker - INFO - ------------------------------------------------------------
2025-11-01 01:22:09,901 - quality_tracker - INFO - Summary:
2025-11-01 01:22:09,901 - quality_tracker - INFO -   total_runs: 1
2025-11-01 01:22:09,901 - quality_tracker - INFO -   passed_threshold: 1
2025-11-01 01:22:09,901 - quality_tracker - INFO -   failed_threshold: 0
2025-11-01 01:22:09,901 - quality_tracker - INFO -   pass_rate: 100.0%
2025-11-01 01:22:09,901 - quality_tracker - INFO - 
Recent trend (last 1 runs):
2025-11-01 01:22:09,901 - quality_tracker - INFO -   Pass rate: 100.0%
2025-11-01 01:22:09,901 - quality_tracker - INFO - 
2025-11-01 01:22:09,901 - quality_tracker - INFO - ------------------------------------------------------------
2025-11-01 01:22:09,901 - quality_tracker - INFO -   Stage: EMBED
2025-11-01 01:22:09,901 - quality_tracker - INFO - ------------------------------------------------------------
2025-11-01 01:22:09,901 - quality_tracker - INFO - Summary:
2025-11-01 01:22:09,901 - quality_tracker - INFO -   total_runs: 1
2025-11-01 01:22:09,901 - quality_tracker - INFO -   passed_threshold: 1
2025-11-01 01:22:09,901 - quality_tracker - INFO -   failed_threshold: 0
2025-11-01 01:22:09,902 - quality_tracker - INFO -   pass_rate: 100.0%
2025-11-01 01:22:09,902 - quality_tracker - INFO - 
Recent trend (last 1 runs):
2025-11-01 01:22:09,902 - quality_tracker - INFO -   Pass rate: 100.0%
2025-11-01 01:22:09,902 - quality_tracker - INFO - 
2025-11-01 01:22:09,902 - quality_tracker - INFO - ------------------------------------------------------------
2025-11-01 01:22:09,902 - quality_tracker - INFO -   PERFORMANCE SUMMARY
2025-11-01 01:22:09,902 - quality_tracker - INFO - ------------------------------------------------------------
2025-11-01 01:22:09,902 - quality_tracker - INFO - track_quality:
2025-11-01 01:22:09,902 - quality_tracker - INFO -   Count: 7, Avg: 0.00s
2025-11-01 01:22:09,902 - quality_tracker - INFO - run_single_pipeline:
2025-11-01 01:22:09,902 - quality_tracker - INFO -   Count: 1, Avg: 53.64s
2025-11-01 01:22:09,902 - __main__ - INFO - 
2025-11-01 01:22:09,902 - validate - INFO - ============================================================
2025-11-01 01:22:09,902 - validate - INFO -   Validation Summary
2025-11-01 01:22:09,902 - validate - INFO - ============================================================
2025-11-01 01:22:09,902 - validate - INFO - Overall Results:
2025-11-01 01:22:09,902 - validate - INFO -   total_datasets: 2
2025-11-01 01:22:09,902 - validate - INFO -   valid_datasets: 1
2025-11-01 01:22:09,902 - validate - INFO -   invalid_datasets: 1
2025-11-01 01:22:09,902 - validate - INFO -   total_errors: 2
2025-11-01 01:22:09,902 - validate - INFO -   total_warnings: 197
2025-11-01 01:22:09,902 - validate - INFO -   success_rate: 0.5000
2025-11-01 01:22:09,902 - validate - INFO -   timestamp: 2025-10-31T22:22:09.902538
2025-11-01 01:22:09,903 - validate - INFO - 
Per-dataset results:
2025-11-01 01:22:09,903 - validate - INFO--- Logging error ---
Traceback (most recent call last):
  File "C:\Users\Dimon\AppData\Local\Programs\Python\Python313\Lib\logging\__init__.py", line 1154, in emit
    stream.write(msg + self.terminator)
    ~~~~~~~~~~~~^^^^^^^^^^^^^^^^^^^^^^^
  File "C:\Users\Dimon\AppData\Local\Programs\Python\Python313\Lib\site-packages\colorama\ansitowin32.py", line 47, in write
    self.__convertor.write(text)
    ~~~~~~~~~~~~~~~~~~~~~~^^^^^^
  File "C:\Users\Dimon\AppData\Local\Programs\Python\Python313\Lib\site-packages\colorama\ansitowin32.py", line 177, in write
    self.write_and_convert(text)
    ~~~~~~~~~~~~~~~~~~~~~~^^^^^^
  File "C:\Users\Dimon\AppData\Local\Programs\Python\Python313\Lib\site-packages\colorama\ansitowin32.py", line 205, in write_and_convert
    self.write_plain_text(text, cursor, len(text))
    ~~~~~~~~~~~~~~~~~~~~~^^^^^^^^^^^^^^^^^^^^^^^^^
  File "C:\Users\Dimon\AppData\Local\Programs\Python\Python313\Lib\site-packages\colorama\ansitowin32.py", line 210, in write_plain_text
    self.wrapped.write(text[start:end])
    ~~~~~~~~~~~~~~~~~~^^^^^^^^^^^^^^^^^
  File "C:\Users\Dimon\AppData\Local\Programs\Python\Python313\Lib\encodings\cp1251.py", line 19, in encode
    return codecs.charmap_encode(input,self.errors,encoding_table)[0]
           ~~~~~~~~~~~~~~~~~~~~~^^^^^^^^^^^^^^^^^^^^^^^^^^^^^^^^^^
UnicodeEncodeError: 'charmap' codec can't encode character '\u2705' in position 5: character maps to <undefined>
Call stack:
  File "C:\scripts\1repo\run_mvp.py", line 680, in <module>
    main()
  File "C:\scripts\1repo\run_mvp.py", line 660, in main
    orchestrator.generate_reports()
  File "C:\scripts\1repo\run_mvp.py", line 522, in generate_reports
    self.validator.print_summary()
  File "C:\scripts\1repo\validate.py", line 784, in print_summary
    self.report.print_summary()
  File "C:\scripts\1repo\validate.py", line 644, in print_summary
    logger.info(f"  {status} - {dataset} (errors: {errors}, warnings: {warnings})")
Message: '  \u2705 VALID - escaping_the_build_trap_-_melissa_perri.dataset.jsonl (errors: 0, warnings: 14)'
Arguments: ()
2025-11-01 01:22:09,904 - validate - INFO--- Logging error ---
Traceback (most recent call last):
  File "C:\Users\Dimon\AppData\Local\Programs\Python\Python313\Lib\logging\__init__.py", line 1154, in emit
    stream.write(msg + self.terminator)
    ~~~~~~~~~~~~^^^^^^^^^^^^^^^^^^^^^^^
  File "C:\Users\Dimon\AppData\Local\Programs\Python\Python313\Lib\site-packages\colorama\ansitowin32.py", line 47, in write
    self.__convertor.write(text)
    ~~~~~~~~~~~~~~~~~~~~~~^^^^^^
  File "C:\Users\Dimon\AppData\Local\Programs\Python\Python313\Lib\site-packages\colorama\ansitowin32.py", line 177, in write
    self.write_and_convert(text)
    ~~~~~~~~~~~~~~~~~~~~~~^^^^^^
  File "C:\Users\Dimon\AppData\Local\Programs\Python\Python313\Lib\site-packages\colorama\ansitowin32.py", line 205, in write_and_convert
    self.write_plain_text(text, cursor, len(text))
    ~~~~~~~~~~~~~~~~~~~~~^^^^^^^^^^^^^^^^^^^^^^^^^
  File "C:\Users\Dimon\AppData\Local\Programs\Python\Python313\Lib\site-packages\colorama\ansitowin32.py", line 210, in write_plain_text
    self.wrapped.write(text[start:end])
    ~~~~~~~~~~~~~~~~~~^^^^^^^^^^^^^^^^^
  File "C:\Users\Dimon\AppData\Local\Programs\Python\Python313\Lib\encodings\cp1251.py", line 19, in encode
    return codecs.charmap_encode(input,self.errors,encoding_table)[0]
           ~~~~~~~~~~~~~~~~~~~~~^^^^^^^^^^^^^^^^^^^^^^^^^^^^^^^^^^
UnicodeEncodeError: 'charmap' codec can't encode character '\u274c' in position 5: character maps to <undefined>
Call stack:
  File "C:\scripts\1repo\run_mvp.py", line 680, in <module>
    main()
  File "C:\scripts\1repo\run_mvp.py", line 660, in main
    orchestrator.generate_reports()
  File "C:\scripts\1repo\run_mvp.py", line 522, in generate_reports
    self.validator.print_summary()
  File "C:\scripts\1repo\validate.py", line 784, in print_summary
    self.report.print_summary()
  File "C:\scripts\1repo\validate.py", line 644, in print_summary
    logger.info(f"  {status} - {dataset} (errors: {errors}, warnings: {warnings})")
Message: '  \u274c INVALID - escaping_the_build_trap_-_melissa_perri.dataset.jsonl (errors: 2, warnings: 183)'
Arguments: ()
2025-11-01 01:22:09,904 - __main__ - INFO - ============================================================
2025-11-01 01:22:09,904 - __main__ - INFO--- Logging error ---
Traceback (most recent call last):
  File "C:\Users\Dimon\AppData\Local\Programs\Python\Python313\Lib\logging\__init__.py", line 1154, in emit
    stream.write(msg + self.terminator)
    ~~~~~~~~~~~~^^^^^^^^^^^^^^^^^^^^^^^
  File "C:\Users\Dimon\AppData\Local\Programs\Python\Python313\Lib\site-packages\colorama\ansitowin32.py", line 47, in write
    self.__convertor.write(text)
    ~~~~~~~~~~~~~~~~~~~~~~^^^^^^
  File "C:\Users\Dimon\AppData\Local\Programs\Python\Python313\Lib\site-packages\colorama\ansitowin32.py", line 177, in write
    self.write_and_convert(text)
    ~~~~~~~~~~~~~~~~~~~~~~^^^^^^
  File "C:\Users\Dimon\AppData\Local\Programs\Python\Python313\Lib\site-packages\colorama\ansitowin32.py", line 205, in write_and_convert
    self.write_plain_text(text, cursor, len(text))
    ~~~~~~~~~~~~~~~~~~~~~^^^^^^^^^^^^^^^^^^^^^^^^^
  File "C:\Users\Dimon\AppData\Local\Programs\Python\Python313\Lib\site-packages\colorama\ansitowin32.py", line 210, in write_plain_text
    self.wrapped.write(text[start:end])
    ~~~~~~~~~~~~~~~~~~^^^^^^^^^^^^^^^^^
  File "C:\Users\Dimon\AppData\Local\Programs\Python\Python313\Lib\encodings\cp1251.py", line 19, in encode
    return codecs.charmap_encode(input,self.errors,encoding_table)[0]
           ~~~~~~~~~~~~~~~~~~~~~^^^^^^^^^^^^^^^^^^^^^^^^^^^^^^^^^^
UnicodeEncodeError: 'charmap' codec can't encode character '\u2705' in position 5: character maps to <undefined>
Call stack:
  File "C:\scripts\1repo\run_mvp.py", line 680, in <module>
    main()
  File "C:\scripts\1repo\run_mvp.py", line 667, in main
    log_section(logger, "\u2705 PIPELINE COMPLETED SUCCESSFULLY", "INFO")
  File "C:\scripts\1repo\am_logging.py", line 588, in log_section
    log_func(f"  {title}")
Message: '  \u2705 PIPELINE COMPLETED SUCCESSFULLY'
Arguments: ()
2025-11-01 01:22:09,905 - __main__ - INFO - ============================================================
