[WARN] OCR not available
2025-11-01 01:25:47,969 - faiss.loader - INFO - Loading faiss with AVX512 support.
2025-11-01 01:25:47,969 - faiss.loader - INFO - Could not load library with AVX512 support due to:
ModuleNotFoundError("No module named 'faiss.swigfaiss_avx512'")
2025-11-01 01:25:47,969 - faiss.loader - INFO - Loading faiss with AVX2 support.
2025-11-01 01:25:47,979 - faiss.loader - INFO - Successfully loaded faiss with AVX2 support.
2025-11-01 01:25:47,985 - am_common - INFO - Loading config: config\batch_full.yaml
2025-11-01 01:25:47,999 - am_common - INFO - Config loaded successfully
2025-11-01 01:25:48,006 - quality_tracker - INFO - Quality tracker initialized: C:\scripts\1repo\data\quality
2025-11-01 01:25:48,007 - __main__ - INFO - ============================================================
2025-11-01 01:25:48,007 - __main__ - INFO--- Logging error ---
Traceback (most recent call last):
  File "C:\Users\Dimon\AppData\Local\Programs\Python\Python313\Lib\logging\__init__.py", line 1154, in emit
    stream.write(msg + self.terminator)
    ~~~~~~~~~~~~^^^^^^^^^^^^^^^^^^^^^^^
  File "C:\Users\Dimon\AppData\Local\Programs\Python\Python313\Lib\site-packages\colorama\ansitowin32.py", line 47, in write
    self.__convertor.write(text)
    ~~~~~~~~~~~~~~~~~~~~~~^^^^^^
  File "C:\Users\Dimon\AppData\Local\Programs\Python\Python313\Lib\site-packages\colorama\ansitowin32.py", line 177, in write
    self.write_and_convert(text)
    ~~~~~~~~~~~~~~~~~~~~~~^^^^^^
  File "C:\Users\Dimon\AppData\Local\Programs\Python\Python313\Lib\site-packages\colorama\ansitowin32.py", line 205, in write_and_convert
    self.write_plain_text(text, cursor, len(text))
    ~~~~~~~~~~~~~~~~~~~~~^^^^^^^^^^^^^^^^^^^^^^^^^
  File "C:\Users\Dimon\AppData\Local\Programs\Python\Python313\Lib\site-packages\colorama\ansitowin32.py", line 210, in write_plain_text
    self.wrapped.write(text[start:end])
    ~~~~~~~~~~~~~~~~~~^^^^^^^^^^^^^^^^^
  File "C:\Users\Dimon\AppData\Local\Programs\Python\Python313\Lib\encodings\cp1251.py", line 19, in encode
    return codecs.charmap_encode(input,self.errors,encoding_table)[0]
           ~~~~~~~~~~~~~~~~~~~~~^^^^^^^^^^^^^^^^^^^^^^^^^^^^^^^^^^
UnicodeEncodeError: 'charmap' codec can't encode character '\U0001f680' in position 5: character maps to <undefined>
Call stack:
  File "C:\scripts\1repo\run_mvp.py", line 680, in <module>
    main()
  File "C:\scripts\1repo\run_mvp.py", line 605, in main
    orchestrator = PipelineOrchestrator(
  File "C:\scripts\1repo\run_mvp.py", line 136, in __init__
    log_section(logger, f"\U0001f680 {PRODUCT_NAME} {VERSION}", "INFO")
  File "C:\scripts\1repo\am_logging.py", line 588, in log_section
    log_func(f"  {title}")
Message: '  \U0001f680 archivist magika 2.0.0'
Arguments: ()
2025-11-01 01:25:48,008 - __main__ - INFO - ============================================================
2025-11-01 01:25:48,008 - __main__ - INFO - Quality check: enabled
2025-11-01 01:25:48,008 - __main__ - INFO - Validation: enabled
2025-11-01 01:25:48,008 - __main__ - INFO - Dry run: no
2025-11-01 01:25:48,008 - __main__ - INFO - Starting: run_single_pipeline
2025-11-01 01:25:48,008 - __main__ - INFO - Processing: Lean_Analytics.pdf
2025-11-01 01:25:48,008 - __main__ - INFO--- Logging error ---
Traceback (most recent call last):
  File "C:\Users\Dimon\AppData\Local\Programs\Python\Python313\Lib\logging\__init__.py", line 1154, in emit
    stream.write(msg + self.terminator)
    ~~~~~~~~~~~~^^^^^^^^^^^^^^^^^^^^^^^
  File "C:\Users\Dimon\AppData\Local\Programs\Python\Python313\Lib\site-packages\colorama\ansitowin32.py", line 47, in write
    self.__convertor.write(text)
    ~~~~~~~~~~~~~~~~~~~~~~^^^^^^
  File "C:\Users\Dimon\AppData\Local\Programs\Python\Python313\Lib\site-packages\colorama\ansitowin32.py", line 177, in write
    self.write_and_convert(text)
    ~~~~~~~~~~~~~~~~~~~~~~^^^^^^
  File "C:\Users\Dimon\AppData\Local\Programs\Python\Python313\Lib\site-packages\colorama\ansitowin32.py", line 205, in write_and_convert
    self.write_plain_text(text, cursor, len(text))
    ~~~~~~~~~~~~~~~~~~~~~^^^^^^^^^^^^^^^^^^^^^^^^^
  File "C:\Users\Dimon\AppData\Local\Programs\Python\Python313\Lib\site-packages\colorama\ansitowin32.py", line 210, in write_plain_text
    self.wrapped.write(text[start:end])
    ~~~~~~~~~~~~~~~~~~^^^^^^^^^^^^^^^^^
  File "C:\Users\Dimon\AppData\Local\Programs\Python\Python313\Lib\encodings\cp1251.py", line 19, in encode
    return codecs.charmap_encode(input,self.errors,encoding_table)[0]
           ~~~~~~~~~~~~~~~~~~~~~^^^^^^^^^^^^^^^^^^^^^^^^^^^^^^^^^^
UnicodeEncodeError: 'charmap' codec can't encode character '\u2192' in position 24: character maps to <undefined>
Call stack:
  File "C:\scripts\1repo\run_mvp.py", line 680, in <module>
    main()
  File "C:\scripts\1repo\run_mvp.py", line 652, in main
    results = orchestrator.run_single(
  File "C:\scripts\1repo\run_mvp.py", line 196, in run_single
    logger.info(f"Pipeline: {start_stage} \u2192 {end_stage}")
Message: 'Pipeline: structural \u2192 embed'
Arguments: ()
2025-11-01 01:25:48,009 - __main__ - INFO--- Logging error ---
Traceback (most recent call last):
  File "C:\Users\Dimon\AppData\Local\Programs\Python\Python313\Lib\logging\__init__.py", line 1154, in emit
    stream.write(msg + self.terminator)
    ~~~~~~~~~~~~^^^^^^^^^^^^^^^^^^^^^^^
  File "C:\Users\Dimon\AppData\Local\Programs\Python\Python313\Lib\site-packages\colorama\ansitowin32.py", line 47, in write
    self.__convertor.write(text)
    ~~~~~~~~~~~~~~~~~~~~~~^^^^^^
  File "C:\Users\Dimon\AppData\Local\Programs\Python\Python313\Lib\site-packages\colorama\ansitowin32.py", line 177, in write
    self.write_and_convert(text)
    ~~~~~~~~~~~~~~~~~~~~~~^^^^^^
  File "C:\Users\Dimon\AppData\Local\Programs\Python\Python313\Lib\site-packages\colorama\ansitowin32.py", line 205, in write_and_convert
    self.write_plain_text(text, cursor, len(text))
    ~~~~~~~~~~~~~~~~~~~~~^^^^^^^^^^^^^^^^^^^^^^^^^
  File "C:\Users\Dimon\AppData\Local\Programs\Python\Python313\Lib\site-packages\colorama\ansitowin32.py", line 210, in write_plain_text
    self.wrapped.write(text[start:end])
    ~~~~~~~~~~~~~~~~~~^^^^^^^^^^^^^^^^^
  File "C:\Users\Dimon\AppData\Local\Programs\Python\Python313\Lib\encodings\cp1251.py", line 19, in encode
    return codecs.charmap_encode(input,self.errors,encoding_table)[0]
           ~~~~~~~~~~~~~~~~~~~~~^^^^^^^^^^^^^^^^^^^^^^^^^^^^^^^^^^
UnicodeEncodeError: 'charmap' codec can't encode character '\u2192' in position 22: character maps to <undefined>
Call stack:
  File "C:\scripts\1repo\run_mvp.py", line 680, in <module>
    main()
  File "C:\scripts\1repo\run_mvp.py", line 652, in main
    results = orchestrator.run_single(
  File "C:\scripts\1repo\run_mvp.py", line 209, in run_single
    logger.info(f"Stages: {' \u2192 '.join(stages)}")
Message: 'Stages: structural \u2192 structure_detect \u2192 summarize \u2192 extended \u2192 finalize \u2192 chunk \u2192 embed'
Arguments: ()
2025-11-01 01:25:48,010 - __main__ - INFO - ============================================================
2025-11-01 01:25:48,010 - __main__ - INFO--- Logging error ---
Traceback (most recent call last):
  File "C:\Users\Dimon\AppData\Local\Programs\Python\Python313\Lib\logging\__init__.py", line 1154, in emit
    stream.write(msg + self.terminator)
    ~~~~~~~~~~~~^^^^^^^^^^^^^^^^^^^^^^^
  File "C:\Users\Dimon\AppData\Local\Programs\Python\Python313\Lib\site-packages\colorama\ansitowin32.py", line 47, in write
    self.__convertor.write(text)
    ~~~~~~~~~~~~~~~~~~~~~~^^^^^^
  File "C:\Users\Dimon\AppData\Local\Programs\Python\Python313\Lib\site-packages\colorama\ansitowin32.py", line 177, in write
    self.write_and_convert(text)
    ~~~~~~~~~~~~~~~~~~~~~~^^^^^^
  File "C:\Users\Dimon\AppData\Local\Programs\Python\Python313\Lib\site-packages\colorama\ansitowin32.py", line 205, in write_and_convert
    self.write_plain_text(text, cursor, len(text))
    ~~~~~~~~~~~~~~~~~~~~~^^^^^^^^^^^^^^^^^^^^^^^^^
  File "C:\Users\Dimon\AppData\Local\Programs\Python\Python313\Lib\site-packages\colorama\ansitowin32.py", line 210, in write_plain_text
    self.wrapped.write(text[start:end])
    ~~~~~~~~~~~~~~~~~~^^^^^^^^^^^^^^^^^
  File "C:\Users\Dimon\AppData\Local\Programs\Python\Python313\Lib\encodings\cp1251.py", line 19, in encode
    return codecs.charmap_encode(input,self.errors,encoding_table)[0]
           ~~~~~~~~~~~~~~~~~~~~~^^^^^^^^^^^^^^^^^^^^^^^^^^^^^^^^^^
UnicodeEncodeError: 'charmap' codec can't encode character '\U0001f4c4' in position 5: character maps to <undefined>
Call stack:
  File "C:\scripts\1repo\run_mvp.py", line 680, in <module>
    main()
  File "C:\scripts\1repo\run_mvp.py", line 652, in main
    results = orchestrator.run_single(
  File "C:\scripts\1repo\run_mvp.py", line 222, in run_single
    log_stage(logger, stage, "Starting")
  File "C:\scripts\1repo\am_logging.py", line 613, in log_stage
    log_section(logger, f"{emoji} {action}: {stage.upper()}", "INFO")
  File "C:\scripts\1repo\am_logging.py", line 588, in log_section
    log_func(f"  {title}")
Message: '  \U0001f4c4 Starting: STRUCTURAL'
Arguments: ()
2025-11-01 01:25:48,010 - __main__ - INFO - ============================================================
2025-11-01 01:25:48,011 - am_common - INFO - Loading config: config\batch_full.yaml
2025-11-01 01:25:48,025 - am_common - INFO - Config loaded successfully
2025-11-01 01:25:48,026 - am_structural_robust - INFO - Text extractor chain: ['pdfminer', 'pdfplumber', 'pypdf2']
2025-11-01 01:25:48,026 - am_structural_robust - INFO - Table extractor chain: ['pdfplumber']
2025-11-01 01:25:48,026 - am_structural_robust - INFO - Processing: Lean_Analytics.pdf
2025-11-01 01:25:48,141 - am_structural_robust - INFO - PDF: Lean_Analytics
2025-11-01 01:25:48,262 - am_structural_robust - INFO - Total pages: 439
2025-11-01 01:25:48,553 - am_structural_robust - ERROR - [X] Page 0: All extractors failed
2025-11-01 01:25:49,119 - am_structural_robust - ERROR - [X] Page 1: All extractors failed
2025-11-01 01:25:51,532 - am_structural_robust - ERROR - [X] Page 9: All extractors failed
2025-11-01 01:25:52,851 - am_structural_robust - ERROR - [X] Page 13: All extractors failed
2025-11-01 01:25:54,224 - am_structural_robust - ERROR - [X] Page 17: All extractors failed
2025-11-01 01:25:57,478 - am_structural_robust - ERROR - [X] Page 27: All extractors failed
2025-11-01 01:26:04,764 - am_structural_robust - INFO -   Processed 50/439 pages
2025-11-01 01:26:06,606 - am_structural_robust - ERROR - [X] Page 55: All extractors failed
2025-11-01 01:26:10,421 - am_structural_robust - ERROR - [X] Page 67: All extractors failed
2025-11-01 01:26:11,256 - am_structural_robust - ERROR - [X] Page 69: All extractors failed
2025-11-01 01:26:21,029 - am_structural_robust - INFO -   Processed 100/439 pages
2025-11-01 01:26:29,801 - am_structural_robust - ERROR - [X] Page 127: All extractors failed
2025-11-01 01:26:33,177 - am_structural_robust - ERROR - [X] Page 137: All extractors failed
2025-11-01 01:26:37,106 - am_structural_robust - ERROR - [X] Page 149: All extractors failed
2025-11-01 01:26:37,222 - am_structural_robust - INFO -   Processed 150/439 pages
2025-11-01 01:26:41,141 - am_structural_robust - ERROR - [X] Page 161: All extractors failed
2025-11-01 01:26:48,334 - am_structural_robust - ERROR - [X] Page 183: All extractors failed
2025-11-01 01:26:53,781 - am_structural_robust - INFO -   Processed 200/439 pages
2025-11-01 01:27:09,403 - am_structural_robust - INFO -   Processed 250/439 pages
2025-11-01 01:27:10,156 - am_structural_robust - ERROR - [X] Page 251: All extractors failed
2025-11-01 01:27:23,935 - am_structural_robust - ERROR - [X] Page 289: All extractors failed
2025-11-01 01:27:26,465 - am_structural_robust - ERROR - [X] Page 295: All extractors failed
2025-11-01 01:27:27,287 - am_structural_robust - ERROR - [X] Page 297: All extractors failed
2025-11-01 01:27:27,983 - am_structural_robust - INFO -   Processed 300/439 pages
2025-11-01 01:27:33,850 - am_structural_robust - ERROR - [X] Page 317: All extractors failed
2025-11-01 01:27:44,006 - am_structural_robust - INFO -   Processed 350/439 pages
2025-11-01 01:27:49,042 - am_structural_robust - ERROR - [X] Page 365: All extractors failed
2025-11-01 01:27:51,195 - am_structural_robust - ERROR - [X] Page 371: All extractors failed
2025-11-01 01:27:52,560 - am_structural_robust - ERROR - [X] Page 375: All extractors failed
2025-11-01 01:27:53,213 - am_structural_robust - ERROR - [X] Page 377: All extractors failed
2025-11-01 01:28:00,517 - am_structural_robust - INFO -   Processed 400/439 pages
2025-11-01 01:28:05,033 - am_structural_robust - ERROR - [X] Page 413: All extractors failed
2025-11-01 01:28:06,963 - am_structural_robust - ERROR - [X] Page 419: All extractors failed
2025-11-01 01:28:12,181 - am_structural_robust - ERROR - [X] Page 435: All extractors failed
2025-11-01 01:28:13,293 - am_structural_robust - ERROR - [X] Page 438: All extractors failed
2025-11-01 01:28:13,411 - am_structural_robust - INFO - Extraction complete: 439 success, 0 failed
2025-11-01 01:28:13,411 - am_structural_robust - INFO -   Methods used: {'pdfminer': 412}
2025-11-01 01:28:13,411 - am_structural_robust - INFO -   OCR used: 0 pages
2025-11-01 01:28:13,411 - am_structural_robust - INFO -   Tables found: 55
2025-11-01 01:28:13,416 - am_common - INFO - Saving dataset: C:\scripts\1repo\data\datasets\structural\lean_analytics.dataset.jsonl (439 cards)
2025-11-01 01:28:13,424 - am_common - INFO - Saved: 439 cards to lean_analytics.dataset.jsonl (922.28 KB)
2025-11-01 01:28:13,424 - am_structural_robust - INFO - Dataset saved: 922.28 KB
2025-11-01 01:28:13,424 - quality_tracker - INFO - Starting: track_quality
2025-11-01 01:28:13,424 - quality_tracker - INFO - structural metrics:
2025-11-01 01:28:13,425 - quality_tracker - INFO -   total_pages: 439
2025-11-01 01:28:13,425 - quality_tracker - INFO -   success_pages: 439
2025-11-01 01:28:13,425 - quality_tracker - INFO -   failed_pages: 0
2025-11-01 01:28:13,425 - quality_tracker - INFO -   success_ratio: 1.0000
2025-11-01 01:28:13,425 - quality_tracker - INFO -   empty_pages: 27
2025-11-01 01:28:13,425 - quality_tracker - INFO -   avg_page_length: 1756.6834
2025-11-01 01:28:13,425 - quality_tracker - INFO -   extraction_methods: {'pdfminer': 412}
2025-11-01 01:28:13,425 - quality_tracker - INFO -   ocr_used: 0
2025-11-01 01:28:13,425 - quality_tracker - INFO -   tables_found: 55
2025-11-01 01:28:13,425 - quality_tracker - INFO--- Logging error ---
Traceback (most recent call last):
  File "C:\Users\Dimon\AppData\Local\Programs\Python\Python313\Lib\logging\__init__.py", line 1154, in emit
    stream.write(msg + self.terminator)
    ~~~~~~~~~~~~^^^^^^^^^^^^^^^^^^^^^^^
  File "C:\Users\Dimon\AppData\Local\Programs\Python\Python313\Lib\site-packages\colorama\ansitowin32.py", line 47, in write
    self.__convertor.write(text)
    ~~~~~~~~~~~~~~~~~~~~~~^^^^^^
  File "C:\Users\Dimon\AppData\Local\Programs\Python\Python313\Lib\site-packages\colorama\ansitowin32.py", line 177, in write
    self.write_and_convert(text)
    ~~~~~~~~~~~~~~~~~~~~~~^^^^^^
  File "C:\Users\Dimon\AppData\Local\Programs\Python\Python313\Lib\site-packages\colorama\ansitowin32.py", line 205, in write_and_convert
    self.write_plain_text(text, cursor, len(text))
    ~~~~~~~~~~~~~~~~~~~~~^^^^^^^^^^^^^^^^^^^^^^^^^
  File "C:\Users\Dimon\AppData\Local\Programs\Python\Python313\Lib\site-packages\colorama\ansitowin32.py", line 210, in write_plain_text
    self.wrapped.write(text[start:end])
    ~~~~~~~~~~~~~~~~~~^^^^^^^^^^^^^^^^^
  File "C:\Users\Dimon\AppData\Local\Programs\Python\Python313\Lib\encodings\cp1251.py", line 19, in encode
    return codecs.charmap_encode(input,self.errors,encoding_table)[0]
           ~~~~~~~~~~~~~~~~~~~~~^^^^^^^^^^^^^^^^^^^^^^^^^^^^^^^^^^
UnicodeEncodeError: 'charmap' codec can't encode character '\u2713' in position 3: character maps to <undefined>
Call stack:
  File "C:\scripts\1repo\run_mvp.py", line 680, in <module>
    main()
  File "C:\scripts\1repo\run_mvp.py", line 652, in main
    results = orchestrator.run_single(
  File "C:\scripts\1repo\run_mvp.py", line 226, in run_single
    stage_result = self._run_stage(stage, current_input)
  File "C:\scripts\1repo\run_mvp.py", line 409, in _run_stage
    return processor.process_pdf(input_path, output_dir)
  File "C:\scripts\1repo\am_structural_robust.py", line 569, in process_pdf
    self.quality_tracker.track('structural', pdf_path.name, metrics)
  File "C:\scripts\1repo\quality_tracker.py", line 171, in track
    logger.info(f"\u2713 Quality thresholds passed for {stage}")
Message: '\u2713 Quality thresholds passed for structural'
Arguments: ()
2025-11-01 01:28:13,426 - quality_tracker - INFO - Completed: track_quality (0.00s)
2025-11-01 01:28:13,426 - am_structural_robust - INFO - [OK] Saved: lean_analytics.dataset.jsonl
2025-11-01 01:28:13,427 - validate - INFO - Validating structural: lean_analytics.dataset.jsonl
2025-11-01 01:28:13,427 - am_common - INFO - Loading dataset: C:\scripts\1repo\data\datasets\structural\lean_analytics.dataset.jsonl
2025-11-01 01:28:13,446 - am_common - INFO - Loaded: 439 cards from lean_analytics.dataset.jsonl
2025-11-01 01:28:13,448 - validate - INFO - [OK] VALID - lean_analytics.dataset.jsonl
2025-11-01 01:28:13,448 - __main__ - INFO - ============================================================
2025-11-01 01:28:13,448 - __main__ - INFO--- Logging error ---
Traceback (most recent call last):
  File "C:\Users\Dimon\AppData\Local\Programs\Python\Python313\Lib\logging\__init__.py", line 1154, in emit
    stream.write(msg + self.terminator)
    ~~~~~~~~~~~~^^^^^^^^^^^^^^^^^^^^^^^
  File "C:\Users\Dimon\AppData\Local\Programs\Python\Python313\Lib\site-packages\colorama\ansitowin32.py", line 47, in write
    self.__convertor.write(text)
    ~~~~~~~~~~~~~~~~~~~~~~^^^^^^
  File "C:\Users\Dimon\AppData\Local\Programs\Python\Python313\Lib\site-packages\colorama\ansitowin32.py", line 177, in write
    self.write_and_convert(text)
    ~~~~~~~~~~~~~~~~~~~~~~^^^^^^
  File "C:\Users\Dimon\AppData\Local\Programs\Python\Python313\Lib\site-packages\colorama\ansitowin32.py", line 205, in write_and_convert
    self.write_plain_text(text, cursor, len(text))
    ~~~~~~~~~~~~~~~~~~~~~^^^^^^^^^^^^^^^^^^^^^^^^^
  File "C:\Users\Dimon\AppData\Local\Programs\Python\Python313\Lib\site-packages\colorama\ansitowin32.py", line 210, in write_plain_text
    self.wrapped.write(text[start:end])
    ~~~~~~~~~~~~~~~~~~^^^^^^^^^^^^^^^^^
  File "C:\Users\Dimon\AppData\Local\Programs\Python\Python313\Lib\encodings\cp1251.py", line 19, in encode
    return codecs.charmap_encode(input,self.errors,encoding_table)[0]
           ~~~~~~~~~~~~~~~~~~~~~^^^^^^^^^^^^^^^^^^^^^^^^^^^^^^^^^^
UnicodeEncodeError: 'charmap' codec can't encode character '\U0001f4c4' in position 5: character maps to <undefined>
Call stack:
  File "C:\scripts\1repo\run_mvp.py", line 680, in <module>
    main()
  File "C:\scripts\1repo\run_mvp.py", line 652, in main
    results = orchestrator.run_single(
  File "C:\scripts\1repo\run_mvp.py", line 253, in run_single
    log_stage(logger, stage, "Completed")
  File "C:\scripts\1repo\am_logging.py", line 613, in log_stage
    log_section(logger, f"{emoji} {action}: {stage.upper()}", "INFO")
  File "C:\scripts\1repo\am_logging.py", line 588, in log_section
    log_func(f"  {title}")
Message: '  \U0001f4c4 Completed: STRUCTURAL'
Arguments: ()
2025-11-01 01:28:13,449 - __main__ - INFO - ============================================================
2025-11-01 01:28:13,449 - __main__ - INFO - ============================================================
2025-11-01 01:28:13,449 - __main__ - INFO--- Logging error ---
Traceback (most recent call last):
  File "C:\Users\Dimon\AppData\Local\Programs\Python\Python313\Lib\logging\__init__.py", line 1154, in emit
    stream.write(msg + self.terminator)
    ~~~~~~~~~~~~^^^^^^^^^^^^^^^^^^^^^^^
  File "C:\Users\Dimon\AppData\Local\Programs\Python\Python313\Lib\site-packages\colorama\ansitowin32.py", line 47, in write
    self.__convertor.write(text)
    ~~~~~~~~~~~~~~~~~~~~~~^^^^^^
  File "C:\Users\Dimon\AppData\Local\Programs\Python\Python313\Lib\site-packages\colorama\ansitowin32.py", line 177, in write
    self.write_and_convert(text)
    ~~~~~~~~~~~~~~~~~~~~~~^^^^^^
  File "C:\Users\Dimon\AppData\Local\Programs\Python\Python313\Lib\site-packages\colorama\ansitowin32.py", line 205, in write_and_convert
    self.write_plain_text(text, cursor, len(text))
    ~~~~~~~~~~~~~~~~~~~~~^^^^^^^^^^^^^^^^^^^^^^^^^
  File "C:\Users\Dimon\AppData\Local\Programs\Python\Python313\Lib\site-packages\colorama\ansitowin32.py", line 210, in write_plain_text
    self.wrapped.write(text[start:end])
    ~~~~~~~~~~~~~~~~~~^^^^^^^^^^^^^^^^^
  File "C:\Users\Dimon\AppData\Local\Programs\Python\Python313\Lib\encodings\cp1251.py", line 19, in encode
    return codecs.charmap_encode(input,self.errors,encoding_table)[0]
           ~~~~~~~~~~~~~~~~~~~~~^^^^^^^^^^^^^^^^^^^^^^^^^^^^^^^^^^
UnicodeEncodeError: 'charmap' codec can't encode character '\U0001f4d6' in position 5: character maps to <undefined>
Call stack:
  File "C:\scripts\1repo\run_mvp.py", line 680, in <module>
    main()
  File "C:\scripts\1repo\run_mvp.py", line 652, in main
    results = orchestrator.run_single(
  File "C:\scripts\1repo\run_mvp.py", line 222, in run_single
    log_stage(logger, stage, "Starting")
  File "C:\scripts\1repo\am_logging.py", line 613, in log_stage
    log_section(logger, f"{emoji} {action}: {stage.upper()}", "INFO")
  File "C:\scripts\1repo\am_logging.py", line 588, in log_section
    log_func(f"  {title}")
Message: '  \U0001f4d6 Starting: STRUCTURE_DETECT'
Arguments: ()
2025-11-01 01:28:13,450 - __main__ - INFO - ============================================================
2025-11-01 01:28:13,450 - am_common - INFO - Loading config: config\batch_full.yaml
2025-11-01 01:28:13,464 - am_common - INFO - Config loaded successfully
2025-11-01 01:28:13,465 - am_structure_detect - INFO - Processing: lean_analytics.dataset.jsonl
2025-11-01 01:28:13,465 - am_common - INFO - Loading dataset: C:\scripts\1repo\data\datasets\structural\lean_analytics.dataset.jsonl
2025-11-01 01:28:13,472 - am_common - INFO - Loaded: 439 cards from lean_analytics.dataset.jsonl
2025-11-01 01:28:13,472 - am_structure_detect - INFO - TOC found: pages 15-16
2025-11-01 01:28:13,474 - am_structure_detect - INFO - Detected 3 chapters
2025-11-01 01:28:13,476 - am_structure_detect - INFO - Detected 0 sections
2025-11-01 01:28:13,477 - am_common - INFO - Saving dataset: C:\scripts\1repo\data\datasets\structured\lean_analytics.dataset.jsonl (439 cards)
2025-11-01 01:28:13,484 - am_common - INFO - Saved: 439 cards to lean_analytics.dataset.jsonl (969.08 KB)
2025-11-01 01:28:13,484 - quality_tracker - INFO - Starting: track_quality
2025-11-01 01:28:13,491 - quality_tracker - INFO - structure_detect metrics:
2025-11-01 01:28:13,491 - quality_tracker - INFO -   total_pages: 439
2025-11-01 01:28:13,491 - quality_tracker - INFO -   chapters_detected: 3
2025-11-01 01:28:13,491 - quality_tracker - INFO -   sections_detected: 0
2025-11-01 01:28:13,491 - quality_tracker - INFO -   pages_with_structure: 326
2025-11-01 01:28:13,491 - quality_tracker - INFO -   structure_coverage: 0.7426
2025-11-01 01:28:13,491 - quality_tracker - INFO -   avg_chapter_length: 146.3333
2025-11-01 01:28:13,491 - quality_tracker - INFO--- Logging error ---
Traceback (most recent call last):
  File "C:\Users\Dimon\AppData\Local\Programs\Python\Python313\Lib\logging\__init__.py", line 1154, in emit
    stream.write(msg + self.terminator)
    ~~~~~~~~~~~~^^^^^^^^^^^^^^^^^^^^^^^
  File "C:\Users\Dimon\AppData\Local\Programs\Python\Python313\Lib\site-packages\colorama\ansitowin32.py", line 47, in write
    self.__convertor.write(text)
    ~~~~~~~~~~~~~~~~~~~~~~^^^^^^
  File "C:\Users\Dimon\AppData\Local\Programs\Python\Python313\Lib\site-packages\colorama\ansitowin32.py", line 177, in write
    self.write_and_convert(text)
    ~~~~~~~~~~~~~~~~~~~~~~^^^^^^
  File "C:\Users\Dimon\AppData\Local\Programs\Python\Python313\Lib\site-packages\colorama\ansitowin32.py", line 205, in write_and_convert
    self.write_plain_text(text, cursor, len(text))
    ~~~~~~~~~~~~~~~~~~~~~^^^^^^^^^^^^^^^^^^^^^^^^^
  File "C:\Users\Dimon\AppData\Local\Programs\Python\Python313\Lib\site-packages\colorama\ansitowin32.py", line 210, in write_plain_text
    self.wrapped.write(text[start:end])
    ~~~~~~~~~~~~~~~~~~^^^^^^^^^^^^^^^^^
  File "C:\Users\Dimon\AppData\Local\Programs\Python\Python313\Lib\encodings\cp1251.py", line 19, in encode
    return codecs.charmap_encode(input,self.errors,encoding_table)[0]
           ~~~~~~~~~~~~~~~~~~~~~^^^^^^^^^^^^^^^^^^^^^^^^^^^^^^^^^^
UnicodeEncodeError: 'charmap' codec can't encode character '\u2713' in position 3: character maps to <undefined>
Call stack:
  File "C:\scripts\1repo\run_mvp.py", line 680, in <module>
    main()
  File "C:\scripts\1repo\run_mvp.py", line 652, in main
    results = orchestrator.run_single(
  File "C:\scripts\1repo\run_mvp.py", line 226, in run_single
    stage_result = self._run_stage(stage, current_input)
  File "C:\scripts\1repo\run_mvp.py", line 419, in _run_stage
    return processor.process_dataset(input_path, output_dir)
  File "C:\scripts\1repo\am_structure_detect.py", line 309, in process_dataset
    self.quality_tracker.track('structure_detect', input_path.name, metrics)
  File "C:\scripts\1repo\quality_tracker.py", line 171, in track
    logger.info(f"\u2713 Quality thresholds passed for {stage}")
Message: '\u2713 Quality thresholds passed for structure_detect'
Arguments: ()
2025-11-01 01:28:13,492 - quality_tracker - INFO - Completed: track_quality (0.01s)
2025-11-01 01:28:13,492 - am_structure_detect - INFO - Saved: lean_analytics.dataset.jsonl
2025-11-01 01:28:13,493 - __main__ - ERROR - Validation failed: Unknown stage: structure_detect
2025-11-01 01:28:13,493 - __main__ - WARNING - Validation issues: 1 errors
2025-11-01 01:28:13,493 - __main__ - INFO - ============================================================
2025-11-01 01:28:13,493 - __main__ - INFO--- Logging error ---
Traceback (most recent call last):
  File "C:\Users\Dimon\AppData\Local\Programs\Python\Python313\Lib\logging\__init__.py", line 1154, in emit
    stream.write(msg + self.terminator)
    ~~~~~~~~~~~~^^^^^^^^^^^^^^^^^^^^^^^
  File "C:\Users\Dimon\AppData\Local\Programs\Python\Python313\Lib\site-packages\colorama\ansitowin32.py", line 47, in write
    self.__convertor.write(text)
    ~~~~~~~~~~~~~~~~~~~~~~^^^^^^
  File "C:\Users\Dimon\AppData\Local\Programs\Python\Python313\Lib\site-packages\colorama\ansitowin32.py", line 177, in write
    self.write_and_convert(text)
    ~~~~~~~~~~~~~~~~~~~~~~^^^^^^
  File "C:\Users\Dimon\AppData\Local\Programs\Python\Python313\Lib\site-packages\colorama\ansitowin32.py", line 205, in write_and_convert
    self.write_plain_text(text, cursor, len(text))
    ~~~~~~~~~~~~~~~~~~~~~^^^^^^^^^^^^^^^^^^^^^^^^^
  File "C:\Users\Dimon\AppData\Local\Programs\Python\Python313\Lib\site-packages\colorama\ansitowin32.py", line 210, in write_plain_text
    self.wrapped.write(text[start:end])
    ~~~~~~~~~~~~~~~~~~^^^^^^^^^^^^^^^^^
  File "C:\Users\Dimon\AppData\Local\Programs\Python\Python313\Lib\encodings\cp1251.py", line 19, in encode
    return codecs.charmap_encode(input,self.errors,encoding_table)[0]
           ~~~~~~~~~~~~~~~~~~~~~^^^^^^^^^^^^^^^^^^^^^^^^^^^^^^^^^^
UnicodeEncodeError: 'charmap' codec can't encode character '\U0001f4d6' in position 5: character maps to <undefined>
Call stack:
  File "C:\scripts\1repo\run_mvp.py", line 680, in <module>
    main()
  File "C:\scripts\1repo\run_mvp.py", line 652, in main
    results = orchestrator.run_single(
  File "C:\scripts\1repo\run_mvp.py", line 253, in run_single
    log_stage(logger, stage, "Completed")
  File "C:\scripts\1repo\am_logging.py", line 613, in log_stage
    log_section(logger, f"{emoji} {action}: {stage.upper()}", "INFO")
  File "C:\scripts\1repo\am_logging.py", line 588, in log_section
    log_func(f"  {title}")
Message: '  \U0001f4d6 Completed: STRUCTURE_DETECT'
Arguments: ()
2025-11-01 01:28:13,493 - __main__ - INFO - ============================================================
2025-11-01 01:28:13,493 - __main__ - INFO - ============================================================
2025-11-01 01:28:13,493 - __main__ - INFO--- Logging error ---
Traceback (most recent call last):
  File "C:\Users\Dimon\AppData\Local\Programs\Python\Python313\Lib\logging\__init__.py", line 1154, in emit
    stream.write(msg + self.terminator)
    ~~~~~~~~~~~~^^^^^^^^^^^^^^^^^^^^^^^
  File "C:\Users\Dimon\AppData\Local\Programs\Python\Python313\Lib\site-packages\colorama\ansitowin32.py", line 47, in write
    self.__convertor.write(text)
    ~~~~~~~~~~~~~~~~~~~~~~^^^^^^
  File "C:\Users\Dimon\AppData\Local\Programs\Python\Python313\Lib\site-packages\colorama\ansitowin32.py", line 177, in write
    self.write_and_convert(text)
    ~~~~~~~~~~~~~~~~~~~~~~^^^^^^
  File "C:\Users\Dimon\AppData\Local\Programs\Python\Python313\Lib\site-packages\colorama\ansitowin32.py", line 205, in write_and_convert
    self.write_plain_text(text, cursor, len(text))
    ~~~~~~~~~~~~~~~~~~~~~^^^^^^^^^^^^^^^^^^^^^^^^^
  File "C:\Users\Dimon\AppData\Local\Programs\Python\Python313\Lib\site-packages\colorama\ansitowin32.py", line 210, in write_plain_text
    self.wrapped.write(text[start:end])
    ~~~~~~~~~~~~~~~~~~^^^^^^^^^^^^^^^^^
  File "C:\Users\Dimon\AppData\Local\Programs\Python\Python313\Lib\encodings\cp1251.py", line 19, in encode
    return codecs.charmap_encode(input,self.errors,encoding_table)[0]
           ~~~~~~~~~~~~~~~~~~~~~^^^^^^^^^^^^^^^^^^^^^^^^^^^^^^^^^^
UnicodeEncodeError: 'charmap' codec can't encode character '\U0001f4dd' in position 5: character maps to <undefined>
Call stack:
  File "C:\scripts\1repo\run_mvp.py", line 680, in <module>
    main()
  File "C:\scripts\1repo\run_mvp.py", line 652, in main
    results = orchestrator.run_single(
  File "C:\scripts\1repo\run_mvp.py", line 222, in run_single
    log_stage(logger, stage, "Starting")
  File "C:\scripts\1repo\am_logging.py", line 613, in log_stage
    log_section(logger, f"{emoji} {action}: {stage.upper()}", "INFO")
  File "C:\scripts\1repo\am_logging.py", line 588, in log_section
    log_func(f"  {title}")
Message: '  \U0001f4dd Starting: SUMMARIZE'
Arguments: ()
2025-11-01 01:28:13,494 - __main__ - INFO - ============================================================
2025-11-01 01:28:13,494 - am_common - INFO - Loading config: config\batch_full.yaml
2025-11-01 01:28:13,508 - am_common - INFO - Config loaded successfully
2025-11-01 01:28:13,509 - am_summarize - INFO - Processing: lean_analytics.dataset.jsonl
2025-11-01 01:28:13,509 - am_common - INFO - Loading dataset: C:\scripts\1repo\data\datasets\structured\lean_analytics.dataset.jsonl
2025-11-01 01:28:13,524 - am_common - INFO - Loaded: 439 cards from lean_analytics.dataset.jsonl
2025-11-01 01:28:13,790 - am_summarize - INFO - Summarized 412 pages, skipped 27
2025-11-01 01:28:13,790 - am_common - INFO - Saving dataset: C:\scripts\1repo\data\datasets\summarized\lean_analytics.dataset.jsonl (439 cards)
2025-11-01 01:28:13,799 - am_common - INFO - Saved: 439 cards to lean_analytics.dataset.jsonl (1.24 MB)
2025-11-01 01:28:13,799 - quality_tracker - INFO - Starting: track_quality
2025-11-01 01:28:13,800 - quality_tracker - INFO - summarize metrics:
2025-11-01 01:28:13,800 - quality_tracker - INFO -   total_pages: 439
2025-11-01 01:28:13,800 - quality_tracker - INFO -   summarized_pages: 412
2025-11-01 01:28:13,800 - quality_tracker - INFO -   skipped_pages: 27
2025-11-01 01:28:13,800 - quality_tracker - INFO -   summary_coverage: 0.9385
2025-11-01 01:28:13,800 - quality_tracker - INFO -   avg_l1_length: 202.0947
2025-11-01 01:28:13,800 - quality_tracker - INFO -   avg_l2_length: 483.6092
2025-11-01 01:28:13,800 - quality_tracker - INFO -   avg_compression_ratio: 10.4800
2025-11-01 01:28:13,800 - quality_tracker - INFO--- Logging error ---
Traceback (most recent call last):
  File "C:\Users\Dimon\AppData\Local\Programs\Python\Python313\Lib\logging\__init__.py", line 1154, in emit
    stream.write(msg + self.terminator)
    ~~~~~~~~~~~~^^^^^^^^^^^^^^^^^^^^^^^
  File "C:\Users\Dimon\AppData\Local\Programs\Python\Python313\Lib\site-packages\colorama\ansitowin32.py", line 47, in write
    self.__convertor.write(text)
    ~~~~~~~~~~~~~~~~~~~~~~^^^^^^
  File "C:\Users\Dimon\AppData\Local\Programs\Python\Python313\Lib\site-packages\colorama\ansitowin32.py", line 177, in write
    self.write_and_convert(text)
    ~~~~~~~~~~~~~~~~~~~~~~^^^^^^
  File "C:\Users\Dimon\AppData\Local\Programs\Python\Python313\Lib\site-packages\colorama\ansitowin32.py", line 205, in write_and_convert
    self.write_plain_text(text, cursor, len(text))
    ~~~~~~~~~~~~~~~~~~~~~^^^^^^^^^^^^^^^^^^^^^^^^^
  File "C:\Users\Dimon\AppData\Local\Programs\Python\Python313\Lib\site-packages\colorama\ansitowin32.py", line 210, in write_plain_text
    self.wrapped.write(text[start:end])
    ~~~~~~~~~~~~~~~~~~^^^^^^^^^^^^^^^^^
  File "C:\Users\Dimon\AppData\Local\Programs\Python\Python313\Lib\encodings\cp1251.py", line 19, in encode
    return codecs.charmap_encode(input,self.errors,encoding_table)[0]
           ~~~~~~~~~~~~~~~~~~~~~^^^^^^^^^^^^^^^^^^^^^^^^^^^^^^^^^^
UnicodeEncodeError: 'charmap' codec can't encode character '\u2713' in position 3: character maps to <undefined>
Call stack:
  File "C:\scripts\1repo\run_mvp.py", line 680, in <module>
    main()
  File "C:\scripts\1repo\run_mvp.py", line 652, in main
    results = orchestrator.run_single(
  File "C:\scripts\1repo\run_mvp.py", line 226, in run_single
    stage_result = self._run_stage(stage, current_input)
  File "C:\scripts\1repo\run_mvp.py", line 419, in _run_stage
    return processor.process_dataset(input_path, output_dir)
  File "C:\scripts\1repo\am_summarize.py", line 281, in process_dataset
    self.quality_tracker.track('summarize', input_path.name, metrics)
  File "C:\scripts\1repo\quality_tracker.py", line 171, in track
    logger.info(f"\u2713 Quality thresholds passed for {stage}")
Message: '\u2713 Quality thresholds passed for summarize'
Arguments: ()
2025-11-01 01:28:13,801 - quality_tracker - INFO - Completed: track_quality (0.00s)
2025-11-01 01:28:13,801 - am_summarize - INFO - Saved: lean_analytics.dataset.jsonl
2025-11-01 01:28:13,802 - __main__ - ERROR - Validation failed: Unknown stage: summarize
2025-11-01 01:28:13,802 - __main__ - WARNING - Validation issues: 1 errors
2025-11-01 01:28:13,802 - __main__ - INFO - ============================================================
2025-11-01 01:28:13,802 - __main__ - INFO--- Logging error ---
Traceback (most recent call last):
  File "C:\Users\Dimon\AppData\Local\Programs\Python\Python313\Lib\logging\__init__.py", line 1154, in emit
    stream.write(msg + self.terminator)
    ~~~~~~~~~~~~^^^^^^^^^^^^^^^^^^^^^^^
  File "C:\Users\Dimon\AppData\Local\Programs\Python\Python313\Lib\site-packages\colorama\ansitowin32.py", line 47, in write
    self.__convertor.write(text)
    ~~~~~~~~~~~~~~~~~~~~~~^^^^^^
  File "C:\Users\Dimon\AppData\Local\Programs\Python\Python313\Lib\site-packages\colorama\ansitowin32.py", line 177, in write
    self.write_and_convert(text)
    ~~~~~~~~~~~~~~~~~~~~~~^^^^^^
  File "C:\Users\Dimon\AppData\Local\Programs\Python\Python313\Lib\site-packages\colorama\ansitowin32.py", line 205, in write_and_convert
    self.write_plain_text(text, cursor, len(text))
    ~~~~~~~~~~~~~~~~~~~~~^^^^^^^^^^^^^^^^^^^^^^^^^
  File "C:\Users\Dimon\AppData\Local\Programs\Python\Python313\Lib\site-packages\colorama\ansitowin32.py", line 210, in write_plain_text
    self.wrapped.write(text[start:end])
    ~~~~~~~~~~~~~~~~~~^^^^^^^^^^^^^^^^^
  File "C:\Users\Dimon\AppData\Local\Programs\Python\Python313\Lib\encodings\cp1251.py", line 19, in encode
    return codecs.charmap_encode(input,self.errors,encoding_table)[0]
           ~~~~~~~~~~~~~~~~~~~~~^^^^^^^^^^^^^^^^^^^^^^^^^^^^^^^^^^
UnicodeEncodeError: 'charmap' codec can't encode character '\U0001f4dd' in position 5: character maps to <undefined>
Call stack:
  File "C:\scripts\1repo\run_mvp.py", line 680, in <module>
    main()
  File "C:\scripts\1repo\run_mvp.py", line 652, in main
    results = orchestrator.run_single(
  File "C:\scripts\1repo\run_mvp.py", line 253, in run_single
    log_stage(logger, stage, "Completed")
  File "C:\scripts\1repo\am_logging.py", line 613, in log_stage
    log_section(logger, f"{emoji} {action}: {stage.upper()}", "INFO")
  File "C:\scripts\1repo\am_logging.py", line 588, in log_section
    log_func(f"  {title}")
Message: '  \U0001f4dd Completed: SUMMARIZE'
Arguments: ()
2025-11-01 01:28:13,803 - __main__ - INFO - ============================================================
2025-11-01 01:28:13,803 - __main__ - INFO - ============================================================
2025-11-01 01:28:13,803 - __main__ - INFO--- Logging error ---
Traceback (most recent call last):
  File "C:\Users\Dimon\AppData\Local\Programs\Python\Python313\Lib\logging\__init__.py", line 1154, in emit
    stream.write(msg + self.terminator)
    ~~~~~~~~~~~~^^^^^^^^^^^^^^^^^^^^^^^
  File "C:\Users\Dimon\AppData\Local\Programs\Python\Python313\Lib\site-packages\colorama\ansitowin32.py", line 47, in write
    self.__convertor.write(text)
    ~~~~~~~~~~~~~~~~~~~~~~^^^^^^
  File "C:\Users\Dimon\AppData\Local\Programs\Python\Python313\Lib\site-packages\colorama\ansitowin32.py", line 177, in write
    self.write_and_convert(text)
    ~~~~~~~~~~~~~~~~~~~~~~^^^^^^
  File "C:\Users\Dimon\AppData\Local\Programs\Python\Python313\Lib\site-packages\colorama\ansitowin32.py", line 205, in write_and_convert
    self.write_plain_text(text, cursor, len(text))
    ~~~~~~~~~~~~~~~~~~~~~^^^^^^^^^^^^^^^^^^^^^^^^^
  File "C:\Users\Dimon\AppData\Local\Programs\Python\Python313\Lib\site-packages\colorama\ansitowin32.py", line 210, in write_plain_text
    self.wrapped.write(text[start:end])
    ~~~~~~~~~~~~~~~~~~^^^^^^^^^^^^^^^^^
  File "C:\Users\Dimon\AppData\Local\Programs\Python\Python313\Lib\encodings\cp1251.py", line 19, in encode
    return codecs.charmap_encode(input,self.errors,encoding_table)[0]
           ~~~~~~~~~~~~~~~~~~~~~^^^^^^^^^^^^^^^^^^^^^^^^^^^^^^^^^^
UnicodeEncodeError: 'charmap' codec can't encode character '\U0001f916' in position 5: character maps to <undefined>
Call stack:
  File "C:\scripts\1repo\run_mvp.py", line 680, in <module>
    main()
  File "C:\scripts\1repo\run_mvp.py", line 652, in main
    results = orchestrator.run_single(
  File "C:\scripts\1repo\run_mvp.py", line 222, in run_single
    log_stage(logger, stage, "Starting")
  File "C:\scripts\1repo\am_logging.py", line 613, in log_stage
    log_section(logger, f"{emoji} {action}: {stage.upper()}", "INFO")
  File "C:\scripts\1repo\am_logging.py", line 588, in log_section
    log_func(f"  {title}")
Message: '  \U0001f916 Starting: EXTENDED'
Arguments: ()
2025-11-01 01:28:13,803 - __main__ - INFO - ============================================================
2025-11-01 01:28:13,803 - am_common - INFO - Loading config: config\batch_full.yaml
2025-11-01 01:28:13,818 - am_common - INFO - Config loaded successfully
2025-11-01 01:28:13,846 - am_extended - INFO - Ollama available, using model: llama3.2:3b
2025-11-01 01:28:13,847 - am_extended - INFO - Processing: lean_analytics.dataset.jsonl
2025-11-01 01:28:13,847 - am_common - INFO - Loading dataset: C:\scripts\1repo\data\datasets\summarized\lean_analytics.dataset.jsonl
2025-11-01 01:28:13,866 - am_common - INFO - Loaded: 439 cards from lean_analytics.dataset.jsonl
2025-11-01 01:28:13,877 - am_extended - INFO - Marked 0 duplicate pages
2025-11-01 01:28:13,924 - am_extended - INFO - Found 116 continuity gaps
2025-11-01 01:28:13,924 - am_extended - INFO - Extracting extended fields (this may take a while)...
2025-11-01 01:28:13,954 - am_extended - ERROR - Ollama API error: 404
2025-11-01 01:28:13,985 - am_extended - ERROR - Ollama API error: 404
2025-11-01 01:28:14,001 - am_extended - ERROR - Ollama API error: 404
2025-11-01 01:28:14,032 - am_extended - ERROR - Ollama API error: 404
2025-11-01 01:28:14,047 - am_extended - ERROR - Ollama API error: 404
2025-11-01 01:28:14,063 - am_extended - ERROR - Ollama API error: 404
2025-11-01 01:28:14,077 - am_extended - ERROR - Ollama API error: 404
2025-11-01 01:28:14,093 - am_extended - ERROR - Ollama API error: 404
2025-11-01 01:28:14,123 - am_extended - ERROR - Ollama API error: 404
2025-11-01 01:28:14,138 - am_extended - ERROR - Ollama API error: 404
2025-11-01 01:28:14,154 - am_extended - ERROR - Ollama API error: 404
2025-11-01 01:28:14,185 - am_extended - ERROR - Ollama API error: 404
2025-11-01 01:28:14,217 - am_extended - ERROR - Ollama API error: 404
2025-11-01 01:28:14,247 - am_extended - ERROR - Ollama API error: 404
2025-11-01 01:28:14,280 - am_extended - ERROR - Ollama API error: 404
2025-11-01 01:28:14,280 - am_extended - INFO -   Processed 20/439 pages
2025-11-01 01:28:14,309 - am_extended - ERROR - Ollama API error: 404
2025-11-01 01:28:14,340 - am_extended - ERROR - Ollama API error: 404
2025-11-01 01:28:14,356 - am_extended - ERROR - Ollama API error: 404
2025-11-01 01:28:14,371 - am_extended - ERROR - Ollama API error: 404
2025-11-01 01:28:14,402 - am_extended - ERROR - Ollama API error: 404
2025-11-01 01:28:14,432 - am_extended - ERROR - Ollama API error: 404
2025-11-01 01:28:14,447 - am_extended - ERROR - Ollama API error: 404
2025-11-01 01:28:14,450 - am_extended - ERROR - Ollama API error: 404
2025-11-01 01:28:14,463 - am_extended - ERROR - Ollama API error: 404
2025-11-01 01:28:14,463 - am_extended - INFO -   Processed 30/439 pages
2025-11-01 01:28:14,478 - am_extended - ERROR - Ollama API error: 404
2025-11-01 01:28:14,509 - am_extended - ERROR - Ollama API error: 404
2025-11-01 01:28:14,539 - am_extended - ERROR - Ollama API error: 404
2025-11-01 01:28:14,555 - am_extended - ERROR - Ollama API error: 404
2025-11-01 01:28:14,570 - am_extended - ERROR - Ollama API error: 404
2025-11-01 01:28:14,602 - am_extended - ERROR - Ollama API error: 404
2025-11-01 01:28:14,633 - am_extended - ERROR - Ollama API error: 404
2025-11-01 01:28:14,664 - am_extended - ERROR - Ollama API error: 404
2025-11-01 01:28:14,680 - am_extended - ERROR - Ollama API error: 404
2025-11-01 01:28:14,695 - am_extended - ERROR - Ollama API error: 404
2025-11-01 01:28:14,695 - am_extended - INFO -   Processed 40/439 pages
2025-11-01 01:28:14,726 - am_extended - ERROR - Ollama API error: 404
2025-11-01 01:28:14,758 - am_extended - ERROR - Ollama API error: 404
2025-11-01 01:28:14,788 - am_extended - ERROR - Ollama API error: 404
2025-11-01 01:28:14,820 - am_extended - ERROR - Ollama API error: 404
2025-11-01 01:28:14,850 - am_extended - ERROR - Ollama API error: 404
2025-11-01 01:28:14,866 - am_extended - ERROR - Ollama API error: 404
2025-11-01 01:28:14,897 - am_extended - ERROR - Ollama API error: 404
2025-11-01 01:28:14,912 - am_extended - ERROR - Ollama API error: 404
2025-11-01 01:28:14,928 - am_extended - ERROR - Ollama API error: 404
2025-11-01 01:28:14,959 - am_extended - ERROR - Ollama API error: 404
2025-11-01 01:28:14,959 - am_extended - INFO -   Processed 50/439 pages
2025-11-01 01:28:14,962 - am_extended - ERROR - Ollama API error: 404
2025-11-01 01:28:14,974 - am_extended - ERROR - Ollama API error: 404
2025-11-01 01:28:15,005 - am_extended - ERROR - Ollama API error: 404
2025-11-01 01:28:15,021 - am_extended - ERROR - Ollama API error: 404
2025-11-01 01:28:15,052 - am_extended - ERROR - Ollama API error: 404
2025-11-01 01:28:15,067 - am_extended - ERROR - Ollama API error: 404
2025-11-01 01:28:15,098 - am_extended - ERROR - Ollama API error: 404
2025-11-01 01:28:15,113 - am_extended - ERROR - Ollama API error: 404
2025-11-01 01:28:15,128 - am_extended - ERROR - Ollama API error: 404
2025-11-01 01:28:15,129 - am_extended - INFO -   Processed 60/439 pages
2025-11-01 01:28:15,131 - am_extended - ERROR - Ollama API error: 404
2025-11-01 01:28:15,144 - am_extended - ERROR - Ollama API error: 404
2025-11-01 01:28:15,159 - am_extended - ERROR - Ollama API error: 404
2025-11-01 01:28:15,174 - am_extended - ERROR - Ollama API error: 404
2025-11-01 01:28:15,205 - am_extended - ERROR - Ollama API error: 404
2025-11-01 01:28:15,221 - am_extended - ERROR - Ollama API error: 404
2025-11-01 01:28:15,236 - am_extended - ERROR - Ollama API error: 404
2025-11-01 01:28:15,252 - am_extended - ERROR - Ollama API error: 404
2025-11-01 01:28:15,267 - am_extended - ERROR - Ollama API error: 404
2025-11-01 01:28:15,282 - am_extended - ERROR - Ollama API error: 404
2025-11-01 01:28:15,297 - am_extended - ERROR - Ollama API error: 404
2025-11-01 01:28:15,312 - am_extended - ERROR - Ollama API error: 404
2025-11-01 01:28:15,328 - am_extended - ERROR - Ollama API error: 404
2025-11-01 01:28:15,359 - am_extended - ERROR - Ollama API error: 404
2025-11-01 01:28:15,380 - am_extended - ERROR - Ollama API error: 404
2025-11-01 01:28:15,420 - am_extended - ERROR - Ollama API error: 404
2025-11-01 01:28:15,452 - am_extended - ERROR - Ollama API error: 404
2025-11-01 01:28:15,482 - am_extended - ERROR - Ollama API error: 404
2025-11-01 01:28:15,483 - am_extended - INFO -   Processed 80/439 pages
2025-11-01 01:28:15,499 - am_extended - ERROR - Ollama API error: 404
2025-11-01 01:28:15,530 - am_extended - ERROR - Ollama API error: 404
2025-11-01 01:28:15,546 - am_extended - ERROR - Ollama API error: 404
2025-11-01 01:28:15,576 - am_extended - ERROR - Ollama API error: 404
2025-11-01 01:28:15,607 - am_extended - ERROR - Ollama API error: 404
2025-11-01 01:28:15,637 - am_extended - ERROR - Ollama API error: 404
2025-11-01 01:28:15,668 - am_extended - ERROR - Ollama API error: 404
2025-11-01 01:28:15,699 - am_extended - ERROR - Ollama API error: 404
2025-11-01 01:28:15,730 - am_extended - ERROR - Ollama API error: 404
2025-11-01 01:28:15,762 - am_extended - ERROR - Ollama API error: 404
2025-11-01 01:28:15,762 - am_extended - INFO -   Processed 90/439 pages
2025-11-01 01:28:15,794 - am_extended - ERROR - Ollama API error: 404
2025-11-01 01:28:15,825 - am_extended - ERROR - Ollama API error: 404
2025-11-01 01:28:15,856 - am_extended - ERROR - Ollama API error: 404
2025-11-01 01:28:15,871 - am_extended - ERROR - Ollama API error: 404
2025-11-01 01:28:15,887 - am_extended - ERROR - Ollama API error: 404
2025-11-01 01:28:15,903 - am_extended - ERROR - Ollama API error: 404
2025-11-01 01:28:15,933 - am_extended - ERROR - Ollama API error: 404
2025-11-01 01:28:15,964 - am_extended - ERROR - Ollama API error: 404
2025-11-01 01:28:15,980 - am_extended - ERROR - Ollama API error: 404
2025-11-01 01:28:15,996 - am_extended - ERROR - Ollama API error: 404
2025-11-01 01:28:15,996 - am_extended - INFO -   Processed 100/439 pages
2025-11-01 01:28:15,998 - am_extended - ERROR - Ollama API error: 404
2025-11-01 01:28:16,000 - am_extended - ERROR - Ollama API error: 404
2025-11-01 01:28:16,003 - am_extended - ERROR - Ollama API error: 404
2025-11-01 01:28:16,026 - am_extended - ERROR - Ollama API error: 404
2025-11-01 01:28:16,058 - am_extended - ERROR - Ollama API error: 404
2025-11-01 01:28:16,074 - am_extended - ERROR - Ollama API error: 404
2025-11-01 01:28:16,105 - am_extended - ERROR - Ollama API error: 404
2025-11-01 01:28:16,108 - am_extended - ERROR - Ollama API error: 404
2025-11-01 01:28:16,120 - am_extended - ERROR - Ollama API error: 404
2025-11-01 01:28:16,136 - am_extended - ERROR - Ollama API error: 404
2025-11-01 01:28:16,136 - am_extended - INFO -   Processed 110/439 pages
2025-11-01 01:28:16,152 - am_extended - ERROR - Ollama API error: 404
2025-11-01 01:28:16,167 - am_extended - ERROR - Ollama API error: 404
2025-11-01 01:28:16,170 - am_extended - ERROR - Ollama API error: 404
2025-11-01 01:28:16,183 - am_extended - ERROR - Ollama API error: 404
2025-11-01 01:28:16,214 - am_extended - ERROR - Ollama API error: 404
2025-11-01 01:28:16,246 - am_extended - ERROR - Ollama API error: 404
2025-11-01 01:28:16,277 - am_extended - ERROR - Ollama API error: 404
2025-11-01 01:28:16,291 - am_extended - ERROR - Ollama API error: 404
2025-11-01 01:28:16,324 - am_extended - ERROR - Ollama API error: 404
2025-11-01 01:28:16,339 - am_extended - ERROR - Ollama API error: 404
2025-11-01 01:28:16,339 - am_extended - INFO -   Processed 120/439 pages
2025-11-01 01:28:16,355 - am_extended - ERROR - Ollama API error: 404
2025-11-01 01:28:16,385 - am_extended - ERROR - Ollama API error: 404
2025-11-01 01:28:16,401 - am_extended - ERROR - Ollama API error: 404
2025-11-01 01:28:16,403 - am_extended - ERROR - Ollama API error: 404
2025-11-01 01:28:16,416 - am_extended - ERROR - Ollama API error: 404
2025-11-01 01:28:16,432 - am_extended - ERROR - Ollama API error: 404
2025-11-01 01:28:16,447 - am_extended - ERROR - Ollama API error: 404
2025-11-01 01:28:16,463 - am_extended - ERROR - Ollama API error: 404
2025-11-01 01:28:16,465 - am_extended - ERROR - Ollama API error: 404
2025-11-01 01:28:16,465 - am_extended - INFO -   Processed 130/439 pages
2025-11-01 01:28:16,494 - am_extended - ERROR - Ollama API error: 404
2025-11-01 01:28:16,497 - am_extended - ERROR - Ollama API error: 404
2025-11-01 01:28:16,509 - am_extended - ERROR - Ollama API error: 404
2025-11-01 01:28:16,525 - am_extended - ERROR - Ollama API error: 404
2025-11-01 01:28:16,556 - am_extended - ERROR - Ollama API error: 404
2025-11-01 01:28:16,587 - am_extended - ERROR - Ollama API error: 404
2025-11-01 01:28:16,618 - am_extended - ERROR - Ollama API error: 404
2025-11-01 01:28:16,648 - am_extended - ERROR - Ollama API error: 404
2025-11-01 01:28:16,679 - am_extended - ERROR - Ollama API error: 404
2025-11-01 01:28:16,680 - am_extended - INFO -   Processed 140/439 pages
2025-11-01 01:28:16,710 - am_extended - ERROR - Ollama API error: 404
2025-11-01 01:28:16,726 - am_extended - ERROR - Ollama API error: 404
2025-11-01 01:28:16,757 - am_extended - ERROR - Ollama API error: 404
2025-11-01 01:28:16,787 - am_extended - ERROR - Ollama API error: 404
2025-11-01 01:28:16,819 - am_extended - ERROR - Ollama API error: 404
2025-11-01 01:28:16,850 - am_extended - ERROR - Ollama API error: 404
2025-11-01 01:28:16,880 - am_extended - ERROR - Ollama API error: 404
2025-11-01 01:28:16,896 - am_extended - ERROR - Ollama API error: 404
2025-11-01 01:28:16,929 - am_extended - ERROR - Ollama API error: 404
2025-11-01 01:28:16,960 - am_extended - ERROR - Ollama API error: 404
2025-11-01 01:28:16,991 - am_extended - ERROR - Ollama API error: 404
2025-11-01 01:28:17,021 - am_extended - ERROR - Ollama API error: 404
2025-11-01 01:28:17,037 - am_extended - ERROR - Ollama API error: 404
2025-11-01 01:28:17,040 - am_extended - ERROR - Ollama API error: 404
2025-11-01 01:28:17,067 - am_extended - ERROR - Ollama API error: 404
2025-11-01 01:28:17,083 - am_extended - ERROR - Ollama API error: 404
2025-11-01 01:28:17,113 - am_extended - ERROR - Ollama API error: 404
2025-11-01 01:28:17,144 - am_extended - ERROR - Ollama API error: 404
2025-11-01 01:28:17,176 - am_extended - ERROR - Ollama API error: 404
2025-11-01 01:28:17,176 - am_extended - INFO -   Processed 160/439 pages
2025-11-01 01:28:17,207 - am_extended - ERROR - Ollama API error: 404
2025-11-01 01:28:17,238 - am_extended - ERROR - Ollama API error: 404
2025-11-01 01:28:17,254 - am_extended - ERROR - Ollama API error: 404
2025-11-01 01:28:17,284 - am_extended - ERROR - Ollama API error: 404
2025-11-01 01:28:17,300 - am_extended - ERROR - Ollama API error: 404
2025-11-01 01:28:17,315 - am_extended - ERROR - Ollama API error: 404
2025-11-01 01:28:17,347 - am_extended - ERROR - Ollama API error: 404
2025-11-01 01:28:17,378 - am_extended - ERROR - Ollama API error: 404
2025-11-01 01:28:17,393 - am_extended - ERROR - Ollama API error: 404
2025-11-01 01:28:17,394 - am_extended - INFO -   Processed 170/439 pages
2025-11-01 01:28:17,424 - am_extended - ERROR - Ollama API error: 404
2025-11-01 01:28:17,439 - am_extended - ERROR - Ollama API error: 404
2025-11-01 01:28:17,442 - am_extended - ERROR - Ollama API error: 404
2025-11-01 01:28:17,455 - am_extended - ERROR - Ollama API error: 404
2025-11-01 01:28:17,485 - am_extended - ERROR - Ollama API error: 404
2025-11-01 01:28:17,516 - am_extended - ERROR - Ollama API error: 404
2025-11-01 01:28:17,532 - am_extended - ERROR - Ollama API error: 404
2025-11-01 01:28:17,564 - am_extended - ERROR - Ollama API error: 404
2025-11-01 01:28:17,596 - am_extended - ERROR - Ollama API error: 404
2025-11-01 01:28:17,611 - am_extended - ERROR - Ollama API error: 404
2025-11-01 01:28:17,611 - am_extended - INFO -   Processed 180/439 pages
2025-11-01 01:28:17,642 - am_extended - ERROR - Ollama API error: 404
2025-11-01 01:28:17,673 - am_extended - ERROR - Ollama API error: 404
2025-11-01 01:28:17,704 - am_extended - ERROR - Ollama API error: 404
2025-11-01 01:28:17,720 - am_extended - ERROR - Ollama API error: 404
2025-11-01 01:28:17,751 - am_extended - ERROR - Ollama API error: 404
2025-11-01 01:28:17,781 - am_extended - ERROR - Ollama API error: 404
2025-11-01 01:28:17,797 - am_extended - ERROR - Ollama API error: 404
2025-11-01 01:28:17,812 - am_extended - ERROR - Ollama API error: 404
2025-11-01 01:28:17,843 - am_extended - ERROR - Ollama API error: 404
2025-11-01 01:28:17,843 - am_extended - INFO -   Processed 190/439 pages
2025-11-01 01:28:17,874 - am_extended - ERROR - Ollama API error: 404
2025-11-01 01:28:17,889 - am_extended - ERROR - Ollama API error: 404
2025-11-01 01:28:17,904 - am_extended - ERROR - Ollama API error: 404
2025-11-01 01:28:17,920 - am_extended - ERROR - Ollama API error: 404
2025-11-01 01:28:17,937 - am_extended - ERROR - Ollama API error: 404
2025-11-01 01:28:17,969 - am_extended - ERROR - Ollama API error: 404
2025-11-01 01:28:17,983 - am_extended - ERROR - Ollama API error: 404
2025-11-01 01:28:17,999 - am_extended - ERROR - Ollama API error: 404
2025-11-01 01:28:18,014 - am_extended - ERROR - Ollama API error: 404
2025-11-01 01:28:18,030 - am_extended - ERROR - Ollama API error: 404
2025-11-01 01:28:18,030 - am_extended - INFO -   Processed 200/439 pages
2025-11-01 01:28:18,062 - am_extended - ERROR - Ollama API error: 404
2025-11-01 01:28:18,092 - am_extended - ERROR - Ollama API error: 404
2025-11-01 01:28:18,122 - am_extended - ERROR - Ollama API error: 404
2025-11-01 01:28:18,153 - am_extended - ERROR - Ollama API error: 404
2025-11-01 01:28:18,185 - am_extended - ERROR - Ollama API error: 404
2025-11-01 01:28:18,201 - am_extended - ERROR - Ollama API error: 404
2025-11-01 01:28:18,216 - am_extended - ERROR - Ollama API error: 404
2025-11-01 01:28:18,219 - am_extended - ERROR - Ollama API error: 404
2025-11-01 01:28:18,221 - am_extended - ERROR - Ollama API error: 404
2025-11-01 01:28:18,262 - am_extended - ERROR - Ollama API error: 404
2025-11-01 01:28:18,262 - am_extended - INFO -   Processed 210/439 pages
2025-11-01 01:28:18,278 - am_extended - ERROR - Ollama API error: 404
2025-11-01 01:28:18,293 - am_extended - ERROR - Ollama API error: 404
2025-11-01 01:28:18,309 - am_extended - ERROR - Ollama API error: 404
2025-11-01 01:28:18,325 - am_extended - ERROR - Ollama API error: 404
2025-11-01 01:28:18,340 - am_extended - ERROR - Ollama API error: 404
2025-11-01 01:28:18,371 - am_extended - ERROR - Ollama API error: 404
2025-11-01 01:28:18,403 - am_extended - ERROR - Ollama API error: 404
2025-11-01 01:28:18,433 - am_extended - ERROR - Ollama API error: 404
2025-11-01 01:28:18,449 - am_extended - ERROR - Ollama API error: 404
2025-11-01 01:28:18,465 - am_extended - ERROR - Ollama API error: 404
2025-11-01 01:28:18,465 - am_extended - INFO -   Processed 220/439 pages
2025-11-01 01:28:18,480 - am_extended - ERROR - Ollama API error: 404
2025-11-01 01:28:18,496 - am_extended - ERROR - Ollama API error: 404
2025-11-01 01:28:18,526 - am_extended - ERROR - Ollama API error: 404
2025-11-01 01:28:18,542 - am_extended - ERROR - Ollama API error: 404
2025-11-01 01:28:18,573 - am_extended - ERROR - Ollama API error: 404
2025-11-01 01:28:18,576 - am_extended - ERROR - Ollama API error: 404
2025-11-01 01:28:18,589 - am_extended - ERROR - Ollama API error: 404
2025-11-01 01:28:18,620 - am_extended - ERROR - Ollama API error: 404
2025-11-01 01:28:18,650 - am_extended - ERROR - Ollama API error: 404
2025-11-01 01:28:18,681 - am_extended - ERROR - Ollama API error: 404
2025-11-01 01:28:18,682 - am_extended - INFO -   Processed 230/439 pages
2025-11-01 01:28:18,698 - am_extended - ERROR - Ollama API error: 404
2025-11-01 01:28:18,728 - am_extended - ERROR - Ollama API error: 404
2025-11-01 01:28:18,758 - am_extended - ERROR - Ollama API error: 404
2025-11-01 01:28:18,789 - am_extended - ERROR - Ollama API error: 404
2025-11-01 01:28:18,820 - am_extended - ERROR - Ollama API error: 404
2025-11-01 01:28:18,836 - am_extended - ERROR - Ollama API error: 404
2025-11-01 01:28:18,852 - am_extended - ERROR - Ollama API error: 404
2025-11-01 01:28:18,867 - am_extended - ERROR - Ollama API error: 404
2025-11-01 01:28:18,882 - am_extended - ERROR - Ollama API error: 404
2025-11-01 01:28:18,897 - am_extended - ERROR - Ollama API error: 404
2025-11-01 01:28:18,897 - am_extended - INFO -   Processed 240/439 pages
2025-11-01 01:28:18,928 - am_extended - ERROR - Ollama API error: 404
2025-11-01 01:28:18,931 - am_extended - ERROR - Ollama API error: 404
2025-11-01 01:28:18,943 - am_extended - ERROR - Ollama API error: 404
2025-11-01 01:28:18,975 - am_extended - ERROR - Ollama API error: 404
2025-11-01 01:28:19,006 - am_extended - ERROR - Ollama API error: 404
2025-11-01 01:28:19,021 - am_extended - ERROR - Ollama API error: 404
2025-11-01 01:28:19,037 - am_extended - ERROR - Ollama API error: 404
2025-11-01 01:28:19,068 - am_extended - ERROR - Ollama API error: 404
2025-11-01 01:28:19,099 - am_extended - ERROR - Ollama API error: 404
2025-11-01 01:28:19,129 - am_extended - ERROR - Ollama API error: 404
2025-11-01 01:28:19,129 - am_extended - INFO -   Processed 250/439 pages
2025-11-01 01:28:19,144 - am_extended - ERROR - Ollama API error: 404
2025-11-01 01:28:19,175 - am_extended - ERROR - Ollama API error: 404
2025-11-01 01:28:19,190 - am_extended - ERROR - Ollama API error: 404
2025-11-01 01:28:19,193 - am_extended - ERROR - Ollama API error: 404
2025-11-01 01:28:19,206 - am_extended - ERROR - Ollama API error: 404
2025-11-01 01:28:19,237 - am_extended - ERROR - Ollama API error: 404
2025-11-01 01:28:19,267 - am_extended - ERROR - Ollama API error: 404
2025-11-01 01:28:19,283 - am_extended - ERROR - Ollama API error: 404
2025-11-01 01:28:19,300 - am_extended - ERROR - Ollama API error: 404
2025-11-01 01:28:19,300 - am_extended - INFO -   Processed 260/439 pages
2025-11-01 01:28:19,314 - am_extended - ERROR - Ollama API error: 404
2025-11-01 01:28:19,345 - am_extended - ERROR - Ollama API error: 404
2025-11-01 01:28:19,348 - am_extended - ERROR - Ollama API error: 404
2025-11-01 01:28:19,377 - am_extended - ERROR - Ollama API error: 404
2025-11-01 01:28:19,392 - am_extended - ERROR - Ollama API error: 404
2025-11-01 01:28:19,422 - am_extended - ERROR - Ollama API error: 404
2025-11-01 01:28:19,454 - am_extended - ERROR - Ollama API error: 404
2025-11-01 01:28:19,469 - am_extended - ERROR - Ollama API error: 404
2025-11-01 01:28:19,484 - am_extended - ERROR - Ollama API error: 404
2025-11-01 01:28:19,516 - am_extended - ERROR - Ollama API error: 404
2025-11-01 01:28:19,516 - am_extended - INFO -   Processed 270/439 pages
2025-11-01 01:28:19,547 - am_extended - ERROR - Ollama API error: 404
2025-11-01 01:28:19,578 - am_extended - ERROR - Ollama API error: 404
2025-11-01 01:28:19,609 - am_extended - ERROR - Ollama API error: 404
2025-11-01 01:28:19,640 - am_extended - ERROR - Ollama API error: 404
2025-11-01 01:28:19,656 - am_extended - ERROR - Ollama API error: 404
2025-11-01 01:28:19,671 - am_extended - ERROR - Ollama API error: 404
2025-11-01 01:28:19,702 - am_extended - ERROR - Ollama API error: 404
2025-11-01 01:28:19,733 - am_extended - ERROR - Ollama API error: 404
2025-11-01 01:28:19,748 - am_extended - ERROR - Ollama API error: 404
2025-11-01 01:28:19,751 - am_extended - ERROR - Ollama API error: 404
2025-11-01 01:28:19,752 - am_extended - INFO -   Processed 280/439 pages
2025-11-01 01:28:19,755 - am_extended - ERROR - Ollama API error: 404
2025-11-01 01:28:19,779 - am_extended - ERROR - Ollama API error: 404
2025-11-01 01:28:19,810 - am_extended - ERROR - Ollama API error: 404
2025-11-01 01:28:19,841 - am_extended - ERROR - Ollama API error: 404
2025-11-01 01:28:19,872 - am_extended - ERROR - Ollama API error: 404
2025-11-01 01:28:19,903 - am_extended - ERROR - Ollama API error: 404
2025-11-01 01:28:19,919 - am_extended - ERROR - Ollama API error: 404
2025-11-01 01:28:19,949 - am_extended - ERROR - Ollama API error: 404
2025-11-01 01:28:19,980 - am_extended - ERROR - Ollama API error: 404
2025-11-01 01:28:20,011 - am_extended - ERROR - Ollama API error: 404
2025-11-01 01:28:20,042 - am_extended - ERROR - Ollama API error: 404
2025-11-01 01:28:20,058 - am_extended - ERROR - Ollama API error: 404
2025-11-01 01:28:20,088 - am_extended - ERROR - Ollama API error: 404
2025-11-01 01:28:20,119 - am_extended - ERROR - Ollama API error: 404
2025-11-01 01:28:20,135 - am_extended - ERROR - Ollama API error: 404
2025-11-01 01:28:20,150 - am_extended - ERROR - Ollama API error: 404
2025-11-01 01:28:20,182 - am_extended - ERROR - Ollama API error: 404
2025-11-01 01:28:20,182 - am_extended - INFO -   Processed 300/439 pages
2025-11-01 01:28:20,213 - am_extended - ERROR - Ollama API error: 404
2025-11-01 01:28:20,244 - am_extended - ERROR - Ollama API error: 404
2025-11-01 01:28:20,275 - am_extended - ERROR - Ollama API error: 404
2025-11-01 01:28:20,290 - am_extended - ERROR - Ollama API error: 404
2025-11-01 01:28:20,322 - am_extended - ERROR - Ollama API error: 404
2025-11-01 01:28:20,338 - am_extended - ERROR - Ollama API error: 404
2025-11-01 01:28:20,369 - am_extended - ERROR - Ollama API error: 404
2025-11-01 01:28:20,401 - am_extended - ERROR - Ollama API error: 404
2025-11-01 01:28:20,417 - am_extended - ERROR - Ollama API error: 404
2025-11-01 01:28:20,447 - am_extended - ERROR - Ollama API error: 404
2025-11-01 01:28:20,448 - am_extended - INFO -   Processed 310/439 pages
2025-11-01 01:28:20,478 - am_extended - ERROR - Ollama API error: 404
2025-11-01 01:28:20,494 - am_extended - ERROR - Ollama API error: 404
2025-11-01 01:28:20,509 - am_extended - ERROR - Ollama API error: 404
2025-11-01 01:28:20,525 - am_extended - ERROR - Ollama API error: 404
2025-11-01 01:28:20,555 - am_extended - ERROR - Ollama API error: 404
2025-11-01 01:28:20,587 - am_extended - ERROR - Ollama API error: 404
2025-11-01 01:28:20,603 - am_extended - ERROR - Ollama API error: 404
2025-11-01 01:28:20,633 - am_extended - ERROR - Ollama API error: 404
2025-11-01 01:28:20,649 - am_extended - ERROR - Ollama API error: 404
2025-11-01 01:28:20,649 - am_extended - INFO -   Processed 320/439 pages
2025-11-01 01:28:20,679 - am_extended - ERROR - Ollama API error: 404
2025-11-01 01:28:20,695 - am_extended - ERROR - Ollama API error: 404
2025-11-01 01:28:20,711 - am_extended - ERROR - Ollama API error: 404
2025-11-01 01:28:20,726 - am_extended - ERROR - Ollama API error: 404
2025-11-01 01:28:20,757 - am_extended - ERROR - Ollama API error: 404
2025-11-01 01:28:20,788 - am_extended - ERROR - Ollama API error: 404
2025-11-01 01:28:20,825 - am_extended - ERROR - Ollama API error: 404
2025-11-01 01:28:20,828 - am_extended - ERROR - Ollama API error: 404
2025-11-01 01:28:20,850 - am_extended - ERROR - Ollama API error: 404
2025-11-01 01:28:20,881 - am_extended - ERROR - Ollama API error: 404
2025-11-01 01:28:20,881 - am_extended - INFO -   Processed 330/439 pages
2025-11-01 01:28:20,896 - am_extended - ERROR - Ollama API error: 404
2025-11-01 01:28:20,912 - am_extended - ERROR - Ollama API error: 404
2025-11-01 01:28:20,914 - am_extended - ERROR - Ollama API error: 404
2025-11-01 01:28:20,942 - am_extended - ERROR - Ollama API error: 404
2025-11-01 01:28:20,957 - am_extended - ERROR - Ollama API error: 404
2025-11-01 01:28:20,974 - am_extended - ERROR - Ollama API error: 404
2025-11-01 01:28:20,988 - am_extended - ERROR - Ollama API error: 404
2025-11-01 01:28:21,020 - am_extended - ERROR - Ollama API error: 404
2025-11-01 01:28:21,050 - am_extended - ERROR - Ollama API error: 404
2025-11-01 01:28:21,081 - am_extended - ERROR - Ollama API error: 404
2025-11-01 01:28:21,081 - am_extended - INFO -   Processed 340/439 pages
2025-11-01 01:28:21,112 - am_extended - ERROR - Ollama API error: 404
2025-11-01 01:28:21,144 - am_extended - ERROR - Ollama API error: 404
2025-11-01 01:28:21,175 - am_extended - ERROR - Ollama API error: 404
2025-11-01 01:28:21,190 - am_extended - ERROR - Ollama API error: 404
2025-11-01 01:28:21,205 - am_extended - ERROR - Ollama API error: 404
2025-11-01 01:28:21,208 - am_extended - ERROR - Ollama API error: 404
2025-11-01 01:28:21,236 - am_extended - ERROR - Ollama API error: 404
2025-11-01 01:28:21,239 - am_extended - ERROR - Ollama API error: 404
2025-11-01 01:28:21,251 - am_extended - ERROR - Ollama API error: 404
2025-11-01 01:28:21,267 - am_extended - ERROR - Ollama API error: 404
2025-11-01 01:28:21,267 - am_extended - INFO -   Processed 350/439 pages
2025-11-01 01:28:21,298 - am_extended - ERROR - Ollama API error: 404
2025-11-01 01:28:21,329 - am_extended - ERROR - Ollama API error: 404
2025-11-01 01:28:21,345 - am_extended - ERROR - Ollama API error: 404
2025-11-01 01:28:21,360 - am_extended - ERROR - Ollama API error: 404
2025-11-01 01:28:21,391 - am_extended - ERROR - Ollama API error: 404
2025-11-01 01:28:21,421 - am_extended - ERROR - Ollama API error: 404
2025-11-01 01:28:21,452 - am_extended - ERROR - Ollama API error: 404
2025-11-01 01:28:21,484 - am_extended - ERROR - Ollama API error: 404
2025-11-01 01:28:21,515 - am_extended - ERROR - Ollama API error: 404
2025-11-01 01:28:21,530 - am_extended - ERROR - Ollama API error: 404
2025-11-01 01:28:21,531 - am_extended - INFO -   Processed 360/439 pages
2025-11-01 01:28:21,533 - am_extended - ERROR - Ollama API error: 404
2025-11-01 01:28:21,545 - am_extended - ERROR - Ollama API error: 404
2025-11-01 01:28:21,576 - am_extended - ERROR - Ollama API error: 404
2025-11-01 01:28:21,592 - am_extended - ERROR - Ollama API error: 404
2025-11-01 01:28:21,606 - am_extended - ERROR - Ollama API error: 404
2025-11-01 01:28:21,637 - am_extended - ERROR - Ollama API error: 404
2025-11-01 01:28:21,652 - am_extended - ERROR - Ollama API error: 404
2025-11-01 01:28:21,667 - am_extended - ERROR - Ollama API error: 404
2025-11-01 01:28:21,682 - am_extended - ERROR - Ollama API error: 404
2025-11-01 01:28:21,682 - am_extended - INFO -   Processed 370/439 pages
2025-11-01 01:28:21,714 - am_extended - ERROR - Ollama API error: 404
2025-11-01 01:28:21,729 - am_extended - ERROR - Ollama API error: 404
2025-11-01 01:28:21,745 - am_extended - ERROR - Ollama API error: 404
2025-11-01 01:28:21,760 - am_extended - ERROR - Ollama API error: 404
2025-11-01 01:28:21,776 - am_extended - ERROR - Ollama API error: 404
2025-11-01 01:28:21,792 - am_extended - ERROR - Ollama API error: 404
2025-11-01 01:28:21,807 - am_extended - ERROR - Ollama API error: 404
2025-11-01 01:28:21,807 - am_extended - INFO -   Processed 380/439 pages
2025-11-01 01:28:21,837 - am_extended - ERROR - Ollama API error: 404
2025-11-01 01:28:21,868 - am_extended - ERROR - Ollama API error: 404
2025-11-01 01:28:21,900 - am_extended - ERROR - Ollama API error: 404
2025-11-01 01:28:21,915 - am_extended - ERROR - Ollama API error: 404
2025-11-01 01:28:21,931 - am_extended - ERROR - Ollama API error: 404
2025-11-01 01:28:21,947 - am_extended - ERROR - Ollama API error: 404
2025-11-01 01:28:21,962 - am_extended - ERROR - Ollama API error: 404
2025-11-01 01:28:21,977 - am_extended - ERROR - Ollama API error: 404
2025-11-01 01:28:22,008 - am_extended - ERROR - Ollama API error: 404
2025-11-01 01:28:22,025 - am_extended - ERROR - Ollama API error: 404
2025-11-01 01:28:22,025 - am_extended - INFO -   Processed 390/439 pages
2025-11-01 01:28:22,040 - am_extended - ERROR - Ollama API error: 404
2025-11-01 01:28:22,056 - am_extended - ERROR - Ollama API error: 404
2025-11-01 01:28:22,087 - am_extended - ERROR - Ollama API error: 404
2025-11-01 01:28:22,118 - am_extended - ERROR - Ollama API error: 404
2025-11-01 01:28:22,149 - am_extended - ERROR - Ollama API error: 404
2025-11-01 01:28:22,179 - am_extended - ERROR - Ollama API error: 404
2025-11-01 01:28:22,211 - am_extended - ERROR - Ollama API error: 404
2025-11-01 01:28:22,226 - am_extended - ERROR - Ollama API error: 404
2025-11-01 01:28:22,242 - am_extended - ERROR - Ollama API error: 404
2025-11-01 01:28:22,272 - am_extended - ERROR - Ollama API error: 404
2025-11-01 01:28:22,272 - am_extended - INFO -   Processed 400/439 pages
2025-11-01 01:28:22,303 - am_extended - ERROR - Ollama API error: 404
2025-11-01 01:28:22,305 - am_extended - ERROR - Ollama API error: 404
2025-11-01 01:28:22,318 - am_extended - ERROR - Ollama API error: 404
2025-11-01 01:28:22,320 - am_extended - ERROR - Ollama API error: 404
2025-11-01 01:28:22,333 - am_extended - ERROR - Ollama API error: 404
2025-11-01 01:28:22,348 - am_extended - ERROR - Ollama API error: 404
2025-11-01 01:28:22,379 - am_extended - ERROR - Ollama API error: 404
2025-11-01 01:28:22,411 - am_extended - ERROR - Ollama API error: 404
2025-11-01 01:28:22,442 - am_extended - ERROR - Ollama API error: 404
2025-11-01 01:28:22,457 - am_extended - ERROR - Ollama API error: 404
2025-11-01 01:28:22,458 - am_extended - INFO -   Processed 410/439 pages
2025-11-01 01:28:22,473 - am_extended - ERROR - Ollama API error: 404
2025-11-01 01:28:22,504 - am_extended - ERROR - Ollama API error: 404
2025-11-01 01:28:22,519 - am_extended - ERROR - Ollama API error: 404
2025-11-01 01:28:22,522 - am_extended - ERROR - Ollama API error: 404
2025-11-01 01:28:22,535 - am_extended - ERROR - Ollama API error: 404
2025-11-01 01:28:22,566 - am_extended - ERROR - Ollama API error: 404
2025-11-01 01:28:22,597 - am_extended - ERROR - Ollama API error: 404
2025-11-01 01:28:22,629 - am_extended - ERROR - Ollama API error: 404
2025-11-01 01:28:22,643 - am_extended - ERROR - Ollama API error: 404
2025-11-01 01:28:22,674 - am_extended - ERROR - Ollama API error: 404
2025-11-01 01:28:22,677 - am_extended - ERROR - Ollama API error: 404
2025-11-01 01:28:22,690 - am_extended - ERROR - Ollama API error: 404
2025-11-01 01:28:22,722 - am_extended - ERROR - Ollama API error: 404
2025-11-01 01:28:22,737 - am_extended - ERROR - Ollama API error: 404
2025-11-01 01:28:22,753 - am_extended - ERROR - Ollama API error: 404
2025-11-01 01:28:22,769 - am_extended - ERROR - Ollama API error: 404
2025-11-01 01:28:22,800 - am_extended - ERROR - Ollama API error: 404
2025-11-01 01:28:22,830 - am_extended - ERROR - Ollama API error: 404
2025-11-01 01:28:22,831 - am_extended - INFO -   Processed 430/439 pages
2025-11-01 01:28:22,862 - am_extended - ERROR - Ollama API error: 404
2025-11-01 01:28:22,877 - am_extended - ERROR - Ollama API error: 404
2025-11-01 01:28:22,892 - am_extended - ERROR - Ollama API error: 404
2025-11-01 01:28:22,909 - am_extended - ERROR - Ollama API error: 404
2025-11-01 01:28:22,924 - am_extended - ERROR - Ollama API error: 404
2025-11-01 01:28:22,927 - am_extended - ERROR - Ollama API error: 404
2025-11-01 01:28:22,929 - am_extended - ERROR - Ollama API error: 404
2025-11-01 01:28:22,929 - am_extended - INFO - Extracted extended fields for 412 pages
2025-11-01 01:28:22,930 - am_common - INFO - Saving dataset: C:\scripts\1repo\data\datasets\extended\lean_analytics.dataset.jsonl (439 cards)
2025-11-01 01:28:22,941 - am_common - INFO - Saved: 439 cards to lean_analytics.dataset.jsonl (1.39 MB)
2025-11-01 01:28:22,941 - quality_tracker - INFO - Starting: track_quality
2025-11-01 01:28:22,941 - quality_tracker - INFO - extended metrics:
2025-11-01 01:28:22,941 - quality_tracker - INFO -   total_cards: 439
2025-11-01 01:28:22,941 - quality_tracker - INFO -   duplicates_found: 0
2025-11-01 01:28:22,942 - quality_tracker - INFO -   duplicate_ratio: 0.0000
2025-11-01 01:28:22,942 - quality_tracker - INFO -   continuity_gaps: 116
2025-11-01 01:28:22,942 - quality_tracker - INFO -   continuity_gap_ratio: 0.2648
2025-11-01 01:28:22,942 - quality_tracker - INFO -   avg_overlap: 0.1200
2025-11-01 01:28:22,942 - quality_tracker - INFO -   extended_fields_extracted: 412
2025-11-01 01:28:22,942 - quality_tracker - INFO -   extraction_coverage: 0.9385
2025-11-01 01:28:22,942 - quality_tracker - INFO -   lm_extraction_count: 0
2025-11-01 01:28:22,942 - quality_tracker - INFO -   lm_extraction_ratio: 0.0000
2025-11-01 01:28:22,942 - quality_tracker - INFO--- Logging error ---
Traceback (most recent call last):
  File "C:\Users\Dimon\AppData\Local\Programs\Python\Python313\Lib\logging\__init__.py", line 1154, in emit
    stream.write(msg + self.terminator)
    ~~~~~~~~~~~~^^^^^^^^^^^^^^^^^^^^^^^
  File "C:\Users\Dimon\AppData\Local\Programs\Python\Python313\Lib\site-packages\colorama\ansitowin32.py", line 47, in write
    self.__convertor.write(text)
    ~~~~~~~~~~~~~~~~~~~~~~^^^^^^
  File "C:\Users\Dimon\AppData\Local\Programs\Python\Python313\Lib\site-packages\colorama\ansitowin32.py", line 177, in write
    self.write_and_convert(text)
    ~~~~~~~~~~~~~~~~~~~~~~^^^^^^
  File "C:\Users\Dimon\AppData\Local\Programs\Python\Python313\Lib\site-packages\colorama\ansitowin32.py", line 205, in write_and_convert
    self.write_plain_text(text, cursor, len(text))
    ~~~~~~~~~~~~~~~~~~~~~^^^^^^^^^^^^^^^^^^^^^^^^^
  File "C:\Users\Dimon\AppData\Local\Programs\Python\Python313\Lib\site-packages\colorama\ansitowin32.py", line 210, in write_plain_text
    self.wrapped.write(text[start:end])
    ~~~~~~~~~~~~~~~~~~^^^^^^^^^^^^^^^^^
  File "C:\Users\Dimon\AppData\Local\Programs\Python\Python313\Lib\encodings\cp1251.py", line 19, in encode
    return codecs.charmap_encode(input,self.errors,encoding_table)[0]
           ~~~~~~~~~~~~~~~~~~~~~^^^^^^^^^^^^^^^^^^^^^^^^^^^^^^^^^^
UnicodeEncodeError: 'charmap' codec can't encode character '\u2713' in position 3: character maps to <undefined>
Call stack:
  File "C:\scripts\1repo\run_mvp.py", line 680, in <module>
    main()
  File "C:\scripts\1repo\run_mvp.py", line 652, in main
    results = orchestrator.run_single(
  File "C:\scripts\1repo\run_mvp.py", line 226, in run_single
    stage_result = self._run_stage(stage, current_input)
  File "C:\scripts\1repo\run_mvp.py", line 419, in _run_stage
    return processor.process_dataset(input_path, output_dir)
  File "C:\scripts\1repo\am_extended.py", line 612, in process_dataset
    self.quality_tracker.track('extended', input_path.name, metrics)
  File "C:\scripts\1repo\quality_tracker.py", line 171, in track
    logger.info(f"\u2713 Quality thresholds passed for {stage}")
Message: '\u2713 Quality thresholds passed for extended'
Arguments: ()
2025-11-01 01:28:22,943 - quality_tracker - INFO - Completed: track_quality (0.00s)
2025-11-01 01:28:22,943 - am_extended - INFO - Saved: lean_analytics.dataset.jsonl
2025-11-01 01:28:22,943 - validate - INFO - Validating extended: lean_analytics.dataset.jsonl
2025-11-01 01:28:22,943 - am_common - INFO - Loading dataset: C:\scripts\1repo\data\datasets\extended\lean_analytics.dataset.jsonl
2025-11-01 01:28:22,962 - am_common - INFO - Loaded: 439 cards from lean_analytics.dataset.jsonl
2025-11-01 01:28:22,964 - validate - WARNING - [X] INVALID - lean_analytics.dataset.jsonl (2 errors)
2025-11-01 01:28:22,964 - __main__ - WARNING - Validation issues: 2 errors, 412 warnings
2025-11-01 01:28:22,964 - __main__ - WARNING - Validation issues: 2 errors
2025-11-01 01:28:22,964 - __main__ - INFO - ============================================================
2025-11-01 01:28:22,964 - __main__ - INFO--- Logging error ---
Traceback (most recent call last):
  File "C:\Users\Dimon\AppData\Local\Programs\Python\Python313\Lib\logging\__init__.py", line 1154, in emit
    stream.write(msg + self.terminator)
    ~~~~~~~~~~~~^^^^^^^^^^^^^^^^^^^^^^^
  File "C:\Users\Dimon\AppData\Local\Programs\Python\Python313\Lib\site-packages\colorama\ansitowin32.py", line 47, in write
    self.__convertor.write(text)
    ~~~~~~~~~~~~~~~~~~~~~~^^^^^^
  File "C:\Users\Dimon\AppData\Local\Programs\Python\Python313\Lib\site-packages\colorama\ansitowin32.py", line 177, in write
    self.write_and_convert(text)
    ~~~~~~~~~~~~~~~~~~~~~~^^^^^^
  File "C:\Users\Dimon\AppData\Local\Programs\Python\Python313\Lib\site-packages\colorama\ansitowin32.py", line 205, in write_and_convert
    self.write_plain_text(text, cursor, len(text))
    ~~~~~~~~~~~~~~~~~~~~~^^^^^^^^^^^^^^^^^^^^^^^^^
  File "C:\Users\Dimon\AppData\Local\Programs\Python\Python313\Lib\site-packages\colorama\ansitowin32.py", line 210, in write_plain_text
    self.wrapped.write(text[start:end])
    ~~~~~~~~~~~~~~~~~~^^^^^^^^^^^^^^^^^
  File "C:\Users\Dimon\AppData\Local\Programs\Python\Python313\Lib\encodings\cp1251.py", line 19, in encode
    return codecs.charmap_encode(input,self.errors,encoding_table)[0]
           ~~~~~~~~~~~~~~~~~~~~~^^^^^^^^^^^^^^^^^^^^^^^^^^^^^^^^^^
UnicodeEncodeError: 'charmap' codec can't encode character '\U0001f916' in position 5: character maps to <undefined>
Call stack:
  File "C:\scripts\1repo\run_mvp.py", line 680, in <module>
    main()
  File "C:\scripts\1repo\run_mvp.py", line 652, in main
    results = orchestrator.run_single(
  File "C:\scripts\1repo\run_mvp.py", line 253, in run_single
    log_stage(logger, stage, "Completed")
  File "C:\scripts\1repo\am_logging.py", line 613, in log_stage
    log_section(logger, f"{emoji} {action}: {stage.upper()}", "INFO")
  File "C:\scripts\1repo\am_logging.py", line 588, in log_section
    log_func(f"  {title}")
Message: '  \U0001f916 Completed: EXTENDED'
Arguments: ()
2025-11-01 01:28:22,965 - __main__ - INFO - ============================================================
2025-11-01 01:28:22,965 - __main__ - INFO - ============================================================
2025-11-01 01:28:22,965 - __main__ - INFO--- Logging error ---
Traceback (most recent call last):
  File "C:\Users\Dimon\AppData\Local\Programs\Python\Python313\Lib\logging\__init__.py", line 1154, in emit
    stream.write(msg + self.terminator)
    ~~~~~~~~~~~~^^^^^^^^^^^^^^^^^^^^^^^
  File "C:\Users\Dimon\AppData\Local\Programs\Python\Python313\Lib\site-packages\colorama\ansitowin32.py", line 47, in write
    self.__convertor.write(text)
    ~~~~~~~~~~~~~~~~~~~~~~^^^^^^
  File "C:\Users\Dimon\AppData\Local\Programs\Python\Python313\Lib\site-packages\colorama\ansitowin32.py", line 177, in write
    self.write_and_convert(text)
    ~~~~~~~~~~~~~~~~~~~~~~^^^^^^
  File "C:\Users\Dimon\AppData\Local\Programs\Python\Python313\Lib\site-packages\colorama\ansitowin32.py", line 205, in write_and_convert
    self.write_plain_text(text, cursor, len(text))
    ~~~~~~~~~~~~~~~~~~~~~^^^^^^^^^^^^^^^^^^^^^^^^^
  File "C:\Users\Dimon\AppData\Local\Programs\Python\Python313\Lib\site-packages\colorama\ansitowin32.py", line 210, in write_plain_text
    self.wrapped.write(text[start:end])
    ~~~~~~~~~~~~~~~~~~^^^^^^^^^^^^^^^^^
  File "C:\Users\Dimon\AppData\Local\Programs\Python\Python313\Lib\encodings\cp1251.py", line 19, in encode
    return codecs.charmap_encode(input,self.errors,encoding_table)[0]
           ~~~~~~~~~~~~~~~~~~~~~^^^^^^^^^^^^^^^^^^^^^^^^^^^^^^^^^^
UnicodeEncodeError: 'charmap' codec can't encode character '\u2705' in position 5: character maps to <undefined>
Call stack:
  File "C:\scripts\1repo\run_mvp.py", line 680, in <module>
    main()
  File "C:\scripts\1repo\run_mvp.py", line 652, in main
    results = orchestrator.run_single(
  File "C:\scripts\1repo\run_mvp.py", line 222, in run_single
    log_stage(logger, stage, "Starting")
  File "C:\scripts\1repo\am_logging.py", line 613, in log_stage
    log_section(logger, f"{emoji} {action}: {stage.upper()}", "INFO")
  File "C:\scripts\1repo\am_logging.py", line 588, in log_section
    log_func(f"  {title}")
Message: '  \u2705 Starting: FINALIZE'
Arguments: ()
2025-11-01 01:28:22,965 - __main__ - INFO - ============================================================
2025-11-01 01:28:22,965 - am_common - INFO - Loading config: config\batch_full.yaml
2025-11-01 01:28:22,981 - am_common - INFO - Config loaded successfully
2025-11-01 01:28:22,981 - am_finalize - INFO - Processing: lean_analytics.dataset.jsonl
2025-11-01 01:28:22,981 - am_common - INFO - Loading dataset: C:\scripts\1repo\data\datasets\extended\lean_analytics.dataset.jsonl
2025-11-01 01:28:22,992 - am_common - INFO - Loaded: 439 cards from lean_analytics.dataset.jsonl
2025-11-01 01:28:22,993 - am_common - INFO - Saving dataset: C:\scripts\1repo\data\datasets\final\lean_analytics.dataset.jsonl (439 cards)
2025-11-01 01:28:23,003 - am_common - INFO - Saved: 439 cards to lean_analytics.dataset.jsonl (1.36 MB)
2025-11-01 01:28:23,003 - quality_tracker - INFO - Starting: track_quality
2025-11-01 01:28:23,004 - quality_tracker - INFO - finalize metrics:
2025-11-01 01:28:23,004 - quality_tracker - INFO -   total_cards: 439
2025-11-01 01:28:23,004 - quality_tracker - INFO -   validation_errors: 0
2025-11-01 01:28:23,004 - quality_tracker - INFO -   validation_warnings: 110
2025-11-01 01:28:23,004 - quality_tracker - INFO -   avg_completeness: 0.5450
2025-11-01 01:28:23,004 - quality_tracker - INFO -   cards_with_structure: 326
2025-11-01 01:28:23,004 - quality_tracker - INFO -   structure_coverage: 0.7426
2025-11-01 01:28:23,004 - quality_tracker - INFO -   cards_with_summaries: 412
2025-11-01 01:28:23,004 - quality_tracker - INFO -   summary_coverage: 0.9385
2025-11-01 01:28:23,004 - quality_tracker - INFO--- Logging error ---
Traceback (most recent call last):
  File "C:\Users\Dimon\AppData\Local\Programs\Python\Python313\Lib\logging\__init__.py", line 1154, in emit
    stream.write(msg + self.terminator)
    ~~~~~~~~~~~~^^^^^^^^^^^^^^^^^^^^^^^
  File "C:\Users\Dimon\AppData\Local\Programs\Python\Python313\Lib\site-packages\colorama\ansitowin32.py", line 47, in write
    self.__convertor.write(text)
    ~~~~~~~~~~~~~~~~~~~~~~^^^^^^
  File "C:\Users\Dimon\AppData\Local\Programs\Python\Python313\Lib\site-packages\colorama\ansitowin32.py", line 177, in write
    self.write_and_convert(text)
    ~~~~~~~~~~~~~~~~~~~~~~^^^^^^
  File "C:\Users\Dimon\AppData\Local\Programs\Python\Python313\Lib\site-packages\colorama\ansitowin32.py", line 205, in write_and_convert
    self.write_plain_text(text, cursor, len(text))
    ~~~~~~~~~~~~~~~~~~~~~^^^^^^^^^^^^^^^^^^^^^^^^^
  File "C:\Users\Dimon\AppData\Local\Programs\Python\Python313\Lib\site-packages\colorama\ansitowin32.py", line 210, in write_plain_text
    self.wrapped.write(text[start:end])
    ~~~~~~~~~~~~~~~~~~^^^^^^^^^^^^^^^^^
  File "C:\Users\Dimon\AppData\Local\Programs\Python\Python313\Lib\encodings\cp1251.py", line 19, in encode
    return codecs.charmap_encode(input,self.errors,encoding_table)[0]
           ~~~~~~~~~~~~~~~~~~~~~^^^^^^^^^^^^^^^^^^^^^^^^^^^^^^^^^^
UnicodeEncodeError: 'charmap' codec can't encode character '\u2713' in position 3: character maps to <undefined>
Call stack:
  File "C:\scripts\1repo\run_mvp.py", line 680, in <module>
    main()
  File "C:\scripts\1repo\run_mvp.py", line 652, in main
    results = orchestrator.run_single(
  File "C:\scripts\1repo\run_mvp.py", line 226, in run_single
    stage_result = self._run_stage(stage, current_input)
  File "C:\scripts\1repo\run_mvp.py", line 419, in _run_stage
    return processor.process_dataset(input_path, output_dir)
  File "C:\scripts\1repo\am_finalize.py", line 278, in process_dataset
    self.quality_tracker.track('finalize', input_path.name, metrics)
  File "C:\scripts\1repo\quality_tracker.py", line 171, in track
    logger.info(f"\u2713 Quality thresholds passed for {stage}")
Message: '\u2713 Quality thresholds passed for finalize'
Arguments: ()
2025-11-01 01:28:23,005 - quality_tracker - INFO - Completed: track_quality (0.00s)
2025-11-01 01:28:23,005 - am_finalize - INFO - Saved: lean_analytics.dataset.jsonl
2025-11-01 01:28:23,006 - __main__ - ERROR - Validation failed: Unknown stage: finalize
2025-11-01 01:28:23,006 - __main__ - WARNING - Validation issues: 1 errors
2025-11-01 01:28:23,006 - __main__ - INFO - ============================================================
2025-11-01 01:28:23,006 - __main__ - INFO--- Logging error ---
Traceback (most recent call last):
  File "C:\Users\Dimon\AppData\Local\Programs\Python\Python313\Lib\logging\__init__.py", line 1154, in emit
    stream.write(msg + self.terminator)
    ~~~~~~~~~~~~^^^^^^^^^^^^^^^^^^^^^^^
  File "C:\Users\Dimon\AppData\Local\Programs\Python\Python313\Lib\site-packages\colorama\ansitowin32.py", line 47, in write
    self.__convertor.write(text)
    ~~~~~~~~~~~~~~~~~~~~~~^^^^^^
  File "C:\Users\Dimon\AppData\Local\Programs\Python\Python313\Lib\site-packages\colorama\ansitowin32.py", line 177, in write
    self.write_and_convert(text)
    ~~~~~~~~~~~~~~~~~~~~~~^^^^^^
  File "C:\Users\Dimon\AppData\Local\Programs\Python\Python313\Lib\site-packages\colorama\ansitowin32.py", line 205, in write_and_convert
    self.write_plain_text(text, cursor, len(text))
    ~~~~~~~~~~~~~~~~~~~~~^^^^^^^^^^^^^^^^^^^^^^^^^
  File "C:\Users\Dimon\AppData\Local\Programs\Python\Python313\Lib\site-packages\colorama\ansitowin32.py", line 210, in write_plain_text
    self.wrapped.write(text[start:end])
    ~~~~~~~~~~~~~~~~~~^^^^^^^^^^^^^^^^^
  File "C:\Users\Dimon\AppData\Local\Programs\Python\Python313\Lib\encodings\cp1251.py", line 19, in encode
    return codecs.charmap_encode(input,self.errors,encoding_table)[0]
           ~~~~~~~~~~~~~~~~~~~~~^^^^^^^^^^^^^^^^^^^^^^^^^^^^^^^^^^
UnicodeEncodeError: 'charmap' codec can't encode character '\u2705' in position 5: character maps to <undefined>
Call stack:
  File "C:\scripts\1repo\run_mvp.py", line 680, in <module>
    main()
  File "C:\scripts\1repo\run_mvp.py", line 652, in main
    results = orchestrator.run_single(
  File "C:\scripts\1repo\run_mvp.py", line 253, in run_single
    log_stage(logger, stage, "Completed")
  File "C:\scripts\1repo\am_logging.py", line 613, in log_stage
    log_section(logger, f"{emoji} {action}: {stage.upper()}", "INFO")
  File "C:\scripts\1repo\am_logging.py", line 588, in log_section
    log_func(f"  {title}")
Message: '  \u2705 Completed: FINALIZE'
Arguments: ()
2025-11-01 01:28:23,007 - __main__ - INFO - ============================================================
2025-11-01 01:28:23,007 - __main__ - INFO - ============================================================
2025-11-01 01:28:23,007 - __main__ - INFO--- Logging error ---
Traceback (most recent call last):
  File "C:\Users\Dimon\AppData\Local\Programs\Python\Python313\Lib\logging\__init__.py", line 1154, in emit
    stream.write(msg + self.terminator)
    ~~~~~~~~~~~~^^^^^^^^^^^^^^^^^^^^^^^
  File "C:\Users\Dimon\AppData\Local\Programs\Python\Python313\Lib\site-packages\colorama\ansitowin32.py", line 47, in write
    self.__convertor.write(text)
    ~~~~~~~~~~~~~~~~~~~~~~^^^^^^
  File "C:\Users\Dimon\AppData\Local\Programs\Python\Python313\Lib\site-packages\colorama\ansitowin32.py", line 177, in write
    self.write_and_convert(text)
    ~~~~~~~~~~~~~~~~~~~~~~^^^^^^
  File "C:\Users\Dimon\AppData\Local\Programs\Python\Python313\Lib\site-packages\colorama\ansitowin32.py", line 205, in write_and_convert
    self.write_plain_text(text, cursor, len(text))
    ~~~~~~~~~~~~~~~~~~~~~^^^^^^^^^^^^^^^^^^^^^^^^^
  File "C:\Users\Dimon\AppData\Local\Programs\Python\Python313\Lib\site-packages\colorama\ansitowin32.py", line 210, in write_plain_text
    self.wrapped.write(text[start:end])
    ~~~~~~~~~~~~~~~~~~^^^^^^^^^^^^^^^^^
  File "C:\Users\Dimon\AppData\Local\Programs\Python\Python313\Lib\encodings\cp1251.py", line 19, in encode
    return codecs.charmap_encode(input,self.errors,encoding_table)[0]
           ~~~~~~~~~~~~~~~~~~~~~^^^^^^^^^^^^^^^^^^^^^^^^^^^^^^^^^^
UnicodeEncodeError: 'charmap' codec can't encode character '\U0001f9e9' in position 5: character maps to <undefined>
Call stack:
  File "C:\scripts\1repo\run_mvp.py", line 680, in <module>
    main()
  File "C:\scripts\1repo\run_mvp.py", line 652, in main
    results = orchestrator.run_single(
  File "C:\scripts\1repo\run_mvp.py", line 222, in run_single
    log_stage(logger, stage, "Starting")
  File "C:\scripts\1repo\am_logging.py", line 613, in log_stage
    log_section(logger, f"{emoji} {action}: {stage.upper()}", "INFO")
  File "C:\scripts\1repo\am_logging.py", line 588, in log_section
    log_func(f"  {title}")
Message: '  \U0001f9e9 Starting: CHUNK'
Arguments: ()
2025-11-01 01:28:23,007 - __main__ - INFO - ============================================================
2025-11-01 01:28:23,007 - am_common - INFO - Loading config: config\batch_full.yaml
2025-11-01 01:28:23,021 - am_common - INFO - Config loaded successfully
2025-11-01 01:28:23,099 - am_chunk - INFO - Processing: lean_analytics.dataset.jsonl
2025-11-01 01:28:23,099 - am_common - INFO - Loading dataset: C:\scripts\1repo\data\datasets\final\lean_analytics.dataset.jsonl
2025-11-01 01:28:23,118 - am_common - INFO - Loaded: 439 cards from lean_analytics.dataset.jsonl
2025-11-01 01:28:23,307 - am_chunk - INFO - Created 550 chunks from 439 pages
2025-11-01 01:28:23,317 - quality_tracker - INFO - Starting: track_quality
2025-11-01 01:28:23,325 - quality_tracker - INFO - chunk metrics:
2025-11-01 01:28:23,325 - quality_tracker - INFO -   total_chunks: 550
2025-11-01 01:28:23,325 - quality_tracker - INFO -   chunks_per_page: 1.2528
2025-11-01 01:28:23,325 - quality_tracker - INFO -   avg_chunk_tokens: 364.6873
2025-11-01 01:28:23,325 - quality_tracker - INFO -   min_chunk_tokens: 107
2025-11-01 01:28:23,325 - quality_tracker - INFO -   max_chunk_tokens: 833
2025-11-01 01:28:23,325 - quality_tracker - INFO -   token_distribution: {'0-100': 0, '100-300': 191, '300-512': 344, '512+': 15}
2025-11-01 01:28:23,325 - quality_tracker - INFO -   context_completeness: 1.0000
2025-11-01 01:28:23,325 - quality_tracker - INFO--- Logging error ---
Traceback (most recent call last):
  File "C:\Users\Dimon\AppData\Local\Programs\Python\Python313\Lib\logging\__init__.py", line 1154, in emit
    stream.write(msg + self.terminator)
    ~~~~~~~~~~~~^^^^^^^^^^^^^^^^^^^^^^^
  File "C:\Users\Dimon\AppData\Local\Programs\Python\Python313\Lib\site-packages\colorama\ansitowin32.py", line 47, in write
    self.__convertor.write(text)
    ~~~~~~~~~~~~~~~~~~~~~~^^^^^^
  File "C:\Users\Dimon\AppData\Local\Programs\Python\Python313\Lib\site-packages\colorama\ansitowin32.py", line 177, in write
    self.write_and_convert(text)
    ~~~~~~~~~~~~~~~~~~~~~~^^^^^^
  File "C:\Users\Dimon\AppData\Local\Programs\Python\Python313\Lib\site-packages\colorama\ansitowin32.py", line 205, in write_and_convert
    self.write_plain_text(text, cursor, len(text))
    ~~~~~~~~~~~~~~~~~~~~~^^^^^^^^^^^^^^^^^^^^^^^^^
  File "C:\Users\Dimon\AppData\Local\Programs\Python\Python313\Lib\site-packages\colorama\ansitowin32.py", line 210, in write_plain_text
    self.wrapped.write(text[start:end])
    ~~~~~~~~~~~~~~~~~~^^^^^^^^^^^^^^^^^
  File "C:\Users\Dimon\AppData\Local\Programs\Python\Python313\Lib\encodings\cp1251.py", line 19, in encode
    return codecs.charmap_encode(input,self.errors,encoding_table)[0]
           ~~~~~~~~~~~~~~~~~~~~~^^^^^^^^^^^^^^^^^^^^^^^^^^^^^^^^^^
UnicodeEncodeError: 'charmap' codec can't encode character '\u2713' in position 3: character maps to <undefined>
Call stack:
  File "C:\scripts\1repo\run_mvp.py", line 680, in <module>
    main()
  File "C:\scripts\1repo\run_mvp.py", line 652, in main
    results = orchestrator.run_single(
  File "C:\scripts\1repo\run_mvp.py", line 226, in run_single
    stage_result = self._run_stage(stage, current_input)
  File "C:\scripts\1repo\run_mvp.py", line 419, in _run_stage
    return processor.process_dataset(input_path, output_dir)
  File "C:\scripts\1repo\am_chunk.py", line 309, in process_dataset
    self.quality_tracker.track('chunk', input_path.name, metrics)
  File "C:\scripts\1repo\quality_tracker.py", line 171, in track
    logger.info(f"\u2713 Quality thresholds passed for {stage}")
Message: '\u2713 Quality thresholds passed for chunk'
Arguments: ()
2025-11-01 01:28:23,326 - quality_tracker - INFO - Completed: track_quality (0.01s)
2025-11-01 01:28:23,326 - am_chunk - INFO - Saved: lean_analytics.dataset.chunks.jsonl
2025-11-01 01:28:23,327 - __main__ - ERROR - Validation failed: Unknown stage: chunk
2025-11-01 01:28:23,327 - __main__ - WARNING - Validation issues: 1 errors
2025-11-01 01:28:23,327 - __main__ - INFO - ============================================================
2025-11-01 01:28:23,327 - __main__ - INFO--- Logging error ---
Traceback (most recent call last):
  File "C:\Users\Dimon\AppData\Local\Programs\Python\Python313\Lib\logging\__init__.py", line 1154, in emit
    stream.write(msg + self.terminator)
    ~~~~~~~~~~~~^^^^^^^^^^^^^^^^^^^^^^^
  File "C:\Users\Dimon\AppData\Local\Programs\Python\Python313\Lib\site-packages\colorama\ansitowin32.py", line 47, in write
    self.__convertor.write(text)
    ~~~~~~~~~~~~~~~~~~~~~~^^^^^^
  File "C:\Users\Dimon\AppData\Local\Programs\Python\Python313\Lib\site-packages\colorama\ansitowin32.py", line 177, in write
    self.write_and_convert(text)
    ~~~~~~~~~~~~~~~~~~~~~~^^^^^^
  File "C:\Users\Dimon\AppData\Local\Programs\Python\Python313\Lib\site-packages\colorama\ansitowin32.py", line 205, in write_and_convert
    self.write_plain_text(text, cursor, len(text))
    ~~~~~~~~~~~~~~~~~~~~~^^^^^^^^^^^^^^^^^^^^^^^^^
  File "C:\Users\Dimon\AppData\Local\Programs\Python\Python313\Lib\site-packages\colorama\ansitowin32.py", line 210, in write_plain_text
    self.wrapped.write(text[start:end])
    ~~~~~~~~~~~~~~~~~~^^^^^^^^^^^^^^^^^
  File "C:\Users\Dimon\AppData\Local\Programs\Python\Python313\Lib\encodings\cp1251.py", line 19, in encode
    return codecs.charmap_encode(input,self.errors,encoding_table)[0]
           ~~~~~~~~~~~~~~~~~~~~~^^^^^^^^^^^^^^^^^^^^^^^^^^^^^^^^^^
UnicodeEncodeError: 'charmap' codec can't encode character '\U0001f9e9' in position 5: character maps to <undefined>
Call stack:
  File "C:\scripts\1repo\run_mvp.py", line 680, in <module>
    main()
  File "C:\scripts\1repo\run_mvp.py", line 652, in main
    results = orchestrator.run_single(
  File "C:\scripts\1repo\run_mvp.py", line 253, in run_single
    log_stage(logger, stage, "Completed")
  File "C:\scripts\1repo\am_logging.py", line 613, in log_stage
    log_section(logger, f"{emoji} {action}: {stage.upper()}", "INFO")
  File "C:\scripts\1repo\am_logging.py", line 588, in log_section
    log_func(f"  {title}")
Message: '  \U0001f9e9 Completed: CHUNK'
Arguments: ()
2025-11-01 01:28:23,328 - __main__ - INFO - ============================================================
2025-11-01 01:28:23,328 - __main__ - INFO - ============================================================
2025-11-01 01:28:23,328 - __main__ - INFO--- Logging error ---
Traceback (most recent call last):
  File "C:\Users\Dimon\AppData\Local\Programs\Python\Python313\Lib\logging\__init__.py", line 1154, in emit
    stream.write(msg + self.terminator)
    ~~~~~~~~~~~~^^^^^^^^^^^^^^^^^^^^^^^
  File "C:\Users\Dimon\AppData\Local\Programs\Python\Python313\Lib\site-packages\colorama\ansitowin32.py", line 47, in write
    self.__convertor.write(text)
    ~~~~~~~~~~~~~~~~~~~~~~^^^^^^
  File "C:\Users\Dimon\AppData\Local\Programs\Python\Python313\Lib\site-packages\colorama\ansitowin32.py", line 177, in write
    self.write_and_convert(text)
    ~~~~~~~~~~~~~~~~~~~~~~^^^^^^
  File "C:\Users\Dimon\AppData\Local\Programs\Python\Python313\Lib\site-packages\colorama\ansitowin32.py", line 205, in write_and_convert
    self.write_plain_text(text, cursor, len(text))
    ~~~~~~~~~~~~~~~~~~~~~^^^^^^^^^^^^^^^^^^^^^^^^^
  File "C:\Users\Dimon\AppData\Local\Programs\Python\Python313\Lib\site-packages\colorama\ansitowin32.py", line 210, in write_plain_text
    self.wrapped.write(text[start:end])
    ~~~~~~~~~~~~~~~~~~^^^^^^^^^^^^^^^^^
  File "C:\Users\Dimon\AppData\Local\Programs\Python\Python313\Lib\encodings\cp1251.py", line 19, in encode
    return codecs.charmap_encode(input,self.errors,encoding_table)[0]
           ~~~~~~~~~~~~~~~~~~~~~^^^^^^^^^^^^^^^^^^^^^^^^^^^^^^^^^^
UnicodeEncodeError: 'charmap' codec can't encode character '\U0001f522' in position 5: character maps to <undefined>
Call stack:
  File "C:\scripts\1repo\run_mvp.py", line 680, in <module>
    main()
  File "C:\scripts\1repo\run_mvp.py", line 652, in main
    results = orchestrator.run_single(
  File "C:\scripts\1repo\run_mvp.py", line 222, in run_single
    log_stage(logger, stage, "Starting")
  File "C:\scripts\1repo\am_logging.py", line 613, in log_stage
    log_section(logger, f"{emoji} {action}: {stage.upper()}", "INFO")
  File "C:\scripts\1repo\am_logging.py", line 588, in log_section
    log_func(f"  {title}")
Message: '  \U0001f522 Starting: EMBED'
Arguments: ()
2025-11-01 01:28:23,329 - __main__ - INFO - ============================================================
2025-11-01 01:28:23,329 - am_common - INFO - Loading config: config\batch_full.yaml
2025-11-01 01:28:23,343 - am_common - INFO - Config loaded successfully
2025-11-01 01:28:23,343 - am_embed - INFO - [sentence-transformers] Loading model: all-MiniLM-L6-v2
2025-11-01 01:28:23,343 - sentence_transformers.SentenceTransformer - INFO - Use pytorch device_name: cpu
2025-11-01 01:28:23,343 - sentence_transformers.SentenceTransformer - INFO - Load pretrained SentenceTransformer: all-MiniLM-L6-v2
2025-11-01 01:28:26,940 - am_embed - INFO - [sentence-transformers] Embedding dimension: 384
2025-11-01 01:28:26,940 - am_embed - INFO - Processing: lean_analytics.dataset.chunks.jsonl
2025-11-01 01:28:26,959 - am_embed - INFO - Loaded 550 chunks
2025-11-01 01:28:26,959 - am_embed - INFO - Encoding 550 chunks in 18 batches
2025-11-01 01:28:29,955 - am_embed - INFO - Processed batch 10/18
2025-11-01 01:28:32,132 - am_embed - INFO - Encoded 550 embeddings, 0 failures
2025-11-01 01:28:32,132 - am_embed - INFO - Building FAISS index: flat, metric=cosine
2025-11-01 01:28:32,132 - am_embed - INFO - Vectors: 550, Dimension: 384
2025-11-01 01:28:32,132 - am_embed - INFO - FAISS index built: 550 vectors
2025-11-01 01:28:32,133 - am_embed - INFO - Saved FAISS index: lean_analytics.dataset.faiss (825.04 KB)
2025-11-01 01:28:32,137 - am_embed - INFO - Saved metadata: lean_analytics.dataset.pkl (965.22 KB)
2025-11-01 01:28:32,137 - quality_tracker - INFO - Starting: track_quality
2025-11-01 01:28:32,138 - quality_tracker - INFO - embed metrics:
2025-11-01 01:28:32,138 - quality_tracker - INFO -   total_vectors: 550
2025-11-01 01:28:32,138 - quality_tracker - INFO -   embedding_dim: 384
2025-11-01 01:28:32,138 - quality_tracker - INFO -   embedding_failures: 0
2025-11-01 01:28:32,138 - quality_tracker - INFO -   failure_rate: 0.0000
2025-11-01 01:28:32,138 - quality_tracker - INFO -   avg_norm: 1.0000
2025-11-01 01:28:32,138 - quality_tracker - INFO -   min_norm: 1.0000
2025-11-01 01:28:32,138 - quality_tracker - INFO -   max_norm: 1.0000
2025-11-01 01:28:32,138 - quality_tracker - INFO--- Logging error ---
Traceback (most recent call last):
  File "C:\Users\Dimon\AppData\Local\Programs\Python\Python313\Lib\logging\__init__.py", line 1154, in emit
    stream.write(msg + self.terminator)
    ~~~~~~~~~~~~^^^^^^^^^^^^^^^^^^^^^^^
  File "C:\Users\Dimon\AppData\Local\Programs\Python\Python313\Lib\site-packages\colorama\ansitowin32.py", line 47, in write
    self.__convertor.write(text)
    ~~~~~~~~~~~~~~~~~~~~~~^^^^^^
  File "C:\Users\Dimon\AppData\Local\Programs\Python\Python313\Lib\site-packages\colorama\ansitowin32.py", line 177, in write
    self.write_and_convert(text)
    ~~~~~~~~~~~~~~~~~~~~~~^^^^^^
  File "C:\Users\Dimon\AppData\Local\Programs\Python\Python313\Lib\site-packages\colorama\ansitowin32.py", line 205, in write_and_convert
    self.write_plain_text(text, cursor, len(text))
    ~~~~~~~~~~~~~~~~~~~~~^^^^^^^^^^^^^^^^^^^^^^^^^
  File "C:\Users\Dimon\AppData\Local\Programs\Python\Python313\Lib\site-packages\colorama\ansitowin32.py", line 210, in write_plain_text
    self.wrapped.write(text[start:end])
    ~~~~~~~~~~~~~~~~~~^^^^^^^^^^^^^^^^^
  File "C:\Users\Dimon\AppData\Local\Programs\Python\Python313\Lib\encodings\cp1251.py", line 19, in encode
    return codecs.charmap_encode(input,self.errors,encoding_table)[0]
           ~~~~~~~~~~~~~~~~~~~~~^^^^^^^^^^^^^^^^^^^^^^^^^^^^^^^^^^
UnicodeEncodeError: 'charmap' codec can't encode character '\u2713' in position 3: character maps to <undefined>
Call stack:
  File "C:\scripts\1repo\run_mvp.py", line 680, in <module>
    main()
  File "C:\scripts\1repo\run_mvp.py", line 652, in main
    results = orchestrator.run_single(
  File "C:\scripts\1repo\run_mvp.py", line 226, in run_single
    stage_result = self._run_stage(stage, current_input)
  File "C:\scripts\1repo\run_mvp.py", line 428, in _run_stage
    return processor.process_chunks(input_path, output_dir=None)
  File "C:\scripts\1repo\am_embed.py", line 426, in process_chunks
    self.quality_tracker.track('embed', chunks_path.name, metrics)
  File "C:\scripts\1repo\quality_tracker.py", line 171, in track
    logger.info(f"\u2713 Quality thresholds passed for {stage}")
Message: '\u2713 Quality thresholds passed for embed'
Arguments: ()
2025-11-01 01:28:32,139 - quality_tracker - INFO - Completed: track_quality (0.00s)
2025-11-01 01:28:32,139 - am_embed - INFO - Saved: lean_analytics.dataset.faiss, lean_analytics.dataset.pkl
2025-11-01 01:28:32,140 - __main__ - INFO - ============================================================
2025-11-01 01:28:32,140 - __main__ - INFO--- Logging error ---
Traceback (most recent call last):
  File "C:\Users\Dimon\AppData\Local\Programs\Python\Python313\Lib\logging\__init__.py", line 1154, in emit
    stream.write(msg + self.terminator)
    ~~~~~~~~~~~~^^^^^^^^^^^^^^^^^^^^^^^
  File "C:\Users\Dimon\AppData\Local\Programs\Python\Python313\Lib\site-packages\colorama\ansitowin32.py", line 47, in write
    self.__convertor.write(text)
    ~~~~~~~~~~~~~~~~~~~~~~^^^^^^
  File "C:\Users\Dimon\AppData\Local\Programs\Python\Python313\Lib\site-packages\colorama\ansitowin32.py", line 177, in write
    self.write_and_convert(text)
    ~~~~~~~~~~~~~~~~~~~~~~^^^^^^
  File "C:\Users\Dimon\AppData\Local\Programs\Python\Python313\Lib\site-packages\colorama\ansitowin32.py", line 205, in write_and_convert
    self.write_plain_text(text, cursor, len(text))
    ~~~~~~~~~~~~~~~~~~~~~^^^^^^^^^^^^^^^^^^^^^^^^^
  File "C:\Users\Dimon\AppData\Local\Programs\Python\Python313\Lib\site-packages\colorama\ansitowin32.py", line 210, in write_plain_text
    self.wrapped.write(text[start:end])
    ~~~~~~~~~~~~~~~~~~^^^^^^^^^^^^^^^^^
  File "C:\Users\Dimon\AppData\Local\Programs\Python\Python313\Lib\encodings\cp1251.py", line 19, in encode
    return codecs.charmap_encode(input,self.errors,encoding_table)[0]
           ~~~~~~~~~~~~~~~~~~~~~^^^^^^^^^^^^^^^^^^^^^^^^^^^^^^^^^^
UnicodeEncodeError: 'charmap' codec can't encode character '\U0001f522' in position 5: character maps to <undefined>
Call stack:
  File "C:\scripts\1repo\run_mvp.py", line 680, in <module>
    main()
  File "C:\scripts\1repo\run_mvp.py", line 652, in main
    results = orchestrator.run_single(
  File "C:\scripts\1repo\run_mvp.py", line 253, in run_single
    log_stage(logger, stage, "Completed")
  File "C:\scripts\1repo\am_logging.py", line 613, in log_stage
    log_section(logger, f"{emoji} {action}: {stage.upper()}", "INFO")
  File "C:\scripts\1repo\am_logging.py", line 588, in log_section
    log_func(f"  {title}")
Message: '  \U0001f522 Completed: EMBED'
Arguments: ()
2025-11-01 01:28:32,140 - __main__ - INFO - ============================================================
2025-11-01 01:28:32,140 - __main__ - INFO - Pipeline status: completed
2025-11-01 01:28:32,140 - __main__ - INFO - Completed: run_single_pipeline (164.13s)
2025-11-01 01:28:32,140 - __main__ - INFO - ============================================================
2025-11-01 01:28:32,140 - __main__ - INFO--- Logging error ---
Traceback (most recent call last):
  File "C:\Users\Dimon\AppData\Local\Programs\Python\Python313\Lib\logging\__init__.py", line 1154, in emit
    stream.write(msg + self.terminator)
    ~~~~~~~~~~~~^^^^^^^^^^^^^^^^^^^^^^^
  File "C:\Users\Dimon\AppData\Local\Programs\Python\Python313\Lib\site-packages\colorama\ansitowin32.py", line 47, in write
    self.__convertor.write(text)
    ~~~~~~~~~~~~~~~~~~~~~~^^^^^^
  File "C:\Users\Dimon\AppData\Local\Programs\Python\Python313\Lib\site-packages\colorama\ansitowin32.py", line 177, in write
    self.write_and_convert(text)
    ~~~~~~~~~~~~~~~~~~~~~~^^^^^^
  File "C:\Users\Dimon\AppData\Local\Programs\Python\Python313\Lib\site-packages\colorama\ansitowin32.py", line 205, in write_and_convert
    self.write_plain_text(text, cursor, len(text))
    ~~~~~~~~~~~~~~~~~~~~~^^^^^^^^^^^^^^^^^^^^^^^^^
  File "C:\Users\Dimon\AppData\Local\Programs\Python\Python313\Lib\site-packages\colorama\ansitowin32.py", line 210, in write_plain_text
    self.wrapped.write(text[start:end])
    ~~~~~~~~~~~~~~~~~~^^^^^^^^^^^^^^^^^
  File "C:\Users\Dimon\AppData\Local\Programs\Python\Python313\Lib\encodings\cp1251.py", line 19, in encode
    return codecs.charmap_encode(input,self.errors,encoding_table)[0]
           ~~~~~~~~~~~~~~~~~~~~~^^^^^^^^^^^^^^^^^^^^^^^^^^^^^^^^^^
UnicodeEncodeError: 'charmap' codec can't encode character '\U0001f4ca' in position 5: character maps to <undefined>
Call stack:
  File "C:\scripts\1repo\run_mvp.py", line 680, in <module>
    main()
  File "C:\scripts\1repo\run_mvp.py", line 660, in main
    orchestrator.generate_reports()
  File "C:\scripts\1repo\run_mvp.py", line 502, in generate_reports
    log_section(logger, "\U0001f4ca FINAL REPORTS", "INFO")
  File "C:\scripts\1repo\am_logging.py", line 588, in log_section
    log_func(f"  {title}")
Message: '  \U0001f4ca FINAL REPORTS'
Arguments: ()
2025-11-01 01:28:32,141 - __main__ - INFO - ============================================================
2025-11-01 01:28:32,141 - __main__ - INFO - ============================================================
2025-11-01 01:28:32,141 - __main__ - INFO -   Performance Summary
2025-11-01 01:28:32,141 - __main__ - INFO - ============================================================
2025-11-01 01:28:32,141 - __main__ - INFO - 
run_single_pipeline:
2025-11-01 01:28:32,141 - __main__ - INFO -   Count: 1
2025-11-01 01:28:32,141 - __main__ - INFO -   Total: 164.13s
2025-11-01 01:28:32,141 - __main__ - INFO -   Avg: 164.13s
2025-11-01 01:28:32,141 - __main__ - INFO -   Min: 164.13s
2025-11-01 01:28:32,141 - __main__ - INFO -   Max: 164.13s
2025-11-01 01:28:32,141 - __main__ - INFO - 
track_quality:
2025-11-01 01:28:32,141 - __main__ - INFO -   Count: 7
2025-11-01 01:28:32,141 - __main__ - INFO -   Total: 0.03s
2025-11-01 01:28:32,142 - __main__ - INFO -   Avg: 0.00s
2025-11-01 01:28:32,142 - __main__ - INFO -   Min: 0.00s
2025-11-01 01:28:32,142 - __main__ - INFO -   Max: 0.01s
2025-11-01 01:28:32,142 - __main__ - INFO - No errors or warnings recorded
2025-11-01 01:28:32,142 - __main__ - INFO - 
2025-11-01 01:28:32,142 - quality_tracker - INFO - Starting: generate_quality_report
2025-11-01 01:28:32,143 - quality_tracker - INFO - Quality report saved: C:\scripts\1repo\data\quality\quality_report_20251101_012832.json
2025-11-01 01:28:32,143 - quality_tracker - INFO - Completed: generate_quality_report (0.00s)
2025-11-01 01:28:32,144 - quality_tracker - INFO - ============================================================
2025-11-01 01:28:32,144 - quality_tracker - INFO -   QUALITY REPORT
2025-11-01 01:28:32,144 - quality_tracker - INFO - ============================================================
2025-11-01 01:28:32,144 - quality_tracker - INFO - Generated: 2025-10-31T22:28:32Z
2025-11-01 01:28:32,144 - quality_tracker - INFO - Version: 2.0.0

2025-11-01 01:28:32,144 - quality_tracker - INFO - ------------------------------------------------------------
2025-11-01 01:28:32,144 - quality_tracker - INFO -   Stage: STRUCTURAL
2025-11-01 01:28:32,144 - quality_tracker - INFO - ------------------------------------------------------------
2025-11-01 01:28:32,144 - quality_tracker - INFO - Summary:
2025-11-01 01:28:32,144 - quality_tracker - INFO -   total_runs: 1
2025-11-01 01:28:32,144 - quality_tracker - INFO -   passed_threshold: 1
2025-11-01 01:28:32,144 - quality_tracker - INFO -   failed_threshold: 0
2025-11-01 01:28:32,144 - quality_tracker - INFO -   pass_rate: 100.0%
2025-11-01 01:28:32,144 - quality_tracker - INFO - 
Recent trend (last 1 runs):
2025-11-01 01:28:32,144 - quality_tracker - INFO -   Pass rate: 100.0%
2025-11-01 01:28:32,144 - quality_tracker - INFO - 
2025-11-01 01:28:32,144 - quality_tracker - INFO - ------------------------------------------------------------
2025-11-01 01:28:32,144 - quality_tracker - INFO -   Stage: STRUCTURE_DETECT
2025-11-01 01:28:32,144 - quality_tracker - INFO - ------------------------------------------------------------
2025-11-01 01:28:32,144 - quality_tracker - INFO - Summary:
2025-11-01 01:28:32,144 - quality_tracker - INFO -   total_runs: 1
2025-11-01 01:28:32,144 - quality_tracker - INFO -   passed_threshold: 1
2025-11-01 01:28:32,144 - quality_tracker - INFO -   failed_threshold: 0
2025-11-01 01:28:32,144 - quality_tracker - INFO -   pass_rate: 100.0%
2025-11-01 01:28:32,144 - quality_tracker - INFO - 
Recent trend (last 1 runs):
2025-11-01 01:28:32,144 - quality_tracker - INFO -   Pass rate: 100.0%
2025-11-01 01:28:32,144 - quality_tracker - INFO - 
2025-11-01 01:28:32,144 - quality_tracker - INFO - ------------------------------------------------------------
2025-11-01 01:28:32,144 - quality_tracker - INFO -   Stage: SUMMARIZE
2025-11-01 01:28:32,144 - quality_tracker - INFO - ------------------------------------------------------------
2025-11-01 01:28:32,145 - quality_tracker - INFO - Summary:
2025-11-01 01:28:32,145 - quality_tracker - INFO -   total_runs: 1
2025-11-01 01:28:32,145 - quality_tracker - INFO -   passed_threshold: 1
2025-11-01 01:28:32,145 - quality_tracker - INFO -   failed_threshold: 0
2025-11-01 01:28:32,145 - quality_tracker - INFO -   pass_rate: 100.0%
2025-11-01 01:28:32,145 - quality_tracker - INFO - 
Recent trend (last 1 runs):
2025-11-01 01:28:32,145 - quality_tracker - INFO -   Pass rate: 100.0%
2025-11-01 01:28:32,145 - quality_tracker - INFO - 
2025-11-01 01:28:32,145 - quality_tracker - INFO - ------------------------------------------------------------
2025-11-01 01:28:32,145 - quality_tracker - INFO -   Stage: EXTENDED
2025-11-01 01:28:32,145 - quality_tracker - INFO - ------------------------------------------------------------
2025-11-01 01:28:32,145 - quality_tracker - INFO - Summary:
2025-11-01 01:28:32,145 - quality_tracker - INFO -   total_runs: 1
2025-11-01 01:28:32,145 - quality_tracker - INFO -   passed_threshold: 1
2025-11-01 01:28:32,145 - quality_tracker - INFO -   failed_threshold: 0
2025-11-01 01:28:32,145 - quality_tracker - INFO -   pass_rate: 100.0%
2025-11-01 01:28:32,145 - quality_tracker - INFO - 
Recent trend (last 1 runs):
2025-11-01 01:28:32,145 - quality_tracker - INFO -   Pass rate: 100.0%
2025-11-01 01:28:32,145 - quality_tracker - INFO - 
2025-11-01 01:28:32,145 - quality_tracker - INFO - ------------------------------------------------------------
2025-11-01 01:28:32,145 - quality_tracker - INFO -   Stage: FINALIZE
2025-11-01 01:28:32,145 - quality_tracker - INFO - ------------------------------------------------------------
2025-11-01 01:28:32,145 - quality_tracker - INFO - Summary:
2025-11-01 01:28:32,145 - quality_tracker - INFO -   total_runs: 1
2025-11-01 01:28:32,145 - quality_tracker - INFO -   passed_threshold: 1
2025-11-01 01:28:32,145 - quality_tracker - INFO -   failed_threshold: 0
2025-11-01 01:28:32,145 - quality_tracker - INFO -   pass_rate: 100.0%
2025-11-01 01:28:32,145 - quality_tracker - INFO - 
Recent trend (last 1 runs):
2025-11-01 01:28:32,145 - quality_tracker - INFO -   Pass rate: 100.0%
2025-11-01 01:28:32,145 - quality_tracker - INFO - 
2025-11-01 01:28:32,145 - quality_tracker - INFO - ------------------------------------------------------------
2025-11-01 01:28:32,145 - quality_tracker - INFO -   Stage: CHUNK
2025-11-01 01:28:32,145 - quality_tracker - INFO - ------------------------------------------------------------
2025-11-01 01:28:32,146 - quality_tracker - INFO - Summary:
2025-11-01 01:28:32,146 - quality_tracker - INFO -   total_runs: 1
2025-11-01 01:28:32,146 - quality_tracker - INFO -   passed_threshold: 1
2025-11-01 01:28:32,146 - quality_tracker - INFO -   failed_threshold: 0
2025-11-01 01:28:32,146 - quality_tracker - INFO -   pass_rate: 100.0%
2025-11-01 01:28:32,146 - quality_tracker - INFO - 
Recent trend (last 1 runs):
2025-11-01 01:28:32,146 - quality_tracker - INFO -   Pass rate: 100.0%
2025-11-01 01:28:32,146 - quality_tracker - INFO - 
2025-11-01 01:28:32,146 - quality_tracker - INFO - ------------------------------------------------------------
2025-11-01 01:28:32,146 - quality_tracker - INFO -   Stage: EMBED
2025-11-01 01:28:32,146 - quality_tracker - INFO - ------------------------------------------------------------
2025-11-01 01:28:32,146 - quality_tracker - INFO - Summary:
2025-11-01 01:28:32,146 - quality_tracker - INFO -   total_runs: 1
2025-11-01 01:28:32,146 - quality_tracker - INFO -   passed_threshold: 1
2025-11-01 01:28:32,146 - quality_tracker - INFO -   failed_threshold: 0
2025-11-01 01:28:32,146 - quality_tracker - INFO -   pass_rate: 100.0%
2025-11-01 01:28:32,146 - quality_tracker - INFO - 
Recent trend (last 1 runs):
2025-11-01 01:28:32,146 - quality_tracker - INFO -   Pass rate: 100.0%
2025-11-01 01:28:32,146 - quality_tracker - INFO - 
2025-11-01 01:28:32,146 - quality_tracker - INFO - ------------------------------------------------------------
2025-11-01 01:28:32,146 - quality_tracker - INFO -   PERFORMANCE SUMMARY
2025-11-01 01:28:32,146 - quality_tracker - INFO - ------------------------------------------------------------
2025-11-01 01:28:32,146 - quality_tracker - INFO - track_quality:
2025-11-01 01:28:32,146 - quality_tracker - INFO -   Count: 7, Avg: 0.00s
2025-11-01 01:28:32,146 - quality_tracker - INFO - run_single_pipeline:
2025-11-01 01:28:32,146 - quality_tracker - INFO -   Count: 1, Avg: 164.13s
2025-11-01 01:28:32,146 - __main__ - INFO - 
2025-11-01 01:28:32,146 - validate - INFO - ============================================================
2025-11-01 01:28:32,147 - validate - INFO -   Validation Summary
2025-11-01 01:28:32,147 - validate - INFO - ============================================================
2025-11-01 01:28:32,147 - validate - INFO - Overall Results:
2025-11-01 01:28:32,147 - validate - INFO -   total_datasets: 2
2025-11-01 01:28:32,147 - validate - INFO -   valid_datasets: 1
2025-11-01 01:28:32,147 - validate - INFO -   invalid_datasets: 1
2025-11-01 01:28:32,147 - validate - INFO -   total_errors: 2
2025-11-01 01:28:32,147 - validate - INFO -   total_warnings: 442
2025-11-01 01:28:32,147 - validate - INFO -   success_rate: 0.5000
2025-11-01 01:28:32,147 - validate - INFO -   timestamp: 2025-10-31T22:28:32.146987
2025-11-01 01:28:32,147 - validate - INFO - 
Per-dataset results:
2025-11-01 01:28:32,147 - validate - INFO--- Logging error ---
Traceback (most recent call last):
  File "C:\Users\Dimon\AppData\Local\Programs\Python\Python313\Lib\logging\__init__.py", line 1154, in emit
    stream.write(msg + self.terminator)
    ~~~~~~~~~~~~^^^^^^^^^^^^^^^^^^^^^^^
  File "C:\Users\Dimon\AppData\Local\Programs\Python\Python313\Lib\site-packages\colorama\ansitowin32.py", line 47, in write
    self.__convertor.write(text)
    ~~~~~~~~~~~~~~~~~~~~~~^^^^^^
  File "C:\Users\Dimon\AppData\Local\Programs\Python\Python313\Lib\site-packages\colorama\ansitowin32.py", line 177, in write
    self.write_and_convert(text)
    ~~~~~~~~~~~~~~~~~~~~~~^^^^^^
  File "C:\Users\Dimon\AppData\Local\Programs\Python\Python313\Lib\site-packages\colorama\ansitowin32.py", line 205, in write_and_convert
    self.write_plain_text(text, cursor, len(text))
    ~~~~~~~~~~~~~~~~~~~~~^^^^^^^^^^^^^^^^^^^^^^^^^
  File "C:\Users\Dimon\AppData\Local\Programs\Python\Python313\Lib\site-packages\colorama\ansitowin32.py", line 210, in write_plain_text
    self.wrapped.write(text[start:end])
    ~~~~~~~~~~~~~~~~~~^^^^^^^^^^^^^^^^^
  File "C:\Users\Dimon\AppData\Local\Programs\Python\Python313\Lib\encodings\cp1251.py", line 19, in encode
    return codecs.charmap_encode(input,self.errors,encoding_table)[0]
           ~~~~~~~~~~~~~~~~~~~~~^^^^^^^^^^^^^^^^^^^^^^^^^^^^^^^^^^
UnicodeEncodeError: 'charmap' codec can't encode character '\u2705' in position 5: character maps to <undefined>
Call stack:
  File "C:\scripts\1repo\run_mvp.py", line 680, in <module>
    main()
  File "C:\scripts\1repo\run_mvp.py", line 660, in main
    orchestrator.generate_reports()
  File "C:\scripts\1repo\run_mvp.py", line 522, in generate_reports
    self.validator.print_summary()
  File "C:\scripts\1repo\validate.py", line 784, in print_summary
    self.report.print_summary()
  File "C:\scripts\1repo\validate.py", line 644, in print_summary
    logger.info(f"  {status} - {dataset} (errors: {errors}, warnings: {warnings})")
Message: '  \u2705 VALID - lean_analytics.dataset.jsonl (errors: 0, warnings: 30)'
Arguments: ()
2025-11-01 01:28:32,148 - validate - INFO--- Logging error ---
Traceback (most recent call last):
  File "C:\Users\Dimon\AppData\Local\Programs\Python\Python313\Lib\logging\__init__.py", line 1154, in emit
    stream.write(msg + self.terminator)
    ~~~~~~~~~~~~^^^^^^^^^^^^^^^^^^^^^^^
  File "C:\Users\Dimon\AppData\Local\Programs\Python\Python313\Lib\site-packages\colorama\ansitowin32.py", line 47, in write
    self.__convertor.write(text)
    ~~~~~~~~~~~~~~~~~~~~~~^^^^^^
  File "C:\Users\Dimon\AppData\Local\Programs\Python\Python313\Lib\site-packages\colorama\ansitowin32.py", line 177, in write
    self.write_and_convert(text)
    ~~~~~~~~~~~~~~~~~~~~~~^^^^^^
  File "C:\Users\Dimon\AppData\Local\Programs\Python\Python313\Lib\site-packages\colorama\ansitowin32.py", line 205, in write_and_convert
    self.write_plain_text(text, cursor, len(text))
    ~~~~~~~~~~~~~~~~~~~~~^^^^^^^^^^^^^^^^^^^^^^^^^
  File "C:\Users\Dimon\AppData\Local\Programs\Python\Python313\Lib\site-packages\colorama\ansitowin32.py", line 210, in write_plain_text
    self.wrapped.write(text[start:end])
    ~~~~~~~~~~~~~~~~~~^^^^^^^^^^^^^^^^^
  File "C:\Users\Dimon\AppData\Local\Programs\Python\Python313\Lib\encodings\cp1251.py", line 19, in encode
    return codecs.charmap_encode(input,self.errors,encoding_table)[0]
           ~~~~~~~~~~~~~~~~~~~~~^^^^^^^^^^^^^^^^^^^^^^^^^^^^^^^^^^
UnicodeEncodeError: 'charmap' codec can't encode character '\u274c' in position 5: character maps to <undefined>
Call stack:
  File "C:\scripts\1repo\run_mvp.py", line 680, in <module>
    main()
  File "C:\scripts\1repo\run_mvp.py", line 660, in main
    orchestrator.generate_reports()
  File "C:\scripts\1repo\run_mvp.py", line 522, in generate_reports
    self.validator.print_summary()
  File "C:\scripts\1repo\validate.py", line 784, in print_summary
    self.report.print_summary()
  File "C:\scripts\1repo\validate.py", line 644, in print_summary
    logger.info(f"  {status} - {dataset} (errors: {errors}, warnings: {warnings})")
Message: '  \u274c INVALID - lean_analytics.dataset.jsonl (errors: 2, warnings: 412)'
Arguments: ()
2025-11-01 01:28:32,148 - __main__ - INFO - ============================================================
2025-11-01 01:28:32,148 - __main__ - INFO--- Logging error ---
Traceback (most recent call last):
  File "C:\Users\Dimon\AppData\Local\Programs\Python\Python313\Lib\logging\__init__.py", line 1154, in emit
    stream.write(msg + self.terminator)
    ~~~~~~~~~~~~^^^^^^^^^^^^^^^^^^^^^^^
  File "C:\Users\Dimon\AppData\Local\Programs\Python\Python313\Lib\site-packages\colorama\ansitowin32.py", line 47, in write
    self.__convertor.write(text)
    ~~~~~~~~~~~~~~~~~~~~~~^^^^^^
  File "C:\Users\Dimon\AppData\Local\Programs\Python\Python313\Lib\site-packages\colorama\ansitowin32.py", line 177, in write
    self.write_and_convert(text)
    ~~~~~~~~~~~~~~~~~~~~~~^^^^^^
  File "C:\Users\Dimon\AppData\Local\Programs\Python\Python313\Lib\site-packages\colorama\ansitowin32.py", line 205, in write_and_convert
    self.write_plain_text(text, cursor, len(text))
    ~~~~~~~~~~~~~~~~~~~~~^^^^^^^^^^^^^^^^^^^^^^^^^
  File "C:\Users\Dimon\AppData\Local\Programs\Python\Python313\Lib\site-packages\colorama\ansitowin32.py", line 210, in write_plain_text
    self.wrapped.write(text[start:end])
    ~~~~~~~~~~~~~~~~~~^^^^^^^^^^^^^^^^^
  File "C:\Users\Dimon\AppData\Local\Programs\Python\Python313\Lib\encodings\cp1251.py", line 19, in encode
    return codecs.charmap_encode(input,self.errors,encoding_table)[0]
           ~~~~~~~~~~~~~~~~~~~~~^^^^^^^^^^^^^^^^^^^^^^^^^^^^^^^^^^
UnicodeEncodeError: 'charmap' codec can't encode character '\u2705' in position 5: character maps to <undefined>
Call stack:
  File "C:\scripts\1repo\run_mvp.py", line 680, in <module>
    main()
  File "C:\scripts\1repo\run_mvp.py", line 667, in main
    log_section(logger, "\u2705 PIPELINE COMPLETED SUCCESSFULLY", "INFO")
  File "C:\scripts\1repo\am_logging.py", line 588, in log_section
    log_func(f"  {title}")
Message: '  \u2705 PIPELINE COMPLETED SUCCESSFULLY'
Arguments: ()
2025-11-01 01:28:32,149 - __main__ - INFO - ============================================================
