[WARN] OCR not available
2025-11-01 01:29:57,949 - faiss.loader - INFO - Loading faiss with AVX512 support.
2025-11-01 01:29:57,949 - faiss.loader - INFO - Could not load library with AVX512 support due to:
ModuleNotFoundError("No module named 'faiss.swigfaiss_avx512'")
2025-11-01 01:29:57,949 - faiss.loader - INFO - Loading faiss with AVX2 support.
2025-11-01 01:29:57,960 - faiss.loader - INFO - Successfully loaded faiss with AVX2 support.
2025-11-01 01:29:57,965 - am_common - INFO - Loading config: config\batch_full.yaml
2025-11-01 01:29:57,980 - am_common - INFO - Config loaded successfully
2025-11-01 01:29:57,980 - quality_tracker - INFO - Quality tracker initialized: C:\scripts\1repo\data\quality
2025-11-01 01:29:57,980 - __main__ - INFO - ============================================================
2025-11-01 01:29:57,981 - __main__ - INFO--- Logging error ---
Traceback (most recent call last):
  File "C:\Users\Dimon\AppData\Local\Programs\Python\Python313\Lib\logging\__init__.py", line 1154, in emit
    stream.write(msg + self.terminator)
    ~~~~~~~~~~~~^^^^^^^^^^^^^^^^^^^^^^^
  File "C:\Users\Dimon\AppData\Local\Programs\Python\Python313\Lib\site-packages\colorama\ansitowin32.py", line 47, in write
    self.__convertor.write(text)
    ~~~~~~~~~~~~~~~~~~~~~~^^^^^^
  File "C:\Users\Dimon\AppData\Local\Programs\Python\Python313\Lib\site-packages\colorama\ansitowin32.py", line 177, in write
    self.write_and_convert(text)
    ~~~~~~~~~~~~~~~~~~~~~~^^^^^^
  File "C:\Users\Dimon\AppData\Local\Programs\Python\Python313\Lib\site-packages\colorama\ansitowin32.py", line 205, in write_and_convert
    self.write_plain_text(text, cursor, len(text))
    ~~~~~~~~~~~~~~~~~~~~~^^^^^^^^^^^^^^^^^^^^^^^^^
  File "C:\Users\Dimon\AppData\Local\Programs\Python\Python313\Lib\site-packages\colorama\ansitowin32.py", line 210, in write_plain_text
    self.wrapped.write(text[start:end])
    ~~~~~~~~~~~~~~~~~~^^^^^^^^^^^^^^^^^
  File "C:\Users\Dimon\AppData\Local\Programs\Python\Python313\Lib\encodings\cp1251.py", line 19, in encode
    return codecs.charmap_encode(input,self.errors,encoding_table)[0]
           ~~~~~~~~~~~~~~~~~~~~~^^^^^^^^^^^^^^^^^^^^^^^^^^^^^^^^^^
UnicodeEncodeError: 'charmap' codec can't encode character '\U0001f680' in position 5: character maps to <undefined>
Call stack:
  File "C:\scripts\1repo\run_mvp.py", line 680, in <module>
    main()
  File "C:\scripts\1repo\run_mvp.py", line 605, in main
    orchestrator = PipelineOrchestrator(
  File "C:\scripts\1repo\run_mvp.py", line 136, in __init__
    log_section(logger, f"\U0001f680 {PRODUCT_NAME} {VERSION}", "INFO")
  File "C:\scripts\1repo\am_logging.py", line 588, in log_section
    log_func(f"  {title}")
Message: '  \U0001f680 archivist magika 2.0.0'
Arguments: ()
2025-11-01 01:29:57,982 - __main__ - INFO - ============================================================
2025-11-01 01:29:57,982 - __main__ - INFO - Quality check: enabled
2025-11-01 01:29:57,982 - __main__ - INFO - Validation: enabled
2025-11-01 01:29:57,982 - __main__ - INFO - Dry run: no
2025-11-01 01:29:57,982 - __main__ - INFO - Starting: run_single_pipeline
2025-11-01 01:29:57,982 - __main__ - INFO - Processing: naked-statistics-pdf.pdf
2025-11-01 01:29:57,982 - __main__ - INFO--- Logging error ---
Traceback (most recent call last):
  File "C:\Users\Dimon\AppData\Local\Programs\Python\Python313\Lib\logging\__init__.py", line 1154, in emit
    stream.write(msg + self.terminator)
    ~~~~~~~~~~~~^^^^^^^^^^^^^^^^^^^^^^^
  File "C:\Users\Dimon\AppData\Local\Programs\Python\Python313\Lib\site-packages\colorama\ansitowin32.py", line 47, in write
    self.__convertor.write(text)
    ~~~~~~~~~~~~~~~~~~~~~~^^^^^^
  File "C:\Users\Dimon\AppData\Local\Programs\Python\Python313\Lib\site-packages\colorama\ansitowin32.py", line 177, in write
    self.write_and_convert(text)
    ~~~~~~~~~~~~~~~~~~~~~~^^^^^^
  File "C:\Users\Dimon\AppData\Local\Programs\Python\Python313\Lib\site-packages\colorama\ansitowin32.py", line 205, in write_and_convert
    self.write_plain_text(text, cursor, len(text))
    ~~~~~~~~~~~~~~~~~~~~~^^^^^^^^^^^^^^^^^^^^^^^^^
  File "C:\Users\Dimon\AppData\Local\Programs\Python\Python313\Lib\site-packages\colorama\ansitowin32.py", line 210, in write_plain_text
    self.wrapped.write(text[start:end])
    ~~~~~~~~~~~~~~~~~~^^^^^^^^^^^^^^^^^
  File "C:\Users\Dimon\AppData\Local\Programs\Python\Python313\Lib\encodings\cp1251.py", line 19, in encode
    return codecs.charmap_encode(input,self.errors,encoding_table)[0]
           ~~~~~~~~~~~~~~~~~~~~~^^^^^^^^^^^^^^^^^^^^^^^^^^^^^^^^^^
UnicodeEncodeError: 'charmap' codec can't encode character '\u2192' in position 24: character maps to <undefined>
Call stack:
  File "C:\scripts\1repo\run_mvp.py", line 680, in <module>
    main()
  File "C:\scripts\1repo\run_mvp.py", line 652, in main
    results = orchestrator.run_single(
  File "C:\scripts\1repo\run_mvp.py", line 196, in run_single
    logger.info(f"Pipeline: {start_stage} \u2192 {end_stage}")
Message: 'Pipeline: structural \u2192 embed'
Arguments: ()
2025-11-01 01:29:57,983 - __main__ - INFO--- Logging error ---
Traceback (most recent call last):
  File "C:\Users\Dimon\AppData\Local\Programs\Python\Python313\Lib\logging\__init__.py", line 1154, in emit
    stream.write(msg + self.terminator)
    ~~~~~~~~~~~~^^^^^^^^^^^^^^^^^^^^^^^
  File "C:\Users\Dimon\AppData\Local\Programs\Python\Python313\Lib\site-packages\colorama\ansitowin32.py", line 47, in write
    self.__convertor.write(text)
    ~~~~~~~~~~~~~~~~~~~~~~^^^^^^
  File "C:\Users\Dimon\AppData\Local\Programs\Python\Python313\Lib\site-packages\colorama\ansitowin32.py", line 177, in write
    self.write_and_convert(text)
    ~~~~~~~~~~~~~~~~~~~~~~^^^^^^
  File "C:\Users\Dimon\AppData\Local\Programs\Python\Python313\Lib\site-packages\colorama\ansitowin32.py", line 205, in write_and_convert
    self.write_plain_text(text, cursor, len(text))
    ~~~~~~~~~~~~~~~~~~~~~^^^^^^^^^^^^^^^^^^^^^^^^^
  File "C:\Users\Dimon\AppData\Local\Programs\Python\Python313\Lib\site-packages\colorama\ansitowin32.py", line 210, in write_plain_text
    self.wrapped.write(text[start:end])
    ~~~~~~~~~~~~~~~~~~^^^^^^^^^^^^^^^^^
  File "C:\Users\Dimon\AppData\Local\Programs\Python\Python313\Lib\encodings\cp1251.py", line 19, in encode
    return codecs.charmap_encode(input,self.errors,encoding_table)[0]
           ~~~~~~~~~~~~~~~~~~~~~^^^^^^^^^^^^^^^^^^^^^^^^^^^^^^^^^^
UnicodeEncodeError: 'charmap' codec can't encode character '\u2192' in position 22: character maps to <undefined>
Call stack:
  File "C:\scripts\1repo\run_mvp.py", line 680, in <module>
    main()
  File "C:\scripts\1repo\run_mvp.py", line 652, in main
    results = orchestrator.run_single(
  File "C:\scripts\1repo\run_mvp.py", line 209, in run_single
    logger.info(f"Stages: {' \u2192 '.join(stages)}")
Message: 'Stages: structural \u2192 structure_detect \u2192 summarize \u2192 extended \u2192 finalize \u2192 chunk \u2192 embed'
Arguments: ()
2025-11-01 01:29:57,983 - __main__ - INFO - ============================================================
2025-11-01 01:29:57,983 - __main__ - INFO--- Logging error ---
Traceback (most recent call last):
  File "C:\Users\Dimon\AppData\Local\Programs\Python\Python313\Lib\logging\__init__.py", line 1154, in emit
    stream.write(msg + self.terminator)
    ~~~~~~~~~~~~^^^^^^^^^^^^^^^^^^^^^^^
  File "C:\Users\Dimon\AppData\Local\Programs\Python\Python313\Lib\site-packages\colorama\ansitowin32.py", line 47, in write
    self.__convertor.write(text)
    ~~~~~~~~~~~~~~~~~~~~~~^^^^^^
  File "C:\Users\Dimon\AppData\Local\Programs\Python\Python313\Lib\site-packages\colorama\ansitowin32.py", line 177, in write
    self.write_and_convert(text)
    ~~~~~~~~~~~~~~~~~~~~~~^^^^^^
  File "C:\Users\Dimon\AppData\Local\Programs\Python\Python313\Lib\site-packages\colorama\ansitowin32.py", line 205, in write_and_convert
    self.write_plain_text(text, cursor, len(text))
    ~~~~~~~~~~~~~~~~~~~~~^^^^^^^^^^^^^^^^^^^^^^^^^
  File "C:\Users\Dimon\AppData\Local\Programs\Python\Python313\Lib\site-packages\colorama\ansitowin32.py", line 210, in write_plain_text
    self.wrapped.write(text[start:end])
    ~~~~~~~~~~~~~~~~~~^^^^^^^^^^^^^^^^^
  File "C:\Users\Dimon\AppData\Local\Programs\Python\Python313\Lib\encodings\cp1251.py", line 19, in encode
    return codecs.charmap_encode(input,self.errors,encoding_table)[0]
           ~~~~~~~~~~~~~~~~~~~~~^^^^^^^^^^^^^^^^^^^^^^^^^^^^^^^^^^
UnicodeEncodeError: 'charmap' codec can't encode character '\U0001f4c4' in position 5: character maps to <undefined>
Call stack:
  File "C:\scripts\1repo\run_mvp.py", line 680, in <module>
    main()
  File "C:\scripts\1repo\run_mvp.py", line 652, in main
    results = orchestrator.run_single(
  File "C:\scripts\1repo\run_mvp.py", line 222, in run_single
    log_stage(logger, stage, "Starting")
  File "C:\scripts\1repo\am_logging.py", line 613, in log_stage
    log_section(logger, f"{emoji} {action}: {stage.upper()}", "INFO")
  File "C:\scripts\1repo\am_logging.py", line 588, in log_section
    log_func(f"  {title}")
Message: '  \U0001f4c4 Starting: STRUCTURAL'
Arguments: ()
2025-11-01 01:29:57,984 - __main__ - INFO - ============================================================
2025-11-01 01:29:57,984 - am_common - INFO - Loading config: config\batch_full.yaml
2025-11-01 01:29:57,999 - am_common - INFO - Config loaded successfully
2025-11-01 01:29:57,999 - am_structural_robust - INFO - Text extractor chain: ['pdfminer', 'pdfplumber', 'pypdf2']
2025-11-01 01:29:57,999 - am_structural_robust - INFO - Table extractor chain: ['pdfplumber']
2025-11-01 01:29:57,999 - am_structural_robust - INFO - Processing: naked-statistics-pdf.pdf
2025-11-01 01:29:58,039 - am_structural_robust - INFO - PDF: Naked Statistics: Stripping the Dread from the Data
2025-11-01 01:29:58,079 - am_structural_robust - INFO - Total pages: 222
2025-11-01 01:29:58,167 - am_structural_robust - ERROR - [X] Page 0: All extractors failed
2025-11-01 01:30:10,282 - am_structural_robust - INFO -   Processed 50/222 pages
2025-11-01 01:30:23,444 - am_structural_robust - INFO -   Processed 100/222 pages
2025-11-01 01:30:36,522 - am_structural_robust - INFO -   Processed 150/222 pages
2025-11-01 01:30:48,439 - am_structural_robust - INFO -   Processed 200/222 pages
2025-11-01 01:30:51,585 - am_structural_robust - INFO - Extraction complete: 222 success, 0 failed
2025-11-01 01:30:51,586 - am_structural_robust - INFO -   Methods used: {'pdfminer': 221}
2025-11-01 01:30:51,586 - am_structural_robust - INFO -   OCR used: 0 pages
2025-11-01 01:30:51,586 - am_structural_robust - INFO -   Tables found: 0
2025-11-01 01:30:51,587 - am_common - INFO - Saving dataset: C:\scripts\1repo\data\datasets\structural\naked-statistics-pdf.dataset.jsonl (222 cards)
2025-11-01 01:30:51,592 - am_common - INFO - Saved: 222 cards to naked-statistics-pdf.dataset.jsonl (637.48 KB)
2025-11-01 01:30:51,592 - am_structural_robust - INFO - Dataset saved: 637.48 KB
2025-11-01 01:30:51,592 - quality_tracker - INFO - Starting: track_quality
2025-11-01 01:30:51,593 - quality_tracker - INFO - structural metrics:
2025-11-01 01:30:51,593 - quality_tracker - INFO -   total_pages: 222
2025-11-01 01:30:51,593 - quality_tracker - INFO -   success_pages: 222
2025-11-01 01:30:51,593 - quality_tracker - INFO -   failed_pages: 0
2025-11-01 01:30:51,593 - quality_tracker - INFO -   success_ratio: 1.0000
2025-11-01 01:30:51,593 - quality_tracker - INFO -   empty_pages: 3
2025-11-01 01:30:51,593 - quality_tracker - INFO -   avg_page_length: 2697.0541
2025-11-01 01:30:51,593 - quality_tracker - INFO -   extraction_methods: {'pdfminer': 221}
2025-11-01 01:30:51,593 - quality_tracker - INFO -   ocr_used: 0
2025-11-01 01:30:51,593 - quality_tracker - INFO -   tables_found: 0
2025-11-01 01:30:51,593 - quality_tracker - INFO--- Logging error ---
Traceback (most recent call last):
  File "C:\Users\Dimon\AppData\Local\Programs\Python\Python313\Lib\logging\__init__.py", line 1154, in emit
    stream.write(msg + self.terminator)
    ~~~~~~~~~~~~^^^^^^^^^^^^^^^^^^^^^^^
  File "C:\Users\Dimon\AppData\Local\Programs\Python\Python313\Lib\site-packages\colorama\ansitowin32.py", line 47, in write
    self.__convertor.write(text)
    ~~~~~~~~~~~~~~~~~~~~~~^^^^^^
  File "C:\Users\Dimon\AppData\Local\Programs\Python\Python313\Lib\site-packages\colorama\ansitowin32.py", line 177, in write
    self.write_and_convert(text)
    ~~~~~~~~~~~~~~~~~~~~~~^^^^^^
  File "C:\Users\Dimon\AppData\Local\Programs\Python\Python313\Lib\site-packages\colorama\ansitowin32.py", line 205, in write_and_convert
    self.write_plain_text(text, cursor, len(text))
    ~~~~~~~~~~~~~~~~~~~~~^^^^^^^^^^^^^^^^^^^^^^^^^
  File "C:\Users\Dimon\AppData\Local\Programs\Python\Python313\Lib\site-packages\colorama\ansitowin32.py", line 210, in write_plain_text
    self.wrapped.write(text[start:end])
    ~~~~~~~~~~~~~~~~~~^^^^^^^^^^^^^^^^^
  File "C:\Users\Dimon\AppData\Local\Programs\Python\Python313\Lib\encodings\cp1251.py", line 19, in encode
    return codecs.charmap_encode(input,self.errors,encoding_table)[0]
           ~~~~~~~~~~~~~~~~~~~~~^^^^^^^^^^^^^^^^^^^^^^^^^^^^^^^^^^
UnicodeEncodeError: 'charmap' codec can't encode character '\u2713' in position 3: character maps to <undefined>
Call stack:
  File "C:\scripts\1repo\run_mvp.py", line 680, in <module>
    main()
  File "C:\scripts\1repo\run_mvp.py", line 652, in main
    results = orchestrator.run_single(
  File "C:\scripts\1repo\run_mvp.py", line 226, in run_single
    stage_result = self._run_stage(stage, current_input)
  File "C:\scripts\1repo\run_mvp.py", line 409, in _run_stage
    return processor.process_pdf(input_path, output_dir)
  File "C:\scripts\1repo\am_structural_robust.py", line 569, in process_pdf
    self.quality_tracker.track('structural', pdf_path.name, metrics)
  File "C:\scripts\1repo\quality_tracker.py", line 171, in track
    logger.info(f"\u2713 Quality thresholds passed for {stage}")
Message: '\u2713 Quality thresholds passed for structural'
Arguments: ()
2025-11-01 01:30:51,595 - quality_tracker - INFO - Completed: track_quality (0.00s)
2025-11-01 01:30:51,595 - am_structural_robust - INFO - [OK] Saved: naked-statistics-pdf.dataset.jsonl
2025-11-01 01:30:51,595 - validate - INFO - Validating structural: naked-statistics-pdf.dataset.jsonl
2025-11-01 01:30:51,595 - am_common - INFO - Loading dataset: C:\scripts\1repo\data\datasets\structural\naked-statistics-pdf.dataset.jsonl
2025-11-01 01:30:51,607 - am_common - INFO - Loaded: 222 cards from naked-statistics-pdf.dataset.jsonl
2025-11-01 01:30:51,609 - validate - INFO - [OK] VALID - naked-statistics-pdf.dataset.jsonl
2025-11-01 01:30:51,609 - __main__ - INFO - ============================================================
2025-11-01 01:30:51,609 - __main__ - INFO--- Logging error ---
Traceback (most recent call last):
  File "C:\Users\Dimon\AppData\Local\Programs\Python\Python313\Lib\logging\__init__.py", line 1154, in emit
    stream.write(msg + self.terminator)
    ~~~~~~~~~~~~^^^^^^^^^^^^^^^^^^^^^^^
  File "C:\Users\Dimon\AppData\Local\Programs\Python\Python313\Lib\site-packages\colorama\ansitowin32.py", line 47, in write
    self.__convertor.write(text)
    ~~~~~~~~~~~~~~~~~~~~~~^^^^^^
  File "C:\Users\Dimon\AppData\Local\Programs\Python\Python313\Lib\site-packages\colorama\ansitowin32.py", line 177, in write
    self.write_and_convert(text)
    ~~~~~~~~~~~~~~~~~~~~~~^^^^^^
  File "C:\Users\Dimon\AppData\Local\Programs\Python\Python313\Lib\site-packages\colorama\ansitowin32.py", line 205, in write_and_convert
    self.write_plain_text(text, cursor, len(text))
    ~~~~~~~~~~~~~~~~~~~~~^^^^^^^^^^^^^^^^^^^^^^^^^
  File "C:\Users\Dimon\AppData\Local\Programs\Python\Python313\Lib\site-packages\colorama\ansitowin32.py", line 210, in write_plain_text
    self.wrapped.write(text[start:end])
    ~~~~~~~~~~~~~~~~~~^^^^^^^^^^^^^^^^^
  File "C:\Users\Dimon\AppData\Local\Programs\Python\Python313\Lib\encodings\cp1251.py", line 19, in encode
    return codecs.charmap_encode(input,self.errors,encoding_table)[0]
           ~~~~~~~~~~~~~~~~~~~~~^^^^^^^^^^^^^^^^^^^^^^^^^^^^^^^^^^
UnicodeEncodeError: 'charmap' codec can't encode character '\U0001f4c4' in position 5: character maps to <undefined>
Call stack:
  File "C:\scripts\1repo\run_mvp.py", line 680, in <module>
    main()
  File "C:\scripts\1repo\run_mvp.py", line 652, in main
    results = orchestrator.run_single(
  File "C:\scripts\1repo\run_mvp.py", line 253, in run_single
    log_stage(logger, stage, "Completed")
  File "C:\scripts\1repo\am_logging.py", line 613, in log_stage
    log_section(logger, f"{emoji} {action}: {stage.upper()}", "INFO")
  File "C:\scripts\1repo\am_logging.py", line 588, in log_section
    log_func(f"  {title}")
Message: '  \U0001f4c4 Completed: STRUCTURAL'
Arguments: ()
2025-11-01 01:30:51,610 - __main__ - INFO - ============================================================
2025-11-01 01:30:51,610 - __main__ - INFO - ============================================================
2025-11-01 01:30:51,610 - __main__ - INFO--- Logging error ---
Traceback (most recent call last):
  File "C:\Users\Dimon\AppData\Local\Programs\Python\Python313\Lib\logging\__init__.py", line 1154, in emit
    stream.write(msg + self.terminator)
    ~~~~~~~~~~~~^^^^^^^^^^^^^^^^^^^^^^^
  File "C:\Users\Dimon\AppData\Local\Programs\Python\Python313\Lib\site-packages\colorama\ansitowin32.py", line 47, in write
    self.__convertor.write(text)
    ~~~~~~~~~~~~~~~~~~~~~~^^^^^^
  File "C:\Users\Dimon\AppData\Local\Programs\Python\Python313\Lib\site-packages\colorama\ansitowin32.py", line 177, in write
    self.write_and_convert(text)
    ~~~~~~~~~~~~~~~~~~~~~~^^^^^^
  File "C:\Users\Dimon\AppData\Local\Programs\Python\Python313\Lib\site-packages\colorama\ansitowin32.py", line 205, in write_and_convert
    self.write_plain_text(text, cursor, len(text))
    ~~~~~~~~~~~~~~~~~~~~~^^^^^^^^^^^^^^^^^^^^^^^^^
  File "C:\Users\Dimon\AppData\Local\Programs\Python\Python313\Lib\site-packages\colorama\ansitowin32.py", line 210, in write_plain_text
    self.wrapped.write(text[start:end])
    ~~~~~~~~~~~~~~~~~~^^^^^^^^^^^^^^^^^
  File "C:\Users\Dimon\AppData\Local\Programs\Python\Python313\Lib\encodings\cp1251.py", line 19, in encode
    return codecs.charmap_encode(input,self.errors,encoding_table)[0]
           ~~~~~~~~~~~~~~~~~~~~~^^^^^^^^^^^^^^^^^^^^^^^^^^^^^^^^^^
UnicodeEncodeError: 'charmap' codec can't encode character '\U0001f4d6' in position 5: character maps to <undefined>
Call stack:
  File "C:\scripts\1repo\run_mvp.py", line 680, in <module>
    main()
  File "C:\scripts\1repo\run_mvp.py", line 652, in main
    results = orchestrator.run_single(
  File "C:\scripts\1repo\run_mvp.py", line 222, in run_single
    log_stage(logger, stage, "Starting")
  File "C:\scripts\1repo\am_logging.py", line 613, in log_stage
    log_section(logger, f"{emoji} {action}: {stage.upper()}", "INFO")
  File "C:\scripts\1repo\am_logging.py", line 588, in log_section
    log_func(f"  {title}")
Message: '  \U0001f4d6 Starting: STRUCTURE_DETECT'
Arguments: ()
2025-11-01 01:30:51,610 - __main__ - INFO - ============================================================
2025-11-01 01:30:51,610 - am_common - INFO - Loading config: config\batch_full.yaml
2025-11-01 01:30:51,625 - am_common - INFO - Config loaded successfully
2025-11-01 01:30:51,626 - am_structure_detect - INFO - Processing: naked-statistics-pdf.dataset.jsonl
2025-11-01 01:30:51,626 - am_common - INFO - Loading dataset: C:\scripts\1repo\data\datasets\structural\naked-statistics-pdf.dataset.jsonl
2025-11-01 01:30:51,630 - am_common - INFO - Loaded: 222 cards from naked-statistics-pdf.dataset.jsonl
2025-11-01 01:30:51,630 - am_structure_detect - INFO - TOC found: pages 4-4
2025-11-01 01:30:51,632 - am_structure_detect - INFO - Detected 2 chapters
2025-11-01 01:30:51,633 - am_structure_detect - INFO - Detected 1 sections
2025-11-01 01:30:51,633 - am_common - INFO - Saving dataset: C:\scripts\1repo\data\datasets\structured\naked-statistics-pdf.dataset.jsonl (222 cards)
2025-11-01 01:30:51,638 - am_common - INFO - Saved: 222 cards to naked-statistics-pdf.dataset.jsonl (674.67 KB)
2025-11-01 01:30:51,638 - quality_tracker - INFO - Starting: track_quality
2025-11-01 01:30:51,639 - quality_tracker - INFO - structure_detect metrics:
2025-11-01 01:30:51,639 - quality_tracker - INFO -   total_pages: 222
2025-11-01 01:30:51,639 - quality_tracker - INFO -   chapters_detected: 2
2025-11-01 01:30:51,639 - quality_tracker - INFO -   sections_detected: 1
2025-11-01 01:30:51,639 - quality_tracker - INFO -   pages_with_structure: 207
2025-11-01 01:30:51,639 - quality_tracker - INFO -   structure_coverage: 0.9324
2025-11-01 01:30:51,639 - quality_tracker - INFO -   avg_chapter_length: 111.0000
2025-11-01 01:30:51,639 - quality_tracker - INFO--- Logging error ---
Traceback (most recent call last):
  File "C:\Users\Dimon\AppData\Local\Programs\Python\Python313\Lib\logging\__init__.py", line 1154, in emit
    stream.write(msg + self.terminator)
    ~~~~~~~~~~~~^^^^^^^^^^^^^^^^^^^^^^^
  File "C:\Users\Dimon\AppData\Local\Programs\Python\Python313\Lib\site-packages\colorama\ansitowin32.py", line 47, in write
    self.__convertor.write(text)
    ~~~~~~~~~~~~~~~~~~~~~~^^^^^^
  File "C:\Users\Dimon\AppData\Local\Programs\Python\Python313\Lib\site-packages\colorama\ansitowin32.py", line 177, in write
    self.write_and_convert(text)
    ~~~~~~~~~~~~~~~~~~~~~~^^^^^^
  File "C:\Users\Dimon\AppData\Local\Programs\Python\Python313\Lib\site-packages\colorama\ansitowin32.py", line 205, in write_and_convert
    self.write_plain_text(text, cursor, len(text))
    ~~~~~~~~~~~~~~~~~~~~~^^^^^^^^^^^^^^^^^^^^^^^^^
  File "C:\Users\Dimon\AppData\Local\Programs\Python\Python313\Lib\site-packages\colorama\ansitowin32.py", line 210, in write_plain_text
    self.wrapped.write(text[start:end])
    ~~~~~~~~~~~~~~~~~~^^^^^^^^^^^^^^^^^
  File "C:\Users\Dimon\AppData\Local\Programs\Python\Python313\Lib\encodings\cp1251.py", line 19, in encode
    return codecs.charmap_encode(input,self.errors,encoding_table)[0]
           ~~~~~~~~~~~~~~~~~~~~~^^^^^^^^^^^^^^^^^^^^^^^^^^^^^^^^^^
UnicodeEncodeError: 'charmap' codec can't encode character '\u2713' in position 3: character maps to <undefined>
Call stack:
  File "C:\scripts\1repo\run_mvp.py", line 680, in <module>
    main()
  File "C:\scripts\1repo\run_mvp.py", line 652, in main
    results = orchestrator.run_single(
  File "C:\scripts\1repo\run_mvp.py", line 226, in run_single
    stage_result = self._run_stage(stage, current_input)
  File "C:\scripts\1repo\run_mvp.py", line 419, in _run_stage
    return processor.process_dataset(input_path, output_dir)
  File "C:\scripts\1repo\am_structure_detect.py", line 309, in process_dataset
    self.quality_tracker.track('structure_detect', input_path.name, metrics)
  File "C:\scripts\1repo\quality_tracker.py", line 171, in track
    logger.info(f"\u2713 Quality thresholds passed for {stage}")
Message: '\u2713 Quality thresholds passed for structure_detect'
Arguments: ()
2025-11-01 01:30:51,640 - quality_tracker - INFO - Completed: track_quality (0.00s)
2025-11-01 01:30:51,640 - am_structure_detect - INFO - Saved: naked-statistics-pdf.dataset.jsonl
2025-11-01 01:30:51,640 - __main__ - ERROR - Validation failed: Unknown stage: structure_detect
2025-11-01 01:30:51,640 - __main__ - WARNING - Validation issues: 1 errors
2025-11-01 01:30:51,640 - __main__ - INFO - ============================================================
2025-11-01 01:30:51,640 - __main__ - INFO--- Logging error ---
Traceback (most recent call last):
  File "C:\Users\Dimon\AppData\Local\Programs\Python\Python313\Lib\logging\__init__.py", line 1154, in emit
    stream.write(msg + self.terminator)
    ~~~~~~~~~~~~^^^^^^^^^^^^^^^^^^^^^^^
  File "C:\Users\Dimon\AppData\Local\Programs\Python\Python313\Lib\site-packages\colorama\ansitowin32.py", line 47, in write
    self.__convertor.write(text)
    ~~~~~~~~~~~~~~~~~~~~~~^^^^^^
  File "C:\Users\Dimon\AppData\Local\Programs\Python\Python313\Lib\site-packages\colorama\ansitowin32.py", line 177, in write
    self.write_and_convert(text)
    ~~~~~~~~~~~~~~~~~~~~~~^^^^^^
  File "C:\Users\Dimon\AppData\Local\Programs\Python\Python313\Lib\site-packages\colorama\ansitowin32.py", line 205, in write_and_convert
    self.write_plain_text(text, cursor, len(text))
    ~~~~~~~~~~~~~~~~~~~~~^^^^^^^^^^^^^^^^^^^^^^^^^
  File "C:\Users\Dimon\AppData\Local\Programs\Python\Python313\Lib\site-packages\colorama\ansitowin32.py", line 210, in write_plain_text
    self.wrapped.write(text[start:end])
    ~~~~~~~~~~~~~~~~~~^^^^^^^^^^^^^^^^^
  File "C:\Users\Dimon\AppData\Local\Programs\Python\Python313\Lib\encodings\cp1251.py", line 19, in encode
    return codecs.charmap_encode(input,self.errors,encoding_table)[0]
           ~~~~~~~~~~~~~~~~~~~~~^^^^^^^^^^^^^^^^^^^^^^^^^^^^^^^^^^
UnicodeEncodeError: 'charmap' codec can't encode character '\U0001f4d6' in position 5: character maps to <undefined>
Call stack:
  File "C:\scripts\1repo\run_mvp.py", line 680, in <module>
    main()
  File "C:\scripts\1repo\run_mvp.py", line 652, in main
    results = orchestrator.run_single(
  File "C:\scripts\1repo\run_mvp.py", line 253, in run_single
    log_stage(logger, stage, "Completed")
  File "C:\scripts\1repo\am_logging.py", line 613, in log_stage
    log_section(logger, f"{emoji} {action}: {stage.upper()}", "INFO")
  File "C:\scripts\1repo\am_logging.py", line 588, in log_section
    log_func(f"  {title}")
Message: '  \U0001f4d6 Completed: STRUCTURE_DETECT'
Arguments: ()
2025-11-01 01:30:51,641 - __main__ - INFO - ============================================================
2025-11-01 01:30:51,641 - __main__ - INFO - ============================================================
2025-11-01 01:30:51,641 - __main__ - INFO--- Logging error ---
Traceback (most recent call last):
  File "C:\Users\Dimon\AppData\Local\Programs\Python\Python313\Lib\logging\__init__.py", line 1154, in emit
    stream.write(msg + self.terminator)
    ~~~~~~~~~~~~^^^^^^^^^^^^^^^^^^^^^^^
  File "C:\Users\Dimon\AppData\Local\Programs\Python\Python313\Lib\site-packages\colorama\ansitowin32.py", line 47, in write
    self.__convertor.write(text)
    ~~~~~~~~~~~~~~~~~~~~~~^^^^^^
  File "C:\Users\Dimon\AppData\Local\Programs\Python\Python313\Lib\site-packages\colorama\ansitowin32.py", line 177, in write
    self.write_and_convert(text)
    ~~~~~~~~~~~~~~~~~~~~~~^^^^^^
  File "C:\Users\Dimon\AppData\Local\Programs\Python\Python313\Lib\site-packages\colorama\ansitowin32.py", line 205, in write_and_convert
    self.write_plain_text(text, cursor, len(text))
    ~~~~~~~~~~~~~~~~~~~~~^^^^^^^^^^^^^^^^^^^^^^^^^
  File "C:\Users\Dimon\AppData\Local\Programs\Python\Python313\Lib\site-packages\colorama\ansitowin32.py", line 210, in write_plain_text
    self.wrapped.write(text[start:end])
    ~~~~~~~~~~~~~~~~~~^^^^^^^^^^^^^^^^^
  File "C:\Users\Dimon\AppData\Local\Programs\Python\Python313\Lib\encodings\cp1251.py", line 19, in encode
    return codecs.charmap_encode(input,self.errors,encoding_table)[0]
           ~~~~~~~~~~~~~~~~~~~~~^^^^^^^^^^^^^^^^^^^^^^^^^^^^^^^^^^
UnicodeEncodeError: 'charmap' codec can't encode character '\U0001f4dd' in position 5: character maps to <undefined>
Call stack:
  File "C:\scripts\1repo\run_mvp.py", line 680, in <module>
    main()
  File "C:\scripts\1repo\run_mvp.py", line 652, in main
    results = orchestrator.run_single(
  File "C:\scripts\1repo\run_mvp.py", line 222, in run_single
    log_stage(logger, stage, "Starting")
  File "C:\scripts\1repo\am_logging.py", line 613, in log_stage
    log_section(logger, f"{emoji} {action}: {stage.upper()}", "INFO")
  File "C:\scripts\1repo\am_logging.py", line 588, in log_section
    log_func(f"  {title}")
Message: '  \U0001f4dd Starting: SUMMARIZE'
Arguments: ()
2025-11-01 01:30:51,642 - __main__ - INFO - ============================================================
2025-11-01 01:30:51,642 - am_common - INFO - Loading config: config\batch_full.yaml
2025-11-01 01:30:51,656 - am_common - INFO - Config loaded successfully
2025-11-01 01:30:51,656 - am_summarize - INFO - Processing: naked-statistics-pdf.dataset.jsonl
2025-11-01 01:30:51,657 - am_common - INFO - Loading dataset: C:\scripts\1repo\data\datasets\structured\naked-statistics-pdf.dataset.jsonl
2025-11-01 01:30:51,669 - am_common - INFO - Loaded: 222 cards from naked-statistics-pdf.dataset.jsonl
2025-11-01 01:30:51,860 - am_summarize - INFO - Summarized 219 pages, skipped 3
2025-11-01 01:30:51,861 - am_common - INFO - Saving dataset: C:\scripts\1repo\data\datasets\summarized\naked-statistics-pdf.dataset.jsonl (222 cards)
2025-11-01 01:30:51,866 - am_common - INFO - Saved: 222 cards to naked-statistics-pdf.dataset.jsonl (877.01 KB)
2025-11-01 01:30:51,867 - quality_tracker - INFO - Starting: track_quality
2025-11-01 01:30:51,867 - quality_tracker - INFO - summarize metrics:
2025-11-01 01:30:51,867 - quality_tracker - INFO -   total_pages: 222
2025-11-01 01:30:51,867 - quality_tracker - INFO -   summarized_pages: 219
2025-11-01 01:30:51,867 - quality_tracker - INFO -   skipped_pages: 3
2025-11-01 01:30:51,867 - quality_tracker - INFO -   summary_coverage: 0.9865
2025-11-01 01:30:51,868 - quality_tracker - INFO -   avg_l1_length: 245.3881
2025-11-01 01:30:51,868 - quality_tracker - INFO -   avg_l2_length: 648.5982
2025-11-01 01:30:51,868 - quality_tracker - INFO -   avg_compression_ratio: 12.0600
2025-11-01 01:30:51,868 - quality_tracker - INFO--- Logging error ---
Traceback (most recent call last):
  File "C:\Users\Dimon\AppData\Local\Programs\Python\Python313\Lib\logging\__init__.py", line 1154, in emit
    stream.write(msg + self.terminator)
    ~~~~~~~~~~~~^^^^^^^^^^^^^^^^^^^^^^^
  File "C:\Users\Dimon\AppData\Local\Programs\Python\Python313\Lib\site-packages\colorama\ansitowin32.py", line 47, in write
    self.__convertor.write(text)
    ~~~~~~~~~~~~~~~~~~~~~~^^^^^^
  File "C:\Users\Dimon\AppData\Local\Programs\Python\Python313\Lib\site-packages\colorama\ansitowin32.py", line 177, in write
    self.write_and_convert(text)
    ~~~~~~~~~~~~~~~~~~~~~~^^^^^^
  File "C:\Users\Dimon\AppData\Local\Programs\Python\Python313\Lib\site-packages\colorama\ansitowin32.py", line 205, in write_and_convert
    self.write_plain_text(text, cursor, len(text))
    ~~~~~~~~~~~~~~~~~~~~~^^^^^^^^^^^^^^^^^^^^^^^^^
  File "C:\Users\Dimon\AppData\Local\Programs\Python\Python313\Lib\site-packages\colorama\ansitowin32.py", line 210, in write_plain_text
    self.wrapped.write(text[start:end])
    ~~~~~~~~~~~~~~~~~~^^^^^^^^^^^^^^^^^
  File "C:\Users\Dimon\AppData\Local\Programs\Python\Python313\Lib\encodings\cp1251.py", line 19, in encode
    return codecs.charmap_encode(input,self.errors,encoding_table)[0]
           ~~~~~~~~~~~~~~~~~~~~~^^^^^^^^^^^^^^^^^^^^^^^^^^^^^^^^^^
UnicodeEncodeError: 'charmap' codec can't encode character '\u2713' in position 3: character maps to <undefined>
Call stack:
  File "C:\scripts\1repo\run_mvp.py", line 680, in <module>
    main()
  File "C:\scripts\1repo\run_mvp.py", line 652, in main
    results = orchestrator.run_single(
  File "C:\scripts\1repo\run_mvp.py", line 226, in run_single
    stage_result = self._run_stage(stage, current_input)
  File "C:\scripts\1repo\run_mvp.py", line 419, in _run_stage
    return processor.process_dataset(input_path, output_dir)
  File "C:\scripts\1repo\am_summarize.py", line 281, in process_dataset
    self.quality_tracker.track('summarize', input_path.name, metrics)
  File "C:\scripts\1repo\quality_tracker.py", line 171, in track
    logger.info(f"\u2713 Quality thresholds passed for {stage}")
Message: '\u2713 Quality thresholds passed for summarize'
Arguments: ()
2025-11-01 01:30:51,868 - quality_tracker - INFO - Completed: track_quality (0.00s)
2025-11-01 01:30:51,869 - am_summarize - INFO - Saved: naked-statistics-pdf.dataset.jsonl
2025-11-01 01:30:51,869 - __main__ - ERROR - Validation failed: Unknown stage: summarize
2025-11-01 01:30:51,869 - __main__ - WARNING - Validation issues: 1 errors
2025-11-01 01:30:51,869 - __main__ - INFO - ============================================================
2025-11-01 01:30:51,869 - __main__ - INFO--- Logging error ---
Traceback (most recent call last):
  File "C:\Users\Dimon\AppData\Local\Programs\Python\Python313\Lib\logging\__init__.py", line 1154, in emit
    stream.write(msg + self.terminator)
    ~~~~~~~~~~~~^^^^^^^^^^^^^^^^^^^^^^^
  File "C:\Users\Dimon\AppData\Local\Programs\Python\Python313\Lib\site-packages\colorama\ansitowin32.py", line 47, in write
    self.__convertor.write(text)
    ~~~~~~~~~~~~~~~~~~~~~~^^^^^^
  File "C:\Users\Dimon\AppData\Local\Programs\Python\Python313\Lib\site-packages\colorama\ansitowin32.py", line 177, in write
    self.write_and_convert(text)
    ~~~~~~~~~~~~~~~~~~~~~~^^^^^^
  File "C:\Users\Dimon\AppData\Local\Programs\Python\Python313\Lib\site-packages\colorama\ansitowin32.py", line 205, in write_and_convert
    self.write_plain_text(text, cursor, len(text))
    ~~~~~~~~~~~~~~~~~~~~~^^^^^^^^^^^^^^^^^^^^^^^^^
  File "C:\Users\Dimon\AppData\Local\Programs\Python\Python313\Lib\site-packages\colorama\ansitowin32.py", line 210, in write_plain_text
    self.wrapped.write(text[start:end])
    ~~~~~~~~~~~~~~~~~~^^^^^^^^^^^^^^^^^
  File "C:\Users\Dimon\AppData\Local\Programs\Python\Python313\Lib\encodings\cp1251.py", line 19, in encode
    return codecs.charmap_encode(input,self.errors,encoding_table)[0]
           ~~~~~~~~~~~~~~~~~~~~~^^^^^^^^^^^^^^^^^^^^^^^^^^^^^^^^^^
UnicodeEncodeError: 'charmap' codec can't encode character '\U0001f4dd' in position 5: character maps to <undefined>
Call stack:
  File "C:\scripts\1repo\run_mvp.py", line 680, in <module>
    main()
  File "C:\scripts\1repo\run_mvp.py", line 652, in main
    results = orchestrator.run_single(
  File "C:\scripts\1repo\run_mvp.py", line 253, in run_single
    log_stage(logger, stage, "Completed")
  File "C:\scripts\1repo\am_logging.py", line 613, in log_stage
    log_section(logger, f"{emoji} {action}: {stage.upper()}", "INFO")
  File "C:\scripts\1repo\am_logging.py", line 588, in log_section
    log_func(f"  {title}")
Message: '  \U0001f4dd Completed: SUMMARIZE'
Arguments: ()
2025-11-01 01:30:51,870 - __main__ - INFO - ============================================================
2025-11-01 01:30:51,870 - __main__ - INFO - ============================================================
2025-11-01 01:30:51,870 - __main__ - INFO--- Logging error ---
Traceback (most recent call last):
  File "C:\Users\Dimon\AppData\Local\Programs\Python\Python313\Lib\logging\__init__.py", line 1154, in emit
    stream.write(msg + self.terminator)
    ~~~~~~~~~~~~^^^^^^^^^^^^^^^^^^^^^^^
  File "C:\Users\Dimon\AppData\Local\Programs\Python\Python313\Lib\site-packages\colorama\ansitowin32.py", line 47, in write
    self.__convertor.write(text)
    ~~~~~~~~~~~~~~~~~~~~~~^^^^^^
  File "C:\Users\Dimon\AppData\Local\Programs\Python\Python313\Lib\site-packages\colorama\ansitowin32.py", line 177, in write
    self.write_and_convert(text)
    ~~~~~~~~~~~~~~~~~~~~~~^^^^^^
  File "C:\Users\Dimon\AppData\Local\Programs\Python\Python313\Lib\site-packages\colorama\ansitowin32.py", line 205, in write_and_convert
    self.write_plain_text(text, cursor, len(text))
    ~~~~~~~~~~~~~~~~~~~~~^^^^^^^^^^^^^^^^^^^^^^^^^
  File "C:\Users\Dimon\AppData\Local\Programs\Python\Python313\Lib\site-packages\colorama\ansitowin32.py", line 210, in write_plain_text
    self.wrapped.write(text[start:end])
    ~~~~~~~~~~~~~~~~~~^^^^^^^^^^^^^^^^^
  File "C:\Users\Dimon\AppData\Local\Programs\Python\Python313\Lib\encodings\cp1251.py", line 19, in encode
    return codecs.charmap_encode(input,self.errors,encoding_table)[0]
           ~~~~~~~~~~~~~~~~~~~~~^^^^^^^^^^^^^^^^^^^^^^^^^^^^^^^^^^
UnicodeEncodeError: 'charmap' codec can't encode character '\U0001f916' in position 5: character maps to <undefined>
Call stack:
  File "C:\scripts\1repo\run_mvp.py", line 680, in <module>
    main()
  File "C:\scripts\1repo\run_mvp.py", line 652, in main
    results = orchestrator.run_single(
  File "C:\scripts\1repo\run_mvp.py", line 222, in run_single
    log_stage(logger, stage, "Starting")
  File "C:\scripts\1repo\am_logging.py", line 613, in log_stage
    log_section(logger, f"{emoji} {action}: {stage.upper()}", "INFO")
  File "C:\scripts\1repo\am_logging.py", line 588, in log_section
    log_func(f"  {title}")
Message: '  \U0001f916 Starting: EXTENDED'
Arguments: ()
2025-11-01 01:30:51,870 - __main__ - INFO - ============================================================
2025-11-01 01:30:51,870 - am_common - INFO - Loading config: config\batch_full.yaml
2025-11-01 01:30:51,885 - am_common - INFO - Config loaded successfully
2025-11-01 01:30:51,903 - am_extended - INFO - Ollama available, using model: llama3.2:3b
2025-11-01 01:30:51,903 - am_extended - INFO - Processing: naked-statistics-pdf.dataset.jsonl
2025-11-01 01:30:51,903 - am_common - INFO - Loading dataset: C:\scripts\1repo\data\datasets\summarized\naked-statistics-pdf.dataset.jsonl
2025-11-01 01:30:51,924 - am_common - INFO - Loaded: 222 cards from naked-statistics-pdf.dataset.jsonl
2025-11-01 01:30:51,932 - am_extended - INFO - Marked 0 duplicate pages
2025-11-01 01:30:51,966 - am_extended - INFO - Found 64 continuity gaps
2025-11-01 01:30:51,966 - am_extended - INFO - Extracting extended fields (this may take a while)...
2025-11-01 01:30:52,010 - am_extended - ERROR - Ollama API error: 404
2025-11-01 01:30:52,026 - am_extended - ERROR - Ollama API error: 404
2025-11-01 01:30:52,041 - am_extended - ERROR - Ollama API error: 404
2025-11-01 01:30:52,073 - am_extended - ERROR - Ollama API error: 404
2025-11-01 01:30:52,103 - am_extended - ERROR - Ollama API error: 404
2025-11-01 01:30:52,118 - am_extended - ERROR - Ollama API error: 404
2025-11-01 01:30:52,154 - am_extended - ERROR - Ollama API error: 404
2025-11-01 01:30:52,154 - am_extended - INFO -   Processed 10/222 pages
2025-11-01 01:30:52,195 - am_extended - ERROR - Ollama API error: 404
2025-11-01 01:30:52,211 - am_extended - ERROR - Ollama API error: 404
2025-11-01 01:30:52,241 - am_extended - ERROR - Ollama API error: 404
2025-11-01 01:30:52,272 - am_extended - ERROR - Ollama API error: 404
2025-11-01 01:30:52,305 - am_extended - ERROR - Ollama API error: 404
2025-11-01 01:30:52,336 - am_extended - ERROR - Ollama API error: 404
2025-11-01 01:30:52,352 - am_extended - ERROR - Ollama API error: 404
2025-11-01 01:30:52,383 - am_extended - ERROR - Ollama API error: 404
2025-11-01 01:30:52,413 - am_extended - ERROR - Ollama API error: 404
2025-11-01 01:30:52,444 - am_extended - ERROR - Ollama API error: 404
2025-11-01 01:30:52,444 - am_extended - INFO -   Processed 20/222 pages
2025-11-01 01:30:52,474 - am_extended - ERROR - Ollama API error: 404
2025-11-01 01:30:52,491 - am_extended - ERROR - Ollama API error: 404
2025-11-01 01:30:52,521 - am_extended - ERROR - Ollama API error: 404
2025-11-01 01:30:52,552 - am_extended - ERROR - Ollama API error: 404
2025-11-01 01:30:52,583 - am_extended - ERROR - Ollama API error: 404
2025-11-01 01:30:52,614 - am_extended - ERROR - Ollama API error: 404
2025-11-01 01:30:52,646 - am_extended - ERROR - Ollama API error: 404
2025-11-01 01:30:52,676 - am_extended - ERROR - Ollama API error: 404
2025-11-01 01:30:52,707 - am_extended - ERROR - Ollama API error: 404
2025-11-01 01:30:52,739 - am_extended - ERROR - Ollama API error: 404
2025-11-01 01:30:52,739 - am_extended - INFO -   Processed 30/222 pages
2025-11-01 01:30:52,770 - am_extended - ERROR - Ollama API error: 404
2025-11-01 01:30:52,800 - am_extended - ERROR - Ollama API error: 404
2025-11-01 01:30:52,832 - am_extended - ERROR - Ollama API error: 404
2025-11-01 01:30:52,863 - am_extended - ERROR - Ollama API error: 404
2025-11-01 01:30:52,894 - am_extended - ERROR - Ollama API error: 404
2025-11-01 01:30:52,925 - am_extended - ERROR - Ollama API error: 404
2025-11-01 01:30:52,928 - am_extended - ERROR - Ollama API error: 404
2025-11-01 01:30:52,971 - am_extended - ERROR - Ollama API error: 404
2025-11-01 01:30:53,002 - am_extended - ERROR - Ollama API error: 404
2025-11-01 01:30:53,033 - am_extended - ERROR - Ollama API error: 404
2025-11-01 01:30:53,033 - am_extended - INFO -   Processed 40/222 pages
2025-11-01 01:30:53,063 - am_extended - ERROR - Ollama API error: 404
2025-11-01 01:30:53,095 - am_extended - ERROR - Ollama API error: 404
2025-11-01 01:30:53,110 - am_extended - ERROR - Ollama API error: 404
2025-11-01 01:30:53,141 - am_extended - ERROR - Ollama API error: 404
2025-11-01 01:30:53,172 - am_extended - ERROR - Ollama API error: 404
2025-11-01 01:30:53,203 - am_extended - ERROR - Ollama API error: 404
2025-11-01 01:30:53,234 - am_extended - ERROR - Ollama API error: 404
2025-11-01 01:30:53,265 - am_extended - ERROR - Ollama API error: 404
2025-11-01 01:30:53,296 - am_extended - ERROR - Ollama API error: 404
2025-11-01 01:30:53,312 - am_extended - ERROR - Ollama API error: 404
2025-11-01 01:30:53,312 - am_extended - INFO -   Processed 50/222 pages
2025-11-01 01:30:53,327 - am_extended - ERROR - Ollama API error: 404
2025-11-01 01:30:53,342 - am_extended - ERROR - Ollama API error: 404
2025-11-01 01:30:53,357 - am_extended - ERROR - Ollama API error: 404
2025-11-01 01:30:53,389 - am_extended - ERROR - Ollama API error: 404
2025-11-01 01:30:53,405 - am_extended - ERROR - Ollama API error: 404
2025-11-01 01:30:53,435 - am_extended - ERROR - Ollama API error: 404
2025-11-01 01:30:53,466 - am_extended - ERROR - Ollama API error: 404
2025-11-01 01:30:53,482 - am_extended - ERROR - Ollama API error: 404
2025-11-01 01:30:53,497 - am_extended - ERROR - Ollama API error: 404
2025-11-01 01:30:53,528 - am_extended - ERROR - Ollama API error: 404
2025-11-01 01:30:53,528 - am_extended - INFO -   Processed 60/222 pages
2025-11-01 01:30:53,559 - am_extended - ERROR - Ollama API error: 404
2025-11-01 01:30:53,590 - am_extended - ERROR - Ollama API error: 404
2025-11-01 01:30:53,605 - am_extended - ERROR - Ollama API error: 404
2025-11-01 01:30:53,621 - am_extended - ERROR - Ollama API error: 404
2025-11-01 01:30:53,636 - am_extended - ERROR - Ollama API error: 404
2025-11-01 01:30:53,652 - am_extended - ERROR - Ollama API error: 404
2025-11-01 01:30:53,683 - am_extended - ERROR - Ollama API error: 404
2025-11-01 01:30:53,714 - am_extended - ERROR - Ollama API error: 404
2025-11-01 01:30:53,730 - am_extended - ERROR - Ollama API error: 404
2025-11-01 01:30:53,760 - am_extended - ERROR - Ollama API error: 404
2025-11-01 01:30:53,761 - am_extended - INFO -   Processed 70/222 pages
2025-11-01 01:30:53,776 - am_extended - ERROR - Ollama API error: 404
2025-11-01 01:30:53,792 - am_extended - ERROR - Ollama API error: 404
2025-11-01 01:30:53,806 - am_extended - ERROR - Ollama API error: 404
2025-11-01 01:30:53,837 - am_extended - ERROR - Ollama API error: 404
2025-11-01 01:30:53,869 - am_extended - ERROR - Ollama API error: 404
2025-11-01 01:30:53,899 - am_extended - ERROR - Ollama API error: 404
2025-11-01 01:30:53,931 - am_extended - ERROR - Ollama API error: 404
2025-11-01 01:30:53,961 - am_extended - ERROR - Ollama API error: 404
2025-11-01 01:30:53,992 - am_extended - ERROR - Ollama API error: 404
2025-11-01 01:30:54,023 - am_extended - ERROR - Ollama API error: 404
2025-11-01 01:30:54,023 - am_extended - INFO -   Processed 80/222 pages
2025-11-01 01:30:54,053 - am_extended - ERROR - Ollama API error: 404
2025-11-01 01:30:54,069 - am_extended - ERROR - Ollama API error: 404
2025-11-01 01:30:54,100 - am_extended - ERROR - Ollama API error: 404
2025-11-01 01:30:54,131 - am_extended - ERROR - Ollama API error: 404
2025-11-01 01:30:54,161 - am_extended - ERROR - Ollama API error: 404
2025-11-01 01:30:54,177 - am_extended - ERROR - Ollama API error: 404
2025-11-01 01:30:54,207 - am_extended - ERROR - Ollama API error: 404
2025-11-01 01:30:54,238 - am_extended - ERROR - Ollama API error: 404
2025-11-01 01:30:54,269 - am_extended - ERROR - Ollama API error: 404
2025-11-01 01:30:54,299 - am_extended - ERROR - Ollama API error: 404
2025-11-01 01:30:54,299 - am_extended - INFO -   Processed 90/222 pages
2025-11-01 01:30:54,330 - am_extended - ERROR - Ollama API error: 404
2025-11-01 01:30:54,361 - am_extended - ERROR - Ollama API error: 404
2025-11-01 01:30:54,392 - am_extended - ERROR - Ollama API error: 404
2025-11-01 01:30:54,423 - am_extended - ERROR - Ollama API error: 404
2025-11-01 01:30:54,439 - am_extended - ERROR - Ollama API error: 404
2025-11-01 01:30:54,469 - am_extended - ERROR - Ollama API error: 404
2025-11-01 01:30:54,500 - am_extended - ERROR - Ollama API error: 404
2025-11-01 01:30:54,516 - am_extended - ERROR - Ollama API error: 404
2025-11-01 01:30:54,531 - am_extended - ERROR - Ollama API error: 404
2025-11-01 01:30:54,563 - am_extended - ERROR - Ollama API error: 404
2025-11-01 01:30:54,563 - am_extended - INFO -   Processed 100/222 pages
2025-11-01 01:30:54,594 - am_extended - ERROR - Ollama API error: 404
2025-11-01 01:30:54,625 - am_extended - ERROR - Ollama API error: 404
2025-11-01 01:30:54,641 - am_extended - ERROR - Ollama API error: 404
2025-11-01 01:30:54,672 - am_extended - ERROR - Ollama API error: 404
2025-11-01 01:30:54,703 - am_extended - ERROR - Ollama API error: 404
2025-11-01 01:30:54,735 - am_extended - ERROR - Ollama API error: 404
2025-11-01 01:30:54,750 - am_extended - ERROR - Ollama API error: 404
2025-11-01 01:30:54,781 - am_extended - ERROR - Ollama API error: 404
2025-11-01 01:30:54,813 - am_extended - ERROR - Ollama API error: 404
2025-11-01 01:30:54,843 - am_extended - ERROR - Ollama API error: 404
2025-11-01 01:30:54,843 - am_extended - INFO -   Processed 110/222 pages
2025-11-01 01:30:54,875 - am_extended - ERROR - Ollama API error: 404
2025-11-01 01:30:54,905 - am_extended - ERROR - Ollama API error: 404
2025-11-01 01:30:54,936 - am_extended - ERROR - Ollama API error: 404
2025-11-01 01:30:54,967 - am_extended - ERROR - Ollama API error: 404
2025-11-01 01:30:54,998 - am_extended - ERROR - Ollama API error: 404
2025-11-01 01:30:55,028 - am_extended - ERROR - Ollama API error: 404
2025-11-01 01:30:55,031 - am_extended - ERROR - Ollama API error: 404
2025-11-01 01:30:55,059 - am_extended - ERROR - Ollama API error: 404
2025-11-01 01:30:55,090 - am_extended - ERROR - Ollama API error: 404
2025-11-01 01:30:55,105 - am_extended - ERROR - Ollama API error: 404
2025-11-01 01:30:55,105 - am_extended - INFO -   Processed 120/222 pages
2025-11-01 01:30:55,120 - am_extended - ERROR - Ollama API error: 404
2025-11-01 01:30:55,135 - am_extended - ERROR - Ollama API error: 404
2025-11-01 01:30:55,151 - am_extended - ERROR - Ollama API error: 404
2025-11-01 01:30:55,181 - am_extended - ERROR - Ollama API error: 404
2025-11-01 01:30:55,184 - am_extended - ERROR - Ollama API error: 404
2025-11-01 01:30:55,212 - am_extended - ERROR - Ollama API error: 404
2025-11-01 01:30:55,243 - am_extended - ERROR - Ollama API error: 404
2025-11-01 01:30:55,258 - am_extended - ERROR - Ollama API error: 404
2025-11-01 01:30:55,274 - am_extended - ERROR - Ollama API error: 404
2025-11-01 01:30:55,305 - am_extended - ERROR - Ollama API error: 404
2025-11-01 01:30:55,305 - am_extended - INFO -   Processed 130/222 pages
2025-11-01 01:30:55,336 - am_extended - ERROR - Ollama API error: 404
2025-11-01 01:30:55,367 - am_extended - ERROR - Ollama API error: 404
2025-11-01 01:30:55,397 - am_extended - ERROR - Ollama API error: 404
2025-11-01 01:30:55,414 - am_extended - ERROR - Ollama API error: 404
2025-11-01 01:30:55,444 - am_extended - ERROR - Ollama API error: 404
2025-11-01 01:30:55,446 - am_extended - ERROR - Ollama API error: 404
2025-11-01 01:30:55,459 - am_extended - ERROR - Ollama API error: 404
2025-11-01 01:30:55,474 - am_extended - ERROR - Ollama API error: 404
2025-11-01 01:30:55,505 - am_extended - ERROR - Ollama API error: 404
2025-11-01 01:30:55,521 - am_extended - ERROR - Ollama API error: 404
2025-11-01 01:30:55,521 - am_extended - INFO -   Processed 140/222 pages
2025-11-01 01:30:55,536 - am_extended - ERROR - Ollama API error: 404
2025-11-01 01:30:55,567 - am_extended - ERROR - Ollama API error: 404
2025-11-01 01:30:55,597 - am_extended - ERROR - Ollama API error: 404
2025-11-01 01:30:55,613 - am_extended - ERROR - Ollama API error: 404
2025-11-01 01:30:55,630 - am_extended - ERROR - Ollama API error: 404
2025-11-01 01:30:55,644 - am_extended - ERROR - Ollama API error: 404
2025-11-01 01:30:55,647 - am_extended - ERROR - Ollama API error: 404
2025-11-01 01:30:55,649 - am_extended - ERROR - Ollama API error: 404
2025-11-01 01:30:55,675 - am_extended - ERROR - Ollama API error: 404
2025-11-01 01:30:55,691 - am_extended - ERROR - Ollama API error: 404
2025-11-01 01:30:55,692 - am_extended - INFO -   Processed 150/222 pages
2025-11-01 01:30:55,707 - am_extended - ERROR - Ollama API error: 404
2025-11-01 01:30:55,738 - am_extended - ERROR - Ollama API error: 404
2025-11-01 01:30:55,769 - am_extended - ERROR - Ollama API error: 404
2025-11-01 01:30:55,785 - am_extended - ERROR - Ollama API error: 404
2025-11-01 01:30:55,816 - am_extended - ERROR - Ollama API error: 404
2025-11-01 01:30:55,819 - am_extended - ERROR - Ollama API error: 404
2025-11-01 01:30:55,847 - am_extended - ERROR - Ollama API error: 404
2025-11-01 01:30:55,878 - am_extended - ERROR - Ollama API error: 404
2025-11-01 01:30:55,909 - am_extended - ERROR - Ollama API error: 404
2025-11-01 01:30:55,940 - am_extended - ERROR - Ollama API error: 404
2025-11-01 01:30:55,941 - am_extended - INFO -   Processed 160/222 pages
2025-11-01 01:30:55,957 - am_extended - ERROR - Ollama API error: 404
2025-11-01 01:30:55,987 - am_extended - ERROR - Ollama API error: 404
2025-11-01 01:30:56,019 - am_extended - ERROR - Ollama API error: 404
2025-11-01 01:30:56,049 - am_extended - ERROR - Ollama API error: 404
2025-11-01 01:30:56,081 - am_extended - ERROR - Ollama API error: 404
2025-11-01 01:30:56,111 - am_extended - ERROR - Ollama API error: 404
2025-11-01 01:30:56,126 - am_extended - ERROR - Ollama API error: 404
2025-11-01 01:30:56,157 - am_extended - ERROR - Ollama API error: 404
2025-11-01 01:30:56,187 - am_extended - ERROR - Ollama API error: 404
2025-11-01 01:30:56,218 - am_extended - ERROR - Ollama API error: 404
2025-11-01 01:30:56,218 - am_extended - INFO -   Processed 170/222 pages
2025-11-01 01:30:56,254 - am_extended - ERROR - Ollama API error: 404
2025-11-01 01:30:56,280 - am_extended - ERROR - Ollama API error: 404
2025-11-01 01:30:56,311 - am_extended - ERROR - Ollama API error: 404
2025-11-01 01:30:56,343 - am_extended - ERROR - Ollama API error: 404
2025-11-01 01:30:56,374 - am_extended - ERROR - Ollama API error: 404
2025-11-01 01:30:56,406 - am_extended - ERROR - Ollama API error: 404
2025-11-01 01:30:56,438 - am_extended - ERROR - Ollama API error: 404
2025-11-01 01:30:56,470 - am_extended - ERROR - Ollama API error: 404
2025-11-01 01:30:56,501 - am_extended - ERROR - Ollama API error: 404
2025-11-01 01:30:56,531 - am_extended - ERROR - Ollama API error: 404
2025-11-01 01:30:56,532 - am_extended - INFO -   Processed 180/222 pages
2025-11-01 01:30:56,562 - am_extended - ERROR - Ollama API error: 404
2025-11-01 01:30:56,593 - am_extended - ERROR - Ollama API error: 404
2025-11-01 01:30:56,623 - am_extended - ERROR - Ollama API error: 404
2025-11-01 01:30:56,655 - am_extended - ERROR - Ollama API error: 404
2025-11-01 01:30:56,686 - am_extended - ERROR - Ollama API error: 404
2025-11-01 01:30:56,717 - am_extended - ERROR - Ollama API error: 404
2025-11-01 01:30:56,733 - am_extended - ERROR - Ollama API error: 404
2025-11-01 01:30:56,765 - am_extended - ERROR - Ollama API error: 404
2025-11-01 01:30:56,796 - am_extended - ERROR - Ollama API error: 404
2025-11-01 01:30:56,802 - am_extended - ERROR - Ollama API error: 404
2025-11-01 01:30:56,803 - am_extended - INFO -   Processed 190/222 pages
2025-11-01 01:30:56,809 - am_extended - ERROR - Ollama API error: 404
2025-11-01 01:30:56,828 - am_extended - ERROR - Ollama API error: 404
2025-11-01 01:30:56,859 - am_extended - ERROR - Ollama API error: 404
2025-11-01 01:30:56,874 - am_extended - ERROR - Ollama API error: 404
2025-11-01 01:30:56,891 - am_extended - ERROR - Ollama API error: 404
2025-11-01 01:30:56,935 - am_extended - ERROR - Ollama API error: 404
2025-11-01 01:30:56,966 - am_extended - ERROR - Ollama API error: 404
2025-11-01 01:30:56,983 - am_extended - ERROR - Ollama API error: 404
2025-11-01 01:30:57,029 - am_extended - ERROR - Ollama API error: 404
2025-11-01 01:30:57,044 - am_extended - ERROR - Ollama API error: 404
2025-11-01 01:30:57,044 - am_extended - INFO -   Processed 200/222 pages
2025-11-01 01:30:57,058 - am_extended - ERROR - Ollama API error: 404
2025-11-01 01:30:57,091 - am_extended - ERROR - Ollama API error: 404
2025-11-01 01:30:57,120 - am_extended - ERROR - Ollama API error: 404
2025-11-01 01:30:57,153 - am_extended - ERROR - Ollama API error: 404
2025-11-01 01:30:57,183 - am_extended - ERROR - Ollama API error: 404
2025-11-01 01:30:57,201 - am_extended - ERROR - Ollama API error: 404
2025-11-01 01:30:57,232 - am_extended - ERROR - Ollama API error: 404
2025-11-01 01:30:57,261 - am_extended - ERROR - Ollama API error: 404
2025-11-01 01:30:57,278 - am_extended - ERROR - Ollama API error: 404
2025-11-01 01:30:57,294 - am_extended - ERROR - Ollama API error: 404
2025-11-01 01:30:57,295 - am_extended - INFO -   Processed 210/222 pages
2025-11-01 01:30:57,309 - am_extended - ERROR - Ollama API error: 404
2025-11-01 01:30:57,340 - am_extended - ERROR - Ollama API error: 404
2025-11-01 01:30:57,370 - am_extended - ERROR - Ollama API error: 404
2025-11-01 01:30:57,388 - am_extended - ERROR - Ollama API error: 404
2025-11-01 01:30:57,416 - am_extended - ERROR - Ollama API error: 404
2025-11-01 01:30:57,450 - am_extended - ERROR - Ollama API error: 404
2025-11-01 01:30:57,492 - am_extended - ERROR - Ollama API error: 404
2025-11-01 01:30:57,524 - am_extended - ERROR - Ollama API error: 404
2025-11-01 01:30:57,555 - am_extended - ERROR - Ollama API error: 404
2025-11-01 01:30:57,586 - am_extended - ERROR - Ollama API error: 404
2025-11-01 01:30:57,616 - am_extended - ERROR - Ollama API error: 404
2025-11-01 01:30:57,617 - am_extended - INFO - Extracted extended fields for 218 pages
2025-11-01 01:30:57,617 - am_common - INFO - Saving dataset: C:\scripts\1repo\data\datasets\extended\naked-statistics-pdf.dataset.jsonl (222 cards)
2025-11-01 01:30:57,628 - am_common - INFO - Saved: 222 cards to naked-statistics-pdf.dataset.jsonl (956.92 KB)
2025-11-01 01:30:57,628 - quality_tracker - INFO - Starting: track_quality
2025-11-01 01:30:57,630 - quality_tracker - INFO - extended metrics:
2025-11-01 01:30:57,630 - quality_tracker - INFO -   total_cards: 222
2025-11-01 01:30:57,630 - quality_tracker - INFO -   duplicates_found: 0
2025-11-01 01:30:57,630 - quality_tracker - INFO -   duplicate_ratio: 0.0000
2025-11-01 01:30:57,630 - quality_tracker - INFO -   continuity_gaps: 64
2025-11-01 01:30:57,630 - quality_tracker - INFO -   continuity_gap_ratio: 0.2896
2025-11-01 01:30:57,630 - quality_tracker - INFO -   avg_overlap: 0.1310
2025-11-01 01:30:57,630 - quality_tracker - INFO -   extended_fields_extracted: 218
2025-11-01 01:30:57,630 - quality_tracker - INFO -   extraction_coverage: 0.9820
2025-11-01 01:30:57,630 - quality_tracker - INFO -   lm_extraction_count: 0
2025-11-01 01:30:57,630 - quality_tracker - INFO -   lm_extraction_ratio: 0.0000
2025-11-01 01:30:57,630 - quality_tracker - INFO--- Logging error ---
Traceback (most recent call last):
  File "C:\Users\Dimon\AppData\Local\Programs\Python\Python313\Lib\logging\__init__.py", line 1154, in emit
    stream.write(msg + self.terminator)
    ~~~~~~~~~~~~^^^^^^^^^^^^^^^^^^^^^^^
  File "C:\Users\Dimon\AppData\Local\Programs\Python\Python313\Lib\site-packages\colorama\ansitowin32.py", line 47, in write
    self.__convertor.write(text)
    ~~~~~~~~~~~~~~~~~~~~~~^^^^^^
  File "C:\Users\Dimon\AppData\Local\Programs\Python\Python313\Lib\site-packages\colorama\ansitowin32.py", line 177, in write
    self.write_and_convert(text)
    ~~~~~~~~~~~~~~~~~~~~~~^^^^^^
  File "C:\Users\Dimon\AppData\Local\Programs\Python\Python313\Lib\site-packages\colorama\ansitowin32.py", line 205, in write_and_convert
    self.write_plain_text(text, cursor, len(text))
    ~~~~~~~~~~~~~~~~~~~~~^^^^^^^^^^^^^^^^^^^^^^^^^
  File "C:\Users\Dimon\AppData\Local\Programs\Python\Python313\Lib\site-packages\colorama\ansitowin32.py", line 210, in write_plain_text
    self.wrapped.write(text[start:end])
    ~~~~~~~~~~~~~~~~~~^^^^^^^^^^^^^^^^^
  File "C:\Users\Dimon\AppData\Local\Programs\Python\Python313\Lib\encodings\cp1251.py", line 19, in encode
    return codecs.charmap_encode(input,self.errors,encoding_table)[0]
           ~~~~~~~~~~~~~~~~~~~~~^^^^^^^^^^^^^^^^^^^^^^^^^^^^^^^^^^
UnicodeEncodeError: 'charmap' codec can't encode character '\u2713' in position 3: character maps to <undefined>
Call stack:
  File "C:\scripts\1repo\run_mvp.py", line 680, in <module>
    main()
  File "C:\scripts\1repo\run_mvp.py", line 652, in main
    results = orchestrator.run_single(
  File "C:\scripts\1repo\run_mvp.py", line 226, in run_single
    stage_result = self._run_stage(stage, current_input)
  File "C:\scripts\1repo\run_mvp.py", line 419, in _run_stage
    return processor.process_dataset(input_path, output_dir)
  File "C:\scripts\1repo\am_extended.py", line 612, in process_dataset
    self.quality_tracker.track('extended', input_path.name, metrics)
  File "C:\scripts\1repo\quality_tracker.py", line 171, in track
    logger.info(f"\u2713 Quality thresholds passed for {stage}")
Message: '\u2713 Quality thresholds passed for extended'
Arguments: ()
2025-11-01 01:30:57,632 - quality_tracker - INFO - Completed: track_quality (0.00s)
2025-11-01 01:30:57,632 - am_extended - INFO - Saved: naked-statistics-pdf.dataset.jsonl
2025-11-01 01:30:57,632 - validate - INFO - Validating extended: naked-statistics-pdf.dataset.jsonl
2025-11-01 01:30:57,632 - am_common - INFO - Loading dataset: C:\scripts\1repo\data\datasets\extended\naked-statistics-pdf.dataset.jsonl
2025-11-01 01:30:57,655 - am_common - INFO - Loaded: 222 cards from naked-statistics-pdf.dataset.jsonl
2025-11-01 01:30:57,657 - validate - WARNING - [X] INVALID - naked-statistics-pdf.dataset.jsonl (2 errors)
2025-11-01 01:30:57,657 - __main__ - WARNING - Validation issues: 2 errors, 218 warnings
2025-11-01 01:30:57,657 - __main__ - WARNING - Validation issues: 2 errors
2025-11-01 01:30:57,657 - __main__ - INFO - ============================================================
2025-11-01 01:30:57,657 - __main__ - INFO--- Logging error ---
Traceback (most recent call last):
  File "C:\Users\Dimon\AppData\Local\Programs\Python\Python313\Lib\logging\__init__.py", line 1154, in emit
    stream.write(msg + self.terminator)
    ~~~~~~~~~~~~^^^^^^^^^^^^^^^^^^^^^^^
  File "C:\Users\Dimon\AppData\Local\Programs\Python\Python313\Lib\site-packages\colorama\ansitowin32.py", line 47, in write
    self.__convertor.write(text)
    ~~~~~~~~~~~~~~~~~~~~~~^^^^^^
  File "C:\Users\Dimon\AppData\Local\Programs\Python\Python313\Lib\site-packages\colorama\ansitowin32.py", line 177, in write
    self.write_and_convert(text)
    ~~~~~~~~~~~~~~~~~~~~~~^^^^^^
  File "C:\Users\Dimon\AppData\Local\Programs\Python\Python313\Lib\site-packages\colorama\ansitowin32.py", line 205, in write_and_convert
    self.write_plain_text(text, cursor, len(text))
    ~~~~~~~~~~~~~~~~~~~~~^^^^^^^^^^^^^^^^^^^^^^^^^
  File "C:\Users\Dimon\AppData\Local\Programs\Python\Python313\Lib\site-packages\colorama\ansitowin32.py", line 210, in write_plain_text
    self.wrapped.write(text[start:end])
    ~~~~~~~~~~~~~~~~~~^^^^^^^^^^^^^^^^^
  File "C:\Users\Dimon\AppData\Local\Programs\Python\Python313\Lib\encodings\cp1251.py", line 19, in encode
    return codecs.charmap_encode(input,self.errors,encoding_table)[0]
           ~~~~~~~~~~~~~~~~~~~~~^^^^^^^^^^^^^^^^^^^^^^^^^^^^^^^^^^
UnicodeEncodeError: 'charmap' codec can't encode character '\U0001f916' in position 5: character maps to <undefined>
Call stack:
  File "C:\scripts\1repo\run_mvp.py", line 680, in <module>
    main()
  File "C:\scripts\1repo\run_mvp.py", line 652, in main
    results = orchestrator.run_single(
  File "C:\scripts\1repo\run_mvp.py", line 253, in run_single
    log_stage(logger, stage, "Completed")
  File "C:\scripts\1repo\am_logging.py", line 613, in log_stage
    log_section(logger, f"{emoji} {action}: {stage.upper()}", "INFO")
  File "C:\scripts\1repo\am_logging.py", line 588, in log_section
    log_func(f"  {title}")
Message: '  \U0001f916 Completed: EXTENDED'
Arguments: ()
2025-11-01 01:30:57,658 - __main__ - INFO - ============================================================
2025-11-01 01:30:57,658 - __main__ - INFO - ============================================================
2025-11-01 01:30:57,658 - __main__ - INFO--- Logging error ---
Traceback (most recent call last):
  File "C:\Users\Dimon\AppData\Local\Programs\Python\Python313\Lib\logging\__init__.py", line 1154, in emit
    stream.write(msg + self.terminator)
    ~~~~~~~~~~~~^^^^^^^^^^^^^^^^^^^^^^^
  File "C:\Users\Dimon\AppData\Local\Programs\Python\Python313\Lib\site-packages\colorama\ansitowin32.py", line 47, in write
    self.__convertor.write(text)
    ~~~~~~~~~~~~~~~~~~~~~~^^^^^^
  File "C:\Users\Dimon\AppData\Local\Programs\Python\Python313\Lib\site-packages\colorama\ansitowin32.py", line 177, in write
    self.write_and_convert(text)
    ~~~~~~~~~~~~~~~~~~~~~~^^^^^^
  File "C:\Users\Dimon\AppData\Local\Programs\Python\Python313\Lib\site-packages\colorama\ansitowin32.py", line 205, in write_and_convert
    self.write_plain_text(text, cursor, len(text))
    ~~~~~~~~~~~~~~~~~~~~~^^^^^^^^^^^^^^^^^^^^^^^^^
  File "C:\Users\Dimon\AppData\Local\Programs\Python\Python313\Lib\site-packages\colorama\ansitowin32.py", line 210, in write_plain_text
    self.wrapped.write(text[start:end])
    ~~~~~~~~~~~~~~~~~~^^^^^^^^^^^^^^^^^
  File "C:\Users\Dimon\AppData\Local\Programs\Python\Python313\Lib\encodings\cp1251.py", line 19, in encode
    return codecs.charmap_encode(input,self.errors,encoding_table)[0]
           ~~~~~~~~~~~~~~~~~~~~~^^^^^^^^^^^^^^^^^^^^^^^^^^^^^^^^^^
UnicodeEncodeError: 'charmap' codec can't encode character '\u2705' in position 5: character maps to <undefined>
Call stack:
  File "C:\scripts\1repo\run_mvp.py", line 680, in <module>
    main()
  File "C:\scripts\1repo\run_mvp.py", line 652, in main
    results = orchestrator.run_single(
  File "C:\scripts\1repo\run_mvp.py", line 222, in run_single
    log_stage(logger, stage, "Starting")
  File "C:\scripts\1repo\am_logging.py", line 613, in log_stage
    log_section(logger, f"{emoji} {action}: {stage.upper()}", "INFO")
  File "C:\scripts\1repo\am_logging.py", line 588, in log_section
    log_func(f"  {title}")
Message: '  \u2705 Starting: FINALIZE'
Arguments: ()
2025-11-01 01:30:57,659 - __main__ - INFO - ============================================================
2025-11-01 01:30:57,659 - am_common - INFO - Loading config: config\batch_full.yaml
2025-11-01 01:30:57,679 - am_common - INFO - Config loaded successfully
2025-11-01 01:30:57,680 - am_finalize - INFO - Processing: naked-statistics-pdf.dataset.jsonl
2025-11-01 01:30:57,680 - am_common - INFO - Loading dataset: C:\scripts\1repo\data\datasets\extended\naked-statistics-pdf.dataset.jsonl
2025-11-01 01:30:57,694 - am_common - INFO - Loaded: 222 cards from naked-statistics-pdf.dataset.jsonl
2025-11-01 01:30:57,696 - am_common - INFO - Saving dataset: C:\scripts\1repo\data\datasets\final\naked-statistics-pdf.dataset.jsonl (222 cards)
2025-11-01 01:30:57,707 - am_common - INFO - Saved: 222 cards to naked-statistics-pdf.dataset.jsonl (945.48 KB)
2025-11-01 01:30:57,708 - quality_tracker - INFO - Starting: track_quality
2025-11-01 01:30:57,709 - quality_tracker - INFO - finalize metrics:
2025-11-01 01:30:57,709 - quality_tracker - INFO -   total_cards: 222
2025-11-01 01:30:57,709 - quality_tracker - INFO -   validation_errors: 0
2025-11-01 01:30:57,709 - quality_tracker - INFO -   validation_warnings: 10
2025-11-01 01:30:57,709 - quality_tracker - INFO -   avg_completeness: 0.6150
2025-11-01 01:30:57,709 - quality_tracker - INFO -   cards_with_structure: 207
2025-11-01 01:30:57,709 - quality_tracker - INFO -   structure_coverage: 0.9324
2025-11-01 01:30:57,709 - quality_tracker - INFO -   cards_with_summaries: 219
2025-11-01 01:30:57,709 - quality_tracker - INFO -   summary_coverage: 0.9865
2025-11-01 01:30:57,709 - quality_tracker - INFO--- Logging error ---
Traceback (most recent call last):
  File "C:\Users\Dimon\AppData\Local\Programs\Python\Python313\Lib\logging\__init__.py", line 1154, in emit
    stream.write(msg + self.terminator)
    ~~~~~~~~~~~~^^^^^^^^^^^^^^^^^^^^^^^
  File "C:\Users\Dimon\AppData\Local\Programs\Python\Python313\Lib\site-packages\colorama\ansitowin32.py", line 47, in write
    self.__convertor.write(text)
    ~~~~~~~~~~~~~~~~~~~~~~^^^^^^
  File "C:\Users\Dimon\AppData\Local\Programs\Python\Python313\Lib\site-packages\colorama\ansitowin32.py", line 177, in write
    self.write_and_convert(text)
    ~~~~~~~~~~~~~~~~~~~~~~^^^^^^
  File "C:\Users\Dimon\AppData\Local\Programs\Python\Python313\Lib\site-packages\colorama\ansitowin32.py", line 205, in write_and_convert
    self.write_plain_text(text, cursor, len(text))
    ~~~~~~~~~~~~~~~~~~~~~^^^^^^^^^^^^^^^^^^^^^^^^^
  File "C:\Users\Dimon\AppData\Local\Programs\Python\Python313\Lib\site-packages\colorama\ansitowin32.py", line 210, in write_plain_text
    self.wrapped.write(text[start:end])
    ~~~~~~~~~~~~~~~~~~^^^^^^^^^^^^^^^^^
  File "C:\Users\Dimon\AppData\Local\Programs\Python\Python313\Lib\encodings\cp1251.py", line 19, in encode
    return codecs.charmap_encode(input,self.errors,encoding_table)[0]
           ~~~~~~~~~~~~~~~~~~~~~^^^^^^^^^^^^^^^^^^^^^^^^^^^^^^^^^^
UnicodeEncodeError: 'charmap' codec can't encode character '\u2713' in position 3: character maps to <undefined>
Call stack:
  File "C:\scripts\1repo\run_mvp.py", line 680, in <module>
    main()
  File "C:\scripts\1repo\run_mvp.py", line 652, in main
    results = orchestrator.run_single(
  File "C:\scripts\1repo\run_mvp.py", line 226, in run_single
    stage_result = self._run_stage(stage, current_input)
  File "C:\scripts\1repo\run_mvp.py", line 419, in _run_stage
    return processor.process_dataset(input_path, output_dir)
  File "C:\scripts\1repo\am_finalize.py", line 278, in process_dataset
    self.quality_tracker.track('finalize', input_path.name, metrics)
  File "C:\scripts\1repo\quality_tracker.py", line 171, in track
    logger.info(f"\u2713 Quality thresholds passed for {stage}")
Message: '\u2713 Quality thresholds passed for finalize'
Arguments: ()
2025-11-01 01:30:57,710 - quality_tracker - INFO - Completed: track_quality (0.00s)
2025-11-01 01:30:57,710 - am_finalize - INFO - Saved: naked-statistics-pdf.dataset.jsonl
2025-11-01 01:30:57,712 - __main__ - ERROR - Validation failed: Unknown stage: finalize
2025-11-01 01:30:57,712 - __main__ - WARNING - Validation issues: 1 errors
2025-11-01 01:30:57,712 - __main__ - INFO - ============================================================
2025-11-01 01:30:57,712 - __main__ - INFO--- Logging error ---
Traceback (most recent call last):
  File "C:\Users\Dimon\AppData\Local\Programs\Python\Python313\Lib\logging\__init__.py", line 1154, in emit
    stream.write(msg + self.terminator)
    ~~~~~~~~~~~~^^^^^^^^^^^^^^^^^^^^^^^
  File "C:\Users\Dimon\AppData\Local\Programs\Python\Python313\Lib\site-packages\colorama\ansitowin32.py", line 47, in write
    self.__convertor.write(text)
    ~~~~~~~~~~~~~~~~~~~~~~^^^^^^
  File "C:\Users\Dimon\AppData\Local\Programs\Python\Python313\Lib\site-packages\colorama\ansitowin32.py", line 177, in write
    self.write_and_convert(text)
    ~~~~~~~~~~~~~~~~~~~~~~^^^^^^
  File "C:\Users\Dimon\AppData\Local\Programs\Python\Python313\Lib\site-packages\colorama\ansitowin32.py", line 205, in write_and_convert
    self.write_plain_text(text, cursor, len(text))
    ~~~~~~~~~~~~~~~~~~~~~^^^^^^^^^^^^^^^^^^^^^^^^^
  File "C:\Users\Dimon\AppData\Local\Programs\Python\Python313\Lib\site-packages\colorama\ansitowin32.py", line 210, in write_plain_text
    self.wrapped.write(text[start:end])
    ~~~~~~~~~~~~~~~~~~^^^^^^^^^^^^^^^^^
  File "C:\Users\Dimon\AppData\Local\Programs\Python\Python313\Lib\encodings\cp1251.py", line 19, in encode
    return codecs.charmap_encode(input,self.errors,encoding_table)[0]
           ~~~~~~~~~~~~~~~~~~~~~^^^^^^^^^^^^^^^^^^^^^^^^^^^^^^^^^^
UnicodeEncodeError: 'charmap' codec can't encode character '\u2705' in position 5: character maps to <undefined>
Call stack:
  File "C:\scripts\1repo\run_mvp.py", line 680, in <module>
    main()
  File "C:\scripts\1repo\run_mvp.py", line 652, in main
    results = orchestrator.run_single(
  File "C:\scripts\1repo\run_mvp.py", line 253, in run_single
    log_stage(logger, stage, "Completed")
  File "C:\scripts\1repo\am_logging.py", line 613, in log_stage
    log_section(logger, f"{emoji} {action}: {stage.upper()}", "INFO")
  File "C:\scripts\1repo\am_logging.py", line 588, in log_section
    log_func(f"  {title}")
Message: '  \u2705 Completed: FINALIZE'
Arguments: ()
2025-11-01 01:30:57,712 - __main__ - INFO - ============================================================
2025-11-01 01:30:57,712 - __main__ - INFO - ============================================================
2025-11-01 01:30:57,713 - __main__ - INFO--- Logging error ---
Traceback (most recent call last):
  File "C:\Users\Dimon\AppData\Local\Programs\Python\Python313\Lib\logging\__init__.py", line 1154, in emit
    stream.write(msg + self.terminator)
    ~~~~~~~~~~~~^^^^^^^^^^^^^^^^^^^^^^^
  File "C:\Users\Dimon\AppData\Local\Programs\Python\Python313\Lib\site-packages\colorama\ansitowin32.py", line 47, in write
    self.__convertor.write(text)
    ~~~~~~~~~~~~~~~~~~~~~~^^^^^^
  File "C:\Users\Dimon\AppData\Local\Programs\Python\Python313\Lib\site-packages\colorama\ansitowin32.py", line 177, in write
    self.write_and_convert(text)
    ~~~~~~~~~~~~~~~~~~~~~~^^^^^^
  File "C:\Users\Dimon\AppData\Local\Programs\Python\Python313\Lib\site-packages\colorama\ansitowin32.py", line 205, in write_and_convert
    self.write_plain_text(text, cursor, len(text))
    ~~~~~~~~~~~~~~~~~~~~~^^^^^^^^^^^^^^^^^^^^^^^^^
  File "C:\Users\Dimon\AppData\Local\Programs\Python\Python313\Lib\site-packages\colorama\ansitowin32.py", line 210, in write_plain_text
    self.wrapped.write(text[start:end])
    ~~~~~~~~~~~~~~~~~~^^^^^^^^^^^^^^^^^
  File "C:\Users\Dimon\AppData\Local\Programs\Python\Python313\Lib\encodings\cp1251.py", line 19, in encode
    return codecs.charmap_encode(input,self.errors,encoding_table)[0]
           ~~~~~~~~~~~~~~~~~~~~~^^^^^^^^^^^^^^^^^^^^^^^^^^^^^^^^^^
UnicodeEncodeError: 'charmap' codec can't encode character '\U0001f9e9' in position 5: character maps to <undefined>
Call stack:
  File "C:\scripts\1repo\run_mvp.py", line 680, in <module>
    main()
  File "C:\scripts\1repo\run_mvp.py", line 652, in main
    results = orchestrator.run_single(
  File "C:\scripts\1repo\run_mvp.py", line 222, in run_single
    log_stage(logger, stage, "Starting")
  File "C:\scripts\1repo\am_logging.py", line 613, in log_stage
    log_section(logger, f"{emoji} {action}: {stage.upper()}", "INFO")
  File "C:\scripts\1repo\am_logging.py", line 588, in log_section
    log_func(f"  {title}")
Message: '  \U0001f9e9 Starting: CHUNK'
Arguments: ()
2025-11-01 01:30:57,713 - __main__ - INFO - ============================================================
2025-11-01 01:30:57,713 - am_common - INFO - Loading config: config\batch_full.yaml
2025-11-01 01:30:57,729 - am_common - INFO - Config loaded successfully
2025-11-01 01:30:57,874 - am_chunk - INFO - Processing: naked-statistics-pdf.dataset.jsonl
2025-11-01 01:30:57,874 - am_common - INFO - Loading dataset: C:\scripts\1repo\data\datasets\final\naked-statistics-pdf.dataset.jsonl
2025-11-01 01:30:57,908 - am_common - INFO - Loaded: 222 cards from naked-statistics-pdf.dataset.jsonl
2025-11-01 01:30:58,122 - am_chunk - INFO - Created 372 chunks from 222 pages
2025-11-01 01:30:58,134 - quality_tracker - INFO - Starting: track_quality
2025-11-01 01:30:58,137 - quality_tracker - INFO - chunk metrics:
2025-11-01 01:30:58,137 - quality_tracker - INFO -   total_chunks: 372
2025-11-01 01:30:58,137 - quality_tracker - INFO -   chunks_per_page: 1.6757
2025-11-01 01:30:58,137 - quality_tracker - INFO -   avg_chunk_tokens: 402.9167
2025-11-01 01:30:58,137 - quality_tracker - INFO -   min_chunk_tokens: 115
2025-11-01 01:30:58,137 - quality_tracker - INFO -   max_chunk_tokens: 525
2025-11-01 01:30:58,137 - quality_tracker - INFO -   token_distribution: {'0-100': 0, '100-300': 65, '300-512': 303, '512+': 4}
2025-11-01 01:30:58,137 - quality_tracker - INFO -   context_completeness: 1.0000
2025-11-01 01:30:58,137 - quality_tracker - INFO--- Logging error ---
Traceback (most recent call last):
  File "C:\Users\Dimon\AppData\Local\Programs\Python\Python313\Lib\logging\__init__.py", line 1154, in emit
    stream.write(msg + self.terminator)
    ~~~~~~~~~~~~^^^^^^^^^^^^^^^^^^^^^^^
  File "C:\Users\Dimon\AppData\Local\Programs\Python\Python313\Lib\site-packages\colorama\ansitowin32.py", line 47, in write
    self.__convertor.write(text)
    ~~~~~~~~~~~~~~~~~~~~~~^^^^^^
  File "C:\Users\Dimon\AppData\Local\Programs\Python\Python313\Lib\site-packages\colorama\ansitowin32.py", line 177, in write
    self.write_and_convert(text)
    ~~~~~~~~~~~~~~~~~~~~~~^^^^^^
  File "C:\Users\Dimon\AppData\Local\Programs\Python\Python313\Lib\site-packages\colorama\ansitowin32.py", line 205, in write_and_convert
    self.write_plain_text(text, cursor, len(text))
    ~~~~~~~~~~~~~~~~~~~~~^^^^^^^^^^^^^^^^^^^^^^^^^
  File "C:\Users\Dimon\AppData\Local\Programs\Python\Python313\Lib\site-packages\colorama\ansitowin32.py", line 210, in write_plain_text
    self.wrapped.write(text[start:end])
    ~~~~~~~~~~~~~~~~~~^^^^^^^^^^^^^^^^^
  File "C:\Users\Dimon\AppData\Local\Programs\Python\Python313\Lib\encodings\cp1251.py", line 19, in encode
    return codecs.charmap_encode(input,self.errors,encoding_table)[0]
           ~~~~~~~~~~~~~~~~~~~~~^^^^^^^^^^^^^^^^^^^^^^^^^^^^^^^^^^
UnicodeEncodeError: 'charmap' codec can't encode character '\u2713' in position 3: character maps to <undefined>
Call stack:
  File "C:\scripts\1repo\run_mvp.py", line 680, in <module>
    main()
  File "C:\scripts\1repo\run_mvp.py", line 652, in main
    results = orchestrator.run_single(
  File "C:\scripts\1repo\run_mvp.py", line 226, in run_single
    stage_result = self._run_stage(stage, current_input)
  File "C:\scripts\1repo\run_mvp.py", line 419, in _run_stage
    return processor.process_dataset(input_path, output_dir)
  File "C:\scripts\1repo\am_chunk.py", line 309, in process_dataset
    self.quality_tracker.track('chunk', input_path.name, metrics)
  File "C:\scripts\1repo\quality_tracker.py", line 171, in track
    logger.info(f"\u2713 Quality thresholds passed for {stage}")
Message: '\u2713 Quality thresholds passed for chunk'
Arguments: ()
2025-11-01 01:30:58,138 - quality_tracker - INFO - Completed: track_quality (0.00s)
2025-11-01 01:30:58,138 - am_chunk - INFO - Saved: naked-statistics-pdf.dataset.chunks.jsonl
2025-11-01 01:30:58,140 - __main__ - ERROR - Validation failed: Unknown stage: chunk
2025-11-01 01:30:58,140 - __main__ - WARNING - Validation issues: 1 errors
2025-11-01 01:30:58,140 - __main__ - INFO - ============================================================
2025-11-01 01:30:58,140 - __main__ - INFO--- Logging error ---
Traceback (most recent call last):
  File "C:\Users\Dimon\AppData\Local\Programs\Python\Python313\Lib\logging\__init__.py", line 1154, in emit
    stream.write(msg + self.terminator)
    ~~~~~~~~~~~~^^^^^^^^^^^^^^^^^^^^^^^
  File "C:\Users\Dimon\AppData\Local\Programs\Python\Python313\Lib\site-packages\colorama\ansitowin32.py", line 47, in write
    self.__convertor.write(text)
    ~~~~~~~~~~~~~~~~~~~~~~^^^^^^
  File "C:\Users\Dimon\AppData\Local\Programs\Python\Python313\Lib\site-packages\colorama\ansitowin32.py", line 177, in write
    self.write_and_convert(text)
    ~~~~~~~~~~~~~~~~~~~~~~^^^^^^
  File "C:\Users\Dimon\AppData\Local\Programs\Python\Python313\Lib\site-packages\colorama\ansitowin32.py", line 205, in write_and_convert
    self.write_plain_text(text, cursor, len(text))
    ~~~~~~~~~~~~~~~~~~~~~^^^^^^^^^^^^^^^^^^^^^^^^^
  File "C:\Users\Dimon\AppData\Local\Programs\Python\Python313\Lib\site-packages\colorama\ansitowin32.py", line 210, in write_plain_text
    self.wrapped.write(text[start:end])
    ~~~~~~~~~~~~~~~~~~^^^^^^^^^^^^^^^^^
  File "C:\Users\Dimon\AppData\Local\Programs\Python\Python313\Lib\encodings\cp1251.py", line 19, in encode
    return codecs.charmap_encode(input,self.errors,encoding_table)[0]
           ~~~~~~~~~~~~~~~~~~~~~^^^^^^^^^^^^^^^^^^^^^^^^^^^^^^^^^^
UnicodeEncodeError: 'charmap' codec can't encode character '\U0001f9e9' in position 5: character maps to <undefined>
Call stack:
  File "C:\scripts\1repo\run_mvp.py", line 680, in <module>
    main()
  File "C:\scripts\1repo\run_mvp.py", line 652, in main
    results = orchestrator.run_single(
  File "C:\scripts\1repo\run_mvp.py", line 253, in run_single
    log_stage(logger, stage, "Completed")
  File "C:\scripts\1repo\am_logging.py", line 613, in log_stage
    log_section(logger, f"{emoji} {action}: {stage.upper()}", "INFO")
  File "C:\scripts\1repo\am_logging.py", line 588, in log_section
    log_func(f"  {title}")
Message: '  \U0001f9e9 Completed: CHUNK'
Arguments: ()
2025-11-01 01:30:58,141 - __main__ - INFO - ============================================================
2025-11-01 01:30:58,141 - __main__ - INFO - ============================================================
2025-11-01 01:30:58,141 - __main__ - INFO--- Logging error ---
Traceback (most recent call last):
  File "C:\Users\Dimon\AppData\Local\Programs\Python\Python313\Lib\logging\__init__.py", line 1154, in emit
    stream.write(msg + self.terminator)
    ~~~~~~~~~~~~^^^^^^^^^^^^^^^^^^^^^^^
  File "C:\Users\Dimon\AppData\Local\Programs\Python\Python313\Lib\site-packages\colorama\ansitowin32.py", line 47, in write
    self.__convertor.write(text)
    ~~~~~~~~~~~~~~~~~~~~~~^^^^^^
  File "C:\Users\Dimon\AppData\Local\Programs\Python\Python313\Lib\site-packages\colorama\ansitowin32.py", line 177, in write
    self.write_and_convert(text)
    ~~~~~~~~~~~~~~~~~~~~~~^^^^^^
  File "C:\Users\Dimon\AppData\Local\Programs\Python\Python313\Lib\site-packages\colorama\ansitowin32.py", line 205, in write_and_convert
    self.write_plain_text(text, cursor, len(text))
    ~~~~~~~~~~~~~~~~~~~~~^^^^^^^^^^^^^^^^^^^^^^^^^
  File "C:\Users\Dimon\AppData\Local\Programs\Python\Python313\Lib\site-packages\colorama\ansitowin32.py", line 210, in write_plain_text
    self.wrapped.write(text[start:end])
    ~~~~~~~~~~~~~~~~~~^^^^^^^^^^^^^^^^^
  File "C:\Users\Dimon\AppData\Local\Programs\Python\Python313\Lib\encodings\cp1251.py", line 19, in encode
    return codecs.charmap_encode(input,self.errors,encoding_table)[0]
           ~~~~~~~~~~~~~~~~~~~~~^^^^^^^^^^^^^^^^^^^^^^^^^^^^^^^^^^
UnicodeEncodeError: 'charmap' codec can't encode character '\U0001f522' in position 5: character maps to <undefined>
Call stack:
  File "C:\scripts\1repo\run_mvp.py", line 680, in <module>
    main()
  File "C:\scripts\1repo\run_mvp.py", line 652, in main
    results = orchestrator.run_single(
  File "C:\scripts\1repo\run_mvp.py", line 222, in run_single
    log_stage(logger, stage, "Starting")
  File "C:\scripts\1repo\am_logging.py", line 613, in log_stage
    log_section(logger, f"{emoji} {action}: {stage.upper()}", "INFO")
  File "C:\scripts\1repo\am_logging.py", line 588, in log_section
    log_func(f"  {title}")
Message: '  \U0001f522 Starting: EMBED'
Arguments: ()
2025-11-01 01:30:58,141 - __main__ - INFO - ============================================================
2025-11-01 01:30:58,141 - am_common - INFO - Loading config: config\batch_full.yaml
2025-11-01 01:30:58,160 - am_common - INFO - Config loaded successfully
2025-11-01 01:30:58,160 - am_embed - INFO - [sentence-transformers] Loading model: all-MiniLM-L6-v2
2025-11-01 01:30:58,161 - sentence_transformers.SentenceTransformer - INFO - Use pytorch device_name: cpu
2025-11-01 01:30:58,162 - sentence_transformers.SentenceTransformer - INFO - Load pretrained SentenceTransformer: all-MiniLM-L6-v2
2025-11-01 01:31:01,877 - am_embed - INFO - [sentence-transformers] Embedding dimension: 384
2025-11-01 01:31:01,878 - am_embed - INFO - Processing: naked-statistics-pdf.dataset.chunks.jsonl
2025-11-01 01:31:01,909 - am_embed - INFO - Loaded 372 chunks
2025-11-01 01:31:01,911 - am_embed - INFO - Encoding 372 chunks in 12 batches
2025-11-01 01:31:06,752 - am_embed - INFO - Processed batch 10/12
2025-11-01 01:31:07,554 - am_embed - INFO - Encoded 372 embeddings, 0 failures
2025-11-01 01:31:07,555 - am_embed - INFO - Building FAISS index: flat, metric=cosine
2025-11-01 01:31:07,555 - am_embed - INFO - Vectors: 372, Dimension: 384
2025-11-01 01:31:07,556 - am_embed - INFO - FAISS index built: 372 vectors
2025-11-01 01:31:07,557 - am_embed - INFO - Saved FAISS index: naked-statistics-pdf.dataset.faiss (558.04 KB)
2025-11-01 01:31:07,562 - am_embed - INFO - Saved metadata: naked-statistics-pdf.dataset.pkl (818.32 KB)
2025-11-01 01:31:07,563 - quality_tracker - INFO - Starting: track_quality
2025-11-01 01:31:07,563 - quality_tracker - INFO - embed metrics:
2025-11-01 01:31:07,563 - quality_tracker - INFO -   total_vectors: 372
2025-11-01 01:31:07,564 - quality_tracker - INFO -   embedding_dim: 384
2025-11-01 01:31:07,564 - quality_tracker - INFO -   embedding_failures: 0
2025-11-01 01:31:07,564 - quality_tracker - INFO -   failure_rate: 0.0000
2025-11-01 01:31:07,564 - quality_tracker - INFO -   avg_norm: 1.0000
2025-11-01 01:31:07,564 - quality_tracker - INFO -   min_norm: 1.0000
2025-11-01 01:31:07,564 - quality_tracker - INFO -   max_norm: 1.0000
2025-11-01 01:31:07,564 - quality_tracker - INFO--- Logging error ---
Traceback (most recent call last):
  File "C:\Users\Dimon\AppData\Local\Programs\Python\Python313\Lib\logging\__init__.py", line 1154, in emit
    stream.write(msg + self.terminator)
    ~~~~~~~~~~~~^^^^^^^^^^^^^^^^^^^^^^^
  File "C:\Users\Dimon\AppData\Local\Programs\Python\Python313\Lib\site-packages\colorama\ansitowin32.py", line 47, in write
    self.__convertor.write(text)
    ~~~~~~~~~~~~~~~~~~~~~~^^^^^^
  File "C:\Users\Dimon\AppData\Local\Programs\Python\Python313\Lib\site-packages\colorama\ansitowin32.py", line 177, in write
    self.write_and_convert(text)
    ~~~~~~~~~~~~~~~~~~~~~~^^^^^^
  File "C:\Users\Dimon\AppData\Local\Programs\Python\Python313\Lib\site-packages\colorama\ansitowin32.py", line 205, in write_and_convert
    self.write_plain_text(text, cursor, len(text))
    ~~~~~~~~~~~~~~~~~~~~~^^^^^^^^^^^^^^^^^^^^^^^^^
  File "C:\Users\Dimon\AppData\Local\Programs\Python\Python313\Lib\site-packages\colorama\ansitowin32.py", line 210, in write_plain_text
    self.wrapped.write(text[start:end])
    ~~~~~~~~~~~~~~~~~~^^^^^^^^^^^^^^^^^
  File "C:\Users\Dimon\AppData\Local\Programs\Python\Python313\Lib\encodings\cp1251.py", line 19, in encode
    return codecs.charmap_encode(input,self.errors,encoding_table)[0]
           ~~~~~~~~~~~~~~~~~~~~~^^^^^^^^^^^^^^^^^^^^^^^^^^^^^^^^^^
UnicodeEncodeError: 'charmap' codec can't encode character '\u2713' in position 3: character maps to <undefined>
Call stack:
  File "C:\scripts\1repo\run_mvp.py", line 680, in <module>
    main()
  File "C:\scripts\1repo\run_mvp.py", line 652, in main
    results = orchestrator.run_single(
  File "C:\scripts\1repo\run_mvp.py", line 226, in run_single
    stage_result = self._run_stage(stage, current_input)
  File "C:\scripts\1repo\run_mvp.py", line 428, in _run_stage
    return processor.process_chunks(input_path, output_dir=None)
  File "C:\scripts\1repo\am_embed.py", line 426, in process_chunks
    self.quality_tracker.track('embed', chunks_path.name, metrics)
  File "C:\scripts\1repo\quality_tracker.py", line 171, in track
    logger.info(f"\u2713 Quality thresholds passed for {stage}")
Message: '\u2713 Quality thresholds passed for embed'
Arguments: ()
2025-11-01 01:31:07,565 - quality_tracker - INFO - Completed: track_quality (0.00s)
2025-11-01 01:31:07,565 - am_embed - INFO - Saved: naked-statistics-pdf.dataset.faiss, naked-statistics-pdf.dataset.pkl
2025-11-01 01:31:07,567 - __main__ - INFO - ============================================================
2025-11-01 01:31:07,567 - __main__ - INFO--- Logging error ---
Traceback (most recent call last):
  File "C:\Users\Dimon\AppData\Local\Programs\Python\Python313\Lib\logging\__init__.py", line 1154, in emit
    stream.write(msg + self.terminator)
    ~~~~~~~~~~~~^^^^^^^^^^^^^^^^^^^^^^^
  File "C:\Users\Dimon\AppData\Local\Programs\Python\Python313\Lib\site-packages\colorama\ansitowin32.py", line 47, in write
    self.__convertor.write(text)
    ~~~~~~~~~~~~~~~~~~~~~~^^^^^^
  File "C:\Users\Dimon\AppData\Local\Programs\Python\Python313\Lib\site-packages\colorama\ansitowin32.py", line 177, in write
    self.write_and_convert(text)
    ~~~~~~~~~~~~~~~~~~~~~~^^^^^^
  File "C:\Users\Dimon\AppData\Local\Programs\Python\Python313\Lib\site-packages\colorama\ansitowin32.py", line 205, in write_and_convert
    self.write_plain_text(text, cursor, len(text))
    ~~~~~~~~~~~~~~~~~~~~~^^^^^^^^^^^^^^^^^^^^^^^^^
  File "C:\Users\Dimon\AppData\Local\Programs\Python\Python313\Lib\site-packages\colorama\ansitowin32.py", line 210, in write_plain_text
    self.wrapped.write(text[start:end])
    ~~~~~~~~~~~~~~~~~~^^^^^^^^^^^^^^^^^
  File "C:\Users\Dimon\AppData\Local\Programs\Python\Python313\Lib\encodings\cp1251.py", line 19, in encode
    return codecs.charmap_encode(input,self.errors,encoding_table)[0]
           ~~~~~~~~~~~~~~~~~~~~~^^^^^^^^^^^^^^^^^^^^^^^^^^^^^^^^^^
UnicodeEncodeError: 'charmap' codec can't encode character '\U0001f522' in position 5: character maps to <undefined>
Call stack:
  File "C:\scripts\1repo\run_mvp.py", line 680, in <module>
    main()
  File "C:\scripts\1repo\run_mvp.py", line 652, in main
    results = orchestrator.run_single(
  File "C:\scripts\1repo\run_mvp.py", line 253, in run_single
    log_stage(logger, stage, "Completed")
  File "C:\scripts\1repo\am_logging.py", line 613, in log_stage
    log_section(logger, f"{emoji} {action}: {stage.upper()}", "INFO")
  File "C:\scripts\1repo\am_logging.py", line 588, in log_section
    log_func(f"  {title}")
Message: '  \U0001f522 Completed: EMBED'
Arguments: ()
2025-11-01 01:31:07,569 - __main__ - INFO - ============================================================
2025-11-01 01:31:07,569 - __main__ - INFO - Pipeline status: completed
2025-11-01 01:31:07,569 - __main__ - INFO - Completed: run_single_pipeline (69.59s)
2025-11-01 01:31:07,569 - __main__ - INFO - ============================================================
2025-11-01 01:31:07,569 - __main__ - INFO--- Logging error ---
Traceback (most recent call last):
  File "C:\Users\Dimon\AppData\Local\Programs\Python\Python313\Lib\logging\__init__.py", line 1154, in emit
    stream.write(msg + self.terminator)
    ~~~~~~~~~~~~^^^^^^^^^^^^^^^^^^^^^^^
  File "C:\Users\Dimon\AppData\Local\Programs\Python\Python313\Lib\site-packages\colorama\ansitowin32.py", line 47, in write
    self.__convertor.write(text)
    ~~~~~~~~~~~~~~~~~~~~~~^^^^^^
  File "C:\Users\Dimon\AppData\Local\Programs\Python\Python313\Lib\site-packages\colorama\ansitowin32.py", line 177, in write
    self.write_and_convert(text)
    ~~~~~~~~~~~~~~~~~~~~~~^^^^^^
  File "C:\Users\Dimon\AppData\Local\Programs\Python\Python313\Lib\site-packages\colorama\ansitowin32.py", line 205, in write_and_convert
    self.write_plain_text(text, cursor, len(text))
    ~~~~~~~~~~~~~~~~~~~~~^^^^^^^^^^^^^^^^^^^^^^^^^
  File "C:\Users\Dimon\AppData\Local\Programs\Python\Python313\Lib\site-packages\colorama\ansitowin32.py", line 210, in write_plain_text
    self.wrapped.write(text[start:end])
    ~~~~~~~~~~~~~~~~~~^^^^^^^^^^^^^^^^^
  File "C:\Users\Dimon\AppData\Local\Programs\Python\Python313\Lib\encodings\cp1251.py", line 19, in encode
    return codecs.charmap_encode(input,self.errors,encoding_table)[0]
           ~~~~~~~~~~~~~~~~~~~~~^^^^^^^^^^^^^^^^^^^^^^^^^^^^^^^^^^
UnicodeEncodeError: 'charmap' codec can't encode character '\U0001f4ca' in position 5: character maps to <undefined>
Call stack:
  File "C:\scripts\1repo\run_mvp.py", line 680, in <module>
    main()
  File "C:\scripts\1repo\run_mvp.py", line 660, in main
    orchestrator.generate_reports()
  File "C:\scripts\1repo\run_mvp.py", line 502, in generate_reports
    log_section(logger, "\U0001f4ca FINAL REPORTS", "INFO")
  File "C:\scripts\1repo\am_logging.py", line 588, in log_section
    log_func(f"  {title}")
Message: '  \U0001f4ca FINAL REPORTS'
Arguments: ()
2025-11-01 01:31:07,570 - __main__ - INFO - ============================================================
2025-11-01 01:31:07,570 - __main__ - INFO - ============================================================
2025-11-01 01:31:07,571 - __main__ - INFO -   Performance Summary
2025-11-01 01:31:07,571 - __main__ - INFO - ============================================================
2025-11-01 01:31:07,571 - __main__ - INFO - 
run_single_pipeline:
2025-11-01 01:31:07,571 - __main__ - INFO -   Count: 1
2025-11-01 01:31:07,571 - __main__ - INFO -   Total: 69.59s
2025-11-01 01:31:07,571 - __main__ - INFO -   Avg: 69.59s
2025-11-01 01:31:07,571 - __main__ - INFO -   Min: 69.59s
2025-11-01 01:31:07,571 - __main__ - INFO -   Max: 69.59s
2025-11-01 01:31:07,571 - __main__ - INFO - 
track_quality:
2025-11-01 01:31:07,571 - __main__ - INFO -   Count: 7
2025-11-01 01:31:07,571 - __main__ - INFO -   Total: 0.02s
2025-11-01 01:31:07,571 - __main__ - INFO -   Avg: 0.00s
2025-11-01 01:31:07,571 - __main__ - INFO -   Min: 0.00s
2025-11-01 01:31:07,571 - __main__ - INFO -   Max: 0.00s
2025-11-01 01:31:07,571 - __main__ - INFO - No errors or warnings recorded
2025-11-01 01:31:07,571 - __main__ - INFO - 
2025-11-01 01:31:07,571 - quality_tracker - INFO - Starting: generate_quality_report
2025-11-01 01:31:07,573 - quality_tracker - INFO - Quality report saved: C:\scripts\1repo\data\quality\quality_report_20251101_013107.json
2025-11-01 01:31:07,575 - quality_tracker - INFO - Completed: generate_quality_report (0.00s)
2025-11-01 01:31:07,575 - quality_tracker - INFO - ============================================================
2025-11-01 01:31:07,575 - quality_tracker - INFO -   QUALITY REPORT
2025-11-01 01:31:07,575 - quality_tracker - INFO - ============================================================
2025-11-01 01:31:07,575 - quality_tracker - INFO - Generated: 2025-10-31T22:31:07Z
2025-11-01 01:31:07,575 - quality_tracker - INFO - Version: 2.0.0

2025-11-01 01:31:07,576 - quality_tracker - INFO - ------------------------------------------------------------
2025-11-01 01:31:07,576 - quality_tracker - INFO -   Stage: STRUCTURAL
2025-11-01 01:31:07,576 - quality_tracker - INFO - ------------------------------------------------------------
2025-11-01 01:31:07,576 - quality_tracker - INFO - Summary:
2025-11-01 01:31:07,576 - quality_tracker - INFO -   total_runs: 1
2025-11-01 01:31:07,576 - quality_tracker - INFO -   passed_threshold: 1
2025-11-01 01:31:07,576 - quality_tracker - INFO -   failed_threshold: 0
2025-11-01 01:31:07,576 - quality_tracker - INFO -   pass_rate: 100.0%
2025-11-01 01:31:07,576 - quality_tracker - INFO - 
Recent trend (last 1 runs):
2025-11-01 01:31:07,576 - quality_tracker - INFO -   Pass rate: 100.0%
2025-11-01 01:31:07,576 - quality_tracker - INFO - 
2025-11-01 01:31:07,576 - quality_tracker - INFO - ------------------------------------------------------------
2025-11-01 01:31:07,576 - quality_tracker - INFO -   Stage: STRUCTURE_DETECT
2025-11-01 01:31:07,576 - quality_tracker - INFO - ------------------------------------------------------------
2025-11-01 01:31:07,576 - quality_tracker - INFO - Summary:
2025-11-01 01:31:07,576 - quality_tracker - INFO -   total_runs: 1
2025-11-01 01:31:07,576 - quality_tracker - INFO -   passed_threshold: 1
2025-11-01 01:31:07,576 - quality_tracker - INFO -   failed_threshold: 0
2025-11-01 01:31:07,577 - quality_tracker - INFO -   pass_rate: 100.0%
2025-11-01 01:31:07,577 - quality_tracker - INFO - 
Recent trend (last 1 runs):
2025-11-01 01:31:07,577 - quality_tracker - INFO -   Pass rate: 100.0%
2025-11-01 01:31:07,577 - quality_tracker - INFO - 
2025-11-01 01:31:07,577 - quality_tracker - INFO - ------------------------------------------------------------
2025-11-01 01:31:07,577 - quality_tracker - INFO -   Stage: SUMMARIZE
2025-11-01 01:31:07,577 - quality_tracker - INFO - ------------------------------------------------------------
2025-11-01 01:31:07,577 - quality_tracker - INFO - Summary:
2025-11-01 01:31:07,577 - quality_tracker - INFO -   total_runs: 1
2025-11-01 01:31:07,577 - quality_tracker - INFO -   passed_threshold: 1
2025-11-01 01:31:07,577 - quality_tracker - INFO -   failed_threshold: 0
2025-11-01 01:31:07,577 - quality_tracker - INFO -   pass_rate: 100.0%
2025-11-01 01:31:07,577 - quality_tracker - INFO - 
Recent trend (last 1 runs):
2025-11-01 01:31:07,577 - quality_tracker - INFO -   Pass rate: 100.0%
2025-11-01 01:31:07,577 - quality_tracker - INFO - 
2025-11-01 01:31:07,577 - quality_tracker - INFO - ------------------------------------------------------------
2025-11-01 01:31:07,577 - quality_tracker - INFO -   Stage: EXTENDED
2025-11-01 01:31:07,577 - quality_tracker - INFO - ------------------------------------------------------------
2025-11-01 01:31:07,577 - quality_tracker - INFO - Summary:
2025-11-01 01:31:07,577 - quality_tracker - INFO -   total_runs: 1
2025-11-01 01:31:07,577 - quality_tracker - INFO -   passed_threshold: 1
2025-11-01 01:31:07,577 - quality_tracker - INFO -   failed_threshold: 0
2025-11-01 01:31:07,577 - quality_tracker - INFO -   pass_rate: 100.0%
2025-11-01 01:31:07,578 - quality_tracker - INFO - 
Recent trend (last 1 runs):
2025-11-01 01:31:07,578 - quality_tracker - INFO -   Pass rate: 100.0%
2025-11-01 01:31:07,578 - quality_tracker - INFO - 
2025-11-01 01:31:07,578 - quality_tracker - INFO - ------------------------------------------------------------
2025-11-01 01:31:07,578 - quality_tracker - INFO -   Stage: FINALIZE
2025-11-01 01:31:07,578 - quality_tracker - INFO - ------------------------------------------------------------
2025-11-01 01:31:07,578 - quality_tracker - INFO - Summary:
2025-11-01 01:31:07,578 - quality_tracker - INFO -   total_runs: 1
2025-11-01 01:31:07,578 - quality_tracker - INFO -   passed_threshold: 1
2025-11-01 01:31:07,578 - quality_tracker - INFO -   failed_threshold: 0
2025-11-01 01:31:07,578 - quality_tracker - INFO -   pass_rate: 100.0%
2025-11-01 01:31:07,578 - quality_tracker - INFO - 
Recent trend (last 1 runs):
2025-11-01 01:31:07,578 - quality_tracker - INFO -   Pass rate: 100.0%
2025-11-01 01:31:07,578 - quality_tracker - INFO - 
2025-11-01 01:31:07,578 - quality_tracker - INFO - ------------------------------------------------------------
2025-11-01 01:31:07,578 - quality_tracker - INFO -   Stage: CHUNK
2025-11-01 01:31:07,578 - quality_tracker - INFO - ------------------------------------------------------------
2025-11-01 01:31:07,578 - quality_tracker - INFO - Summary:
2025-11-01 01:31:07,578 - quality_tracker - INFO -   total_runs: 1
2025-11-01 01:31:07,578 - quality_tracker - INFO -   passed_threshold: 1
2025-11-01 01:31:07,578 - quality_tracker - INFO -   failed_threshold: 0
2025-11-01 01:31:07,578 - quality_tracker - INFO -   pass_rate: 100.0%
2025-11-01 01:31:07,578 - quality_tracker - INFO - 
Recent trend (last 1 runs):
2025-11-01 01:31:07,579 - quality_tracker - INFO -   Pass rate: 100.0%
2025-11-01 01:31:07,579 - quality_tracker - INFO - 
2025-11-01 01:31:07,579 - quality_tracker - INFO - ------------------------------------------------------------
2025-11-01 01:31:07,579 - quality_tracker - INFO -   Stage: EMBED
2025-11-01 01:31:07,579 - quality_tracker - INFO - ------------------------------------------------------------
2025-11-01 01:31:07,579 - quality_tracker - INFO - Summary:
2025-11-01 01:31:07,579 - quality_tracker - INFO -   total_runs: 1
2025-11-01 01:31:07,579 - quality_tracker - INFO -   passed_threshold: 1
2025-11-01 01:31:07,579 - quality_tracker - INFO -   failed_threshold: 0
2025-11-01 01:31:07,579 - quality_tracker - INFO -   pass_rate: 100.0%
2025-11-01 01:31:07,579 - quality_tracker - INFO - 
Recent trend (last 1 runs):
2025-11-01 01:31:07,579 - quality_tracker - INFO -   Pass rate: 100.0%
2025-11-01 01:31:07,579 - quality_tracker - INFO - 
2025-11-01 01:31:07,579 - quality_tracker - INFO - ------------------------------------------------------------
2025-11-01 01:31:07,579 - quality_tracker - INFO -   PERFORMANCE SUMMARY
2025-11-01 01:31:07,579 - quality_tracker - INFO - ------------------------------------------------------------
2025-11-01 01:31:07,579 - quality_tracker - INFO - track_quality:
2025-11-01 01:31:07,579 - quality_tracker - INFO -   Count: 7, Avg: 0.00s
2025-11-01 01:31:07,579 - quality_tracker - INFO - run_single_pipeline:
2025-11-01 01:31:07,579 - quality_tracker - INFO -   Count: 1, Avg: 69.59s
2025-11-01 01:31:07,579 - __main__ - INFO - 
2025-11-01 01:31:07,579 - validate - INFO - ============================================================
2025-11-01 01:31:07,579 - validate - INFO -   Validation Summary
2025-11-01 01:31:07,580 - validate - INFO - ============================================================
2025-11-01 01:31:07,580 - validate - INFO - Overall Results:
2025-11-01 01:31:07,580 - validate - INFO -   total_datasets: 2
2025-11-01 01:31:07,580 - validate - INFO -   valid_datasets: 1
2025-11-01 01:31:07,580 - validate - INFO -   invalid_datasets: 1
2025-11-01 01:31:07,580 - validate - INFO -   total_errors: 2
2025-11-01 01:31:07,580 - validate - INFO -   total_warnings: 219
2025-11-01 01:31:07,580 - validate - INFO -   success_rate: 0.5000
2025-11-01 01:31:07,580 - validate - INFO -   timestamp: 2025-10-31T22:31:07.579922
2025-11-01 01:31:07,581 - validate - INFO - 
Per-dataset results:
2025-11-01 01:31:07,581 - validate - INFO--- Logging error ---
Traceback (most recent call last):
  File "C:\Users\Dimon\AppData\Local\Programs\Python\Python313\Lib\logging\__init__.py", line 1154, in emit
    stream.write(msg + self.terminator)
    ~~~~~~~~~~~~^^^^^^^^^^^^^^^^^^^^^^^
  File "C:\Users\Dimon\AppData\Local\Programs\Python\Python313\Lib\site-packages\colorama\ansitowin32.py", line 47, in write
    self.__convertor.write(text)
    ~~~~~~~~~~~~~~~~~~~~~~^^^^^^
  File "C:\Users\Dimon\AppData\Local\Programs\Python\Python313\Lib\site-packages\colorama\ansitowin32.py", line 177, in write
    self.write_and_convert(text)
    ~~~~~~~~~~~~~~~~~~~~~~^^^^^^
  File "C:\Users\Dimon\AppData\Local\Programs\Python\Python313\Lib\site-packages\colorama\ansitowin32.py", line 205, in write_and_convert
    self.write_plain_text(text, cursor, len(text))
    ~~~~~~~~~~~~~~~~~~~~~^^^^^^^^^^^^^^^^^^^^^^^^^
  File "C:\Users\Dimon\AppData\Local\Programs\Python\Python313\Lib\site-packages\colorama\ansitowin32.py", line 210, in write_plain_text
    self.wrapped.write(text[start:end])
    ~~~~~~~~~~~~~~~~~~^^^^^^^^^^^^^^^^^
  File "C:\Users\Dimon\AppData\Local\Programs\Python\Python313\Lib\encodings\cp1251.py", line 19, in encode
    return codecs.charmap_encode(input,self.errors,encoding_table)[0]
           ~~~~~~~~~~~~~~~~~~~~~^^^^^^^^^^^^^^^^^^^^^^^^^^^^^^^^^^
UnicodeEncodeError: 'charmap' codec can't encode character '\u2705' in position 5: character maps to <undefined>
Call stack:
  File "C:\scripts\1repo\run_mvp.py", line 680, in <module>
    main()
  File "C:\scripts\1repo\run_mvp.py", line 660, in main
    orchestrator.generate_reports()
  File "C:\scripts\1repo\run_mvp.py", line 522, in generate_reports
    self.validator.print_summary()
  File "C:\scripts\1repo\validate.py", line 784, in print_summary
    self.report.print_summary()
  File "C:\scripts\1repo\validate.py", line 644, in print_summary
    logger.info(f"  {status} - {dataset} (errors: {errors}, warnings: {warnings})")
Message: '  \u2705 VALID - naked-statistics-pdf.dataset.jsonl (errors: 0, warnings: 1)'
Arguments: ()
2025-11-01 01:31:07,582 - validate - INFO--- Logging error ---
Traceback (most recent call last):
  File "C:\Users\Dimon\AppData\Local\Programs\Python\Python313\Lib\logging\__init__.py", line 1154, in emit
    stream.write(msg + self.terminator)
    ~~~~~~~~~~~~^^^^^^^^^^^^^^^^^^^^^^^
  File "C:\Users\Dimon\AppData\Local\Programs\Python\Python313\Lib\site-packages\colorama\ansitowin32.py", line 47, in write
    self.__convertor.write(text)
    ~~~~~~~~~~~~~~~~~~~~~~^^^^^^
  File "C:\Users\Dimon\AppData\Local\Programs\Python\Python313\Lib\site-packages\colorama\ansitowin32.py", line 177, in write
    self.write_and_convert(text)
    ~~~~~~~~~~~~~~~~~~~~~~^^^^^^
  File "C:\Users\Dimon\AppData\Local\Programs\Python\Python313\Lib\site-packages\colorama\ansitowin32.py", line 205, in write_and_convert
    self.write_plain_text(text, cursor, len(text))
    ~~~~~~~~~~~~~~~~~~~~~^^^^^^^^^^^^^^^^^^^^^^^^^
  File "C:\Users\Dimon\AppData\Local\Programs\Python\Python313\Lib\site-packages\colorama\ansitowin32.py", line 210, in write_plain_text
    self.wrapped.write(text[start:end])
    ~~~~~~~~~~~~~~~~~~^^^^^^^^^^^^^^^^^
  File "C:\Users\Dimon\AppData\Local\Programs\Python\Python313\Lib\encodings\cp1251.py", line 19, in encode
    return codecs.charmap_encode(input,self.errors,encoding_table)[0]
           ~~~~~~~~~~~~~~~~~~~~~^^^^^^^^^^^^^^^^^^^^^^^^^^^^^^^^^^
UnicodeEncodeError: 'charmap' codec can't encode character '\u274c' in position 5: character maps to <undefined>
Call stack:
  File "C:\scripts\1repo\run_mvp.py", line 680, in <module>
    main()
  File "C:\scripts\1repo\run_mvp.py", line 660, in main
    orchestrator.generate_reports()
  File "C:\scripts\1repo\run_mvp.py", line 522, in generate_reports
    self.validator.print_summary()
  File "C:\scripts\1repo\validate.py", line 784, in print_summary
    self.report.print_summary()
  File "C:\scripts\1repo\validate.py", line 644, in print_summary
    logger.info(f"  {status} - {dataset} (errors: {errors}, warnings: {warnings})")
Message: '  \u274c INVALID - naked-statistics-pdf.dataset.jsonl (errors: 2, warnings: 218)'
Arguments: ()
2025-11-01 01:31:07,583 - __main__ - INFO - ============================================================
2025-11-01 01:31:07,583 - __main__ - INFO--- Logging error ---
Traceback (most recent call last):
  File "C:\Users\Dimon\AppData\Local\Programs\Python\Python313\Lib\logging\__init__.py", line 1154, in emit
    stream.write(msg + self.terminator)
    ~~~~~~~~~~~~^^^^^^^^^^^^^^^^^^^^^^^
  File "C:\Users\Dimon\AppData\Local\Programs\Python\Python313\Lib\site-packages\colorama\ansitowin32.py", line 47, in write
    self.__convertor.write(text)
    ~~~~~~~~~~~~~~~~~~~~~~^^^^^^
  File "C:\Users\Dimon\AppData\Local\Programs\Python\Python313\Lib\site-packages\colorama\ansitowin32.py", line 177, in write
    self.write_and_convert(text)
    ~~~~~~~~~~~~~~~~~~~~~~^^^^^^
  File "C:\Users\Dimon\AppData\Local\Programs\Python\Python313\Lib\site-packages\colorama\ansitowin32.py", line 205, in write_and_convert
    self.write_plain_text(text, cursor, len(text))
    ~~~~~~~~~~~~~~~~~~~~~^^^^^^^^^^^^^^^^^^^^^^^^^
  File "C:\Users\Dimon\AppData\Local\Programs\Python\Python313\Lib\site-packages\colorama\ansitowin32.py", line 210, in write_plain_text
    self.wrapped.write(text[start:end])
    ~~~~~~~~~~~~~~~~~~^^^^^^^^^^^^^^^^^
  File "C:\Users\Dimon\AppData\Local\Programs\Python\Python313\Lib\encodings\cp1251.py", line 19, in encode
    return codecs.charmap_encode(input,self.errors,encoding_table)[0]
           ~~~~~~~~~~~~~~~~~~~~~^^^^^^^^^^^^^^^^^^^^^^^^^^^^^^^^^^
UnicodeEncodeError: 'charmap' codec can't encode character '\u2705' in position 5: character maps to <undefined>
Call stack:
  File "C:\scripts\1repo\run_mvp.py", line 680, in <module>
    main()
  File "C:\scripts\1repo\run_mvp.py", line 667, in main
    log_section(logger, "\u2705 PIPELINE COMPLETED SUCCESSFULLY", "INFO")
  File "C:\scripts\1repo\am_logging.py", line 588, in log_section
    log_func(f"  {title}")
Message: '  \u2705 PIPELINE COMPLETED SUCCESSFULLY'
Arguments: ()
2025-11-01 01:31:07,584 - __main__ - INFO - ============================================================
