[WARN] OCR not available
2025-11-01 01:32:31,156 - faiss.loader - INFO - Loading faiss with AVX512 support.
2025-11-01 01:32:31,156 - faiss.loader - INFO - Could not load library with AVX512 support due to:
ModuleNotFoundError("No module named 'faiss.swigfaiss_avx512'")
2025-11-01 01:32:31,156 - faiss.loader - INFO - Loading faiss with AVX2 support.
2025-11-01 01:32:31,166 - faiss.loader - INFO - Successfully loaded faiss with AVX2 support.
2025-11-01 01:32:31,173 - am_common - INFO - Loading config: config\batch_full.yaml
2025-11-01 01:32:31,188 - am_common - INFO - Config loaded successfully
2025-11-01 01:32:31,188 - quality_tracker - INFO - Quality tracker initialized: C:\scripts\1repo\data\quality
2025-11-01 01:32:31,189 - __main__ - INFO - ============================================================
2025-11-01 01:32:31,189 - __main__ - INFO--- Logging error ---
Traceback (most recent call last):
  File "C:\Users\Dimon\AppData\Local\Programs\Python\Python313\Lib\logging\__init__.py", line 1154, in emit
    stream.write(msg + self.terminator)
    ~~~~~~~~~~~~^^^^^^^^^^^^^^^^^^^^^^^
  File "C:\Users\Dimon\AppData\Local\Programs\Python\Python313\Lib\site-packages\colorama\ansitowin32.py", line 47, in write
    self.__convertor.write(text)
    ~~~~~~~~~~~~~~~~~~~~~~^^^^^^
  File "C:\Users\Dimon\AppData\Local\Programs\Python\Python313\Lib\site-packages\colorama\ansitowin32.py", line 177, in write
    self.write_and_convert(text)
    ~~~~~~~~~~~~~~~~~~~~~~^^^^^^
  File "C:\Users\Dimon\AppData\Local\Programs\Python\Python313\Lib\site-packages\colorama\ansitowin32.py", line 205, in write_and_convert
    self.write_plain_text(text, cursor, len(text))
    ~~~~~~~~~~~~~~~~~~~~~^^^^^^^^^^^^^^^^^^^^^^^^^
  File "C:\Users\Dimon\AppData\Local\Programs\Python\Python313\Lib\site-packages\colorama\ansitowin32.py", line 210, in write_plain_text
    self.wrapped.write(text[start:end])
    ~~~~~~~~~~~~~~~~~~^^^^^^^^^^^^^^^^^
  File "C:\Users\Dimon\AppData\Local\Programs\Python\Python313\Lib\encodings\cp1251.py", line 19, in encode
    return codecs.charmap_encode(input,self.errors,encoding_table)[0]
           ~~~~~~~~~~~~~~~~~~~~~^^^^^^^^^^^^^^^^^^^^^^^^^^^^^^^^^^
UnicodeEncodeError: 'charmap' codec can't encode character '\U0001f680' in position 5: character maps to <undefined>
Call stack:
  File "C:\scripts\1repo\run_mvp.py", line 680, in <module>
    main()
  File "C:\scripts\1repo\run_mvp.py", line 605, in main
    orchestrator = PipelineOrchestrator(
  File "C:\scripts\1repo\run_mvp.py", line 136, in __init__
    log_section(logger, f"\U0001f680 {PRODUCT_NAME} {VERSION}", "INFO")
  File "C:\scripts\1repo\am_logging.py", line 588, in log_section
    log_func(f"  {title}")
Message: '  \U0001f680 archivist magika 2.0.0'
Arguments: ()
2025-11-01 01:32:31,191 - __main__ - INFO - ============================================================
2025-11-01 01:32:31,191 - __main__ - INFO - Quality check: enabled
2025-11-01 01:32:31,191 - __main__ - INFO - Validation: enabled
2025-11-01 01:32:31,191 - __main__ - INFO - Dry run: no
2025-11-01 01:32:31,191 - __main__ - INFO - Starting: run_single_pipeline
2025-11-01 01:32:31,191 - __main__ - INFO - Processing: Playing_to_Win__How_Strategy_Really_Works_-_AG_Lafley.pdf
2025-11-01 01:32:31,191 - __main__ - INFO--- Logging error ---
Traceback (most recent call last):
  File "C:\Users\Dimon\AppData\Local\Programs\Python\Python313\Lib\logging\__init__.py", line 1154, in emit
    stream.write(msg + self.terminator)
    ~~~~~~~~~~~~^^^^^^^^^^^^^^^^^^^^^^^
  File "C:\Users\Dimon\AppData\Local\Programs\Python\Python313\Lib\site-packages\colorama\ansitowin32.py", line 47, in write
    self.__convertor.write(text)
    ~~~~~~~~~~~~~~~~~~~~~~^^^^^^
  File "C:\Users\Dimon\AppData\Local\Programs\Python\Python313\Lib\site-packages\colorama\ansitowin32.py", line 177, in write
    self.write_and_convert(text)
    ~~~~~~~~~~~~~~~~~~~~~~^^^^^^
  File "C:\Users\Dimon\AppData\Local\Programs\Python\Python313\Lib\site-packages\colorama\ansitowin32.py", line 205, in write_and_convert
    self.write_plain_text(text, cursor, len(text))
    ~~~~~~~~~~~~~~~~~~~~~^^^^^^^^^^^^^^^^^^^^^^^^^
  File "C:\Users\Dimon\AppData\Local\Programs\Python\Python313\Lib\site-packages\colorama\ansitowin32.py", line 210, in write_plain_text
    self.wrapped.write(text[start:end])
    ~~~~~~~~~~~~~~~~~~^^^^^^^^^^^^^^^^^
  File "C:\Users\Dimon\AppData\Local\Programs\Python\Python313\Lib\encodings\cp1251.py", line 19, in encode
    return codecs.charmap_encode(input,self.errors,encoding_table)[0]
           ~~~~~~~~~~~~~~~~~~~~~^^^^^^^^^^^^^^^^^^^^^^^^^^^^^^^^^^
UnicodeEncodeError: 'charmap' codec can't encode character '\u2192' in position 24: character maps to <undefined>
Call stack:
  File "C:\scripts\1repo\run_mvp.py", line 680, in <module>
    main()
  File "C:\scripts\1repo\run_mvp.py", line 652, in main
    results = orchestrator.run_single(
  File "C:\scripts\1repo\run_mvp.py", line 196, in run_single
    logger.info(f"Pipeline: {start_stage} \u2192 {end_stage}")
Message: 'Pipeline: structural \u2192 embed'
Arguments: ()
2025-11-01 01:32:31,192 - __main__ - INFO--- Logging error ---
Traceback (most recent call last):
  File "C:\Users\Dimon\AppData\Local\Programs\Python\Python313\Lib\logging\__init__.py", line 1154, in emit
    stream.write(msg + self.terminator)
    ~~~~~~~~~~~~^^^^^^^^^^^^^^^^^^^^^^^
  File "C:\Users\Dimon\AppData\Local\Programs\Python\Python313\Lib\site-packages\colorama\ansitowin32.py", line 47, in write
    self.__convertor.write(text)
    ~~~~~~~~~~~~~~~~~~~~~~^^^^^^
  File "C:\Users\Dimon\AppData\Local\Programs\Python\Python313\Lib\site-packages\colorama\ansitowin32.py", line 177, in write
    self.write_and_convert(text)
    ~~~~~~~~~~~~~~~~~~~~~~^^^^^^
  File "C:\Users\Dimon\AppData\Local\Programs\Python\Python313\Lib\site-packages\colorama\ansitowin32.py", line 205, in write_and_convert
    self.write_plain_text(text, cursor, len(text))
    ~~~~~~~~~~~~~~~~~~~~~^^^^^^^^^^^^^^^^^^^^^^^^^
  File "C:\Users\Dimon\AppData\Local\Programs\Python\Python313\Lib\site-packages\colorama\ansitowin32.py", line 210, in write_plain_text
    self.wrapped.write(text[start:end])
    ~~~~~~~~~~~~~~~~~~^^^^^^^^^^^^^^^^^
  File "C:\Users\Dimon\AppData\Local\Programs\Python\Python313\Lib\encodings\cp1251.py", line 19, in encode
    return codecs.charmap_encode(input,self.errors,encoding_table)[0]
           ~~~~~~~~~~~~~~~~~~~~~^^^^^^^^^^^^^^^^^^^^^^^^^^^^^^^^^^
UnicodeEncodeError: 'charmap' codec can't encode character '\u2192' in position 22: character maps to <undefined>
Call stack:
  File "C:\scripts\1repo\run_mvp.py", line 680, in <module>
    main()
  File "C:\scripts\1repo\run_mvp.py", line 652, in main
    results = orchestrator.run_single(
  File "C:\scripts\1repo\run_mvp.py", line 209, in run_single
    logger.info(f"Stages: {' \u2192 '.join(stages)}")
Message: 'Stages: structural \u2192 structure_detect \u2192 summarize \u2192 extended \u2192 finalize \u2192 chunk \u2192 embed'
Arguments: ()
2025-11-01 01:32:31,192 - __main__ - INFO - ============================================================
2025-11-01 01:32:31,192 - __main__ - INFO--- Logging error ---
Traceback (most recent call last):
  File "C:\Users\Dimon\AppData\Local\Programs\Python\Python313\Lib\logging\__init__.py", line 1154, in emit
    stream.write(msg + self.terminator)
    ~~~~~~~~~~~~^^^^^^^^^^^^^^^^^^^^^^^
  File "C:\Users\Dimon\AppData\Local\Programs\Python\Python313\Lib\site-packages\colorama\ansitowin32.py", line 47, in write
    self.__convertor.write(text)
    ~~~~~~~~~~~~~~~~~~~~~~^^^^^^
  File "C:\Users\Dimon\AppData\Local\Programs\Python\Python313\Lib\site-packages\colorama\ansitowin32.py", line 177, in write
    self.write_and_convert(text)
    ~~~~~~~~~~~~~~~~~~~~~~^^^^^^
  File "C:\Users\Dimon\AppData\Local\Programs\Python\Python313\Lib\site-packages\colorama\ansitowin32.py", line 205, in write_and_convert
    self.write_plain_text(text, cursor, len(text))
    ~~~~~~~~~~~~~~~~~~~~~^^^^^^^^^^^^^^^^^^^^^^^^^
  File "C:\Users\Dimon\AppData\Local\Programs\Python\Python313\Lib\site-packages\colorama\ansitowin32.py", line 210, in write_plain_text
    self.wrapped.write(text[start:end])
    ~~~~~~~~~~~~~~~~~~^^^^^^^^^^^^^^^^^
  File "C:\Users\Dimon\AppData\Local\Programs\Python\Python313\Lib\encodings\cp1251.py", line 19, in encode
    return codecs.charmap_encode(input,self.errors,encoding_table)[0]
           ~~~~~~~~~~~~~~~~~~~~~^^^^^^^^^^^^^^^^^^^^^^^^^^^^^^^^^^
UnicodeEncodeError: 'charmap' codec can't encode character '\U0001f4c4' in position 5: character maps to <undefined>
Call stack:
  File "C:\scripts\1repo\run_mvp.py", line 680, in <module>
    main()
  File "C:\scripts\1repo\run_mvp.py", line 652, in main
    results = orchestrator.run_single(
  File "C:\scripts\1repo\run_mvp.py", line 222, in run_single
    log_stage(logger, stage, "Starting")
  File "C:\scripts\1repo\am_logging.py", line 613, in log_stage
    log_section(logger, f"{emoji} {action}: {stage.upper()}", "INFO")
  File "C:\scripts\1repo\am_logging.py", line 588, in log_section
    log_func(f"  {title}")
Message: '  \U0001f4c4 Starting: STRUCTURAL'
Arguments: ()
2025-11-01 01:32:31,193 - __main__ - INFO - ============================================================
2025-11-01 01:32:31,193 - am_common - INFO - Loading config: config\batch_full.yaml
2025-11-01 01:32:31,209 - am_common - INFO - Config loaded successfully
2025-11-01 01:32:31,210 - am_structural_robust - INFO - Text extractor chain: ['pdfminer', 'pdfplumber', 'pypdf2']
2025-11-01 01:32:31,210 - am_structural_robust - INFO - Table extractor chain: ['pdfplumber']
2025-11-01 01:32:31,210 - am_structural_robust - INFO - Processing: Playing_to_Win__How_Strategy_Really_Works_-_AG_Lafley.pdf
2025-11-01 01:32:31,258 - am_structural_robust - INFO - PDF: Playing to Win_ How Strategy Really Works
2025-11-01 01:32:31,305 - am_structural_robust - INFO - Total pages: 259
2025-11-01 01:32:31,414 - am_structural_robust - ERROR - [X] Page 0: All extractors failed
2025-11-01 01:32:39,419 - am_structural_robust - INFO -   Processed 50/259 pages
2025-11-01 01:32:48,373 - am_structural_robust - INFO -   Processed 100/259 pages
2025-11-01 01:32:57,304 - am_structural_robust - INFO -   Processed 150/259 pages
2025-11-01 01:33:05,926 - am_structural_robust - INFO -   Processed 200/259 pages
2025-11-01 01:33:14,311 - am_structural_robust - INFO -   Processed 250/259 pages
2025-11-01 01:33:15,802 - am_structural_robust - INFO - Extraction complete: 259 success, 0 failed
2025-11-01 01:33:15,802 - am_structural_robust - INFO -   Methods used: {'pdfminer': 258}
2025-11-01 01:33:15,802 - am_structural_robust - INFO -   OCR used: 0 pages
2025-11-01 01:33:15,802 - am_structural_robust - INFO -   Tables found: 1
2025-11-01 01:33:15,804 - am_common - INFO - Saving dataset: C:\scripts\1repo\data\datasets\structural\playing_to_win__how_strategy_really_works_-_ag_lafley.dataset.jsonl (259 cards)
2025-11-01 01:33:15,808 - am_common - INFO - Saved: 259 cards to playing_to_win__how_strategy_really_works_-_ag_lafley.dataset.jsonl (598.66 KB)
2025-11-01 01:33:15,809 - am_structural_robust - INFO - Dataset saved: 598.66 KB
2025-11-01 01:33:15,809 - quality_tracker - INFO - Starting: track_quality
2025-11-01 01:33:15,809 - quality_tracker - INFO - structural metrics:
2025-11-01 01:33:15,809 - quality_tracker - INFO -   total_pages: 259
2025-11-01 01:33:15,809 - quality_tracker - INFO -   success_pages: 259
2025-11-01 01:33:15,809 - quality_tracker - INFO -   failed_pages: 0
2025-11-01 01:33:15,809 - quality_tracker - INFO -   success_ratio: 1.0000
2025-11-01 01:33:15,809 - quality_tracker - INFO -   empty_pages: 1
2025-11-01 01:33:15,809 - quality_tracker - INFO -   avg_page_length: 2090.5058
2025-11-01 01:33:15,809 - quality_tracker - INFO -   extraction_methods: {'pdfminer': 258}
2025-11-01 01:33:15,809 - quality_tracker - INFO -   ocr_used: 0
2025-11-01 01:33:15,810 - quality_tracker - INFO -   tables_found: 1
2025-11-01 01:33:15,810 - quality_tracker - INFO--- Logging error ---
Traceback (most recent call last):
  File "C:\Users\Dimon\AppData\Local\Programs\Python\Python313\Lib\logging\__init__.py", line 1154, in emit
    stream.write(msg + self.terminator)
    ~~~~~~~~~~~~^^^^^^^^^^^^^^^^^^^^^^^
  File "C:\Users\Dimon\AppData\Local\Programs\Python\Python313\Lib\site-packages\colorama\ansitowin32.py", line 47, in write
    self.__convertor.write(text)
    ~~~~~~~~~~~~~~~~~~~~~~^^^^^^
  File "C:\Users\Dimon\AppData\Local\Programs\Python\Python313\Lib\site-packages\colorama\ansitowin32.py", line 177, in write
    self.write_and_convert(text)
    ~~~~~~~~~~~~~~~~~~~~~~^^^^^^
  File "C:\Users\Dimon\AppData\Local\Programs\Python\Python313\Lib\site-packages\colorama\ansitowin32.py", line 205, in write_and_convert
    self.write_plain_text(text, cursor, len(text))
    ~~~~~~~~~~~~~~~~~~~~~^^^^^^^^^^^^^^^^^^^^^^^^^
  File "C:\Users\Dimon\AppData\Local\Programs\Python\Python313\Lib\site-packages\colorama\ansitowin32.py", line 210, in write_plain_text
    self.wrapped.write(text[start:end])
    ~~~~~~~~~~~~~~~~~~^^^^^^^^^^^^^^^^^
  File "C:\Users\Dimon\AppData\Local\Programs\Python\Python313\Lib\encodings\cp1251.py", line 19, in encode
    return codecs.charmap_encode(input,self.errors,encoding_table)[0]
           ~~~~~~~~~~~~~~~~~~~~~^^^^^^^^^^^^^^^^^^^^^^^^^^^^^^^^^^
UnicodeEncodeError: 'charmap' codec can't encode character '\u2713' in position 3: character maps to <undefined>
Call stack:
  File "C:\scripts\1repo\run_mvp.py", line 680, in <module>
    main()
  File "C:\scripts\1repo\run_mvp.py", line 652, in main
    results = orchestrator.run_single(
  File "C:\scripts\1repo\run_mvp.py", line 226, in run_single
    stage_result = self._run_stage(stage, current_input)
  File "C:\scripts\1repo\run_mvp.py", line 409, in _run_stage
    return processor.process_pdf(input_path, output_dir)
  File "C:\scripts\1repo\am_structural_robust.py", line 569, in process_pdf
    self.quality_tracker.track('structural', pdf_path.name, metrics)
  File "C:\scripts\1repo\quality_tracker.py", line 171, in track
    logger.info(f"\u2713 Quality thresholds passed for {stage}")
Message: '\u2713 Quality thresholds passed for structural'
Arguments: ()
2025-11-01 01:33:15,811 - quality_tracker - INFO - Completed: track_quality (0.00s)
2025-11-01 01:33:15,811 - am_structural_robust - INFO - [OK] Saved: playing_to_win__how_strategy_really_works_-_ag_lafley.dataset.jsonl
2025-11-01 01:33:15,811 - validate - INFO - Validating structural: playing_to_win__how_strategy_really_works_-_ag_lafley.dataset.jsonl
2025-11-01 01:33:15,811 - am_common - INFO - Loading dataset: C:\scripts\1repo\data\datasets\structural\playing_to_win__how_strategy_really_works_-_ag_lafley.dataset.jsonl
2025-11-01 01:33:15,831 - am_common - INFO - Loaded: 259 cards from playing_to_win__how_strategy_really_works_-_ag_lafley.dataset.jsonl
2025-11-01 01:33:15,832 - validate - INFO - [OK] VALID - playing_to_win__how_strategy_really_works_-_ag_lafley.dataset.jsonl
2025-11-01 01:33:15,832 - __main__ - INFO - ============================================================
2025-11-01 01:33:15,833 - __main__ - INFO--- Logging error ---
Traceback (most recent call last):
  File "C:\Users\Dimon\AppData\Local\Programs\Python\Python313\Lib\logging\__init__.py", line 1154, in emit
    stream.write(msg + self.terminator)
    ~~~~~~~~~~~~^^^^^^^^^^^^^^^^^^^^^^^
  File "C:\Users\Dimon\AppData\Local\Programs\Python\Python313\Lib\site-packages\colorama\ansitowin32.py", line 47, in write
    self.__convertor.write(text)
    ~~~~~~~~~~~~~~~~~~~~~~^^^^^^
  File "C:\Users\Dimon\AppData\Local\Programs\Python\Python313\Lib\site-packages\colorama\ansitowin32.py", line 177, in write
    self.write_and_convert(text)
    ~~~~~~~~~~~~~~~~~~~~~~^^^^^^
  File "C:\Users\Dimon\AppData\Local\Programs\Python\Python313\Lib\site-packages\colorama\ansitowin32.py", line 205, in write_and_convert
    self.write_plain_text(text, cursor, len(text))
    ~~~~~~~~~~~~~~~~~~~~~^^^^^^^^^^^^^^^^^^^^^^^^^
  File "C:\Users\Dimon\AppData\Local\Programs\Python\Python313\Lib\site-packages\colorama\ansitowin32.py", line 210, in write_plain_text
    self.wrapped.write(text[start:end])
    ~~~~~~~~~~~~~~~~~~^^^^^^^^^^^^^^^^^
  File "C:\Users\Dimon\AppData\Local\Programs\Python\Python313\Lib\encodings\cp1251.py", line 19, in encode
    return codecs.charmap_encode(input,self.errors,encoding_table)[0]
           ~~~~~~~~~~~~~~~~~~~~~^^^^^^^^^^^^^^^^^^^^^^^^^^^^^^^^^^
UnicodeEncodeError: 'charmap' codec can't encode character '\U0001f4c4' in position 5: character maps to <undefined>
Call stack:
  File "C:\scripts\1repo\run_mvp.py", line 680, in <module>
    main()
  File "C:\scripts\1repo\run_mvp.py", line 652, in main
    results = orchestrator.run_single(
  File "C:\scripts\1repo\run_mvp.py", line 253, in run_single
    log_stage(logger, stage, "Completed")
  File "C:\scripts\1repo\am_logging.py", line 613, in log_stage
    log_section(logger, f"{emoji} {action}: {stage.upper()}", "INFO")
  File "C:\scripts\1repo\am_logging.py", line 588, in log_section
    log_func(f"  {title}")
Message: '  \U0001f4c4 Completed: STRUCTURAL'
Arguments: ()
2025-11-01 01:33:15,833 - __main__ - INFO - ============================================================
2025-11-01 01:33:15,833 - __main__ - INFO - ============================================================
2025-11-01 01:33:15,833 - __main__ - INFO--- Logging error ---
Traceback (most recent call last):
  File "C:\Users\Dimon\AppData\Local\Programs\Python\Python313\Lib\logging\__init__.py", line 1154, in emit
    stream.write(msg + self.terminator)
    ~~~~~~~~~~~~^^^^^^^^^^^^^^^^^^^^^^^
  File "C:\Users\Dimon\AppData\Local\Programs\Python\Python313\Lib\site-packages\colorama\ansitowin32.py", line 47, in write
    self.__convertor.write(text)
    ~~~~~~~~~~~~~~~~~~~~~~^^^^^^
  File "C:\Users\Dimon\AppData\Local\Programs\Python\Python313\Lib\site-packages\colorama\ansitowin32.py", line 177, in write
    self.write_and_convert(text)
    ~~~~~~~~~~~~~~~~~~~~~~^^^^^^
  File "C:\Users\Dimon\AppData\Local\Programs\Python\Python313\Lib\site-packages\colorama\ansitowin32.py", line 205, in write_and_convert
    self.write_plain_text(text, cursor, len(text))
    ~~~~~~~~~~~~~~~~~~~~~^^^^^^^^^^^^^^^^^^^^^^^^^
  File "C:\Users\Dimon\AppData\Local\Programs\Python\Python313\Lib\site-packages\colorama\ansitowin32.py", line 210, in write_plain_text
    self.wrapped.write(text[start:end])
    ~~~~~~~~~~~~~~~~~~^^^^^^^^^^^^^^^^^
  File "C:\Users\Dimon\AppData\Local\Programs\Python\Python313\Lib\encodings\cp1251.py", line 19, in encode
    return codecs.charmap_encode(input,self.errors,encoding_table)[0]
           ~~~~~~~~~~~~~~~~~~~~~^^^^^^^^^^^^^^^^^^^^^^^^^^^^^^^^^^
UnicodeEncodeError: 'charmap' codec can't encode character '\U0001f4d6' in position 5: character maps to <undefined>
Call stack:
  File "C:\scripts\1repo\run_mvp.py", line 680, in <module>
    main()
  File "C:\scripts\1repo\run_mvp.py", line 652, in main
    results = orchestrator.run_single(
  File "C:\scripts\1repo\run_mvp.py", line 222, in run_single
    log_stage(logger, stage, "Starting")
  File "C:\scripts\1repo\am_logging.py", line 613, in log_stage
    log_section(logger, f"{emoji} {action}: {stage.upper()}", "INFO")
  File "C:\scripts\1repo\am_logging.py", line 588, in log_section
    log_func(f"  {title}")
Message: '  \U0001f4d6 Starting: STRUCTURE_DETECT'
Arguments: ()
2025-11-01 01:33:15,834 - __main__ - INFO - ============================================================
2025-11-01 01:33:15,834 - am_common - INFO - Loading config: config\batch_full.yaml
2025-11-01 01:33:15,849 - am_common - INFO - Config loaded successfully
2025-11-01 01:33:15,850 - am_structure_detect - INFO - Processing: playing_to_win__how_strategy_really_works_-_ag_lafley.dataset.jsonl
2025-11-01 01:33:15,850 - am_common - INFO - Loading dataset: C:\scripts\1repo\data\datasets\structural\playing_to_win__how_strategy_really_works_-_ag_lafley.dataset.jsonl
2025-11-01 01:33:15,855 - am_common - INFO - Loaded: 259 cards from playing_to_win__how_strategy_really_works_-_ag_lafley.dataset.jsonl
2025-11-01 01:33:15,855 - am_structure_detect - INFO - TOC found: pages 8-8
2025-11-01 01:33:15,856 - am_structure_detect - INFO - Detected 0 chapters
2025-11-01 01:33:15,857 - am_structure_detect - INFO - Detected 0 sections
2025-11-01 01:33:15,858 - am_common - INFO - Saving dataset: C:\scripts\1repo\data\datasets\structured\playing_to_win__how_strategy_really_works_-_ag_lafley.dataset.jsonl (259 cards)
2025-11-01 01:33:15,862 - am_common - INFO - Saved: 259 cards to playing_to_win__how_strategy_really_works_-_ag_lafley.dataset.jsonl (621.00 KB)
2025-11-01 01:33:15,862 - quality_tracker - INFO - Starting: track_quality
2025-11-01 01:33:15,863 - quality_tracker - INFO - structure_detect metrics:
2025-11-01 01:33:15,863 - quality_tracker - INFO -   total_pages: 259
2025-11-01 01:33:15,863 - quality_tracker - INFO -   chapters_detected: 0
2025-11-01 01:33:15,863 - quality_tracker - INFO -   sections_detected: 0
2025-11-01 01:33:15,863 - quality_tracker - INFO -   pages_with_structure: 0
2025-11-01 01:33:15,863 - quality_tracker - INFO -   structure_coverage: 0.0000
2025-11-01 01:33:15,863 - quality_tracker - INFO -   avg_chapter_length: 0
2025-11-01 01:33:15,863 - quality_tracker - INFO--- Logging error ---
Traceback (most recent call last):
  File "C:\Users\Dimon\AppData\Local\Programs\Python\Python313\Lib\logging\__init__.py", line 1154, in emit
    stream.write(msg + self.terminator)
    ~~~~~~~~~~~~^^^^^^^^^^^^^^^^^^^^^^^
  File "C:\Users\Dimon\AppData\Local\Programs\Python\Python313\Lib\site-packages\colorama\ansitowin32.py", line 47, in write
    self.__convertor.write(text)
    ~~~~~~~~~~~~~~~~~~~~~~^^^^^^
  File "C:\Users\Dimon\AppData\Local\Programs\Python\Python313\Lib\site-packages\colorama\ansitowin32.py", line 177, in write
    self.write_and_convert(text)
    ~~~~~~~~~~~~~~~~~~~~~~^^^^^^
  File "C:\Users\Dimon\AppData\Local\Programs\Python\Python313\Lib\site-packages\colorama\ansitowin32.py", line 205, in write_and_convert
    self.write_plain_text(text, cursor, len(text))
    ~~~~~~~~~~~~~~~~~~~~~^^^^^^^^^^^^^^^^^^^^^^^^^
  File "C:\Users\Dimon\AppData\Local\Programs\Python\Python313\Lib\site-packages\colorama\ansitowin32.py", line 210, in write_plain_text
    self.wrapped.write(text[start:end])
    ~~~~~~~~~~~~~~~~~~^^^^^^^^^^^^^^^^^
  File "C:\Users\Dimon\AppData\Local\Programs\Python\Python313\Lib\encodings\cp1251.py", line 19, in encode
    return codecs.charmap_encode(input,self.errors,encoding_table)[0]
           ~~~~~~~~~~~~~~~~~~~~~^^^^^^^^^^^^^^^^^^^^^^^^^^^^^^^^^^
UnicodeEncodeError: 'charmap' codec can't encode character '\u2713' in position 3: character maps to <undefined>
Call stack:
  File "C:\scripts\1repo\run_mvp.py", line 680, in <module>
    main()
  File "C:\scripts\1repo\run_mvp.py", line 652, in main
    results = orchestrator.run_single(
  File "C:\scripts\1repo\run_mvp.py", line 226, in run_single
    stage_result = self._run_stage(stage, current_input)
  File "C:\scripts\1repo\run_mvp.py", line 419, in _run_stage
    return processor.process_dataset(input_path, output_dir)
  File "C:\scripts\1repo\am_structure_detect.py", line 309, in process_dataset
    self.quality_tracker.track('structure_detect', input_path.name, metrics)
  File "C:\scripts\1repo\quality_tracker.py", line 171, in track
    logger.info(f"\u2713 Quality thresholds passed for {stage}")
Message: '\u2713 Quality thresholds passed for structure_detect'
Arguments: ()
2025-11-01 01:33:15,864 - quality_tracker - INFO - Completed: track_quality (0.00s)
2025-11-01 01:33:15,864 - am_structure_detect - INFO - Saved: playing_to_win__how_strategy_really_works_-_ag_lafley.dataset.jsonl
2025-11-01 01:33:15,864 - __main__ - ERROR - Validation failed: Unknown stage: structure_detect
2025-11-01 01:33:15,864 - __main__ - WARNING - Validation issues: 1 errors
2025-11-01 01:33:15,864 - __main__ - INFO - ============================================================
2025-11-01 01:33:15,864 - __main__ - INFO--- Logging error ---
Traceback (most recent call last):
  File "C:\Users\Dimon\AppData\Local\Programs\Python\Python313\Lib\logging\__init__.py", line 1154, in emit
    stream.write(msg + self.terminator)
    ~~~~~~~~~~~~^^^^^^^^^^^^^^^^^^^^^^^
  File "C:\Users\Dimon\AppData\Local\Programs\Python\Python313\Lib\site-packages\colorama\ansitowin32.py", line 47, in write
    self.__convertor.write(text)
    ~~~~~~~~~~~~~~~~~~~~~~^^^^^^
  File "C:\Users\Dimon\AppData\Local\Programs\Python\Python313\Lib\site-packages\colorama\ansitowin32.py", line 177, in write
    self.write_and_convert(text)
    ~~~~~~~~~~~~~~~~~~~~~~^^^^^^
  File "C:\Users\Dimon\AppData\Local\Programs\Python\Python313\Lib\site-packages\colorama\ansitowin32.py", line 205, in write_and_convert
    self.write_plain_text(text, cursor, len(text))
    ~~~~~~~~~~~~~~~~~~~~~^^^^^^^^^^^^^^^^^^^^^^^^^
  File "C:\Users\Dimon\AppData\Local\Programs\Python\Python313\Lib\site-packages\colorama\ansitowin32.py", line 210, in write_plain_text
    self.wrapped.write(text[start:end])
    ~~~~~~~~~~~~~~~~~~^^^^^^^^^^^^^^^^^
  File "C:\Users\Dimon\AppData\Local\Programs\Python\Python313\Lib\encodings\cp1251.py", line 19, in encode
    return codecs.charmap_encode(input,self.errors,encoding_table)[0]
           ~~~~~~~~~~~~~~~~~~~~~^^^^^^^^^^^^^^^^^^^^^^^^^^^^^^^^^^
UnicodeEncodeError: 'charmap' codec can't encode character '\U0001f4d6' in position 5: character maps to <undefined>
Call stack:
  File "C:\scripts\1repo\run_mvp.py", line 680, in <module>
    main()
  File "C:\scripts\1repo\run_mvp.py", line 652, in main
    results = orchestrator.run_single(
  File "C:\scripts\1repo\run_mvp.py", line 253, in run_single
    log_stage(logger, stage, "Completed")
  File "C:\scripts\1repo\am_logging.py", line 613, in log_stage
    log_section(logger, f"{emoji} {action}: {stage.upper()}", "INFO")
  File "C:\scripts\1repo\am_logging.py", line 588, in log_section
    log_func(f"  {title}")
Message: '  \U0001f4d6 Completed: STRUCTURE_DETECT'
Arguments: ()
2025-11-01 01:33:15,865 - __main__ - INFO - ============================================================
2025-11-01 01:33:15,865 - __main__ - INFO - ============================================================
2025-11-01 01:33:15,865 - __main__ - INFO--- Logging error ---
Traceback (most recent call last):
  File "C:\Users\Dimon\AppData\Local\Programs\Python\Python313\Lib\logging\__init__.py", line 1154, in emit
    stream.write(msg + self.terminator)
    ~~~~~~~~~~~~^^^^^^^^^^^^^^^^^^^^^^^
  File "C:\Users\Dimon\AppData\Local\Programs\Python\Python313\Lib\site-packages\colorama\ansitowin32.py", line 47, in write
    self.__convertor.write(text)
    ~~~~~~~~~~~~~~~~~~~~~~^^^^^^
  File "C:\Users\Dimon\AppData\Local\Programs\Python\Python313\Lib\site-packages\colorama\ansitowin32.py", line 177, in write
    self.write_and_convert(text)
    ~~~~~~~~~~~~~~~~~~~~~~^^^^^^
  File "C:\Users\Dimon\AppData\Local\Programs\Python\Python313\Lib\site-packages\colorama\ansitowin32.py", line 205, in write_and_convert
    self.write_plain_text(text, cursor, len(text))
    ~~~~~~~~~~~~~~~~~~~~~^^^^^^^^^^^^^^^^^^^^^^^^^
  File "C:\Users\Dimon\AppData\Local\Programs\Python\Python313\Lib\site-packages\colorama\ansitowin32.py", line 210, in write_plain_text
    self.wrapped.write(text[start:end])
    ~~~~~~~~~~~~~~~~~~^^^^^^^^^^^^^^^^^
  File "C:\Users\Dimon\AppData\Local\Programs\Python\Python313\Lib\encodings\cp1251.py", line 19, in encode
    return codecs.charmap_encode(input,self.errors,encoding_table)[0]
           ~~~~~~~~~~~~~~~~~~~~~^^^^^^^^^^^^^^^^^^^^^^^^^^^^^^^^^^
UnicodeEncodeError: 'charmap' codec can't encode character '\U0001f4dd' in position 5: character maps to <undefined>
Call stack:
  File "C:\scripts\1repo\run_mvp.py", line 680, in <module>
    main()
  File "C:\scripts\1repo\run_mvp.py", line 652, in main
    results = orchestrator.run_single(
  File "C:\scripts\1repo\run_mvp.py", line 222, in run_single
    log_stage(logger, stage, "Starting")
  File "C:\scripts\1repo\am_logging.py", line 613, in log_stage
    log_section(logger, f"{emoji} {action}: {stage.upper()}", "INFO")
  File "C:\scripts\1repo\am_logging.py", line 588, in log_section
    log_func(f"  {title}")
Message: '  \U0001f4dd Starting: SUMMARIZE'
Arguments: ()
2025-11-01 01:33:15,866 - __main__ - INFO - ============================================================
2025-11-01 01:33:15,866 - am_common - INFO - Loading config: config\batch_full.yaml
2025-11-01 01:33:15,880 - am_common - INFO - Config loaded successfully
2025-11-01 01:33:15,881 - am_summarize - INFO - Processing: playing_to_win__how_strategy_really_works_-_ag_lafley.dataset.jsonl
2025-11-01 01:33:15,881 - am_common - INFO - Loading dataset: C:\scripts\1repo\data\datasets\structured\playing_to_win__how_strategy_really_works_-_ag_lafley.dataset.jsonl
2025-11-01 01:33:15,894 - am_common - INFO - Loaded: 259 cards from playing_to_win__how_strategy_really_works_-_ag_lafley.dataset.jsonl
2025-11-01 01:33:16,073 - am_summarize - INFO - Summarized 258 pages, skipped 1
2025-11-01 01:33:16,073 - am_common - INFO - Saving dataset: C:\scripts\1repo\data\datasets\summarized\playing_to_win__how_strategy_really_works_-_ag_lafley.dataset.jsonl (259 cards)
2025-11-01 01:33:16,079 - am_common - INFO - Saved: 259 cards to playing_to_win__how_strategy_really_works_-_ag_lafley.dataset.jsonl (835.42 KB)
2025-11-01 01:33:16,079 - quality_tracker - INFO - Starting: track_quality
2025-11-01 01:33:16,080 - quality_tracker - INFO - summarize metrics:
2025-11-01 01:33:16,080 - quality_tracker - INFO -   total_pages: 259
2025-11-01 01:33:16,080 - quality_tracker - INFO -   summarized_pages: 258
2025-11-01 01:33:16,080 - quality_tracker - INFO -   skipped_pages: 1
2025-11-01 01:33:16,080 - quality_tracker - INFO -   summary_coverage: 0.9961
2025-11-01 01:33:16,080 - quality_tracker - INFO -   avg_l1_length: 231.7016
2025-11-01 01:33:16,080 - quality_tracker - INFO -   avg_l2_length: 570.0426
2025-11-01 01:33:16,080 - quality_tracker - INFO -   avg_compression_ratio: 9.8800
2025-11-01 01:33:16,080 - quality_tracker - INFO--- Logging error ---
Traceback (most recent call last):
  File "C:\Users\Dimon\AppData\Local\Programs\Python\Python313\Lib\logging\__init__.py", line 1154, in emit
    stream.write(msg + self.terminator)
    ~~~~~~~~~~~~^^^^^^^^^^^^^^^^^^^^^^^
  File "C:\Users\Dimon\AppData\Local\Programs\Python\Python313\Lib\site-packages\colorama\ansitowin32.py", line 47, in write
    self.__convertor.write(text)
    ~~~~~~~~~~~~~~~~~~~~~~^^^^^^
  File "C:\Users\Dimon\AppData\Local\Programs\Python\Python313\Lib\site-packages\colorama\ansitowin32.py", line 177, in write
    self.write_and_convert(text)
    ~~~~~~~~~~~~~~~~~~~~~~^^^^^^
  File "C:\Users\Dimon\AppData\Local\Programs\Python\Python313\Lib\site-packages\colorama\ansitowin32.py", line 205, in write_and_convert
    self.write_plain_text(text, cursor, len(text))
    ~~~~~~~~~~~~~~~~~~~~~^^^^^^^^^^^^^^^^^^^^^^^^^
  File "C:\Users\Dimon\AppData\Local\Programs\Python\Python313\Lib\site-packages\colorama\ansitowin32.py", line 210, in write_plain_text
    self.wrapped.write(text[start:end])
    ~~~~~~~~~~~~~~~~~~^^^^^^^^^^^^^^^^^
  File "C:\Users\Dimon\AppData\Local\Programs\Python\Python313\Lib\encodings\cp1251.py", line 19, in encode
    return codecs.charmap_encode(input,self.errors,encoding_table)[0]
           ~~~~~~~~~~~~~~~~~~~~~^^^^^^^^^^^^^^^^^^^^^^^^^^^^^^^^^^
UnicodeEncodeError: 'charmap' codec can't encode character '\u2713' in position 3: character maps to <undefined>
Call stack:
  File "C:\scripts\1repo\run_mvp.py", line 680, in <module>
    main()
  File "C:\scripts\1repo\run_mvp.py", line 652, in main
    results = orchestrator.run_single(
  File "C:\scripts\1repo\run_mvp.py", line 226, in run_single
    stage_result = self._run_stage(stage, current_input)
  File "C:\scripts\1repo\run_mvp.py", line 419, in _run_stage
    return processor.process_dataset(input_path, output_dir)
  File "C:\scripts\1repo\am_summarize.py", line 281, in process_dataset
    self.quality_tracker.track('summarize', input_path.name, metrics)
  File "C:\scripts\1repo\quality_tracker.py", line 171, in track
    logger.info(f"\u2713 Quality thresholds passed for {stage}")
Message: '\u2713 Quality thresholds passed for summarize'
Arguments: ()
2025-11-01 01:33:16,081 - quality_tracker - INFO - Completed: track_quality (0.00s)
2025-11-01 01:33:16,081 - am_summarize - INFO - Saved: playing_to_win__how_strategy_really_works_-_ag_lafley.dataset.jsonl
2025-11-01 01:33:16,081 - __main__ - ERROR - Validation failed: Unknown stage: summarize
2025-11-01 01:33:16,081 - __main__ - WARNING - Validation issues: 1 errors
2025-11-01 01:33:16,082 - __main__ - INFO - ============================================================
2025-11-01 01:33:16,082 - __main__ - INFO--- Logging error ---
Traceback (most recent call last):
  File "C:\Users\Dimon\AppData\Local\Programs\Python\Python313\Lib\logging\__init__.py", line 1154, in emit
    stream.write(msg + self.terminator)
    ~~~~~~~~~~~~^^^^^^^^^^^^^^^^^^^^^^^
  File "C:\Users\Dimon\AppData\Local\Programs\Python\Python313\Lib\site-packages\colorama\ansitowin32.py", line 47, in write
    self.__convertor.write(text)
    ~~~~~~~~~~~~~~~~~~~~~~^^^^^^
  File "C:\Users\Dimon\AppData\Local\Programs\Python\Python313\Lib\site-packages\colorama\ansitowin32.py", line 177, in write
    self.write_and_convert(text)
    ~~~~~~~~~~~~~~~~~~~~~~^^^^^^
  File "C:\Users\Dimon\AppData\Local\Programs\Python\Python313\Lib\site-packages\colorama\ansitowin32.py", line 205, in write_and_convert
    self.write_plain_text(text, cursor, len(text))
    ~~~~~~~~~~~~~~~~~~~~~^^^^^^^^^^^^^^^^^^^^^^^^^
  File "C:\Users\Dimon\AppData\Local\Programs\Python\Python313\Lib\site-packages\colorama\ansitowin32.py", line 210, in write_plain_text
    self.wrapped.write(text[start:end])
    ~~~~~~~~~~~~~~~~~~^^^^^^^^^^^^^^^^^
  File "C:\Users\Dimon\AppData\Local\Programs\Python\Python313\Lib\encodings\cp1251.py", line 19, in encode
    return codecs.charmap_encode(input,self.errors,encoding_table)[0]
           ~~~~~~~~~~~~~~~~~~~~~^^^^^^^^^^^^^^^^^^^^^^^^^^^^^^^^^^
UnicodeEncodeError: 'charmap' codec can't encode character '\U0001f4dd' in position 5: character maps to <undefined>
Call stack:
  File "C:\scripts\1repo\run_mvp.py", line 680, in <module>
    main()
  File "C:\scripts\1repo\run_mvp.py", line 652, in main
    results = orchestrator.run_single(
  File "C:\scripts\1repo\run_mvp.py", line 253, in run_single
    log_stage(logger, stage, "Completed")
  File "C:\scripts\1repo\am_logging.py", line 613, in log_stage
    log_section(logger, f"{emoji} {action}: {stage.upper()}", "INFO")
  File "C:\scripts\1repo\am_logging.py", line 588, in log_section
    log_func(f"  {title}")
Message: '  \U0001f4dd Completed: SUMMARIZE'
Arguments: ()
2025-11-01 01:33:16,082 - __main__ - INFO - ============================================================
2025-11-01 01:33:16,082 - __main__ - INFO - ============================================================
2025-11-01 01:33:16,082 - __main__ - INFO--- Logging error ---
Traceback (most recent call last):
  File "C:\Users\Dimon\AppData\Local\Programs\Python\Python313\Lib\logging\__init__.py", line 1154, in emit
    stream.write(msg + self.terminator)
    ~~~~~~~~~~~~^^^^^^^^^^^^^^^^^^^^^^^
  File "C:\Users\Dimon\AppData\Local\Programs\Python\Python313\Lib\site-packages\colorama\ansitowin32.py", line 47, in write
    self.__convertor.write(text)
    ~~~~~~~~~~~~~~~~~~~~~~^^^^^^
  File "C:\Users\Dimon\AppData\Local\Programs\Python\Python313\Lib\site-packages\colorama\ansitowin32.py", line 177, in write
    self.write_and_convert(text)
    ~~~~~~~~~~~~~~~~~~~~~~^^^^^^
  File "C:\Users\Dimon\AppData\Local\Programs\Python\Python313\Lib\site-packages\colorama\ansitowin32.py", line 205, in write_and_convert
    self.write_plain_text(text, cursor, len(text))
    ~~~~~~~~~~~~~~~~~~~~~^^^^^^^^^^^^^^^^^^^^^^^^^
  File "C:\Users\Dimon\AppData\Local\Programs\Python\Python313\Lib\site-packages\colorama\ansitowin32.py", line 210, in write_plain_text
    self.wrapped.write(text[start:end])
    ~~~~~~~~~~~~~~~~~~^^^^^^^^^^^^^^^^^
  File "C:\Users\Dimon\AppData\Local\Programs\Python\Python313\Lib\encodings\cp1251.py", line 19, in encode
    return codecs.charmap_encode(input,self.errors,encoding_table)[0]
           ~~~~~~~~~~~~~~~~~~~~~^^^^^^^^^^^^^^^^^^^^^^^^^^^^^^^^^^
UnicodeEncodeError: 'charmap' codec can't encode character '\U0001f916' in position 5: character maps to <undefined>
Call stack:
  File "C:\scripts\1repo\run_mvp.py", line 680, in <module>
    main()
  File "C:\scripts\1repo\run_mvp.py", line 652, in main
    results = orchestrator.run_single(
  File "C:\scripts\1repo\run_mvp.py", line 222, in run_single
    log_stage(logger, stage, "Starting")
  File "C:\scripts\1repo\am_logging.py", line 613, in log_stage
    log_section(logger, f"{emoji} {action}: {stage.upper()}", "INFO")
  File "C:\scripts\1repo\am_logging.py", line 588, in log_section
    log_func(f"  {title}")
Message: '  \U0001f916 Starting: EXTENDED'
Arguments: ()
2025-11-01 01:33:16,083 - __main__ - INFO - ============================================================
2025-11-01 01:33:16,083 - am_common - INFO - Loading config: config\batch_full.yaml
2025-11-01 01:33:16,097 - am_common - INFO - Config loaded successfully
2025-11-01 01:33:16,125 - am_extended - INFO - Ollama available, using model: llama3.2:3b
2025-11-01 01:33:16,126 - am_extended - INFO - Processing: playing_to_win__how_strategy_really_works_-_ag_lafley.dataset.jsonl
2025-11-01 01:33:16,126 - am_common - INFO - Loading dataset: C:\scripts\1repo\data\datasets\summarized\playing_to_win__how_strategy_really_works_-_ag_lafley.dataset.jsonl
2025-11-01 01:33:16,138 - am_common - INFO - Loaded: 259 cards from playing_to_win__how_strategy_really_works_-_ag_lafley.dataset.jsonl
2025-11-01 01:33:16,146 - am_extended - INFO - Marked 60 duplicate pages
2025-11-01 01:33:16,168 - am_extended - INFO - Found 68 continuity gaps
2025-11-01 01:33:16,168 - am_extended - INFO - Extracting extended fields (this may take a while)...
2025-11-01 01:33:16,186 - am_extended - ERROR - Ollama API error: 404
2025-11-01 01:33:16,217 - am_extended - ERROR - Ollama API error: 404
2025-11-01 01:33:16,247 - am_extended - ERROR - Ollama API error: 404
2025-11-01 01:33:16,263 - am_extended - ERROR - Ollama API error: 404
2025-11-01 01:33:16,293 - am_extended - ERROR - Ollama API error: 404
2025-11-01 01:33:16,293 - am_extended - INFO -   Processed 10/259 pages
2025-11-01 01:33:16,324 - am_extended - ERROR - Ollama API error: 404
2025-11-01 01:33:16,356 - am_extended - ERROR - Ollama API error: 404
2025-11-01 01:33:16,372 - am_extended - ERROR - Ollama API error: 404
2025-11-01 01:33:16,387 - am_extended - ERROR - Ollama API error: 404
2025-11-01 01:33:16,403 - am_extended - ERROR - Ollama API error: 404
2025-11-01 01:33:16,403 - am_extended - INFO -   Processed 20/259 pages
2025-11-01 01:33:16,418 - am_extended - ERROR - Ollama API error: 404
2025-11-01 01:33:16,449 - am_extended - ERROR - Ollama API error: 404
2025-11-01 01:33:16,481 - am_extended - ERROR - Ollama API error: 404
2025-11-01 01:33:16,496 - am_extended - ERROR - Ollama API error: 404
2025-11-01 01:33:16,511 - am_extended - ERROR - Ollama API error: 404
2025-11-01 01:33:16,541 - am_extended - ERROR - Ollama API error: 404
2025-11-01 01:33:16,572 - am_extended - ERROR - Ollama API error: 404
2025-11-01 01:33:16,603 - am_extended - ERROR - Ollama API error: 404
2025-11-01 01:33:16,634 - am_extended - ERROR - Ollama API error: 404
2025-11-01 01:33:16,666 - am_extended - ERROR - Ollama API error: 404
2025-11-01 01:33:16,666 - am_extended - INFO -   Processed 30/259 pages
2025-11-01 01:33:16,696 - am_extended - ERROR - Ollama API error: 404
2025-11-01 01:33:16,712 - am_extended - ERROR - Ollama API error: 404
2025-11-01 01:33:16,728 - am_extended - ERROR - Ollama API error: 404
2025-11-01 01:33:16,759 - am_extended - ERROR - Ollama API error: 404
2025-11-01 01:33:16,789 - am_extended - ERROR - Ollama API error: 404
2025-11-01 01:33:16,821 - am_extended - ERROR - Ollama API error: 404
2025-11-01 01:33:16,852 - am_extended - ERROR - Ollama API error: 404
2025-11-01 01:33:16,884 - am_extended - ERROR - Ollama API error: 404
2025-11-01 01:33:16,914 - am_extended - ERROR - Ollama API error: 404
2025-11-01 01:33:16,930 - am_extended - ERROR - Ollama API error: 404
2025-11-01 01:33:16,930 - am_extended - INFO -   Processed 40/259 pages
2025-11-01 01:33:16,945 - am_extended - ERROR - Ollama API error: 404
2025-11-01 01:33:16,976 - am_extended - ERROR - Ollama API error: 404
2025-11-01 01:33:17,007 - am_extended - ERROR - Ollama API error: 404
2025-11-01 01:33:17,022 - am_extended - ERROR - Ollama API error: 404
2025-11-01 01:33:17,038 - am_extended - ERROR - Ollama API error: 404
2025-11-01 01:33:17,068 - am_extended - ERROR - Ollama API error: 404
2025-11-01 01:33:17,099 - am_extended - ERROR - Ollama API error: 404
2025-11-01 01:33:17,130 - am_extended - ERROR - Ollama API error: 404
2025-11-01 01:33:17,130 - am_extended - INFO -   Processed 50/259 pages
2025-11-01 01:33:17,161 - am_extended - ERROR - Ollama API error: 404
2025-11-01 01:33:17,177 - am_extended - ERROR - Ollama API error: 404
2025-11-01 01:33:17,191 - am_extended - ERROR - Ollama API error: 404
2025-11-01 01:33:17,207 - am_extended - ERROR - Ollama API error: 404
2025-11-01 01:33:17,238 - am_extended - ERROR - Ollama API error: 404
2025-11-01 01:33:17,269 - am_extended - ERROR - Ollama API error: 404
2025-11-01 01:33:17,300 - am_extended - ERROR - Ollama API error: 404
2025-11-01 01:33:17,317 - am_extended - ERROR - Ollama API error: 404
2025-11-01 01:33:17,317 - am_extended - INFO -   Processed 60/259 pages
2025-11-01 01:33:17,332 - am_extended - ERROR - Ollama API error: 404
2025-11-01 01:33:17,347 - am_extended - ERROR - Ollama API error: 404
2025-11-01 01:33:17,377 - am_extended - ERROR - Ollama API error: 404
2025-11-01 01:33:17,392 - am_extended - ERROR - Ollama API error: 404
2025-11-01 01:33:17,395 - am_extended - ERROR - Ollama API error: 404
2025-11-01 01:33:17,407 - am_extended - ERROR - Ollama API error: 404
2025-11-01 01:33:17,422 - am_extended - ERROR - Ollama API error: 404
2025-11-01 01:33:17,453 - am_extended - ERROR - Ollama API error: 404
2025-11-01 01:33:17,468 - am_extended - ERROR - Ollama API error: 404
2025-11-01 01:33:17,484 - am_extended - ERROR - Ollama API error: 404
2025-11-01 01:33:17,484 - am_extended - INFO -   Processed 70/259 pages
2025-11-01 01:33:17,487 - am_extended - ERROR - Ollama API error: 404
2025-11-01 01:33:17,490 - am_extended - ERROR - Ollama API error: 404
2025-11-01 01:33:17,492 - am_extended - ERROR - Ollama API error: 404
2025-11-01 01:33:17,530 - am_extended - ERROR - Ollama API error: 404
2025-11-01 01:33:17,562 - am_extended - ERROR - Ollama API error: 404
2025-11-01 01:33:17,577 - am_extended - ERROR - Ollama API error: 404
2025-11-01 01:33:17,580 - am_extended - ERROR - Ollama API error: 404
2025-11-01 01:33:17,591 - am_extended - ERROR - Ollama API error: 404
2025-11-01 01:33:17,594 - am_extended - ERROR - Ollama API error: 404
2025-11-01 01:33:17,622 - am_extended - ERROR - Ollama API error: 404
2025-11-01 01:33:17,653 - am_extended - ERROR - Ollama API error: 404
2025-11-01 01:33:17,685 - am_extended - ERROR - Ollama API error: 404
2025-11-01 01:33:17,685 - am_extended - INFO -   Processed 100/259 pages
2025-11-01 01:33:17,700 - am_extended - ERROR - Ollama API error: 404
2025-11-01 01:33:17,715 - am_extended - ERROR - Ollama API error: 404
2025-11-01 01:33:17,746 - am_extended - ERROR - Ollama API error: 404
2025-11-01 01:33:17,761 - am_extended - ERROR - Ollama API error: 404
2025-11-01 01:33:17,792 - am_extended - ERROR - Ollama API error: 404
2025-11-01 01:33:17,808 - am_extended - ERROR - Ollama API error: 404
2025-11-01 01:33:17,838 - am_extended - ERROR - Ollama API error: 404
2025-11-01 01:33:17,854 - am_extended - ERROR - Ollama API error: 404
2025-11-01 01:33:17,884 - am_extended - ERROR - Ollama API error: 404
2025-11-01 01:33:17,916 - am_extended - ERROR - Ollama API error: 404
2025-11-01 01:33:17,916 - am_extended - INFO -   Processed 110/259 pages
2025-11-01 01:33:17,946 - am_extended - ERROR - Ollama API error: 404
2025-11-01 01:33:17,962 - am_extended - ERROR - Ollama API error: 404
2025-11-01 01:33:17,965 - am_extended - ERROR - Ollama API error: 404
2025-11-01 01:33:17,993 - am_extended - ERROR - Ollama API error: 404
2025-11-01 01:33:18,029 - am_extended - ERROR - Ollama API error: 404
2025-11-01 01:33:18,055 - am_extended - ERROR - Ollama API error: 404
2025-11-01 01:33:18,070 - am_extended - ERROR - Ollama API error: 404
2025-11-01 01:33:18,070 - am_extended - INFO -   Processed 120/259 pages
2025-11-01 01:33:18,102 - am_extended - ERROR - Ollama API error: 404
2025-11-01 01:33:18,133 - am_extended - ERROR - Ollama API error: 404
2025-11-01 01:33:18,150 - am_extended - ERROR - Ollama API error: 404
2025-11-01 01:33:18,179 - am_extended - ERROR - Ollama API error: 404
2025-11-01 01:33:18,210 - am_extended - ERROR - Ollama API error: 404
2025-11-01 01:33:18,226 - am_extended - ERROR - Ollama API error: 404
2025-11-01 01:33:18,256 - am_extended - ERROR - Ollama API error: 404
2025-11-01 01:33:18,287 - am_extended - ERROR - Ollama API error: 404
2025-11-01 01:33:18,318 - am_extended - ERROR - Ollama API error: 404
2025-11-01 01:33:18,349 - am_extended - ERROR - Ollama API error: 404
2025-11-01 01:33:18,349 - am_extended - INFO -   Processed 130/259 pages
2025-11-01 01:33:18,379 - am_extended - ERROR - Ollama API error: 404
2025-11-01 01:33:18,395 - am_extended - ERROR - Ollama API error: 404
2025-11-01 01:33:18,426 - am_extended - ERROR - Ollama API error: 404
2025-11-01 01:33:18,441 - am_extended - ERROR - Ollama API error: 404
2025-11-01 01:33:18,472 - am_extended - ERROR - Ollama API error: 404
2025-11-01 01:33:18,488 - am_extended - ERROR - Ollama API error: 404
2025-11-01 01:33:18,518 - am_extended - ERROR - Ollama API error: 404
2025-11-01 01:33:18,550 - am_extended - ERROR - Ollama API error: 404
2025-11-01 01:33:18,580 - am_extended - ERROR - Ollama API error: 404
2025-11-01 01:33:18,596 - am_extended - ERROR - Ollama API error: 404
2025-11-01 01:33:18,613 - am_extended - ERROR - Ollama API error: 404
2025-11-01 01:33:18,644 - am_extended - ERROR - Ollama API error: 404
2025-11-01 01:33:18,673 - am_extended - ERROR - Ollama API error: 404
2025-11-01 01:33:18,674 - am_extended - INFO -   Processed 150/259 pages
2025-11-01 01:33:18,689 - am_extended - ERROR - Ollama API error: 404
2025-11-01 01:33:18,720 - am_extended - ERROR - Ollama API error: 404
2025-11-01 01:33:18,735 - am_extended - ERROR - Ollama API error: 404
2025-11-01 01:33:18,751 - am_extended - ERROR - Ollama API error: 404
2025-11-01 01:33:18,782 - am_extended - ERROR - Ollama API error: 404
2025-11-01 01:33:18,813 - am_extended - ERROR - Ollama API error: 404
2025-11-01 01:33:18,829 - am_extended - ERROR - Ollama API error: 404
2025-11-01 01:33:18,860 - am_extended - ERROR - Ollama API error: 404
2025-11-01 01:33:18,890 - am_extended - ERROR - Ollama API error: 404
2025-11-01 01:33:18,921 - am_extended - ERROR - Ollama API error: 404
2025-11-01 01:33:18,921 - am_extended - INFO -   Processed 160/259 pages
2025-11-01 01:33:18,952 - am_extended - ERROR - Ollama API error: 404
2025-11-01 01:33:18,983 - am_extended - ERROR - Ollama API error: 404
2025-11-01 01:33:19,013 - am_extended - ERROR - Ollama API error: 404
2025-11-01 01:33:19,029 - am_extended - ERROR - Ollama API error: 404
2025-11-01 01:33:19,044 - am_extended - ERROR - Ollama API error: 404
2025-11-01 01:33:19,075 - am_extended - ERROR - Ollama API error: 404
2025-11-01 01:33:19,106 - am_extended - ERROR - Ollama API error: 404
2025-11-01 01:33:19,137 - am_extended - ERROR - Ollama API error: 404
2025-11-01 01:33:19,168 - am_extended - ERROR - Ollama API error: 404
2025-11-01 01:33:19,168 - am_extended - INFO -   Processed 170/259 pages
2025-11-01 01:33:19,198 - am_extended - ERROR - Ollama API error: 404
2025-11-01 01:33:19,230 - am_extended - ERROR - Ollama API error: 404
2025-11-01 01:33:19,261 - am_extended - ERROR - Ollama API error: 404
2025-11-01 01:33:19,277 - am_extended - ERROR - Ollama API error: 404
2025-11-01 01:33:19,308 - am_extended - ERROR - Ollama API error: 404
2025-11-01 01:33:19,338 - am_extended - ERROR - Ollama API error: 404
2025-11-01 01:33:19,368 - am_extended - ERROR - Ollama API error: 404
2025-11-01 01:33:19,385 - am_extended - ERROR - Ollama API error: 404
2025-11-01 01:33:19,415 - am_extended - ERROR - Ollama API error: 404
2025-11-01 01:33:19,446 - am_extended - ERROR - Ollama API error: 404
2025-11-01 01:33:19,446 - am_extended - INFO -   Processed 180/259 pages
2025-11-01 01:33:19,477 - am_extended - ERROR - Ollama API error: 404
2025-11-01 01:33:19,507 - am_extended - ERROR - Ollama API error: 404
2025-11-01 01:33:19,538 - am_extended - ERROR - Ollama API error: 404
2025-11-01 01:33:19,569 - am_extended - ERROR - Ollama API error: 404
2025-11-01 01:33:19,600 - am_extended - ERROR - Ollama API error: 404
2025-11-01 01:33:19,631 - am_extended - ERROR - Ollama API error: 404
2025-11-01 01:33:19,647 - am_extended - ERROR - Ollama API error: 404
2025-11-01 01:33:19,678 - am_extended - ERROR - Ollama API error: 404
2025-11-01 01:33:19,694 - am_extended - ERROR - Ollama API error: 404
2025-11-01 01:33:19,725 - am_extended - ERROR - Ollama API error: 404
2025-11-01 01:33:19,755 - am_extended - ERROR - Ollama API error: 404
2025-11-01 01:33:19,786 - am_extended - ERROR - Ollama API error: 404
2025-11-01 01:33:19,802 - am_extended - ERROR - Ollama API error: 404
2025-11-01 01:33:19,817 - am_extended - ERROR - Ollama API error: 404
2025-11-01 01:33:19,834 - am_extended - ERROR - Ollama API error: 404
2025-11-01 01:33:19,864 - am_extended - ERROR - Ollama API error: 404
2025-11-01 01:33:19,894 - am_extended - ERROR - Ollama API error: 404
2025-11-01 01:33:19,910 - am_extended - ERROR - Ollama API error: 404
2025-11-01 01:33:19,910 - am_extended - INFO -   Processed 200/259 pages
2025-11-01 01:33:19,926 - am_extended - ERROR - Ollama API error: 404
2025-11-01 01:33:19,928 - am_extended - ERROR - Ollama API error: 404
2025-11-01 01:33:19,941 - am_extended - ERROR - Ollama API error: 404
2025-11-01 01:33:19,956 - am_extended - ERROR - Ollama API error: 404
2025-11-01 01:33:19,987 - am_extended - ERROR - Ollama API error: 404
2025-11-01 01:33:20,019 - am_extended - ERROR - Ollama API error: 404
2025-11-01 01:33:20,050 - am_extended - ERROR - Ollama API error: 404
2025-11-01 01:33:20,065 - am_extended - ERROR - Ollama API error: 404
2025-11-01 01:33:20,081 - am_extended - ERROR - Ollama API error: 404
2025-11-01 01:33:20,110 - am_extended - ERROR - Ollama API error: 404
2025-11-01 01:33:20,111 - am_extended - INFO -   Processed 210/259 pages
2025-11-01 01:33:20,141 - am_extended - ERROR - Ollama API error: 404
2025-11-01 01:33:20,157 - am_extended - ERROR - Ollama API error: 404
2025-11-01 01:33:20,188 - am_extended - ERROR - Ollama API error: 404
2025-11-01 01:33:20,204 - am_extended - ERROR - Ollama API error: 404
2025-11-01 01:33:20,218 - am_extended - ERROR - Ollama API error: 404
2025-11-01 01:33:20,233 - am_extended - ERROR - Ollama API error: 404
2025-11-01 01:33:20,250 - am_extended - ERROR - Ollama API error: 404
2025-11-01 01:33:20,264 - am_extended - ERROR - Ollama API error: 404
2025-11-01 01:33:20,295 - am_extended - ERROR - Ollama API error: 404
2025-11-01 01:33:20,327 - am_extended - ERROR - Ollama API error: 404
2025-11-01 01:33:20,358 - am_extended - ERROR - Ollama API error: 404
2025-11-01 01:33:20,358 - am_extended - INFO -   Processed 230/259 pages
2025-11-01 01:33:20,374 - am_extended - ERROR - Ollama API error: 404
2025-11-01 01:33:20,405 - am_extended - ERROR - Ollama API error: 404
2025-11-01 01:33:20,437 - am_extended - ERROR - Ollama API error: 404
2025-11-01 01:33:20,453 - am_extended - ERROR - Ollama API error: 404
2025-11-01 01:33:20,484 - am_extended - ERROR - Ollama API error: 404
2025-11-01 01:33:20,514 - am_extended - ERROR - Ollama API error: 404
2025-11-01 01:33:20,545 - am_extended - ERROR - Ollama API error: 404
2025-11-01 01:33:20,545 - am_extended - INFO -   Processed 240/259 pages
2025-11-01 01:33:20,576 - am_extended - ERROR - Ollama API error: 404
2025-11-01 01:33:20,591 - am_extended - ERROR - Ollama API error: 404
2025-11-01 01:33:20,607 - am_extended - ERROR - Ollama API error: 404
2025-11-01 01:33:20,622 - am_extended - ERROR - Ollama API error: 404
2025-11-01 01:33:20,638 - am_extended - ERROR - Ollama API error: 404
2025-11-01 01:33:20,668 - am_extended - ERROR - Ollama API error: 404
2025-11-01 01:33:20,699 - am_extended - ERROR - Ollama API error: 404
2025-11-01 01:33:20,730 - am_extended - ERROR - Ollama API error: 404
2025-11-01 01:33:20,730 - am_extended - INFO -   Processed 250/259 pages
2025-11-01 01:33:20,746 - am_extended - ERROR - Ollama API error: 404
2025-11-01 01:33:20,761 - am_extended - ERROR - Ollama API error: 404
2025-11-01 01:33:20,776 - am_extended - ERROR - Ollama API error: 404
2025-11-01 01:33:20,808 - am_extended - ERROR - Ollama API error: 404
2025-11-01 01:33:20,808 - am_extended - INFO - Extracted extended fields for 195 pages
2025-11-01 01:33:20,808 - am_common - INFO - Saving dataset: C:\scripts\1repo\data\datasets\extended\playing_to_win__how_strategy_really_works_-_ag_lafley.dataset.jsonl (259 cards)
2025-11-01 01:33:20,815 - am_common - INFO - Saved: 259 cards to playing_to_win__how_strategy_really_works_-_ag_lafley.dataset.jsonl (917.97 KB)
2025-11-01 01:33:20,815 - quality_tracker - INFO - Starting: track_quality
2025-11-01 01:33:20,816 - quality_tracker - INFO - extended metrics:
2025-11-01 01:33:20,816 - quality_tracker - INFO -   total_cards: 259
2025-11-01 01:33:20,816 - quality_tracker - INFO -   duplicates_found: 60
2025-11-01 01:33:20,816 - quality_tracker - INFO -   duplicate_ratio: 0.2317
2025-11-01 01:33:20,816 - quality_tracker - INFO -   continuity_gaps: 68
2025-11-01 01:33:20,816 - quality_tracker - INFO -   continuity_gap_ratio: 0.2636
2025-11-01 01:33:20,816 - quality_tracker - INFO -   avg_overlap: 0.1140
2025-11-01 01:33:20,816 - quality_tracker - INFO -   extended_fields_extracted: 195
2025-11-01 01:33:20,816 - quality_tracker - INFO -   extraction_coverage: 0.7529
2025-11-01 01:33:20,816 - quality_tracker - INFO -   lm_extraction_count: 0
2025-11-01 01:33:20,816 - quality_tracker - INFO -   lm_extraction_ratio: 0.0000
2025-11-01 01:33:20,816 - quality_tracker - INFO--- Logging error ---
Traceback (most recent call last):
  File "C:\Users\Dimon\AppData\Local\Programs\Python\Python313\Lib\logging\__init__.py", line 1154, in emit
    stream.write(msg + self.terminator)
    ~~~~~~~~~~~~^^^^^^^^^^^^^^^^^^^^^^^
  File "C:\Users\Dimon\AppData\Local\Programs\Python\Python313\Lib\site-packages\colorama\ansitowin32.py", line 47, in write
    self.__convertor.write(text)
    ~~~~~~~~~~~~~~~~~~~~~~^^^^^^
  File "C:\Users\Dimon\AppData\Local\Programs\Python\Python313\Lib\site-packages\colorama\ansitowin32.py", line 177, in write
    self.write_and_convert(text)
    ~~~~~~~~~~~~~~~~~~~~~~^^^^^^
  File "C:\Users\Dimon\AppData\Local\Programs\Python\Python313\Lib\site-packages\colorama\ansitowin32.py", line 205, in write_and_convert
    self.write_plain_text(text, cursor, len(text))
    ~~~~~~~~~~~~~~~~~~~~~^^^^^^^^^^^^^^^^^^^^^^^^^
  File "C:\Users\Dimon\AppData\Local\Programs\Python\Python313\Lib\site-packages\colorama\ansitowin32.py", line 210, in write_plain_text
    self.wrapped.write(text[start:end])
    ~~~~~~~~~~~~~~~~~~^^^^^^^^^^^^^^^^^
  File "C:\Users\Dimon\AppData\Local\Programs\Python\Python313\Lib\encodings\cp1251.py", line 19, in encode
    return codecs.charmap_encode(input,self.errors,encoding_table)[0]
           ~~~~~~~~~~~~~~~~~~~~~^^^^^^^^^^^^^^^^^^^^^^^^^^^^^^^^^^
UnicodeEncodeError: 'charmap' codec can't encode character '\u2713' in position 3: character maps to <undefined>
Call stack:
  File "C:\scripts\1repo\run_mvp.py", line 680, in <module>
    main()
  File "C:\scripts\1repo\run_mvp.py", line 652, in main
    results = orchestrator.run_single(
  File "C:\scripts\1repo\run_mvp.py", line 226, in run_single
    stage_result = self._run_stage(stage, current_input)
  File "C:\scripts\1repo\run_mvp.py", line 419, in _run_stage
    return processor.process_dataset(input_path, output_dir)
  File "C:\scripts\1repo\am_extended.py", line 612, in process_dataset
    self.quality_tracker.track('extended', input_path.name, metrics)
  File "C:\scripts\1repo\quality_tracker.py", line 171, in track
    logger.info(f"\u2713 Quality thresholds passed for {stage}")
Message: '\u2713 Quality thresholds passed for extended'
Arguments: ()
2025-11-01 01:33:20,817 - quality_tracker - INFO - Completed: track_quality (0.00s)
2025-11-01 01:33:20,817 - am_extended - INFO - Saved: playing_to_win__how_strategy_really_works_-_ag_lafley.dataset.jsonl
2025-11-01 01:33:20,817 - validate - INFO - Validating extended: playing_to_win__how_strategy_really_works_-_ag_lafley.dataset.jsonl
2025-11-01 01:33:20,817 - am_common - INFO - Loading dataset: C:\scripts\1repo\data\datasets\extended\playing_to_win__how_strategy_really_works_-_ag_lafley.dataset.jsonl
2025-11-01 01:33:20,832 - am_common - INFO - Loaded: 259 cards from playing_to_win__how_strategy_really_works_-_ag_lafley.dataset.jsonl
2025-11-01 01:33:20,833 - validate - WARNING - [X] INVALID - playing_to_win__how_strategy_really_works_-_ag_lafley.dataset.jsonl (2 errors)
2025-11-01 01:33:20,833 - __main__ - WARNING - Validation issues: 2 errors, 195 warnings
2025-11-01 01:33:20,833 - __main__ - WARNING - Validation issues: 2 errors
2025-11-01 01:33:20,833 - __main__ - INFO - ============================================================
2025-11-01 01:33:20,833 - __main__ - INFO--- Logging error ---
Traceback (most recent call last):
  File "C:\Users\Dimon\AppData\Local\Programs\Python\Python313\Lib\logging\__init__.py", line 1154, in emit
    stream.write(msg + self.terminator)
    ~~~~~~~~~~~~^^^^^^^^^^^^^^^^^^^^^^^
  File "C:\Users\Dimon\AppData\Local\Programs\Python\Python313\Lib\site-packages\colorama\ansitowin32.py", line 47, in write
    self.__convertor.write(text)
    ~~~~~~~~~~~~~~~~~~~~~~^^^^^^
  File "C:\Users\Dimon\AppData\Local\Programs\Python\Python313\Lib\site-packages\colorama\ansitowin32.py", line 177, in write
    self.write_and_convert(text)
    ~~~~~~~~~~~~~~~~~~~~~~^^^^^^
  File "C:\Users\Dimon\AppData\Local\Programs\Python\Python313\Lib\site-packages\colorama\ansitowin32.py", line 205, in write_and_convert
    self.write_plain_text(text, cursor, len(text))
    ~~~~~~~~~~~~~~~~~~~~~^^^^^^^^^^^^^^^^^^^^^^^^^
  File "C:\Users\Dimon\AppData\Local\Programs\Python\Python313\Lib\site-packages\colorama\ansitowin32.py", line 210, in write_plain_text
    self.wrapped.write(text[start:end])
    ~~~~~~~~~~~~~~~~~~^^^^^^^^^^^^^^^^^
  File "C:\Users\Dimon\AppData\Local\Programs\Python\Python313\Lib\encodings\cp1251.py", line 19, in encode
    return codecs.charmap_encode(input,self.errors,encoding_table)[0]
           ~~~~~~~~~~~~~~~~~~~~~^^^^^^^^^^^^^^^^^^^^^^^^^^^^^^^^^^
UnicodeEncodeError: 'charmap' codec can't encode character '\U0001f916' in position 5: character maps to <undefined>
Call stack:
  File "C:\scripts\1repo\run_mvp.py", line 680, in <module>
    main()
  File "C:\scripts\1repo\run_mvp.py", line 652, in main
    results = orchestrator.run_single(
  File "C:\scripts\1repo\run_mvp.py", line 253, in run_single
    log_stage(logger, stage, "Completed")
  File "C:\scripts\1repo\am_logging.py", line 613, in log_stage
    log_section(logger, f"{emoji} {action}: {stage.upper()}", "INFO")
  File "C:\scripts\1repo\am_logging.py", line 588, in log_section
    log_func(f"  {title}")
Message: '  \U0001f916 Completed: EXTENDED'
Arguments: ()
2025-11-01 01:33:20,834 - __main__ - INFO - ============================================================
2025-11-01 01:33:20,834 - __main__ - INFO - ============================================================
2025-11-01 01:33:20,834 - __main__ - INFO--- Logging error ---
Traceback (most recent call last):
  File "C:\Users\Dimon\AppData\Local\Programs\Python\Python313\Lib\logging\__init__.py", line 1154, in emit
    stream.write(msg + self.terminator)
    ~~~~~~~~~~~~^^^^^^^^^^^^^^^^^^^^^^^
  File "C:\Users\Dimon\AppData\Local\Programs\Python\Python313\Lib\site-packages\colorama\ansitowin32.py", line 47, in write
    self.__convertor.write(text)
    ~~~~~~~~~~~~~~~~~~~~~~^^^^^^
  File "C:\Users\Dimon\AppData\Local\Programs\Python\Python313\Lib\site-packages\colorama\ansitowin32.py", line 177, in write
    self.write_and_convert(text)
    ~~~~~~~~~~~~~~~~~~~~~~^^^^^^
  File "C:\Users\Dimon\AppData\Local\Programs\Python\Python313\Lib\site-packages\colorama\ansitowin32.py", line 205, in write_and_convert
    self.write_plain_text(text, cursor, len(text))
    ~~~~~~~~~~~~~~~~~~~~~^^^^^^^^^^^^^^^^^^^^^^^^^
  File "C:\Users\Dimon\AppData\Local\Programs\Python\Python313\Lib\site-packages\colorama\ansitowin32.py", line 210, in write_plain_text
    self.wrapped.write(text[start:end])
    ~~~~~~~~~~~~~~~~~~^^^^^^^^^^^^^^^^^
  File "C:\Users\Dimon\AppData\Local\Programs\Python\Python313\Lib\encodings\cp1251.py", line 19, in encode
    return codecs.charmap_encode(input,self.errors,encoding_table)[0]
           ~~~~~~~~~~~~~~~~~~~~~^^^^^^^^^^^^^^^^^^^^^^^^^^^^^^^^^^
UnicodeEncodeError: 'charmap' codec can't encode character '\u2705' in position 5: character maps to <undefined>
Call stack:
  File "C:\scripts\1repo\run_mvp.py", line 680, in <module>
    main()
  File "C:\scripts\1repo\run_mvp.py", line 652, in main
    results = orchestrator.run_single(
  File "C:\scripts\1repo\run_mvp.py", line 222, in run_single
    log_stage(logger, stage, "Starting")
  File "C:\scripts\1repo\am_logging.py", line 613, in log_stage
    log_section(logger, f"{emoji} {action}: {stage.upper()}", "INFO")
  File "C:\scripts\1repo\am_logging.py", line 588, in log_section
    log_func(f"  {title}")
Message: '  \u2705 Starting: FINALIZE'
Arguments: ()
2025-11-01 01:33:20,834 - __main__ - INFO - ============================================================
2025-11-01 01:33:20,834 - am_common - INFO - Loading config: config\batch_full.yaml
2025-11-01 01:33:20,849 - am_common - INFO - Config loaded successfully
2025-11-01 01:33:20,849 - am_finalize - INFO - Processing: playing_to_win__how_strategy_really_works_-_ag_lafley.dataset.jsonl
2025-11-01 01:33:20,849 - am_common - INFO - Loading dataset: C:\scripts\1repo\data\datasets\extended\playing_to_win__how_strategy_really_works_-_ag_lafley.dataset.jsonl
2025-11-01 01:33:20,856 - am_common - INFO - Loaded: 259 cards from playing_to_win__how_strategy_really_works_-_ag_lafley.dataset.jsonl
2025-11-01 01:33:20,857 - am_common - INFO - Saving dataset: C:\scripts\1repo\data\datasets\final\playing_to_win__how_strategy_really_works_-_ag_lafley.dataset.jsonl (259 cards)
2025-11-01 01:33:20,863 - am_common - INFO - Saved: 259 cards to playing_to_win__how_strategy_really_works_-_ag_lafley.dataset.jsonl (892.63 KB)
2025-11-01 01:33:20,863 - quality_tracker - INFO - Starting: track_quality
2025-11-01 01:33:20,864 - quality_tracker - INFO - finalize metrics:
2025-11-01 01:33:20,864 - quality_tracker - INFO -   total_cards: 259
2025-11-01 01:33:20,864 - quality_tracker - INFO -   validation_errors: 0
2025-11-01 01:33:20,864 - quality_tracker - INFO -   validation_warnings: 6
2025-11-01 01:33:20,864 - quality_tracker - INFO -   avg_completeness: 0.3990
2025-11-01 01:33:20,864 - quality_tracker - INFO -   cards_with_structure: 0
2025-11-01 01:33:20,864 - quality_tracker - INFO -   structure_coverage: 0.0000
2025-11-01 01:33:20,864 - quality_tracker - INFO -   cards_with_summaries: 258
2025-11-01 01:33:20,864 - quality_tracker - INFO -   summary_coverage: 0.9961
2025-11-01 01:33:20,864 - quality_tracker - INFO--- Logging error ---
Traceback (most recent call last):
  File "C:\Users\Dimon\AppData\Local\Programs\Python\Python313\Lib\logging\__init__.py", line 1154, in emit
    stream.write(msg + self.terminator)
    ~~~~~~~~~~~~^^^^^^^^^^^^^^^^^^^^^^^
  File "C:\Users\Dimon\AppData\Local\Programs\Python\Python313\Lib\site-packages\colorama\ansitowin32.py", line 47, in write
    self.__convertor.write(text)
    ~~~~~~~~~~~~~~~~~~~~~~^^^^^^
  File "C:\Users\Dimon\AppData\Local\Programs\Python\Python313\Lib\site-packages\colorama\ansitowin32.py", line 177, in write
    self.write_and_convert(text)
    ~~~~~~~~~~~~~~~~~~~~~~^^^^^^
  File "C:\Users\Dimon\AppData\Local\Programs\Python\Python313\Lib\site-packages\colorama\ansitowin32.py", line 205, in write_and_convert
    self.write_plain_text(text, cursor, len(text))
    ~~~~~~~~~~~~~~~~~~~~~^^^^^^^^^^^^^^^^^^^^^^^^^
  File "C:\Users\Dimon\AppData\Local\Programs\Python\Python313\Lib\site-packages\colorama\ansitowin32.py", line 210, in write_plain_text
    self.wrapped.write(text[start:end])
    ~~~~~~~~~~~~~~~~~~^^^^^^^^^^^^^^^^^
  File "C:\Users\Dimon\AppData\Local\Programs\Python\Python313\Lib\encodings\cp1251.py", line 19, in encode
    return codecs.charmap_encode(input,self.errors,encoding_table)[0]
           ~~~~~~~~~~~~~~~~~~~~~^^^^^^^^^^^^^^^^^^^^^^^^^^^^^^^^^^
UnicodeEncodeError: 'charmap' codec can't encode character '\u2713' in position 3: character maps to <undefined>
Call stack:
  File "C:\scripts\1repo\run_mvp.py", line 680, in <module>
    main()
  File "C:\scripts\1repo\run_mvp.py", line 652, in main
    results = orchestrator.run_single(
  File "C:\scripts\1repo\run_mvp.py", line 226, in run_single
    stage_result = self._run_stage(stage, current_input)
  File "C:\scripts\1repo\run_mvp.py", line 419, in _run_stage
    return processor.process_dataset(input_path, output_dir)
  File "C:\scripts\1repo\am_finalize.py", line 278, in process_dataset
    self.quality_tracker.track('finalize', input_path.name, metrics)
  File "C:\scripts\1repo\quality_tracker.py", line 171, in track
    logger.info(f"\u2713 Quality thresholds passed for {stage}")
Message: '\u2713 Quality thresholds passed for finalize'
Arguments: ()
2025-11-01 01:33:20,865 - quality_tracker - INFO - Completed: track_quality (0.00s)
2025-11-01 01:33:20,865 - am_finalize - INFO - Saved: playing_to_win__how_strategy_really_works_-_ag_lafley.dataset.jsonl
2025-11-01 01:33:20,865 - __main__ - ERROR - Validation failed: Unknown stage: finalize
2025-11-01 01:33:20,866 - __main__ - WARNING - Validation issues: 1 errors
2025-11-01 01:33:20,866 - __main__ - INFO - ============================================================
2025-11-01 01:33:20,866 - __main__ - INFO--- Logging error ---
Traceback (most recent call last):
  File "C:\Users\Dimon\AppData\Local\Programs\Python\Python313\Lib\logging\__init__.py", line 1154, in emit
    stream.write(msg + self.terminator)
    ~~~~~~~~~~~~^^^^^^^^^^^^^^^^^^^^^^^
  File "C:\Users\Dimon\AppData\Local\Programs\Python\Python313\Lib\site-packages\colorama\ansitowin32.py", line 47, in write
    self.__convertor.write(text)
    ~~~~~~~~~~~~~~~~~~~~~~^^^^^^
  File "C:\Users\Dimon\AppData\Local\Programs\Python\Python313\Lib\site-packages\colorama\ansitowin32.py", line 177, in write
    self.write_and_convert(text)
    ~~~~~~~~~~~~~~~~~~~~~~^^^^^^
  File "C:\Users\Dimon\AppData\Local\Programs\Python\Python313\Lib\site-packages\colorama\ansitowin32.py", line 205, in write_and_convert
    self.write_plain_text(text, cursor, len(text))
    ~~~~~~~~~~~~~~~~~~~~~^^^^^^^^^^^^^^^^^^^^^^^^^
  File "C:\Users\Dimon\AppData\Local\Programs\Python\Python313\Lib\site-packages\colorama\ansitowin32.py", line 210, in write_plain_text
    self.wrapped.write(text[start:end])
    ~~~~~~~~~~~~~~~~~~^^^^^^^^^^^^^^^^^
  File "C:\Users\Dimon\AppData\Local\Programs\Python\Python313\Lib\encodings\cp1251.py", line 19, in encode
    return codecs.charmap_encode(input,self.errors,encoding_table)[0]
           ~~~~~~~~~~~~~~~~~~~~~^^^^^^^^^^^^^^^^^^^^^^^^^^^^^^^^^^
UnicodeEncodeError: 'charmap' codec can't encode character '\u2705' in position 5: character maps to <undefined>
Call stack:
  File "C:\scripts\1repo\run_mvp.py", line 680, in <module>
    main()
  File "C:\scripts\1repo\run_mvp.py", line 652, in main
    results = orchestrator.run_single(
  File "C:\scripts\1repo\run_mvp.py", line 253, in run_single
    log_stage(logger, stage, "Completed")
  File "C:\scripts\1repo\am_logging.py", line 613, in log_stage
    log_section(logger, f"{emoji} {action}: {stage.upper()}", "INFO")
  File "C:\scripts\1repo\am_logging.py", line 588, in log_section
    log_func(f"  {title}")
Message: '  \u2705 Completed: FINALIZE'
Arguments: ()
2025-11-01 01:33:20,866 - __main__ - INFO - ============================================================
2025-11-01 01:33:20,866 - __main__ - INFO - ============================================================
2025-11-01 01:33:20,866 - __main__ - INFO--- Logging error ---
Traceback (most recent call last):
  File "C:\Users\Dimon\AppData\Local\Programs\Python\Python313\Lib\logging\__init__.py", line 1154, in emit
    stream.write(msg + self.terminator)
    ~~~~~~~~~~~~^^^^^^^^^^^^^^^^^^^^^^^
  File "C:\Users\Dimon\AppData\Local\Programs\Python\Python313\Lib\site-packages\colorama\ansitowin32.py", line 47, in write
    self.__convertor.write(text)
    ~~~~~~~~~~~~~~~~~~~~~~^^^^^^
  File "C:\Users\Dimon\AppData\Local\Programs\Python\Python313\Lib\site-packages\colorama\ansitowin32.py", line 177, in write
    self.write_and_convert(text)
    ~~~~~~~~~~~~~~~~~~~~~~^^^^^^
  File "C:\Users\Dimon\AppData\Local\Programs\Python\Python313\Lib\site-packages\colorama\ansitowin32.py", line 205, in write_and_convert
    self.write_plain_text(text, cursor, len(text))
    ~~~~~~~~~~~~~~~~~~~~~^^^^^^^^^^^^^^^^^^^^^^^^^
  File "C:\Users\Dimon\AppData\Local\Programs\Python\Python313\Lib\site-packages\colorama\ansitowin32.py", line 210, in write_plain_text
    self.wrapped.write(text[start:end])
    ~~~~~~~~~~~~~~~~~~^^^^^^^^^^^^^^^^^
  File "C:\Users\Dimon\AppData\Local\Programs\Python\Python313\Lib\encodings\cp1251.py", line 19, in encode
    return codecs.charmap_encode(input,self.errors,encoding_table)[0]
           ~~~~~~~~~~~~~~~~~~~~~^^^^^^^^^^^^^^^^^^^^^^^^^^^^^^^^^^
UnicodeEncodeError: 'charmap' codec can't encode character '\U0001f9e9' in position 5: character maps to <undefined>
Call stack:
  File "C:\scripts\1repo\run_mvp.py", line 680, in <module>
    main()
  File "C:\scripts\1repo\run_mvp.py", line 652, in main
    results = orchestrator.run_single(
  File "C:\scripts\1repo\run_mvp.py", line 222, in run_single
    log_stage(logger, stage, "Starting")
  File "C:\scripts\1repo\am_logging.py", line 613, in log_stage
    log_section(logger, f"{emoji} {action}: {stage.upper()}", "INFO")
  File "C:\scripts\1repo\am_logging.py", line 588, in log_section
    log_func(f"  {title}")
Message: '  \U0001f9e9 Starting: CHUNK'
Arguments: ()
2025-11-01 01:33:20,867 - __main__ - INFO - ============================================================
2025-11-01 01:33:20,867 - am_common - INFO - Loading config: config\batch_full.yaml
2025-11-01 01:33:20,881 - am_common - INFO - Config loaded successfully
2025-11-01 01:33:20,957 - am_chunk - INFO - Processing: playing_to_win__how_strategy_really_works_-_ag_lafley.dataset.jsonl
2025-11-01 01:33:20,957 - am_common - INFO - Loading dataset: C:\scripts\1repo\data\datasets\final\playing_to_win__how_strategy_really_works_-_ag_lafley.dataset.jsonl
2025-11-01 01:33:20,971 - am_common - INFO - Loaded: 259 cards from playing_to_win__how_strategy_really_works_-_ag_lafley.dataset.jsonl
2025-11-01 01:33:21,092 - am_chunk - INFO - Created 356 chunks from 259 pages
2025-11-01 01:33:21,100 - quality_tracker - INFO - Starting: track_quality
2025-11-01 01:33:21,100 - quality_tracker - INFO - chunk metrics:
2025-11-01 01:33:21,100 - quality_tracker - INFO -   total_chunks: 356
2025-11-01 01:33:21,100 - quality_tracker - INFO -   chunks_per_page: 1.3745
2025-11-01 01:33:21,101 - quality_tracker - INFO -   avg_chunk_tokens: 360.6376
2025-11-01 01:33:21,101 - quality_tracker - INFO -   min_chunk_tokens: 103
2025-11-01 01:33:21,101 - quality_tracker - INFO -   max_chunk_tokens: 515
2025-11-01 01:33:21,101 - quality_tracker - INFO -   token_distribution: {'0-100': 0, '100-300': 137, '300-512': 217, '512+': 2}
2025-11-01 01:33:21,101 - quality_tracker - INFO -   context_completeness: 1.0000
2025-11-01 01:33:21,101 - quality_tracker - INFO--- Logging error ---
Traceback (most recent call last):
  File "C:\Users\Dimon\AppData\Local\Programs\Python\Python313\Lib\logging\__init__.py", line 1154, in emit
    stream.write(msg + self.terminator)
    ~~~~~~~~~~~~^^^^^^^^^^^^^^^^^^^^^^^
  File "C:\Users\Dimon\AppData\Local\Programs\Python\Python313\Lib\site-packages\colorama\ansitowin32.py", line 47, in write
    self.__convertor.write(text)
    ~~~~~~~~~~~~~~~~~~~~~~^^^^^^
  File "C:\Users\Dimon\AppData\Local\Programs\Python\Python313\Lib\site-packages\colorama\ansitowin32.py", line 177, in write
    self.write_and_convert(text)
    ~~~~~~~~~~~~~~~~~~~~~~^^^^^^
  File "C:\Users\Dimon\AppData\Local\Programs\Python\Python313\Lib\site-packages\colorama\ansitowin32.py", line 205, in write_and_convert
    self.write_plain_text(text, cursor, len(text))
    ~~~~~~~~~~~~~~~~~~~~~^^^^^^^^^^^^^^^^^^^^^^^^^
  File "C:\Users\Dimon\AppData\Local\Programs\Python\Python313\Lib\site-packages\colorama\ansitowin32.py", line 210, in write_plain_text
    self.wrapped.write(text[start:end])
    ~~~~~~~~~~~~~~~~~~^^^^^^^^^^^^^^^^^
  File "C:\Users\Dimon\AppData\Local\Programs\Python\Python313\Lib\encodings\cp1251.py", line 19, in encode
    return codecs.charmap_encode(input,self.errors,encoding_table)[0]
           ~~~~~~~~~~~~~~~~~~~~~^^^^^^^^^^^^^^^^^^^^^^^^^^^^^^^^^^
UnicodeEncodeError: 'charmap' codec can't encode character '\u2713' in position 3: character maps to <undefined>
Call stack:
  File "C:\scripts\1repo\run_mvp.py", line 680, in <module>
    main()
  File "C:\scripts\1repo\run_mvp.py", line 652, in main
    results = orchestrator.run_single(
  File "C:\scripts\1repo\run_mvp.py", line 226, in run_single
    stage_result = self._run_stage(stage, current_input)
  File "C:\scripts\1repo\run_mvp.py", line 419, in _run_stage
    return processor.process_dataset(input_path, output_dir)
  File "C:\scripts\1repo\am_chunk.py", line 309, in process_dataset
    self.quality_tracker.track('chunk', input_path.name, metrics)
  File "C:\scripts\1repo\quality_tracker.py", line 171, in track
    logger.info(f"\u2713 Quality thresholds passed for {stage}")
Message: '\u2713 Quality thresholds passed for chunk'
Arguments: ()
2025-11-01 01:33:21,102 - quality_tracker - INFO - Completed: track_quality (0.00s)
2025-11-01 01:33:21,102 - am_chunk - INFO - Saved: playing_to_win__how_strategy_really_works_-_ag_lafley.dataset.chunks.jsonl
2025-11-01 01:33:21,102 - __main__ - ERROR - Validation failed: Unknown stage: chunk
2025-11-01 01:33:21,102 - __main__ - WARNING - Validation issues: 1 errors
2025-11-01 01:33:21,102 - __main__ - INFO - ============================================================
2025-11-01 01:33:21,102 - __main__ - INFO--- Logging error ---
Traceback (most recent call last):
  File "C:\Users\Dimon\AppData\Local\Programs\Python\Python313\Lib\logging\__init__.py", line 1154, in emit
    stream.write(msg + self.terminator)
    ~~~~~~~~~~~~^^^^^^^^^^^^^^^^^^^^^^^
  File "C:\Users\Dimon\AppData\Local\Programs\Python\Python313\Lib\site-packages\colorama\ansitowin32.py", line 47, in write
    self.__convertor.write(text)
    ~~~~~~~~~~~~~~~~~~~~~~^^^^^^
  File "C:\Users\Dimon\AppData\Local\Programs\Python\Python313\Lib\site-packages\colorama\ansitowin32.py", line 177, in write
    self.write_and_convert(text)
    ~~~~~~~~~~~~~~~~~~~~~~^^^^^^
  File "C:\Users\Dimon\AppData\Local\Programs\Python\Python313\Lib\site-packages\colorama\ansitowin32.py", line 205, in write_and_convert
    self.write_plain_text(text, cursor, len(text))
    ~~~~~~~~~~~~~~~~~~~~~^^^^^^^^^^^^^^^^^^^^^^^^^
  File "C:\Users\Dimon\AppData\Local\Programs\Python\Python313\Lib\site-packages\colorama\ansitowin32.py", line 210, in write_plain_text
    self.wrapped.write(text[start:end])
    ~~~~~~~~~~~~~~~~~~^^^^^^^^^^^^^^^^^
  File "C:\Users\Dimon\AppData\Local\Programs\Python\Python313\Lib\encodings\cp1251.py", line 19, in encode
    return codecs.charmap_encode(input,self.errors,encoding_table)[0]
           ~~~~~~~~~~~~~~~~~~~~~^^^^^^^^^^^^^^^^^^^^^^^^^^^^^^^^^^
UnicodeEncodeError: 'charmap' codec can't encode character '\U0001f9e9' in position 5: character maps to <undefined>
Call stack:
  File "C:\scripts\1repo\run_mvp.py", line 680, in <module>
    main()
  File "C:\scripts\1repo\run_mvp.py", line 652, in main
    results = orchestrator.run_single(
  File "C:\scripts\1repo\run_mvp.py", line 253, in run_single
    log_stage(logger, stage, "Completed")
  File "C:\scripts\1repo\am_logging.py", line 613, in log_stage
    log_section(logger, f"{emoji} {action}: {stage.upper()}", "INFO")
  File "C:\scripts\1repo\am_logging.py", line 588, in log_section
    log_func(f"  {title}")
Message: '  \U0001f9e9 Completed: CHUNK'
Arguments: ()
2025-11-01 01:33:21,103 - __main__ - INFO - ============================================================
2025-11-01 01:33:21,103 - __main__ - INFO - ============================================================
2025-11-01 01:33:21,103 - __main__ - INFO--- Logging error ---
Traceback (most recent call last):
  File "C:\Users\Dimon\AppData\Local\Programs\Python\Python313\Lib\logging\__init__.py", line 1154, in emit
    stream.write(msg + self.terminator)
    ~~~~~~~~~~~~^^^^^^^^^^^^^^^^^^^^^^^
  File "C:\Users\Dimon\AppData\Local\Programs\Python\Python313\Lib\site-packages\colorama\ansitowin32.py", line 47, in write
    self.__convertor.write(text)
    ~~~~~~~~~~~~~~~~~~~~~~^^^^^^
  File "C:\Users\Dimon\AppData\Local\Programs\Python\Python313\Lib\site-packages\colorama\ansitowin32.py", line 177, in write
    self.write_and_convert(text)
    ~~~~~~~~~~~~~~~~~~~~~~^^^^^^
  File "C:\Users\Dimon\AppData\Local\Programs\Python\Python313\Lib\site-packages\colorama\ansitowin32.py", line 205, in write_and_convert
    self.write_plain_text(text, cursor, len(text))
    ~~~~~~~~~~~~~~~~~~~~~^^^^^^^^^^^^^^^^^^^^^^^^^
  File "C:\Users\Dimon\AppData\Local\Programs\Python\Python313\Lib\site-packages\colorama\ansitowin32.py", line 210, in write_plain_text
    self.wrapped.write(text[start:end])
    ~~~~~~~~~~~~~~~~~~^^^^^^^^^^^^^^^^^
  File "C:\Users\Dimon\AppData\Local\Programs\Python\Python313\Lib\encodings\cp1251.py", line 19, in encode
    return codecs.charmap_encode(input,self.errors,encoding_table)[0]
           ~~~~~~~~~~~~~~~~~~~~~^^^^^^^^^^^^^^^^^^^^^^^^^^^^^^^^^^
UnicodeEncodeError: 'charmap' codec can't encode character '\U0001f522' in position 5: character maps to <undefined>
Call stack:
  File "C:\scripts\1repo\run_mvp.py", line 680, in <module>
    main()
  File "C:\scripts\1repo\run_mvp.py", line 652, in main
    results = orchestrator.run_single(
  File "C:\scripts\1repo\run_mvp.py", line 222, in run_single
    log_stage(logger, stage, "Starting")
  File "C:\scripts\1repo\am_logging.py", line 613, in log_stage
    log_section(logger, f"{emoji} {action}: {stage.upper()}", "INFO")
  File "C:\scripts\1repo\am_logging.py", line 588, in log_section
    log_func(f"  {title}")
Message: '  \U0001f522 Starting: EMBED'
Arguments: ()
2025-11-01 01:33:21,104 - __main__ - INFO - ============================================================
2025-11-01 01:33:21,104 - am_common - INFO - Loading config: config\batch_full.yaml
2025-11-01 01:33:21,118 - am_common - INFO - Config loaded successfully
2025-11-01 01:33:21,118 - am_embed - INFO - [sentence-transformers] Loading model: all-MiniLM-L6-v2
2025-11-01 01:33:21,119 - sentence_transformers.SentenceTransformer - INFO - Use pytorch device_name: cpu
2025-11-01 01:33:21,119 - sentence_transformers.SentenceTransformer - INFO - Load pretrained SentenceTransformer: all-MiniLM-L6-v2
2025-11-01 01:33:24,656 - am_embed - INFO - [sentence-transformers] Embedding dimension: 384
2025-11-01 01:33:24,656 - am_embed - INFO - Processing: playing_to_win__how_strategy_really_works_-_ag_lafley.dataset.chunks.jsonl
2025-11-01 01:33:24,671 - am_embed - INFO - Loaded 356 chunks
2025-11-01 01:33:24,671 - am_embed - INFO - Encoding 356 chunks in 12 batches
2025-11-01 01:33:27,745 - am_embed - INFO - Processed batch 10/12
2025-11-01 01:33:28,101 - am_embed - INFO - Encoded 356 embeddings, 0 failures
2025-11-01 01:33:28,101 - am_embed - INFO - Building FAISS index: flat, metric=cosine
2025-11-01 01:33:28,101 - am_embed - INFO - Vectors: 356, Dimension: 384
2025-11-01 01:33:28,102 - am_embed - INFO - FAISS index built: 356 vectors
2025-11-01 01:33:28,103 - am_embed - INFO - Saved FAISS index: playing_to_win__how_strategy_really_works_-_ag_lafley.dataset.faiss (534.04 KB)
2025-11-01 01:33:28,105 - am_embed - INFO - Saved metadata: playing_to_win__how_strategy_really_works_-_ag_lafley.dataset.pkl (682.45 KB)
2025-11-01 01:33:28,106 - quality_tracker - INFO - Starting: track_quality
2025-11-01 01:33:28,107 - quality_tracker - INFO - embed metrics:
2025-11-01 01:33:28,107 - quality_tracker - INFO -   total_vectors: 356
2025-11-01 01:33:28,107 - quality_tracker - INFO -   embedding_dim: 384
2025-11-01 01:33:28,107 - quality_tracker - INFO -   embedding_failures: 0
2025-11-01 01:33:28,107 - quality_tracker - INFO -   failure_rate: 0.0000
2025-11-01 01:33:28,107 - quality_tracker - INFO -   avg_norm: 1.0000
2025-11-01 01:33:28,107 - quality_tracker - INFO -   min_norm: 1.0000
2025-11-01 01:33:28,107 - quality_tracker - INFO -   max_norm: 1.0000
2025-11-01 01:33:28,107 - quality_tracker - INFO--- Logging error ---
Traceback (most recent call last):
  File "C:\Users\Dimon\AppData\Local\Programs\Python\Python313\Lib\logging\__init__.py", line 1154, in emit
    stream.write(msg + self.terminator)
    ~~~~~~~~~~~~^^^^^^^^^^^^^^^^^^^^^^^
  File "C:\Users\Dimon\AppData\Local\Programs\Python\Python313\Lib\site-packages\colorama\ansitowin32.py", line 47, in write
    self.__convertor.write(text)
    ~~~~~~~~~~~~~~~~~~~~~~^^^^^^
  File "C:\Users\Dimon\AppData\Local\Programs\Python\Python313\Lib\site-packages\colorama\ansitowin32.py", line 177, in write
    self.write_and_convert(text)
    ~~~~~~~~~~~~~~~~~~~~~~^^^^^^
  File "C:\Users\Dimon\AppData\Local\Programs\Python\Python313\Lib\site-packages\colorama\ansitowin32.py", line 205, in write_and_convert
    self.write_plain_text(text, cursor, len(text))
    ~~~~~~~~~~~~~~~~~~~~~^^^^^^^^^^^^^^^^^^^^^^^^^
  File "C:\Users\Dimon\AppData\Local\Programs\Python\Python313\Lib\site-packages\colorama\ansitowin32.py", line 210, in write_plain_text
    self.wrapped.write(text[start:end])
    ~~~~~~~~~~~~~~~~~~^^^^^^^^^^^^^^^^^
  File "C:\Users\Dimon\AppData\Local\Programs\Python\Python313\Lib\encodings\cp1251.py", line 19, in encode
    return codecs.charmap_encode(input,self.errors,encoding_table)[0]
           ~~~~~~~~~~~~~~~~~~~~~^^^^^^^^^^^^^^^^^^^^^^^^^^^^^^^^^^
UnicodeEncodeError: 'charmap' codec can't encode character '\u2713' in position 3: character maps to <undefined>
Call stack:
  File "C:\scripts\1repo\run_mvp.py", line 680, in <module>
    main()
  File "C:\scripts\1repo\run_mvp.py", line 652, in main
    results = orchestrator.run_single(
  File "C:\scripts\1repo\run_mvp.py", line 226, in run_single
    stage_result = self._run_stage(stage, current_input)
  File "C:\scripts\1repo\run_mvp.py", line 428, in _run_stage
    return processor.process_chunks(input_path, output_dir=None)
  File "C:\scripts\1repo\am_embed.py", line 426, in process_chunks
    self.quality_tracker.track('embed', chunks_path.name, metrics)
  File "C:\scripts\1repo\quality_tracker.py", line 171, in track
    logger.info(f"\u2713 Quality thresholds passed for {stage}")
Message: '\u2713 Quality thresholds passed for embed'
Arguments: ()
2025-11-01 01:33:28,108 - quality_tracker - INFO - Completed: track_quality (0.00s)
2025-11-01 01:33:28,108 - am_embed - INFO - Saved: playing_to_win__how_strategy_really_works_-_ag_lafley.dataset.faiss, playing_to_win__how_strategy_really_works_-_ag_lafley.dataset.pkl
2025-11-01 01:33:28,108 - __main__ - INFO - ============================================================
2025-11-01 01:33:28,108 - __main__ - INFO--- Logging error ---
Traceback (most recent call last):
  File "C:\Users\Dimon\AppData\Local\Programs\Python\Python313\Lib\logging\__init__.py", line 1154, in emit
    stream.write(msg + self.terminator)
    ~~~~~~~~~~~~^^^^^^^^^^^^^^^^^^^^^^^
  File "C:\Users\Dimon\AppData\Local\Programs\Python\Python313\Lib\site-packages\colorama\ansitowin32.py", line 47, in write
    self.__convertor.write(text)
    ~~~~~~~~~~~~~~~~~~~~~~^^^^^^
  File "C:\Users\Dimon\AppData\Local\Programs\Python\Python313\Lib\site-packages\colorama\ansitowin32.py", line 177, in write
    self.write_and_convert(text)
    ~~~~~~~~~~~~~~~~~~~~~~^^^^^^
  File "C:\Users\Dimon\AppData\Local\Programs\Python\Python313\Lib\site-packages\colorama\ansitowin32.py", line 205, in write_and_convert
    self.write_plain_text(text, cursor, len(text))
    ~~~~~~~~~~~~~~~~~~~~~^^^^^^^^^^^^^^^^^^^^^^^^^
  File "C:\Users\Dimon\AppData\Local\Programs\Python\Python313\Lib\site-packages\colorama\ansitowin32.py", line 210, in write_plain_text
    self.wrapped.write(text[start:end])
    ~~~~~~~~~~~~~~~~~~^^^^^^^^^^^^^^^^^
  File "C:\Users\Dimon\AppData\Local\Programs\Python\Python313\Lib\encodings\cp1251.py", line 19, in encode
    return codecs.charmap_encode(input,self.errors,encoding_table)[0]
           ~~~~~~~~~~~~~~~~~~~~~^^^^^^^^^^^^^^^^^^^^^^^^^^^^^^^^^^
UnicodeEncodeError: 'charmap' codec can't encode character '\U0001f522' in position 5: character maps to <undefined>
Call stack:
  File "C:\scripts\1repo\run_mvp.py", line 680, in <module>
    main()
  File "C:\scripts\1repo\run_mvp.py", line 652, in main
    results = orchestrator.run_single(
  File "C:\scripts\1repo\run_mvp.py", line 253, in run_single
    log_stage(logger, stage, "Completed")
  File "C:\scripts\1repo\am_logging.py", line 613, in log_stage
    log_section(logger, f"{emoji} {action}: {stage.upper()}", "INFO")
  File "C:\scripts\1repo\am_logging.py", line 588, in log_section
    log_func(f"  {title}")
Message: '  \U0001f522 Completed: EMBED'
Arguments: ()
2025-11-01 01:33:28,109 - __main__ - INFO - ============================================================
2025-11-01 01:33:28,109 - __main__ - INFO - Pipeline status: completed
2025-11-01 01:33:28,109 - __main__ - INFO - Completed: run_single_pipeline (56.92s)
2025-11-01 01:33:28,109 - __main__ - INFO - ============================================================
2025-11-01 01:33:28,109 - __main__ - INFO--- Logging error ---
Traceback (most recent call last):
  File "C:\Users\Dimon\AppData\Local\Programs\Python\Python313\Lib\logging\__init__.py", line 1154, in emit
    stream.write(msg + self.terminator)
    ~~~~~~~~~~~~^^^^^^^^^^^^^^^^^^^^^^^
  File "C:\Users\Dimon\AppData\Local\Programs\Python\Python313\Lib\site-packages\colorama\ansitowin32.py", line 47, in write
    self.__convertor.write(text)
    ~~~~~~~~~~~~~~~~~~~~~~^^^^^^
  File "C:\Users\Dimon\AppData\Local\Programs\Python\Python313\Lib\site-packages\colorama\ansitowin32.py", line 177, in write
    self.write_and_convert(text)
    ~~~~~~~~~~~~~~~~~~~~~~^^^^^^
  File "C:\Users\Dimon\AppData\Local\Programs\Python\Python313\Lib\site-packages\colorama\ansitowin32.py", line 205, in write_and_convert
    self.write_plain_text(text, cursor, len(text))
    ~~~~~~~~~~~~~~~~~~~~~^^^^^^^^^^^^^^^^^^^^^^^^^
  File "C:\Users\Dimon\AppData\Local\Programs\Python\Python313\Lib\site-packages\colorama\ansitowin32.py", line 210, in write_plain_text
    self.wrapped.write(text[start:end])
    ~~~~~~~~~~~~~~~~~~^^^^^^^^^^^^^^^^^
  File "C:\Users\Dimon\AppData\Local\Programs\Python\Python313\Lib\encodings\cp1251.py", line 19, in encode
    return codecs.charmap_encode(input,self.errors,encoding_table)[0]
           ~~~~~~~~~~~~~~~~~~~~~^^^^^^^^^^^^^^^^^^^^^^^^^^^^^^^^^^
UnicodeEncodeError: 'charmap' codec can't encode character '\U0001f4ca' in position 5: character maps to <undefined>
Call stack:
  File "C:\scripts\1repo\run_mvp.py", line 680, in <module>
    main()
  File "C:\scripts\1repo\run_mvp.py", line 660, in main
    orchestrator.generate_reports()
  File "C:\scripts\1repo\run_mvp.py", line 502, in generate_reports
    log_section(logger, "\U0001f4ca FINAL REPORTS", "INFO")
  File "C:\scripts\1repo\am_logging.py", line 588, in log_section
    log_func(f"  {title}")
Message: '  \U0001f4ca FINAL REPORTS'
Arguments: ()
2025-11-01 01:33:28,110 - __main__ - INFO - ============================================================
2025-11-01 01:33:28,110 - __main__ - INFO - ============================================================
2025-11-01 01:33:28,110 - __main__ - INFO -   Performance Summary
2025-11-01 01:33:28,110 - __main__ - INFO - ============================================================
2025-11-01 01:33:28,110 - __main__ - INFO - 
run_single_pipeline:
2025-11-01 01:33:28,110 - __main__ - INFO -   Count: 1
2025-11-01 01:33:28,110 - __main__ - INFO -   Total: 56.92s
2025-11-01 01:33:28,110 - __main__ - INFO -   Avg: 56.92s
2025-11-01 01:33:28,110 - __main__ - INFO -   Min: 56.92s
2025-11-01 01:33:28,110 - __main__ - INFO -   Max: 56.92s
2025-11-01 01:33:28,110 - __main__ - INFO - 
track_quality:
2025-11-01 01:33:28,110 - __main__ - INFO -   Count: 7
2025-11-01 01:33:28,110 - __main__ - INFO -   Total: 0.01s
2025-11-01 01:33:28,110 - __main__ - INFO -   Avg: 0.00s
2025-11-01 01:33:28,110 - __main__ - INFO -   Min: 0.00s
2025-11-01 01:33:28,110 - __main__ - INFO -   Max: 0.00s
2025-11-01 01:33:28,110 - __main__ - INFO - No errors or warnings recorded
2025-11-01 01:33:28,110 - __main__ - INFO - 
2025-11-01 01:33:28,110 - quality_tracker - INFO - Starting: generate_quality_report
2025-11-01 01:33:28,111 - quality_tracker - INFO - Quality report saved: C:\scripts\1repo\data\quality\quality_report_20251101_013328.json
2025-11-01 01:33:28,112 - quality_tracker - INFO - Completed: generate_quality_report (0.00s)
2025-11-01 01:33:28,112 - quality_tracker - INFO - ============================================================
2025-11-01 01:33:28,112 - quality_tracker - INFO -   QUALITY REPORT
2025-11-01 01:33:28,112 - quality_tracker - INFO - ============================================================
2025-11-01 01:33:28,112 - quality_tracker - INFO - Generated: 2025-10-31T22:33:28Z
2025-11-01 01:33:28,112 - quality_tracker - INFO - Version: 2.0.0

2025-11-01 01:33:28,112 - quality_tracker - INFO - ------------------------------------------------------------
2025-11-01 01:33:28,112 - quality_tracker - INFO -   Stage: STRUCTURAL
2025-11-01 01:33:28,112 - quality_tracker - INFO - ------------------------------------------------------------
2025-11-01 01:33:28,112 - quality_tracker - INFO - Summary:
2025-11-01 01:33:28,112 - quality_tracker - INFO -   total_runs: 1
2025-11-01 01:33:28,112 - quality_tracker - INFO -   passed_threshold: 1
2025-11-01 01:33:28,112 - quality_tracker - INFO -   failed_threshold: 0
2025-11-01 01:33:28,112 - quality_tracker - INFO -   pass_rate: 100.0%
2025-11-01 01:33:28,112 - quality_tracker - INFO - 
Recent trend (last 1 runs):
2025-11-01 01:33:28,113 - quality_tracker - INFO -   Pass rate: 100.0%
2025-11-01 01:33:28,113 - quality_tracker - INFO - 
2025-11-01 01:33:28,113 - quality_tracker - INFO - ------------------------------------------------------------
2025-11-01 01:33:28,113 - quality_tracker - INFO -   Stage: STRUCTURE_DETECT
2025-11-01 01:33:28,113 - quality_tracker - INFO - ------------------------------------------------------------
2025-11-01 01:33:28,113 - quality_tracker - INFO - Summary:
2025-11-01 01:33:28,113 - quality_tracker - INFO -   total_runs: 1
2025-11-01 01:33:28,113 - quality_tracker - INFO -   passed_threshold: 1
2025-11-01 01:33:28,113 - quality_tracker - INFO -   failed_threshold: 0
2025-11-01 01:33:28,113 - quality_tracker - INFO -   pass_rate: 100.0%
2025-11-01 01:33:28,113 - quality_tracker - INFO - 
Recent trend (last 1 runs):
2025-11-01 01:33:28,113 - quality_tracker - INFO -   Pass rate: 100.0%
2025-11-01 01:33:28,113 - quality_tracker - INFO - 
2025-11-01 01:33:28,113 - quality_tracker - INFO - ------------------------------------------------------------
2025-11-01 01:33:28,113 - quality_tracker - INFO -   Stage: SUMMARIZE
2025-11-01 01:33:28,113 - quality_tracker - INFO - ------------------------------------------------------------
2025-11-01 01:33:28,113 - quality_tracker - INFO - Summary:
2025-11-01 01:33:28,113 - quality_tracker - INFO -   total_runs: 1
2025-11-01 01:33:28,113 - quality_tracker - INFO -   passed_threshold: 1
2025-11-01 01:33:28,113 - quality_tracker - INFO -   failed_threshold: 0
2025-11-01 01:33:28,113 - quality_tracker - INFO -   pass_rate: 100.0%
2025-11-01 01:33:28,113 - quality_tracker - INFO - 
Recent trend (last 1 runs):
2025-11-01 01:33:28,113 - quality_tracker - INFO -   Pass rate: 100.0%
2025-11-01 01:33:28,113 - quality_tracker - INFO - 
2025-11-01 01:33:28,113 - quality_tracker - INFO - ------------------------------------------------------------
2025-11-01 01:33:28,113 - quality_tracker - INFO -   Stage: EXTENDED
2025-11-01 01:33:28,113 - quality_tracker - INFO - ------------------------------------------------------------
2025-11-01 01:33:28,113 - quality_tracker - INFO - Summary:
2025-11-01 01:33:28,113 - quality_tracker - INFO -   total_runs: 1
2025-11-01 01:33:28,113 - quality_tracker - INFO -   passed_threshold: 1
2025-11-01 01:33:28,113 - quality_tracker - INFO -   failed_threshold: 0
2025-11-01 01:33:28,114 - quality_tracker - INFO -   pass_rate: 100.0%
2025-11-01 01:33:28,114 - quality_tracker - INFO - 
Recent trend (last 1 runs):
2025-11-01 01:33:28,114 - quality_tracker - INFO -   Pass rate: 100.0%
2025-11-01 01:33:28,114 - quality_tracker - INFO - 
2025-11-01 01:33:28,114 - quality_tracker - INFO - ------------------------------------------------------------
2025-11-01 01:33:28,114 - quality_tracker - INFO -   Stage: FINALIZE
2025-11-01 01:33:28,114 - quality_tracker - INFO - ------------------------------------------------------------
2025-11-01 01:33:28,114 - quality_tracker - INFO - Summary:
2025-11-01 01:33:28,114 - quality_tracker - INFO -   total_runs: 1
2025-11-01 01:33:28,114 - quality_tracker - INFO -   passed_threshold: 1
2025-11-01 01:33:28,114 - quality_tracker - INFO -   failed_threshold: 0
2025-11-01 01:33:28,114 - quality_tracker - INFO -   pass_rate: 100.0%
2025-11-01 01:33:28,114 - quality_tracker - INFO - 
Recent trend (last 1 runs):
2025-11-01 01:33:28,114 - quality_tracker - INFO -   Pass rate: 100.0%
2025-11-01 01:33:28,114 - quality_tracker - INFO - 
2025-11-01 01:33:28,114 - quality_tracker - INFO - ------------------------------------------------------------
2025-11-01 01:33:28,114 - quality_tracker - INFO -   Stage: CHUNK
2025-11-01 01:33:28,114 - quality_tracker - INFO - ------------------------------------------------------------
2025-11-01 01:33:28,114 - quality_tracker - INFO - Summary:
2025-11-01 01:33:28,114 - quality_tracker - INFO -   total_runs: 1
2025-11-01 01:33:28,114 - quality_tracker - INFO -   passed_threshold: 1
2025-11-01 01:33:28,114 - quality_tracker - INFO -   failed_threshold: 0
2025-11-01 01:33:28,114 - quality_tracker - INFO -   pass_rate: 100.0%
2025-11-01 01:33:28,114 - quality_tracker - INFO - 
Recent trend (last 1 runs):
2025-11-01 01:33:28,114 - quality_tracker - INFO -   Pass rate: 100.0%
2025-11-01 01:33:28,114 - quality_tracker - INFO - 
2025-11-01 01:33:28,114 - quality_tracker - INFO - ------------------------------------------------------------
2025-11-01 01:33:28,114 - quality_tracker - INFO -   Stage: EMBED
2025-11-01 01:33:28,114 - quality_tracker - INFO - ------------------------------------------------------------
2025-11-01 01:33:28,114 - quality_tracker - INFO - Summary:
2025-11-01 01:33:28,114 - quality_tracker - INFO -   total_runs: 1
2025-11-01 01:33:28,114 - quality_tracker - INFO -   passed_threshold: 1
2025-11-01 01:33:28,115 - quality_tracker - INFO -   failed_threshold: 0
2025-11-01 01:33:28,115 - quality_tracker - INFO -   pass_rate: 100.0%
2025-11-01 01:33:28,115 - quality_tracker - INFO - 
Recent trend (last 1 runs):
2025-11-01 01:33:28,115 - quality_tracker - INFO -   Pass rate: 100.0%
2025-11-01 01:33:28,115 - quality_tracker - INFO - 
2025-11-01 01:33:28,115 - quality_tracker - INFO - ------------------------------------------------------------
2025-11-01 01:33:28,115 - quality_tracker - INFO -   PERFORMANCE SUMMARY
2025-11-01 01:33:28,115 - quality_tracker - INFO - ------------------------------------------------------------
2025-11-01 01:33:28,115 - quality_tracker - INFO - track_quality:
2025-11-01 01:33:28,115 - quality_tracker - INFO -   Count: 7, Avg: 0.00s
2025-11-01 01:33:28,115 - quality_tracker - INFO - run_single_pipeline:
2025-11-01 01:33:28,115 - quality_tracker - INFO -   Count: 1, Avg: 56.92s
2025-11-01 01:33:28,115 - __main__ - INFO - 
2025-11-01 01:33:28,115 - validate - INFO - ============================================================
2025-11-01 01:33:28,115 - validate - INFO -   Validation Summary
2025-11-01 01:33:28,115 - validate - INFO - ============================================================
2025-11-01 01:33:28,115 - validate - INFO - Overall Results:
2025-11-01 01:33:28,115 - validate - INFO -   total_datasets: 2
2025-11-01 01:33:28,115 - validate - INFO -   valid_datasets: 1
2025-11-01 01:33:28,115 - validate - INFO -   invalid_datasets: 1
2025-11-01 01:33:28,115 - validate - INFO -   total_errors: 2
2025-11-01 01:33:28,115 - validate - INFO -   total_warnings: 196
2025-11-01 01:33:28,115 - validate - INFO -   success_rate: 0.5000
2025-11-01 01:33:28,115 - validate - INFO -   timestamp: 2025-10-31T22:33:28.115445
2025-11-01 01:33:28,115 - validate - INFO - 
Per-dataset results:
2025-11-01 01:33:28,115 - validate - INFO--- Logging error ---
Traceback (most recent call last):
  File "C:\Users\Dimon\AppData\Local\Programs\Python\Python313\Lib\logging\__init__.py", line 1154, in emit
    stream.write(msg + self.terminator)
    ~~~~~~~~~~~~^^^^^^^^^^^^^^^^^^^^^^^
  File "C:\Users\Dimon\AppData\Local\Programs\Python\Python313\Lib\site-packages\colorama\ansitowin32.py", line 47, in write
    self.__convertor.write(text)
    ~~~~~~~~~~~~~~~~~~~~~~^^^^^^
  File "C:\Users\Dimon\AppData\Local\Programs\Python\Python313\Lib\site-packages\colorama\ansitowin32.py", line 177, in write
    self.write_and_convert(text)
    ~~~~~~~~~~~~~~~~~~~~~~^^^^^^
  File "C:\Users\Dimon\AppData\Local\Programs\Python\Python313\Lib\site-packages\colorama\ansitowin32.py", line 205, in write_and_convert
    self.write_plain_text(text, cursor, len(text))
    ~~~~~~~~~~~~~~~~~~~~~^^^^^^^^^^^^^^^^^^^^^^^^^
  File "C:\Users\Dimon\AppData\Local\Programs\Python\Python313\Lib\site-packages\colorama\ansitowin32.py", line 210, in write_plain_text
    self.wrapped.write(text[start:end])
    ~~~~~~~~~~~~~~~~~~^^^^^^^^^^^^^^^^^
  File "C:\Users\Dimon\AppData\Local\Programs\Python\Python313\Lib\encodings\cp1251.py", line 19, in encode
    return codecs.charmap_encode(input,self.errors,encoding_table)[0]
           ~~~~~~~~~~~~~~~~~~~~~^^^^^^^^^^^^^^^^^^^^^^^^^^^^^^^^^^
UnicodeEncodeError: 'charmap' codec can't encode character '\u2705' in position 5: character maps to <undefined>
Call stack:
  File "C:\scripts\1repo\run_mvp.py", line 680, in <module>
    main()
  File "C:\scripts\1repo\run_mvp.py", line 660, in main
    orchestrator.generate_reports()
  File "C:\scripts\1repo\run_mvp.py", line 522, in generate_reports
    self.validator.print_summary()
  File "C:\scripts\1repo\validate.py", line 784, in print_summary
    self.report.print_summary()
  File "C:\scripts\1repo\validate.py", line 644, in print_summary
    logger.info(f"  {status} - {dataset} (errors: {errors}, warnings: {warnings})")
Message: '  \u2705 VALID - playing_to_win__how_strategy_really_works_-_ag_lafley.dataset.jsonl (errors: 0, warnings: 1)'
Arguments: ()
2025-11-01 01:33:28,116 - validate - INFO--- Logging error ---
Traceback (most recent call last):
  File "C:\Users\Dimon\AppData\Local\Programs\Python\Python313\Lib\logging\__init__.py", line 1154, in emit
    stream.write(msg + self.terminator)
    ~~~~~~~~~~~~^^^^^^^^^^^^^^^^^^^^^^^
  File "C:\Users\Dimon\AppData\Local\Programs\Python\Python313\Lib\site-packages\colorama\ansitowin32.py", line 47, in write
    self.__convertor.write(text)
    ~~~~~~~~~~~~~~~~~~~~~~^^^^^^
  File "C:\Users\Dimon\AppData\Local\Programs\Python\Python313\Lib\site-packages\colorama\ansitowin32.py", line 177, in write
    self.write_and_convert(text)
    ~~~~~~~~~~~~~~~~~~~~~~^^^^^^
  File "C:\Users\Dimon\AppData\Local\Programs\Python\Python313\Lib\site-packages\colorama\ansitowin32.py", line 205, in write_and_convert
    self.write_plain_text(text, cursor, len(text))
    ~~~~~~~~~~~~~~~~~~~~~^^^^^^^^^^^^^^^^^^^^^^^^^
  File "C:\Users\Dimon\AppData\Local\Programs\Python\Python313\Lib\site-packages\colorama\ansitowin32.py", line 210, in write_plain_text
    self.wrapped.write(text[start:end])
    ~~~~~~~~~~~~~~~~~~^^^^^^^^^^^^^^^^^
  File "C:\Users\Dimon\AppData\Local\Programs\Python\Python313\Lib\encodings\cp1251.py", line 19, in encode
    return codecs.charmap_encode(input,self.errors,encoding_table)[0]
           ~~~~~~~~~~~~~~~~~~~~~^^^^^^^^^^^^^^^^^^^^^^^^^^^^^^^^^^
UnicodeEncodeError: 'charmap' codec can't encode character '\u274c' in position 5: character maps to <undefined>
Call stack:
  File "C:\scripts\1repo\run_mvp.py", line 680, in <module>
    main()
  File "C:\scripts\1repo\run_mvp.py", line 660, in main
    orchestrator.generate_reports()
  File "C:\scripts\1repo\run_mvp.py", line 522, in generate_reports
    self.validator.print_summary()
  File "C:\scripts\1repo\validate.py", line 784, in print_summary
    self.report.print_summary()
  File "C:\scripts\1repo\validate.py", line 644, in print_summary
    logger.info(f"  {status} - {dataset} (errors: {errors}, warnings: {warnings})")
Message: '  \u274c INVALID - playing_to_win__how_strategy_really_works_-_ag_lafley.dataset.jsonl (errors: 2, warnings: 195)'
Arguments: ()
2025-11-01 01:33:28,117 - __main__ - INFO - ============================================================
2025-11-01 01:33:28,117 - __main__ - INFO--- Logging error ---
Traceback (most recent call last):
  File "C:\Users\Dimon\AppData\Local\Programs\Python\Python313\Lib\logging\__init__.py", line 1154, in emit
    stream.write(msg + self.terminator)
    ~~~~~~~~~~~~^^^^^^^^^^^^^^^^^^^^^^^
  File "C:\Users\Dimon\AppData\Local\Programs\Python\Python313\Lib\site-packages\colorama\ansitowin32.py", line 47, in write
    self.__convertor.write(text)
    ~~~~~~~~~~~~~~~~~~~~~~^^^^^^
  File "C:\Users\Dimon\AppData\Local\Programs\Python\Python313\Lib\site-packages\colorama\ansitowin32.py", line 177, in write
    self.write_and_convert(text)
    ~~~~~~~~~~~~~~~~~~~~~~^^^^^^
  File "C:\Users\Dimon\AppData\Local\Programs\Python\Python313\Lib\site-packages\colorama\ansitowin32.py", line 205, in write_and_convert
    self.write_plain_text(text, cursor, len(text))
    ~~~~~~~~~~~~~~~~~~~~~^^^^^^^^^^^^^^^^^^^^^^^^^
  File "C:\Users\Dimon\AppData\Local\Programs\Python\Python313\Lib\site-packages\colorama\ansitowin32.py", line 210, in write_plain_text
    self.wrapped.write(text[start:end])
    ~~~~~~~~~~~~~~~~~~^^^^^^^^^^^^^^^^^
  File "C:\Users\Dimon\AppData\Local\Programs\Python\Python313\Lib\encodings\cp1251.py", line 19, in encode
    return codecs.charmap_encode(input,self.errors,encoding_table)[0]
           ~~~~~~~~~~~~~~~~~~~~~^^^^^^^^^^^^^^^^^^^^^^^^^^^^^^^^^^
UnicodeEncodeError: 'charmap' codec can't encode character '\u2705' in position 5: character maps to <undefined>
Call stack:
  File "C:\scripts\1repo\run_mvp.py", line 680, in <module>
    main()
  File "C:\scripts\1repo\run_mvp.py", line 667, in main
    log_section(logger, "\u2705 PIPELINE COMPLETED SUCCESSFULLY", "INFO")
  File "C:\scripts\1repo\am_logging.py", line 588, in log_section
    log_func(f"  {title}")
Message: '  \u2705 PIPELINE COMPLETED SUCCESSFULLY'
Arguments: ()
2025-11-01 01:33:28,117 - __main__ - INFO - ============================================================
