[WARN] OCR not available
2025-11-01 01:33:32,402 - faiss.loader - INFO - Loading faiss with AVX512 support.
2025-11-01 01:33:32,402 - faiss.loader - INFO - Could not load library with AVX512 support due to:
ModuleNotFoundError("No module named 'faiss.swigfaiss_avx512'")
2025-11-01 01:33:32,403 - faiss.loader - INFO - Loading faiss with AVX2 support.
2025-11-01 01:33:32,415 - faiss.loader - INFO - Successfully loaded faiss with AVX2 support.
2025-11-01 01:33:32,420 - am_common - INFO - Loading config: config\batch_full.yaml
2025-11-01 01:33:32,435 - am_common - INFO - Config loaded successfully
2025-11-01 01:33:32,435 - quality_tracker - INFO - Quality tracker initialized: C:\scripts\1repo\data\quality
2025-11-01 01:33:32,435 - __main__ - INFO - ============================================================
2025-11-01 01:33:32,435 - __main__ - INFO--- Logging error ---
Traceback (most recent call last):
  File "C:\Users\Dimon\AppData\Local\Programs\Python\Python313\Lib\logging\__init__.py", line 1154, in emit
    stream.write(msg + self.terminator)
    ~~~~~~~~~~~~^^^^^^^^^^^^^^^^^^^^^^^
  File "C:\Users\Dimon\AppData\Local\Programs\Python\Python313\Lib\site-packages\colorama\ansitowin32.py", line 47, in write
    self.__convertor.write(text)
    ~~~~~~~~~~~~~~~~~~~~~~^^^^^^
  File "C:\Users\Dimon\AppData\Local\Programs\Python\Python313\Lib\site-packages\colorama\ansitowin32.py", line 177, in write
    self.write_and_convert(text)
    ~~~~~~~~~~~~~~~~~~~~~~^^^^^^
  File "C:\Users\Dimon\AppData\Local\Programs\Python\Python313\Lib\site-packages\colorama\ansitowin32.py", line 205, in write_and_convert
    self.write_plain_text(text, cursor, len(text))
    ~~~~~~~~~~~~~~~~~~~~~^^^^^^^^^^^^^^^^^^^^^^^^^
  File "C:\Users\Dimon\AppData\Local\Programs\Python\Python313\Lib\site-packages\colorama\ansitowin32.py", line 210, in write_plain_text
    self.wrapped.write(text[start:end])
    ~~~~~~~~~~~~~~~~~~^^^^^^^^^^^^^^^^^
  File "C:\Users\Dimon\AppData\Local\Programs\Python\Python313\Lib\encodings\cp1251.py", line 19, in encode
    return codecs.charmap_encode(input,self.errors,encoding_table)[0]
           ~~~~~~~~~~~~~~~~~~~~~^^^^^^^^^^^^^^^^^^^^^^^^^^^^^^^^^^
UnicodeEncodeError: 'charmap' codec can't encode character '\U0001f680' in position 5: character maps to <undefined>
Call stack:
  File "C:\scripts\1repo\run_mvp.py", line 680, in <module>
    main()
  File "C:\scripts\1repo\run_mvp.py", line 605, in main
    orchestrator = PipelineOrchestrator(
  File "C:\scripts\1repo\run_mvp.py", line 136, in __init__
    log_section(logger, f"\U0001f680 {PRODUCT_NAME} {VERSION}", "INFO")
  File "C:\scripts\1repo\am_logging.py", line 588, in log_section
    log_func(f"  {title}")
Message: '  \U0001f680 archivist magika 2.0.0'
Arguments: ()
2025-11-01 01:33:32,437 - __main__ - INFO - ============================================================
2025-11-01 01:33:32,437 - __main__ - INFO - Quality check: enabled
2025-11-01 01:33:32,437 - __main__ - INFO - Validation: enabled
2025-11-01 01:33:32,437 - __main__ - INFO - Dry run: no
2025-11-01 01:33:32,437 - __main__ - INFO - Starting: run_single_pipeline
2025-11-01 01:33:32,437 - __main__ - INFO - Processing: Team_Topologies_Organizing_Business_and_Technology_Teams_for_Fast_Flow_-_Matthew_Skelton.pdf
2025-11-01 01:33:32,437 - __main__ - INFO--- Logging error ---
Traceback (most recent call last):
  File "C:\Users\Dimon\AppData\Local\Programs\Python\Python313\Lib\logging\__init__.py", line 1154, in emit
    stream.write(msg + self.terminator)
    ~~~~~~~~~~~~^^^^^^^^^^^^^^^^^^^^^^^
  File "C:\Users\Dimon\AppData\Local\Programs\Python\Python313\Lib\site-packages\colorama\ansitowin32.py", line 47, in write
    self.__convertor.write(text)
    ~~~~~~~~~~~~~~~~~~~~~~^^^^^^
  File "C:\Users\Dimon\AppData\Local\Programs\Python\Python313\Lib\site-packages\colorama\ansitowin32.py", line 177, in write
    self.write_and_convert(text)
    ~~~~~~~~~~~~~~~~~~~~~~^^^^^^
  File "C:\Users\Dimon\AppData\Local\Programs\Python\Python313\Lib\site-packages\colorama\ansitowin32.py", line 205, in write_and_convert
    self.write_plain_text(text, cursor, len(text))
    ~~~~~~~~~~~~~~~~~~~~~^^^^^^^^^^^^^^^^^^^^^^^^^
  File "C:\Users\Dimon\AppData\Local\Programs\Python\Python313\Lib\site-packages\colorama\ansitowin32.py", line 210, in write_plain_text
    self.wrapped.write(text[start:end])
    ~~~~~~~~~~~~~~~~~~^^^^^^^^^^^^^^^^^
  File "C:\Users\Dimon\AppData\Local\Programs\Python\Python313\Lib\encodings\cp1251.py", line 19, in encode
    return codecs.charmap_encode(input,self.errors,encoding_table)[0]
           ~~~~~~~~~~~~~~~~~~~~~^^^^^^^^^^^^^^^^^^^^^^^^^^^^^^^^^^
UnicodeEncodeError: 'charmap' codec can't encode character '\u2192' in position 24: character maps to <undefined>
Call stack:
  File "C:\scripts\1repo\run_mvp.py", line 680, in <module>
    main()
  File "C:\scripts\1repo\run_mvp.py", line 652, in main
    results = orchestrator.run_single(
  File "C:\scripts\1repo\run_mvp.py", line 196, in run_single
    logger.info(f"Pipeline: {start_stage} \u2192 {end_stage}")
Message: 'Pipeline: structural \u2192 embed'
Arguments: ()
2025-11-01 01:33:32,438 - __main__ - INFO--- Logging error ---
Traceback (most recent call last):
  File "C:\Users\Dimon\AppData\Local\Programs\Python\Python313\Lib\logging\__init__.py", line 1154, in emit
    stream.write(msg + self.terminator)
    ~~~~~~~~~~~~^^^^^^^^^^^^^^^^^^^^^^^
  File "C:\Users\Dimon\AppData\Local\Programs\Python\Python313\Lib\site-packages\colorama\ansitowin32.py", line 47, in write
    self.__convertor.write(text)
    ~~~~~~~~~~~~~~~~~~~~~~^^^^^^
  File "C:\Users\Dimon\AppData\Local\Programs\Python\Python313\Lib\site-packages\colorama\ansitowin32.py", line 177, in write
    self.write_and_convert(text)
    ~~~~~~~~~~~~~~~~~~~~~~^^^^^^
  File "C:\Users\Dimon\AppData\Local\Programs\Python\Python313\Lib\site-packages\colorama\ansitowin32.py", line 205, in write_and_convert
    self.write_plain_text(text, cursor, len(text))
    ~~~~~~~~~~~~~~~~~~~~~^^^^^^^^^^^^^^^^^^^^^^^^^
  File "C:\Users\Dimon\AppData\Local\Programs\Python\Python313\Lib\site-packages\colorama\ansitowin32.py", line 210, in write_plain_text
    self.wrapped.write(text[start:end])
    ~~~~~~~~~~~~~~~~~~^^^^^^^^^^^^^^^^^
  File "C:\Users\Dimon\AppData\Local\Programs\Python\Python313\Lib\encodings\cp1251.py", line 19, in encode
    return codecs.charmap_encode(input,self.errors,encoding_table)[0]
           ~~~~~~~~~~~~~~~~~~~~~^^^^^^^^^^^^^^^^^^^^^^^^^^^^^^^^^^
UnicodeEncodeError: 'charmap' codec can't encode character '\u2192' in position 22: character maps to <undefined>
Call stack:
  File "C:\scripts\1repo\run_mvp.py", line 680, in <module>
    main()
  File "C:\scripts\1repo\run_mvp.py", line 652, in main
    results = orchestrator.run_single(
  File "C:\scripts\1repo\run_mvp.py", line 209, in run_single
    logger.info(f"Stages: {' \u2192 '.join(stages)}")
Message: 'Stages: structural \u2192 structure_detect \u2192 summarize \u2192 extended \u2192 finalize \u2192 chunk \u2192 embed'
Arguments: ()
2025-11-01 01:33:32,439 - __main__ - INFO - ============================================================
2025-11-01 01:33:32,439 - __main__ - INFO--- Logging error ---
Traceback (most recent call last):
  File "C:\Users\Dimon\AppData\Local\Programs\Python\Python313\Lib\logging\__init__.py", line 1154, in emit
    stream.write(msg + self.terminator)
    ~~~~~~~~~~~~^^^^^^^^^^^^^^^^^^^^^^^
  File "C:\Users\Dimon\AppData\Local\Programs\Python\Python313\Lib\site-packages\colorama\ansitowin32.py", line 47, in write
    self.__convertor.write(text)
    ~~~~~~~~~~~~~~~~~~~~~~^^^^^^
  File "C:\Users\Dimon\AppData\Local\Programs\Python\Python313\Lib\site-packages\colorama\ansitowin32.py", line 177, in write
    self.write_and_convert(text)
    ~~~~~~~~~~~~~~~~~~~~~~^^^^^^
  File "C:\Users\Dimon\AppData\Local\Programs\Python\Python313\Lib\site-packages\colorama\ansitowin32.py", line 205, in write_and_convert
    self.write_plain_text(text, cursor, len(text))
    ~~~~~~~~~~~~~~~~~~~~~^^^^^^^^^^^^^^^^^^^^^^^^^
  File "C:\Users\Dimon\AppData\Local\Programs\Python\Python313\Lib\site-packages\colorama\ansitowin32.py", line 210, in write_plain_text
    self.wrapped.write(text[start:end])
    ~~~~~~~~~~~~~~~~~~^^^^^^^^^^^^^^^^^
  File "C:\Users\Dimon\AppData\Local\Programs\Python\Python313\Lib\encodings\cp1251.py", line 19, in encode
    return codecs.charmap_encode(input,self.errors,encoding_table)[0]
           ~~~~~~~~~~~~~~~~~~~~~^^^^^^^^^^^^^^^^^^^^^^^^^^^^^^^^^^
UnicodeEncodeError: 'charmap' codec can't encode character '\U0001f4c4' in position 5: character maps to <undefined>
Call stack:
  File "C:\scripts\1repo\run_mvp.py", line 680, in <module>
    main()
  File "C:\scripts\1repo\run_mvp.py", line 652, in main
    results = orchestrator.run_single(
  File "C:\scripts\1repo\run_mvp.py", line 222, in run_single
    log_stage(logger, stage, "Starting")
  File "C:\scripts\1repo\am_logging.py", line 613, in log_stage
    log_section(logger, f"{emoji} {action}: {stage.upper()}", "INFO")
  File "C:\scripts\1repo\am_logging.py", line 588, in log_section
    log_func(f"  {title}")
Message: '  \U0001f4c4 Starting: STRUCTURAL'
Arguments: ()
2025-11-01 01:33:32,439 - __main__ - INFO - ============================================================
2025-11-01 01:33:32,439 - am_common - INFO - Loading config: config\batch_full.yaml
2025-11-01 01:33:32,454 - am_common - INFO - Config loaded successfully
2025-11-01 01:33:32,454 - am_structural_robust - INFO - Text extractor chain: ['pdfminer', 'pdfplumber', 'pypdf2']
2025-11-01 01:33:32,454 - am_structural_robust - INFO - Table extractor chain: ['pdfplumber']
2025-11-01 01:33:32,454 - am_structural_robust - INFO - Processing: Team_Topologies_Organizing_Business_and_Technology_Teams_for_Fast_Flow_-_Matthew_Skelton.pdf
2025-11-01 01:33:32,519 - am_structural_robust - INFO - PDF: Team Topologies: Organizing Business and Technology Teams for Fast Flow
2025-11-01 01:33:32,587 - am_structural_robust - INFO - Total pages: 310
2025-11-01 01:33:32,739 - am_structural_robust - ERROR - [X] Page 0: All extractors failed
2025-11-01 01:33:43,047 - am_structural_robust - INFO -   Processed 50/310 pages
2025-11-01 01:33:52,414 - am_structural_robust - INFO -   Processed 100/310 pages
2025-11-01 01:34:02,281 - am_structural_robust - INFO -   Processed 150/310 pages
2025-11-01 01:34:11,820 - am_structural_robust - INFO -   Processed 200/310 pages
2025-11-01 01:34:21,234 - am_structural_robust - INFO -   Processed 250/310 pages
2025-11-01 01:34:31,273 - am_structural_robust - INFO -   Processed 300/310 pages
2025-11-01 01:34:33,088 - am_structural_robust - INFO - Extraction complete: 310 success, 0 failed
2025-11-01 01:34:33,088 - am_structural_robust - INFO -   Methods used: {'pypdf2': 4, 'pdfminer': 305}
2025-11-01 01:34:33,088 - am_structural_robust - INFO -   OCR used: 0 pages
2025-11-01 01:34:33,089 - am_structural_robust - INFO -   Tables found: 4
2025-11-01 01:34:33,091 - am_common - INFO - Saving dataset: C:\scripts\1repo\data\datasets\structural\team_topologies_organizing_business_and_technology_teams_for_fast_flow_-_matthew_skelton.dataset.jsonl (310 cards)
2025-11-01 01:34:33,095 - am_common - INFO - Saved: 310 cards to team_topologies_organizing_business_and_technology_teams_for_fast_flow_-_matthew_skelton.dataset.jsonl (539.91 KB)
2025-11-01 01:34:33,095 - am_structural_robust - INFO - Dataset saved: 539.91 KB
2025-11-01 01:34:33,095 - quality_tracker - INFO - Starting: track_quality
2025-11-01 01:34:33,096 - quality_tracker - INFO - structural metrics:
2025-11-01 01:34:33,096 - quality_tracker - INFO -   total_pages: 310
2025-11-01 01:34:33,096 - quality_tracker - INFO -   success_pages: 310
2025-11-01 01:34:33,096 - quality_tracker - INFO -   failed_pages: 0
2025-11-01 01:34:33,096 - quality_tracker - INFO -   success_ratio: 1.0000
2025-11-01 01:34:33,096 - quality_tracker - INFO -   empty_pages: 8
2025-11-01 01:34:33,096 - quality_tracker - INFO -   avg_page_length: 1470.5839
2025-11-01 01:34:33,096 - quality_tracker - INFO -   extraction_methods: {'pypdf2': 4, 'pdfminer': 305}
2025-11-01 01:34:33,096 - quality_tracker - INFO -   ocr_used: 0
2025-11-01 01:34:33,096 - quality_tracker - INFO -   tables_found: 4
2025-11-01 01:34:33,096 - quality_tracker - INFO--- Logging error ---
Traceback (most recent call last):
  File "C:\Users\Dimon\AppData\Local\Programs\Python\Python313\Lib\logging\__init__.py", line 1154, in emit
    stream.write(msg + self.terminator)
    ~~~~~~~~~~~~^^^^^^^^^^^^^^^^^^^^^^^
  File "C:\Users\Dimon\AppData\Local\Programs\Python\Python313\Lib\site-packages\colorama\ansitowin32.py", line 47, in write
    self.__convertor.write(text)
    ~~~~~~~~~~~~~~~~~~~~~~^^^^^^
  File "C:\Users\Dimon\AppData\Local\Programs\Python\Python313\Lib\site-packages\colorama\ansitowin32.py", line 177, in write
    self.write_and_convert(text)
    ~~~~~~~~~~~~~~~~~~~~~~^^^^^^
  File "C:\Users\Dimon\AppData\Local\Programs\Python\Python313\Lib\site-packages\colorama\ansitowin32.py", line 205, in write_and_convert
    self.write_plain_text(text, cursor, len(text))
    ~~~~~~~~~~~~~~~~~~~~~^^^^^^^^^^^^^^^^^^^^^^^^^
  File "C:\Users\Dimon\AppData\Local\Programs\Python\Python313\Lib\site-packages\colorama\ansitowin32.py", line 210, in write_plain_text
    self.wrapped.write(text[start:end])
    ~~~~~~~~~~~~~~~~~~^^^^^^^^^^^^^^^^^
  File "C:\Users\Dimon\AppData\Local\Programs\Python\Python313\Lib\encodings\cp1251.py", line 19, in encode
    return codecs.charmap_encode(input,self.errors,encoding_table)[0]
           ~~~~~~~~~~~~~~~~~~~~~^^^^^^^^^^^^^^^^^^^^^^^^^^^^^^^^^^
UnicodeEncodeError: 'charmap' codec can't encode character '\u2713' in position 3: character maps to <undefined>
Call stack:
  File "C:\scripts\1repo\run_mvp.py", line 680, in <module>
    main()
  File "C:\scripts\1repo\run_mvp.py", line 652, in main
    results = orchestrator.run_single(
  File "C:\scripts\1repo\run_mvp.py", line 226, in run_single
    stage_result = self._run_stage(stage, current_input)
  File "C:\scripts\1repo\run_mvp.py", line 409, in _run_stage
    return processor.process_pdf(input_path, output_dir)
  File "C:\scripts\1repo\am_structural_robust.py", line 569, in process_pdf
    self.quality_tracker.track('structural', pdf_path.name, metrics)
  File "C:\scripts\1repo\quality_tracker.py", line 171, in track
    logger.info(f"\u2713 Quality thresholds passed for {stage}")
Message: '\u2713 Quality thresholds passed for structural'
Arguments: ()
2025-11-01 01:34:33,098 - quality_tracker - INFO - Completed: track_quality (0.00s)
2025-11-01 01:34:33,098 - am_structural_robust - INFO - [OK] Saved: team_topologies_organizing_business_and_technology_teams_for_fast_flow_-_matthew_skelton.dataset.jsonl
2025-11-01 01:34:33,098 - validate - INFO - Validating structural: team_topologies_organizing_business_and_technology_teams_for_fast_flow_-_matthew_skelton.dataset.jsonl
2025-11-01 01:34:33,098 - am_common - INFO - Loading dataset: C:\scripts\1repo\data\datasets\structural\team_topologies_organizing_business_and_technology_teams_for_fast_flow_-_matthew_skelton.dataset.jsonl
2025-11-01 01:34:33,109 - am_common - INFO - Loaded: 310 cards from team_topologies_organizing_business_and_technology_teams_for_fast_flow_-_matthew_skelton.dataset.jsonl
2025-11-01 01:34:33,111 - validate - INFO - [OK] VALID - team_topologies_organizing_business_and_technology_teams_for_fast_flow_-_matthew_skelton.dataset.jsonl
2025-11-01 01:34:33,111 - __main__ - INFO - ============================================================
2025-11-01 01:34:33,111 - __main__ - INFO--- Logging error ---
Traceback (most recent call last):
  File "C:\Users\Dimon\AppData\Local\Programs\Python\Python313\Lib\logging\__init__.py", line 1154, in emit
    stream.write(msg + self.terminator)
    ~~~~~~~~~~~~^^^^^^^^^^^^^^^^^^^^^^^
  File "C:\Users\Dimon\AppData\Local\Programs\Python\Python313\Lib\site-packages\colorama\ansitowin32.py", line 47, in write
    self.__convertor.write(text)
    ~~~~~~~~~~~~~~~~~~~~~~^^^^^^
  File "C:\Users\Dimon\AppData\Local\Programs\Python\Python313\Lib\site-packages\colorama\ansitowin32.py", line 177, in write
    self.write_and_convert(text)
    ~~~~~~~~~~~~~~~~~~~~~~^^^^^^
  File "C:\Users\Dimon\AppData\Local\Programs\Python\Python313\Lib\site-packages\colorama\ansitowin32.py", line 205, in write_and_convert
    self.write_plain_text(text, cursor, len(text))
    ~~~~~~~~~~~~~~~~~~~~~^^^^^^^^^^^^^^^^^^^^^^^^^
  File "C:\Users\Dimon\AppData\Local\Programs\Python\Python313\Lib\site-packages\colorama\ansitowin32.py", line 210, in write_plain_text
    self.wrapped.write(text[start:end])
    ~~~~~~~~~~~~~~~~~~^^^^^^^^^^^^^^^^^
  File "C:\Users\Dimon\AppData\Local\Programs\Python\Python313\Lib\encodings\cp1251.py", line 19, in encode
    return codecs.charmap_encode(input,self.errors,encoding_table)[0]
           ~~~~~~~~~~~~~~~~~~~~~^^^^^^^^^^^^^^^^^^^^^^^^^^^^^^^^^^
UnicodeEncodeError: 'charmap' codec can't encode character '\U0001f4c4' in position 5: character maps to <undefined>
Call stack:
  File "C:\scripts\1repo\run_mvp.py", line 680, in <module>
    main()
  File "C:\scripts\1repo\run_mvp.py", line 652, in main
    results = orchestrator.run_single(
  File "C:\scripts\1repo\run_mvp.py", line 253, in run_single
    log_stage(logger, stage, "Completed")
  File "C:\scripts\1repo\am_logging.py", line 613, in log_stage
    log_section(logger, f"{emoji} {action}: {stage.upper()}", "INFO")
  File "C:\scripts\1repo\am_logging.py", line 588, in log_section
    log_func(f"  {title}")
Message: '  \U0001f4c4 Completed: STRUCTURAL'
Arguments: ()
2025-11-01 01:34:33,111 - __main__ - INFO - ============================================================
2025-11-01 01:34:33,112 - __main__ - INFO - ============================================================
2025-11-01 01:34:33,112 - __main__ - INFO--- Logging error ---
Traceback (most recent call last):
  File "C:\Users\Dimon\AppData\Local\Programs\Python\Python313\Lib\logging\__init__.py", line 1154, in emit
    stream.write(msg + self.terminator)
    ~~~~~~~~~~~~^^^^^^^^^^^^^^^^^^^^^^^
  File "C:\Users\Dimon\AppData\Local\Programs\Python\Python313\Lib\site-packages\colorama\ansitowin32.py", line 47, in write
    self.__convertor.write(text)
    ~~~~~~~~~~~~~~~~~~~~~~^^^^^^
  File "C:\Users\Dimon\AppData\Local\Programs\Python\Python313\Lib\site-packages\colorama\ansitowin32.py", line 177, in write
    self.write_and_convert(text)
    ~~~~~~~~~~~~~~~~~~~~~~^^^^^^
  File "C:\Users\Dimon\AppData\Local\Programs\Python\Python313\Lib\site-packages\colorama\ansitowin32.py", line 205, in write_and_convert
    self.write_plain_text(text, cursor, len(text))
    ~~~~~~~~~~~~~~~~~~~~~^^^^^^^^^^^^^^^^^^^^^^^^^
  File "C:\Users\Dimon\AppData\Local\Programs\Python\Python313\Lib\site-packages\colorama\ansitowin32.py", line 210, in write_plain_text
    self.wrapped.write(text[start:end])
    ~~~~~~~~~~~~~~~~~~^^^^^^^^^^^^^^^^^
  File "C:\Users\Dimon\AppData\Local\Programs\Python\Python313\Lib\encodings\cp1251.py", line 19, in encode
    return codecs.charmap_encode(input,self.errors,encoding_table)[0]
           ~~~~~~~~~~~~~~~~~~~~~^^^^^^^^^^^^^^^^^^^^^^^^^^^^^^^^^^
UnicodeEncodeError: 'charmap' codec can't encode character '\U0001f4d6' in position 5: character maps to <undefined>
Call stack:
  File "C:\scripts\1repo\run_mvp.py", line 680, in <module>
    main()
  File "C:\scripts\1repo\run_mvp.py", line 652, in main
    results = orchestrator.run_single(
  File "C:\scripts\1repo\run_mvp.py", line 222, in run_single
    log_stage(logger, stage, "Starting")
  File "C:\scripts\1repo\am_logging.py", line 613, in log_stage
    log_section(logger, f"{emoji} {action}: {stage.upper()}", "INFO")
  File "C:\scripts\1repo\am_logging.py", line 588, in log_section
    log_func(f"  {title}")
Message: '  \U0001f4d6 Starting: STRUCTURE_DETECT'
Arguments: ()
2025-11-01 01:34:33,112 - __main__ - INFO - ============================================================
2025-11-01 01:34:33,112 - am_common - INFO - Loading config: config\batch_full.yaml
2025-11-01 01:34:33,127 - am_common - INFO - Config loaded successfully
2025-11-01 01:34:33,128 - am_structure_detect - INFO - Processing: team_topologies_organizing_business_and_technology_teams_for_fast_flow_-_matthew_skelton.dataset.jsonl
2025-11-01 01:34:33,128 - am_common - INFO - Loading dataset: C:\scripts\1repo\data\datasets\structural\team_topologies_organizing_business_and_technology_teams_for_fast_flow_-_matthew_skelton.dataset.jsonl
2025-11-01 01:34:33,132 - am_common - INFO - Loaded: 310 cards from team_topologies_organizing_business_and_technology_teams_for_fast_flow_-_matthew_skelton.dataset.jsonl
2025-11-01 01:34:33,133 - am_structure_detect - INFO - TOC found: pages 9-9
2025-11-01 01:34:33,134 - am_structure_detect - INFO - Detected 0 chapters
2025-11-01 01:34:33,135 - am_structure_detect - INFO - Detected 0 sections
2025-11-01 01:34:33,136 - am_common - INFO - Saving dataset: C:\scripts\1repo\data\datasets\structured\team_topologies_organizing_business_and_technology_teams_for_fast_flow_-_matthew_skelton.dataset.jsonl (310 cards)
2025-11-01 01:34:33,140 - am_common - INFO - Saved: 310 cards to team_topologies_organizing_business_and_technology_teams_for_fast_flow_-_matthew_skelton.dataset.jsonl (566.62 KB)
2025-11-01 01:34:33,140 - quality_tracker - INFO - Starting: track_quality
2025-11-01 01:34:33,141 - quality_tracker - INFO - structure_detect metrics:
2025-11-01 01:34:33,141 - quality_tracker - INFO -   total_pages: 310
2025-11-01 01:34:33,141 - quality_tracker - INFO -   chapters_detected: 0
2025-11-01 01:34:33,141 - quality_tracker - INFO -   sections_detected: 0
2025-11-01 01:34:33,141 - quality_tracker - INFO -   pages_with_structure: 0
2025-11-01 01:34:33,141 - quality_tracker - INFO -   structure_coverage: 0.0000
2025-11-01 01:34:33,141 - quality_tracker - INFO -   avg_chapter_length: 0
2025-11-01 01:34:33,141 - quality_tracker - INFO--- Logging error ---
Traceback (most recent call last):
  File "C:\Users\Dimon\AppData\Local\Programs\Python\Python313\Lib\logging\__init__.py", line 1154, in emit
    stream.write(msg + self.terminator)
    ~~~~~~~~~~~~^^^^^^^^^^^^^^^^^^^^^^^
  File "C:\Users\Dimon\AppData\Local\Programs\Python\Python313\Lib\site-packages\colorama\ansitowin32.py", line 47, in write
    self.__convertor.write(text)
    ~~~~~~~~~~~~~~~~~~~~~~^^^^^^
  File "C:\Users\Dimon\AppData\Local\Programs\Python\Python313\Lib\site-packages\colorama\ansitowin32.py", line 177, in write
    self.write_and_convert(text)
    ~~~~~~~~~~~~~~~~~~~~~~^^^^^^
  File "C:\Users\Dimon\AppData\Local\Programs\Python\Python313\Lib\site-packages\colorama\ansitowin32.py", line 205, in write_and_convert
    self.write_plain_text(text, cursor, len(text))
    ~~~~~~~~~~~~~~~~~~~~~^^^^^^^^^^^^^^^^^^^^^^^^^
  File "C:\Users\Dimon\AppData\Local\Programs\Python\Python313\Lib\site-packages\colorama\ansitowin32.py", line 210, in write_plain_text
    self.wrapped.write(text[start:end])
    ~~~~~~~~~~~~~~~~~~^^^^^^^^^^^^^^^^^
  File "C:\Users\Dimon\AppData\Local\Programs\Python\Python313\Lib\encodings\cp1251.py", line 19, in encode
    return codecs.charmap_encode(input,self.errors,encoding_table)[0]
           ~~~~~~~~~~~~~~~~~~~~~^^^^^^^^^^^^^^^^^^^^^^^^^^^^^^^^^^
UnicodeEncodeError: 'charmap' codec can't encode character '\u2713' in position 3: character maps to <undefined>
Call stack:
  File "C:\scripts\1repo\run_mvp.py", line 680, in <module>
    main()
  File "C:\scripts\1repo\run_mvp.py", line 652, in main
    results = orchestrator.run_single(
  File "C:\scripts\1repo\run_mvp.py", line 226, in run_single
    stage_result = self._run_stage(stage, current_input)
  File "C:\scripts\1repo\run_mvp.py", line 419, in _run_stage
    return processor.process_dataset(input_path, output_dir)
  File "C:\scripts\1repo\am_structure_detect.py", line 309, in process_dataset
    self.quality_tracker.track('structure_detect', input_path.name, metrics)
  File "C:\scripts\1repo\quality_tracker.py", line 171, in track
    logger.info(f"\u2713 Quality thresholds passed for {stage}")
Message: '\u2713 Quality thresholds passed for structure_detect'
Arguments: ()
2025-11-01 01:34:33,142 - quality_tracker - INFO - Completed: track_quality (0.00s)
2025-11-01 01:34:33,142 - am_structure_detect - INFO - Saved: team_topologies_organizing_business_and_technology_teams_for_fast_flow_-_matthew_skelton.dataset.jsonl
2025-11-01 01:34:33,142 - __main__ - ERROR - Validation failed: Unknown stage: structure_detect
2025-11-01 01:34:33,142 - __main__ - WARNING - Validation issues: 1 errors
2025-11-01 01:34:33,142 - __main__ - INFO - ============================================================
2025-11-01 01:34:33,142 - __main__ - INFO--- Logging error ---
Traceback (most recent call last):
  File "C:\Users\Dimon\AppData\Local\Programs\Python\Python313\Lib\logging\__init__.py", line 1154, in emit
    stream.write(msg + self.terminator)
    ~~~~~~~~~~~~^^^^^^^^^^^^^^^^^^^^^^^
  File "C:\Users\Dimon\AppData\Local\Programs\Python\Python313\Lib\site-packages\colorama\ansitowin32.py", line 47, in write
    self.__convertor.write(text)
    ~~~~~~~~~~~~~~~~~~~~~~^^^^^^
  File "C:\Users\Dimon\AppData\Local\Programs\Python\Python313\Lib\site-packages\colorama\ansitowin32.py", line 177, in write
    self.write_and_convert(text)
    ~~~~~~~~~~~~~~~~~~~~~~^^^^^^
  File "C:\Users\Dimon\AppData\Local\Programs\Python\Python313\Lib\site-packages\colorama\ansitowin32.py", line 205, in write_and_convert
    self.write_plain_text(text, cursor, len(text))
    ~~~~~~~~~~~~~~~~~~~~~^^^^^^^^^^^^^^^^^^^^^^^^^
  File "C:\Users\Dimon\AppData\Local\Programs\Python\Python313\Lib\site-packages\colorama\ansitowin32.py", line 210, in write_plain_text
    self.wrapped.write(text[start:end])
    ~~~~~~~~~~~~~~~~~~^^^^^^^^^^^^^^^^^
  File "C:\Users\Dimon\AppData\Local\Programs\Python\Python313\Lib\encodings\cp1251.py", line 19, in encode
    return codecs.charmap_encode(input,self.errors,encoding_table)[0]
           ~~~~~~~~~~~~~~~~~~~~~^^^^^^^^^^^^^^^^^^^^^^^^^^^^^^^^^^
UnicodeEncodeError: 'charmap' codec can't encode character '\U0001f4d6' in position 5: character maps to <undefined>
Call stack:
  File "C:\scripts\1repo\run_mvp.py", line 680, in <module>
    main()
  File "C:\scripts\1repo\run_mvp.py", line 652, in main
    results = orchestrator.run_single(
  File "C:\scripts\1repo\run_mvp.py", line 253, in run_single
    log_stage(logger, stage, "Completed")
  File "C:\scripts\1repo\am_logging.py", line 613, in log_stage
    log_section(logger, f"{emoji} {action}: {stage.upper()}", "INFO")
  File "C:\scripts\1repo\am_logging.py", line 588, in log_section
    log_func(f"  {title}")
Message: '  \U0001f4d6 Completed: STRUCTURE_DETECT'
Arguments: ()
2025-11-01 01:34:33,143 - __main__ - INFO - ============================================================
2025-11-01 01:34:33,143 - __main__ - INFO - ============================================================
2025-11-01 01:34:33,143 - __main__ - INFO--- Logging error ---
Traceback (most recent call last):
  File "C:\Users\Dimon\AppData\Local\Programs\Python\Python313\Lib\logging\__init__.py", line 1154, in emit
    stream.write(msg + self.terminator)
    ~~~~~~~~~~~~^^^^^^^^^^^^^^^^^^^^^^^
  File "C:\Users\Dimon\AppData\Local\Programs\Python\Python313\Lib\site-packages\colorama\ansitowin32.py", line 47, in write
    self.__convertor.write(text)
    ~~~~~~~~~~~~~~~~~~~~~~^^^^^^
  File "C:\Users\Dimon\AppData\Local\Programs\Python\Python313\Lib\site-packages\colorama\ansitowin32.py", line 177, in write
    self.write_and_convert(text)
    ~~~~~~~~~~~~~~~~~~~~~~^^^^^^
  File "C:\Users\Dimon\AppData\Local\Programs\Python\Python313\Lib\site-packages\colorama\ansitowin32.py", line 205, in write_and_convert
    self.write_plain_text(text, cursor, len(text))
    ~~~~~~~~~~~~~~~~~~~~~^^^^^^^^^^^^^^^^^^^^^^^^^
  File "C:\Users\Dimon\AppData\Local\Programs\Python\Python313\Lib\site-packages\colorama\ansitowin32.py", line 210, in write_plain_text
    self.wrapped.write(text[start:end])
    ~~~~~~~~~~~~~~~~~~^^^^^^^^^^^^^^^^^
  File "C:\Users\Dimon\AppData\Local\Programs\Python\Python313\Lib\encodings\cp1251.py", line 19, in encode
    return codecs.charmap_encode(input,self.errors,encoding_table)[0]
           ~~~~~~~~~~~~~~~~~~~~~^^^^^^^^^^^^^^^^^^^^^^^^^^^^^^^^^^
UnicodeEncodeError: 'charmap' codec can't encode character '\U0001f4dd' in position 5: character maps to <undefined>
Call stack:
  File "C:\scripts\1repo\run_mvp.py", line 680, in <module>
    main()
  File "C:\scripts\1repo\run_mvp.py", line 652, in main
    results = orchestrator.run_single(
  File "C:\scripts\1repo\run_mvp.py", line 222, in run_single
    log_stage(logger, stage, "Starting")
  File "C:\scripts\1repo\am_logging.py", line 613, in log_stage
    log_section(logger, f"{emoji} {action}: {stage.upper()}", "INFO")
  File "C:\scripts\1repo\am_logging.py", line 588, in log_section
    log_func(f"  {title}")
Message: '  \U0001f4dd Starting: SUMMARIZE'
Arguments: ()
2025-11-01 01:34:33,144 - __main__ - INFO - ============================================================
2025-11-01 01:34:33,144 - am_common - INFO - Loading config: config\batch_full.yaml
2025-11-01 01:34:33,161 - am_common - INFO - Config loaded successfully
2025-11-01 01:34:33,161 - am_summarize - INFO - Processing: team_topologies_organizing_business_and_technology_teams_for_fast_flow_-_matthew_skelton.dataset.jsonl
2025-11-01 01:34:33,161 - am_common - INFO - Loading dataset: C:\scripts\1repo\data\datasets\structured\team_topologies_organizing_business_and_technology_teams_for_fast_flow_-_matthew_skelton.dataset.jsonl
2025-11-01 01:34:33,173 - am_common - INFO - Loaded: 310 cards from team_topologies_organizing_business_and_technology_teams_for_fast_flow_-_matthew_skelton.dataset.jsonl
2025-11-01 01:34:33,319 - am_summarize - INFO - Summarized 302 pages, skipped 8
2025-11-01 01:34:33,319 - am_common - INFO - Saving dataset: C:\scripts\1repo\data\datasets\summarized\team_topologies_organizing_business_and_technology_teams_for_fast_flow_-_matthew_skelton.dataset.jsonl (310 cards)
2025-11-01 01:34:33,325 - am_common - INFO - Saved: 310 cards to team_topologies_organizing_business_and_technology_teams_for_fast_flow_-_matthew_skelton.dataset.jsonl (863.56 KB)
2025-11-01 01:34:33,326 - quality_tracker - INFO - Starting: track_quality
2025-11-01 01:34:33,326 - quality_tracker - INFO - summarize metrics:
2025-11-01 01:34:33,326 - quality_tracker - INFO -   total_pages: 310
2025-11-01 01:34:33,326 - quality_tracker - INFO -   summarized_pages: 302
2025-11-01 01:34:33,326 - quality_tracker - INFO -   skipped_pages: 8
2025-11-01 01:34:33,326 - quality_tracker - INFO -   summary_coverage: 0.9742
2025-11-01 01:34:33,326 - quality_tracker - INFO -   avg_l1_length: 259.0033
2025-11-01 01:34:33,326 - quality_tracker - INFO -   avg_l2_length: 692.3841
2025-11-01 01:34:33,326 - quality_tracker - INFO -   avg_compression_ratio: 6.1900
2025-11-01 01:34:33,326 - quality_tracker - INFO--- Logging error ---
Traceback (most recent call last):
  File "C:\Users\Dimon\AppData\Local\Programs\Python\Python313\Lib\logging\__init__.py", line 1154, in emit
    stream.write(msg + self.terminator)
    ~~~~~~~~~~~~^^^^^^^^^^^^^^^^^^^^^^^
  File "C:\Users\Dimon\AppData\Local\Programs\Python\Python313\Lib\site-packages\colorama\ansitowin32.py", line 47, in write
    self.__convertor.write(text)
    ~~~~~~~~~~~~~~~~~~~~~~^^^^^^
  File "C:\Users\Dimon\AppData\Local\Programs\Python\Python313\Lib\site-packages\colorama\ansitowin32.py", line 177, in write
    self.write_and_convert(text)
    ~~~~~~~~~~~~~~~~~~~~~~^^^^^^
  File "C:\Users\Dimon\AppData\Local\Programs\Python\Python313\Lib\site-packages\colorama\ansitowin32.py", line 205, in write_and_convert
    self.write_plain_text(text, cursor, len(text))
    ~~~~~~~~~~~~~~~~~~~~~^^^^^^^^^^^^^^^^^^^^^^^^^
  File "C:\Users\Dimon\AppData\Local\Programs\Python\Python313\Lib\site-packages\colorama\ansitowin32.py", line 210, in write_plain_text
    self.wrapped.write(text[start:end])
    ~~~~~~~~~~~~~~~~~~^^^^^^^^^^^^^^^^^
  File "C:\Users\Dimon\AppData\Local\Programs\Python\Python313\Lib\encodings\cp1251.py", line 19, in encode
    return codecs.charmap_encode(input,self.errors,encoding_table)[0]
           ~~~~~~~~~~~~~~~~~~~~~^^^^^^^^^^^^^^^^^^^^^^^^^^^^^^^^^^
UnicodeEncodeError: 'charmap' codec can't encode character '\u2713' in position 3: character maps to <undefined>
Call stack:
  File "C:\scripts\1repo\run_mvp.py", line 680, in <module>
    main()
  File "C:\scripts\1repo\run_mvp.py", line 652, in main
    results = orchestrator.run_single(
  File "C:\scripts\1repo\run_mvp.py", line 226, in run_single
    stage_result = self._run_stage(stage, current_input)
  File "C:\scripts\1repo\run_mvp.py", line 419, in _run_stage
    return processor.process_dataset(input_path, output_dir)
  File "C:\scripts\1repo\am_summarize.py", line 281, in process_dataset
    self.quality_tracker.track('summarize', input_path.name, metrics)
  File "C:\scripts\1repo\quality_tracker.py", line 171, in track
    logger.info(f"\u2713 Quality thresholds passed for {stage}")
Message: '\u2713 Quality thresholds passed for summarize'
Arguments: ()
2025-11-01 01:34:33,327 - quality_tracker - INFO - Completed: track_quality (0.00s)
2025-11-01 01:34:33,327 - am_summarize - INFO - Saved: team_topologies_organizing_business_and_technology_teams_for_fast_flow_-_matthew_skelton.dataset.jsonl
2025-11-01 01:34:33,328 - __main__ - ERROR - Validation failed: Unknown stage: summarize
2025-11-01 01:34:33,328 - __main__ - WARNING - Validation issues: 1 errors
2025-11-01 01:34:33,328 - __main__ - INFO - ============================================================
2025-11-01 01:34:33,328 - __main__ - INFO--- Logging error ---
Traceback (most recent call last):
  File "C:\Users\Dimon\AppData\Local\Programs\Python\Python313\Lib\logging\__init__.py", line 1154, in emit
    stream.write(msg + self.terminator)
    ~~~~~~~~~~~~^^^^^^^^^^^^^^^^^^^^^^^
  File "C:\Users\Dimon\AppData\Local\Programs\Python\Python313\Lib\site-packages\colorama\ansitowin32.py", line 47, in write
    self.__convertor.write(text)
    ~~~~~~~~~~~~~~~~~~~~~~^^^^^^
  File "C:\Users\Dimon\AppData\Local\Programs\Python\Python313\Lib\site-packages\colorama\ansitowin32.py", line 177, in write
    self.write_and_convert(text)
    ~~~~~~~~~~~~~~~~~~~~~~^^^^^^
  File "C:\Users\Dimon\AppData\Local\Programs\Python\Python313\Lib\site-packages\colorama\ansitowin32.py", line 205, in write_and_convert
    self.write_plain_text(text, cursor, len(text))
    ~~~~~~~~~~~~~~~~~~~~~^^^^^^^^^^^^^^^^^^^^^^^^^
  File "C:\Users\Dimon\AppData\Local\Programs\Python\Python313\Lib\site-packages\colorama\ansitowin32.py", line 210, in write_plain_text
    self.wrapped.write(text[start:end])
    ~~~~~~~~~~~~~~~~~~^^^^^^^^^^^^^^^^^
  File "C:\Users\Dimon\AppData\Local\Programs\Python\Python313\Lib\encodings\cp1251.py", line 19, in encode
    return codecs.charmap_encode(input,self.errors,encoding_table)[0]
           ~~~~~~~~~~~~~~~~~~~~~^^^^^^^^^^^^^^^^^^^^^^^^^^^^^^^^^^
UnicodeEncodeError: 'charmap' codec can't encode character '\U0001f4dd' in position 5: character maps to <undefined>
Call stack:
  File "C:\scripts\1repo\run_mvp.py", line 680, in <module>
    main()
  File "C:\scripts\1repo\run_mvp.py", line 652, in main
    results = orchestrator.run_single(
  File "C:\scripts\1repo\run_mvp.py", line 253, in run_single
    log_stage(logger, stage, "Completed")
  File "C:\scripts\1repo\am_logging.py", line 613, in log_stage
    log_section(logger, f"{emoji} {action}: {stage.upper()}", "INFO")
  File "C:\scripts\1repo\am_logging.py", line 588, in log_section
    log_func(f"  {title}")
Message: '  \U0001f4dd Completed: SUMMARIZE'
Arguments: ()
2025-11-01 01:34:33,328 - __main__ - INFO - ============================================================
2025-11-01 01:34:33,328 - __main__ - INFO - ============================================================
2025-11-01 01:34:33,328 - __main__ - INFO--- Logging error ---
Traceback (most recent call last):
  File "C:\Users\Dimon\AppData\Local\Programs\Python\Python313\Lib\logging\__init__.py", line 1154, in emit
    stream.write(msg + self.terminator)
    ~~~~~~~~~~~~^^^^^^^^^^^^^^^^^^^^^^^
  File "C:\Users\Dimon\AppData\Local\Programs\Python\Python313\Lib\site-packages\colorama\ansitowin32.py", line 47, in write
    self.__convertor.write(text)
    ~~~~~~~~~~~~~~~~~~~~~~^^^^^^
  File "C:\Users\Dimon\AppData\Local\Programs\Python\Python313\Lib\site-packages\colorama\ansitowin32.py", line 177, in write
    self.write_and_convert(text)
    ~~~~~~~~~~~~~~~~~~~~~~^^^^^^
  File "C:\Users\Dimon\AppData\Local\Programs\Python\Python313\Lib\site-packages\colorama\ansitowin32.py", line 205, in write_and_convert
    self.write_plain_text(text, cursor, len(text))
    ~~~~~~~~~~~~~~~~~~~~~^^^^^^^^^^^^^^^^^^^^^^^^^
  File "C:\Users\Dimon\AppData\Local\Programs\Python\Python313\Lib\site-packages\colorama\ansitowin32.py", line 210, in write_plain_text
    self.wrapped.write(text[start:end])
    ~~~~~~~~~~~~~~~~~~^^^^^^^^^^^^^^^^^
  File "C:\Users\Dimon\AppData\Local\Programs\Python\Python313\Lib\encodings\cp1251.py", line 19, in encode
    return codecs.charmap_encode(input,self.errors,encoding_table)[0]
           ~~~~~~~~~~~~~~~~~~~~~^^^^^^^^^^^^^^^^^^^^^^^^^^^^^^^^^^
UnicodeEncodeError: 'charmap' codec can't encode character '\U0001f916' in position 5: character maps to <undefined>
Call stack:
  File "C:\scripts\1repo\run_mvp.py", line 680, in <module>
    main()
  File "C:\scripts\1repo\run_mvp.py", line 652, in main
    results = orchestrator.run_single(
  File "C:\scripts\1repo\run_mvp.py", line 222, in run_single
    log_stage(logger, stage, "Starting")
  File "C:\scripts\1repo\am_logging.py", line 613, in log_stage
    log_section(logger, f"{emoji} {action}: {stage.upper()}", "INFO")
  File "C:\scripts\1repo\am_logging.py", line 588, in log_section
    log_func(f"  {title}")
Message: '  \U0001f916 Starting: EXTENDED'
Arguments: ()
2025-11-01 01:34:33,329 - __main__ - INFO - ============================================================
2025-11-01 01:34:33,329 - am_common - INFO - Loading config: config\batch_full.yaml
2025-11-01 01:34:33,343 - am_common - INFO - Config loaded successfully
2025-11-01 01:34:33,362 - am_extended - INFO - Ollama available, using model: llama3.2:3b
2025-11-01 01:34:33,363 - am_extended - INFO - Processing: team_topologies_organizing_business_and_technology_teams_for_fast_flow_-_matthew_skelton.dataset.jsonl
2025-11-01 01:34:33,363 - am_common - INFO - Loading dataset: C:\scripts\1repo\data\datasets\summarized\team_topologies_organizing_business_and_technology_teams_for_fast_flow_-_matthew_skelton.dataset.jsonl
2025-11-01 01:34:33,376 - am_common - INFO - Loaded: 310 cards from team_topologies_organizing_business_and_technology_teams_for_fast_flow_-_matthew_skelton.dataset.jsonl
2025-11-01 01:34:33,383 - am_extended - INFO - Marked 0 duplicate pages
2025-11-01 01:34:33,408 - am_extended - INFO - Found 134 continuity gaps
2025-11-01 01:34:33,408 - am_extended - INFO - Extracting extended fields (this may take a while)...
2025-11-01 01:34:33,440 - am_extended - ERROR - Ollama API error: 404
2025-11-01 01:34:33,471 - am_extended - ERROR - Ollama API error: 404
2025-11-01 01:34:33,501 - am_extended - ERROR - Ollama API error: 404
2025-11-01 01:34:33,533 - am_extended - ERROR - Ollama API error: 404
2025-11-01 01:34:33,563 - am_extended - ERROR - Ollama API error: 404
2025-11-01 01:34:33,594 - am_extended - ERROR - Ollama API error: 404
2025-11-01 01:34:33,597 - am_extended - ERROR - Ollama API error: 404
2025-11-01 01:34:33,609 - am_extended - ERROR - Ollama API error: 404
2025-11-01 01:34:33,609 - am_extended - INFO -   Processed 10/310 pages
2025-11-01 01:34:33,625 - am_extended - ERROR - Ollama API error: 404
2025-11-01 01:34:33,655 - am_extended - ERROR - Ollama API error: 404
2025-11-01 01:34:33,671 - am_extended - ERROR - Ollama API error: 404
2025-11-01 01:34:33,702 - am_extended - ERROR - Ollama API error: 404
2025-11-01 01:34:33,733 - am_extended - ERROR - Ollama API error: 404
2025-11-01 01:34:33,749 - am_extended - ERROR - Ollama API error: 404
2025-11-01 01:34:33,781 - am_extended - ERROR - Ollama API error: 404
2025-11-01 01:34:33,811 - am_extended - ERROR - Ollama API error: 404
2025-11-01 01:34:33,843 - am_extended - ERROR - Ollama API error: 404
2025-11-01 01:34:33,859 - am_extended - ERROR - Ollama API error: 404
2025-11-01 01:34:33,859 - am_extended - INFO -   Processed 20/310 pages
2025-11-01 01:34:33,889 - am_extended - ERROR - Ollama API error: 404
2025-11-01 01:34:33,920 - am_extended - ERROR - Ollama API error: 404
2025-11-01 01:34:33,951 - am_extended - ERROR - Ollama API error: 404
2025-11-01 01:34:33,983 - am_extended - ERROR - Ollama API error: 404
2025-11-01 01:34:34,014 - am_extended - ERROR - Ollama API error: 404
2025-11-01 01:34:34,045 - am_extended - ERROR - Ollama API error: 404
2025-11-01 01:34:34,077 - am_extended - ERROR - Ollama API error: 404
2025-11-01 01:34:34,108 - am_extended - ERROR - Ollama API error: 404
2025-11-01 01:34:34,139 - am_extended - ERROR - Ollama API error: 404
2025-11-01 01:34:34,139 - am_extended - INFO -   Processed 30/310 pages
2025-11-01 01:34:34,170 - am_extended - ERROR - Ollama API error: 404
2025-11-01 01:34:34,201 - am_extended - ERROR - Ollama API error: 404
2025-11-01 01:34:34,217 - am_extended - ERROR - Ollama API error: 404
2025-11-01 01:34:34,233 - am_extended - ERROR - Ollama API error: 404
2025-11-01 01:34:34,263 - am_extended - ERROR - Ollama API error: 404
2025-11-01 01:34:34,294 - am_extended - ERROR - Ollama API error: 404
2025-11-01 01:34:34,324 - am_extended - ERROR - Ollama API error: 404
2025-11-01 01:34:34,355 - am_extended - ERROR - Ollama API error: 404
2025-11-01 01:34:34,371 - am_extended - ERROR - Ollama API error: 404
2025-11-01 01:34:34,401 - am_extended - ERROR - Ollama API error: 404
2025-11-01 01:34:34,401 - am_extended - INFO -   Processed 40/310 pages
2025-11-01 01:34:34,432 - am_extended - ERROR - Ollama API error: 404
2025-11-01 01:34:34,464 - am_extended - ERROR - Ollama API error: 404
2025-11-01 01:34:34,495 - am_extended - ERROR - Ollama API error: 404
2025-11-01 01:34:34,527 - am_extended - ERROR - Ollama API error: 404
2025-11-01 01:34:34,559 - am_extended - ERROR - Ollama API error: 404
2025-11-01 01:34:34,590 - am_extended - ERROR - Ollama API error: 404
2025-11-01 01:34:34,606 - am_extended - ERROR - Ollama API error: 404
2025-11-01 01:34:34,636 - am_extended - ERROR - Ollama API error: 404
2025-11-01 01:34:34,667 - am_extended - ERROR - Ollama API error: 404
2025-11-01 01:34:34,667 - am_extended - INFO -   Processed 50/310 pages
2025-11-01 01:34:34,699 - am_extended - ERROR - Ollama API error: 404
2025-11-01 01:34:34,730 - am_extended - ERROR - Ollama API error: 404
2025-11-01 01:34:34,761 - am_extended - ERROR - Ollama API error: 404
2025-11-01 01:34:34,791 - am_extended - ERROR - Ollama API error: 404
2025-11-01 01:34:34,807 - am_extended - ERROR - Ollama API error: 404
2025-11-01 01:34:34,822 - am_extended - ERROR - Ollama API error: 404
2025-11-01 01:34:34,854 - am_extended - ERROR - Ollama API error: 404
2025-11-01 01:34:34,885 - am_extended - ERROR - Ollama API error: 404
2025-11-01 01:34:34,916 - am_extended - ERROR - Ollama API error: 404
2025-11-01 01:34:34,946 - am_extended - ERROR - Ollama API error: 404
2025-11-01 01:34:34,946 - am_extended - INFO -   Processed 60/310 pages
2025-11-01 01:34:34,962 - am_extended - ERROR - Ollama API error: 404
2025-11-01 01:34:34,978 - am_extended - ERROR - Ollama API error: 404
2025-11-01 01:34:35,008 - am_extended - ERROR - Ollama API error: 404
2025-11-01 01:34:35,024 - am_extended - ERROR - Ollama API error: 404
2025-11-01 01:34:35,040 - am_extended - ERROR - Ollama API error: 404
2025-11-01 01:34:35,070 - am_extended - ERROR - Ollama API error: 404
2025-11-01 01:34:35,086 - am_extended - ERROR - Ollama API error: 404
2025-11-01 01:34:35,117 - am_extended - ERROR - Ollama API error: 404
2025-11-01 01:34:35,148 - am_extended - ERROR - Ollama API error: 404
2025-11-01 01:34:35,180 - am_extended - ERROR - Ollama API error: 404
2025-11-01 01:34:35,180 - am_extended - INFO -   Processed 70/310 pages
2025-11-01 01:34:35,195 - am_extended - ERROR - Ollama API error: 404
2025-11-01 01:34:35,226 - am_extended - ERROR - Ollama API error: 404
2025-11-01 01:34:35,258 - am_extended - ERROR - Ollama API error: 404
2025-11-01 01:34:35,288 - am_extended - ERROR - Ollama API error: 404
2025-11-01 01:34:35,319 - am_extended - ERROR - Ollama API error: 404
2025-11-01 01:34:35,350 - am_extended - ERROR - Ollama API error: 404
2025-11-01 01:34:35,382 - am_extended - ERROR - Ollama API error: 404
2025-11-01 01:34:35,413 - am_extended - ERROR - Ollama API error: 404
2025-11-01 01:34:35,443 - am_extended - ERROR - Ollama API error: 404
2025-11-01 01:34:35,474 - am_extended - ERROR - Ollama API error: 404
2025-11-01 01:34:35,475 - am_extended - INFO -   Processed 80/310 pages
2025-11-01 01:34:35,505 - am_extended - ERROR - Ollama API error: 404
2025-11-01 01:34:35,537 - am_extended - ERROR - Ollama API error: 404
2025-11-01 01:34:35,567 - am_extended - ERROR - Ollama API error: 404
2025-11-01 01:34:35,598 - am_extended - ERROR - Ollama API error: 404
2025-11-01 01:34:35,628 - am_extended - ERROR - Ollama API error: 404
2025-11-01 01:34:35,645 - am_extended - ERROR - Ollama API error: 404
2025-11-01 01:34:35,675 - am_extended - ERROR - Ollama API error: 404
2025-11-01 01:34:35,706 - am_extended - ERROR - Ollama API error: 404
2025-11-01 01:34:35,743 - am_extended - ERROR - Ollama API error: 404
2025-11-01 01:34:35,785 - am_extended - ERROR - Ollama API error: 404
2025-11-01 01:34:35,785 - am_extended - INFO -   Processed 90/310 pages
2025-11-01 01:34:35,816 - am_extended - ERROR - Ollama API error: 404
2025-11-01 01:34:35,847 - am_extended - ERROR - Ollama API error: 404
2025-11-01 01:34:35,878 - am_extended - ERROR - Ollama API error: 404
2025-11-01 01:34:35,909 - am_extended - ERROR - Ollama API error: 404
2025-11-01 01:34:35,941 - am_extended - ERROR - Ollama API error: 404
2025-11-01 01:34:35,972 - am_extended - ERROR - Ollama API error: 404
2025-11-01 01:34:36,002 - am_extended - ERROR - Ollama API error: 404
2025-11-01 01:34:36,033 - am_extended - ERROR - Ollama API error: 404
2025-11-01 01:34:36,064 - am_extended - ERROR - Ollama API error: 404
2025-11-01 01:34:36,096 - am_extended - ERROR - Ollama API error: 404
2025-11-01 01:34:36,096 - am_extended - INFO -   Processed 100/310 pages
2025-11-01 01:34:36,127 - am_extended - ERROR - Ollama API error: 404
2025-11-01 01:34:36,158 - am_extended - ERROR - Ollama API error: 404
2025-11-01 01:34:36,189 - am_extended - ERROR - Ollama API error: 404
2025-11-01 01:34:36,220 - am_extended - ERROR - Ollama API error: 404
2025-11-01 01:34:36,251 - am_extended - ERROR - Ollama API error: 404
2025-11-01 01:34:36,267 - am_extended - ERROR - Ollama API error: 404
2025-11-01 01:34:36,297 - am_extended - ERROR - Ollama API error: 404
2025-11-01 01:34:36,313 - am_extended - ERROR - Ollama API error: 404
2025-11-01 01:34:36,330 - am_extended - ERROR - Ollama API error: 404
2025-11-01 01:34:36,330 - am_extended - INFO -   Processed 110/310 pages
2025-11-01 01:34:36,360 - am_extended - ERROR - Ollama API error: 404
2025-11-01 01:34:36,390 - am_extended - ERROR - Ollama API error: 404
2025-11-01 01:34:36,406 - am_extended - ERROR - Ollama API error: 404
2025-11-01 01:34:36,422 - am_extended - ERROR - Ollama API error: 404
2025-11-01 01:34:36,438 - am_extended - ERROR - Ollama API error: 404
2025-11-01 01:34:36,468 - am_extended - ERROR - Ollama API error: 404
2025-11-01 01:34:36,499 - am_extended - ERROR - Ollama API error: 404
2025-11-01 01:34:36,515 - am_extended - ERROR - Ollama API error: 404
2025-11-01 01:34:36,545 - am_extended - ERROR - Ollama API error: 404
2025-11-01 01:34:36,576 - am_extended - ERROR - Ollama API error: 404
2025-11-01 01:34:36,577 - am_extended - INFO -   Processed 120/310 pages
2025-11-01 01:34:36,592 - am_extended - ERROR - Ollama API error: 404
2025-11-01 01:34:36,607 - am_extended - ERROR - Ollama API error: 404
2025-11-01 01:34:36,623 - am_extended - ERROR - Ollama API error: 404
2025-11-01 01:34:36,654 - am_extended - ERROR - Ollama API error: 404
2025-11-01 01:34:36,686 - am_extended - ERROR - Ollama API error: 404
2025-11-01 01:34:36,717 - am_extended - ERROR - Ollama API error: 404
2025-11-01 01:34:36,731 - am_extended - ERROR - Ollama API error: 404
2025-11-01 01:34:36,747 - am_extended - ERROR - Ollama API error: 404
2025-11-01 01:34:36,778 - am_extended - ERROR - Ollama API error: 404
2025-11-01 01:34:36,809 - am_extended - ERROR - Ollama API error: 404
2025-11-01 01:34:36,809 - am_extended - INFO -   Processed 130/310 pages
2025-11-01 01:34:36,840 - am_extended - ERROR - Ollama API error: 404
2025-11-01 01:34:36,871 - am_extended - ERROR - Ollama API error: 404
2025-11-01 01:34:36,903 - am_extended - ERROR - Ollama API error: 404
2025-11-01 01:34:36,934 - am_extended - ERROR - Ollama API error: 404
2025-11-01 01:34:36,965 - am_extended - ERROR - Ollama API error: 404
2025-11-01 01:34:36,996 - am_extended - ERROR - Ollama API error: 404
2025-11-01 01:34:37,027 - am_extended - ERROR - Ollama API error: 404
2025-11-01 01:34:37,058 - am_extended - ERROR - Ollama API error: 404
2025-11-01 01:34:37,089 - am_extended - ERROR - Ollama API error: 404
2025-11-01 01:34:37,120 - am_extended - ERROR - Ollama API error: 404
2025-11-01 01:34:37,121 - am_extended - INFO -   Processed 140/310 pages
2025-11-01 01:34:37,152 - am_extended - ERROR - Ollama API error: 404
2025-11-01 01:34:37,183 - am_extended - ERROR - Ollama API error: 404
2025-11-01 01:34:37,214 - am_extended - ERROR - Ollama API error: 404
2025-11-01 01:34:37,245 - am_extended - ERROR - Ollama API error: 404
2025-11-01 01:34:37,277 - am_extended - ERROR - Ollama API error: 404
2025-11-01 01:34:37,308 - am_extended - ERROR - Ollama API error: 404
2025-11-01 01:34:37,323 - am_extended - ERROR - Ollama API error: 404
2025-11-01 01:34:37,353 - am_extended - ERROR - Ollama API error: 404
2025-11-01 01:34:37,369 - am_extended - ERROR - Ollama API error: 404
2025-11-01 01:34:37,400 - am_extended - ERROR - Ollama API error: 404
2025-11-01 01:34:37,400 - am_extended - INFO -   Processed 150/310 pages
2025-11-01 01:34:37,431 - am_extended - ERROR - Ollama API error: 404
2025-11-01 01:34:37,462 - am_extended - ERROR - Ollama API error: 404
2025-11-01 01:34:37,478 - am_extended - ERROR - Ollama API error: 404
2025-11-01 01:34:37,508 - am_extended - ERROR - Ollama API error: 404
2025-11-01 01:34:37,540 - am_extended - ERROR - Ollama API error: 404
2025-11-01 01:34:37,556 - am_extended - ERROR - Ollama API error: 404
2025-11-01 01:34:37,570 - am_extended - ERROR - Ollama API error: 404
2025-11-01 01:34:37,602 - am_extended - ERROR - Ollama API error: 404
2025-11-01 01:34:37,633 - am_extended - ERROR - Ollama API error: 404
2025-11-01 01:34:37,664 - am_extended - ERROR - Ollama API error: 404
2025-11-01 01:34:37,680 - am_extended - ERROR - Ollama API error: 404
2025-11-01 01:34:37,711 - am_extended - ERROR - Ollama API error: 404
2025-11-01 01:34:37,742 - am_extended - ERROR - Ollama API error: 404
2025-11-01 01:34:37,774 - am_extended - ERROR - Ollama API error: 404
2025-11-01 01:34:37,789 - am_extended - ERROR - Ollama API error: 404
2025-11-01 01:34:37,821 - am_extended - ERROR - Ollama API error: 404
2025-11-01 01:34:37,852 - am_extended - ERROR - Ollama API error: 404
2025-11-01 01:34:37,884 - am_extended - ERROR - Ollama API error: 404
2025-11-01 01:34:37,899 - am_extended - ERROR - Ollama API error: 404
2025-11-01 01:34:37,899 - am_extended - INFO -   Processed 170/310 pages
2025-11-01 01:34:37,930 - am_extended - ERROR - Ollama API error: 404
2025-11-01 01:34:37,945 - am_extended - ERROR - Ollama API error: 404
2025-11-01 01:34:37,960 - am_extended - ERROR - Ollama API error: 404
2025-11-01 01:34:37,992 - am_extended - ERROR - Ollama API error: 404
2025-11-01 01:34:38,022 - am_extended - ERROR - Ollama API error: 404
2025-11-01 01:34:38,038 - am_extended - ERROR - Ollama API error: 404
2025-11-01 01:34:38,053 - am_extended - ERROR - Ollama API error: 404
2025-11-01 01:34:38,085 - am_extended - ERROR - Ollama API error: 404
2025-11-01 01:34:38,116 - am_extended - ERROR - Ollama API error: 404
2025-11-01 01:34:38,131 - am_extended - ERROR - Ollama API error: 404
2025-11-01 01:34:38,132 - am_extended - INFO -   Processed 180/310 pages
2025-11-01 01:34:38,162 - am_extended - ERROR - Ollama API error: 404
2025-11-01 01:34:38,193 - am_extended - ERROR - Ollama API error: 404
2025-11-01 01:34:38,223 - am_extended - ERROR - Ollama API error: 404
2025-11-01 01:34:38,254 - am_extended - ERROR - Ollama API error: 404
2025-11-01 01:34:38,270 - am_extended - ERROR - Ollama API error: 404
2025-11-01 01:34:38,301 - am_extended - ERROR - Ollama API error: 404
2025-11-01 01:34:38,333 - am_extended - ERROR - Ollama API error: 404
2025-11-01 01:34:38,363 - am_extended - ERROR - Ollama API error: 404
2025-11-01 01:34:38,395 - am_extended - ERROR - Ollama API error: 404
2025-11-01 01:34:38,395 - am_extended - INFO -   Processed 190/310 pages
2025-11-01 01:34:38,426 - am_extended - ERROR - Ollama API error: 404
2025-11-01 01:34:38,457 - am_extended - ERROR - Ollama API error: 404
2025-11-01 01:34:38,487 - am_extended - ERROR - Ollama API error: 404
2025-11-01 01:34:38,518 - am_extended - ERROR - Ollama API error: 404
2025-11-01 01:34:38,549 - am_extended - ERROR - Ollama API error: 404
2025-11-01 01:34:38,579 - am_extended - ERROR - Ollama API error: 404
2025-11-01 01:34:38,610 - am_extended - ERROR - Ollama API error: 404
2025-11-01 01:34:38,640 - am_extended - ERROR - Ollama API error: 404
2025-11-01 01:34:38,671 - am_extended - ERROR - Ollama API error: 404
2025-11-01 01:34:38,672 - am_extended - INFO -   Processed 200/310 pages
2025-11-01 01:34:38,703 - am_extended - ERROR - Ollama API error: 404
2025-11-01 01:34:38,733 - am_extended - ERROR - Ollama API error: 404
2025-11-01 01:34:38,764 - am_extended - ERROR - Ollama API error: 404
2025-11-01 01:34:38,794 - am_extended - ERROR - Ollama API error: 404
2025-11-01 01:34:38,811 - am_extended - ERROR - Ollama API error: 404
2025-11-01 01:34:38,827 - am_extended - ERROR - Ollama API error: 404
2025-11-01 01:34:38,842 - am_extended - ERROR - Ollama API error: 404
2025-11-01 01:34:38,872 - am_extended - ERROR - Ollama API error: 404
2025-11-01 01:34:38,903 - am_extended - ERROR - Ollama API error: 404
2025-11-01 01:34:38,934 - am_extended - ERROR - Ollama API error: 404
2025-11-01 01:34:38,934 - am_extended - INFO -   Processed 210/310 pages
2025-11-01 01:34:38,966 - am_extended - ERROR - Ollama API error: 404
2025-11-01 01:34:38,997 - am_extended - ERROR - Ollama API error: 404
2025-11-01 01:34:39,012 - am_extended - ERROR - Ollama API error: 404
2025-11-01 01:34:39,043 - am_extended - ERROR - Ollama API error: 404
2025-11-01 01:34:39,059 - am_extended - ERROR - Ollama API error: 404
2025-11-01 01:34:39,090 - am_extended - ERROR - Ollama API error: 404
2025-11-01 01:34:39,120 - am_extended - ERROR - Ollama API error: 404
2025-11-01 01:34:39,136 - am_extended - ERROR - Ollama API error: 404
2025-11-01 01:34:39,167 - am_extended - ERROR - Ollama API error: 404
2025-11-01 01:34:39,198 - am_extended - ERROR - Ollama API error: 404
2025-11-01 01:34:39,198 - am_extended - INFO -   Processed 220/310 pages
2025-11-01 01:34:39,213 - am_extended - ERROR - Ollama API error: 404
2025-11-01 01:34:39,229 - am_extended - ERROR - Ollama API error: 404
2025-11-01 01:34:39,260 - am_extended - ERROR - Ollama API error: 404
2025-11-01 01:34:39,291 - am_extended - ERROR - Ollama API error: 404
2025-11-01 01:34:39,306 - am_extended - ERROR - Ollama API error: 404
2025-11-01 01:34:39,321 - am_extended - ERROR - Ollama API error: 404
2025-11-01 01:34:39,337 - am_extended - ERROR - Ollama API error: 404
2025-11-01 01:34:39,368 - am_extended - ERROR - Ollama API error: 404
2025-11-01 01:34:39,399 - am_extended - ERROR - Ollama API error: 404
2025-11-01 01:34:39,415 - am_extended - ERROR - Ollama API error: 404
2025-11-01 01:34:39,416 - am_extended - INFO -   Processed 230/310 pages
2025-11-01 01:34:39,446 - am_extended - ERROR - Ollama API error: 404
2025-11-01 01:34:39,461 - am_extended - ERROR - Ollama API error: 404
2025-11-01 01:34:39,476 - am_extended - ERROR - Ollama API error: 404
2025-11-01 01:34:39,492 - am_extended - ERROR - Ollama API error: 404
2025-11-01 01:34:39,507 - am_extended - ERROR - Ollama API error: 404
2025-11-01 01:34:39,523 - am_extended - ERROR - Ollama API error: 404
2025-11-01 01:34:39,538 - am_extended - ERROR - Ollama API error: 404
2025-11-01 01:34:39,569 - am_extended - ERROR - Ollama API error: 404
2025-11-01 01:34:39,584 - am_extended - ERROR - Ollama API error: 404
2025-11-01 01:34:39,615 - am_extended - ERROR - Ollama API error: 404
2025-11-01 01:34:39,616 - am_extended - INFO -   Processed 240/310 pages
2025-11-01 01:34:39,646 - am_extended - ERROR - Ollama API error: 404
2025-11-01 01:34:39,676 - am_extended - ERROR - Ollama API error: 404
2025-11-01 01:34:39,692 - am_extended - ERROR - Ollama API error: 404
2025-11-01 01:34:39,723 - am_extended - ERROR - Ollama API error: 404
2025-11-01 01:34:39,754 - am_extended - ERROR - Ollama API error: 404
2025-11-01 01:34:39,785 - am_extended - ERROR - Ollama API error: 404
2025-11-01 01:34:39,800 - am_extended - ERROR - Ollama API error: 404
2025-11-01 01:34:39,816 - am_extended - ERROR - Ollama API error: 404
2025-11-01 01:34:39,847 - am_extended - ERROR - Ollama API error: 404
2025-11-01 01:34:39,863 - am_extended - ERROR - Ollama API error: 404
2025-11-01 01:34:39,863 - am_extended - INFO -   Processed 250/310 pages
2025-11-01 01:34:39,893 - am_extended - ERROR - Ollama API error: 404
2025-11-01 01:34:39,924 - am_extended - ERROR - Ollama API error: 404
2025-11-01 01:34:39,955 - am_extended - ERROR - Ollama API error: 404
2025-11-01 01:34:39,985 - am_extended - ERROR - Ollama API error: 404
2025-11-01 01:34:40,017 - am_extended - ERROR - Ollama API error: 404
2025-11-01 01:34:40,048 - am_extended - ERROR - Ollama API error: 404
2025-11-01 01:34:40,079 - am_extended - ERROR - Ollama API error: 404
2025-11-01 01:34:40,110 - am_extended - ERROR - Ollama API error: 404
2025-11-01 01:34:40,141 - am_extended - ERROR - Ollama API error: 404
2025-11-01 01:34:40,173 - am_extended - ERROR - Ollama API error: 404
2025-11-01 01:34:40,173 - am_extended - INFO -   Processed 260/310 pages
2025-11-01 01:34:40,204 - am_extended - ERROR - Ollama API error: 404
2025-11-01 01:34:40,234 - am_extended - ERROR - Ollama API error: 404
2025-11-01 01:34:40,251 - am_extended - ERROR - Ollama API error: 404
2025-11-01 01:34:40,281 - am_extended - ERROR - Ollama API error: 404
2025-11-01 01:34:40,312 - am_extended - ERROR - Ollama API error: 404
2025-11-01 01:34:40,343 - am_extended - ERROR - Ollama API error: 404
2025-11-01 01:34:40,359 - am_extended - ERROR - Ollama API error: 404
2025-11-01 01:34:40,375 - am_extended - ERROR - Ollama API error: 404
2025-11-01 01:34:40,405 - am_extended - ERROR - Ollama API error: 404
2025-11-01 01:34:40,405 - am_extended - INFO -   Processed 270/310 pages
2025-11-01 01:34:40,437 - am_extended - ERROR - Ollama API error: 404
2025-11-01 01:34:40,467 - am_extended - ERROR - Ollama API error: 404
2025-11-01 01:34:40,483 - am_extended - ERROR - Ollama API error: 404
2025-11-01 01:34:40,498 - am_extended - ERROR - Ollama API error: 404
2025-11-01 01:34:40,513 - am_extended - ERROR - Ollama API error: 404
2025-11-01 01:34:40,545 - am_extended - ERROR - Ollama API error: 404
2025-11-01 01:34:40,548 - am_extended - ERROR - Ollama API error: 404
2025-11-01 01:34:40,561 - am_extended - ERROR - Ollama API error: 404
2025-11-01 01:34:40,576 - am_extended - ERROR - Ollama API error: 404
2025-11-01 01:34:40,590 - am_extended - ERROR - Ollama API error: 404
2025-11-01 01:34:40,590 - am_extended - INFO -   Processed 280/310 pages
2025-11-01 01:34:40,606 - am_extended - ERROR - Ollama API error: 404
2025-11-01 01:34:40,621 - am_extended - ERROR - Ollama API error: 404
2025-11-01 01:34:40,653 - am_extended - ERROR - Ollama API error: 404
2025-11-01 01:34:40,684 - am_extended - ERROR - Ollama API error: 404
2025-11-01 01:34:40,714 - am_extended - ERROR - Ollama API error: 404
2025-11-01 01:34:40,730 - am_extended - ERROR - Ollama API error: 404
2025-11-01 01:34:40,745 - am_extended - ERROR - Ollama API error: 404
2025-11-01 01:34:40,760 - am_extended - ERROR - Ollama API error: 404
2025-11-01 01:34:40,791 - am_extended - ERROR - Ollama API error: 404
2025-11-01 01:34:40,806 - am_extended - ERROR - Ollama API error: 404
2025-11-01 01:34:40,806 - am_extended - INFO -   Processed 290/310 pages
2025-11-01 01:34:40,837 - am_extended - ERROR - Ollama API error: 404
2025-11-01 01:34:40,868 - am_extended - ERROR - Ollama API error: 404
2025-11-01 01:34:40,899 - am_extended - ERROR - Ollama API error: 404
2025-11-01 01:34:40,930 - am_extended - ERROR - Ollama API error: 404
2025-11-01 01:34:40,946 - am_extended - ERROR - Ollama API error: 404
2025-11-01 01:34:40,962 - am_extended - ERROR - Ollama API error: 404
2025-11-01 01:34:40,977 - am_extended - ERROR - Ollama API error: 404
2025-11-01 01:34:41,008 - am_extended - ERROR - Ollama API error: 404
2025-11-01 01:34:41,025 - am_extended - ERROR - Ollama API error: 404
2025-11-01 01:34:41,039 - am_extended - ERROR - Ollama API error: 404
2025-11-01 01:34:41,039 - am_extended - INFO -   Processed 300/310 pages
2025-11-01 01:34:41,070 - am_extended - ERROR - Ollama API error: 404
2025-11-01 01:34:41,101 - am_extended - ERROR - Ollama API error: 404
2025-11-01 01:34:41,132 - am_extended - ERROR - Ollama API error: 404
2025-11-01 01:34:41,164 - am_extended - ERROR - Ollama API error: 404
2025-11-01 01:34:41,200 - am_extended - ERROR - Ollama API error: 404
2025-11-01 01:34:41,242 - am_extended - ERROR - Ollama API error: 404
2025-11-01 01:34:41,273 - am_extended - ERROR - Ollama API error: 404
2025-11-01 01:34:41,289 - am_extended - ERROR - Ollama API error: 404
2025-11-01 01:34:41,304 - am_extended - ERROR - Ollama API error: 404
2025-11-01 01:34:41,304 - am_extended - INFO - Extracted extended fields for 300 pages
2025-11-01 01:34:41,304 - am_common - INFO - Saving dataset: C:\scripts\1repo\data\datasets\extended\team_topologies_organizing_business_and_technology_teams_for_fast_flow_-_matthew_skelton.dataset.jsonl (310 cards)
2025-11-01 01:34:41,312 - am_common - INFO - Saved: 310 cards to team_topologies_organizing_business_and_technology_teams_for_fast_flow_-_matthew_skelton.dataset.jsonl (979.22 KB)
2025-11-01 01:34:41,312 - quality_tracker - INFO - Starting: track_quality
2025-11-01 01:34:41,313 - quality_tracker - INFO - extended metrics:
2025-11-01 01:34:41,313 - quality_tracker - INFO -   total_cards: 310
2025-11-01 01:34:41,313 - quality_tracker - INFO -   duplicates_found: 0
2025-11-01 01:34:41,313 - quality_tracker - INFO -   duplicate_ratio: 0.0000
2025-11-01 01:34:41,313 - quality_tracker - INFO -   continuity_gaps: 134
2025-11-01 01:34:41,313 - quality_tracker - INFO -   continuity_gap_ratio: 0.4337
2025-11-01 01:34:41,313 - quality_tracker - INFO -   avg_overlap: 0.1050
2025-11-01 01:34:41,313 - quality_tracker - INFO -   extended_fields_extracted: 300
2025-11-01 01:34:41,313 - quality_tracker - INFO -   extraction_coverage: 0.9677
2025-11-01 01:34:41,313 - quality_tracker - INFO -   lm_extraction_count: 0
2025-11-01 01:34:41,313 - quality_tracker - INFO -   lm_extraction_ratio: 0.0000
2025-11-01 01:34:41,313 - quality_tracker - INFO--- Logging error ---
Traceback (most recent call last):
  File "C:\Users\Dimon\AppData\Local\Programs\Python\Python313\Lib\logging\__init__.py", line 1154, in emit
    stream.write(msg + self.terminator)
    ~~~~~~~~~~~~^^^^^^^^^^^^^^^^^^^^^^^
  File "C:\Users\Dimon\AppData\Local\Programs\Python\Python313\Lib\site-packages\colorama\ansitowin32.py", line 47, in write
    self.__convertor.write(text)
    ~~~~~~~~~~~~~~~~~~~~~~^^^^^^
  File "C:\Users\Dimon\AppData\Local\Programs\Python\Python313\Lib\site-packages\colorama\ansitowin32.py", line 177, in write
    self.write_and_convert(text)
    ~~~~~~~~~~~~~~~~~~~~~~^^^^^^
  File "C:\Users\Dimon\AppData\Local\Programs\Python\Python313\Lib\site-packages\colorama\ansitowin32.py", line 205, in write_and_convert
    self.write_plain_text(text, cursor, len(text))
    ~~~~~~~~~~~~~~~~~~~~~^^^^^^^^^^^^^^^^^^^^^^^^^
  File "C:\Users\Dimon\AppData\Local\Programs\Python\Python313\Lib\site-packages\colorama\ansitowin32.py", line 210, in write_plain_text
    self.wrapped.write(text[start:end])
    ~~~~~~~~~~~~~~~~~~^^^^^^^^^^^^^^^^^
  File "C:\Users\Dimon\AppData\Local\Programs\Python\Python313\Lib\encodings\cp1251.py", line 19, in encode
    return codecs.charmap_encode(input,self.errors,encoding_table)[0]
           ~~~~~~~~~~~~~~~~~~~~~^^^^^^^^^^^^^^^^^^^^^^^^^^^^^^^^^^
UnicodeEncodeError: 'charmap' codec can't encode character '\u2713' in position 3: character maps to <undefined>
Call stack:
  File "C:\scripts\1repo\run_mvp.py", line 680, in <module>
    main()
  File "C:\scripts\1repo\run_mvp.py", line 652, in main
    results = orchestrator.run_single(
  File "C:\scripts\1repo\run_mvp.py", line 226, in run_single
    stage_result = self._run_stage(stage, current_input)
  File "C:\scripts\1repo\run_mvp.py", line 419, in _run_stage
    return processor.process_dataset(input_path, output_dir)
  File "C:\scripts\1repo\am_extended.py", line 612, in process_dataset
    self.quality_tracker.track('extended', input_path.name, metrics)
  File "C:\scripts\1repo\quality_tracker.py", line 171, in track
    logger.info(f"\u2713 Quality thresholds passed for {stage}")
Message: '\u2713 Quality thresholds passed for extended'
Arguments: ()
2025-11-01 01:34:41,314 - quality_tracker - INFO - Completed: track_quality (0.00s)
2025-11-01 01:34:41,314 - am_extended - INFO - Saved: team_topologies_organizing_business_and_technology_teams_for_fast_flow_-_matthew_skelton.dataset.jsonl
2025-11-01 01:34:41,314 - validate - INFO - Validating extended: team_topologies_organizing_business_and_technology_teams_for_fast_flow_-_matthew_skelton.dataset.jsonl
2025-11-01 01:34:41,315 - am_common - INFO - Loading dataset: C:\scripts\1repo\data\datasets\extended\team_topologies_organizing_business_and_technology_teams_for_fast_flow_-_matthew_skelton.dataset.jsonl
2025-11-01 01:34:41,329 - am_common - INFO - Loaded: 310 cards from team_topologies_organizing_business_and_technology_teams_for_fast_flow_-_matthew_skelton.dataset.jsonl
2025-11-01 01:34:41,331 - validate - WARNING - [X] INVALID - team_topologies_organizing_business_and_technology_teams_for_fast_flow_-_matthew_skelton.dataset.jsonl (2 errors)
2025-11-01 01:34:41,331 - __main__ - WARNING - Validation issues: 2 errors, 300 warnings
2025-11-01 01:34:41,331 - __main__ - WARNING - Validation issues: 2 errors
2025-11-01 01:34:41,331 - __main__ - INFO - ============================================================
2025-11-01 01:34:41,331 - __main__ - INFO--- Logging error ---
Traceback (most recent call last):
  File "C:\Users\Dimon\AppData\Local\Programs\Python\Python313\Lib\logging\__init__.py", line 1154, in emit
    stream.write(msg + self.terminator)
    ~~~~~~~~~~~~^^^^^^^^^^^^^^^^^^^^^^^
  File "C:\Users\Dimon\AppData\Local\Programs\Python\Python313\Lib\site-packages\colorama\ansitowin32.py", line 47, in write
    self.__convertor.write(text)
    ~~~~~~~~~~~~~~~~~~~~~~^^^^^^
  File "C:\Users\Dimon\AppData\Local\Programs\Python\Python313\Lib\site-packages\colorama\ansitowin32.py", line 177, in write
    self.write_and_convert(text)
    ~~~~~~~~~~~~~~~~~~~~~~^^^^^^
  File "C:\Users\Dimon\AppData\Local\Programs\Python\Python313\Lib\site-packages\colorama\ansitowin32.py", line 205, in write_and_convert
    self.write_plain_text(text, cursor, len(text))
    ~~~~~~~~~~~~~~~~~~~~~^^^^^^^^^^^^^^^^^^^^^^^^^
  File "C:\Users\Dimon\AppData\Local\Programs\Python\Python313\Lib\site-packages\colorama\ansitowin32.py", line 210, in write_plain_text
    self.wrapped.write(text[start:end])
    ~~~~~~~~~~~~~~~~~~^^^^^^^^^^^^^^^^^
  File "C:\Users\Dimon\AppData\Local\Programs\Python\Python313\Lib\encodings\cp1251.py", line 19, in encode
    return codecs.charmap_encode(input,self.errors,encoding_table)[0]
           ~~~~~~~~~~~~~~~~~~~~~^^^^^^^^^^^^^^^^^^^^^^^^^^^^^^^^^^
UnicodeEncodeError: 'charmap' codec can't encode character '\U0001f916' in position 5: character maps to <undefined>
Call stack:
  File "C:\scripts\1repo\run_mvp.py", line 680, in <module>
    main()
  File "C:\scripts\1repo\run_mvp.py", line 652, in main
    results = orchestrator.run_single(
  File "C:\scripts\1repo\run_mvp.py", line 253, in run_single
    log_stage(logger, stage, "Completed")
  File "C:\scripts\1repo\am_logging.py", line 613, in log_stage
    log_section(logger, f"{emoji} {action}: {stage.upper()}", "INFO")
  File "C:\scripts\1repo\am_logging.py", line 588, in log_section
    log_func(f"  {title}")
Message: '  \U0001f916 Completed: EXTENDED'
Arguments: ()
2025-11-01 01:34:41,331 - __main__ - INFO - ============================================================
2025-11-01 01:34:41,331 - __main__ - INFO - ============================================================
2025-11-01 01:34:41,332 - __main__ - INFO--- Logging error ---
Traceback (most recent call last):
  File "C:\Users\Dimon\AppData\Local\Programs\Python\Python313\Lib\logging\__init__.py", line 1154, in emit
    stream.write(msg + self.terminator)
    ~~~~~~~~~~~~^^^^^^^^^^^^^^^^^^^^^^^
  File "C:\Users\Dimon\AppData\Local\Programs\Python\Python313\Lib\site-packages\colorama\ansitowin32.py", line 47, in write
    self.__convertor.write(text)
    ~~~~~~~~~~~~~~~~~~~~~~^^^^^^
  File "C:\Users\Dimon\AppData\Local\Programs\Python\Python313\Lib\site-packages\colorama\ansitowin32.py", line 177, in write
    self.write_and_convert(text)
    ~~~~~~~~~~~~~~~~~~~~~~^^^^^^
  File "C:\Users\Dimon\AppData\Local\Programs\Python\Python313\Lib\site-packages\colorama\ansitowin32.py", line 205, in write_and_convert
    self.write_plain_text(text, cursor, len(text))
    ~~~~~~~~~~~~~~~~~~~~~^^^^^^^^^^^^^^^^^^^^^^^^^
  File "C:\Users\Dimon\AppData\Local\Programs\Python\Python313\Lib\site-packages\colorama\ansitowin32.py", line 210, in write_plain_text
    self.wrapped.write(text[start:end])
    ~~~~~~~~~~~~~~~~~~^^^^^^^^^^^^^^^^^
  File "C:\Users\Dimon\AppData\Local\Programs\Python\Python313\Lib\encodings\cp1251.py", line 19, in encode
    return codecs.charmap_encode(input,self.errors,encoding_table)[0]
           ~~~~~~~~~~~~~~~~~~~~~^^^^^^^^^^^^^^^^^^^^^^^^^^^^^^^^^^
UnicodeEncodeError: 'charmap' codec can't encode character '\u2705' in position 5: character maps to <undefined>
Call stack:
  File "C:\scripts\1repo\run_mvp.py", line 680, in <module>
    main()
  File "C:\scripts\1repo\run_mvp.py", line 652, in main
    results = orchestrator.run_single(
  File "C:\scripts\1repo\run_mvp.py", line 222, in run_single
    log_stage(logger, stage, "Starting")
  File "C:\scripts\1repo\am_logging.py", line 613, in log_stage
    log_section(logger, f"{emoji} {action}: {stage.upper()}", "INFO")
  File "C:\scripts\1repo\am_logging.py", line 588, in log_section
    log_func(f"  {title}")
Message: '  \u2705 Starting: FINALIZE'
Arguments: ()
2025-11-01 01:34:41,332 - __main__ - INFO - ============================================================
2025-11-01 01:34:41,332 - am_common - INFO - Loading config: config\batch_full.yaml
2025-11-01 01:34:41,347 - am_common - INFO - Config loaded successfully
2025-11-01 01:34:41,347 - am_finalize - INFO - Processing: team_topologies_organizing_business_and_technology_teams_for_fast_flow_-_matthew_skelton.dataset.jsonl
2025-11-01 01:34:41,347 - am_common - INFO - Loading dataset: C:\scripts\1repo\data\datasets\extended\team_topologies_organizing_business_and_technology_teams_for_fast_flow_-_matthew_skelton.dataset.jsonl
2025-11-01 01:34:41,354 - am_common - INFO - Loaded: 310 cards from team_topologies_organizing_business_and_technology_teams_for_fast_flow_-_matthew_skelton.dataset.jsonl
2025-11-01 01:34:41,356 - am_common - INFO - Saving dataset: C:\scripts\1repo\data\datasets\final\team_topologies_organizing_business_and_technology_teams_for_fast_flow_-_matthew_skelton.dataset.jsonl (310 cards)
2025-11-01 01:34:41,362 - am_common - INFO - Saved: 310 cards to team_topologies_organizing_business_and_technology_teams_for_fast_flow_-_matthew_skelton.dataset.jsonl (946.10 KB)
2025-11-01 01:34:41,362 - quality_tracker - INFO - Starting: track_quality
2025-11-01 01:34:41,363 - quality_tracker - INFO - finalize metrics:
2025-11-01 01:34:41,363 - quality_tracker - INFO -   total_cards: 310
2025-11-01 01:34:41,363 - quality_tracker - INFO -   validation_errors: 0
2025-11-01 01:34:41,364 - quality_tracker - INFO -   validation_warnings: 20
2025-11-01 01:34:41,364 - quality_tracker - INFO -   avg_completeness: 0.3950
2025-11-01 01:34:41,364 - quality_tracker - INFO -   cards_with_structure: 0
2025-11-01 01:34:41,364 - quality_tracker - INFO -   structure_coverage: 0.0000
2025-11-01 01:34:41,364 - quality_tracker - INFO -   cards_with_summaries: 302
2025-11-01 01:34:41,364 - quality_tracker - INFO -   summary_coverage: 0.9742
2025-11-01 01:34:41,364 - quality_tracker - INFO--- Logging error ---
Traceback (most recent call last):
  File "C:\Users\Dimon\AppData\Local\Programs\Python\Python313\Lib\logging\__init__.py", line 1154, in emit
    stream.write(msg + self.terminator)
    ~~~~~~~~~~~~^^^^^^^^^^^^^^^^^^^^^^^
  File "C:\Users\Dimon\AppData\Local\Programs\Python\Python313\Lib\site-packages\colorama\ansitowin32.py", line 47, in write
    self.__convertor.write(text)
    ~~~~~~~~~~~~~~~~~~~~~~^^^^^^
  File "C:\Users\Dimon\AppData\Local\Programs\Python\Python313\Lib\site-packages\colorama\ansitowin32.py", line 177, in write
    self.write_and_convert(text)
    ~~~~~~~~~~~~~~~~~~~~~~^^^^^^
  File "C:\Users\Dimon\AppData\Local\Programs\Python\Python313\Lib\site-packages\colorama\ansitowin32.py", line 205, in write_and_convert
    self.write_plain_text(text, cursor, len(text))
    ~~~~~~~~~~~~~~~~~~~~~^^^^^^^^^^^^^^^^^^^^^^^^^
  File "C:\Users\Dimon\AppData\Local\Programs\Python\Python313\Lib\site-packages\colorama\ansitowin32.py", line 210, in write_plain_text
    self.wrapped.write(text[start:end])
    ~~~~~~~~~~~~~~~~~~^^^^^^^^^^^^^^^^^
  File "C:\Users\Dimon\AppData\Local\Programs\Python\Python313\Lib\encodings\cp1251.py", line 19, in encode
    return codecs.charmap_encode(input,self.errors,encoding_table)[0]
           ~~~~~~~~~~~~~~~~~~~~~^^^^^^^^^^^^^^^^^^^^^^^^^^^^^^^^^^
UnicodeEncodeError: 'charmap' codec can't encode character '\u2713' in position 3: character maps to <undefined>
Call stack:
  File "C:\scripts\1repo\run_mvp.py", line 680, in <module>
    main()
  File "C:\scripts\1repo\run_mvp.py", line 652, in main
    results = orchestrator.run_single(
  File "C:\scripts\1repo\run_mvp.py", line 226, in run_single
    stage_result = self._run_stage(stage, current_input)
  File "C:\scripts\1repo\run_mvp.py", line 419, in _run_stage
    return processor.process_dataset(input_path, output_dir)
  File "C:\scripts\1repo\am_finalize.py", line 278, in process_dataset
    self.quality_tracker.track('finalize', input_path.name, metrics)
  File "C:\scripts\1repo\quality_tracker.py", line 171, in track
    logger.info(f"\u2713 Quality thresholds passed for {stage}")
Message: '\u2713 Quality thresholds passed for finalize'
Arguments: ()
2025-11-01 01:34:41,365 - quality_tracker - INFO - Completed: track_quality (0.00s)
2025-11-01 01:34:41,365 - am_finalize - INFO - Saved: team_topologies_organizing_business_and_technology_teams_for_fast_flow_-_matthew_skelton.dataset.jsonl
2025-11-01 01:34:41,365 - __main__ - ERROR - Validation failed: Unknown stage: finalize
2025-11-01 01:34:41,365 - __main__ - WARNING - Validation issues: 1 errors
2025-11-01 01:34:41,365 - __main__ - INFO - ============================================================
2025-11-01 01:34:41,365 - __main__ - INFO--- Logging error ---
Traceback (most recent call last):
  File "C:\Users\Dimon\AppData\Local\Programs\Python\Python313\Lib\logging\__init__.py", line 1154, in emit
    stream.write(msg + self.terminator)
    ~~~~~~~~~~~~^^^^^^^^^^^^^^^^^^^^^^^
  File "C:\Users\Dimon\AppData\Local\Programs\Python\Python313\Lib\site-packages\colorama\ansitowin32.py", line 47, in write
    self.__convertor.write(text)
    ~~~~~~~~~~~~~~~~~~~~~~^^^^^^
  File "C:\Users\Dimon\AppData\Local\Programs\Python\Python313\Lib\site-packages\colorama\ansitowin32.py", line 177, in write
    self.write_and_convert(text)
    ~~~~~~~~~~~~~~~~~~~~~~^^^^^^
  File "C:\Users\Dimon\AppData\Local\Programs\Python\Python313\Lib\site-packages\colorama\ansitowin32.py", line 205, in write_and_convert
    self.write_plain_text(text, cursor, len(text))
    ~~~~~~~~~~~~~~~~~~~~~^^^^^^^^^^^^^^^^^^^^^^^^^
  File "C:\Users\Dimon\AppData\Local\Programs\Python\Python313\Lib\site-packages\colorama\ansitowin32.py", line 210, in write_plain_text
    self.wrapped.write(text[start:end])
    ~~~~~~~~~~~~~~~~~~^^^^^^^^^^^^^^^^^
  File "C:\Users\Dimon\AppData\Local\Programs\Python\Python313\Lib\encodings\cp1251.py", line 19, in encode
    return codecs.charmap_encode(input,self.errors,encoding_table)[0]
           ~~~~~~~~~~~~~~~~~~~~~^^^^^^^^^^^^^^^^^^^^^^^^^^^^^^^^^^
UnicodeEncodeError: 'charmap' codec can't encode character '\u2705' in position 5: character maps to <undefined>
Call stack:
  File "C:\scripts\1repo\run_mvp.py", line 680, in <module>
    main()
  File "C:\scripts\1repo\run_mvp.py", line 652, in main
    results = orchestrator.run_single(
  File "C:\scripts\1repo\run_mvp.py", line 253, in run_single
    log_stage(logger, stage, "Completed")
  File "C:\scripts\1repo\am_logging.py", line 613, in log_stage
    log_section(logger, f"{emoji} {action}: {stage.upper()}", "INFO")
  File "C:\scripts\1repo\am_logging.py", line 588, in log_section
    log_func(f"  {title}")
Message: '  \u2705 Completed: FINALIZE'
Arguments: ()
2025-11-01 01:34:41,366 - __main__ - INFO - ============================================================
2025-11-01 01:34:41,366 - __main__ - INFO - ============================================================
2025-11-01 01:34:41,366 - __main__ - INFO--- Logging error ---
Traceback (most recent call last):
  File "C:\Users\Dimon\AppData\Local\Programs\Python\Python313\Lib\logging\__init__.py", line 1154, in emit
    stream.write(msg + self.terminator)
    ~~~~~~~~~~~~^^^^^^^^^^^^^^^^^^^^^^^
  File "C:\Users\Dimon\AppData\Local\Programs\Python\Python313\Lib\site-packages\colorama\ansitowin32.py", line 47, in write
    self.__convertor.write(text)
    ~~~~~~~~~~~~~~~~~~~~~~^^^^^^
  File "C:\Users\Dimon\AppData\Local\Programs\Python\Python313\Lib\site-packages\colorama\ansitowin32.py", line 177, in write
    self.write_and_convert(text)
    ~~~~~~~~~~~~~~~~~~~~~~^^^^^^
  File "C:\Users\Dimon\AppData\Local\Programs\Python\Python313\Lib\site-packages\colorama\ansitowin32.py", line 205, in write_and_convert
    self.write_plain_text(text, cursor, len(text))
    ~~~~~~~~~~~~~~~~~~~~~^^^^^^^^^^^^^^^^^^^^^^^^^
  File "C:\Users\Dimon\AppData\Local\Programs\Python\Python313\Lib\site-packages\colorama\ansitowin32.py", line 210, in write_plain_text
    self.wrapped.write(text[start:end])
    ~~~~~~~~~~~~~~~~~~^^^^^^^^^^^^^^^^^
  File "C:\Users\Dimon\AppData\Local\Programs\Python\Python313\Lib\encodings\cp1251.py", line 19, in encode
    return codecs.charmap_encode(input,self.errors,encoding_table)[0]
           ~~~~~~~~~~~~~~~~~~~~~^^^^^^^^^^^^^^^^^^^^^^^^^^^^^^^^^^
UnicodeEncodeError: 'charmap' codec can't encode character '\U0001f9e9' in position 5: character maps to <undefined>
Call stack:
  File "C:\scripts\1repo\run_mvp.py", line 680, in <module>
    main()
  File "C:\scripts\1repo\run_mvp.py", line 652, in main
    results = orchestrator.run_single(
  File "C:\scripts\1repo\run_mvp.py", line 222, in run_single
    log_stage(logger, stage, "Starting")
  File "C:\scripts\1repo\am_logging.py", line 613, in log_stage
    log_section(logger, f"{emoji} {action}: {stage.upper()}", "INFO")
  File "C:\scripts\1repo\am_logging.py", line 588, in log_section
    log_func(f"  {title}")
Message: '  \U0001f9e9 Starting: CHUNK'
Arguments: ()
2025-11-01 01:34:41,367 - __main__ - INFO - ============================================================
2025-11-01 01:34:41,367 - am_common - INFO - Loading config: config\batch_full.yaml
2025-11-01 01:34:41,381 - am_common - INFO - Config loaded successfully
2025-11-01 01:34:41,462 - am_chunk - INFO - Processing: team_topologies_organizing_business_and_technology_teams_for_fast_flow_-_matthew_skelton.dataset.jsonl
2025-11-01 01:34:41,462 - am_common - INFO - Loading dataset: C:\scripts\1repo\data\datasets\final\team_topologies_organizing_business_and_technology_teams_for_fast_flow_-_matthew_skelton.dataset.jsonl
2025-11-01 01:34:41,477 - am_common - INFO - Loaded: 310 cards from team_topologies_organizing_business_and_technology_teams_for_fast_flow_-_matthew_skelton.dataset.jsonl
2025-11-01 01:34:41,574 - am_chunk - INFO - Created 301 chunks from 310 pages
2025-11-01 01:34:41,580 - quality_tracker - INFO - Starting: track_quality
2025-11-01 01:34:41,581 - quality_tracker - INFO - chunk metrics:
2025-11-01 01:34:41,581 - quality_tracker - INFO -   total_chunks: 301
2025-11-01 01:34:41,581 - quality_tracker - INFO -   chunks_per_page: 0.9710
2025-11-01 01:34:41,581 - quality_tracker - INFO -   avg_chunk_tokens: 333.5748
2025-11-01 01:34:41,581 - quality_tracker - INFO -   min_chunk_tokens: 101
2025-11-01 01:34:41,581 - quality_tracker - INFO -   max_chunk_tokens: 507
2025-11-01 01:34:41,581 - quality_tracker - INFO -   token_distribution: {'0-100': 0, '100-300': 84, '300-512': 217, '512+': 0}
2025-11-01 01:34:41,581 - quality_tracker - INFO -   context_completeness: 1.0000
2025-11-01 01:34:41,581 - quality_tracker - INFO--- Logging error ---
Traceback (most recent call last):
  File "C:\Users\Dimon\AppData\Local\Programs\Python\Python313\Lib\logging\__init__.py", line 1154, in emit
    stream.write(msg + self.terminator)
    ~~~~~~~~~~~~^^^^^^^^^^^^^^^^^^^^^^^
  File "C:\Users\Dimon\AppData\Local\Programs\Python\Python313\Lib\site-packages\colorama\ansitowin32.py", line 47, in write
    self.__convertor.write(text)
    ~~~~~~~~~~~~~~~~~~~~~~^^^^^^
  File "C:\Users\Dimon\AppData\Local\Programs\Python\Python313\Lib\site-packages\colorama\ansitowin32.py", line 177, in write
    self.write_and_convert(text)
    ~~~~~~~~~~~~~~~~~~~~~~^^^^^^
  File "C:\Users\Dimon\AppData\Local\Programs\Python\Python313\Lib\site-packages\colorama\ansitowin32.py", line 205, in write_and_convert
    self.write_plain_text(text, cursor, len(text))
    ~~~~~~~~~~~~~~~~~~~~~^^^^^^^^^^^^^^^^^^^^^^^^^
  File "C:\Users\Dimon\AppData\Local\Programs\Python\Python313\Lib\site-packages\colorama\ansitowin32.py", line 210, in write_plain_text
    self.wrapped.write(text[start:end])
    ~~~~~~~~~~~~~~~~~~^^^^^^^^^^^^^^^^^
  File "C:\Users\Dimon\AppData\Local\Programs\Python\Python313\Lib\encodings\cp1251.py", line 19, in encode
    return codecs.charmap_encode(input,self.errors,encoding_table)[0]
           ~~~~~~~~~~~~~~~~~~~~~^^^^^^^^^^^^^^^^^^^^^^^^^^^^^^^^^^
UnicodeEncodeError: 'charmap' codec can't encode character '\u2713' in position 3: character maps to <undefined>
Call stack:
  File "C:\scripts\1repo\run_mvp.py", line 680, in <module>
    main()
  File "C:\scripts\1repo\run_mvp.py", line 652, in main
    results = orchestrator.run_single(
  File "C:\scripts\1repo\run_mvp.py", line 226, in run_single
    stage_result = self._run_stage(stage, current_input)
  File "C:\scripts\1repo\run_mvp.py", line 419, in _run_stage
    return processor.process_dataset(input_path, output_dir)
  File "C:\scripts\1repo\am_chunk.py", line 309, in process_dataset
    self.quality_tracker.track('chunk', input_path.name, metrics)
  File "C:\scripts\1repo\quality_tracker.py", line 171, in track
    logger.info(f"\u2713 Quality thresholds passed for {stage}")
Message: '\u2713 Quality thresholds passed for chunk'
Arguments: ()
2025-11-01 01:34:41,582 - quality_tracker - INFO - Completed: track_quality (0.00s)
2025-11-01 01:34:41,582 - am_chunk - INFO - Saved: team_topologies_organizing_business_and_technology_teams_for_fast_flow_-_matthew_skelton.dataset.chunks.jsonl
2025-11-01 01:34:41,583 - __main__ - ERROR - Validation failed: Unknown stage: chunk
2025-11-01 01:34:41,583 - __main__ - WARNING - Validation issues: 1 errors
2025-11-01 01:34:41,583 - __main__ - INFO - ============================================================
2025-11-01 01:34:41,583 - __main__ - INFO--- Logging error ---
Traceback (most recent call last):
  File "C:\Users\Dimon\AppData\Local\Programs\Python\Python313\Lib\logging\__init__.py", line 1154, in emit
    stream.write(msg + self.terminator)
    ~~~~~~~~~~~~^^^^^^^^^^^^^^^^^^^^^^^
  File "C:\Users\Dimon\AppData\Local\Programs\Python\Python313\Lib\site-packages\colorama\ansitowin32.py", line 47, in write
    self.__convertor.write(text)
    ~~~~~~~~~~~~~~~~~~~~~~^^^^^^
  File "C:\Users\Dimon\AppData\Local\Programs\Python\Python313\Lib\site-packages\colorama\ansitowin32.py", line 177, in write
    self.write_and_convert(text)
    ~~~~~~~~~~~~~~~~~~~~~~^^^^^^
  File "C:\Users\Dimon\AppData\Local\Programs\Python\Python313\Lib\site-packages\colorama\ansitowin32.py", line 205, in write_and_convert
    self.write_plain_text(text, cursor, len(text))
    ~~~~~~~~~~~~~~~~~~~~~^^^^^^^^^^^^^^^^^^^^^^^^^
  File "C:\Users\Dimon\AppData\Local\Programs\Python\Python313\Lib\site-packages\colorama\ansitowin32.py", line 210, in write_plain_text
    self.wrapped.write(text[start:end])
    ~~~~~~~~~~~~~~~~~~^^^^^^^^^^^^^^^^^
  File "C:\Users\Dimon\AppData\Local\Programs\Python\Python313\Lib\encodings\cp1251.py", line 19, in encode
    return codecs.charmap_encode(input,self.errors,encoding_table)[0]
           ~~~~~~~~~~~~~~~~~~~~~^^^^^^^^^^^^^^^^^^^^^^^^^^^^^^^^^^
UnicodeEncodeError: 'charmap' codec can't encode character '\U0001f9e9' in position 5: character maps to <undefined>
Call stack:
  File "C:\scripts\1repo\run_mvp.py", line 680, in <module>
    main()
  File "C:\scripts\1repo\run_mvp.py", line 652, in main
    results = orchestrator.run_single(
  File "C:\scripts\1repo\run_mvp.py", line 253, in run_single
    log_stage(logger, stage, "Completed")
  File "C:\scripts\1repo\am_logging.py", line 613, in log_stage
    log_section(logger, f"{emoji} {action}: {stage.upper()}", "INFO")
  File "C:\scripts\1repo\am_logging.py", line 588, in log_section
    log_func(f"  {title}")
Message: '  \U0001f9e9 Completed: CHUNK'
Arguments: ()
2025-11-01 01:34:41,584 - __main__ - INFO - ============================================================
2025-11-01 01:34:41,584 - __main__ - INFO - ============================================================
2025-11-01 01:34:41,584 - __main__ - INFO--- Logging error ---
Traceback (most recent call last):
  File "C:\Users\Dimon\AppData\Local\Programs\Python\Python313\Lib\logging\__init__.py", line 1154, in emit
    stream.write(msg + self.terminator)
    ~~~~~~~~~~~~^^^^^^^^^^^^^^^^^^^^^^^
  File "C:\Users\Dimon\AppData\Local\Programs\Python\Python313\Lib\site-packages\colorama\ansitowin32.py", line 47, in write
    self.__convertor.write(text)
    ~~~~~~~~~~~~~~~~~~~~~~^^^^^^
  File "C:\Users\Dimon\AppData\Local\Programs\Python\Python313\Lib\site-packages\colorama\ansitowin32.py", line 177, in write
    self.write_and_convert(text)
    ~~~~~~~~~~~~~~~~~~~~~~^^^^^^
  File "C:\Users\Dimon\AppData\Local\Programs\Python\Python313\Lib\site-packages\colorama\ansitowin32.py", line 205, in write_and_convert
    self.write_plain_text(text, cursor, len(text))
    ~~~~~~~~~~~~~~~~~~~~~^^^^^^^^^^^^^^^^^^^^^^^^^
  File "C:\Users\Dimon\AppData\Local\Programs\Python\Python313\Lib\site-packages\colorama\ansitowin32.py", line 210, in write_plain_text
    self.wrapped.write(text[start:end])
    ~~~~~~~~~~~~~~~~~~^^^^^^^^^^^^^^^^^
  File "C:\Users\Dimon\AppData\Local\Programs\Python\Python313\Lib\encodings\cp1251.py", line 19, in encode
    return codecs.charmap_encode(input,self.errors,encoding_table)[0]
           ~~~~~~~~~~~~~~~~~~~~~^^^^^^^^^^^^^^^^^^^^^^^^^^^^^^^^^^
UnicodeEncodeError: 'charmap' codec can't encode character '\U0001f522' in position 5: character maps to <undefined>
Call stack:
  File "C:\scripts\1repo\run_mvp.py", line 680, in <module>
    main()
  File "C:\scripts\1repo\run_mvp.py", line 652, in main
    results = orchestrator.run_single(
  File "C:\scripts\1repo\run_mvp.py", line 222, in run_single
    log_stage(logger, stage, "Starting")
  File "C:\scripts\1repo\am_logging.py", line 613, in log_stage
    log_section(logger, f"{emoji} {action}: {stage.upper()}", "INFO")
  File "C:\scripts\1repo\am_logging.py", line 588, in log_section
    log_func(f"  {title}")
Message: '  \U0001f522 Starting: EMBED'
Arguments: ()
2025-11-01 01:34:41,584 - __main__ - INFO - ============================================================
2025-11-01 01:34:41,584 - am_common - INFO - Loading config: config\batch_full.yaml
2025-11-01 01:34:41,598 - am_common - INFO - Config loaded successfully
2025-11-01 01:34:41,598 - am_embed - INFO - [sentence-transformers] Loading model: all-MiniLM-L6-v2
2025-11-01 01:34:41,599 - sentence_transformers.SentenceTransformer - INFO - Use pytorch device_name: cpu
2025-11-01 01:34:41,599 - sentence_transformers.SentenceTransformer - INFO - Load pretrained SentenceTransformer: all-MiniLM-L6-v2
2025-11-01 01:34:45,649 - am_embed - INFO - [sentence-transformers] Embedding dimension: 384
2025-11-01 01:34:45,649 - am_embed - INFO - Processing: team_topologies_organizing_business_and_technology_teams_for_fast_flow_-_matthew_skelton.dataset.chunks.jsonl
2025-11-01 01:34:45,663 - am_embed - INFO - Loaded 301 chunks
2025-11-01 01:34:45,663 - am_embed - INFO - Encoding 301 chunks in 10 batches
2025-11-01 01:34:48,461 - am_embed - INFO - Processed batch 10/10
2025-11-01 01:34:48,461 - am_embed - INFO - Encoded 301 embeddings, 0 failures
2025-11-01 01:34:48,461 - am_embed - INFO - Building FAISS index: flat, metric=cosine
2025-11-01 01:34:48,461 - am_embed - INFO - Vectors: 301, Dimension: 384
2025-11-01 01:34:48,461 - am_embed - INFO - FAISS index built: 301 vectors
2025-11-01 01:34:48,462 - am_embed - INFO - Saved FAISS index: team_topologies_organizing_business_and_technology_teams_for_fast_flow_-_matthew_skelton.dataset.faiss (451.54 KB)
2025-11-01 01:34:48,464 - am_embed - INFO - Saved metadata: team_topologies_organizing_business_and_technology_teams_for_fast_flow_-_matthew_skelton.dataset.pkl (556.15 KB)
2025-11-01 01:34:48,465 - quality_tracker - INFO - Starting: track_quality
2025-11-01 01:34:48,466 - quality_tracker - INFO - embed metrics:
2025-11-01 01:34:48,466 - quality_tracker - INFO -   total_vectors: 301
2025-11-01 01:34:48,466 - quality_tracker - INFO -   embedding_dim: 384
2025-11-01 01:34:48,466 - quality_tracker - INFO -   embedding_failures: 0
2025-11-01 01:34:48,466 - quality_tracker - INFO -   failure_rate: 0.0000
2025-11-01 01:34:48,466 - quality_tracker - INFO -   avg_norm: 1.0000
2025-11-01 01:34:48,466 - quality_tracker - INFO -   min_norm: 1.0000
2025-11-01 01:34:48,466 - quality_tracker - INFO -   max_norm: 1.0000
2025-11-01 01:34:48,466 - quality_tracker - INFO--- Logging error ---
Traceback (most recent call last):
  File "C:\Users\Dimon\AppData\Local\Programs\Python\Python313\Lib\logging\__init__.py", line 1154, in emit
    stream.write(msg + self.terminator)
    ~~~~~~~~~~~~^^^^^^^^^^^^^^^^^^^^^^^
  File "C:\Users\Dimon\AppData\Local\Programs\Python\Python313\Lib\site-packages\colorama\ansitowin32.py", line 47, in write
    self.__convertor.write(text)
    ~~~~~~~~~~~~~~~~~~~~~~^^^^^^
  File "C:\Users\Dimon\AppData\Local\Programs\Python\Python313\Lib\site-packages\colorama\ansitowin32.py", line 177, in write
    self.write_and_convert(text)
    ~~~~~~~~~~~~~~~~~~~~~~^^^^^^
  File "C:\Users\Dimon\AppData\Local\Programs\Python\Python313\Lib\site-packages\colorama\ansitowin32.py", line 205, in write_and_convert
    self.write_plain_text(text, cursor, len(text))
    ~~~~~~~~~~~~~~~~~~~~~^^^^^^^^^^^^^^^^^^^^^^^^^
  File "C:\Users\Dimon\AppData\Local\Programs\Python\Python313\Lib\site-packages\colorama\ansitowin32.py", line 210, in write_plain_text
    self.wrapped.write(text[start:end])
    ~~~~~~~~~~~~~~~~~~^^^^^^^^^^^^^^^^^
  File "C:\Users\Dimon\AppData\Local\Programs\Python\Python313\Lib\encodings\cp1251.py", line 19, in encode
    return codecs.charmap_encode(input,self.errors,encoding_table)[0]
           ~~~~~~~~~~~~~~~~~~~~~^^^^^^^^^^^^^^^^^^^^^^^^^^^^^^^^^^
UnicodeEncodeError: 'charmap' codec can't encode character '\u2713' in position 3: character maps to <undefined>
Call stack:
  File "C:\scripts\1repo\run_mvp.py", line 680, in <module>
    main()
  File "C:\scripts\1repo\run_mvp.py", line 652, in main
    results = orchestrator.run_single(
  File "C:\scripts\1repo\run_mvp.py", line 226, in run_single
    stage_result = self._run_stage(stage, current_input)
  File "C:\scripts\1repo\run_mvp.py", line 428, in _run_stage
    return processor.process_chunks(input_path, output_dir=None)
  File "C:\scripts\1repo\am_embed.py", line 426, in process_chunks
    self.quality_tracker.track('embed', chunks_path.name, metrics)
  File "C:\scripts\1repo\quality_tracker.py", line 171, in track
    logger.info(f"\u2713 Quality thresholds passed for {stage}")
Message: '\u2713 Quality thresholds passed for embed'
Arguments: ()
2025-11-01 01:34:48,467 - quality_tracker - INFO - Completed: track_quality (0.00s)
2025-11-01 01:34:48,467 - am_embed - INFO - Saved: team_topologies_organizing_business_and_technology_teams_for_fast_flow_-_matthew_skelton.dataset.faiss, team_topologies_organizing_business_and_technology_teams_for_fast_flow_-_matthew_skelton.dataset.pkl
2025-11-01 01:34:48,468 - __main__ - INFO - ============================================================
2025-11-01 01:34:48,468 - __main__ - INFO--- Logging error ---
Traceback (most recent call last):
  File "C:\Users\Dimon\AppData\Local\Programs\Python\Python313\Lib\logging\__init__.py", line 1154, in emit
    stream.write(msg + self.terminator)
    ~~~~~~~~~~~~^^^^^^^^^^^^^^^^^^^^^^^
  File "C:\Users\Dimon\AppData\Local\Programs\Python\Python313\Lib\site-packages\colorama\ansitowin32.py", line 47, in write
    self.__convertor.write(text)
    ~~~~~~~~~~~~~~~~~~~~~~^^^^^^
  File "C:\Users\Dimon\AppData\Local\Programs\Python\Python313\Lib\site-packages\colorama\ansitowin32.py", line 177, in write
    self.write_and_convert(text)
    ~~~~~~~~~~~~~~~~~~~~~~^^^^^^
  File "C:\Users\Dimon\AppData\Local\Programs\Python\Python313\Lib\site-packages\colorama\ansitowin32.py", line 205, in write_and_convert
    self.write_plain_text(text, cursor, len(text))
    ~~~~~~~~~~~~~~~~~~~~~^^^^^^^^^^^^^^^^^^^^^^^^^
  File "C:\Users\Dimon\AppData\Local\Programs\Python\Python313\Lib\site-packages\colorama\ansitowin32.py", line 210, in write_plain_text
    self.wrapped.write(text[start:end])
    ~~~~~~~~~~~~~~~~~~^^^^^^^^^^^^^^^^^
  File "C:\Users\Dimon\AppData\Local\Programs\Python\Python313\Lib\encodings\cp1251.py", line 19, in encode
    return codecs.charmap_encode(input,self.errors,encoding_table)[0]
           ~~~~~~~~~~~~~~~~~~~~~^^^^^^^^^^^^^^^^^^^^^^^^^^^^^^^^^^
UnicodeEncodeError: 'charmap' codec can't encode character '\U0001f522' in position 5: character maps to <undefined>
Call stack:
  File "C:\scripts\1repo\run_mvp.py", line 680, in <module>
    main()
  File "C:\scripts\1repo\run_mvp.py", line 652, in main
    results = orchestrator.run_single(
  File "C:\scripts\1repo\run_mvp.py", line 253, in run_single
    log_stage(logger, stage, "Completed")
  File "C:\scripts\1repo\am_logging.py", line 613, in log_stage
    log_section(logger, f"{emoji} {action}: {stage.upper()}", "INFO")
  File "C:\scripts\1repo\am_logging.py", line 588, in log_section
    log_func(f"  {title}")
Message: '  \U0001f522 Completed: EMBED'
Arguments: ()
2025-11-01 01:34:48,468 - __main__ - INFO - ============================================================
2025-11-01 01:34:48,468 - __main__ - INFO - Pipeline status: completed
2025-11-01 01:34:48,468 - __main__ - INFO - Completed: run_single_pipeline (76.03s)
2025-11-01 01:34:48,468 - __main__ - INFO - ============================================================
2025-11-01 01:34:48,469 - __main__ - INFO--- Logging error ---
Traceback (most recent call last):
  File "C:\Users\Dimon\AppData\Local\Programs\Python\Python313\Lib\logging\__init__.py", line 1154, in emit
    stream.write(msg + self.terminator)
    ~~~~~~~~~~~~^^^^^^^^^^^^^^^^^^^^^^^
  File "C:\Users\Dimon\AppData\Local\Programs\Python\Python313\Lib\site-packages\colorama\ansitowin32.py", line 47, in write
    self.__convertor.write(text)
    ~~~~~~~~~~~~~~~~~~~~~~^^^^^^
  File "C:\Users\Dimon\AppData\Local\Programs\Python\Python313\Lib\site-packages\colorama\ansitowin32.py", line 177, in write
    self.write_and_convert(text)
    ~~~~~~~~~~~~~~~~~~~~~~^^^^^^
  File "C:\Users\Dimon\AppData\Local\Programs\Python\Python313\Lib\site-packages\colorama\ansitowin32.py", line 205, in write_and_convert
    self.write_plain_text(text, cursor, len(text))
    ~~~~~~~~~~~~~~~~~~~~~^^^^^^^^^^^^^^^^^^^^^^^^^
  File "C:\Users\Dimon\AppData\Local\Programs\Python\Python313\Lib\site-packages\colorama\ansitowin32.py", line 210, in write_plain_text
    self.wrapped.write(text[start:end])
    ~~~~~~~~~~~~~~~~~~^^^^^^^^^^^^^^^^^
  File "C:\Users\Dimon\AppData\Local\Programs\Python\Python313\Lib\encodings\cp1251.py", line 19, in encode
    return codecs.charmap_encode(input,self.errors,encoding_table)[0]
           ~~~~~~~~~~~~~~~~~~~~~^^^^^^^^^^^^^^^^^^^^^^^^^^^^^^^^^^
UnicodeEncodeError: 'charmap' codec can't encode character '\U0001f4ca' in position 5: character maps to <undefined>
Call stack:
  File "C:\scripts\1repo\run_mvp.py", line 680, in <module>
    main()
  File "C:\scripts\1repo\run_mvp.py", line 660, in main
    orchestrator.generate_reports()
  File "C:\scripts\1repo\run_mvp.py", line 502, in generate_reports
    log_section(logger, "\U0001f4ca FINAL REPORTS", "INFO")
  File "C:\scripts\1repo\am_logging.py", line 588, in log_section
    log_func(f"  {title}")
Message: '  \U0001f4ca FINAL REPORTS'
Arguments: ()
2025-11-01 01:34:48,469 - __main__ - INFO - ============================================================
2025-11-01 01:34:48,469 - __main__ - INFO - ============================================================
2025-11-01 01:34:48,469 - __main__ - INFO -   Performance Summary
2025-11-01 01:34:48,469 - __main__ - INFO - ============================================================
2025-11-01 01:34:48,469 - __main__ - INFO - 
run_single_pipeline:
2025-11-01 01:34:48,469 - __main__ - INFO -   Count: 1
2025-11-01 01:34:48,469 - __main__ - INFO -   Total: 76.03s
2025-11-01 01:34:48,469 - __main__ - INFO -   Avg: 76.03s
2025-11-01 01:34:48,469 - __main__ - INFO -   Min: 76.03s
2025-11-01 01:34:48,469 - __main__ - INFO -   Max: 76.03s
2025-11-01 01:34:48,470 - __main__ - INFO - 
track_quality:
2025-11-01 01:34:48,470 - __main__ - INFO -   Count: 7
2025-11-01 01:34:48,470 - __main__ - INFO -   Total: 0.01s
2025-11-01 01:34:48,470 - __main__ - INFO -   Avg: 0.00s
2025-11-01 01:34:48,470 - __main__ - INFO -   Min: 0.00s
2025-11-01 01:34:48,470 - __main__ - INFO -   Max: 0.00s
2025-11-01 01:34:48,470 - __main__ - INFO - No errors or warnings recorded
2025-11-01 01:34:48,470 - __main__ - INFO - 
2025-11-01 01:34:48,470 - quality_tracker - INFO - Starting: generate_quality_report
2025-11-01 01:34:48,471 - quality_tracker - INFO - Quality report saved: C:\scripts\1repo\data\quality\quality_report_20251101_013448.json
2025-11-01 01:34:48,472 - quality_tracker - INFO - Completed: generate_quality_report (0.00s)
2025-11-01 01:34:48,472 - quality_tracker - INFO - ============================================================
2025-11-01 01:34:48,472 - quality_tracker - INFO -   QUALITY REPORT
2025-11-01 01:34:48,472 - quality_tracker - INFO - ============================================================
2025-11-01 01:34:48,472 - quality_tracker - INFO - Generated: 2025-10-31T22:34:48Z
2025-11-01 01:34:48,472 - quality_tracker - INFO - Version: 2.0.0

2025-11-01 01:34:48,472 - quality_tracker - INFO - ------------------------------------------------------------
2025-11-01 01:34:48,472 - quality_tracker - INFO -   Stage: STRUCTURAL
2025-11-01 01:34:48,472 - quality_tracker - INFO - ------------------------------------------------------------
2025-11-01 01:34:48,472 - quality_tracker - INFO - Summary:
2025-11-01 01:34:48,472 - quality_tracker - INFO -   total_runs: 1
2025-11-01 01:34:48,472 - quality_tracker - INFO -   passed_threshold: 1
2025-11-01 01:34:48,472 - quality_tracker - INFO -   failed_threshold: 0
2025-11-01 01:34:48,472 - quality_tracker - INFO -   pass_rate: 100.0%
2025-11-01 01:34:48,472 - quality_tracker - INFO - 
Recent trend (last 1 runs):
2025-11-01 01:34:48,472 - quality_tracker - INFO -   Pass rate: 100.0%
2025-11-01 01:34:48,472 - quality_tracker - INFO - 
2025-11-01 01:34:48,472 - quality_tracker - INFO - ------------------------------------------------------------
2025-11-01 01:34:48,472 - quality_tracker - INFO -   Stage: STRUCTURE_DETECT
2025-11-01 01:34:48,472 - quality_tracker - INFO - ------------------------------------------------------------
2025-11-01 01:34:48,472 - quality_tracker - INFO - Summary:
2025-11-01 01:34:48,472 - quality_tracker - INFO -   total_runs: 1
2025-11-01 01:34:48,472 - quality_tracker - INFO -   passed_threshold: 1
2025-11-01 01:34:48,472 - quality_tracker - INFO -   failed_threshold: 0
2025-11-01 01:34:48,472 - quality_tracker - INFO -   pass_rate: 100.0%
2025-11-01 01:34:48,473 - quality_tracker - INFO - 
Recent trend (last 1 runs):
2025-11-01 01:34:48,473 - quality_tracker - INFO -   Pass rate: 100.0%
2025-11-01 01:34:48,473 - quality_tracker - INFO - 
2025-11-01 01:34:48,473 - quality_tracker - INFO - ------------------------------------------------------------
2025-11-01 01:34:48,473 - quality_tracker - INFO -   Stage: SUMMARIZE
2025-11-01 01:34:48,473 - quality_tracker - INFO - ------------------------------------------------------------
2025-11-01 01:34:48,473 - quality_tracker - INFO - Summary:
2025-11-01 01:34:48,473 - quality_tracker - INFO -   total_runs: 1
2025-11-01 01:34:48,473 - quality_tracker - INFO -   passed_threshold: 1
2025-11-01 01:34:48,473 - quality_tracker - INFO -   failed_threshold: 0
2025-11-01 01:34:48,473 - quality_tracker - INFO -   pass_rate: 100.0%
2025-11-01 01:34:48,473 - quality_tracker - INFO - 
Recent trend (last 1 runs):
2025-11-01 01:34:48,473 - quality_tracker - INFO -   Pass rate: 100.0%
2025-11-01 01:34:48,473 - quality_tracker - INFO - 
2025-11-01 01:34:48,473 - quality_tracker - INFO - ------------------------------------------------------------
2025-11-01 01:34:48,473 - quality_tracker - INFO -   Stage: EXTENDED
2025-11-01 01:34:48,473 - quality_tracker - INFO - ------------------------------------------------------------
2025-11-01 01:34:48,473 - quality_tracker - INFO - Summary:
2025-11-01 01:34:48,473 - quality_tracker - INFO -   total_runs: 1
2025-11-01 01:34:48,473 - quality_tracker - INFO -   passed_threshold: 1
2025-11-01 01:34:48,473 - quality_tracker - INFO -   failed_threshold: 0
2025-11-01 01:34:48,473 - quality_tracker - INFO -   pass_rate: 100.0%
2025-11-01 01:34:48,473 - quality_tracker - INFO - 
Recent trend (last 1 runs):
2025-11-01 01:34:48,473 - quality_tracker - INFO -   Pass rate: 100.0%
2025-11-01 01:34:48,473 - quality_tracker - INFO - 
2025-11-01 01:34:48,473 - quality_tracker - INFO - ------------------------------------------------------------
2025-11-01 01:34:48,473 - quality_tracker - INFO -   Stage: FINALIZE
2025-11-01 01:34:48,474 - quality_tracker - INFO - ------------------------------------------------------------
2025-11-01 01:34:48,474 - quality_tracker - INFO - Summary:
2025-11-01 01:34:48,474 - quality_tracker - INFO -   total_runs: 1
2025-11-01 01:34:48,474 - quality_tracker - INFO -   passed_threshold: 1
2025-11-01 01:34:48,474 - quality_tracker - INFO -   failed_threshold: 0
2025-11-01 01:34:48,474 - quality_tracker - INFO -   pass_rate: 100.0%
2025-11-01 01:34:48,474 - quality_tracker - INFO - 
Recent trend (last 1 runs):
2025-11-01 01:34:48,474 - quality_tracker - INFO -   Pass rate: 100.0%
2025-11-01 01:34:48,474 - quality_tracker - INFO - 
2025-11-01 01:34:48,474 - quality_tracker - INFO - ------------------------------------------------------------
2025-11-01 01:34:48,474 - quality_tracker - INFO -   Stage: CHUNK
2025-11-01 01:34:48,474 - quality_tracker - INFO - ------------------------------------------------------------
2025-11-01 01:34:48,474 - quality_tracker - INFO - Summary:
2025-11-01 01:34:48,474 - quality_tracker - INFO -   total_runs: 1
2025-11-01 01:34:48,474 - quality_tracker - INFO -   passed_threshold: 1
2025-11-01 01:34:48,474 - quality_tracker - INFO -   failed_threshold: 0
2025-11-01 01:34:48,474 - quality_tracker - INFO -   pass_rate: 100.0%
2025-11-01 01:34:48,474 - quality_tracker - INFO - 
Recent trend (last 1 runs):
2025-11-01 01:34:48,474 - quality_tracker - INFO -   Pass rate: 100.0%
2025-11-01 01:34:48,474 - quality_tracker - INFO - 
2025-11-01 01:34:48,474 - quality_tracker - INFO - ------------------------------------------------------------
2025-11-01 01:34:48,474 - quality_tracker - INFO -   Stage: EMBED
2025-11-01 01:34:48,474 - quality_tracker - INFO - ------------------------------------------------------------
2025-11-01 01:34:48,474 - quality_tracker - INFO - Summary:
2025-11-01 01:34:48,474 - quality_tracker - INFO -   total_runs: 1
2025-11-01 01:34:48,474 - quality_tracker - INFO -   passed_threshold: 1
2025-11-01 01:34:48,475 - quality_tracker - INFO -   failed_threshold: 0
2025-11-01 01:34:48,475 - quality_tracker - INFO -   pass_rate: 100.0%
2025-11-01 01:34:48,475 - quality_tracker - INFO - 
Recent trend (last 1 runs):
2025-11-01 01:34:48,475 - quality_tracker - INFO -   Pass rate: 100.0%
2025-11-01 01:34:48,475 - quality_tracker - INFO - 
2025-11-01 01:34:48,475 - quality_tracker - INFO - ------------------------------------------------------------
2025-11-01 01:34:48,475 - quality_tracker - INFO -   PERFORMANCE SUMMARY
2025-11-01 01:34:48,475 - quality_tracker - INFO - ------------------------------------------------------------
2025-11-01 01:34:48,475 - quality_tracker - INFO - track_quality:
2025-11-01 01:34:48,475 - quality_tracker - INFO -   Count: 7, Avg: 0.00s
2025-11-01 01:34:48,475 - quality_tracker - INFO - run_single_pipeline:
2025-11-01 01:34:48,475 - quality_tracker - INFO -   Count: 1, Avg: 76.03s
2025-11-01 01:34:48,475 - __main__ - INFO - 
2025-11-01 01:34:48,475 - validate - INFO - ============================================================
2025-11-01 01:34:48,475 - validate - INFO -   Validation Summary
2025-11-01 01:34:48,475 - validate - INFO - ============================================================
2025-11-01 01:34:48,475 - validate - INFO - Overall Results:
2025-11-01 01:34:48,475 - validate - INFO -   total_datasets: 2
2025-11-01 01:34:48,475 - validate - INFO -   valid_datasets: 1
2025-11-01 01:34:48,475 - validate - INFO -   invalid_datasets: 1
2025-11-01 01:34:48,475 - validate - INFO -   total_errors: 2
2025-11-01 01:34:48,475 - validate - INFO -   total_warnings: 301
2025-11-01 01:34:48,475 - validate - INFO -   success_rate: 0.5000
2025-11-01 01:34:48,476 - validate - INFO -   timestamp: 2025-10-31T22:34:48.475583
2025-11-01 01:34:48,476 - validate - INFO - 
Per-dataset results:
2025-11-01 01:34:48,476 - validate - INFO--- Logging error ---
Traceback (most recent call last):
  File "C:\Users\Dimon\AppData\Local\Programs\Python\Python313\Lib\logging\__init__.py", line 1154, in emit
    stream.write(msg + self.terminator)
    ~~~~~~~~~~~~^^^^^^^^^^^^^^^^^^^^^^^
  File "C:\Users\Dimon\AppData\Local\Programs\Python\Python313\Lib\site-packages\colorama\ansitowin32.py", line 47, in write
    self.__convertor.write(text)
    ~~~~~~~~~~~~~~~~~~~~~~^^^^^^
  File "C:\Users\Dimon\AppData\Local\Programs\Python\Python313\Lib\site-packages\colorama\ansitowin32.py", line 177, in write
    self.write_and_convert(text)
    ~~~~~~~~~~~~~~~~~~~~~~^^^^^^
  File "C:\Users\Dimon\AppData\Local\Programs\Python\Python313\Lib\site-packages\colorama\ansitowin32.py", line 205, in write_and_convert
    self.write_plain_text(text, cursor, len(text))
    ~~~~~~~~~~~~~~~~~~~~~^^^^^^^^^^^^^^^^^^^^^^^^^
  File "C:\Users\Dimon\AppData\Local\Programs\Python\Python313\Lib\site-packages\colorama\ansitowin32.py", line 210, in write_plain_text
    self.wrapped.write(text[start:end])
    ~~~~~~~~~~~~~~~~~~^^^^^^^^^^^^^^^^^
  File "C:\Users\Dimon\AppData\Local\Programs\Python\Python313\Lib\encodings\cp1251.py", line 19, in encode
    return codecs.charmap_encode(input,self.errors,encoding_table)[0]
           ~~~~~~~~~~~~~~~~~~~~~^^^^^^^^^^^^^^^^^^^^^^^^^^^^^^^^^^
UnicodeEncodeError: 'charmap' codec can't encode character '\u2705' in position 5: character maps to <undefined>
Call stack:
  File "C:\scripts\1repo\run_mvp.py", line 680, in <module>
    main()
  File "C:\scripts\1repo\run_mvp.py", line 660, in main
    orchestrator.generate_reports()
  File "C:\scripts\1repo\run_mvp.py", line 522, in generate_reports
    self.validator.print_summary()
  File "C:\scripts\1repo\validate.py", line 784, in print_summary
    self.report.print_summary()
  File "C:\scripts\1repo\validate.py", line 644, in print_summary
    logger.info(f"  {status} - {dataset} (errors: {errors}, warnings: {warnings})")
Message: '  \u2705 VALID - team_topologies_organizing_business_and_technology_teams_for_fast_flow_-_matthew_skelton.dataset.jsonl (errors: 0, warnings: 1)'
Arguments: ()
2025-11-01 01:34:48,477 - validate - INFO--- Logging error ---
Traceback (most recent call last):
  File "C:\Users\Dimon\AppData\Local\Programs\Python\Python313\Lib\logging\__init__.py", line 1154, in emit
    stream.write(msg + self.terminator)
    ~~~~~~~~~~~~^^^^^^^^^^^^^^^^^^^^^^^
  File "C:\Users\Dimon\AppData\Local\Programs\Python\Python313\Lib\site-packages\colorama\ansitowin32.py", line 47, in write
    self.__convertor.write(text)
    ~~~~~~~~~~~~~~~~~~~~~~^^^^^^
  File "C:\Users\Dimon\AppData\Local\Programs\Python\Python313\Lib\site-packages\colorama\ansitowin32.py", line 177, in write
    self.write_and_convert(text)
    ~~~~~~~~~~~~~~~~~~~~~~^^^^^^
  File "C:\Users\Dimon\AppData\Local\Programs\Python\Python313\Lib\site-packages\colorama\ansitowin32.py", line 205, in write_and_convert
    self.write_plain_text(text, cursor, len(text))
    ~~~~~~~~~~~~~~~~~~~~~^^^^^^^^^^^^^^^^^^^^^^^^^
  File "C:\Users\Dimon\AppData\Local\Programs\Python\Python313\Lib\site-packages\colorama\ansitowin32.py", line 210, in write_plain_text
    self.wrapped.write(text[start:end])
    ~~~~~~~~~~~~~~~~~~^^^^^^^^^^^^^^^^^
  File "C:\Users\Dimon\AppData\Local\Programs\Python\Python313\Lib\encodings\cp1251.py", line 19, in encode
    return codecs.charmap_encode(input,self.errors,encoding_table)[0]
           ~~~~~~~~~~~~~~~~~~~~~^^^^^^^^^^^^^^^^^^^^^^^^^^^^^^^^^^
UnicodeEncodeError: 'charmap' codec can't encode character '\u274c' in position 5: character maps to <undefined>
Call stack:
  File "C:\scripts\1repo\run_mvp.py", line 680, in <module>
    main()
  File "C:\scripts\1repo\run_mvp.py", line 660, in main
    orchestrator.generate_reports()
  File "C:\scripts\1repo\run_mvp.py", line 522, in generate_reports
    self.validator.print_summary()
  File "C:\scripts\1repo\validate.py", line 784, in print_summary
    self.report.print_summary()
  File "C:\scripts\1repo\validate.py", line 644, in print_summary
    logger.info(f"  {status} - {dataset} (errors: {errors}, warnings: {warnings})")
Message: '  \u274c INVALID - team_topologies_organizing_business_and_technology_teams_for_fast_flow_-_matthew_skelton.dataset.jsonl (errors: 2, warnings: 300)'
Arguments: ()
2025-11-01 01:34:48,477 - __main__ - INFO - ============================================================
2025-11-01 01:34:48,477 - __main__ - INFO--- Logging error ---
Traceback (most recent call last):
  File "C:\Users\Dimon\AppData\Local\Programs\Python\Python313\Lib\logging\__init__.py", line 1154, in emit
    stream.write(msg + self.terminator)
    ~~~~~~~~~~~~^^^^^^^^^^^^^^^^^^^^^^^
  File "C:\Users\Dimon\AppData\Local\Programs\Python\Python313\Lib\site-packages\colorama\ansitowin32.py", line 47, in write
    self.__convertor.write(text)
    ~~~~~~~~~~~~~~~~~~~~~~^^^^^^
  File "C:\Users\Dimon\AppData\Local\Programs\Python\Python313\Lib\site-packages\colorama\ansitowin32.py", line 177, in write
    self.write_and_convert(text)
    ~~~~~~~~~~~~~~~~~~~~~~^^^^^^
  File "C:\Users\Dimon\AppData\Local\Programs\Python\Python313\Lib\site-packages\colorama\ansitowin32.py", line 205, in write_and_convert
    self.write_plain_text(text, cursor, len(text))
    ~~~~~~~~~~~~~~~~~~~~~^^^^^^^^^^^^^^^^^^^^^^^^^
  File "C:\Users\Dimon\AppData\Local\Programs\Python\Python313\Lib\site-packages\colorama\ansitowin32.py", line 210, in write_plain_text
    self.wrapped.write(text[start:end])
    ~~~~~~~~~~~~~~~~~~^^^^^^^^^^^^^^^^^
  File "C:\Users\Dimon\AppData\Local\Programs\Python\Python313\Lib\encodings\cp1251.py", line 19, in encode
    return codecs.charmap_encode(input,self.errors,encoding_table)[0]
           ~~~~~~~~~~~~~~~~~~~~~^^^^^^^^^^^^^^^^^^^^^^^^^^^^^^^^^^
UnicodeEncodeError: 'charmap' codec can't encode character '\u2705' in position 5: character maps to <undefined>
Call stack:
  File "C:\scripts\1repo\run_mvp.py", line 680, in <module>
    main()
  File "C:\scripts\1repo\run_mvp.py", line 667, in main
    log_section(logger, "\u2705 PIPELINE COMPLETED SUCCESSFULLY", "INFO")
  File "C:\scripts\1repo\am_logging.py", line 588, in log_section
    log_func(f"  {title}")
Message: '  \u2705 PIPELINE COMPLETED SUCCESSFULLY'
Arguments: ()
2025-11-01 01:34:48,478 - __main__ - INFO - ============================================================
